=== batch-c-cee-ran-sc-pip-vos-mp3m4-defau-med-i0-02fd33f37b-a-20260711-174614.log | sha256=ba422470192a47eb0fa0012a4e9d0831faaba5fa6b1e049186d8daa37295a01a ===
[17:46:14] SESSION START batch-C-CEE-RAN-SC-PIP-VOS-MP3M4-DEFAU-MED-I0-02fd33f37b-A
[17:46:14] SEGMENT batch.condition.start status=ok duration=None seconds
[17:46:14] SYSTEM timer.start
[17:46:43] PHASE turn=1 speaker=Agent A phase=NLG duration_sec=0.0
[17:46:43] PHASE turn=1 speaker=Agent A phase=TTS duration_sec=21.666333
[17:46:43] PHASE turn=1 speaker=Agent A phase=ASR duration_sec=3.754678
[17:46:43] SYSTEM telemetry.speech
[17:46:43] MEMORY turn=1 reason=opening changed=Agent A,Agent B
[17:46:43] STEP turn=None speaker=Agent A route_valid=- route_goal=- route=-
[17:46:43] SYSTEM telemetry.timing
[17:46:43] TIMING turn=1 speaker=Agent A generation=0.0 synthesis=21.666333 audio=10.0 recognition=3.754678 understanding=None dialogue_management=None pipeline_wall=29.135898 turn_observed=29.135986
[17:46:50] PHASE turn=2 speaker=Agent B phase=NLG duration_sec=0.001081705093383789
[17:46:50] PHASE turn=2 speaker=Agent B phase=TTS duration_sec=3.19385
[17:46:50] PHASE turn=2 speaker=Agent B phase=ASR duration_sec=1.565961
[17:46:50] SYSTEM telemetry.speech
[17:46:50] SYSTEM telemetry.timing
[17:46:50] MEMORY turn=2 reason=agent_b_reply changed=Agent A,Agent B
[17:46:50] STEP turn=None speaker=Agent B route_valid=- route_goal=- route=-
[17:46:50] PHASE turn=2 speaker=Agent B phase=NLU duration_sec=0.000448
[17:46:50] SYSTEM telemetry.nlu
[17:46:50] PHASE turn=2 speaker=Agent B phase=DM duration_sec=0.00014302600175142288
[17:46:50] TIMING turn=2 speaker=Agent B generation=0.001082 synthesis=3.19385 audio=4.723 recognition=1.565961 understanding=0.000448 dialogue_management=0.000143 pipeline_wall=6.672017 turn_observed=6.67377
[17:46:56] PHASE turn=3 speaker=Agent A phase=NLG duration_sec=0.012889862060546875
[17:46:56] PHASE turn=3 speaker=Agent A phase=TTS duration_sec=1.170191
[17:46:56] PHASE turn=3 speaker=Agent A phase=ASR duration_sec=2.221878
[17:46:56] SYSTEM telemetry.speech
[17:46:56] SYSTEM telemetry.timing
[17:46:56] TIMING turn=3 speaker=Agent A generation=0.01289 synthesis=1.170191 audio=5.612 recognition=2.221878 understanding=None dialogue_management=None pipeline_wall=6.165434 turn_observed=6.178376
[17:46:56] MEMORY turn=3 reason=agent_a_reply changed=Agent A,Agent B
[17:46:56] STEP turn=None speaker=Agent A route_valid=- route_goal=- route=-
[17:47:01] PHASE turn=4 speaker=Agent B phase=NLG duration_sec=0.0005750656127929688
[17:47:01] PHASE turn=4 speaker=Agent B phase=TTS duration_sec=1.040418
[17:47:01] PHASE turn=4 speaker=Agent B phase=ASR duration_sec=1.837619
[17:47:01] SYSTEM telemetry.speech
[17:47:01] SYSTEM telemetry.timing
[17:47:01] MEMORY turn=4 reason=agent_b_reply changed=Agent A
[17:47:01] STEP turn=None speaker=Agent B route_valid=- route_goal=- route=-
[17:47:01] PHASE turn=4 speaker=Agent B phase=NLU duration_sec=0.000428
[17:47:01] SYSTEM telemetry.nlu
[17:47:01] PHASE turn=4 speaker=Agent B phase=DM duration_sec=0.00012198509648442268
[17:47:01] TIMING turn=4 speaker=Agent B generation=0.000575 synthesis=1.040418 audio=5.214 recognition=1.837619 understanding=0.000428 dialogue_management=0.000122 pipeline_wall=5.088893 turn_observed=5.215126
[17:47:05] PHASE turn=5 speaker=Agent A phase=NLG duration_sec=0.011816978454589844
[17:47:05] PHASE turn=5 speaker=Agent A phase=TTS duration_sec=0.563893
[17:47:05] PHASE turn=5 speaker=Agent A phase=ASR duration_sec=1.479353
[17:47:05] SYSTEM telemetry.speech
[17:47:05] SYSTEM telemetry.timing
[17:47:05] TIMING turn=5 speaker=Agent A generation=0.011817 synthesis=0.563893 audio=2.984 recognition=1.479353 understanding=None dialogue_management=None pipeline_wall=4.3589 turn_observed=4.370784
[17:47:05] MEMORY turn=5 reason=agent_a_reply changed=Agent A,Agent B
[17:47:05] STEP turn=None speaker=Agent A route_valid=- route_goal=- route=-
[17:47:13] PHASE turn=6 speaker=Agent B phase=NLG duration_sec=0.0007169246673583984
[17:47:13] PHASE turn=6 speaker=Agent B phase=TTS duration_sec=1.766287
[17:47:13] PHASE turn=6 speaker=Agent B phase=ASR duration_sec=2.603201
[17:47:13] SYSTEM telemetry.speech
[17:47:13] SYSTEM telemetry.timing
[17:47:13] MEMORY turn=6 reason=agent_b_reply changed=Agent A,Agent B
[17:47:13] STEP turn=None speaker=Agent B route_valid=- route_goal=- route=-
[17:47:13] PHASE turn=6 speaker=Agent B phase=NLU duration_sec=0.000464
[17:47:13] SYSTEM telemetry.nlu
[17:47:13] PHASE turn=6 speaker=Agent B phase=DM duration_sec=0.0001173259224742651
[17:47:13] TIMING turn=6 speaker=Agent B generation=0.000717 synthesis=1.766287 audio=5.799 recognition=2.603201 understanding=0.000464 dialogue_management=0.000117 pipeline_wall=7.820712 turn_observed=7.822068
[17:47:20] PHASE turn=7 speaker=Agent A phase=NLG duration_sec=0.0016849040985107422
[17:47:20] PHASE turn=7 speaker=Agent A phase=TTS duration_sec=1.504855
[17:47:20] PHASE turn=7 speaker=Agent A phase=ASR duration_sec=2.189986
[17:47:20] SYSTEM telemetry.speech
[17:47:20] SYSTEM telemetry.timing
[17:47:20] TIMING turn=7 speaker=Agent A generation=0.001685 synthesis=1.504855 audio=7.695 recognition=2.189986 understanding=None dialogue_management=None pipeline_wall=7.000875 turn_observed=7.696685
[17:47:20] MEMORY turn=7 reason=agent_a_reply changed=Agent A,Agent B
[17:47:20] STEP turn=None speaker=Agent A route_valid=- route_goal=- route=-
[17:47:29] PHASE turn=8 speaker=Agent B phase=NLG duration_sec=0.0008060932159423828
[17:47:29] PHASE turn=8 speaker=Agent B phase=TTS duration_sec=1.491588
[17:47:29] PHASE turn=8 speaker=Agent B phase=ASR duration_sec=3.367406
[17:47:29] SYSTEM telemetry.speech
[17:47:29] SYSTEM telemetry.timing
[17:47:29] MEMORY turn=8 reason=agent_b_reply changed=Agent A
[17:47:29] STEP turn=None speaker=Agent B route_valid=- route_goal=- route=-
[17:47:29] PHASE turn=8 speaker=Agent B phase=NLU duration_sec=0.00053
[17:47:29] SYSTEM telemetry.nlu
[17:47:29] PHASE turn=8 speaker=Agent B phase=DM duration_sec=0.00012295693159103394
[17:47:29] TIMING turn=8 speaker=Agent B generation=0.000806 synthesis=1.491588 audio=6.97 recognition=3.367406 understanding=0.00053 dialogue_management=0.000123 pipeline_wall=8.487901 turn_observed=8.489421
[17:47:36] PHASE turn=9 speaker=Agent A phase=NLG duration_sec=0.025429725646972656
[17:47:36] PHASE turn=9 speaker=Agent A phase=TTS duration_sec=1.317934
[17:47:36] PHASE turn=9 speaker=Agent A phase=ASR duration_sec=2.687583
[17:47:36] SYSTEM telemetry.speech
[17:47:36] SYSTEM telemetry.timing
[17:47:36] TIMING turn=9 speaker=Agent A generation=0.02543 synthesis=1.317934 audio=6.249 recognition=2.687583 understanding=None dialogue_management=None pipeline_wall=7.30294 turn_observed=7.328425
[17:47:36] MEMORY turn=9 reason=agent_a_reply changed=Agent A,Agent B
[17:47:36] STEP turn=None speaker=Agent A route_valid=- route_goal=- route=-
[17:47:36] SYSTEM metrics
[17:47:36] SYSTEM done
[17:47:36] SEGMENT batch.condition.end status=ok duration=82.27625 seconds
[17:47:36] SESSION END batch-C-CEE-RAN-SC-PIP-VOS-MP3M4-DEFAU-MED-I0-02fd33f37b-A
