=== batch-c-mpcc-car-hesit-pip-vos-q05-defau-sml-i0-919e054bc2-a-20260714-045946.log | sha256=aaa67c22fd0536aeea675a279c1a9dd65c8a65e24775d53e9a13cb8a1c9b5417 ===
[04:59:46] SESSION START batch-C-MPCC-CAR-HESIT-PIP-VOS-Q05-DEFAU-SML-I0-919e054bc2-A
[04:59:46] SEGMENT batch.condition.start status=ok duration=None seconds
[04:59:46] SYSTEM timer.start
[05:00:04] PHASE turn=1 speaker=Agent A phase=NLG duration_sec=0.0
[05:00:04] PHASE turn=1 speaker=Agent A phase=TTS duration_sec=11.199864
[05:00:04] PHASE turn=1 speaker=Agent A phase=ASR duration_sec=4.749759
[05:00:04] SYSTEM telemetry.speech
[05:00:04] MEMORY turn=1 reason=opening changed=Agent A,Agent B
[05:00:04] STEP turn=None speaker=Agent A route_valid=- route_goal=- route=-
[05:00:04] SYSTEM telemetry.timing
[05:00:04] TIMING turn=1 speaker=Agent A generation=0.0 synthesis=11.199864 audio=12.423 recognition=4.749759 understanding=None dialogue_management=None pipeline_wall=18.097795 turn_observed=18.097882
[05:00:35] PHASE turn=2 speaker=Agent B phase=NLG duration_sec=21.75558114051819
[05:00:35] PHASE turn=2 speaker=Agent B phase=TTS duration_sec=6.846136
[05:00:35] PHASE turn=2 speaker=Agent B phase=ASR duration_sec=1.053331
[05:00:35] SYSTEM telemetry.speech
[05:00:35] SYSTEM telemetry.timing
[05:00:35] MEMORY turn=2 reason=agent_b_reply changed=Agent A,Agent B
[05:00:35] STEP turn=None speaker=Agent B route_valid=- route_goal=- route=-
[05:00:35] PHASE turn=2 speaker=Agent B phase=NLU duration_sec=0.000601
[05:00:35] SYSTEM telemetry.nlu
[05:00:35] SYSTEM route
[05:00:35] SYSTEM candidate
[05:00:35] PHASE turn=2 speaker=Agent B phase=DM duration_sec=0.002144247991964221
[05:00:35] TIMING turn=2 speaker=Agent B generation=21.755581 synthesis=6.846136 audio=6.924 recognition=1.053331 understanding=0.000601 dialogue_management=0.002144 pipeline_wall=9.844753 turn_observed=31.603152
[05:00:42] PHASE turn=3 speaker=Agent A phase=NLG duration_sec=0.003701925277709961
[05:00:42] PHASE turn=3 speaker=Agent A phase=TTS duration_sec=4.14198
[05:00:42] PHASE turn=3 speaker=Agent A phase=ASR duration_sec=0.768026
[05:00:42] SYSTEM telemetry.speech
[05:00:42] SYSTEM telemetry.timing
[05:00:42] TIMING turn=3 speaker=Agent A generation=0.003702 synthesis=4.14198 audio=6.492 recognition=0.768026 understanding=None dialogue_management=None pipeline_wall=6.198905 turn_observed=6.495702
[05:00:42] MEMORY turn=3 reason=agent_a_reply changed=Agent A,Agent B
[05:00:42] STEP turn=None speaker=Agent A route_valid=- route_goal=- route=-
[05:01:11] PHASE turn=4 speaker=Agent B phase=NLG duration_sec=18.634049654006958
[05:01:11] PHASE turn=4 speaker=Agent B phase=TTS duration_sec=7.136962
[05:01:11] PHASE turn=4 speaker=Agent B phase=ASR duration_sec=1.249031
[05:01:11] SYSTEM telemetry.speech
[05:01:11] SYSTEM telemetry.timing
[05:01:11] MEMORY turn=4 reason=agent_b_reply changed=Agent A,Agent B
[05:01:11] STEP turn=None speaker=Agent B route_valid=- route_goal=- route=-
[05:01:11] PHASE turn=4 speaker=Agent B phase=NLU duration_sec=0.001968
[05:01:11] SYSTEM telemetry.nlu
[05:01:11] SYSTEM route
[05:01:11] SYSTEM candidate
[05:01:11] PHASE turn=4 speaker=Agent B phase=DM duration_sec=0.0017996910028159618
[05:01:11] TIMING turn=4 speaker=Agent B generation=18.63405 synthesis=7.136962 audio=9.955 recognition=1.249031 understanding=0.001968 dialogue_management=0.0018 pipeline_wall=11.099501 turn_observed=29.737398
[05:01:16] PHASE turn=5 speaker=Agent A phase=NLG duration_sec=0.0013151168823242188
[05:01:16] PHASE turn=5 speaker=Agent A phase=TTS duration_sec=3.126283
[05:01:16] PHASE turn=5 speaker=Agent A phase=ASR duration_sec=0.562601
[05:01:16] SYSTEM telemetry.speech
[05:01:16] SYSTEM telemetry.timing
[05:01:16] TIMING turn=5 speaker=Agent A generation=0.001315 synthesis=3.126283 audio=3.806 recognition=0.562601 understanding=None dialogue_management=None pipeline_wall=4.448217 turn_observed=4.449581
[05:01:16] MEMORY turn=5 reason=agent_a_reply changed=Agent A,Agent B
[05:01:16] STEP turn=None speaker=Agent A route_valid=- route_goal=- route=-
[05:01:19] PHASE turn=6 speaker=Agent B phase=NLG duration_sec=0.18214917182922363
[05:01:19] PHASE turn=6 speaker=Agent B phase=TTS duration_sec=1.970787
[05:01:19] PHASE turn=6 speaker=Agent B phase=ASR duration_sec=0.624271
[05:01:19] SYSTEM telemetry.speech
[05:01:19] SYSTEM telemetry.timing
[05:01:19] MEMORY turn=6 reason=agent_b_reply changed=Agent A,Agent B
[05:01:19] STEP turn=None speaker=Agent B route_valid=- route_goal=- route=-
[05:01:19] PHASE turn=6 speaker=Agent B phase=NLU duration_sec=6e-06
[05:01:19] PHASE turn=6 speaker=Agent B phase=DM duration_sec=7.412000559270382e-05
[05:01:19] TIMING turn=6 speaker=Agent B generation=0.182149 synthesis=1.970787 audio=2.101 recognition=0.624271 understanding=6e-06 dialogue_management=7.4e-05 pipeline_wall=3.180538 turn_observed=3.362829
[05:01:47] PHASE turn=7 speaker=Agent A phase=NLG duration_sec=20.909433603286743
[05:01:47] PHASE turn=7 speaker=Agent A phase=TTS duration_sec=3.929249
[05:01:47] PHASE turn=7 speaker=Agent A phase=ASR duration_sec=0.864336
[05:01:47] SYSTEM telemetry.speech
[05:01:47] SYSTEM telemetry.timing
[05:01:47] TIMING turn=7 speaker=Agent A generation=20.909434 synthesis=3.929249 audio=8.609 recognition=0.864336 understanding=None dialogue_management=None pipeline_wall=6.645431 turn_observed=29.518434
[05:01:47] MEMORY turn=7 reason=agent_a_reply changed=Agent A,Agent B
[05:01:47] STEP turn=None speaker=Agent A route_valid=- route_goal=- route=-
[05:02:17] PHASE turn=8 speaker=Agent B phase=NLG duration_sec=20.350999355316162
[05:02:17] PHASE turn=8 speaker=Agent B phase=TTS duration_sec=5.719682
[05:02:17] PHASE turn=8 speaker=Agent B phase=ASR duration_sec=1.351041
[05:02:17] SYSTEM telemetry.speech
[05:02:17] SYSTEM telemetry.timing
[05:02:17] MEMORY turn=8 reason=agent_b_reply changed=Agent A,Agent B
[05:02:17] STEP turn=None speaker=Agent B route_valid=- route_goal=- route=-
[05:02:17] PHASE turn=8 speaker=Agent B phase=NLU duration_sec=0.001394
[05:02:17] SYSTEM telemetry.nlu
[05:02:17] SYSTEM candidate
[05:02:17] PHASE turn=8 speaker=Agent B phase=DM duration_sec=0.0027234849985688925
[05:02:17] TIMING turn=8 speaker=Agent B generation=20.350999 synthesis=5.719682 audio=10.775 recognition=1.351041 understanding=0.001394 dialogue_management=0.002723 pipeline_wall=9.747205 turn_observed=31.130117
[05:02:23] PHASE turn=9 speaker=Agent A phase=NLG duration_sec=0.006729602813720703
[05:02:23] PHASE turn=9 speaker=Agent A phase=TTS duration_sec=4.425481
[05:02:23] PHASE turn=9 speaker=Agent A phase=ASR duration_sec=0.717606
[05:02:23] SYSTEM telemetry.speech
[05:02:23] SYSTEM telemetry.timing
[05:02:23] TIMING turn=9 speaker=Agent A generation=0.00673 synthesis=4.425481 audio=5.923 recognition=0.717606 understanding=None dialogue_management=None pipeline_wall=6.248157 turn_observed=6.254931
[05:02:23] MEMORY turn=9 reason=agent_a_reply changed=Agent A,Agent B
[05:02:23] STEP turn=None speaker=Agent A route_valid=- route_goal=- route=-
[05:02:53] PHASE turn=10 speaker=Agent B phase=NLG duration_sec=22.43453574180603
[05:02:53] PHASE turn=10 speaker=Agent B phase=TTS duration_sec=4.188345
[05:02:53] PHASE turn=10 speaker=Agent B phase=ASR duration_sec=0.988558
[05:02:53] SYSTEM telemetry.speech
[05:02:53] SYSTEM telemetry.timing
[05:02:53] MEMORY turn=10 reason=agent_b_reply changed=Agent A,Agent B
[05:02:53] STEP turn=None speaker=Agent B route_valid=- route_goal=- route=-
[05:02:53] PHASE turn=10 speaker=Agent B phase=NLU duration_sec=0.00052
[05:02:53] SYSTEM telemetry.nlu
[05:02:53] SYSTEM candidate
[05:02:53] PHASE turn=10 speaker=Agent B phase=DM duration_sec=0.0021600178442895412
[05:02:53] TIMING turn=10 speaker=Agent B generation=22.434536 synthesis=4.188345 audio=7.411 recognition=0.988558 understanding=0.00052 dialogue_management=0.00216 pipeline_wall=7.042512 turn_observed=29.848216
[05:02:57] PHASE turn=11 speaker=Agent A phase=NLG duration_sec=0.0008976459503173828
[05:02:57] PHASE turn=11 speaker=Agent A phase=TTS duration_sec=2.993658
[05:02:57] PHASE turn=11 speaker=Agent A phase=ASR duration_sec=0.514532
[05:02:57] SYSTEM telemetry.speech
[05:02:57] SYSTEM telemetry.timing
[05:02:57] TIMING turn=11 speaker=Agent A generation=0.000898 synthesis=2.993658 audio=3.419 recognition=0.514532 understanding=None dialogue_management=None pipeline_wall=4.234769 turn_observed=4.235714
[05:02:57] MEMORY turn=11 reason=agent_a_reply changed=Agent A,Agent B
[05:02:57] STEP turn=None speaker=Agent A route_valid=- route_goal=- route=-
[05:03:00] PHASE turn=12 speaker=Agent B phase=NLG duration_sec=0.0006649494171142578
[05:03:00] PHASE turn=12 speaker=Agent B phase=TTS duration_sec=2.039215
[05:03:00] PHASE turn=12 speaker=Agent B phase=ASR duration_sec=0.444546
[05:03:00] SYSTEM telemetry.speech
[05:03:00] SYSTEM telemetry.timing
[05:03:00] MEMORY turn=12 reason=agent_b_reply changed=Agent A,Agent B
[05:03:00] STEP turn=None speaker=Agent B route_valid=- route_goal=- route=-
[05:03:00] PHASE turn=12 speaker=Agent B phase=NLU duration_sec=6e-06
[05:03:00] PHASE turn=12 speaker=Agent B phase=DM duration_sec=6.932998076081276e-05
[05:03:00] TIMING turn=12 speaker=Agent B generation=0.000665 synthesis=2.039215 audio=1.767 recognition=0.444546 understanding=6e-06 dialogue_management=6.9e-05 pipeline_wall=3.072746 turn_observed=3.073531
[05:03:07] PHASE turn=13 speaker=Agent A phase=NLG duration_sec=0.001894235610961914
[05:03:07] PHASE turn=13 speaker=Agent A phase=TTS duration_sec=5.426946
[05:03:07] PHASE turn=13 speaker=Agent A phase=ASR duration_sec=0.793187
[05:03:07] SYSTEM telemetry.speech
[05:03:07] SYSTEM telemetry.timing
[05:03:07] TIMING turn=13 speaker=Agent A generation=0.001894 synthesis=5.426946 audio=5.923 recognition=0.793187 understanding=None dialogue_management=None pipeline_wall=7.344657 turn_observed=7.346595
[05:03:07] MEMORY turn=13 reason=agent_a_reply changed=Agent A,Agent B
[05:03:07] STEP turn=None speaker=Agent A route_valid=- route_goal=- route=-
[05:03:39] PHASE turn=14 speaker=Agent B phase=NLG duration_sec=21.6231210231781
[05:03:39] PHASE turn=14 speaker=Agent B phase=TTS duration_sec=6.636915
[05:03:39] PHASE turn=14 speaker=Agent B phase=ASR duration_sec=1.183494
[05:03:39] SYSTEM telemetry.speech
[05:03:39] SYSTEM telemetry.timing
[05:03:39] MEMORY turn=14 reason=agent_b_reply changed=Agent A,Agent B
[05:03:39] STEP turn=None speaker=Agent B route_valid=- route_goal=- route=-
[05:03:39] PHASE turn=14 speaker=Agent B phase=NLU duration_sec=0.003622
[05:03:39] SYSTEM telemetry.nlu
[05:03:39] SYSTEM candidate
[05:03:39] PHASE turn=14 speaker=Agent B phase=DM duration_sec=0.0045204260386526585
[05:03:39] TIMING turn=14 speaker=Agent B generation=21.623121 synthesis=6.636915 audio=9.621 recognition=1.183494 understanding=0.003622 dialogue_management=0.00452 pipeline_wall=10.449966 turn_observed=32.081304
[05:04:09] PHASE turn=15 speaker=Agent A phase=NLG duration_sec=23.589954614639282
[05:04:09] PHASE turn=15 speaker=Agent A phase=TTS duration_sec=3.847583
[05:04:09] PHASE turn=15 speaker=Agent A phase=ASR duration_sec=0.770336
[05:04:09] SYSTEM telemetry.speech
[05:04:09] SYSTEM telemetry.timing
[05:04:09] TIMING turn=15 speaker=Agent A generation=23.589955 synthesis=3.847583 audio=6.492 recognition=0.770336 understanding=None dialogue_management=None pipeline_wall=6.049177 turn_observed=30.081955
[05:04:09] MEMORY turn=15 reason=agent_a_reply changed=Agent A,Agent B
[05:04:09] STEP turn=None speaker=Agent A route_valid=- route_goal=- route=-
[05:04:43] PHASE turn=16 speaker=Agent B phase=NLG duration_sec=22.588369131088257
[05:04:43] PHASE turn=16 speaker=Agent B phase=TTS duration_sec=6.995002
[05:04:43] PHASE turn=16 speaker=Agent B phase=ASR duration_sec=1.450294
[05:04:43] SYSTEM telemetry.speech
[05:04:43] SYSTEM telemetry.timing
[05:04:43] MEMORY turn=16 reason=agent_b_reply changed=Agent A,Agent B
[05:04:43] STEP turn=None speaker=Agent B route_valid=- route_goal=- route=-
[05:04:43] PHASE turn=16 speaker=Agent B phase=NLU duration_sec=0.001569
[05:04:43] SYSTEM telemetry.nlu
[05:04:43] SYSTEM warning
[05:04:43] SYSTEM candidate
[05:04:43] PHASE turn=16 speaker=Agent B phase=DM duration_sec=0.0023710678797215223
[05:04:43] TIMING turn=16 speaker=Agent B generation=22.588369 synthesis=6.995002 audio=13.876 recognition=1.450294 understanding=0.001569 dialogue_management=0.002371 pipeline_wall=11.663662 turn_observed=36.46831
[05:04:50] PHASE turn=17 speaker=Agent A phase=NLG duration_sec=0.007866382598876953
[05:04:50] PHASE turn=17 speaker=Agent A phase=TTS duration_sec=4.497957
[05:04:50] PHASE turn=17 speaker=Agent A phase=ASR duration_sec=1.023174
[05:04:50] SYSTEM telemetry.speech
[05:04:50] SYSTEM telemetry.timing
[05:04:50] TIMING turn=17 speaker=Agent A generation=0.007866 synthesis=4.497957 audio=5.355 recognition=1.023174 understanding=None dialogue_management=None pipeline_wall=6.669217 turn_observed=6.677125
[05:04:50] MEMORY turn=17 reason=agent_a_reply changed=Agent A,Agent B
[05:04:50] STEP turn=None speaker=Agent A route_valid=- route_goal=- route=-
[05:05:20] PHASE turn=18 speaker=Agent B phase=NLG duration_sec=23.47755789756775
[05:05:20] PHASE turn=18 speaker=Agent B phase=TTS duration_sec=3.892112
[05:05:20] PHASE turn=18 speaker=Agent B phase=ASR duration_sec=0.928231
[05:05:20] SYSTEM telemetry.speech
[05:05:20] SYSTEM telemetry.timing
[05:05:20] MEMORY turn=18 reason=agent_b_reply changed=Agent A,Agent B
[05:05:20] STEP turn=None speaker=Agent B route_valid=- route_goal=- route=-
[05:05:20] PHASE turn=18 speaker=Agent B phase=NLU duration_sec=0.000336
[05:05:20] SYSTEM telemetry.nlu
[05:05:20] PHASE turn=18 speaker=Agent B phase=DM duration_sec=8.500996045768261e-05
[05:05:20] TIMING turn=18 speaker=Agent B generation=23.477558 synthesis=3.892112 audio=6.868 recognition=0.928231 understanding=0.000336 dialogue_management=8.5e-05 pipeline_wall=6.412372 turn_observed=30.345979
[05:05:26] PHASE turn=19 speaker=Agent A phase=NLG duration_sec=0.029425382614135742
[05:05:26] PHASE turn=19 speaker=Agent A phase=TTS duration_sec=4.118804
[05:05:26] PHASE turn=19 speaker=Agent A phase=ASR duration_sec=0.73
[05:05:26] SYSTEM telemetry.speech
[05:05:26] SYSTEM telemetry.timing
[05:05:26] TIMING turn=19 speaker=Agent A generation=0.029425 synthesis=4.118804 audio=5.997 recognition=0.73 understanding=None dialogue_management=None pipeline_wall=6.035805 turn_observed=6.065279
[05:05:26] MEMORY turn=19 reason=agent_a_reply changed=Agent A,Agent B
[05:05:26] STEP turn=None speaker=Agent A route_valid=- route_goal=- route=-
[05:05:26] SYSTEM metrics
[05:05:26] SYSTEM done
[05:05:26] SEGMENT batch.condition.end status=ok duration=340.367278 seconds
[05:05:26] SESSION END batch-C-MPCC-CAR-HESIT-PIP-VOS-Q05-DEFAU-SML-I0-919e054bc2-A
