=== batch-c-mpcc-fc-clean-pip-vos-mp3m4-defau-med-i0-d794cc44ac-a-20260715-005514.log | sha256=3e4d204abd3561b60778cdc6bd0d4e9655b82876a86f655a23df17678fdf4516 ===
[00:55:14] SESSION START batch-C-MPCC-FC-CLEAN-PIP-VOS-MP3M4-DEFAU-MED-I0-d794cc44ac-A
[00:55:14] SEGMENT batch.condition.start status=ok duration=None seconds
[00:55:14] SYSTEM timer.start
[00:55:22] PHASE turn=1 speaker=Agent A phase=NLG duration_sec=0.0
[00:55:22] PHASE turn=1 speaker=Agent A phase=TTS duration_sec=5.046391
[00:55:22] PHASE turn=1 speaker=Agent A phase=ASR duration_sec=2.483798
[00:55:22] SYSTEM telemetry.speech
[00:55:22] MEMORY turn=1 reason=opening changed=Agent A,Agent B
[00:55:22] STEP turn=None speaker=Agent A route_valid=- route_goal=- route=-
[00:55:22] SYSTEM telemetry.timing
[00:55:22] TIMING turn=1 speaker=Agent A generation=0.0 synthesis=5.046391 audio=11.463 recognition=2.483798 understanding=None dialogue_management=None pipeline_wall=7.532597 turn_observed=11.463
[00:59:42] PHASE turn=2 speaker=Agent B phase=NLG duration_sec=255.1539707183838
[00:59:42] PHASE turn=2 speaker=Agent B phase=TTS duration_sec=2.664685
[00:59:42] PHASE turn=2 speaker=Agent B phase=ASR duration_sec=1.800013
[00:59:42] SYSTEM telemetry.speech
[00:59:42] SYSTEM telemetry.timing
[00:59:42] MEMORY turn=2 reason=agent_b_reply changed=Agent A,Agent B
[00:59:42] STEP turn=None speaker=Agent B route_valid=- route_goal=- route=-
[00:59:42] PHASE turn=2 speaker=Agent B phase=NLU duration_sec=0.002295
[00:59:42] SYSTEM telemetry.nlu
[00:59:42] SYSTEM route
[00:59:42] SYSTEM candidate
[00:59:42] PHASE turn=2 speaker=Agent B phase=DM duration_sec=0.006577475927770138
[00:59:42] TIMING turn=2 speaker=Agent B generation=255.153971 synthesis=2.664685 audio=9.03 recognition=1.800013 understanding=0.002295 dialogue_management=0.006577 pipeline_wall=4.465311 turn_observed=264.192843
[01:00:13] PHASE turn=3 speaker=Agent A phase=NLG duration_sec=27.945213317871094
[01:00:13] PHASE turn=3 speaker=Agent A phase=TTS duration_sec=1.968686
[01:00:13] PHASE turn=3 speaker=Agent A phase=ASR duration_sec=1.281522
[01:00:13] SYSTEM telemetry.speech
[01:00:13] SYSTEM telemetry.timing
[01:00:13] TIMING turn=3 speaker=Agent A generation=27.945213 synthesis=1.968686 audio=6.597 recognition=1.281522 understanding=None dialogue_management=None pipeline_wall=3.250795 turn_observed=34.542213
[01:00:13] MEMORY turn=3 reason=agent_a_reply changed=Agent A,Agent B
[01:00:13] STEP turn=None speaker=Agent A route_valid=- route_goal=- route=-
[01:04:57] PHASE turn=4 speaker=Agent B phase=NLG duration_sec=278.01178312301636
[01:04:57] PHASE turn=4 speaker=Agent B phase=TTS duration_sec=3.846088
[01:04:57] PHASE turn=4 speaker=Agent B phase=ASR duration_sec=2.155797
[01:04:57] SYSTEM telemetry.speech
[01:04:57] SYSTEM telemetry.timing
[01:04:57] MEMORY turn=4 reason=agent_b_reply changed=Agent A,Agent B
[01:04:57] STEP turn=None speaker=Agent B route_valid=- route_goal=- route=-
[01:04:57] PHASE turn=4 speaker=Agent B phase=NLU duration_sec=0.003175
[01:04:57] SYSTEM telemetry.nlu
[01:04:57] SYSTEM candidate
[01:04:57] PHASE turn=4 speaker=Agent B phase=DM duration_sec=0.00413889717310667
[01:04:57] TIMING turn=4 speaker=Agent B generation=278.011783 synthesis=3.846088 audio=11.925 recognition=2.155797 understanding=0.003175 dialogue_management=0.004139 pipeline_wall=6.002553 turn_observed=289.944097
[01:04:59] PHASE turn=5 speaker=Agent A phase=NLG duration_sec=0.005493879318237305
[01:04:59] PHASE turn=5 speaker=Agent A phase=TTS duration_sec=1.356455
[01:04:59] PHASE turn=5 speaker=Agent A phase=ASR duration_sec=1.093097
[01:04:59] SYSTEM telemetry.speech
[01:04:59] SYSTEM telemetry.timing
[01:04:59] TIMING turn=5 speaker=Agent A generation=0.005494 synthesis=1.356455 audio=3.87 recognition=1.093097 understanding=None dialogue_management=None pipeline_wall=2.450114 turn_observed=3.875494
[01:04:59] MEMORY turn=5 reason=agent_a_reply changed=Agent A,Agent B
[01:04:59] STEP turn=None speaker=Agent A route_valid=- route_goal=- route=-
[01:05:01] PHASE turn=6 speaker=Agent B phase=NLG duration_sec=0.32991695404052734
[01:05:01] PHASE turn=6 speaker=Agent B phase=TTS duration_sec=0.609668
[01:05:01] PHASE turn=6 speaker=Agent B phase=ASR duration_sec=0.865
[01:05:01] SYSTEM telemetry.speech
[01:05:01] SYSTEM telemetry.timing
[01:05:01] MEMORY turn=6 reason=agent_b_reply changed=Agent A,Agent B
[01:05:01] STEP turn=None speaker=Agent B route_valid=- route_goal=- route=-
[01:05:01] PHASE turn=6 speaker=Agent B phase=NLU duration_sec=1.3e-05
[01:05:01] PHASE turn=6 speaker=Agent B phase=DM duration_sec=0.00012358743697404861
[01:05:01] TIMING turn=6 speaker=Agent B generation=0.329917 synthesis=0.609668 audio=2.276 recognition=0.865 understanding=1.3e-05 dialogue_management=0.000124 pipeline_wall=1.475112 turn_observed=2.606054
[01:05:35] PHASE turn=7 speaker=Agent A phase=NLG duration_sec=29.87649941444397
[01:05:35] PHASE turn=7 speaker=Agent A phase=TTS duration_sec=2.274171
[01:05:35] PHASE turn=7 speaker=Agent A phase=ASR duration_sec=1.804298
[01:05:35] SYSTEM telemetry.speech
[01:05:35] SYSTEM telemetry.timing
[01:05:35] TIMING turn=7 speaker=Agent A generation=29.876499 synthesis=2.274171 audio=10.019 recognition=1.804298 understanding=None dialogue_management=None pipeline_wall=4.079136 turn_observed=39.895499
[01:05:35] MEMORY turn=7 reason=agent_a_reply changed=Agent A,Agent B
[01:05:35] STEP turn=None speaker=Agent A route_valid=- route_goal=- route=-
[01:10:44] PHASE turn=8 speaker=Agent B phase=NLG duration_sec=304.3847417831421
[01:10:44] PHASE turn=8 speaker=Agent B phase=TTS duration_sec=3.000966
[01:10:44] PHASE turn=8 speaker=Agent B phase=ASR duration_sec=1.908809
[01:10:44] SYSTEM telemetry.speech
[01:10:44] SYSTEM telemetry.timing
[01:10:44] MEMORY turn=8 reason=agent_b_reply changed=Agent A,Agent B
[01:10:45] STEP turn=None speaker=Agent B route_valid=- route_goal=- route=-
[01:10:45] PHASE turn=8 speaker=Agent B phase=NLU duration_sec=0.00526
[01:10:45] SYSTEM telemetry.nlu
[01:10:45] SYSTEM candidate
[01:10:45] PHASE turn=8 speaker=Agent B phase=DM duration_sec=0.010251302272081375
[01:10:45] TIMING turn=8 speaker=Agent B generation=304.384742 synthesis=3.000966 audio=11.925 recognition=1.908809 understanding=0.00526 dialogue_management=0.010251 pipeline_wall=4.910388 turn_observed=316.325253
[01:11:22] PHASE turn=9 speaker=Agent A phase=NLG duration_sec=33.618653535842896
[01:11:22] PHASE turn=9 speaker=Agent A phase=TTS duration_sec=1.970335
[01:11:22] PHASE turn=9 speaker=Agent A phase=ASR duration_sec=1.540317
[01:11:22] SYSTEM telemetry.speech
[01:11:22] SYSTEM telemetry.timing
[01:11:22] TIMING turn=9 speaker=Agent A generation=33.618654 synthesis=1.970335 audio=8.415 recognition=1.540317 understanding=None dialogue_management=None pipeline_wall=3.511236 turn_observed=42.033654
[01:11:22] MEMORY turn=9 reason=agent_a_reply changed=Agent A,Agent B
[01:11:22] STEP turn=None speaker=Agent A route_valid=- route_goal=- route=-
[01:16:56] PHASE turn=10 speaker=Agent B phase=NLG duration_sec=329.9530220031738
[01:16:56] PHASE turn=10 speaker=Agent B phase=TTS duration_sec=2.811689
[01:16:56] PHASE turn=10 speaker=Agent B phase=ASR duration_sec=1.686731
[01:16:56] SYSTEM telemetry.speech
[01:16:56] SYSTEM telemetry.timing
[01:16:56] MEMORY turn=10 reason=agent_b_reply changed=Agent A,Agent B
[01:16:56] STEP turn=None speaker=Agent B route_valid=- route_goal=- route=-
[01:16:56] PHASE turn=10 speaker=Agent B phase=NLU duration_sec=0.004051
[01:16:56] SYSTEM telemetry.nlu
[01:16:56] SYSTEM warning
[01:16:56] SYSTEM candidate
[01:16:56] PHASE turn=10 speaker=Agent B phase=DM duration_sec=0.0030301474034786224
[01:16:56] TIMING turn=10 speaker=Agent B generation=329.953022 synthesis=2.811689 audio=9.03 recognition=1.686731 understanding=0.004051 dialogue_management=0.00303 pipeline_wall=4.499054 turn_observed=338.990103
[01:17:35] PHASE turn=11 speaker=Agent A phase=NLG duration_sec=35.55622172355652
[01:17:35] PHASE turn=11 speaker=Agent A phase=TTS duration_sec=1.62898
[01:17:35] PHASE turn=11 speaker=Agent A phase=ASR duration_sec=1.533333
[01:17:35] SYSTEM telemetry.speech
[01:17:35] SYSTEM telemetry.timing
[01:17:35] TIMING turn=11 speaker=Agent A generation=35.556222 synthesis=1.62898 audio=7.004 recognition=1.533333 understanding=None dialogue_management=None pipeline_wall=3.16293 turn_observed=42.560222
[01:17:35] MEMORY turn=11 reason=agent_a_reply changed=Agent A,Agent B
[01:17:35] STEP turn=None speaker=Agent A route_valid=- route_goal=- route=-
[01:23:07] PHASE turn=12 speaker=Agent B phase=NLG duration_sec=328.5095098018646
[01:23:07] PHASE turn=12 speaker=Agent B phase=TTS duration_sec=1.869205
[01:23:07] PHASE turn=12 speaker=Agent B phase=ASR duration_sec=1.496479
[01:23:07] SYSTEM telemetry.speech
[01:23:07] SYSTEM telemetry.timing
[01:23:07] MEMORY turn=12 reason=agent_b_reply changed=Agent A,Agent B
[01:23:07] STEP turn=None speaker=Agent B route_valid=- route_goal=- route=-
[01:23:07] PHASE turn=12 speaker=Agent B phase=NLU duration_sec=0.001857
[01:23:07] SYSTEM telemetry.nlu
[01:23:07] PHASE turn=12 speaker=Agent B phase=DM duration_sec=0.000161806121468544
[01:23:07] TIMING turn=12 speaker=Agent B generation=328.50951 synthesis=1.869205 audio=7.719 recognition=1.496479 understanding=0.001857 dialogue_management=0.000162 pipeline_wall=3.366245 turn_observed=336.230529
[01:23:10] PHASE turn=13 speaker=Agent A phase=NLG duration_sec=0.0428776741027832
[01:23:10] PHASE turn=13 speaker=Agent A phase=TTS duration_sec=1.878132
[01:23:10] PHASE turn=13 speaker=Agent A phase=ASR duration_sec=1.482574
[01:23:10] SYSTEM telemetry.speech
[01:23:10] SYSTEM telemetry.timing
[01:23:10] TIMING turn=13 speaker=Agent A generation=0.042878 synthesis=1.878132 audio=6.924 recognition=1.482574 understanding=None dialogue_management=None pipeline_wall=3.36116 turn_observed=6.966878
[01:23:10] MEMORY turn=13 reason=agent_a_reply changed=Agent A,Agent B
[01:23:10] STEP turn=None speaker=Agent A route_valid=- route_goal=- route=-
[01:23:10] SYSTEM metrics
[01:23:10] SYSTEM done
[01:23:10] SEGMENT batch.condition.end status=ok duration=1675.830849 seconds
[01:23:10] SESSION END batch-C-MPCC-FC-CLEAN-PIP-VOS-MP3M4-DEFAU-MED-I0-d794cc44ac-A
