=== batch-c-le-mser-clean-pip-fwh-q05-pad-sml-i0-5b3215afe2-t-20260713-114733.log | sha256=8c9c579b50f752596f90136b91aadaf28156e58ce9d36374df32ca212295dd2d ===
[11:47:33] SESSION START batch-C-LE-MSER-CLEAN-PIP-FWH-Q05-PAD-SML-I0-5b3215afe2-T
[11:47:33] SEGMENT batch.condition.start status=ok duration=None seconds
[11:47:33] SYSTEM timer.start
[11:47:35] PHASE turn=1 speaker=Agent A phase=NLG duration_sec=0.0
[11:47:35] PHASE turn=1 speaker=Agent A phase=TTS duration_sec=1.138616
[11:47:35] PHASE turn=1 speaker=Agent A phase=ASR duration_sec=0.052956
[11:47:35] SYSTEM telemetry.speech
[11:47:35] MEMORY turn=1 reason=opening changed=Agent A,Agent B
[11:47:35] STEP turn=None speaker=Agent A route_valid=- route_goal=- route=-
[11:47:35] SYSTEM telemetry.timing
[11:47:35] TIMING turn=1 speaker=Agent A generation=0.0 synthesis=1.138616 audio=11.917 recognition=0.052956 understanding=None dialogue_management=None pipeline_wall=1.192928 turn_observed=11.917
[11:48:01] PHASE turn=2 speaker=Agent B phase=NLG duration_sec=25.072548866271973
[11:48:01] PHASE turn=2 speaker=Agent B phase=TTS duration_sec=1.776559
[11:48:01] PHASE turn=2 speaker=Agent B phase=ASR duration_sec=0.030128
[11:48:01] SYSTEM telemetry.speech
[11:48:01] SYSTEM telemetry.timing
[11:48:02] MEMORY turn=2 reason=agent_b_reply changed=Agent A,Agent B
[11:48:02] STEP turn=None speaker=Agent B route_valid=- route_goal=- route=-
[11:48:02] PHASE turn=2 speaker=Agent B phase=NLU duration_sec=0.004183
[11:48:02] SYSTEM telemetry.nlu
[11:48:02] SYSTEM route
[11:48:02] SYSTEM candidate
[11:48:02] PHASE turn=2 speaker=Agent B phase=DM duration_sec=0.00879074539989233
[11:48:02] TIMING turn=2 speaker=Agent B generation=25.072549 synthesis=1.776559 audio=9.03 recognition=0.030128 understanding=0.004183 dialogue_management=0.008791 pipeline_wall=1.807209 turn_observed=34.115523
[11:50:15] PHASE turn=3 speaker=Agent A phase=NLG duration_sec=131.97284984588623
[11:50:15] PHASE turn=3 speaker=Agent A phase=TTS duration_sec=1.191817
[11:50:15] PHASE turn=3 speaker=Agent A phase=ASR duration_sec=0.026373
[11:50:15] SYSTEM telemetry.speech
[11:50:15] SYSTEM telemetry.timing
[11:50:15] TIMING turn=3 speaker=Agent A generation=131.97285 synthesis=1.191817 audio=6.143 recognition=0.026373 understanding=None dialogue_management=None pipeline_wall=1.218754 turn_observed=138.11585
[11:50:15] MEMORY turn=3 reason=agent_a_reply changed=Agent A,Agent B
[11:50:15] STEP turn=None speaker=Agent A route_valid=- route_goal=- route=-
[11:50:34] PHASE turn=4 speaker=Agent B phase=NLG duration_sec=16.66156816482544
[11:50:34] PHASE turn=4 speaker=Agent B phase=TTS duration_sec=2.255066
[11:50:34] PHASE turn=4 speaker=Agent B phase=ASR duration_sec=0.038409
[11:50:34] SYSTEM telemetry.speech
[11:50:34] SYSTEM telemetry.timing
[11:50:34] MEMORY turn=4 reason=agent_b_reply changed=Agent A,Agent B
[11:50:34] STEP turn=None speaker=Agent B route_valid=- route_goal=- route=-
[11:50:34] PHASE turn=4 speaker=Agent B phase=NLU duration_sec=0.006226
[11:50:34] SYSTEM telemetry.nlu
[11:50:34] SYSTEM candidate
[11:50:34] PHASE turn=4 speaker=Agent B phase=DM duration_sec=0.010388152673840523
[11:50:34] TIMING turn=4 speaker=Agent B generation=16.661568 synthesis=2.255066 audio=11.566 recognition=0.038409 understanding=0.006226 dialogue_management=0.010388 pipeline_wall=2.293973 turn_observed=28.244182
[11:52:55] PHASE turn=5 speaker=Agent A phase=NLG duration_sec=140.3506374359131
[11:52:55] PHASE turn=5 speaker=Agent A phase=TTS duration_sec=1.121984
[11:52:55] PHASE turn=5 speaker=Agent A phase=ASR duration_sec=0.039039
[11:52:55] SYSTEM telemetry.speech
[11:52:55] SYSTEM telemetry.timing
[11:52:55] TIMING turn=5 speaker=Agent A generation=140.350637 synthesis=1.121984 audio=6.597 recognition=0.039039 understanding=None dialogue_management=None pipeline_wall=1.161634 turn_observed=146.947637
[11:52:55] MEMORY turn=5 reason=agent_a_reply changed=Agent A,Agent B
[11:52:55] STEP turn=None speaker=Agent A route_valid=- route_goal=- route=-
[11:53:15] PHASE turn=6 speaker=Agent B phase=NLG duration_sec=16.68705701828003
[11:53:15] PHASE turn=6 speaker=Agent B phase=TTS duration_sec=2.603461
[11:53:15] PHASE turn=6 speaker=Agent B phase=ASR duration_sec=0.049343
[11:53:15] SYSTEM telemetry.speech
[11:53:15] SYSTEM telemetry.timing
[11:53:15] MEMORY turn=6 reason=agent_b_reply changed=Agent A,Agent B
[11:53:15] STEP turn=None speaker=Agent B route_valid=- route_goal=- route=-
[11:53:15] PHASE turn=6 speaker=Agent B phase=NLU duration_sec=0.004807
[11:53:15] SYSTEM telemetry.nlu
[11:53:15] SYSTEM candidate
[11:53:15] PHASE turn=6 speaker=Agent B phase=DM duration_sec=0.007875150069594383
[11:53:15] TIMING turn=6 speaker=Agent B generation=16.687057 synthesis=2.603461 audio=14.461 recognition=0.049343 understanding=0.004807 dialogue_management=0.007875 pipeline_wall=2.653653 turn_observed=31.16074
[11:53:15] PHASE turn=7 speaker=Agent A phase=NLG duration_sec=0.003946781158447266
[11:53:15] PHASE turn=7 speaker=Agent A phase=TTS duration_sec=0.675475
[11:53:15] PHASE turn=7 speaker=Agent A phase=ASR duration_sec=0.013308
[11:53:15] SYSTEM telemetry.speech
[11:53:15] SYSTEM telemetry.timing
[11:53:15] TIMING turn=7 speaker=Agent A generation=0.003947 synthesis=0.675475 audio=3.87 recognition=0.013308 understanding=None dialogue_management=None pipeline_wall=0.689212 turn_observed=3.873947
[11:53:15] MEMORY turn=7 reason=agent_a_reply changed=Agent A,Agent B
[11:53:15] STEP turn=None speaker=Agent A route_valid=- route_goal=- route=-
[11:53:16] PHASE turn=8 speaker=Agent B phase=NLG duration_sec=0.3466665744781494
[11:53:16] PHASE turn=8 speaker=Agent B phase=TTS duration_sec=0.429528
[11:53:16] PHASE turn=8 speaker=Agent B phase=ASR duration_sec=0.006048
[11:53:16] SYSTEM telemetry.speech
[11:53:16] SYSTEM telemetry.timing
[11:53:16] MEMORY turn=8 reason=agent_b_reply changed=Agent A,Agent B
[11:53:16] STEP turn=None speaker=Agent B route_valid=- route_goal=- route=-
[11:53:16] PHASE turn=8 speaker=Agent B phase=NLU duration_sec=1e-05
[11:53:16] PHASE turn=8 speaker=Agent B phase=DM duration_sec=0.00011937320232391357
[11:53:16] TIMING turn=8 speaker=Agent B generation=0.346667 synthesis=0.429528 audio=2.276 recognition=0.006048 understanding=1e-05 dialogue_management=0.000119 pipeline_wall=0.435991 turn_observed=2.622796
[11:55:37] PHASE turn=9 speaker=Agent A phase=NLG duration_sec=139.59072828292847
[11:55:37] PHASE turn=9 speaker=Agent A phase=TTS duration_sec=1.020275
[11:55:37] PHASE turn=9 speaker=Agent A phase=ASR duration_sec=0.03215
[11:55:37] SYSTEM telemetry.speech
[11:55:37] SYSTEM telemetry.timing
[11:55:37] TIMING turn=9 speaker=Agent A generation=139.590728 synthesis=1.020275 audio=6.597 recognition=0.03215 understanding=None dialogue_management=None pipeline_wall=1.053146 turn_observed=146.187728
[11:55:37] MEMORY turn=9 reason=agent_a_reply changed=Agent A,Agent B
[11:55:37] STEP turn=None speaker=Agent A route_valid=- route_goal=- route=-
[11:55:59] PHASE turn=10 speaker=Agent B phase=NLG duration_sec=19.12218976020813
[11:55:59] PHASE turn=10 speaker=Agent B phase=TTS duration_sec=2.83529
[11:55:59] PHASE turn=10 speaker=Agent B phase=ASR duration_sec=0.04908
[11:55:59] SYSTEM telemetry.speech
[11:55:59] SYSTEM telemetry.timing
[11:55:59] MEMORY turn=10 reason=agent_b_reply changed=Agent A,Agent B
[11:55:59] STEP turn=None speaker=Agent B route_valid=- route_goal=- route=-
[11:55:59] PHASE turn=10 speaker=Agent B phase=NLU duration_sec=0.005659
[11:55:59] SYSTEM telemetry.nlu
[11:55:59] SYSTEM candidate
[11:55:59] PHASE turn=10 speaker=Agent B phase=DM duration_sec=0.012641873210668564
[11:55:59] TIMING turn=10 speaker=Agent B generation=19.12219 synthesis=2.83529 audio=14.461 recognition=0.04908 understanding=0.005659 dialogue_management=0.012642 pipeline_wall=2.885039 turn_observed=33.601491
[11:58:36] PHASE turn=11 speaker=Agent A phase=NLG duration_sec=156.08030891418457
[11:58:36] PHASE turn=11 speaker=Agent A phase=TTS duration_sec=1.081613
[11:58:36] PHASE turn=11 speaker=Agent A phase=ASR duration_sec=0.026877
[11:58:36] SYSTEM telemetry.speech
[11:58:36] SYSTEM telemetry.timing
[11:58:36] TIMING turn=11 speaker=Agent A generation=156.080309 synthesis=1.081613 audio=5.361 recognition=0.026877 understanding=None dialogue_management=None pipeline_wall=1.109268 turn_observed=161.441309
[11:58:36] MEMORY turn=11 reason=agent_a_reply changed=Agent A,Agent B
[11:58:36] STEP turn=None speaker=Agent A route_valid=- route_goal=- route=-
[11:58:36] SYSTEM metrics
[11:58:36] SYSTEM done
[11:58:36] SEGMENT batch.condition.end status=ok duration=662.834821 seconds
[11:58:36] SESSION END batch-C-LE-MSER-CLEAN-PIP-FWH-Q05-PAD-SML-I0-5b3215afe2-T
