=== batch-c-ha-fc-hesit-pip-fwh-qq515-ptb-med-i0-026af9e0e0-t-20260713-083536.log | sha256=135468247abb4a6528a8fd66d006b7ae6e3842d814f900296c1ee587abb9585f ===
[08:35:36] SESSION START batch-C-HA-FC-HESIT-PIP-FWH-QQ515-PTB-MED-I0-026af9e0e0-T
[08:35:36] SEGMENT batch.condition.start status=ok duration=None seconds
[08:35:36] SYSTEM timer.start
[08:35:37] PHASE turn=1 speaker=Agent A phase=NLG duration_sec=0.0
[08:35:37] PHASE turn=1 speaker=Agent A phase=TTS duration_sec=0.874545
[08:35:37] PHASE turn=1 speaker=Agent A phase=ASR duration_sec=0.041683
[08:35:37] SYSTEM telemetry.speech
[08:35:37] MEMORY turn=1 reason=opening changed=Agent A,Agent B
[08:35:37] STEP turn=None speaker=Agent A route_valid=- route_goal=- route=-
[08:35:37] SYSTEM telemetry.timing
[08:35:37] TIMING turn=1 speaker=Agent A generation=0.0 synthesis=0.874545 audio=11.467 recognition=0.041683 understanding=None dialogue_management=None pipeline_wall=0.9172 turn_observed=11.467
[08:36:07] PHASE turn=2 speaker=Agent B phase=NLG duration_sec=28.301642894744873
[08:36:07] PHASE turn=2 speaker=Agent B phase=TTS duration_sec=1.185417
[08:36:07] PHASE turn=2 speaker=Agent B phase=ASR duration_sec=0.026532
[08:36:07] SYSTEM telemetry.speech
[08:36:07] SYSTEM telemetry.timing
[08:36:07] MEMORY turn=2 reason=agent_b_reply changed=Agent A,Agent B
[08:36:07] STEP turn=None speaker=Agent B route_valid=- route_goal=- route=-
[08:36:07] PHASE turn=2 speaker=Agent B phase=NLU duration_sec=0.00216
[08:36:07] SYSTEM telemetry.nlu
[08:36:07] SYSTEM route
[08:36:07] SYSTEM candidate
[08:36:07] PHASE turn=2 speaker=Agent B phase=DM duration_sec=0.007218400947749615
[08:36:07] TIMING turn=2 speaker=Agent B generation=28.301643 synthesis=1.185417 audio=6.924 recognition=0.026532 understanding=0.00216 dialogue_management=0.007218 pipeline_wall=1.21243 turn_observed=35.235021
[08:36:54] PHASE turn=3 speaker=Agent A phase=NLG duration_sec=46.43612837791443
[08:36:54] PHASE turn=3 speaker=Agent A phase=TTS duration_sec=0.949687
[08:36:54] PHASE turn=3 speaker=Agent A phase=ASR duration_sec=0.028466
[08:36:54] SYSTEM telemetry.speech
[08:36:54] SYSTEM telemetry.timing
[08:36:54] TIMING turn=3 speaker=Agent A generation=46.436128 synthesis=0.949687 audio=6.879 recognition=0.028466 understanding=None dialogue_management=None pipeline_wall=0.978804 turn_observed=53.315128
[08:36:54] MEMORY turn=3 reason=agent_a_reply changed=Agent A,Agent B
[08:36:54] STEP turn=None speaker=Agent A route_valid=- route_goal=- route=-
[08:37:22] PHASE turn=4 speaker=Agent B phase=NLG duration_sec=25.790956020355225
[08:37:22] PHASE turn=4 speaker=Agent B phase=TTS duration_sec=1.795165
[08:37:22] PHASE turn=4 speaker=Agent B phase=ASR duration_sec=0.0349
[08:37:22] SYSTEM telemetry.speech
[08:37:22] SYSTEM telemetry.timing
[08:37:22] MEMORY turn=4 reason=agent_b_reply changed=Agent A,Agent B
[08:37:22] STEP turn=None speaker=Agent B route_valid=- route_goal=- route=-
[08:37:22] PHASE turn=4 speaker=Agent B phase=NLU duration_sec=0.001998
[08:37:22] SYSTEM telemetry.nlu
[08:37:22] SYSTEM candidate
[08:37:22] PHASE turn=4 speaker=Agent B phase=DM duration_sec=0.007722391979768872
[08:37:22] TIMING turn=4 speaker=Agent B generation=25.790956 synthesis=1.795165 audio=11.568 recognition=0.0349 understanding=0.001998 dialogue_management=0.007722 pipeline_wall=1.830615 turn_observed=37.368676
[08:38:10] PHASE turn=5 speaker=Agent A phase=NLG duration_sec=47.178375005722046
[08:38:10] PHASE turn=5 speaker=Agent A phase=TTS duration_sec=1.317595
[08:38:10] PHASE turn=5 speaker=Agent A phase=ASR duration_sec=0.039059
[08:38:10] SYSTEM telemetry.speech
[08:38:10] SYSTEM telemetry.timing
[08:38:10] TIMING turn=5 speaker=Agent A generation=47.178375 synthesis=1.317595 audio=8.699 recognition=0.039059 understanding=None dialogue_management=None pipeline_wall=1.357464 turn_observed=55.877375
[08:38:10] MEMORY turn=5 reason=agent_a_reply changed=Agent A,Agent B
[08:38:10] STEP turn=None speaker=Agent A route_valid=- route_goal=- route=-
[08:38:46] PHASE turn=6 speaker=Agent B phase=NLG duration_sec=33.73392128944397
[08:38:46] PHASE turn=6 speaker=Agent B phase=TTS duration_sec=1.789575
[08:38:46] PHASE turn=6 speaker=Agent B phase=ASR duration_sec=0.036621
[08:38:46] SYSTEM telemetry.speech
[08:38:46] SYSTEM telemetry.timing
[08:38:46] MEMORY turn=6 reason=agent_b_reply changed=Agent A,Agent B
[08:38:46] STEP turn=None speaker=Agent B route_valid=- route_goal=- route=-
[08:38:46] PHASE turn=6 speaker=Agent B phase=NLU duration_sec=0.018388
[08:38:46] SYSTEM telemetry.nlu
[08:38:46] SYSTEM candidate
[08:38:46] PHASE turn=6 speaker=Agent B phase=DM duration_sec=0.0070387430023401976
[08:38:46] TIMING turn=6 speaker=Agent B generation=33.733921 synthesis=1.789575 audio=11.677 recognition=0.036621 understanding=0.018388 dialogue_management=0.007039 pipeline_wall=1.826703 turn_observed=45.436348
[08:39:39] PHASE turn=7 speaker=Agent A phase=NLG duration_sec=51.76391315460205
[08:39:39] PHASE turn=7 speaker=Agent A phase=TTS duration_sec=1.404068
[08:39:39] PHASE turn=7 speaker=Agent A phase=ASR duration_sec=0.030542
[08:39:39] SYSTEM telemetry.speech
[08:39:39] SYSTEM telemetry.timing
[08:39:39] TIMING turn=7 speaker=Agent A generation=51.763913 synthesis=1.404068 audio=8.996 recognition=0.030542 understanding=None dialogue_management=None pipeline_wall=1.435219 turn_observed=60.759913
[08:39:39] MEMORY turn=7 reason=agent_a_reply changed=Agent A,Agent B
[08:39:39] STEP turn=None speaker=Agent A route_valid=- route_goal=- route=-
[08:40:12] PHASE turn=8 speaker=Agent B phase=NLG duration_sec=30.61128520965576
[08:40:12] PHASE turn=8 speaker=Agent B phase=TTS duration_sec=1.736859
[08:40:12] PHASE turn=8 speaker=Agent B phase=ASR duration_sec=0.035228
[08:40:12] SYSTEM telemetry.speech
[08:40:12] SYSTEM telemetry.timing
[08:40:12] MEMORY turn=8 reason=agent_b_reply changed=Agent A,Agent B
[08:40:12] STEP turn=None speaker=Agent B route_valid=- route_goal=- route=-
[08:40:12] PHASE turn=8 speaker=Agent B phase=NLU duration_sec=0.015636
[08:40:12] SYSTEM telemetry.nlu
[08:40:12] SYSTEM candidate
[08:40:12] PHASE turn=8 speaker=Agent B phase=DM duration_sec=0.008935048943385482
[08:40:12] TIMING turn=8 speaker=Agent B generation=30.611285 synthesis=1.736859 audio=11.109 recognition=0.035228 understanding=0.015636 dialogue_management=0.008935 pipeline_wall=1.77271 turn_observed=41.744857
[08:40:12] SYSTEM metrics
[08:40:12] SYSTEM done
[08:40:12] SEGMENT batch.condition.end status=ok duration=275.547372 seconds
[08:40:12] SESSION END batch-C-HA-FC-HESIT-PIP-FWH-QQ515-PTB-MED-I0-026af9e0e0-T
