=== batch-c-mde-dst-hesit-pip-fwh-q05-pap-sml-i0-4a161002d7-t-20260713-131702.log | sha256=f1dec0c4707cafd17e967818236dcb130e921b9e6c586a0038774a9a50a22d4f ===
[13:17:02] SESSION START batch-C-MDE-DST-HESIT-PIP-FWH-Q05-PAP-SML-I0-4a161002d7-T
[13:17:02] SEGMENT batch.condition.start status=ok duration=None seconds
[13:17:02] SYSTEM timer.start
[13:17:02] PHASE turn=1 speaker=Agent A phase=NLG duration_sec=0.0
[13:17:02] PHASE turn=1 speaker=Agent A phase=TTS duration_sec=0.772875
[13:17:02] PHASE turn=1 speaker=Agent A phase=ASR duration_sec=0.030934
[13:17:02] SYSTEM telemetry.speech
[13:17:02] MEMORY turn=1 reason=opening changed=Agent A,Agent B
[13:17:02] STEP turn=None speaker=Agent A route_valid=- route_goal=- route=-
[13:17:02] SYSTEM telemetry.timing
[13:17:02] TIMING turn=1 speaker=Agent A generation=0.0 synthesis=0.772875 audio=12.786 recognition=0.030934 understanding=None dialogue_management=None pipeline_wall=0.804597 turn_observed=12.786
[13:17:24] PHASE turn=2 speaker=Agent B phase=NLG duration_sec=20.4285626411438
[13:17:24] PHASE turn=2 speaker=Agent B phase=TTS duration_sec=0.771263
[13:17:24] PHASE turn=2 speaker=Agent B phase=ASR duration_sec=0.020864
[13:17:24] SYSTEM telemetry.speech
[13:17:24] SYSTEM telemetry.timing
[13:17:24] MEMORY turn=2 reason=agent_b_reply changed=Agent A,Agent B
[13:17:24] STEP turn=None speaker=Agent B route_valid=- route_goal=- route=-
[13:17:24] PHASE turn=2 speaker=Agent B phase=NLU duration_sec=0.006532
[13:17:24] SYSTEM telemetry.nlu
[13:17:24] SYSTEM route
[13:17:24] SYSTEM candidate
[13:17:24] PHASE turn=2 speaker=Agent B phase=DM duration_sec=0.0038777291774749756
[13:17:24] TIMING turn=2 speaker=Agent B generation=20.428563 synthesis=0.771263 audio=7.257 recognition=0.020864 understanding=0.006532 dialogue_management=0.003878 pipeline_wall=0.792577 turn_observed=27.695972
[13:17:24] PHASE turn=3 speaker=Agent A phase=NLG duration_sec=0.013025999069213867
[13:17:24] PHASE turn=3 speaker=Agent A phase=TTS duration_sec=0.749538
[13:17:24] PHASE turn=3 speaker=Agent A phase=ASR duration_sec=0.02333
[13:17:24] SYSTEM telemetry.speech
[13:17:24] SYSTEM telemetry.timing
[13:17:24] TIMING turn=3 speaker=Agent A generation=0.013026 synthesis=0.749538 audio=6.492 recognition=0.02333 understanding=None dialogue_management=None pipeline_wall=0.77322 turn_observed=6.505026
[13:17:24] MEMORY turn=3 reason=agent_a_reply changed=Agent A,Agent B
[13:17:24] STEP turn=None speaker=Agent A route_valid=- route_goal=- route=-
[13:17:40] PHASE turn=4 speaker=Agent B phase=NLG duration_sec=15.224305868148804
[13:17:40] PHASE turn=4 speaker=Agent B phase=TTS duration_sec=0.68949
[13:17:40] PHASE turn=4 speaker=Agent B phase=ASR duration_sec=0.024331
[13:17:40] SYSTEM telemetry.speech
[13:17:40] SYSTEM telemetry.timing
[13:17:40] MEMORY turn=4 reason=agent_b_reply changed=Agent A,Agent B
[13:17:40] STEP turn=None speaker=Agent B route_valid=- route_goal=- route=-
[13:17:40] PHASE turn=4 speaker=Agent B phase=NLU duration_sec=0.000517
[13:17:40] SYSTEM telemetry.nlu
[13:17:40] PHASE turn=4 speaker=Agent B phase=DM duration_sec=0.00010209809988737106
[13:17:40] TIMING turn=4 speaker=Agent B generation=15.224306 synthesis=0.68949 audio=6.381 recognition=0.024331 understanding=0.000517 dialogue_management=0.000102 pipeline_wall=0.714178 turn_observed=21.605925
[13:17:41] PHASE turn=5 speaker=Agent A phase=NLG duration_sec=0.03126788139343262
[13:17:41] PHASE turn=5 speaker=Agent A phase=TTS duration_sec=0.279025
[13:17:41] PHASE turn=5 speaker=Agent A phase=ASR duration_sec=0.007004
[13:17:41] SYSTEM telemetry.speech
[13:17:41] SYSTEM telemetry.timing
[13:17:41] TIMING turn=5 speaker=Agent A generation=0.031268 synthesis=0.279025 audio=2.702 recognition=0.007004 understanding=None dialogue_management=None pipeline_wall=0.28624 turn_observed=2.733268
[13:17:41] MEMORY turn=5 reason=agent_a_reply changed=Agent A,Agent B
[13:17:41] STEP turn=None speaker=Agent A route_valid=- route_goal=- route=-
[13:17:41] PHASE turn=6 speaker=Agent B phase=NLG duration_sec=0.21561717987060547
[13:17:41] PHASE turn=6 speaker=Agent B phase=TTS duration_sec=0.308117
[13:17:41] PHASE turn=6 speaker=Agent B phase=ASR duration_sec=0.004554
[13:17:41] SYSTEM telemetry.speech
[13:17:41] SYSTEM telemetry.timing
[13:17:41] MEMORY turn=6 reason=agent_b_reply changed=Agent A,Agent B
[13:17:41] STEP turn=None speaker=Agent B route_valid=- route_goal=- route=-
[13:17:41] PHASE turn=6 speaker=Agent B phase=NLU duration_sec=1e-05
[13:17:41] PHASE turn=6 speaker=Agent B phase=DM duration_sec=8.780788630247116e-05
[13:17:41] TIMING turn=6 speaker=Agent B generation=0.215617 synthesis=0.308117 audio=2.588 recognition=0.004554 understanding=1e-05 dialogue_management=8.8e-05 pipeline_wall=0.312881 turn_observed=2.803715
[13:17:42] PHASE turn=7 speaker=Agent A phase=NLG duration_sec=0.007670879364013672
[13:17:42] PHASE turn=7 speaker=Agent A phase=TTS duration_sec=0.756916
[13:17:42] PHASE turn=7 speaker=Agent A phase=ASR duration_sec=0.019987
[13:17:42] SYSTEM telemetry.speech
[13:17:42] SYSTEM telemetry.timing
[13:17:42] TIMING turn=7 speaker=Agent A generation=0.007671 synthesis=0.756916 audio=6.055 recognition=0.019987 understanding=None dialogue_management=None pipeline_wall=0.777129 turn_observed=6.062671
[13:17:42] MEMORY turn=7 reason=agent_a_reply changed=Agent A,Agent B
[13:17:42] STEP turn=None speaker=Agent A route_valid=- route_goal=- route=-
[13:17:42] PHASE turn=8 speaker=Agent B phase=NLG duration_sec=0.0005049705505371094
[13:17:42] PHASE turn=8 speaker=Agent B phase=TTS duration_sec=0.378302
[13:17:42] PHASE turn=8 speaker=Agent B phase=ASR duration_sec=0.009705
[13:17:42] SYSTEM telemetry.speech
[13:17:42] SYSTEM telemetry.timing
[13:17:42] MEMORY turn=8 reason=agent_b_reply changed=Agent A,Agent B
[13:17:42] STEP turn=None speaker=Agent B route_valid=- route_goal=- route=-
[13:17:42] PHASE turn=8 speaker=Agent B phase=NLU duration_sec=1.1e-05
[13:17:42] PHASE turn=8 speaker=Agent B phase=DM duration_sec=7.233768701553345e-05
[13:17:42] TIMING turn=8 speaker=Agent B generation=0.000505 synthesis=0.378302 audio=3.255 recognition=0.009705 understanding=1.1e-05 dialogue_management=7.2e-05 pipeline_wall=0.388202 turn_observed=3.255588
[13:17:43] PHASE turn=9 speaker=Agent A phase=NLG duration_sec=0.014684677124023438
[13:17:43] PHASE turn=9 speaker=Agent A phase=TTS duration_sec=0.748909
[13:17:43] PHASE turn=9 speaker=Agent A phase=ASR duration_sec=0.01824
[13:17:43] SYSTEM telemetry.speech
[13:17:43] SYSTEM telemetry.timing
[13:17:43] TIMING turn=9 speaker=Agent A generation=0.014685 synthesis=0.748909 audio=5.487 recognition=0.01824 understanding=None dialogue_management=None pipeline_wall=0.767369 turn_observed=5.501685
[13:17:43] MEMORY turn=9 reason=agent_a_reply changed=Agent A,Agent B
[13:17:43] STEP turn=None speaker=Agent A route_valid=- route_goal=- route=-
[13:17:59] PHASE turn=10 speaker=Agent B phase=NLG duration_sec=15.300928831100464
[13:17:59] PHASE turn=10 speaker=Agent B phase=TTS duration_sec=0.797644
[13:17:59] PHASE turn=10 speaker=Agent B phase=ASR duration_sec=0.025995
[13:17:59] SYSTEM telemetry.speech
[13:17:59] SYSTEM telemetry.timing
[13:17:59] MEMORY turn=10 reason=agent_b_reply changed=Agent A,Agent B
[13:17:59] STEP turn=None speaker=Agent B route_valid=- route_goal=- route=-
[13:17:59] PHASE turn=10 speaker=Agent B phase=NLU duration_sec=0.000499
[13:17:59] SYSTEM telemetry.nlu
[13:17:59] PHASE turn=10 speaker=Agent B phase=DM duration_sec=9.845849126577377e-05
[13:17:59] TIMING turn=10 speaker=Agent B generation=15.300929 synthesis=0.797644 audio=6.381 recognition=0.025995 understanding=0.000499 dialogue_management=9.8e-05 pipeline_wall=0.824017 turn_observed=21.682526
[13:18:00] PHASE turn=11 speaker=Agent A phase=NLG duration_sec=0.034052371978759766
[13:18:00] PHASE turn=11 speaker=Agent A phase=TTS duration_sec=0.701544
[13:18:00] PHASE turn=11 speaker=Agent A phase=ASR duration_sec=0.023814
[13:18:00] SYSTEM telemetry.speech
[13:18:00] SYSTEM telemetry.timing
[13:18:00] TIMING turn=11 speaker=Agent A generation=0.034052 synthesis=0.701544 audio=6.854 recognition=0.023814 understanding=None dialogue_management=None pipeline_wall=0.725653 turn_observed=6.888052
[13:18:00] MEMORY turn=11 reason=agent_a_reply changed=Agent A,Agent B
[13:18:00] STEP turn=None speaker=Agent A route_valid=- route_goal=- route=-
[13:18:16] PHASE turn=12 speaker=Agent B phase=NLG duration_sec=15.290844440460205
[13:18:16] PHASE turn=12 speaker=Agent B phase=TTS duration_sec=0.650394
[13:18:16] PHASE turn=12 speaker=Agent B phase=ASR duration_sec=0.024498
[13:18:16] SYSTEM telemetry.speech
[13:18:16] SYSTEM telemetry.timing
[13:18:16] MEMORY turn=12 reason=agent_b_reply changed=Agent A
[13:18:16] STEP turn=None speaker=Agent B route_valid=- route_goal=- route=-
[13:18:16] PHASE turn=12 speaker=Agent B phase=NLU duration_sec=0.000499
[13:18:16] SYSTEM telemetry.nlu
[13:18:16] PHASE turn=12 speaker=Agent B phase=DM duration_sec=0.00010929815471172333
[13:18:16] TIMING turn=12 speaker=Agent B generation=15.290844 synthesis=0.650394 audio=5.893 recognition=0.024498 understanding=0.000499 dialogue_management=0.000109 pipeline_wall=0.675252 turn_observed=21.184452
[13:18:17] PHASE turn=13 speaker=Agent A phase=NLG duration_sec=0.029836177825927734
[13:18:17] PHASE turn=13 speaker=Agent A phase=TTS duration_sec=0.811331
[13:18:17] PHASE turn=13 speaker=Agent A phase=ASR duration_sec=0.022571
[13:18:17] SYSTEM telemetry.speech
[13:18:17] SYSTEM telemetry.timing
[13:18:17] TIMING turn=13 speaker=Agent A generation=0.029836 synthesis=0.811331 audio=6.565 recognition=0.022571 understanding=None dialogue_management=None pipeline_wall=0.834159 turn_observed=6.594836
[13:18:17] MEMORY turn=13 reason=agent_a_reply changed=Agent A,Agent B
[13:18:17] STEP turn=None speaker=Agent A route_valid=- route_goal=- route=-
[13:18:17] SYSTEM metrics
[13:18:17] SYSTEM done
[13:18:17] SEGMENT batch.condition.end status=ok duration=75.501972 seconds
[13:18:17] SESSION END batch-C-MDE-DST-HESIT-PIP-FWH-Q05-PAP-SML-I0-4a161002d7-T
