=== batch-c-mpcc-fc-clean-pip-vos-qq515-defau-med-i0-4e69505b28-a-20260714-160740.log | sha256=cc00392421461948a6e5cfcf6615256246ca4b14cd733d6986f99dcb818181ac ===
[16:07:40] SESSION START batch-C-MPCC-FC-CLEAN-PIP-VOS-QQ515-DEFAU-MED-I0-4e69505b28-A
[16:07:40] SEGMENT batch.condition.start status=ok duration=None seconds
[16:07:40] SYSTEM timer.start
[16:07:48] PHASE turn=1 speaker=Agent A phase=NLG duration_sec=0.0
[16:07:48] PHASE turn=1 speaker=Agent A phase=TTS duration_sec=5.854717
[16:07:48] PHASE turn=1 speaker=Agent A phase=ASR duration_sec=2.57403
[16:07:48] SYSTEM telemetry.speech
[16:07:48] MEMORY turn=1 reason=opening changed=Agent A,Agent B
[16:07:48] STEP turn=None speaker=Agent A route_valid=- route_goal=- route=-
[16:07:48] SYSTEM telemetry.timing
[16:07:48] TIMING turn=1 speaker=Agent A generation=0.0 synthesis=5.854717 audio=11.463 recognition=2.57403 understanding=None dialogue_management=None pipeline_wall=8.431047 turn_observed=11.463
[16:09:23] PHASE turn=2 speaker=Agent B phase=NLG duration_sec=90.58346152305603
[16:09:23] PHASE turn=2 speaker=Agent B phase=TTS duration_sec=2.448321
[16:09:23] PHASE turn=2 speaker=Agent B phase=ASR duration_sec=1.726765
[16:09:23] SYSTEM telemetry.speech
[16:09:23] SYSTEM telemetry.timing
[16:09:23] MEMORY turn=2 reason=agent_b_reply changed=Agent A,Agent B
[16:09:23] STEP turn=None speaker=Agent B route_valid=- route_goal=- route=-
[16:09:23] PHASE turn=2 speaker=Agent B phase=NLU duration_sec=0.002392
[16:09:23] SYSTEM telemetry.nlu
[16:09:23] SYSTEM route
[16:09:23] SYSTEM candidate
[16:09:23] PHASE turn=2 speaker=Agent B phase=DM duration_sec=0.006189638748764992
[16:09:23] TIMING turn=2 speaker=Agent B generation=90.583462 synthesis=2.448321 audio=9.03 recognition=1.726765 understanding=0.002392 dialogue_management=0.00619 pipeline_wall=4.175734 turn_observed=99.622043
[16:09:55] PHASE turn=3 speaker=Agent A phase=NLG duration_sec=27.853980541229248
[16:09:55] PHASE turn=3 speaker=Agent A phase=TTS duration_sec=2.064374
[16:09:55] PHASE turn=3 speaker=Agent A phase=ASR duration_sec=1.496892
[16:09:55] SYSTEM telemetry.speech
[16:09:55] SYSTEM telemetry.timing
[16:09:55] TIMING turn=3 speaker=Agent A generation=27.853981 synthesis=2.064374 audio=6.597 recognition=1.496892 understanding=None dialogue_management=None pipeline_wall=3.561776 turn_observed=34.450981
[16:09:55] MEMORY turn=3 reason=agent_a_reply changed=Agent A,Agent B
[16:09:55] STEP turn=None speaker=Agent A route_valid=- route_goal=- route=-
[16:11:34] PHASE turn=4 speaker=Agent B phase=NLG duration_sec=93.56387567520142
[16:11:34] PHASE turn=4 speaker=Agent B phase=TTS duration_sec=3.765086
[16:11:34] PHASE turn=4 speaker=Agent B phase=ASR duration_sec=2.261751
[16:11:34] SYSTEM telemetry.speech
[16:11:34] SYSTEM telemetry.timing
[16:11:34] MEMORY turn=4 reason=agent_b_reply changed=Agent A,Agent B
[16:11:34] STEP turn=None speaker=Agent B route_valid=- route_goal=- route=-
[16:11:34] PHASE turn=4 speaker=Agent B phase=NLU duration_sec=0.011955
[16:11:34] SYSTEM telemetry.nlu
[16:11:34] SYSTEM candidate
[16:11:34] PHASE turn=4 speaker=Agent B phase=DM duration_sec=0.00624212808907032
[16:11:34] TIMING turn=4 speaker=Agent B generation=93.563876 synthesis=3.765086 audio=14.461 recognition=2.261751 understanding=0.011955 dialogue_management=0.006242 pipeline_wall=6.027473 turn_observed=108.043072
[16:11:36] PHASE turn=5 speaker=Agent A phase=NLG duration_sec=0.002371072769165039
[16:11:36] PHASE turn=5 speaker=Agent A phase=TTS duration_sec=1.241748
[16:11:36] PHASE turn=5 speaker=Agent A phase=ASR duration_sec=0.968963
[16:11:36] SYSTEM telemetry.speech
[16:11:36] SYSTEM telemetry.timing
[16:11:36] TIMING turn=5 speaker=Agent A generation=0.002371 synthesis=1.241748 audio=4.324 recognition=0.968963 understanding=None dialogue_management=None pipeline_wall=2.211193 turn_observed=4.326371
[16:11:36] MEMORY turn=5 reason=agent_a_reply changed=Agent A,Agent B
[16:11:36] STEP turn=None speaker=Agent A route_valid=- route_goal=- route=-
[16:11:38] PHASE turn=6 speaker=Agent B phase=NLG duration_sec=0.3339576721191406
[16:11:38] PHASE turn=6 speaker=Agent B phase=TTS duration_sec=0.556747
[16:11:38] PHASE turn=6 speaker=Agent B phase=ASR duration_sec=0.74706
[16:11:38] SYSTEM telemetry.speech
[16:11:38] SYSTEM telemetry.timing
[16:11:38] MEMORY turn=6 reason=agent_b_reply changed=Agent A,Agent B
[16:11:38] STEP turn=None speaker=Agent B route_valid=- route_goal=- route=-
[16:11:38] PHASE turn=6 speaker=Agent B phase=NLU duration_sec=1.2e-05
[16:11:38] PHASE turn=6 speaker=Agent B phase=DM duration_sec=0.00011218339204788208
[16:11:38] TIMING turn=6 speaker=Agent B generation=0.333958 synthesis=0.556747 audio=1.654 recognition=0.74706 understanding=1.2e-05 dialogue_management=0.000112 pipeline_wall=1.30427 turn_observed=1.988081
[16:12:12] PHASE turn=7 speaker=Agent A phase=NLG duration_sec=29.873810529708862
[16:12:12] PHASE turn=7 speaker=Agent A phase=TTS duration_sec=2.27364
[16:12:12] PHASE turn=7 speaker=Agent A phase=ASR duration_sec=1.838282
[16:12:12] SYSTEM telemetry.speech
[16:12:12] SYSTEM telemetry.timing
[16:12:12] TIMING turn=7 speaker=Agent A generation=29.873811 synthesis=2.27364 audio=10.019 recognition=1.838282 understanding=None dialogue_management=None pipeline_wall=4.11253 turn_observed=39.892811
[16:12:12] MEMORY turn=7 reason=agent_a_reply changed=Agent A,Agent B
[16:12:12] STEP turn=None speaker=Agent A route_valid=- route_goal=- route=-
[16:14:07] PHASE turn=8 speaker=Agent B phase=NLG duration_sec=110.53555607795715
[16:14:07] PHASE turn=8 speaker=Agent B phase=TTS duration_sec=2.256626
[16:14:07] PHASE turn=8 speaker=Agent B phase=ASR duration_sec=1.91504
[16:14:07] SYSTEM telemetry.speech
[16:14:07] SYSTEM telemetry.timing
[16:14:07] MEMORY turn=8 reason=agent_b_reply changed=Agent A,Agent B
[16:14:07] STEP turn=None speaker=Agent B route_valid=- route_goal=- route=-
[16:14:07] PHASE turn=8 speaker=Agent B phase=NLU duration_sec=0.00236
[16:14:07] SYSTEM telemetry.nlu
[16:14:07] SYSTEM candidate
[16:14:07] PHASE turn=8 speaker=Agent B phase=DM duration_sec=0.008305788040161133
[16:14:07] TIMING turn=8 speaker=Agent B generation=110.535556 synthesis=2.256626 audio=11.925 recognition=1.91504 understanding=0.00236 dialogue_management=0.008306 pipeline_wall=4.172324 turn_observed=122.471222
[16:14:10] PHASE turn=9 speaker=Agent A phase=NLG duration_sec=0.006889820098876953
[16:14:10] PHASE turn=9 speaker=Agent A phase=TTS duration_sec=1.650539
[16:14:10] PHASE turn=9 speaker=Agent A phase=ASR duration_sec=1.359027
[16:14:10] SYSTEM telemetry.speech
[16:14:10] SYSTEM telemetry.timing
[16:14:10] TIMING turn=9 speaker=Agent A generation=0.00689 synthesis=1.650539 audio=6.143 recognition=1.359027 understanding=None dialogue_management=None pipeline_wall=3.010076 turn_observed=6.14989
[16:14:10] MEMORY turn=9 reason=agent_a_reply changed=Agent A,Agent B
[16:14:10] STEP turn=None speaker=Agent A route_valid=- route_goal=- route=-
[16:16:07] PHASE turn=10 speaker=Agent B phase=NLG duration_sec=113.44135546684265
[16:16:07] PHASE turn=10 speaker=Agent B phase=TTS duration_sec=2.379854
[16:16:07] PHASE turn=10 speaker=Agent B phase=ASR duration_sec=1.716008
[16:16:07] SYSTEM telemetry.speech
[16:16:07] SYSTEM telemetry.timing
[16:16:07] MEMORY turn=10 reason=agent_b_reply changed=Agent A,Agent B
[16:16:07] STEP turn=None speaker=Agent B route_valid=- route_goal=- route=-
[16:16:07] PHASE turn=10 speaker=Agent B phase=NLU duration_sec=0.002342
[16:16:07] SYSTEM telemetry.nlu
[16:16:07] SYSTEM warning
[16:16:07] SYSTEM candidate
[16:16:07] PHASE turn=10 speaker=Agent B phase=DM duration_sec=0.0027591735124588013
[16:16:07] TIMING turn=10 speaker=Agent B generation=113.441355 synthesis=2.379854 audio=9.03 recognition=1.716008 understanding=0.002342 dialogue_management=0.002759 pipeline_wall=4.096552 turn_observed=122.476456
[16:16:10] PHASE turn=11 speaker=Agent A phase=NLG duration_sec=0.0016324520111083984
[16:16:10] PHASE turn=11 speaker=Agent A phase=TTS duration_sec=1.655047
[16:16:10] PHASE turn=11 speaker=Agent A phase=ASR duration_sec=1.01472
[16:16:10] SYSTEM telemetry.speech
[16:16:10] SYSTEM telemetry.timing
[16:16:10] TIMING turn=11 speaker=Agent A generation=0.001632 synthesis=1.655047 audio=3.87 recognition=1.01472 understanding=None dialogue_management=None pipeline_wall=2.670273 turn_observed=3.871632
[16:16:10] MEMORY turn=11 reason=agent_a_reply changed=Agent A,Agent B
[16:16:10] STEP turn=None speaker=Agent A route_valid=- route_goal=- route=-
[16:16:12] PHASE turn=12 speaker=Agent B phase=NLG duration_sec=0.0011234283447265625
[16:16:12] PHASE turn=12 speaker=Agent B phase=TTS duration_sec=0.613222
[16:16:12] PHASE turn=12 speaker=Agent B phase=ASR duration_sec=0.898783
[16:16:12] SYSTEM telemetry.speech
[16:16:12] SYSTEM telemetry.timing
[16:16:12] MEMORY turn=12 reason=agent_b_reply changed=Agent A,Agent B
[16:16:12] STEP turn=None speaker=Agent B route_valid=- route_goal=- route=-
[16:16:12] PHASE turn=12 speaker=Agent B phase=NLU duration_sec=1.1e-05
[16:16:12] PHASE turn=12 speaker=Agent B phase=DM duration_sec=0.00011251494288444519
[16:16:12] TIMING turn=12 speaker=Agent B generation=0.001123 synthesis=0.613222 audio=2.276 recognition=0.898783 understanding=1.1e-05 dialogue_management=0.000113 pipeline_wall=1.512482 turn_observed=2.277247
[16:16:48] PHASE turn=13 speaker=Agent A phase=NLG duration_sec=32.467124700546265
[16:16:48] PHASE turn=13 speaker=Agent A phase=TTS duration_sec=2.009302
[16:16:48] PHASE turn=13 speaker=Agent A phase=ASR duration_sec=1.503435
[16:16:48] SYSTEM telemetry.speech
[16:16:48] SYSTEM telemetry.timing
[16:16:48] TIMING turn=13 speaker=Agent A generation=32.467125 synthesis=2.009302 audio=8.415 recognition=1.503435 understanding=None dialogue_management=None pipeline_wall=3.513374 turn_observed=40.882125
[16:16:48] MEMORY turn=13 reason=agent_a_reply changed=Agent A,Agent B
[16:16:48] STEP turn=None speaker=Agent A route_valid=- route_goal=- route=-
[16:18:39] PHASE turn=14 speaker=Agent B phase=NLG duration_sec=107.81054091453552
[16:18:39] PHASE turn=14 speaker=Agent B phase=TTS duration_sec=2.173351
[16:18:39] PHASE turn=14 speaker=Agent B phase=ASR duration_sec=1.530977
[16:18:39] SYSTEM telemetry.speech
[16:18:39] SYSTEM telemetry.timing
[16:18:39] MEMORY turn=14 reason=agent_b_reply changed=Agent A,Agent B
[16:18:39] STEP turn=None speaker=Agent B route_valid=- route_goal=- route=-
[16:18:39] PHASE turn=14 speaker=Agent B phase=NLU duration_sec=0.003333
[16:18:39] SYSTEM telemetry.nlu
[16:18:39] PHASE turn=14 speaker=Agent B phase=DM duration_sec=0.00013577565550804138
[16:18:39] TIMING turn=14 speaker=Agent B generation=107.810541 synthesis=2.173351 audio=7.719 recognition=1.530977 understanding=0.003333 dialogue_management=0.000136 pipeline_wall=3.70502 turn_observed=115.53301
[16:18:43] PHASE turn=15 speaker=Agent A phase=NLG duration_sec=0.03980588912963867
[16:18:43] PHASE turn=15 speaker=Agent A phase=TTS duration_sec=2.015396
[16:18:43] PHASE turn=15 speaker=Agent A phase=ASR duration_sec=1.513682
[16:18:43] SYSTEM telemetry.speech
[16:18:43] SYSTEM telemetry.timing
[16:18:43] TIMING turn=15 speaker=Agent A generation=0.039806 synthesis=2.015396 audio=6.095 recognition=1.513682 understanding=None dialogue_management=None pipeline_wall=3.529589 turn_observed=6.134806
[16:18:43] MEMORY turn=15 reason=agent_a_reply changed=Agent A,Agent B
[16:18:43] STEP turn=None speaker=Agent A route_valid=- route_goal=- route=-
[16:20:32] PHASE turn=16 speaker=Agent B phase=NLG duration_sec=105.47545719146729
[16:20:32] PHASE turn=16 speaker=Agent B phase=TTS duration_sec=2.148383
[16:20:32] PHASE turn=16 speaker=Agent B phase=ASR duration_sec=1.428374
[16:20:32] SYSTEM telemetry.speech
[16:20:32] SYSTEM telemetry.timing
[16:20:32] MEMORY turn=16 reason=agent_b_reply changed=Agent A
[16:20:32] STEP turn=None speaker=Agent B route_valid=- route_goal=- route=-
[16:20:32] PHASE turn=16 speaker=Agent B phase=NLU duration_sec=0.000504
[16:20:32] SYSTEM telemetry.nlu
[16:20:32] PHASE turn=16 speaker=Agent B phase=DM duration_sec=0.0001277197152376175
[16:20:32] TIMING turn=16 speaker=Agent B generation=105.475457 synthesis=2.148383 audio=7.719 recognition=1.428374 understanding=0.000504 dialogue_management=0.000128 pipeline_wall=3.577387 turn_observed=113.195089
[16:20:35] PHASE turn=17 speaker=Agent A phase=NLG duration_sec=0.04086661338806152
[16:20:35] PHASE turn=17 speaker=Agent A phase=TTS duration_sec=1.378814
[16:20:35] PHASE turn=17 speaker=Agent A phase=ASR duration_sec=1.393017
[16:20:35] SYSTEM telemetry.speech
[16:20:35] SYSTEM telemetry.timing
[16:20:35] TIMING turn=17 speaker=Agent A generation=0.040867 synthesis=1.378814 audio=6.924 recognition=1.393017 understanding=None dialogue_management=None pipeline_wall=2.772301 turn_observed=6.964867
[16:20:35] MEMORY turn=17 reason=agent_a_reply changed=Agent A,Agent B
[16:20:35] STEP turn=None speaker=Agent A route_valid=- route_goal=- route=-
[16:20:35] SYSTEM metrics
[16:20:35] SYSTEM done
[16:20:35] SEGMENT batch.condition.end status=ok duration=774.873862 seconds
[16:20:35] SESSION END batch-C-MPCC-FC-CLEAN-PIP-VOS-QQ515-DEFAU-MED-I0-4e69505b28-A
