=== batch-c-mpcc-car-clean-pip-vos-q05-defau-sml-i0-5e36f54f4e-t-20260714-044247.log | sha256=df401f1af0c8b464fe65a9a15fd988435d9d5941d5df73a4a076c84edad1a00e ===
[04:42:47] SESSION START batch-C-MPCC-CAR-CLEAN-PIP-VOS-Q05-DEFAU-SML-I0-5e36f54f4e-T
[04:42:47] SEGMENT batch.condition.start status=ok duration=None seconds
[04:42:47] SYSTEM timer.start
[04:42:48] PHASE turn=1 speaker=Agent A phase=NLG duration_sec=0.0
[04:42:48] PHASE turn=1 speaker=Agent A phase=TTS duration_sec=0.542843
[04:42:48] PHASE turn=1 speaker=Agent A phase=ASR duration_sec=0.026791
[04:42:48] SYSTEM telemetry.speech
[04:42:48] MEMORY turn=1 reason=opening changed=Agent A,Agent B
[04:42:48] STEP turn=None speaker=Agent A route_valid=- route_goal=- route=-
[04:42:48] SYSTEM telemetry.timing
[04:42:48] TIMING turn=1 speaker=Agent A generation=0.0 synthesis=0.542843 audio=11.463 recognition=0.026791 understanding=None dialogue_management=None pipeline_wall=0.570187 turn_observed=11.463
[04:43:10] PHASE turn=2 speaker=Agent B phase=NLG duration_sec=21.57235312461853
[04:43:10] PHASE turn=2 speaker=Agent B phase=TTS duration_sec=0.830099
[04:43:10] PHASE turn=2 speaker=Agent B phase=ASR duration_sec=0.01731
[04:43:10] SYSTEM telemetry.speech
[04:43:10] SYSTEM telemetry.timing
[04:43:10] MEMORY turn=2 reason=agent_b_reply changed=Agent A,Agent B
[04:43:10] STEP turn=None speaker=Agent B route_valid=- route_goal=- route=-
[04:43:10] PHASE turn=2 speaker=Agent B phase=NLU duration_sec=0.000876
[04:43:10] SYSTEM telemetry.nlu
[04:43:10] SYSTEM route
[04:43:10] SYSTEM candidate
[04:43:10] PHASE turn=2 speaker=Agent B phase=DM duration_sec=0.0027024259325116873
[04:43:10] TIMING turn=2 speaker=Agent B generation=21.572353 synthesis=0.830099 audio=9.03 recognition=0.01731 understanding=0.000876 dialogue_management=0.002702 pipeline_wall=0.847754 turn_observed=30.605932
[04:43:31] PHASE turn=3 speaker=Agent A phase=NLG duration_sec=19.894457817077637
[04:43:31] PHASE turn=3 speaker=Agent A phase=TTS duration_sec=0.636023
[04:43:31] PHASE turn=3 speaker=Agent A phase=ASR duration_sec=0.020003
[04:43:31] SYSTEM telemetry.speech
[04:43:31] SYSTEM telemetry.timing
[04:43:31] TIMING turn=3 speaker=Agent A generation=19.894458 synthesis=0.636023 audio=7.961 recognition=0.020003 understanding=None dialogue_management=None pipeline_wall=0.656462 turn_observed=27.855458
[04:43:31] MEMORY turn=3 reason=agent_a_reply changed=Agent A,Agent B
[04:43:31] STEP turn=None speaker=Agent A route_valid=- route_goal=- route=-
[04:43:50] PHASE turn=4 speaker=Agent B phase=NLG duration_sec=18.70598816871643
[04:43:50] PHASE turn=4 speaker=Agent B phase=TTS duration_sec=1.148766
[04:43:50] PHASE turn=4 speaker=Agent B phase=ASR duration_sec=0.035322
[04:43:50] SYSTEM telemetry.speech
[04:43:50] SYSTEM telemetry.timing
[04:43:50] MEMORY turn=4 reason=agent_b_reply changed=Agent A,Agent B
[04:43:50] STEP turn=None speaker=Agent B route_valid=- route_goal=- route=-
[04:43:51] PHASE turn=4 speaker=Agent B phase=NLU duration_sec=0.002322
[04:43:51] SYSTEM telemetry.nlu
[04:43:51] SYSTEM candidate
[04:43:51] PHASE turn=4 speaker=Agent B phase=DM duration_sec=0.002429007086902857
[04:43:51] TIMING turn=4 speaker=Agent B generation=18.705988 synthesis=1.148766 audio=11.925 recognition=0.035322 understanding=0.002322 dialogue_management=0.002429 pipeline_wall=1.18452 turn_observed=30.635739
[04:44:13] PHASE turn=5 speaker=Agent A phase=NLG duration_sec=21.42352867126465
[04:44:13] PHASE turn=5 speaker=Agent A phase=TTS duration_sec=0.584923
[04:44:13] PHASE turn=5 speaker=Agent A phase=ASR duration_sec=0.020316
[04:44:13] SYSTEM telemetry.speech
[04:44:13] SYSTEM telemetry.timing
[04:44:13] TIMING turn=5 speaker=Agent A generation=21.423529 synthesis=0.584923 audio=6.143 recognition=0.020316 understanding=None dialogue_management=None pipeline_wall=0.605593 turn_observed=27.566529
[04:44:13] MEMORY turn=5 reason=agent_a_reply changed=Agent A,Agent B
[04:44:13] STEP turn=None speaker=Agent A route_valid=- route_goal=- route=-
[04:44:35] PHASE turn=6 speaker=Agent B phase=NLG duration_sec=20.655661821365356
[04:44:35] PHASE turn=6 speaker=Agent B phase=TTS duration_sec=1.477136
[04:44:35] PHASE turn=6 speaker=Agent B phase=ASR duration_sec=0.067122
[04:44:35] SYSTEM telemetry.speech
[04:44:35] SYSTEM telemetry.timing
[04:44:35] MEMORY turn=6 reason=agent_b_reply changed=Agent A,Agent B
[04:44:35] STEP turn=None speaker=Agent B route_valid=- route_goal=- route=-
[04:44:35] PHASE turn=6 speaker=Agent B phase=NLU duration_sec=0.001312
[04:44:35] SYSTEM telemetry.nlu
[04:44:35] SYSTEM candidate
[04:44:35] PHASE turn=6 speaker=Agent B phase=DM duration_sec=0.004536626162007451
[04:44:35] TIMING turn=6 speaker=Agent B generation=20.655662 synthesis=1.477136 audio=14.461 recognition=0.067122 understanding=0.001312 dialogue_management=0.004537 pipeline_wall=1.544723 turn_observed=35.12251
[04:44:59] PHASE turn=7 speaker=Agent A phase=NLG duration_sec=23.12704634666443
[04:44:59] PHASE turn=7 speaker=Agent A phase=TTS duration_sec=0.713855
[04:44:59] PHASE turn=7 speaker=Agent A phase=ASR duration_sec=0.03383
[04:44:59] SYSTEM telemetry.speech
[04:44:59] SYSTEM telemetry.timing
[04:44:59] TIMING turn=7 speaker=Agent A generation=23.127046 synthesis=0.713855 audio=6.597 recognition=0.03383 understanding=None dialogue_management=None pipeline_wall=0.747968 turn_observed=29.724046
[04:44:59] MEMORY turn=7 reason=agent_a_reply changed=Agent A,Agent B
[04:44:59] STEP turn=None speaker=Agent A route_valid=- route_goal=- route=-
[04:45:22] PHASE turn=8 speaker=Agent B phase=NLG duration_sec=22.18446445465088
[04:45:22] PHASE turn=8 speaker=Agent B phase=TTS duration_sec=1.178989
[04:45:22] PHASE turn=8 speaker=Agent B phase=ASR duration_sec=0.072418
[04:45:22] SYSTEM telemetry.speech
[04:45:22] SYSTEM telemetry.timing
[04:45:22] MEMORY turn=8 reason=agent_b_reply changed=Agent A,Agent B
[04:45:22] STEP turn=None speaker=Agent B route_valid=- route_goal=- route=-
[04:45:22] PHASE turn=8 speaker=Agent B phase=NLU duration_sec=0.002008
[04:45:22] SYSTEM telemetry.nlu
[04:45:22] SYSTEM candidate
[04:45:22] PHASE turn=8 speaker=Agent B phase=DM duration_sec=0.008876854088157415
[04:45:22] TIMING turn=8 speaker=Agent B generation=22.184464 synthesis=1.178989 audio=11.125 recognition=0.072418 understanding=0.002008 dialogue_management=0.008877 pipeline_wall=1.251936 turn_observed=33.320349
[04:45:23] PHASE turn=9 speaker=Agent A phase=NLG duration_sec=0.0026056766510009766
[04:45:23] PHASE turn=9 speaker=Agent A phase=TTS duration_sec=0.631928
[04:45:23] PHASE turn=9 speaker=Agent A phase=ASR duration_sec=0.042541
[04:45:23] SYSTEM telemetry.speech
[04:45:23] SYSTEM telemetry.timing
[04:45:23] TIMING turn=9 speaker=Agent A generation=0.002606 synthesis=0.631928 audio=3.87 recognition=0.042541 understanding=None dialogue_management=None pipeline_wall=0.674789 turn_observed=3.872606
[04:45:23] MEMORY turn=9 reason=agent_a_reply changed=Agent A,Agent B
[04:45:23] STEP turn=None speaker=Agent A route_valid=- route_goal=- route=-
[04:45:23] PHASE turn=10 speaker=Agent B phase=NLG duration_sec=0.18504834175109863
[04:45:23] PHASE turn=10 speaker=Agent B phase=TTS duration_sec=0.346643
[04:45:23] PHASE turn=10 speaker=Agent B phase=ASR duration_sec=0.025224
[04:45:23] SYSTEM telemetry.speech
[04:45:23] SYSTEM telemetry.timing
[04:45:23] MEMORY turn=10 reason=agent_b_reply changed=Agent A,Agent B
[04:45:23] STEP turn=None speaker=Agent B route_valid=- route_goal=- route=-
[04:45:23] PHASE turn=10 speaker=Agent B phase=NLU duration_sec=1.4e-05
[04:45:23] PHASE turn=10 speaker=Agent B phase=DM duration_sec=0.00010439986363053322
[04:45:23] TIMING turn=10 speaker=Agent B generation=0.185048 synthesis=0.346643 audio=2.276 recognition=0.025224 understanding=1.4e-05 dialogue_management=0.000104 pipeline_wall=0.372119 turn_observed=2.461167
[04:45:49] PHASE turn=11 speaker=Agent A phase=NLG duration_sec=24.557307720184326
[04:45:49] PHASE turn=11 speaker=Agent A phase=TTS duration_sec=0.905854
[04:45:49] PHASE turn=11 speaker=Agent A phase=ASR duration_sec=0.053491
[04:45:49] SYSTEM telemetry.speech
[04:45:49] SYSTEM telemetry.timing
[04:45:49] TIMING turn=11 speaker=Agent A generation=24.557308 synthesis=0.905854 audio=5.361 recognition=0.053491 understanding=None dialogue_management=None pipeline_wall=0.960084 turn_observed=29.918308
[04:45:49] MEMORY turn=11 reason=agent_a_reply changed=Agent A,Agent B
[04:45:49] STEP turn=None speaker=Agent A route_valid=- route_goal=- route=-
[04:45:49] SYSTEM metrics
[04:45:49] SYSTEM done
[04:45:49] SEGMENT batch.condition.end status=ok duration=181.954742 seconds
[04:45:49] SESSION END batch-C-MPCC-CAR-CLEAN-PIP-VOS-Q05-DEFAU-SML-I0-5e36f54f4e-T
