=== batch-c-mpcc-car-hesit-pip-vos-qq57i-defau-lrg-i0-ca2aca49a7-t-20260714-175919.log | sha256=6a21a55672234fe6b192a9cf029a59d93f7d3e62e8d18cc7af884dd622d5999a ===
[17:59:19] SESSION START batch-C-MPCC-CAR-HESIT-PIP-VOS-QQ57I-DEFAU-LRG-I0-ca2aca49a7-T
[17:59:19] SEGMENT batch.condition.start status=ok duration=None seconds
[17:59:19] SYSTEM timer.start
[17:59:20] PHASE turn=1 speaker=Agent A phase=NLG duration_sec=0.0
[17:59:20] PHASE turn=1 speaker=Agent A phase=TTS duration_sec=0.959981
[17:59:20] PHASE turn=1 speaker=Agent A phase=ASR duration_sec=0.041572
[17:59:20] SYSTEM telemetry.speech
[17:59:20] MEMORY turn=1 reason=opening changed=Agent A,Agent B
[17:59:20] STEP turn=None speaker=Agent A route_valid=- route_goal=- route=-
[17:59:20] SYSTEM telemetry.timing
[17:59:20] TIMING turn=1 speaker=Agent A generation=0.0 synthesis=0.959981 audio=12.423 recognition=0.041572 understanding=None dialogue_management=None pipeline_wall=1.002646 turn_observed=12.423
[18:05:41] PHASE turn=2 speaker=Agent B phase=NLG duration_sec=379.3836524486542
[18:05:41] PHASE turn=2 speaker=Agent B phase=TTS duration_sec=1.288914
[18:05:41] PHASE turn=2 speaker=Agent B phase=ASR duration_sec=0.029371
[18:05:41] SYSTEM telemetry.speech
[18:05:41] SYSTEM telemetry.timing
[18:05:41] MEMORY turn=2 reason=agent_b_reply changed=Agent A,Agent B
[18:05:41] STEP turn=None speaker=Agent B route_valid=- route_goal=- route=-
[18:05:41] PHASE turn=2 speaker=Agent B phase=NLU duration_sec=0.001454
[18:05:41] SYSTEM telemetry.nlu
[18:05:41] SYSTEM route
[18:05:41] SYSTEM candidate
[18:05:41] PHASE turn=2 speaker=Agent B phase=DM duration_sec=0.0059723518788814545
[18:05:41] TIMING turn=2 speaker=Agent B generation=379.383652 synthesis=1.288914 audio=6.924 recognition=0.029371 understanding=0.001454 dialogue_management=0.005972 pipeline_wall=1.318885 turn_observed=386.315079
[18:06:12] PHASE turn=3 speaker=Agent A phase=NLG duration_sec=29.787235736846924
[18:06:12] PHASE turn=3 speaker=Agent A phase=TTS duration_sec=1.615213
[18:06:12] PHASE turn=3 speaker=Agent A phase=ASR duration_sec=0.034619
[18:06:12] SYSTEM telemetry.speech
[18:06:12] SYSTEM telemetry.timing
[18:06:12] TIMING turn=3 speaker=Agent A generation=29.787236 synthesis=1.615213 audio=8.609 recognition=0.034619 understanding=None dialogue_management=None pipeline_wall=1.650283 turn_observed=38.396236
[18:06:12] MEMORY turn=3 reason=agent_a_reply changed=Agent A,Agent B
[18:06:12] STEP turn=None speaker=Agent A route_valid=- route_goal=- route=-
[18:14:00] PHASE turn=4 speaker=Agent B phase=NLG duration_sec=466.0115315914154
[18:14:00] PHASE turn=4 speaker=Agent B phase=TTS duration_sec=1.837933
[18:14:00] PHASE turn=4 speaker=Agent B phase=ASR duration_sec=0.029058
[18:14:00] SYSTEM telemetry.speech
[18:14:00] SYSTEM telemetry.timing
[18:14:00] MEMORY turn=4 reason=agent_b_reply changed=Agent A,Agent B
[18:14:00] STEP turn=None speaker=Agent B route_valid=- route_goal=- route=-
[18:14:00] PHASE turn=4 speaker=Agent B phase=NLU duration_sec=0.001236
[18:14:00] SYSTEM telemetry.nlu
[18:14:00] SYSTEM candidate
[18:14:00] PHASE turn=4 speaker=Agent B phase=DM duration_sec=0.005854710005223751
[18:14:00] TIMING turn=4 speaker=Agent B generation=466.011532 synthesis=1.837933 audio=9.955 recognition=0.029058 understanding=0.001236 dialogue_management=0.005855 pipeline_wall=1.868077 turn_observed=475.973622
[18:14:33] PHASE turn=5 speaker=Agent A phase=NLG duration_sec=31.680965185165405
[18:14:33] PHASE turn=5 speaker=Agent A phase=TTS duration_sec=1.052686
[18:14:33] PHASE turn=5 speaker=Agent A phase=ASR duration_sec=0.027787
[18:14:33] SYSTEM telemetry.speech
[18:14:33] SYSTEM telemetry.timing
[18:14:33] TIMING turn=5 speaker=Agent A generation=31.680965 synthesis=1.052686 audio=5.923 recognition=0.027787 understanding=None dialogue_management=None pipeline_wall=1.081067 turn_observed=37.603965
[18:14:33] MEMORY turn=5 reason=agent_a_reply changed=Agent A,Agent B
[18:14:33] STEP turn=None speaker=Agent A route_valid=- route_goal=- route=-
[18:22:58] PHASE turn=6 speaker=Agent B phase=NLG duration_sec=502.9518687725067
[18:22:58] PHASE turn=6 speaker=Agent B phase=TTS duration_sec=2.009092
[18:22:58] PHASE turn=6 speaker=Agent B phase=ASR duration_sec=0.037692
[18:22:58] SYSTEM telemetry.speech
[18:22:58] SYSTEM telemetry.timing
[18:22:58] MEMORY turn=6 reason=agent_b_reply changed=Agent A,Agent B
[18:22:58] STEP turn=None speaker=Agent B route_valid=- route_goal=- route=-
[18:22:58] PHASE turn=6 speaker=Agent B phase=NLU duration_sec=0.002466
[18:22:58] SYSTEM telemetry.nlu
[18:22:58] SYSTEM candidate
[18:22:58] PHASE turn=6 speaker=Agent B phase=DM duration_sec=0.00872381217777729
[18:22:58] TIMING turn=6 speaker=Agent B generation=502.951869 synthesis=2.009092 audio=11.081 recognition=0.037692 understanding=0.002466 dialogue_management=0.008724 pipeline_wall=2.047553 turn_observed=514.044058
[18:23:34] PHASE turn=7 speaker=Agent A phase=NLG duration_sec=34.07504367828369
[18:23:34] PHASE turn=7 speaker=Agent A phase=TTS duration_sec=1.327475
[18:23:34] PHASE turn=7 speaker=Agent A phase=ASR duration_sec=0.035301
[18:23:34] SYSTEM telemetry.speech
[18:23:34] SYSTEM telemetry.timing
[18:23:34] TIMING turn=7 speaker=Agent A generation=34.075044 synthesis=1.327475 audio=7.266 recognition=0.035301 understanding=None dialogue_management=None pipeline_wall=1.363466 turn_observed=41.341044
[18:23:34] MEMORY turn=7 reason=agent_a_reply changed=Agent A,Agent B
[18:23:34] STEP turn=None speaker=Agent A route_valid=- route_goal=- route=-
[18:32:35] PHASE turn=8 speaker=Agent B phase=NLG duration_sec=539.8434836864471
[18:32:35] PHASE turn=8 speaker=Agent B phase=TTS duration_sec=1.899513
[18:32:35] PHASE turn=8 speaker=Agent B phase=ASR duration_sec=0.03538
[18:32:35] SYSTEM telemetry.speech
[18:32:35] SYSTEM telemetry.timing
[18:32:35] MEMORY turn=8 reason=agent_b_reply changed=Agent A,Agent B
[18:32:35] STEP turn=None speaker=Agent B route_valid=- route_goal=- route=-
[18:32:35] PHASE turn=8 speaker=Agent B phase=NLU duration_sec=0.001892
[18:32:35] SYSTEM telemetry.nlu
[18:32:35] SYSTEM candidate
[18:32:35] PHASE turn=8 speaker=Agent B phase=DM duration_sec=0.00852320995181799
[18:32:35] TIMING turn=8 speaker=Agent B generation=539.843484 synthesis=1.899513 audio=10.666 recognition=0.03538 understanding=0.001892 dialogue_management=0.008523 pipeline_wall=1.935544 turn_observed=550.519899
[18:33:11] PHASE turn=9 speaker=Agent A phase=NLG duration_sec=34.53001260757446
[18:33:11] PHASE turn=9 speaker=Agent A phase=TTS duration_sec=0.967664
[18:33:11] PHASE turn=9 speaker=Agent A phase=ASR duration_sec=0.019146
[18:33:11] SYSTEM telemetry.speech
[18:33:11] SYSTEM telemetry.timing
[18:33:11] TIMING turn=9 speaker=Agent A generation=34.530013 synthesis=0.967664 audio=5.281 recognition=0.019146 understanding=None dialogue_management=None pipeline_wall=0.987329 turn_observed=39.811013
[18:33:11] MEMORY turn=9 reason=agent_a_reply changed=Agent A,Agent B
[18:33:11] STEP turn=None speaker=Agent A route_valid=- route_goal=- route=-
[18:33:11] SYSTEM metrics
[18:33:11] SYSTEM done
[18:33:11] SEGMENT batch.condition.end status=ok duration=2031.820103 seconds
[18:33:11] SESSION END batch-C-MPCC-CAR-HESIT-PIP-VOS-QQ57I-DEFAU-LRG-I0-ca2aca49a7-T
