=== batch-c-mt-dst-hesit-pip-vos-q05-defau-sml-i0-29e1f28b3f-a-20260714-033613.log | sha256=6c8f2ab2500b005746badbeb6df907d13f419d2f35bcb4cdc057345b153f998d ===
[03:36:13] SESSION START batch-C-MT-DST-HESIT-PIP-VOS-Q05-DEFAU-SML-I0-29e1f28b3f-A
[03:36:13] SEGMENT batch.condition.start status=ok duration=None seconds
[03:36:13] SYSTEM timer.start
[03:36:27] PHASE turn=1 speaker=Agent A phase=NLG duration_sec=0.0
[03:36:27] PHASE turn=1 speaker=Agent A phase=TTS duration_sec=9.623917
[03:36:27] PHASE turn=1 speaker=Agent A phase=ASR duration_sec=1.71363
[03:36:27] SYSTEM telemetry.speech
[03:36:27] MEMORY turn=1 reason=opening changed=Agent A,Agent B
[03:36:27] STEP turn=None speaker=Agent A route_valid=- route_goal=- route=-
[03:36:27] SYSTEM telemetry.timing
[03:36:27] TIMING turn=1 speaker=Agent A generation=0.0 synthesis=9.623917 audio=11.467 recognition=1.71363 understanding=None dialogue_management=None pipeline_wall=13.783284 turn_observed=13.783359
[03:36:33] PHASE turn=2 speaker=Agent B phase=NLG duration_sec=0.000370025634765625
[03:36:33] PHASE turn=2 speaker=Agent B phase=TTS duration_sec=4.509482
[03:36:33] PHASE turn=2 speaker=Agent B phase=ASR duration_sec=0.697421
[03:36:33] SYSTEM telemetry.speech
[03:36:33] SYSTEM telemetry.timing
[03:36:33] MEMORY turn=2 reason=agent_b_reply changed=Agent A,Agent B
[03:36:33] STEP turn=None speaker=Agent B route_valid=- route_goal=- route=-
[03:36:33] PHASE turn=2 speaker=Agent B phase=NLU duration_sec=0.000327
[03:36:33] SYSTEM telemetry.nlu
[03:36:33] PHASE turn=2 speaker=Agent B phase=DM duration_sec=9.980914182960987e-05
[03:36:33] TIMING turn=2 speaker=Agent B generation=0.00037 synthesis=4.509482 audio=4.047 recognition=0.697421 understanding=0.000327 dialogue_management=0.0001 pipeline_wall=6.165766 turn_observed=6.166616
[03:36:42] PHASE turn=3 speaker=Agent A phase=NLG duration_sec=0.0014736652374267578
[03:36:42] PHASE turn=3 speaker=Agent A phase=TTS duration_sec=5.537237
[03:36:42] PHASE turn=3 speaker=Agent A phase=ASR duration_sec=1.0542
[03:36:42] SYSTEM telemetry.speech
[03:36:42] SYSTEM telemetry.timing
[03:36:42] TIMING turn=3 speaker=Agent A generation=0.001474 synthesis=5.537237 audio=7.011 recognition=1.0542 understanding=None dialogue_management=None pipeline_wall=8.80876 turn_observed=8.81032
[03:36:42] MEMORY turn=3 reason=agent_a_reply changed=Agent A,Agent B
[03:36:42] STEP turn=None speaker=Agent A route_valid=- route_goal=- route=-
[03:36:50] PHASE turn=4 speaker=Agent B phase=NLG duration_sec=0.0008907318115234375
[03:36:50] PHASE turn=4 speaker=Agent B phase=TTS duration_sec=5.817503
[03:36:50] PHASE turn=4 speaker=Agent B phase=ASR duration_sec=0.822261
[03:36:50] SYSTEM telemetry.speech
[03:36:50] SYSTEM telemetry.timing
[03:36:50] MEMORY turn=4 reason=agent_b_reply changed=Agent A,Agent B
[03:36:50] STEP turn=None speaker=Agent B route_valid=- route_goal=- route=-
[03:36:50] PHASE turn=4 speaker=Agent B phase=NLU duration_sec=0.000324
[03:36:50] SYSTEM telemetry.nlu
[03:36:50] PHASE turn=4 speaker=Agent B phase=DM duration_sec=0.00012816907837986946
[03:36:50] TIMING turn=4 speaker=Agent B generation=0.000891 synthesis=5.817503 audio=4.535 recognition=0.822261 understanding=0.000324 dialogue_management=0.000128 pipeline_wall=7.857403 turn_observed=7.858813
[03:36:59] PHASE turn=5 speaker=Agent A phase=NLG duration_sec=0.000843048095703125
[03:36:59] PHASE turn=5 speaker=Agent A phase=TTS duration_sec=5.893063
[03:36:59] PHASE turn=5 speaker=Agent A phase=ASR duration_sec=1.012311
[03:36:59] SYSTEM telemetry.speech
[03:36:59] SYSTEM telemetry.timing
[03:36:59] TIMING turn=5 speaker=Agent A generation=0.000843 synthesis=5.893063 audio=5.874 recognition=1.012311 understanding=None dialogue_management=None pipeline_wall=8.480186 turn_observed=8.481085
[03:36:59] MEMORY turn=5 reason=agent_a_reply changed=Agent B
[03:36:59] STEP turn=None speaker=Agent A route_valid=- route_goal=- route=-
[03:37:28] PHASE turn=6 speaker=Agent B phase=NLG duration_sec=21.604485273361206
[03:37:28] PHASE turn=6 speaker=Agent B phase=TTS duration_sec=4.654918
[03:37:28] PHASE turn=6 speaker=Agent B phase=ASR duration_sec=1.006913
[03:37:28] SYSTEM telemetry.speech
[03:37:28] SYSTEM telemetry.timing
[03:37:28] MEMORY turn=6 reason=agent_b_reply changed=Agent A,Agent B
[03:37:28] STEP turn=None speaker=Agent B route_valid=- route_goal=- route=-
[03:37:28] PHASE turn=6 speaker=Agent B phase=NLU duration_sec=0.000358
[03:37:28] SYSTEM telemetry.nlu
[03:37:28] SYSTEM warning
[03:37:28] PHASE turn=6 speaker=Agent B phase=DM duration_sec=0.00014240900054574013
[03:37:28] TIMING turn=6 speaker=Agent B generation=21.604485 synthesis=4.654918 audio=5.947 recognition=1.006913 understanding=0.000358 dialogue_management=0.000142 pipeline_wall=7.460201 turn_observed=29.065285
[03:37:33] PHASE turn=7 speaker=Agent A phase=NLG duration_sec=0.024466753005981445
[03:37:33] PHASE turn=7 speaker=Agent A phase=TTS duration_sec=3.750028
[03:37:33] PHASE turn=7 speaker=Agent A phase=ASR duration_sec=0.597601
[03:37:33] SYSTEM telemetry.speech
[03:37:33] SYSTEM telemetry.timing
[03:37:33] TIMING turn=7 speaker=Agent A generation=0.024467 synthesis=3.750028 audio=3.271 recognition=0.597601 understanding=None dialogue_management=None pipeline_wall=5.090772 turn_observed=5.115299
[03:37:33] MEMORY turn=7 reason=agent_a_reply changed=Agent A,Agent B
[03:37:33] STEP turn=None speaker=Agent A route_valid=- route_goal=- route=-
[03:37:39] PHASE turn=8 speaker=Agent B phase=NLG duration_sec=0.20259380340576172
[03:37:39] PHASE turn=8 speaker=Agent B phase=TTS duration_sec=4.160127
[03:37:39] PHASE turn=8 speaker=Agent B phase=ASR duration_sec=0.619262
[03:37:39] SYSTEM telemetry.speech
[03:37:39] SYSTEM telemetry.timing
[03:37:39] MEMORY turn=8 reason=agent_b_reply changed=Agent A,Agent B
[03:37:39] STEP turn=None speaker=Agent B route_valid=- route_goal=- route=-
[03:37:39] PHASE turn=8 speaker=Agent B phase=NLU duration_sec=7e-06
[03:37:39] PHASE turn=8 speaker=Agent B phase=DM duration_sec=9.284913539886475e-05
[03:37:39] TIMING turn=8 speaker=Agent B generation=0.202594 synthesis=4.160127 audio=3.588 recognition=0.619262 understanding=7e-06 dialogue_management=9.3e-05 pipeline_wall=5.762326 turn_observed=5.965084
[03:37:43] PHASE turn=9 speaker=Agent A phase=NLG duration_sec=0.017032384872436523
[03:37:43] PHASE turn=9 speaker=Agent A phase=TTS duration_sec=2.592292
[03:37:43] PHASE turn=9 speaker=Agent A phase=ASR duration_sec=0.587494
[03:37:43] SYSTEM telemetry.speech
[03:37:43] SYSTEM telemetry.timing
[03:37:43] TIMING turn=9 speaker=Agent A generation=0.017032 synthesis=2.592292 audio=2.702 recognition=0.587494 understanding=None dialogue_management=None pipeline_wall=3.833522 turn_observed=3.850621
[03:37:43] MEMORY turn=9 reason=agent_a_reply changed=Agent A,Agent B
[03:37:43] STEP turn=None speaker=Agent A route_valid=- route_goal=- route=-
[03:37:48] PHASE turn=10 speaker=Agent B phase=NLG duration_sec=0.0010762214660644531
[03:37:48] PHASE turn=10 speaker=Agent B phase=TTS duration_sec=3.877055
[03:37:48] PHASE turn=10 speaker=Agent B phase=ASR duration_sec=0.674254
[03:37:48] SYSTEM telemetry.speech
[03:37:48] SYSTEM telemetry.timing
[03:37:48] MEMORY turn=10 reason=agent_b_reply changed=Agent A,Agent B
[03:37:48] STEP turn=None speaker=Agent B route_valid=- route_goal=- route=-
[03:37:48] PHASE turn=10 speaker=Agent B phase=NLU duration_sec=7e-06
[03:37:48] PHASE turn=10 speaker=Agent B phase=DM duration_sec=8.282903581857681e-05
[03:37:48] TIMING turn=10 speaker=Agent B generation=0.001076 synthesis=3.877055 audio=2.921 recognition=0.674254 understanding=7e-06 dialogue_management=8.3e-05 pipeline_wall=5.561501 turn_observed=5.562721
[03:37:57] PHASE turn=11 speaker=Agent A phase=NLG duration_sec=0.010675668716430664
[03:37:57] PHASE turn=11 speaker=Agent A phase=TTS duration_sec=6.506187
[03:37:57] PHASE turn=11 speaker=Agent A phase=ASR duration_sec=1.0214
[03:37:57] SYSTEM telemetry.speech
[03:37:57] SYSTEM telemetry.timing
[03:37:57] TIMING turn=11 speaker=Agent A generation=0.010676 synthesis=6.506187 audio=6.854 recognition=1.0214 understanding=None dialogue_management=None pipeline_wall=9.17035 turn_observed=9.181079
[03:37:57] MEMORY turn=11 reason=agent_a_reply changed=Agent A,Agent B
[03:37:57] STEP turn=None speaker=Agent A route_valid=- route_goal=- route=-
[03:38:28] PHASE turn=12 speaker=Agent B phase=NLG duration_sec=20.2071590423584
[03:38:28] PHASE turn=12 speaker=Agent B phase=TTS duration_sec=7.393406
[03:38:28] PHASE turn=12 speaker=Agent B phase=ASR duration_sec=1.013267
[03:38:28] SYSTEM telemetry.speech
[03:38:28] SYSTEM telemetry.timing
[03:38:28] MEMORY turn=12 reason=agent_b_reply changed=Agent A,Agent B
[03:38:28] STEP turn=None speaker=Agent B route_valid=- route_goal=- route=-
[03:38:28] PHASE turn=12 speaker=Agent B phase=NLU duration_sec=0.00061
[03:38:28] SYSTEM telemetry.nlu
[03:38:28] PHASE turn=12 speaker=Agent B phase=DM duration_sec=0.00010668882168829441
[03:38:28] TIMING turn=12 speaker=Agent B generation=20.207159 synthesis=7.393406 audio=5.893 recognition=1.013267 understanding=0.00061 dialogue_management=0.000107 pipeline_wall=9.939672 turn_observed=30.147636
[03:38:32] PHASE turn=13 speaker=Agent A phase=NLG duration_sec=0.01956653594970703
[03:38:32] PHASE turn=13 speaker=Agent A phase=TTS duration_sec=3.152903
[03:38:32] PHASE turn=13 speaker=Agent A phase=ASR duration_sec=0.598427
[03:38:32] SYSTEM telemetry.speech
[03:38:32] SYSTEM telemetry.timing
[03:38:32] TIMING turn=13 speaker=Agent A generation=0.019567 synthesis=3.152903 audio=3.271 recognition=0.598427 understanding=None dialogue_management=None pipeline_wall=4.789366 turn_observed=4.808994
[03:38:32] MEMORY turn=13 reason=agent_a_reply changed=Agent A,Agent B
[03:38:32] STEP turn=None speaker=Agent A route_valid=- route_goal=- route=-
[03:39:04] PHASE turn=14 speaker=Agent B phase=NLG duration_sec=20.503411293029785
[03:39:04] PHASE turn=14 speaker=Agent B phase=TTS duration_sec=8.405225
[03:39:04] PHASE turn=14 speaker=Agent B phase=ASR duration_sec=1.00502
[03:39:04] SYSTEM telemetry.speech
[03:39:04] SYSTEM telemetry.timing
[03:39:04] MEMORY turn=14 reason=agent_b_reply changed=Agent A
[03:39:04] STEP turn=None speaker=Agent B route_valid=- route_goal=- route=-
[03:39:04] PHASE turn=14 speaker=Agent B phase=NLU duration_sec=0.000339
[03:39:04] SYSTEM telemetry.nlu
[03:39:04] PHASE turn=14 speaker=Agent B phase=DM duration_sec=9.066984057426453e-05
[03:39:04] TIMING turn=14 speaker=Agent B generation=20.503411 synthesis=8.405225 audio=6.381 recognition=1.00502 understanding=0.000339 dialogue_management=9.1e-05 pipeline_wall=11.302711 turn_observed=31.806639
[03:39:08] PHASE turn=15 speaker=Agent A phase=NLG duration_sec=0.02688312530517578
[03:39:08] PHASE turn=15 speaker=Agent A phase=TTS duration_sec=2.686268
[03:39:08] PHASE turn=15 speaker=Agent A phase=ASR duration_sec=0.561548
[03:39:08] SYSTEM telemetry.speech
[03:39:08] SYSTEM telemetry.timing
[03:39:08] TIMING turn=15 speaker=Agent A generation=0.026883 synthesis=2.686268 audio=2.702 recognition=0.561548 understanding=None dialogue_management=None pipeline_wall=3.879985 turn_observed=3.906929
[03:39:08] MEMORY turn=15 reason=agent_a_reply changed=Agent A,Agent B
[03:39:08] STEP turn=None speaker=Agent A route_valid=- route_goal=- route=-
[03:39:14] PHASE turn=16 speaker=Agent B phase=NLG duration_sec=0.0005896091461181641
[03:39:14] PHASE turn=16 speaker=Agent B phase=TTS duration_sec=4.082544
[03:39:14] PHASE turn=16 speaker=Agent B phase=ASR duration_sec=0.670026
[03:39:14] SYSTEM telemetry.speech
[03:39:14] SYSTEM telemetry.timing
[03:39:14] MEMORY turn=16 reason=agent_b_reply changed=Agent A,Agent B
[03:39:14] STEP turn=None speaker=Agent B route_valid=- route_goal=- route=-
[03:39:14] PHASE turn=16 speaker=Agent B phase=NLU duration_sec=6e-06
[03:39:14] PHASE turn=16 speaker=Agent B phase=DM duration_sec=7.490906864404678e-05
[03:39:14] TIMING turn=16 speaker=Agent B generation=0.00059 synthesis=4.082544 audio=3.588 recognition=0.670026 understanding=6e-06 dialogue_management=7.5e-05 pipeline_wall=5.80654 turn_observed=5.807258
[03:39:24] PHASE turn=17 speaker=Agent A phase=NLG duration_sec=0.014759302139282227
[03:39:24] PHASE turn=17 speaker=Agent A phase=TTS duration_sec=6.997656
[03:39:24] PHASE turn=17 speaker=Agent A phase=ASR duration_sec=0.954672
[03:39:24] SYSTEM telemetry.speech
[03:39:24] SYSTEM telemetry.timing
[03:39:24] TIMING turn=17 speaker=Agent A generation=0.014759 synthesis=6.997656 audio=7.241 recognition=0.954672 understanding=None dialogue_management=None pipeline_wall=9.779184 turn_observed=9.794012
[03:39:24] MEMORY turn=17 reason=agent_a_reply changed=Agent A,Agent B
[03:39:24] STEP turn=None speaker=Agent A route_valid=- route_goal=- route=-
[03:39:52] PHASE turn=18 speaker=Agent B phase=NLG duration_sec=20.628440141677856
[03:39:52] PHASE turn=18 speaker=Agent B phase=TTS duration_sec=5.045501
[03:39:52] PHASE turn=18 speaker=Agent B phase=ASR duration_sec=1.124055
[03:39:52] SYSTEM telemetry.speech
[03:39:52] SYSTEM telemetry.timing
[03:39:52] MEMORY turn=18 reason=agent_b_reply changed=Agent A,Agent B
[03:39:52] STEP turn=None speaker=Agent B route_valid=- route_goal=- route=-
[03:39:52] PHASE turn=18 speaker=Agent B phase=NLU duration_sec=0.000305
[03:39:52] SYSTEM telemetry.nlu
[03:39:52] PHASE turn=18 speaker=Agent B phase=DM duration_sec=7.38000962883234e-05
[03:39:52] TIMING turn=18 speaker=Agent B generation=20.62844 synthesis=5.045501 audio=6.868 recognition=1.124055 understanding=0.000305 dialogue_management=7.4e-05 pipeline_wall=8.180492 turn_observed=28.809378
[03:39:59] PHASE turn=19 speaker=Agent A phase=NLG duration_sec=0.020186185836791992
[03:39:59] PHASE turn=19 speaker=Agent A phase=TTS duration_sec=4.4495
[03:39:59] PHASE turn=19 speaker=Agent A phase=ASR duration_sec=0.752319
[03:39:59] SYSTEM telemetry.speech
[03:39:59] SYSTEM telemetry.timing
[03:39:59] TIMING turn=19 speaker=Agent A generation=0.020186 synthesis=4.4495 audio=4.045 recognition=0.752319 understanding=None dialogue_management=None pipeline_wall=6.468534 turn_observed=6.488776
[03:39:59] MEMORY turn=19 reason=agent_a_reply changed=Agent A,Agent B
[03:39:59] STEP turn=None speaker=Agent A route_valid=- route_goal=- route=-
[03:40:29] PHASE turn=20 speaker=Agent B phase=NLG duration_sec=20.967597246170044
[03:40:29] PHASE turn=20 speaker=Agent B phase=TTS duration_sec=6.882318
[03:40:29] PHASE turn=20 speaker=Agent B phase=ASR duration_sec=0.950817
[03:40:29] SYSTEM telemetry.speech
[03:40:29] SYSTEM telemetry.timing
[03:40:29] MEMORY turn=20 reason=agent_b_reply changed=Agent A
[03:40:29] STEP turn=None speaker=Agent B route_valid=- route_goal=- route=-
[03:40:29] PHASE turn=20 speaker=Agent B phase=NLU duration_sec=0.00034
[03:40:29] SYSTEM telemetry.nlu
[03:40:29] PHASE turn=20 speaker=Agent B phase=DM duration_sec=0.00010427902452647686
[03:40:29] TIMING turn=20 speaker=Agent B generation=20.967597 synthesis=6.882318 audio=5.893 recognition=0.950817 understanding=0.00034 dialogue_management=0.000104 pipeline_wall=9.488636 turn_observed=30.45676
[03:40:29] SYSTEM metrics
[03:40:29] SYSTEM done
[03:40:29] SEGMENT batch.condition.end status=ok duration=256.06127 seconds
[03:40:29] SESSION END batch-C-MT-DST-HESIT-PIP-VOS-Q05-DEFAU-SML-I0-29e1f28b3f-A
