=== batch-c-mpcc-dst-clean-pip-vos-tl1-defau-sml-i0-984c592d84-t-20260714-055220.log | sha256=59ca6971d298de0c4f071e8bfa78cf6a5c609cf9b84f5c07052688a8e027efa0 ===
[05:52:20] SESSION START batch-C-MPCC-DST-CLEAN-PIP-VOS-TL1-DEFAU-SML-I0-984c592d84-T
[05:52:20] SEGMENT batch.condition.start status=ok duration=None seconds
[05:52:20] SYSTEM timer.start
[05:52:20] PHASE turn=1 speaker=Agent A phase=NLG duration_sec=0.0
[05:52:20] PHASE turn=1 speaker=Agent A phase=TTS duration_sec=0.575126
[05:52:20] PHASE turn=1 speaker=Agent A phase=ASR duration_sec=0.029237
[05:52:20] SYSTEM telemetry.speech
[05:52:20] MEMORY turn=1 reason=opening changed=Agent A,Agent B
[05:52:20] STEP turn=None speaker=Agent A route_valid=- route_goal=- route=-
[05:52:20] SYSTEM telemetry.timing
[05:52:20] TIMING turn=1 speaker=Agent A generation=0.0 synthesis=0.575126 audio=11.463 recognition=0.029237 understanding=None dialogue_management=None pipeline_wall=0.604966 turn_observed=11.463
[05:53:24] PHASE turn=2 speaker=Agent B phase=NLG duration_sec=62.38124179840088
[05:53:24] PHASE turn=2 speaker=Agent B phase=TTS duration_sec=0.939794
[05:53:24] PHASE turn=2 speaker=Agent B phase=ASR duration_sec=0.017924
[05:53:24] SYSTEM telemetry.speech
[05:53:24] SYSTEM telemetry.timing
[05:53:24] MEMORY turn=2 reason=agent_b_reply changed=Agent A,Agent B
[05:53:24] STEP turn=None speaker=Agent B route_valid=- route_goal=- route=-
[05:53:24] PHASE turn=2 speaker=Agent B phase=NLU duration_sec=0.001052
[05:53:24] SYSTEM telemetry.nlu
[05:53:24] SYSTEM route
[05:53:24] SYSTEM candidate
[05:53:24] PHASE turn=2 speaker=Agent B phase=DM duration_sec=0.003529289038851857
[05:53:24] TIMING turn=2 speaker=Agent B generation=62.381242 synthesis=0.939794 audio=9.03 recognition=0.017924 understanding=0.001052 dialogue_management=0.003529 pipeline_wall=0.958166 turn_observed=71.415823
[05:53:47] PHASE turn=3 speaker=Agent A phase=NLG duration_sec=22.92386293411255
[05:53:47] PHASE turn=3 speaker=Agent A phase=TTS duration_sec=0.588296
[05:53:47] PHASE turn=3 speaker=Agent A phase=ASR duration_sec=0.013868
[05:53:47] SYSTEM telemetry.speech
[05:53:47] SYSTEM telemetry.timing
[05:53:47] TIMING turn=3 speaker=Agent A generation=22.923863 synthesis=0.588296 audio=6.143 recognition=0.013868 understanding=None dialogue_management=None pipeline_wall=0.602554 turn_observed=29.066863
[05:53:47] MEMORY turn=3 reason=agent_a_reply changed=Agent A,Agent B
[05:53:47] STEP turn=None speaker=Agent A route_valid=- route_goal=- route=-
[05:54:54] PHASE turn=4 speaker=Agent B phase=NLG duration_sec=65.5273916721344
[05:54:54] PHASE turn=4 speaker=Agent B phase=TTS duration_sec=1.57645
[05:54:54] PHASE turn=4 speaker=Agent B phase=ASR duration_sec=0.026446
[05:54:54] SYSTEM telemetry.speech
[05:54:54] SYSTEM telemetry.timing
[05:54:54] MEMORY turn=4 reason=agent_b_reply changed=Agent A,Agent B
[05:54:54] STEP turn=None speaker=Agent B route_valid=- route_goal=- route=-
[05:54:54] PHASE turn=4 speaker=Agent B phase=NLU duration_sec=0.001501
[05:54:54] SYSTEM telemetry.nlu
[05:54:54] SYSTEM candidate
[05:54:54] PHASE turn=4 speaker=Agent B phase=DM duration_sec=0.0048305310774594545
[05:54:54] TIMING turn=4 speaker=Agent B generation=65.527392 synthesis=1.57645 audio=14.461 recognition=0.026446 understanding=0.001501 dialogue_management=0.004831 pipeline_wall=1.603357 turn_observed=79.994723
[05:55:20] PHASE turn=5 speaker=Agent A phase=NLG duration_sec=24.666159868240356
[05:55:20] PHASE turn=5 speaker=Agent A phase=TTS duration_sec=0.677972
[05:55:20] PHASE turn=5 speaker=Agent A phase=ASR duration_sec=0.021498
[05:55:20] SYSTEM telemetry.speech
[05:55:20] SYSTEM telemetry.timing
[05:55:20] TIMING turn=5 speaker=Agent A generation=24.66616 synthesis=0.677972 audio=6.597 recognition=0.021498 understanding=None dialogue_management=None pipeline_wall=0.699939 turn_observed=31.26316
[05:55:20] MEMORY turn=5 reason=agent_a_reply changed=Agent A,Agent B
[05:55:20] STEP turn=None speaker=Agent A route_valid=- route_goal=- route=-
[05:56:33] PHASE turn=6 speaker=Agent B phase=NLG duration_sec=72.25950121879578
[05:56:33] PHASE turn=6 speaker=Agent B phase=TTS duration_sec=1.113065
[05:56:33] PHASE turn=6 speaker=Agent B phase=ASR duration_sec=0.022864
[05:56:33] SYSTEM telemetry.speech
[05:56:33] SYSTEM telemetry.timing
[05:56:33] MEMORY turn=6 reason=agent_b_reply changed=Agent A,Agent B
[05:56:33] STEP turn=None speaker=Agent B route_valid=- route_goal=- route=-
[05:56:33] PHASE turn=6 speaker=Agent B phase=NLU duration_sec=0.001509
[05:56:33] SYSTEM telemetry.nlu
[05:56:33] SYSTEM candidate
[05:56:33] PHASE turn=6 speaker=Agent B phase=DM duration_sec=0.004338887054473162
[05:56:33] TIMING turn=6 speaker=Agent B generation=72.259501 synthesis=1.113065 audio=11.125 recognition=0.022864 understanding=0.001509 dialogue_management=0.004339 pipeline_wall=1.13636 turn_observed=83.390349
[05:56:34] PHASE turn=7 speaker=Agent A phase=NLG duration_sec=0.0016961097717285156
[05:56:34] PHASE turn=7 speaker=Agent A phase=TTS duration_sec=0.392543
[05:56:34] PHASE turn=7 speaker=Agent A phase=ASR duration_sec=0.00804
[05:56:34] SYSTEM telemetry.speech
[05:56:34] SYSTEM telemetry.timing
[05:56:34] TIMING turn=7 speaker=Agent A generation=0.001696 synthesis=0.392543 audio=3.87 recognition=0.00804 understanding=None dialogue_management=None pipeline_wall=0.400825 turn_observed=3.871696
[05:56:34] MEMORY turn=7 reason=agent_a_reply changed=Agent A,Agent B
[05:56:34] STEP turn=None speaker=Agent A route_valid=- route_goal=- route=-
[05:56:34] PHASE turn=8 speaker=Agent B phase=NLG duration_sec=0.20586681365966797
[05:56:34] PHASE turn=8 speaker=Agent B phase=TTS duration_sec=0.251185
[05:56:34] PHASE turn=8 speaker=Agent B phase=ASR duration_sec=0.004385
[05:56:34] SYSTEM telemetry.speech
[05:56:34] SYSTEM telemetry.timing
[05:56:34] MEMORY turn=8 reason=agent_b_reply changed=Agent A,Agent B
[05:56:34] STEP turn=None speaker=Agent B route_valid=- route_goal=- route=-
[05:56:34] PHASE turn=8 speaker=Agent B phase=NLU duration_sec=7e-06
[05:56:34] PHASE turn=8 speaker=Agent B phase=DM duration_sec=7.691909559071064e-05
[05:56:34] TIMING turn=8 speaker=Agent B generation=0.205867 synthesis=0.251185 audio=2.276 recognition=0.004385 understanding=7e-06 dialogue_management=7.7e-05 pipeline_wall=0.255831 turn_observed=2.48195
[05:57:01] PHASE turn=9 speaker=Agent A phase=NLG duration_sec=26.42132043838501
[05:57:01] PHASE turn=9 speaker=Agent A phase=TTS duration_sec=0.734126
[05:57:01] PHASE turn=9 speaker=Agent A phase=ASR duration_sec=0.019536
[05:57:01] SYSTEM telemetry.speech
[05:57:01] SYSTEM telemetry.timing
[05:57:01] TIMING turn=9 speaker=Agent A generation=26.42132 synthesis=0.734126 audio=6.597 recognition=0.019536 understanding=None dialogue_management=None pipeline_wall=0.754073 turn_observed=33.01832
[05:57:01] MEMORY turn=9 reason=agent_a_reply changed=Agent A,Agent B
[05:57:01] STEP turn=None speaker=Agent A route_valid=- route_goal=- route=-
[05:58:21] PHASE turn=10 speaker=Agent B phase=NLG duration_sec=77.5191547870636
[05:58:21] PHASE turn=10 speaker=Agent B phase=TTS duration_sec=2.005746
[05:58:21] PHASE turn=10 speaker=Agent B phase=ASR duration_sec=0.030131
[05:58:21] SYSTEM telemetry.speech
[05:58:21] SYSTEM telemetry.timing
[05:58:21] MEMORY turn=10 reason=agent_b_reply changed=Agent A,Agent B
[05:58:21] STEP turn=None speaker=Agent B route_valid=- route_goal=- route=-
[05:58:21] PHASE turn=10 speaker=Agent B phase=NLU duration_sec=0.002995
[05:58:21] SYSTEM telemetry.nlu
[05:58:21] SYSTEM candidate
[05:58:21] PHASE turn=10 speaker=Agent B phase=DM duration_sec=0.0074389229994267225
[05:58:21] TIMING turn=10 speaker=Agent B generation=77.519155 synthesis=2.005746 audio=17.796 recognition=0.030131 understanding=0.002995 dialogue_management=0.007439 pipeline_wall=2.036317 turn_observed=95.325589
[05:58:53] PHASE turn=11 speaker=Agent A phase=NLG duration_sec=30.872069120407104
[05:58:53] PHASE turn=11 speaker=Agent A phase=TTS duration_sec=1.006604
[05:58:53] PHASE turn=11 speaker=Agent A phase=ASR duration_sec=0.013799
[05:58:53] SYSTEM telemetry.speech
[05:58:53] SYSTEM telemetry.timing
[05:58:53] TIMING turn=11 speaker=Agent A generation=30.872069 synthesis=1.006604 audio=9.452 recognition=0.013799 understanding=None dialogue_management=None pipeline_wall=1.020842 turn_observed=40.324069
[05:58:53] MEMORY turn=11 reason=agent_a_reply changed=Agent A,Agent B
[05:58:53] STEP turn=None speaker=Agent A route_valid=- route_goal=- route=-
[05:58:53] SYSTEM metrics
[05:58:53] SYSTEM done
[05:58:53] SEGMENT batch.condition.end status=ok duration=393.086856 seconds
[05:58:53] SESSION END batch-C-MPCC-DST-CLEAN-PIP-VOS-TL1-DEFAU-SML-I0-984c592d84-T
