=== batch-c-mpcc-fc-sc-pip-vos-tl1-defau-sml-i0-87755b9a7d-a-20260714-051744.log | sha256=364314ec46264f4f475ab4a0c9319192c7740eb07307c57b08cf1e75a333317e ===
[05:17:44] SESSION START batch-C-MPCC-FC-SC-PIP-VOS-TL1-DEFAU-SML-I0-87755b9a7d-A
[05:17:44] SEGMENT batch.condition.start status=ok duration=None seconds
[05:17:44] SYSTEM timer.start
[05:18:01] PHASE turn=1 speaker=Agent A phase=NLG duration_sec=0.0
[05:18:01] PHASE turn=1 speaker=Agent A phase=TTS duration_sec=12.518605
[05:18:01] PHASE turn=1 speaker=Agent A phase=ASR duration_sec=2.161147
[05:18:01] SYSTEM telemetry.speech
[05:18:01] MEMORY turn=1 reason=opening changed=Agent A,Agent B
[05:18:01] STEP turn=None speaker=Agent A route_valid=- route_goal=- route=-
[05:18:01] SYSTEM telemetry.timing
[05:18:01] TIMING turn=1 speaker=Agent A generation=0.0 synthesis=12.518605 audio=10.0 recognition=2.161147 understanding=None dialogue_management=None pipeline_wall=17.062293 turn_observed=17.06237
[05:18:09] PHASE turn=2 speaker=Agent B phase=NLG duration_sec=0.0002772808074951172
[05:18:09] PHASE turn=2 speaker=Agent B phase=TTS duration_sec=5.231929
[05:18:09] PHASE turn=2 speaker=Agent B phase=ASR duration_sec=0.759072
[05:18:09] SYSTEM telemetry.speech
[05:18:09] SYSTEM telemetry.timing
[05:18:09] MEMORY turn=2 reason=agent_b_reply changed=Agent A,Agent B
[05:18:09] STEP turn=None speaker=Agent B route_valid=- route_goal=- route=-
[05:18:09] PHASE turn=2 speaker=Agent B phase=NLU duration_sec=0.000298
[05:18:09] SYSTEM telemetry.nlu
[05:18:09] PHASE turn=2 speaker=Agent B phase=DM duration_sec=8.803815580904484e-05
[05:18:09] TIMING turn=2 speaker=Agent B generation=0.000277 synthesis=5.231929 audio=4.723 recognition=0.759072 understanding=0.000298 dialogue_management=8.8e-05 pipeline_wall=7.12814 turn_observed=7.128857
[05:18:14] PHASE turn=3 speaker=Agent A phase=NLG duration_sec=0.0070343017578125
[05:18:14] PHASE turn=3 speaker=Agent A phase=TTS duration_sec=3.636227
[05:18:14] PHASE turn=3 speaker=Agent A phase=ASR duration_sec=0.617322
[05:18:14] SYSTEM telemetry.speech
[05:18:14] SYSTEM telemetry.timing
[05:18:14] TIMING turn=3 speaker=Agent A generation=0.007034 synthesis=3.636227 audio=3.633 recognition=0.617322 understanding=None dialogue_management=None pipeline_wall=5.077283 turn_observed=5.084361
[05:18:14] MEMORY turn=3 reason=agent_a_reply changed=Agent A,Agent B
[05:18:14] STEP turn=None speaker=Agent A route_valid=- route_goal=- route=-
[05:18:21] PHASE turn=4 speaker=Agent B phase=NLG duration_sec=0.0003287792205810547
[05:18:21] PHASE turn=4 speaker=Agent B phase=TTS duration_sec=4.680382
[05:18:21] PHASE turn=4 speaker=Agent B phase=ASR duration_sec=1.004639
[05:18:21] SYSTEM telemetry.speech
[05:18:21] SYSTEM telemetry.timing
[05:18:21] MEMORY turn=4 reason=agent_b_reply changed=Agent A
[05:18:21] STEP turn=None speaker=Agent B route_valid=- route_goal=- route=-
[05:18:21] PHASE turn=4 speaker=Agent B phase=NLU duration_sec=0.000301
[05:18:21] SYSTEM telemetry.nlu
[05:18:21] PHASE turn=4 speaker=Agent B phase=DM duration_sec=9.333901107311249e-05
[05:18:21] TIMING turn=4 speaker=Agent B generation=0.000329 synthesis=4.680382 audio=5.214 recognition=1.004639 understanding=0.000301 dialogue_management=9.3e-05 pipeline_wall=7.175028 turn_observed=7.17581
[05:18:25] PHASE turn=5 speaker=Agent A phase=NLG duration_sec=0.011047840118408203
[05:18:25] PHASE turn=5 speaker=Agent A phase=TTS duration_sec=2.835026
[05:18:25] PHASE turn=5 speaker=Agent A phase=ASR duration_sec=0.817341
[05:18:25] SYSTEM telemetry.speech
[05:18:25] SYSTEM telemetry.timing
[05:18:25] TIMING turn=5 speaker=Agent A generation=0.011048 synthesis=2.835026 audio=2.429 recognition=0.817341 understanding=None dialogue_management=None pipeline_wall=4.368688 turn_observed=4.379795
[05:18:25] MEMORY turn=5 reason=agent_a_reply changed=Agent A,Agent B
[05:18:25] STEP turn=None speaker=Agent A route_valid=- route_goal=- route=-
[05:18:37] PHASE turn=6 speaker=Agent B phase=NLG duration_sec=0.0003600120544433594
[05:18:37] PHASE turn=6 speaker=Agent B phase=TTS duration_sec=7.507132
[05:18:37] PHASE turn=6 speaker=Agent B phase=ASR duration_sec=1.647864
[05:18:37] SYSTEM telemetry.speech
[05:18:37] SYSTEM telemetry.timing
[05:18:37] MEMORY turn=6 reason=agent_b_reply changed=Agent A,Agent B
[05:18:37] STEP turn=None speaker=Agent B route_valid=- route_goal=- route=-
[05:18:37] PHASE turn=6 speaker=Agent B phase=NLU duration_sec=0.000311
[05:18:37] SYSTEM telemetry.nlu
[05:18:37] PHASE turn=6 speaker=Agent B phase=DM duration_sec=9.454810060560703e-05
[05:18:37] TIMING turn=6 speaker=Agent B generation=0.00036 synthesis=7.507132 audio=5.799 recognition=1.647864 understanding=0.000311 dialogue_management=9.5e-05 pipeline_wall=11.325508 turn_observed=11.326337
[05:18:42] PHASE turn=7 speaker=Agent A phase=NLG duration_sec=0.011983633041381836
[05:18:42] PHASE turn=7 speaker=Agent A phase=TTS duration_sec=4.322782
[05:18:42] PHASE turn=7 speaker=Agent A phase=ASR duration_sec=0.663188
[05:18:42] SYSTEM telemetry.speech
[05:18:42] SYSTEM telemetry.timing
[05:18:42] TIMING turn=7 speaker=Agent A generation=0.011984 synthesis=4.322782 audio=3.957 recognition=0.663188 understanding=None dialogue_management=None pipeline_wall=5.925358 turn_observed=5.937398
[05:18:42] MEMORY turn=7 reason=agent_a_reply changed=Agent A,Agent B
[05:18:42] STEP turn=None speaker=Agent A route_valid=- route_goal=- route=-
[05:18:54] PHASE turn=8 speaker=Agent B phase=NLG duration_sec=0.0004291534423828125
[05:18:54] PHASE turn=8 speaker=Agent B phase=TTS duration_sec=7.385929
[05:18:54] PHASE turn=8 speaker=Agent B phase=ASR duration_sec=1.825152
[05:18:54] SYSTEM telemetry.speech
[05:18:54] SYSTEM telemetry.timing
[05:18:54] MEMORY turn=8 reason=agent_b_reply changed=Agent A
[05:18:54] STEP turn=None speaker=Agent B route_valid=- route_goal=- route=-
[05:18:54] PHASE turn=8 speaker=Agent B phase=NLU duration_sec=0.000321
[05:18:54] SYSTEM telemetry.nlu
[05:18:54] PHASE turn=8 speaker=Agent B phase=DM duration_sec=9.025796316564083e-05
[05:18:54] TIMING turn=8 speaker=Agent B generation=0.000429 synthesis=7.385929 audio=6.97 recognition=1.825152 understanding=0.000321 dialogue_management=9e-05 pipeline_wall=11.407589 turn_observed=11.408519
[05:19:04] PHASE turn=9 speaker=Agent A phase=NLG duration_sec=0.001191854476928711
[05:19:04] PHASE turn=9 speaker=Agent A phase=TTS duration_sec=6.452536
[05:19:04] PHASE turn=9 speaker=Agent A phase=ASR duration_sec=1.52904
[05:19:04] SYSTEM telemetry.speech
[05:19:04] SYSTEM telemetry.timing
[05:19:04] TIMING turn=9 speaker=Agent A generation=0.001192 synthesis=6.452536 audio=7.464 recognition=1.52904 understanding=None dialogue_management=None pipeline_wall=9.879596 turn_observed=9.880862
[05:19:04] MEMORY turn=9 reason=agent_a_reply changed=Agent A,Agent B
[05:19:04] STEP turn=None speaker=Agent A route_valid=- route_goal=- route=-
[05:19:15] PHASE turn=10 speaker=Agent B phase=NLG duration_sec=0.0005481243133544922
[05:19:15] PHASE turn=10 speaker=Agent B phase=TTS duration_sec=6.979155
[05:19:15] PHASE turn=10 speaker=Agent B phase=ASR duration_sec=1.710909
[05:19:15] SYSTEM telemetry.speech
[05:19:15] SYSTEM telemetry.timing
[05:19:15] MEMORY turn=10 reason=agent_b_reply changed=Agent A
[05:19:15] STEP turn=None speaker=Agent B route_valid=- route_goal=- route=-
[05:19:15] PHASE turn=10 speaker=Agent B phase=NLU duration_sec=0.000357
[05:19:15] SYSTEM telemetry.nlu
[05:19:15] PHASE turn=10 speaker=Agent B phase=DM duration_sec=0.00010234909132122993
[05:19:15] TIMING turn=10 speaker=Agent B generation=0.000548 synthesis=6.979155 audio=6.092 recognition=1.710909 understanding=0.000357 dialogue_management=0.000102 pipeline_wall=10.72934 turn_observed=10.730437
[05:19:21] PHASE turn=11 speaker=Agent A phase=NLG duration_sec=0.019617557525634766
[05:19:21] PHASE turn=11 speaker=Agent A phase=TTS duration_sec=3.853646
[05:19:21] PHASE turn=11 speaker=Agent A phase=ASR duration_sec=1.38341
[05:19:21] SYSTEM telemetry.speech
[05:19:21] SYSTEM telemetry.timing
[05:19:21] TIMING turn=11 speaker=Agent A generation=0.019618 synthesis=3.853646 audio=5.924 recognition=1.38341 understanding=None dialogue_management=None pipeline_wall=6.641746 turn_observed=6.661432
[05:19:21] MEMORY turn=11 reason=agent_a_reply changed=Agent A,Agent B
[05:19:21] STEP turn=None speaker=Agent A route_valid=- route_goal=- route=-
[05:19:21] SYSTEM metrics
[05:19:21] SYSTEM done
[05:19:21] SEGMENT batch.condition.end status=ok duration=96.903545 seconds
[05:19:21] SESSION END batch-C-MPCC-FC-SC-PIP-VOS-TL1-DEFAU-SML-I0-87755b9a7d-A
