=== batch-c-mpcc-fc-sc-pip-vos-qq515-defau-med-i0-b5ea794eb4-t-20260714-073459.log | sha256=e6303e824fd1f53390abfd54175982e7cbc988a0382bcf734c48a084adf2f028 ===
[07:34:59] SESSION START batch-C-MPCC-FC-SC-PIP-VOS-QQ515-DEFAU-MED-I0-b5ea794eb4-T
[07:34:59] SEGMENT batch.condition.start status=ok duration=None seconds
[07:34:59] SYSTEM timer.start
[07:35:00] PHASE turn=1 speaker=Agent A phase=NLG duration_sec=0.0
[07:35:00] PHASE turn=1 speaker=Agent A phase=TTS duration_sec=0.470394
[07:35:00] PHASE turn=1 speaker=Agent A phase=ASR duration_sec=0.002468
[07:35:00] SYSTEM telemetry.speech
[07:35:00] MEMORY turn=1 reason=opening changed=Agent A,Agent B
[07:35:00] STEP turn=None speaker=Agent A route_valid=- route_goal=- route=-
[07:35:00] SYSTEM telemetry.timing
[07:35:00] TIMING turn=1 speaker=Agent A generation=0.0 synthesis=0.470394 audio=10.0 recognition=0.002468 understanding=None dialogue_management=None pipeline_wall=0.473438 turn_observed=10.0
[07:35:00] PHASE turn=2 speaker=Agent B phase=NLG duration_sec=0.0003123283386230469
[07:35:00] PHASE turn=2 speaker=Agent B phase=TTS duration_sec=0.221961
[07:35:00] PHASE turn=2 speaker=Agent B phase=ASR duration_sec=0.00182
[07:35:00] SYSTEM telemetry.speech
[07:35:00] SYSTEM telemetry.timing
[07:35:00] MEMORY turn=2 reason=agent_b_reply changed=Agent A,Agent B
[07:35:00] STEP turn=None speaker=Agent B route_valid=- route_goal=- route=-
[07:35:00] PHASE turn=2 speaker=Agent B phase=NLU duration_sec=0.000309
[07:35:00] SYSTEM telemetry.nlu
[07:35:00] PHASE turn=2 speaker=Agent B phase=DM duration_sec=5.9058889746665955e-05
[07:35:00] TIMING turn=2 speaker=Agent B generation=0.000312 synthesis=0.221961 audio=4.723 recognition=0.00182 understanding=0.000309 dialogue_management=5.9e-05 pipeline_wall=0.224058 turn_observed=4.72368
[07:35:00] PHASE turn=3 speaker=Agent A phase=NLG duration_sec=0.0011451244354248047
[07:35:00] PHASE turn=3 speaker=Agent A phase=TTS duration_sec=0.037675
[07:35:00] PHASE turn=3 speaker=Agent A phase=ASR duration_sec=0.001778
[07:35:00] SYSTEM telemetry.speech
[07:35:00] SYSTEM telemetry.timing
[07:35:00] TIMING turn=3 speaker=Agent A generation=0.001145 synthesis=0.037675 audio=0.744 recognition=0.001778 understanding=None dialogue_management=None pipeline_wall=0.039594 turn_observed=0.745145
[07:35:00] MEMORY turn=3 reason=agent_a_reply changed=Agent A,Agent B
[07:35:00] STEP turn=None speaker=Agent A route_valid=- route_goal=- route=-
[07:36:06] PHASE turn=4 speaker=Agent B phase=NLG duration_sec=65.17058491706848
[07:36:06] PHASE turn=4 speaker=Agent B phase=TTS duration_sec=0.836557
[07:36:06] PHASE turn=4 speaker=Agent B phase=ASR duration_sec=0.002047
[07:36:06] SYSTEM telemetry.speech
[07:36:06] SYSTEM telemetry.timing
[07:36:06] MEMORY turn=4 reason=agent_b_reply changed=Agent A,Agent B
[07:36:06] STEP turn=None speaker=Agent B route_valid=- route_goal=- route=-
[07:36:06] PHASE turn=4 speaker=Agent B phase=NLU duration_sec=0.003099
[07:36:06] SYSTEM telemetry.nlu
[07:36:06] SYSTEM route
[07:36:06] SYSTEM candidate
[07:36:06] PHASE turn=4 speaker=Agent B phase=DM duration_sec=0.003148435615003109
[07:36:06] TIMING turn=4 speaker=Agent B generation=65.170585 synthesis=0.836557 audio=8.316 recognition=0.002047 understanding=0.003099 dialogue_management=0.003148 pipeline_wall=0.838977 turn_observed=73.492833
[07:36:27] PHASE turn=5 speaker=Agent A phase=NLG duration_sec=20.71464705467224
[07:36:27] PHASE turn=5 speaker=Agent A phase=TTS duration_sec=0.59889
[07:36:27] PHASE turn=5 speaker=Agent A phase=ASR duration_sec=0.002464
[07:36:27] SYSTEM telemetry.speech
[07:36:27] SYSTEM telemetry.timing
[07:36:27] TIMING turn=5 speaker=Agent A generation=20.714647 synthesis=0.59889 audio=6.323 recognition=0.002464 understanding=None dialogue_management=None pipeline_wall=0.60163 turn_observed=27.037647
[07:36:27] MEMORY turn=5 reason=agent_a_reply changed=Agent A,Agent B
[07:36:27] STEP turn=None speaker=Agent A route_valid=- route_goal=- route=-
[07:37:38] PHASE turn=6 speaker=Agent B phase=NLG duration_sec=69.58649635314941
[07:37:38] PHASE turn=6 speaker=Agent B phase=TTS duration_sec=0.939097
[07:37:38] PHASE turn=6 speaker=Agent B phase=ASR duration_sec=0.003616
[07:37:38] SYSTEM telemetry.speech
[07:37:38] SYSTEM telemetry.timing
[07:37:38] MEMORY turn=6 reason=agent_b_reply changed=Agent A,Agent B
[07:37:38] STEP turn=None speaker=Agent B route_valid=- route_goal=- route=-
[07:37:38] PHASE turn=6 speaker=Agent B phase=NLU duration_sec=0.01165
[07:37:38] SYSTEM telemetry.nlu
[07:37:38] SYSTEM candidate
[07:37:38] PHASE turn=6 speaker=Agent B phase=DM duration_sec=0.0024379240348935127
[07:37:38] TIMING turn=6 speaker=Agent B generation=69.586496 synthesis=0.939097 audio=10.0 recognition=0.003616 understanding=0.01165 dialogue_management=0.002438 pipeline_wall=0.943236 turn_observed=79.600584
[07:38:02] PHASE turn=7 speaker=Agent A phase=NLG duration_sec=22.799339532852173
[07:38:02] PHASE turn=7 speaker=Agent A phase=TTS duration_sec=0.947817
[07:38:02] PHASE turn=7 speaker=Agent A phase=ASR duration_sec=0.00226
[07:38:02] SYSTEM telemetry.speech
[07:38:02] SYSTEM telemetry.timing
[07:38:02] TIMING turn=7 speaker=Agent A generation=22.79934 synthesis=0.947817 audio=10.0 recognition=0.00226 understanding=None dialogue_management=None pipeline_wall=0.950385 turn_observed=32.79934
[07:38:02] MEMORY turn=7 reason=agent_a_reply changed=Agent A,Agent B
[07:38:02] STEP turn=None speaker=Agent A route_valid=- route_goal=- route=-
[07:39:25] PHASE turn=8 speaker=Agent B phase=NLG duration_sec=82.5880868434906
[07:39:25] PHASE turn=8 speaker=Agent B phase=TTS duration_sec=0.925265
[07:39:25] PHASE turn=8 speaker=Agent B phase=ASR duration_sec=0.002065
[07:39:25] SYSTEM telemetry.speech
[07:39:25] SYSTEM telemetry.timing
[07:39:25] MEMORY turn=8 reason=agent_b_reply changed=Agent A,Agent B
[07:39:25] STEP turn=None speaker=Agent B route_valid=- route_goal=- route=-
[07:39:25] PHASE turn=8 speaker=Agent B phase=NLU duration_sec=0.011946
[07:39:25] SYSTEM telemetry.nlu
[07:39:25] SYSTEM candidate
[07:39:25] PHASE turn=8 speaker=Agent B phase=DM duration_sec=0.004439801909029484
[07:39:25] TIMING turn=8 speaker=Agent B generation=82.588087 synthesis=0.925265 audio=9.946 recognition=0.002065 understanding=0.011946 dialogue_management=0.00444 pipeline_wall=0.927657 turn_observed=92.550472
[07:39:51] PHASE turn=9 speaker=Agent A phase=NLG duration_sec=25.492609977722168
[07:39:51] PHASE turn=9 speaker=Agent A phase=TTS duration_sec=0.713926
[07:39:51] PHASE turn=9 speaker=Agent A phase=ASR duration_sec=0.003043
[07:39:51] SYSTEM telemetry.speech
[07:39:51] SYSTEM telemetry.timing
[07:39:51] TIMING turn=9 speaker=Agent A generation=25.49261 synthesis=0.713926 audio=7.714 recognition=0.003043 understanding=None dialogue_management=None pipeline_wall=0.717518 turn_observed=33.20661
[07:39:52] MEMORY turn=9 reason=agent_a_reply changed=Agent A,Agent B
[07:39:52] STEP turn=None speaker=Agent A route_valid=- route_goal=- route=-
[07:41:16] PHASE turn=10 speaker=Agent B phase=NLG duration_sec=83.40433645248413
[07:41:16] PHASE turn=10 speaker=Agent B phase=TTS duration_sec=0.748757
[07:41:16] PHASE turn=10 speaker=Agent B phase=ASR duration_sec=0.002435
[07:41:16] SYSTEM telemetry.speech
[07:41:16] SYSTEM telemetry.timing
[07:41:16] MEMORY turn=10 reason=agent_b_reply changed=Agent A,Agent B
[07:41:16] STEP turn=None speaker=Agent B route_valid=- route_goal=- route=-
[07:41:16] PHASE turn=10 speaker=Agent B phase=NLU duration_sec=0.002609
[07:41:16] SYSTEM telemetry.nlu
[07:41:16] SYSTEM warning
[07:41:16] SYSTEM candidate
[07:41:16] PHASE turn=10 speaker=Agent B phase=DM duration_sec=0.0016946420073509216
[07:41:16] TIMING turn=10 speaker=Agent B generation=83.404336 synthesis=0.748757 audio=7.532 recognition=0.002435 understanding=0.002609 dialogue_management=0.001695 pipeline_wall=0.751556 turn_observed=90.94064
[07:41:43] PHASE turn=11 speaker=Agent A phase=NLG duration_sec=26.66292452812195
[07:41:43] PHASE turn=11 speaker=Agent A phase=TTS duration_sec=0.717855
[07:41:43] PHASE turn=11 speaker=Agent A phase=ASR duration_sec=0.002384
[07:41:43] SYSTEM telemetry.speech
[07:41:43] SYSTEM telemetry.timing
[07:41:43] TIMING turn=11 speaker=Agent A generation=26.662925 synthesis=0.717855 audio=7.882 recognition=0.002384 understanding=None dialogue_management=None pipeline_wall=0.72052 turn_observed=34.544925
[07:41:43] MEMORY turn=11 reason=agent_a_reply changed=Agent A,Agent B
[07:41:43] STEP turn=None speaker=Agent A route_valid=- route_goal=- route=-
[07:41:43] SYSTEM metrics
[07:41:43] SYSTEM done
[07:41:43] SEGMENT batch.condition.end status=ok duration=403.82709 seconds
[07:41:43] SESSION END batch-C-MPCC-FC-SC-PIP-VOS-QQ515-DEFAU-MED-I0-b5ea794eb4-T
