=== batch-c-mt-car-mc-pip-vos-mp3m4-defau-med-i0-400501dfd8-a-20260711-171340.log | sha256=a22d27f6966f6725a9a0e7c72d5908a3e7d90e74bd50fe1866a228b72b75f45e ===
[17:13:40] SESSION START batch-C-MT-CAR-MC-PIP-VOS-MP3M4-DEFAU-MED-I0-400501dfd8-A
[17:13:40] SEGMENT batch.condition.start status=ok duration=None seconds
[17:13:40] SYSTEM timer.start
[17:13:49] PHASE turn=1 speaker=Agent A phase=NLG duration_sec=0.0
[17:13:49] PHASE turn=1 speaker=Agent A phase=TTS duration_sec=4.244299
[17:13:49] PHASE turn=1 speaker=Agent A phase=ASR duration_sec=2.173798
[17:13:49] SYSTEM telemetry.speech
[17:13:49] MEMORY turn=1 reason=opening changed=Agent A,Agent B
[17:13:49] STEP turn=None speaker=Agent A route_valid=- route_goal=- route=-
[17:13:49] SYSTEM telemetry.timing
[17:13:49] TIMING turn=1 speaker=Agent A generation=0.0 synthesis=4.244299 audio=9.462 recognition=2.173798 understanding=None dialogue_management=None pipeline_wall=9.239758 turn_observed=9.462
[17:15:25] PHASE turn=2 speaker=Agent B phase=NLG duration_sec=87.39395499229431
[17:15:25] PHASE turn=2 speaker=Agent B phase=TTS duration_sec=2.256031
[17:15:25] PHASE turn=2 speaker=Agent B phase=ASR duration_sec=2.037504
[17:15:25] SYSTEM telemetry.speech
[17:15:25] SYSTEM telemetry.timing
[17:15:26] MEMORY turn=2 reason=agent_b_reply changed=Agent A,Agent B
[17:15:26] STEP turn=None speaker=Agent B route_valid=- route_goal=- route=-
[17:15:26] PHASE turn=2 speaker=Agent B phase=NLU duration_sec=0.00391
[17:15:26] SYSTEM telemetry.nlu
[17:15:26] SYSTEM route
[17:15:26] SYSTEM candidate
[17:15:26] PHASE turn=2 speaker=Agent B phase=DM duration_sec=0.007883193902671337
[17:15:26] TIMING turn=2 speaker=Agent B generation=87.393955 synthesis=2.256031 audio=9.779 recognition=2.037504 understanding=0.00391 dialogue_management=0.007883 pipeline_wall=8.899458 turn_observed=97.184749
[17:16:23] PHASE turn=3 speaker=Agent A phase=NLG duration_sec=52.28310823440552
[17:16:23] PHASE turn=3 speaker=Agent A phase=TTS duration_sec=1.219144
[17:16:23] PHASE turn=3 speaker=Agent A phase=ASR duration_sec=1.582225
[17:16:23] SYSTEM telemetry.speech
[17:16:23] SYSTEM telemetry.timing
[17:16:23] TIMING turn=3 speaker=Agent A generation=52.283108 synthesis=1.219144 audio=6.852 recognition=1.582225 understanding=None dialogue_management=None pipeline_wall=5.081849 turn_observed=59.135108
[17:16:23] MEMORY turn=3 reason=agent_a_reply changed=Agent A,Agent B
[17:16:23] STEP turn=None speaker=Agent A route_valid=- route_goal=- route=-
[17:17:57] PHASE turn=4 speaker=Agent B phase=NLG duration_sec=87.12208390235901
[17:17:57] PHASE turn=4 speaker=Agent B phase=TTS duration_sec=1.620656
[17:17:57] PHASE turn=4 speaker=Agent B phase=ASR duration_sec=1.529479
[17:17:57] SYSTEM telemetry.speech
[17:17:57] SYSTEM telemetry.timing
[17:17:57] MEMORY turn=4 reason=agent_b_reply changed=Agent A,Agent B
[17:17:57] STEP turn=None speaker=Agent B route_valid=- route_goal=- route=-
[17:17:57] PHASE turn=4 speaker=Agent B phase=NLU duration_sec=0.002395
[17:17:57] SYSTEM telemetry.nlu
[17:17:57] SYSTEM candidate
[17:17:57] PHASE turn=4 speaker=Agent B phase=DM duration_sec=0.0047592660412192345
[17:17:57] TIMING turn=4 speaker=Agent B generation=87.122084 synthesis=1.620656 audio=7.106 recognition=1.529479 understanding=0.002395 dialogue_management=0.004759 pipeline_wall=6.745788 turn_observed=94.235238
[17:18:55] PHASE turn=5 speaker=Agent A phase=NLG duration_sec=53.93448328971863
[17:18:55] PHASE turn=5 speaker=Agent A phase=TTS duration_sec=1.045808
[17:18:55] PHASE turn=5 speaker=Agent A phase=ASR duration_sec=1.281942
[17:18:55] SYSTEM telemetry.speech
[17:18:55] SYSTEM telemetry.timing
[17:18:55] TIMING turn=5 speaker=Agent A generation=53.934483 synthesis=1.045808 audio=5.252 recognition=1.281942 understanding=None dialogue_management=None pipeline_wall=4.249569 turn_observed=59.186483
[17:18:55] MEMORY turn=5 reason=agent_a_reply changed=Agent A,Agent B
[17:18:55] STEP turn=None speaker=Agent A route_valid=- route_goal=- route=-
[17:20:33] PHASE turn=6 speaker=Agent B phase=NLG duration_sec=89.73739719390869
[17:20:33] PHASE turn=6 speaker=Agent B phase=TTS duration_sec=2.205428
[17:20:33] PHASE turn=6 speaker=Agent B phase=ASR duration_sec=2.127318
[17:20:33] SYSTEM telemetry.speech
[17:20:33] SYSTEM telemetry.timing
[17:20:33] MEMORY turn=6 reason=agent_b_reply changed=Agent A,Agent B
[17:20:33] STEP turn=None speaker=Agent B route_valid=- route_goal=- route=-
[17:20:33] PHASE turn=6 speaker=Agent B phase=NLU duration_sec=0.007921
[17:20:33] SYSTEM telemetry.nlu
[17:20:33] SYSTEM candidate
[17:20:33] PHASE turn=6 speaker=Agent B phase=DM duration_sec=0.00691607897169888
[17:20:33] TIMING turn=6 speaker=Agent B generation=89.737397 synthesis=2.205428 audio=9.095 recognition=2.127318 understanding=0.007921 dialogue_management=0.006916 pipeline_wall=8.614588 turn_observed=98.847234
[17:20:37] PHASE turn=7 speaker=Agent A phase=NLG duration_sec=0.0025680065155029297
[17:20:37] PHASE turn=7 speaker=Agent A phase=TTS duration_sec=0.890321
[17:20:37] PHASE turn=7 speaker=Agent A phase=ASR duration_sec=1.007641
[17:20:37] SYSTEM telemetry.speech
[17:20:37] SYSTEM telemetry.timing
[17:20:37] TIMING turn=7 speaker=Agent A generation=0.002568 synthesis=0.890321 audio=3.651 recognition=1.007641 understanding=None dialogue_management=None pipeline_wall=3.26208 turn_observed=3.653568
[17:20:37] MEMORY turn=7 reason=agent_a_reply changed=Agent A,Agent B
[17:20:37] STEP turn=None speaker=Agent A route_valid=- route_goal=- route=-
[17:20:39] PHASE turn=8 speaker=Agent B phase=NLG duration_sec=0.3422517776489258
[17:20:39] PHASE turn=8 speaker=Agent B phase=TTS duration_sec=0.261355
[17:20:39] PHASE turn=8 speaker=Agent B phase=ASR duration_sec=0.672858
[17:20:39] SYSTEM telemetry.speech
[17:20:39] SYSTEM telemetry.timing
[17:20:39] MEMORY turn=8 reason=agent_b_reply changed=Agent A,Agent B
[17:20:39] STEP turn=None speaker=Agent B route_valid=- route_goal=- route=-
[17:20:39] PHASE turn=8 speaker=Agent B phase=NLU duration_sec=1.1e-05
[17:20:39] PHASE turn=8 speaker=Agent B phase=DM duration_sec=0.00011647702194750309
[17:20:39] TIMING turn=8 speaker=Agent B generation=0.342252 synthesis=0.261355 audio=1.261 recognition=0.672858 understanding=1.1e-05 dialogue_management=0.000116 pipeline_wall=1.535909 turn_observed=1.878358
[17:21:40] PHASE turn=9 speaker=Agent A phase=NLG duration_sec=57.17054843902588
[17:21:40] PHASE turn=9 speaker=Agent A phase=TTS duration_sec=1.095321
[17:21:40] PHASE turn=9 speaker=Agent A phase=ASR duration_sec=1.347897
[17:21:40] SYSTEM telemetry.speech
[17:21:40] SYSTEM telemetry.timing
[17:21:40] TIMING turn=9 speaker=Agent A generation=57.170548 synthesis=1.095321 audio=5.652 recognition=1.347897 understanding=None dialogue_management=None pipeline_wall=4.331281 turn_observed=62.822548
[17:21:40] MEMORY turn=9 reason=agent_a_reply changed=Agent A,Agent B
[17:21:40] STEP turn=None speaker=Agent A route_valid=- route_goal=- route=-
[17:23:28] PHASE turn=10 speaker=Agent B phase=NLG duration_sec=96.78079152107239
[17:23:28] PHASE turn=10 speaker=Agent B phase=TTS duration_sec=2.636721
[17:23:28] PHASE turn=10 speaker=Agent B phase=ASR duration_sec=2.422186
[17:23:28] SYSTEM telemetry.speech
[17:23:28] SYSTEM telemetry.timing
[17:23:28] MEMORY turn=10 reason=agent_b_reply changed=Agent A,Agent B
[17:23:28] STEP turn=None speaker=Agent B route_valid=- route_goal=- route=-
[17:23:28] PHASE turn=10 speaker=Agent B phase=NLU duration_sec=0.014109
[17:23:28] SYSTEM telemetry.nlu
[17:23:28] SYSTEM candidate
[17:23:28] PHASE turn=10 speaker=Agent B phase=DM duration_sec=0.008606022922322154
[17:23:28] TIMING turn=10 speaker=Agent B generation=96.780792 synthesis=2.636721 audio=11.404 recognition=2.422186 understanding=0.014109 dialogue_management=0.008606 pipeline_wall=10.627029 turn_observed=108.207506
[17:24:30] PHASE turn=11 speaker=Agent A phase=NLG duration_sec=59.35036301612854
[17:24:30] PHASE turn=11 speaker=Agent A phase=TTS duration_sec=0.882616
[17:24:30] PHASE turn=11 speaker=Agent A phase=ASR duration_sec=0.904852
[17:24:30] SYSTEM telemetry.speech
[17:24:30] SYSTEM telemetry.timing
[17:24:30] TIMING turn=11 speaker=Agent A generation=59.350363 synthesis=0.882616 audio=4.535 recognition=0.904852 understanding=None dialogue_management=None pipeline_wall=3.380923 turn_observed=63.885363
[17:24:30] MEMORY turn=11 reason=agent_a_reply changed=Agent A,Agent B
[17:24:30] STEP turn=None speaker=Agent A route_valid=- route_goal=- route=-
[17:24:30] SYSTEM metrics
[17:24:30] SYSTEM done
[17:24:30] SEGMENT batch.condition.end status=ok duration=650.520451 seconds
[17:24:30] SESSION END batch-C-MT-CAR-MC-PIP-VOS-MP3M4-DEFAU-MED-I0-400501dfd8-A
