=== batch-c-mpcc-fc-clean-pip-vos-tl1-defau-sml-i0-abd012eb88-t-20260714-070449.log | sha256=38a06b7869d99894343d955f382ffaf983c48f7af56bc93cd12616177fddca3e ===
[07:04:49] SESSION START batch-C-MPCC-FC-CLEAN-PIP-VOS-TL1-DEFAU-SML-I0-abd012eb88-T
[07:04:49] SEGMENT batch.condition.start status=ok duration=None seconds
[07:04:49] SYSTEM timer.start
[07:04:49] PHASE turn=1 speaker=Agent A phase=NLG duration_sec=0.0
[07:04:49] PHASE turn=1 speaker=Agent A phase=TTS duration_sec=0.598272
[07:04:49] PHASE turn=1 speaker=Agent A phase=ASR duration_sec=0.047372
[07:04:49] SYSTEM telemetry.speech
[07:04:49] MEMORY turn=1 reason=opening changed=Agent A,Agent B
[07:04:49] STEP turn=None speaker=Agent A route_valid=- route_goal=- route=-
[07:04:49] SYSTEM telemetry.timing
[07:04:49] TIMING turn=1 speaker=Agent A generation=0.0 synthesis=0.598272 audio=11.463 recognition=0.047372 understanding=None dialogue_management=None pipeline_wall=0.646816 turn_observed=11.463
[07:05:47] PHASE turn=2 speaker=Agent B phase=NLG duration_sec=56.52905511856079
[07:05:47] PHASE turn=2 speaker=Agent B phase=TTS duration_sec=0.927486
[07:05:47] PHASE turn=2 speaker=Agent B phase=ASR duration_sec=0.263997
[07:05:47] SYSTEM telemetry.speech
[07:05:47] SYSTEM telemetry.timing
[07:05:47] MEMORY turn=2 reason=agent_b_reply changed=Agent A,Agent B
[07:05:47] STEP turn=None speaker=Agent B route_valid=- route_goal=- route=-
[07:05:47] PHASE turn=2 speaker=Agent B phase=NLU duration_sec=0.000899
[07:05:47] SYSTEM telemetry.nlu
[07:05:47] SYSTEM route
[07:05:47] SYSTEM candidate
[07:05:47] PHASE turn=2 speaker=Agent B phase=DM duration_sec=0.0026846060063689947
[07:05:47] TIMING turn=2 speaker=Agent B generation=56.529055 synthesis=0.927486 audio=9.03 recognition=0.263997 understanding=0.000899 dialogue_management=0.002685 pipeline_wall=1.192012 turn_observed=65.562639
[07:06:08] PHASE turn=3 speaker=Agent A phase=NLG duration_sec=19.197645664215088
[07:06:08] PHASE turn=3 speaker=Agent A phase=TTS duration_sec=1.198923
[07:06:08] PHASE turn=3 speaker=Agent A phase=ASR duration_sec=0.244123
[07:06:08] SYSTEM telemetry.speech
[07:06:08] SYSTEM telemetry.timing
[07:06:08] TIMING turn=3 speaker=Agent A generation=19.197646 synthesis=1.198923 audio=6.597 recognition=0.244123 understanding=None dialogue_management=None pipeline_wall=1.443422 turn_observed=25.794646
[07:06:08] MEMORY turn=3 reason=agent_a_reply changed=Agent A,Agent B
[07:06:08] STEP turn=None speaker=Agent A route_valid=- route_goal=- route=-
[07:07:04] PHASE turn=4 speaker=Agent B phase=NLG duration_sec=55.27484464645386
[07:07:04] PHASE turn=4 speaker=Agent B phase=TTS duration_sec=1.336145
[07:07:04] PHASE turn=4 speaker=Agent B phase=ASR duration_sec=0.028049
[07:07:04] SYSTEM telemetry.speech
[07:07:04] SYSTEM telemetry.timing
[07:07:04] MEMORY turn=4 reason=agent_b_reply changed=Agent A,Agent B
[07:07:04] STEP turn=None speaker=Agent B route_valid=- route_goal=- route=-
[07:07:04] PHASE turn=4 speaker=Agent B phase=NLU duration_sec=0.002293
[07:07:04] SYSTEM telemetry.nlu
[07:07:04] SYSTEM candidate
[07:07:04] PHASE turn=4 speaker=Agent B phase=DM duration_sec=0.004280537134036422
[07:07:04] TIMING turn=4 speaker=Agent B generation=55.274845 synthesis=1.336145 audio=14.461 recognition=0.028049 understanding=0.002293 dialogue_management=0.004281 pipeline_wall=1.364556 turn_observed=69.742418
[07:07:26] PHASE turn=5 speaker=Agent A phase=NLG duration_sec=20.82574963569641
[07:07:26] PHASE turn=5 speaker=Agent A phase=TTS duration_sec=0.898311
[07:07:26] PHASE turn=5 speaker=Agent A phase=ASR duration_sec=0.023855
[07:07:26] SYSTEM telemetry.speech
[07:07:26] SYSTEM telemetry.timing
[07:07:26] TIMING turn=5 speaker=Agent A generation=20.82575 synthesis=0.898311 audio=10.019 recognition=0.023855 understanding=None dialogue_management=None pipeline_wall=0.922444 turn_observed=30.84475
[07:07:26] MEMORY turn=5 reason=agent_a_reply changed=Agent A,Agent B
[07:07:26] STEP turn=None speaker=Agent A route_valid=- route_goal=- route=-
[07:08:34] PHASE turn=6 speaker=Agent B phase=NLG duration_sec=66.7611095905304
[07:08:34] PHASE turn=6 speaker=Agent B phase=TTS duration_sec=1.08843
[07:08:34] PHASE turn=6 speaker=Agent B phase=ASR duration_sec=0.023355
[07:08:34] SYSTEM telemetry.speech
[07:08:34] SYSTEM telemetry.timing
[07:08:34] MEMORY turn=6 reason=agent_b_reply changed=Agent A,Agent B
[07:08:34] STEP turn=None speaker=Agent B route_valid=- route_goal=- route=-
[07:08:34] PHASE turn=6 speaker=Agent B phase=NLU duration_sec=0.00143
[07:08:34] SYSTEM telemetry.nlu
[07:08:34] SYSTEM candidate
[07:08:34] PHASE turn=6 speaker=Agent B phase=DM duration_sec=0.004393188050016761
[07:08:34] TIMING turn=6 speaker=Agent B generation=66.76111 synthesis=1.08843 audio=11.925 recognition=0.023355 understanding=0.00143 dialogue_management=0.004393 pipeline_wall=1.112162 turn_observed=78.691932
[07:08:58] PHASE turn=7 speaker=Agent A phase=NLG duration_sec=22.926732063293457
[07:08:58] PHASE turn=7 speaker=Agent A phase=TTS duration_sec=0.793888
[07:08:58] PHASE turn=7 speaker=Agent A phase=ASR duration_sec=0.035443
[07:08:58] SYSTEM telemetry.speech
[07:08:58] SYSTEM telemetry.timing
[07:08:58] TIMING turn=7 speaker=Agent A generation=22.926732 synthesis=0.793888 audio=8.415 recognition=0.035443 understanding=None dialogue_management=None pipeline_wall=0.829693 turn_observed=31.341732
[07:08:58] MEMORY turn=7 reason=agent_a_reply changed=Agent A,Agent B
[07:08:58] STEP turn=None speaker=Agent A route_valid=- route_goal=- route=-
[07:10:06] PHASE turn=8 speaker=Agent B phase=NLG duration_sec=67.36874127388
[07:10:06] PHASE turn=8 speaker=Agent B phase=TTS duration_sec=0.947686
[07:10:06] PHASE turn=8 speaker=Agent B phase=ASR duration_sec=0.045491
[07:10:06] SYSTEM telemetry.speech
[07:10:06] SYSTEM telemetry.timing
[07:10:06] MEMORY turn=8 reason=agent_b_reply changed=Agent A,Agent B
[07:10:06] STEP turn=None speaker=Agent B route_valid=- route_goal=- route=-
[07:10:06] PHASE turn=8 speaker=Agent B phase=NLU duration_sec=0.001881
[07:10:06] SYSTEM telemetry.nlu
[07:10:06] SYSTEM candidate
[07:10:06] PHASE turn=8 speaker=Agent B phase=DM duration_sec=0.010719061130657792
[07:10:06] TIMING turn=8 speaker=Agent B generation=67.368741 synthesis=0.947686 audio=9.03 recognition=0.045491 understanding=0.001881 dialogue_management=0.010719 pipeline_wall=0.993677 turn_observed=76.411341
[07:10:31] PHASE turn=9 speaker=Agent A phase=NLG duration_sec=24.381433248519897
[07:10:31] PHASE turn=9 speaker=Agent A phase=TTS duration_sec=0.510768
[07:10:31] PHASE turn=9 speaker=Agent A phase=ASR duration_sec=0.01526
[07:10:31] SYSTEM telemetry.speech
[07:10:31] SYSTEM telemetry.timing
[07:10:31] TIMING turn=9 speaker=Agent A generation=24.381433 synthesis=0.510768 audio=5.361 recognition=0.01526 understanding=None dialogue_management=None pipeline_wall=0.526358 turn_observed=29.742433
[07:10:31] MEMORY turn=9 reason=agent_a_reply changed=Agent A,Agent B
[07:10:31] STEP turn=None speaker=Agent A route_valid=- route_goal=- route=-
[07:10:31] SYSTEM metrics
[07:10:31] SYSTEM done
[07:10:31] SEGMENT batch.condition.end status=ok duration=342.498382 seconds
[07:10:31] SESSION END batch-C-MPCC-FC-CLEAN-PIP-VOS-TL1-DEFAU-SML-I0-abd012eb88-T
