=== batch-c-mt-dst-hesit-pip-vos-mp3m4-defau-med-i0-5b530146d4-t-20260714-070506.log | sha256=076a3856dad093e92ad66cae75bc11594ab469ef70bc19360ca6b5b10965cca8 ===
[07:05:06] SESSION START batch-C-MT-DST-HESIT-PIP-VOS-MP3M4-DEFAU-MED-I0-5b530146d4-T
[07:05:06] SEGMENT batch.condition.start status=ok duration=None seconds
[07:05:06] SYSTEM timer.start
[07:05:07] PHASE turn=1 speaker=Agent A phase=NLG duration_sec=0.0
[07:05:07] PHASE turn=1 speaker=Agent A phase=TTS duration_sec=0.874088
[07:05:07] PHASE turn=1 speaker=Agent A phase=ASR duration_sec=0.039653
[07:05:07] SYSTEM telemetry.speech
[07:05:07] MEMORY turn=1 reason=opening changed=Agent A,Agent B
[07:05:07] STEP turn=None speaker=Agent A route_valid=- route_goal=- route=-
[07:05:07] SYSTEM telemetry.timing
[07:05:07] TIMING turn=1 speaker=Agent A generation=0.0 synthesis=0.874088 audio=11.467 recognition=0.039653 understanding=None dialogue_management=None pipeline_wall=0.914923 turn_observed=11.467
[07:09:01] PHASE turn=2 speaker=Agent B phase=NLG duration_sec=232.56815791130066
[07:09:01] PHASE turn=2 speaker=Agent B phase=TTS duration_sec=1.408814
[07:09:01] PHASE turn=2 speaker=Agent B phase=ASR duration_sec=0.030646
[07:09:01] SYSTEM telemetry.speech
[07:09:01] SYSTEM telemetry.timing
[07:09:01] MEMORY turn=2 reason=agent_b_reply changed=Agent A,Agent B
[07:09:01] STEP turn=None speaker=Agent B route_valid=- route_goal=- route=-
[07:09:01] PHASE turn=2 speaker=Agent B phase=NLU duration_sec=0.003321
[07:09:01] SYSTEM telemetry.nlu
[07:09:01] SYSTEM route
[07:09:01] SYSTEM candidate
[07:09:01] PHASE turn=2 speaker=Agent B phase=DM duration_sec=0.005339770577847958
[07:09:01] TIMING turn=2 speaker=Agent B generation=232.568158 synthesis=1.408814 audio=9.134 recognition=0.030646 understanding=0.003321 dialogue_management=0.00534 pipeline_wall=1.439852 turn_observed=241.710818
[07:09:27] PHASE turn=3 speaker=Agent A phase=NLG duration_sec=24.655994653701782
[07:09:27] PHASE turn=3 speaker=Agent A phase=TTS duration_sec=1.068963
[07:09:27] PHASE turn=3 speaker=Agent A phase=ASR duration_sec=0.02328
[07:09:27] SYSTEM telemetry.speech
[07:09:27] SYSTEM telemetry.timing
[07:09:27] TIMING turn=3 speaker=Agent A generation=24.655995 synthesis=1.068963 audio=6.879 recognition=0.02328 understanding=None dialogue_management=None pipeline_wall=1.092912 turn_observed=31.534995
[07:09:27] MEMORY turn=3 reason=agent_a_reply changed=Agent A,Agent B
[07:09:27] STEP turn=None speaker=Agent A route_valid=- route_goal=- route=-
[07:13:39] PHASE turn=4 speaker=Agent B phase=NLG duration_sec=250.61934614181519
[07:13:39] PHASE turn=4 speaker=Agent B phase=TTS duration_sec=1.484933
[07:13:39] PHASE turn=4 speaker=Agent B phase=ASR duration_sec=0.028788
[07:13:39] SYSTEM telemetry.speech
[07:13:39] SYSTEM telemetry.timing
[07:13:39] MEMORY turn=4 reason=agent_b_reply changed=Agent A,Agent B
[07:13:39] STEP turn=None speaker=Agent B route_valid=- route_goal=- route=-
[07:13:39] PHASE turn=4 speaker=Agent B phase=NLU duration_sec=0.010478
[07:13:39] SYSTEM telemetry.nlu
[07:13:39] SYSTEM candidate
[07:13:39] PHASE turn=4 speaker=Agent B phase=DM duration_sec=0.0036282045766711235
[07:13:39] TIMING turn=4 speaker=Agent B generation=250.619346 synthesis=1.484933 audio=9.512 recognition=0.028788 understanding=0.010478 dialogue_management=0.003628 pipeline_wall=1.514266 turn_observed=260.145452
[07:14:06] PHASE turn=5 speaker=Agent A phase=NLG duration_sec=26.375560760498047
[07:14:06] PHASE turn=5 speaker=Agent A phase=TTS duration_sec=0.793019
[07:14:06] PHASE turn=5 speaker=Agent A phase=ASR duration_sec=0.020593
[07:14:06] SYSTEM telemetry.speech
[07:14:06] SYSTEM telemetry.timing
[07:14:06] TIMING turn=5 speaker=Agent A generation=26.375561 synthesis=0.793019 audio=5.355 recognition=0.020593 understanding=None dialogue_management=None pipeline_wall=0.814073 turn_observed=31.730561
[07:14:06] MEMORY turn=5 reason=agent_a_reply changed=Agent A,Agent B
[07:14:06] STEP turn=None speaker=Agent A route_valid=- route_goal=- route=-
[07:18:36] PHASE turn=6 speaker=Agent B phase=NLG duration_sec=268.45861077308655
[07:18:36] PHASE turn=6 speaker=Agent B phase=TTS duration_sec=1.253325
[07:18:36] PHASE turn=6 speaker=Agent B phase=ASR duration_sec=0.028694
[07:18:36] SYSTEM telemetry.speech
[07:18:36] SYSTEM telemetry.timing
[07:18:36] MEMORY turn=6 reason=agent_b_reply changed=Agent A,Agent B
[07:18:36] STEP turn=None speaker=Agent B route_valid=- route_goal=- route=-
[07:18:36] PHASE turn=6 speaker=Agent B phase=NLU duration_sec=0.011232
[07:18:36] SYSTEM telemetry.nlu
[07:18:36] SYSTEM warning
[07:18:36] SYSTEM candidate
[07:18:36] PHASE turn=6 speaker=Agent B phase=DM duration_sec=0.0027860328555107117
[07:18:36] TIMING turn=6 speaker=Agent B generation=268.458611 synthesis=1.253325 audio=8.204 recognition=0.028694 understanding=0.011232 dialogue_management=0.002786 pipeline_wall=1.282429 turn_observed=276.676629
[07:19:05] PHASE turn=7 speaker=Agent A phase=NLG duration_sec=28.11843776702881
[07:19:05] PHASE turn=7 speaker=Agent A phase=TTS duration_sec=1.007901
[07:19:05] PHASE turn=7 speaker=Agent A phase=ASR duration_sec=0.018744
[07:19:05] SYSTEM telemetry.speech
[07:19:05] SYSTEM telemetry.timing
[07:19:05] TIMING turn=7 speaker=Agent A generation=28.118438 synthesis=1.007901 audio=6.492 recognition=0.018744 understanding=None dialogue_management=None pipeline_wall=1.02708 turn_observed=34.610438
[07:19:05] MEMORY turn=7 reason=agent_a_reply changed=Agent A,Agent B
[07:19:05] STEP turn=None speaker=Agent A route_valid=- route_goal=- route=-
[07:23:49] PHASE turn=8 speaker=Agent B phase=NLG duration_sec=281.95172214508057
[07:23:49] PHASE turn=8 speaker=Agent B phase=TTS duration_sec=1.724514
[07:23:49] PHASE turn=8 speaker=Agent B phase=ASR duration_sec=0.03171
[07:23:49] SYSTEM telemetry.speech
[07:23:49] SYSTEM telemetry.timing
[07:23:49] MEMORY turn=8 reason=agent_b_reply changed=Agent A,Agent B
[07:23:49] STEP turn=None speaker=Agent B route_valid=- route_goal=- route=-
[07:23:49] PHASE turn=8 speaker=Agent B phase=NLU duration_sec=0.009998
[07:23:49] SYSTEM telemetry.nlu
[07:23:49] SYSTEM warning
[07:23:49] SYSTEM candidate
[07:23:49] PHASE turn=8 speaker=Agent B phase=DM duration_sec=0.0027283960953354836
[07:23:49] TIMING turn=8 speaker=Agent B generation=281.951722 synthesis=1.724514 audio=10.999 recognition=0.03171 understanding=0.009998 dialogue_management=0.002728 pipeline_wall=1.756727 turn_observed=292.963449
[07:24:21] PHASE turn=9 speaker=Agent A phase=NLG duration_sec=30.79455256462097
[07:24:21] PHASE turn=9 speaker=Agent A phase=TTS duration_sec=1.229567
[07:24:21] PHASE turn=9 speaker=Agent A phase=ASR duration_sec=0.016136
[07:24:21] SYSTEM telemetry.speech
[07:24:21] SYSTEM telemetry.timing
[07:24:21] TIMING turn=9 speaker=Agent A generation=30.794553 synthesis=1.229567 audio=7.785 recognition=0.016136 understanding=None dialogue_management=None pipeline_wall=1.24614 turn_observed=38.579553
[07:24:21] MEMORY turn=9 reason=agent_a_reply changed=Agent A,Agent B
[07:24:21] STEP turn=None speaker=Agent A route_valid=- route_goal=- route=-
[07:24:21] SYSTEM metrics
[07:24:21] SYSTEM done
[07:24:21] SEGMENT batch.condition.end status=ok duration=1154.991205 seconds
[07:24:21] SESSION END batch-C-MT-DST-HESIT-PIP-VOS-MP3M4-DEFAU-MED-I0-5b530146d4-T
