=== batch-c-mpcc-ran-clean-pip-vos-mp3m4-defau-med-i0-a8803226b9-t-20260714-181100.log | sha256=af02c7670760f237181f97ca40dab3352aadfd55c08f33e7092a8eb6b4ca2a16 ===
[18:11:00] SESSION START batch-C-MPCC-RAN-CLEAN-PIP-VOS-MP3M4-DEFAU-MED-I0-a8803226b9-T
[18:11:00] SEGMENT batch.condition.start status=ok duration=None seconds
[18:11:00] SYSTEM timer.start
[18:11:01] PHASE turn=1 speaker=Agent A phase=NLG duration_sec=0.0
[18:11:01] PHASE turn=1 speaker=Agent A phase=TTS duration_sec=0.521457
[18:11:01] PHASE turn=1 speaker=Agent A phase=ASR duration_sec=0.026808
[18:11:01] SYSTEM telemetry.speech
[18:11:01] MEMORY turn=1 reason=opening changed=Agent A,Agent B
[18:11:01] STEP turn=None speaker=Agent A route_valid=- route_goal=- route=-
[18:11:01] SYSTEM telemetry.timing
[18:11:01] TIMING turn=1 speaker=Agent A generation=0.0 synthesis=0.521457 audio=11.463 recognition=0.026808 understanding=None dialogue_management=None pipeline_wall=0.548871 turn_observed=11.463
[18:14:16] PHASE turn=2 speaker=Agent B phase=NLG duration_sec=193.93446493148804
[18:14:16] PHASE turn=2 speaker=Agent B phase=TTS duration_sec=0.870084
[18:14:16] PHASE turn=2 speaker=Agent B phase=ASR duration_sec=0.01696
[18:14:16] SYSTEM telemetry.speech
[18:14:16] SYSTEM telemetry.timing
[18:14:16] MEMORY turn=2 reason=agent_b_reply changed=Agent A,Agent B
[18:14:16] STEP turn=None speaker=Agent B route_valid=- route_goal=- route=-
[18:14:16] PHASE turn=2 speaker=Agent B phase=NLU duration_sec=0.000968
[18:14:16] SYSTEM telemetry.nlu
[18:14:16] SYSTEM route
[18:14:16] SYSTEM candidate
[18:14:16] PHASE turn=2 speaker=Agent B phase=DM duration_sec=0.0030751246958971024
[18:14:16] TIMING turn=2 speaker=Agent B generation=193.934465 synthesis=0.870084 audio=9.03 recognition=0.01696 understanding=0.000968 dialogue_management=0.003075 pipeline_wall=0.887485 turn_observed=202.968508
[18:14:37] PHASE turn=3 speaker=Agent A phase=NLG duration_sec=20.61457133293152
[18:14:37] PHASE turn=3 speaker=Agent A phase=TTS duration_sec=0.664077
[18:14:37] PHASE turn=3 speaker=Agent A phase=ASR duration_sec=0.017449
[18:14:37] SYSTEM telemetry.speech
[18:14:37] SYSTEM telemetry.timing
[18:14:37] TIMING turn=3 speaker=Agent A generation=20.614571 synthesis=0.664077 audio=7.961 recognition=0.017449 understanding=None dialogue_management=None pipeline_wall=0.681879 turn_observed=28.575571
[18:14:37] MEMORY turn=3 reason=agent_a_reply changed=Agent A,Agent B
[18:14:37] STEP turn=None speaker=Agent A route_valid=- route_goal=- route=-
[18:18:07] PHASE turn=4 speaker=Agent B phase=NLG duration_sec=209.10905385017395
[18:18:07] PHASE turn=4 speaker=Agent B phase=TTS duration_sec=1.156755
[18:18:07] PHASE turn=4 speaker=Agent B phase=ASR duration_sec=0.018919
[18:18:07] SYSTEM telemetry.speech
[18:18:07] SYSTEM telemetry.timing
[18:18:07] MEMORY turn=4 reason=agent_b_reply changed=Agent A,Agent B
[18:18:07] STEP turn=None speaker=Agent B route_valid=- route_goal=- route=-
[18:18:07] PHASE turn=4 speaker=Agent B phase=NLU duration_sec=0.002443
[18:18:07] SYSTEM telemetry.nlu
[18:18:07] SYSTEM candidate
[18:18:07] PHASE turn=4 speaker=Agent B phase=DM duration_sec=0.0026803510263562202
[18:18:07] TIMING turn=4 speaker=Agent B generation=209.109054 synthesis=1.156755 audio=11.925 recognition=0.018919 understanding=0.002443 dialogue_management=0.00268 pipeline_wall=1.176087 turn_observed=221.039177
[18:18:30] PHASE turn=5 speaker=Agent A phase=NLG duration_sec=21.792937517166138
[18:18:30] PHASE turn=5 speaker=Agent A phase=TTS duration_sec=0.614696
[18:18:30] PHASE turn=5 speaker=Agent A phase=ASR duration_sec=0.019149
[18:18:30] SYSTEM telemetry.speech
[18:18:30] SYSTEM telemetry.timing
[18:18:30] TIMING turn=5 speaker=Agent A generation=21.792938 synthesis=0.614696 audio=6.597 recognition=0.019149 understanding=None dialogue_management=None pipeline_wall=0.634268 turn_observed=28.389938
[18:18:30] MEMORY turn=5 reason=agent_a_reply changed=Agent A,Agent B
[18:18:30] STEP turn=None speaker=Agent A route_valid=- route_goal=- route=-
[18:22:17] PHASE turn=6 speaker=Agent B phase=NLG duration_sec=226.28107333183289
[18:22:17] PHASE turn=6 speaker=Agent B phase=TTS duration_sec=1.355892
[18:22:17] PHASE turn=6 speaker=Agent B phase=ASR duration_sec=0.025903
[18:22:17] SYSTEM telemetry.speech
[18:22:17] SYSTEM telemetry.timing
[18:22:17] MEMORY turn=6 reason=agent_b_reply changed=Agent A,Agent B
[18:22:17] STEP turn=None speaker=Agent B route_valid=- route_goal=- route=-
[18:22:17] PHASE turn=6 speaker=Agent B phase=NLU duration_sec=0.001408
[18:22:17] SYSTEM telemetry.nlu
[18:22:17] SYSTEM candidate
[18:22:17] PHASE turn=6 speaker=Agent B phase=DM duration_sec=0.004966085776686668
[18:22:17] TIMING turn=6 speaker=Agent B generation=226.281073 synthesis=1.355892 audio=14.019 recognition=0.025903 understanding=0.001408 dialogue_management=0.004966 pipeline_wall=1.382215 turn_observed=240.306448
[18:22:18] PHASE turn=7 speaker=Agent A phase=NLG duration_sec=0.0016927719116210938
[18:22:18] PHASE turn=7 speaker=Agent A phase=TTS duration_sec=0.365051
[18:22:18] PHASE turn=7 speaker=Agent A phase=ASR duration_sec=0.00761
[18:22:18] SYSTEM telemetry.speech
[18:22:18] SYSTEM telemetry.timing
[18:22:18] TIMING turn=7 speaker=Agent A generation=0.001693 synthesis=0.365051 audio=3.87 recognition=0.00761 understanding=None dialogue_management=None pipeline_wall=0.372849 turn_observed=3.871693
[18:22:18] MEMORY turn=7 reason=agent_a_reply changed=Agent A,Agent B
[18:22:18] STEP turn=None speaker=Agent A route_valid=- route_goal=- route=-
[18:22:18] PHASE turn=8 speaker=Agent B phase=NLG duration_sec=0.20499587059020996
[18:22:18] PHASE turn=8 speaker=Agent B phase=TTS duration_sec=0.230522
[18:22:18] PHASE turn=8 speaker=Agent B phase=ASR duration_sec=0.004065
[18:22:18] SYSTEM telemetry.speech
[18:22:18] SYSTEM telemetry.timing
[18:22:18] MEMORY turn=8 reason=agent_b_reply changed=Agent A,Agent B
[18:22:18] STEP turn=None speaker=Agent B route_valid=- route_goal=- route=-
[18:22:18] PHASE turn=8 speaker=Agent B phase=NLU duration_sec=6e-06
[18:22:18] PHASE turn=8 speaker=Agent B phase=DM duration_sec=6.688851863145828e-05
[18:22:18] TIMING turn=8 speaker=Agent B generation=0.204996 synthesis=0.230522 audio=2.276 recognition=0.004065 understanding=6e-06 dialogue_management=6.7e-05 pipeline_wall=0.234758 turn_observed=2.481069
[18:22:43] PHASE turn=9 speaker=Agent A phase=NLG duration_sec=23.72145128250122
[18:22:43] PHASE turn=9 speaker=Agent A phase=TTS duration_sec=0.604725
[18:22:43] PHASE turn=9 speaker=Agent A phase=ASR duration_sec=0.018179
[18:22:43] SYSTEM telemetry.speech
[18:22:43] SYSTEM telemetry.timing
[18:22:43] TIMING turn=9 speaker=Agent A generation=23.721451 synthesis=0.604725 audio=6.597 recognition=0.018179 understanding=None dialogue_management=None pipeline_wall=0.623286 turn_observed=30.318451
[18:22:43] MEMORY turn=9 reason=agent_a_reply changed=Agent A,Agent B
[18:22:43] STEP turn=None speaker=Agent A route_valid=- route_goal=- route=-
[18:26:46] PHASE turn=10 speaker=Agent B phase=NLG duration_sec=242.16459107398987
[18:26:46] PHASE turn=10 speaker=Agent B phase=TTS duration_sec=1.047084
[18:26:46] PHASE turn=10 speaker=Agent B phase=ASR duration_sec=0.019052
[18:26:46] SYSTEM telemetry.speech
[18:26:46] SYSTEM telemetry.timing
[18:26:46] MEMORY turn=10 reason=agent_b_reply changed=Agent A,Agent B
[18:26:46] STEP turn=None speaker=Agent B route_valid=- route_goal=- route=-
[18:26:46] PHASE turn=10 speaker=Agent B phase=NLU duration_sec=0.00171
[18:26:46] SYSTEM telemetry.nlu
[18:26:46] SYSTEM candidate
[18:26:46] PHASE turn=10 speaker=Agent B phase=DM duration_sec=0.0042890748009085655
[18:26:46] TIMING turn=10 speaker=Agent B generation=242.164591 synthesis=1.047084 audio=11.566 recognition=0.019052 understanding=0.00171 dialogue_management=0.004289 pipeline_wall=1.066547 turn_observed=253.73659
[18:27:13] PHASE turn=11 speaker=Agent A phase=NLG duration_sec=26.24137854576111
[18:27:13] PHASE turn=11 speaker=Agent A phase=TTS duration_sec=0.487766
[18:27:13] PHASE turn=11 speaker=Agent A phase=ASR duration_sec=0.012185
[18:27:13] SYSTEM telemetry.speech
[18:27:13] SYSTEM telemetry.timing
[18:27:13] TIMING turn=11 speaker=Agent A generation=26.241379 synthesis=0.487766 audio=5.361 recognition=0.012185 understanding=None dialogue_management=None pipeline_wall=0.500327 turn_observed=31.602379
[18:27:13] MEMORY turn=11 reason=agent_a_reply changed=Agent A,Agent B
[18:27:13] STEP turn=None speaker=Agent A route_valid=- route_goal=- route=-
[18:27:13] SYSTEM metrics
[18:27:13] SYSTEM done
[18:27:13] SEGMENT batch.condition.end status=ok duration=972.372262 seconds
[18:27:13] SESSION END batch-C-MPCC-RAN-CLEAN-PIP-VOS-MP3M4-DEFAU-MED-I0-a8803226b9-T
