=== batch-c-mpcc-car-clean-pip-vos-tl1-defau-sml-i0-1fd0ba57ea-a-20260711-012243.log | sha256=a9845e9171ddbaa8a95a36c4a6861ddaf59218547bf199975a56c2aff29f9a57 ===
[01:22:43] SESSION START batch-C-MPCC-CAR-CLEAN-PIP-VOS-TL1-DEFAU-SML-I0-1fd0ba57ea-A
[01:22:43] SEGMENT batch.condition.start status=ok duration=None seconds
[01:22:43] SYSTEM timer.start
[01:22:53] PHASE turn=1 speaker=Agent A phase=NLG duration_sec=0.0
[01:22:53] PHASE turn=1 speaker=Agent A phase=TTS duration_sec=7.533791
[01:22:53] PHASE turn=1 speaker=Agent A phase=ASR duration_sec=3.380408
[01:22:53] SYSTEM telemetry.speech
[01:22:53] MEMORY turn=1 reason=opening changed=Agent A,Agent B
[01:22:53] STEP turn=None speaker=Agent A route_valid=- route_goal=- route=-
[01:22:53] SYSTEM telemetry.timing
[01:22:53] TIMING turn=1 speaker=Agent A generation=0.0 synthesis=7.533791 audio=11.463 recognition=3.380408 understanding=None dialogue_management=None pipeline_wall=10.91653 turn_observed=11.463
[01:23:35] PHASE turn=2 speaker=Agent B phase=NLG duration_sec=37.06193542480469
[01:23:35] PHASE turn=2 speaker=Agent B phase=TTS duration_sec=2.470955
[01:23:35] PHASE turn=2 speaker=Agent B phase=ASR duration_sec=1.791222
[01:23:35] SYSTEM telemetry.speech
[01:23:35] SYSTEM telemetry.timing
[01:23:35] MEMORY turn=2 reason=agent_b_reply changed=Agent A,Agent B
[01:23:35] STEP turn=None speaker=Agent B route_valid=- route_goal=- route=-
[01:23:35] PHASE turn=2 speaker=Agent B phase=NLU duration_sec=0.002413
[01:23:35] SYSTEM telemetry.nlu
[01:23:35] SYSTEM route
[01:23:35] SYSTEM candidate
[01:23:35] PHASE turn=2 speaker=Agent B phase=DM duration_sec=0.006012534024193883
[01:23:35] TIMING turn=2 speaker=Agent B generation=37.061935 synthesis=2.470955 audio=9.03 recognition=1.791222 understanding=0.002413 dialogue_management=0.006013 pipeline_wall=4.262775 turn_observed=46.100361
[01:24:42] PHASE turn=3 speaker=Agent A phase=NLG duration_sec=63.930546283721924
[01:24:42] PHASE turn=3 speaker=Agent A phase=TTS duration_sec=2.114607
[01:24:42] PHASE turn=3 speaker=Agent A phase=ASR duration_sec=1.464163
[01:24:42] SYSTEM telemetry.speech
[01:24:42] SYSTEM telemetry.timing
[01:24:42] TIMING turn=3 speaker=Agent A generation=63.930546 synthesis=2.114607 audio=7.961 recognition=1.464163 understanding=None dialogue_management=None pipeline_wall=3.579276 turn_observed=71.891546
[01:24:42] MEMORY turn=3 reason=agent_a_reply changed=Agent A,Agent B
[01:24:42] STEP turn=None speaker=Agent A route_valid=- route_goal=- route=-
[01:25:18] PHASE turn=4 speaker=Agent B phase=NLG duration_sec=30.265734434127808
[01:25:18] PHASE turn=4 speaker=Agent B phase=TTS duration_sec=3.150866
[01:25:18] PHASE turn=4 speaker=Agent B phase=ASR duration_sec=2.088935
[01:25:18] SYSTEM telemetry.speech
[01:25:18] SYSTEM telemetry.timing
[01:25:18] MEMORY turn=4 reason=agent_b_reply changed=Agent A,Agent B
[01:25:18] STEP turn=None speaker=Agent B route_valid=- route_goal=- route=-
[01:25:18] PHASE turn=4 speaker=Agent B phase=NLU duration_sec=0.011312
[01:25:18] SYSTEM telemetry.nlu
[01:25:18] SYSTEM candidate
[01:25:18] PHASE turn=4 speaker=Agent B phase=DM duration_sec=0.004227573052048683
[01:25:18] TIMING turn=4 speaker=Agent B generation=30.265734 synthesis=3.150866 audio=11.925 recognition=2.088935 understanding=0.011312 dialogue_management=0.004228 pipeline_wall=5.240418 turn_observed=42.206274
[01:25:20] PHASE turn=5 speaker=Agent A phase=NLG duration_sec=0.002409696578979492
[01:25:20] PHASE turn=5 speaker=Agent A phase=TTS duration_sec=1.136656
[01:25:20] PHASE turn=5 speaker=Agent A phase=ASR duration_sec=0.924784
[01:25:20] SYSTEM telemetry.speech
[01:25:20] SYSTEM telemetry.timing
[01:25:20] TIMING turn=5 speaker=Agent A generation=0.00241 synthesis=1.136656 audio=4.324 recognition=0.924784 understanding=None dialogue_management=None pipeline_wall=2.061968 turn_observed=4.32641
[01:25:20] MEMORY turn=5 reason=agent_a_reply changed=Agent A,Agent B
[01:25:20] STEP turn=None speaker=Agent A route_valid=- route_goal=- route=-
[01:25:22] PHASE turn=6 speaker=Agent B phase=NLG duration_sec=0.3336975574493408
[01:25:22] PHASE turn=6 speaker=Agent B phase=TTS duration_sec=0.760946
[01:25:22] PHASE turn=6 speaker=Agent B phase=ASR duration_sec=0.758907
[01:25:22] SYSTEM telemetry.speech
[01:25:22] SYSTEM telemetry.timing
[01:25:22] MEMORY turn=6 reason=agent_b_reply changed=Agent A,Agent B
[01:25:22] STEP turn=None speaker=Agent B route_valid=- route_goal=- route=-
[01:25:22] PHASE turn=6 speaker=Agent B phase=NLU duration_sec=1.1e-05
[01:25:22] PHASE turn=6 speaker=Agent B phase=DM duration_sec=0.00012428394984453917
[01:25:22] TIMING turn=6 speaker=Agent B generation=0.333698 synthesis=0.760946 audio=2.717 recognition=0.758907 understanding=1.1e-05 dialogue_management=0.000124 pipeline_wall=1.520288 turn_observed=3.050833
[01:26:31] PHASE turn=7 speaker=Agent A phase=NLG duration_sec=66.60149145126343
[01:26:31] PHASE turn=7 speaker=Agent A phase=TTS duration_sec=1.527021
[01:26:31] PHASE turn=7 speaker=Agent A phase=ASR duration_sec=1.172875
[01:26:31] SYSTEM telemetry.speech
[01:26:31] SYSTEM telemetry.timing
[01:26:31] TIMING turn=7 speaker=Agent A generation=66.601491 synthesis=1.527021 audio=6.143 recognition=1.172875 understanding=None dialogue_management=None pipeline_wall=2.700481 turn_observed=72.744491
[01:26:31] MEMORY turn=7 reason=agent_a_reply changed=Agent A,Agent B
[01:26:31] STEP turn=None speaker=Agent A route_valid=- route_goal=- route=-
[01:27:08] PHASE turn=8 speaker=Agent B phase=NLG duration_sec=31.25528573989868
[01:27:08] PHASE turn=8 speaker=Agent B phase=TTS duration_sec=3.771554
[01:27:08] PHASE turn=8 speaker=Agent B phase=ASR duration_sec=1.999471
[01:27:08] SYSTEM telemetry.speech
[01:27:08] SYSTEM telemetry.timing
[01:27:08] MEMORY turn=8 reason=agent_b_reply changed=Agent A,Agent B
[01:27:08] STEP turn=None speaker=Agent B route_valid=- route_goal=- route=-
[01:27:08] PHASE turn=8 speaker=Agent B phase=NLU duration_sec=0.003543
[01:27:08] SYSTEM telemetry.nlu
[01:27:08] SYSTEM candidate
[01:27:08] PHASE turn=8 speaker=Agent B phase=DM duration_sec=0.0054244420025497675
[01:27:08] TIMING turn=8 speaker=Agent B generation=31.255286 synthesis=3.771554 audio=14.461 recognition=1.999471 understanding=0.003543 dialogue_management=0.005424 pipeline_wall=5.771615 turn_observed=45.725253
[01:27:11] PHASE turn=9 speaker=Agent A phase=NLG duration_sec=0.009115934371948242
[01:27:11] PHASE turn=9 speaker=Agent A phase=TTS duration_sec=1.870895
[01:27:11] PHASE turn=9 speaker=Agent A phase=ASR duration_sec=1.245551
[01:27:11] SYSTEM telemetry.speech
[01:27:11] SYSTEM telemetry.timing
[01:27:11] TIMING turn=9 speaker=Agent A generation=0.009116 synthesis=1.870895 audio=6.143 recognition=1.245551 understanding=None dialogue_management=None pipeline_wall=3.116916 turn_observed=6.152116
[01:27:11] MEMORY turn=9 reason=agent_a_reply changed=Agent A,Agent B
[01:27:11] STEP turn=None speaker=Agent A route_valid=- route_goal=- route=-
[01:27:55] PHASE turn=10 speaker=Agent B phase=NLG duration_sec=38.47504734992981
[01:27:55] PHASE turn=10 speaker=Agent B phase=TTS duration_sec=2.545384
[01:27:55] PHASE turn=10 speaker=Agent B phase=ASR duration_sec=2.132085
[01:27:55] SYSTEM telemetry.speech
[01:27:55] SYSTEM telemetry.timing
[01:27:55] MEMORY turn=10 reason=agent_b_reply changed=Agent A,Agent B
[01:27:55] STEP turn=None speaker=Agent B route_valid=- route_goal=- route=-
[01:27:55] PHASE turn=10 speaker=Agent B phase=NLU duration_sec=0.003782
[01:27:55] SYSTEM telemetry.nlu
[01:27:55] SYSTEM warning
[01:27:55] SYSTEM candidate
[01:27:55] PHASE turn=10 speaker=Agent B phase=DM duration_sec=0.0028193810721859336
[01:27:55] TIMING turn=10 speaker=Agent B generation=38.475047 synthesis=2.545384 audio=9.03 recognition=2.132085 understanding=0.003782 dialogue_management=0.002819 pipeline_wall=4.678103 turn_observed=47.511649
[01:27:57] PHASE turn=11 speaker=Agent A phase=NLG duration_sec=0.0023212432861328125
[01:27:57] PHASE turn=11 speaker=Agent A phase=TTS duration_sec=1.23816
[01:27:57] PHASE turn=11 speaker=Agent A phase=ASR duration_sec=1.049734
[01:27:57] SYSTEM telemetry.speech
[01:27:57] SYSTEM telemetry.timing
[01:27:57] TIMING turn=11 speaker=Agent A generation=0.002321 synthesis=1.23816 audio=3.87 recognition=1.049734 understanding=None dialogue_management=None pipeline_wall=2.288356 turn_observed=3.872321
[01:27:57] MEMORY turn=11 reason=agent_a_reply changed=Agent A,Agent B
[01:27:57] STEP turn=None speaker=Agent A route_valid=- route_goal=- route=-
[01:27:59] PHASE turn=12 speaker=Agent B phase=NLG duration_sec=0.001180410385131836
[01:27:59] PHASE turn=12 speaker=Agent B phase=TTS duration_sec=0.875957
[01:27:59] PHASE turn=12 speaker=Agent B phase=ASR duration_sec=0.92523
[01:27:59] SYSTEM telemetry.speech
[01:27:59] SYSTEM telemetry.timing
[01:27:59] MEMORY turn=12 reason=agent_b_reply changed=Agent A,Agent B
[01:27:59] STEP turn=None speaker=Agent B route_valid=- route_goal=- route=-
[01:27:59] PHASE turn=12 speaker=Agent B phase=NLU duration_sec=1.2e-05
[01:27:59] PHASE turn=12 speaker=Agent B phase=DM duration_sec=0.0001219860278069973
[01:27:59] TIMING turn=12 speaker=Agent B generation=0.00118 synthesis=0.875957 audio=2.276 recognition=0.92523 understanding=1.2e-05 dialogue_management=0.000122 pipeline_wall=1.801691 turn_observed=2.277314
[01:29:21] PHASE turn=13 speaker=Agent A phase=NLG duration_sec=78.5793080329895
[01:29:21] PHASE turn=13 speaker=Agent A phase=TTS duration_sec=2.131013
[01:29:21] PHASE turn=13 speaker=Agent A phase=ASR duration_sec=1.65853
[01:29:21] SYSTEM telemetry.speech
[01:29:21] SYSTEM telemetry.timing
[01:29:21] TIMING turn=13 speaker=Agent A generation=78.579308 synthesis=2.131013 audio=6.597 recognition=1.65853 understanding=None dialogue_management=None pipeline_wall=3.790411 turn_observed=85.176308
[01:29:21] MEMORY turn=13 reason=agent_a_reply changed=Agent A,Agent B
[01:29:21] STEP turn=None speaker=Agent A route_valid=- route_goal=- route=-
[01:30:04] PHASE turn=14 speaker=Agent B phase=NLG duration_sec=37.605072021484375
[01:30:04] PHASE turn=14 speaker=Agent B phase=TTS duration_sec=3.386655
[01:30:04] PHASE turn=14 speaker=Agent B phase=ASR duration_sec=2.252365
[01:30:04] SYSTEM telemetry.speech
[01:30:04] SYSTEM telemetry.timing
[01:30:04] MEMORY turn=14 reason=agent_b_reply changed=Agent A,Agent B
[01:30:04] STEP turn=None speaker=Agent B route_valid=- route_goal=- route=-
[01:30:04] PHASE turn=14 speaker=Agent B phase=NLU duration_sec=0.005336
[01:30:04] SYSTEM telemetry.nlu
[01:30:04] SYSTEM warning
[01:30:04] SYSTEM candidate
[01:30:04] PHASE turn=14 speaker=Agent B phase=DM duration_sec=0.006713854963891208
[01:30:04] TIMING turn=14 speaker=Agent B generation=37.605072 synthesis=3.386655 audio=11.125 recognition=2.252365 understanding=0.005336 dialogue_management=0.006714 pipeline_wall=5.639638 turn_observed=48.742122
[01:30:07] PHASE turn=15 speaker=Agent A phase=NLG duration_sec=0.0019304752349853516
[01:30:07] PHASE turn=15 speaker=Agent A phase=TTS duration_sec=1.28262
[01:30:07] PHASE turn=15 speaker=Agent A phase=ASR duration_sec=1.191247
[01:30:07] SYSTEM telemetry.speech
[01:30:07] SYSTEM telemetry.timing
[01:30:07] TIMING turn=15 speaker=Agent A generation=0.00193 synthesis=1.28262 audio=3.87 recognition=1.191247 understanding=None dialogue_management=None pipeline_wall=2.474469 turn_observed=3.87193
[01:30:07] MEMORY turn=15 reason=agent_a_reply changed=Agent A,Agent B
[01:30:07] STEP turn=None speaker=Agent A route_valid=- route_goal=- route=-
[01:30:09] PHASE turn=16 speaker=Agent B phase=NLG duration_sec=0.0012958049774169922
[01:30:09] PHASE turn=16 speaker=Agent B phase=TTS duration_sec=0.973126
[01:30:09] PHASE turn=16 speaker=Agent B phase=ASR duration_sec=1.019449
[01:30:09] SYSTEM telemetry.speech
[01:30:09] SYSTEM telemetry.timing
[01:30:09] MEMORY turn=16 reason=agent_b_reply changed=Agent A,Agent B
[01:30:09] STEP turn=None speaker=Agent B route_valid=- route_goal=- route=-
[01:30:09] PHASE turn=16 speaker=Agent B phase=NLU duration_sec=2e-05
[01:30:09] PHASE turn=16 speaker=Agent B phase=DM duration_sec=0.00014017405919730663
[01:30:09] TIMING turn=16 speaker=Agent B generation=0.001296 synthesis=0.973126 audio=2.276 recognition=1.019449 understanding=2e-05 dialogue_management=0.00014 pipeline_wall=1.993086 turn_observed=2.277456
[01:31:31] PHASE turn=17 speaker=Agent A phase=NLG duration_sec=77.25133872032166
[01:31:31] PHASE turn=17 speaker=Agent A phase=TTS duration_sec=2.483707
[01:31:31] PHASE turn=17 speaker=Agent A phase=ASR duration_sec=1.899255
[01:31:31] SYSTEM telemetry.speech
[01:31:31] SYSTEM telemetry.timing
[01:31:31] TIMING turn=17 speaker=Agent A generation=77.251339 synthesis=2.483707 audio=9.452 recognition=1.899255 understanding=None dialogue_management=None pipeline_wall=4.38378 turn_observed=86.703339
[01:31:31] MEMORY turn=17 reason=agent_a_reply changed=Agent A,Agent B
[01:31:31] STEP turn=None speaker=Agent A route_valid=- route_goal=- route=-
[01:31:31] SYSTEM metrics
[01:31:31] SYSTEM done
[01:31:31] SEGMENT batch.condition.end status=ok duration=528.062776 seconds
[01:31:31] SESSION END batch-C-MPCC-CAR-CLEAN-PIP-VOS-TL1-DEFAU-SML-I0-1fd0ba57ea-A
