=== batch-c-mpcc-fc-clean-pip-vos-mp3m4-defau-med-i0-d794cc44ac-t-20260714-202434.log | sha256=0c3c4040c669e35242e38bee9df0089c09d5c299190749d47387f843ca839c06 ===
[20:24:34] SESSION START batch-C-MPCC-FC-CLEAN-PIP-VOS-MP3M4-DEFAU-MED-I0-d794cc44ac-T
[20:24:34] SEGMENT batch.condition.start status=ok duration=None seconds
[20:24:34] SYSTEM timer.start
[20:24:35] PHASE turn=1 speaker=Agent A phase=NLG duration_sec=0.0
[20:24:35] PHASE turn=1 speaker=Agent A phase=TTS duration_sec=0.554673
[20:24:35] PHASE turn=1 speaker=Agent A phase=ASR duration_sec=0.027388
[20:24:35] SYSTEM telemetry.speech
[20:24:35] MEMORY turn=1 reason=opening changed=Agent A,Agent B
[20:24:35] STEP turn=None speaker=Agent A route_valid=- route_goal=- route=-
[20:24:35] SYSTEM telemetry.timing
[20:24:35] TIMING turn=1 speaker=Agent A generation=0.0 synthesis=0.554673 audio=11.463 recognition=0.027388 understanding=None dialogue_management=None pipeline_wall=0.58268 turn_observed=11.463
[20:27:48] PHASE turn=2 speaker=Agent B phase=NLG duration_sec=192.58500146865845
[20:27:48] PHASE turn=2 speaker=Agent B phase=TTS duration_sec=0.813218
[20:27:48] PHASE turn=2 speaker=Agent B phase=ASR duration_sec=0.015292
[20:27:48] SYSTEM telemetry.speech
[20:27:48] SYSTEM telemetry.timing
[20:27:48] MEMORY turn=2 reason=agent_b_reply changed=Agent A,Agent B
[20:27:48] STEP turn=None speaker=Agent B route_valid=- route_goal=- route=-
[20:27:48] PHASE turn=2 speaker=Agent B phase=NLU duration_sec=0.001285
[20:27:48] SYSTEM telemetry.nlu
[20:27:48] SYSTEM route
[20:27:48] SYSTEM candidate
[20:27:48] PHASE turn=2 speaker=Agent B phase=DM duration_sec=0.002680373378098011
[20:27:48] TIMING turn=2 speaker=Agent B generation=192.585001 synthesis=0.813218 audio=9.03 recognition=0.015292 understanding=0.001285 dialogue_management=0.00268 pipeline_wall=0.828865 turn_observed=201.618967
[20:28:10] PHASE turn=3 speaker=Agent A phase=NLG duration_sec=20.260090112686157
[20:28:10] PHASE turn=3 speaker=Agent A phase=TTS duration_sec=0.918446
[20:28:10] PHASE turn=3 speaker=Agent A phase=ASR duration_sec=0.033306
[20:28:10] SYSTEM telemetry.speech
[20:28:10] SYSTEM telemetry.timing
[20:28:10] TIMING turn=3 speaker=Agent A generation=20.26009 synthesis=0.918446 audio=6.597 recognition=0.033306 understanding=None dialogue_management=None pipeline_wall=0.952173 turn_observed=26.85709
[20:28:10] MEMORY turn=3 reason=agent_a_reply changed=Agent A,Agent B
[20:28:10] STEP turn=None speaker=Agent A route_valid=- route_goal=- route=-
[20:31:41] PHASE turn=4 speaker=Agent B phase=NLG duration_sec=210.2993996143341
[20:31:41] PHASE turn=4 speaker=Agent B phase=TTS duration_sec=1.303177
[20:31:41] PHASE turn=4 speaker=Agent B phase=ASR duration_sec=0.021685
[20:31:41] SYSTEM telemetry.speech
[20:31:41] SYSTEM telemetry.timing
[20:31:41] MEMORY turn=4 reason=agent_b_reply changed=Agent A,Agent B
[20:31:41] STEP turn=None speaker=Agent B route_valid=- route_goal=- route=-
[20:31:41] PHASE turn=4 speaker=Agent B phase=NLU duration_sec=0.002333
[20:31:41] SYSTEM telemetry.nlu
[20:31:41] SYSTEM candidate
[20:31:41] PHASE turn=4 speaker=Agent B phase=DM duration_sec=0.0025733159855008125
[20:31:41] TIMING turn=4 speaker=Agent B generation=210.2994 synthesis=1.303177 audio=14.461 recognition=0.021685 understanding=0.002333 dialogue_management=0.002573 pipeline_wall=1.325313 turn_observed=224.765306
[20:32:04] PHASE turn=5 speaker=Agent A phase=NLG duration_sec=21.860746145248413
[20:32:04] PHASE turn=5 speaker=Agent A phase=TTS duration_sec=0.938761
[20:32:04] PHASE turn=5 speaker=Agent A phase=ASR duration_sec=0.024188
[20:32:04] SYSTEM telemetry.speech
[20:32:04] SYSTEM telemetry.timing
[20:32:04] TIMING turn=5 speaker=Agent A generation=21.860746 synthesis=0.938761 audio=10.019 recognition=0.024188 understanding=None dialogue_management=None pipeline_wall=0.96327 turn_observed=31.879746
[20:32:04] MEMORY turn=5 reason=agent_a_reply changed=Agent A,Agent B
[20:32:04] STEP turn=None speaker=Agent A route_valid=- route_goal=- route=-
[20:36:02] PHASE turn=6 speaker=Agent B phase=NLG duration_sec=236.43677258491516
[20:36:02] PHASE turn=6 speaker=Agent B phase=TTS duration_sec=1.08653
[20:36:02] PHASE turn=6 speaker=Agent B phase=ASR duration_sec=0.019284
[20:36:02] SYSTEM telemetry.speech
[20:36:02] SYSTEM telemetry.timing
[20:36:02] MEMORY turn=6 reason=agent_b_reply changed=Agent A,Agent B
[20:36:02] STEP turn=None speaker=Agent B route_valid=- route_goal=- route=-
[20:36:02] PHASE turn=6 speaker=Agent B phase=NLU duration_sec=0.001481
[20:36:02] SYSTEM telemetry.nlu
[20:36:02] SYSTEM candidate
[20:36:02] PHASE turn=6 speaker=Agent B phase=DM duration_sec=0.004466029815375805
[20:36:02] TIMING turn=6 speaker=Agent B generation=236.436773 synthesis=1.08653 audio=11.925 recognition=0.019284 understanding=0.001481 dialogue_management=0.004466 pipeline_wall=1.106161 turn_observed=248.36772
[20:36:26] PHASE turn=7 speaker=Agent A phase=NLG duration_sec=23.782495737075806
[20:36:26] PHASE turn=7 speaker=Agent A phase=TTS duration_sec=0.742939
[20:36:26] PHASE turn=7 speaker=Agent A phase=ASR duration_sec=0.017859
[20:36:26] SYSTEM telemetry.speech
[20:36:26] SYSTEM telemetry.timing
[20:36:26] TIMING turn=7 speaker=Agent A generation=23.782496 synthesis=0.742939 audio=8.415 recognition=0.017859 understanding=None dialogue_management=None pipeline_wall=0.761186 turn_observed=32.197496
[20:36:26] MEMORY turn=7 reason=agent_a_reply changed=Agent A,Agent B
[20:36:26] STEP turn=None speaker=Agent A route_valid=- route_goal=- route=-
[20:40:37] PHASE turn=8 speaker=Agent B phase=NLG duration_sec=249.58063125610352
[20:40:37] PHASE turn=8 speaker=Agent B phase=TTS duration_sec=0.872606
[20:40:37] PHASE turn=8 speaker=Agent B phase=ASR duration_sec=0.016531
[20:40:37] SYSTEM telemetry.speech
[20:40:37] SYSTEM telemetry.timing
[20:40:37] MEMORY turn=8 reason=agent_b_reply changed=Agent A,Agent B
[20:40:37] STEP turn=None speaker=Agent B route_valid=- route_goal=- route=-
[20:40:37] PHASE turn=8 speaker=Agent B phase=NLU duration_sec=0.00336
[20:40:37] SYSTEM telemetry.nlu
[20:40:37] SYSTEM candidate
[20:40:37] PHASE turn=8 speaker=Agent B phase=DM duration_sec=0.004555179737508297
[20:40:37] TIMING turn=8 speaker=Agent B generation=249.580631 synthesis=0.872606 audio=9.03 recognition=0.016531 understanding=0.00336 dialogue_management=0.004555 pipeline_wall=0.889559 turn_observed=258.618547
[20:41:02] PHASE turn=9 speaker=Agent A phase=NLG duration_sec=25.072330474853516
[20:41:02] PHASE turn=9 speaker=Agent A phase=TTS duration_sec=0.525927
[20:41:02] PHASE turn=9 speaker=Agent A phase=ASR duration_sec=0.013777
[20:41:02] SYSTEM telemetry.speech
[20:41:02] SYSTEM telemetry.timing
[20:41:02] TIMING turn=9 speaker=Agent A generation=25.07233 synthesis=0.525927 audio=5.361 recognition=0.013777 understanding=None dialogue_management=None pipeline_wall=0.540102 turn_observed=30.43333
[20:41:02] MEMORY turn=9 reason=agent_a_reply changed=Agent A,Agent B
[20:41:02] STEP turn=None speaker=Agent A route_valid=- route_goal=- route=-
[20:41:02] SYSTEM metrics
[20:41:02] SYSTEM done
[20:41:02] SEGMENT batch.condition.end status=ok duration=988.000003 seconds
[20:41:02] SESSION END batch-C-MPCC-FC-CLEAN-PIP-VOS-MP3M4-DEFAU-MED-I0-d794cc44ac-T
