=== batch-c-mpcc-dst-clean-pip-vos-q05-defau-sml-i0-75ea69eb06-t-20260714-051440.log | sha256=e4adacd5127fb03a142629e09cb2b1838e510fbe590838c4e7512b350881e47a ===
[05:14:40] SESSION START batch-C-MPCC-DST-CLEAN-PIP-VOS-Q05-DEFAU-SML-I0-75ea69eb06-T
[05:14:40] SEGMENT batch.condition.start status=ok duration=None seconds
[05:14:40] SYSTEM timer.start
[05:14:40] PHASE turn=1 speaker=Agent A phase=NLG duration_sec=0.0
[05:14:40] PHASE turn=1 speaker=Agent A phase=TTS duration_sec=0.527628
[05:14:40] PHASE turn=1 speaker=Agent A phase=ASR duration_sec=0.030466
[05:14:40] SYSTEM telemetry.speech
[05:14:40] MEMORY turn=1 reason=opening changed=Agent A,Agent B
[05:14:40] STEP turn=None speaker=Agent A route_valid=- route_goal=- route=-
[05:14:40] SYSTEM telemetry.timing
[05:14:40] TIMING turn=1 speaker=Agent A generation=0.0 synthesis=0.527628 audio=11.463 recognition=0.030466 understanding=None dialogue_management=None pipeline_wall=0.558726 turn_observed=11.463
[05:15:03] PHASE turn=2 speaker=Agent B phase=NLG duration_sec=21.671189069747925
[05:15:03] PHASE turn=2 speaker=Agent B phase=TTS duration_sec=0.848769
[05:15:03] PHASE turn=2 speaker=Agent B phase=ASR duration_sec=0.021005
[05:15:03] SYSTEM telemetry.speech
[05:15:03] SYSTEM telemetry.timing
[05:15:03] MEMORY turn=2 reason=agent_b_reply changed=Agent A,Agent B
[05:15:03] STEP turn=None speaker=Agent B route_valid=- route_goal=- route=-
[05:15:03] PHASE turn=2 speaker=Agent B phase=NLU duration_sec=0.000887
[05:15:03] SYSTEM telemetry.nlu
[05:15:03] SYSTEM route
[05:15:03] SYSTEM candidate
[05:15:03] PHASE turn=2 speaker=Agent B phase=DM duration_sec=0.0027638589963316917
[05:15:03] TIMING turn=2 speaker=Agent B generation=21.671189 synthesis=0.848769 audio=9.03 recognition=0.021005 understanding=0.000887 dialogue_management=0.002764 pipeline_wall=0.870188 turn_observed=30.70484
[05:15:23] PHASE turn=3 speaker=Agent A phase=NLG duration_sec=19.61655306816101
[05:15:23] PHASE turn=3 speaker=Agent A phase=TTS duration_sec=0.503807
[05:15:23] PHASE turn=3 speaker=Agent A phase=ASR duration_sec=0.017424
[05:15:23] SYSTEM telemetry.speech
[05:15:23] SYSTEM telemetry.timing
[05:15:23] TIMING turn=3 speaker=Agent A generation=19.616553 synthesis=0.503807 audio=6.143 recognition=0.017424 understanding=None dialogue_management=None pipeline_wall=0.521631 turn_observed=25.759553
[05:15:23] MEMORY turn=3 reason=agent_a_reply changed=Agent A,Agent B
[05:15:23] STEP turn=None speaker=Agent A route_valid=- route_goal=- route=-
[05:15:43] PHASE turn=4 speaker=Agent B phase=NLG duration_sec=18.612826108932495
[05:15:43] PHASE turn=4 speaker=Agent B phase=TTS duration_sec=1.314672
[05:15:43] PHASE turn=4 speaker=Agent B phase=ASR duration_sec=0.027782
[05:15:43] SYSTEM telemetry.speech
[05:15:43] SYSTEM telemetry.timing
[05:15:43] MEMORY turn=4 reason=agent_b_reply changed=Agent A,Agent B
[05:15:43] STEP turn=None speaker=Agent B route_valid=- route_goal=- route=-
[05:15:43] PHASE turn=4 speaker=Agent B phase=NLU duration_sec=0.001278
[05:15:43] SYSTEM telemetry.nlu
[05:15:43] SYSTEM candidate
[05:15:43] PHASE turn=4 speaker=Agent B phase=DM duration_sec=0.0040211600717157125
[05:15:43] TIMING turn=4 speaker=Agent B generation=18.612826 synthesis=1.314672 audio=14.461 recognition=0.027782 understanding=0.001278 dialogue_management=0.004021 pipeline_wall=1.342752 turn_observed=33.079125
[05:16:05] PHASE turn=5 speaker=Agent A phase=NLG duration_sec=21.28195285797119
[05:16:05] PHASE turn=5 speaker=Agent A phase=TTS duration_sec=0.661481
[05:16:05] PHASE turn=5 speaker=Agent A phase=ASR duration_sec=0.037523
[05:16:05] SYSTEM telemetry.speech
[05:16:05] SYSTEM telemetry.timing
[05:16:05] TIMING turn=5 speaker=Agent A generation=21.281953 synthesis=0.661481 audio=6.597 recognition=0.037523 understanding=None dialogue_management=None pipeline_wall=0.699527 turn_observed=27.878953
[05:16:05] MEMORY turn=5 reason=agent_a_reply changed=Agent A,Agent B
[05:16:05] STEP turn=None speaker=Agent A route_valid=- route_goal=- route=-
[05:16:27] PHASE turn=6 speaker=Agent B phase=NLG duration_sec=20.71702790260315
[05:16:27] PHASE turn=6 speaker=Agent B phase=TTS duration_sec=1.042395
[05:16:27] PHASE turn=6 speaker=Agent B phase=ASR duration_sec=0.025131
[05:16:27] SYSTEM telemetry.speech
[05:16:27] SYSTEM telemetry.timing
[05:16:27] MEMORY turn=6 reason=agent_b_reply changed=Agent A,Agent B
[05:16:27] STEP turn=None speaker=Agent B route_valid=- route_goal=- route=-
[05:16:27] PHASE turn=6 speaker=Agent B phase=NLU duration_sec=0.003236
[05:16:27] SYSTEM telemetry.nlu
[05:16:27] SYSTEM candidate
[05:16:27] PHASE turn=6 speaker=Agent B phase=DM duration_sec=0.0036507421173155308
[05:16:27] TIMING turn=6 speaker=Agent B generation=20.717028 synthesis=1.042395 audio=11.125 recognition=0.025131 understanding=0.003236 dialogue_management=0.003651 pipeline_wall=1.067811 turn_observed=31.848915
[05:16:27] PHASE turn=7 speaker=Agent A phase=NLG duration_sec=0.0028281211853027344
[05:16:27] PHASE turn=7 speaker=Agent A phase=TTS duration_sec=0.348363
[05:16:27] PHASE turn=7 speaker=Agent A phase=ASR duration_sec=0.013003
[05:16:27] SYSTEM telemetry.speech
[05:16:27] SYSTEM telemetry.timing
[05:16:27] TIMING turn=7 speaker=Agent A generation=0.002828 synthesis=0.348363 audio=3.87 recognition=0.013003 understanding=None dialogue_management=None pipeline_wall=0.361525 turn_observed=3.872828
[05:16:27] MEMORY turn=7 reason=agent_a_reply changed=Agent A,Agent B
[05:16:27] STEP turn=None speaker=Agent A route_valid=- route_goal=- route=-
[05:16:27] PHASE turn=8 speaker=Agent B phase=NLG duration_sec=0.17959380149841309
[05:16:27] PHASE turn=8 speaker=Agent B phase=TTS duration_sec=0.226977
[05:16:27] PHASE turn=8 speaker=Agent B phase=ASR duration_sec=0.007706
[05:16:27] SYSTEM telemetry.speech
[05:16:27] SYSTEM telemetry.timing
[05:16:27] MEMORY turn=8 reason=agent_b_reply changed=Agent A,Agent B
[05:16:27] STEP turn=None speaker=Agent B route_valid=- route_goal=- route=-
[05:16:27] PHASE turn=8 speaker=Agent B phase=NLU duration_sec=5e-06
[05:16:27] PHASE turn=8 speaker=Agent B phase=DM duration_sec=6.0889869928359985e-05
[05:16:27] TIMING turn=8 speaker=Agent B generation=0.179594 synthesis=0.226977 audio=2.276 recognition=0.007706 understanding=5e-06 dialogue_management=6.1e-05 pipeline_wall=0.23488 turn_observed=2.45566
[05:16:51] PHASE turn=9 speaker=Agent A phase=NLG duration_sec=22.546534538269043
[05:16:51] PHASE turn=9 speaker=Agent A phase=TTS duration_sec=0.596211
[05:16:51] PHASE turn=9 speaker=Agent A phase=ASR duration_sec=0.021698
[05:16:51] SYSTEM telemetry.speech
[05:16:51] SYSTEM telemetry.timing
[05:16:51] TIMING turn=9 speaker=Agent A generation=22.546535 synthesis=0.596211 audio=6.597 recognition=0.021698 understanding=None dialogue_management=None pipeline_wall=0.618234 turn_observed=29.143535
[05:16:51] MEMORY turn=9 reason=agent_a_reply changed=Agent A,Agent B
[05:16:51] STEP turn=None speaker=Agent A route_valid=- route_goal=- route=-
[05:17:15] PHASE turn=10 speaker=Agent B phase=NLG duration_sec=21.77571678161621
[05:17:15] PHASE turn=10 speaker=Agent B phase=TTS duration_sec=2.538767
[05:17:15] PHASE turn=10 speaker=Agent B phase=ASR duration_sec=0.031525
[05:17:15] SYSTEM telemetry.speech
[05:17:15] SYSTEM telemetry.timing
[05:17:15] MEMORY turn=10 reason=agent_b_reply changed=Agent A,Agent B
[05:17:15] STEP turn=None speaker=Agent B route_valid=- route_goal=- route=-
[05:17:15] PHASE turn=10 speaker=Agent B phase=NLU duration_sec=0.004614
[05:17:15] SYSTEM telemetry.nlu
[05:17:15] SYSTEM candidate
[05:17:15] PHASE turn=10 speaker=Agent B phase=DM duration_sec=0.004797272849828005
[05:17:15] TIMING turn=10 speaker=Agent B generation=21.775717 synthesis=2.538767 audio=17.796 recognition=0.031525 understanding=0.004614 dialogue_management=0.004797 pipeline_wall=2.570688 turn_observed=39.581128
[05:17:42] PHASE turn=11 speaker=Agent A phase=NLG duration_sec=25.929776668548584
[05:17:42] PHASE turn=11 speaker=Agent A phase=TTS duration_sec=0.875104
[05:17:42] PHASE turn=11 speaker=Agent A phase=ASR duration_sec=0.012632
[05:17:42] SYSTEM telemetry.speech
[05:17:42] SYSTEM telemetry.timing
[05:17:42] TIMING turn=11 speaker=Agent A generation=25.929777 synthesis=0.875104 audio=9.452 recognition=0.012632 understanding=None dialogue_management=None pipeline_wall=0.888091 turn_observed=35.381777
[05:17:42] MEMORY turn=11 reason=agent_a_reply changed=Agent A,Agent B
[05:17:42] STEP turn=None speaker=Agent A route_valid=- route_goal=- route=-
[05:17:42] SYSTEM metrics
[05:17:42] SYSTEM done
[05:17:42] SEGMENT batch.condition.end status=ok duration=182.259591 seconds
[05:17:42] SESSION END batch-C-MPCC-DST-CLEAN-PIP-VOS-Q05-DEFAU-SML-I0-75ea69eb06-T
