=== batch-c-ac-car-hesit-pip-fwh-qq515-pad-med-i0-8521667097-a-20260713-051541.log | sha256=7185b16c097eb8e0e8b2541adc916f393d2f049790307f6b62006a5bdcf96870 ===
[05:15:41] SESSION START batch-C-AC-CAR-HESIT-PIP-FWH-QQ515-PAD-MED-I0-8521667097-A
[05:15:41] SEGMENT batch.condition.start status=ok duration=None seconds
[05:15:41] SYSTEM timer.start
[05:15:55] PHASE turn=1 speaker=Agent A phase=NLG duration_sec=0.0
[05:15:55] PHASE turn=1 speaker=Agent A phase=TTS duration_sec=4.492708
[05:15:55] PHASE turn=1 speaker=Agent A phase=ASR duration_sec=6.499793
[05:15:55] SYSTEM telemetry.speech
[05:15:55] MEMORY turn=1 reason=opening changed=Agent A,Agent B
[05:15:55] STEP turn=None speaker=Agent A route_valid=- route_goal=- route=-
[05:15:55] SYSTEM telemetry.timing
[05:15:55] TIMING turn=1 speaker=Agent A generation=0.0 synthesis=4.492708 audio=11.854 recognition=6.499793 understanding=None dialogue_management=None pipeline_wall=14.379426 turn_observed=14.37952
[05:16:32] PHASE turn=2 speaker=Agent B phase=NLG duration_sec=27.800129890441895
[05:16:32] PHASE turn=2 speaker=Agent B phase=TTS duration_sec=1.745336
[05:16:32] PHASE turn=2 speaker=Agent B phase=ASR duration_sec=3.732619
[05:16:32] SYSTEM telemetry.speech
[05:16:32] SYSTEM telemetry.timing
[05:16:32] MEMORY turn=2 reason=agent_b_reply changed=Agent A,Agent B
[05:16:32] STEP turn=None speaker=Agent B route_valid=- route_goal=- route=-
[05:16:32] PHASE turn=2 speaker=Agent B phase=NLU duration_sec=0.001942
[05:16:32] SYSTEM telemetry.nlu
[05:16:32] SYSTEM route
[05:16:32] SYSTEM candidate
[05:16:32] PHASE turn=2 speaker=Agent B phase=DM duration_sec=0.007713267812505364
[05:16:32] TIMING turn=2 speaker=Agent B generation=27.80013 synthesis=1.745336 audio=9.134 recognition=3.732619 understanding=0.001942 dialogue_management=0.007713 pipeline_wall=9.09301 turn_observed=36.943785
[05:17:24] PHASE turn=3 speaker=Agent A phase=NLG duration_sec=44.52487635612488
[05:17:24] PHASE turn=3 speaker=Agent A phase=TTS duration_sec=1.18178
[05:17:24] PHASE turn=3 speaker=Agent A phase=ASR duration_sec=3.136765
[05:17:24] SYSTEM telemetry.speech
[05:17:24] SYSTEM telemetry.timing
[05:17:24] TIMING turn=3 speaker=Agent A generation=44.524876 synthesis=1.18178 audio=8.609 recognition=3.136765 understanding=None dialogue_management=None pipeline_wall=7.033318 turn_observed=53.133876
[05:17:24] MEMORY turn=3 reason=agent_a_reply changed=Agent A,Agent B
[05:17:24] STEP turn=None speaker=Agent A route_valid=- route_goal=- route=-
[05:17:56] PHASE turn=4 speaker=Agent B phase=NLG duration_sec=24.120110034942627
[05:17:56] PHASE turn=4 speaker=Agent B phase=TTS duration_sec=1.369499
[05:17:56] PHASE turn=4 speaker=Agent B phase=ASR duration_sec=3.518099
[05:17:56] SYSTEM telemetry.speech
[05:17:56] SYSTEM telemetry.timing
[05:17:56] MEMORY turn=4 reason=agent_b_reply changed=Agent A,Agent B
[05:17:56] STEP turn=None speaker=Agent B route_valid=- route_goal=- route=-
[05:17:56] PHASE turn=4 speaker=Agent B phase=NLU duration_sec=0.004405
[05:17:56] SYSTEM telemetry.nlu
[05:17:56] SYSTEM candidate
[05:17:56] PHASE turn=4 speaker=Agent B phase=DM duration_sec=0.004971415968611836
[05:17:56] TIMING turn=4 speaker=Agent B generation=24.12011 synthesis=1.369499 audio=7.411 recognition=3.518099 understanding=0.004405 dialogue_management=0.004971 pipeline_wall=8.349195 turn_observed=32.478756
[05:18:02] PHASE turn=5 speaker=Agent A phase=NLG duration_sec=0.011558294296264648
[05:18:02] PHASE turn=5 speaker=Agent A phase=TTS duration_sec=1.050936
[05:18:02] PHASE turn=5 speaker=Agent A phase=ASR duration_sec=2.988812
[05:18:02] SYSTEM telemetry.speech
[05:18:02] SYSTEM telemetry.timing
[05:18:02] TIMING turn=5 speaker=Agent A generation=0.011558 synthesis=1.050936 audio=5.355 recognition=2.988812 understanding=None dialogue_management=None pipeline_wall=5.960726 turn_observed=5.972384
[05:18:02] MEMORY turn=5 reason=agent_a_reply changed=Agent A,Agent B
[05:18:02] STEP turn=None speaker=Agent A route_valid=- route_goal=- route=-
[05:18:38] PHASE turn=6 speaker=Agent B phase=NLG duration_sec=26.07390332221985
[05:18:38] PHASE turn=6 speaker=Agent B phase=TTS duration_sec=1.772069
[05:18:38] PHASE turn=6 speaker=Agent B phase=ASR duration_sec=3.745614
[05:18:38] SYSTEM telemetry.speech
[05:18:38] SYSTEM telemetry.timing
[05:18:38] MEMORY turn=6 reason=agent_b_reply changed=Agent A,Agent B
[05:18:38] STEP turn=None speaker=Agent B route_valid=- route_goal=- route=-
[05:18:38] PHASE turn=6 speaker=Agent B phase=NLU duration_sec=0.003685
[05:18:38] SYSTEM telemetry.nlu
[05:18:38] SYSTEM candidate
[05:18:38] PHASE turn=6 speaker=Agent B phase=DM duration_sec=0.006788003025576472
[05:18:38] TIMING turn=6 speaker=Agent B generation=26.073903 synthesis=1.772069 audio=9.134 recognition=3.745614 understanding=0.003685 dialogue_management=0.006788 pipeline_wall=9.433578 turn_observed=35.518028
[05:18:43] PHASE turn=7 speaker=Agent A phase=NLG duration_sec=0.0031027793884277344
[05:18:43] PHASE turn=7 speaker=Agent A phase=TTS duration_sec=0.831606
[05:18:43] PHASE turn=7 speaker=Agent A phase=ASR duration_sec=3.092294
[05:18:43] SYSTEM telemetry.speech
[05:18:43] SYSTEM telemetry.timing
[05:18:43] TIMING turn=7 speaker=Agent A generation=0.003103 synthesis=0.831606 audio=5.512 recognition=3.092294 understanding=None dialogue_management=None pipeline_wall=5.624202 turn_observed=5.627369
[05:18:43] MEMORY turn=7 reason=agent_a_reply changed=Agent A,Agent B
[05:18:43] STEP turn=None speaker=Agent A route_valid=- route_goal=- route=-
[05:18:48] PHASE turn=8 speaker=Agent B phase=NLG duration_sec=0.29119253158569336
[05:18:48] PHASE turn=8 speaker=Agent B phase=TTS duration_sec=0.535482
[05:18:48] PHASE turn=8 speaker=Agent B phase=ASR duration_sec=2.661475
[05:18:48] SYSTEM telemetry.speech
[05:18:48] SYSTEM telemetry.timing
[05:18:48] MEMORY turn=8 reason=agent_b_reply changed=Agent A,Agent B
[05:18:48] STEP turn=None speaker=Agent B route_valid=- route_goal=- route=-
[05:18:48] PHASE turn=8 speaker=Agent B phase=NLU duration_sec=1e-05
[05:18:48] PHASE turn=8 speaker=Agent B phase=DM duration_sec=0.00010360684245824814
[05:18:48] TIMING turn=8 speaker=Agent B generation=0.291193 synthesis=0.535482 audio=2.921 recognition=2.661475 understanding=1e-05 dialogue_management=0.000104 pipeline_wall=4.321631 turn_observed=4.613
[05:18:54] PHASE turn=9 speaker=Agent A phase=NLG duration_sec=0.016396522521972656
[05:18:54] PHASE turn=9 speaker=Agent A phase=TTS duration_sec=1.031984
[05:18:54] PHASE turn=9 speaker=Agent A phase=ASR duration_sec=2.839773
[05:18:54] SYSTEM telemetry.speech
[05:18:54] SYSTEM telemetry.timing
[05:18:54] TIMING turn=9 speaker=Agent A generation=0.016397 synthesis=1.031984 audio=5.487 recognition=2.839773 understanding=None dialogue_management=None pipeline_wall=5.564127 turn_observed=5.580604
[05:18:54] MEMORY turn=9 reason=agent_a_reply changed=Agent A,Agent B
[05:18:54] STEP turn=None speaker=Agent A route_valid=- route_goal=- route=-
[05:18:58] PHASE turn=10 speaker=Agent B phase=NLG duration_sec=0.0011544227600097656
[05:18:58] PHASE turn=10 speaker=Agent B phase=TTS duration_sec=0.485273
[05:18:58] PHASE turn=10 speaker=Agent B phase=ASR duration_sec=2.520926
[05:18:58] SYSTEM telemetry.speech
[05:18:58] SYSTEM telemetry.timing
[05:18:58] MEMORY turn=10 reason=agent_b_reply changed=Agent A,Agent B
[05:18:58] STEP turn=None speaker=Agent B route_valid=- route_goal=- route=-
[05:18:58] PHASE turn=10 speaker=Agent B phase=NLU duration_sec=1.6e-05
[05:18:58] PHASE turn=10 speaker=Agent B phase=DM duration_sec=0.0001432620920240879
[05:18:58] TIMING turn=10 speaker=Agent B generation=0.001154 synthesis=0.485273 audio=2.101 recognition=2.520926 understanding=1.6e-05 dialogue_management=0.000143 pipeline_wall=3.846707 turn_observed=3.848096
[05:19:04] PHASE turn=11 speaker=Agent A phase=NLG duration_sec=0.026022911071777344
[05:19:04] PHASE turn=11 speaker=Agent A phase=TTS duration_sec=1.17229
[05:19:04] PHASE turn=11 speaker=Agent A phase=ASR duration_sec=3.042599
[05:19:04] SYSTEM telemetry.speech
[05:19:04] SYSTEM telemetry.timing
[05:19:04] TIMING turn=11 speaker=Agent A generation=0.026023 synthesis=1.17229 audio=7.241 recognition=3.042599 understanding=None dialogue_management=None pipeline_wall=6.408745 turn_observed=7.267023
[05:19:04] MEMORY turn=11 reason=agent_a_reply changed=Agent A,Agent B
[05:19:04] STEP turn=None speaker=Agent A route_valid=- route_goal=- route=-
[05:19:40] PHASE turn=12 speaker=Agent B phase=NLG duration_sec=27.191099882125854
[05:19:40] PHASE turn=12 speaker=Agent B phase=TTS duration_sec=1.780775
[05:19:40] PHASE turn=12 speaker=Agent B phase=ASR duration_sec=3.58814
[05:19:40] SYSTEM telemetry.speech
[05:19:40] SYSTEM telemetry.timing
[05:19:40] MEMORY turn=12 reason=agent_b_reply changed=Agent A,Agent B
[05:19:40] STEP turn=None speaker=Agent B route_valid=- route_goal=- route=-
[05:19:40] PHASE turn=12 speaker=Agent B phase=NLU duration_sec=0.003542
[05:19:40] SYSTEM telemetry.nlu
[05:19:40] SYSTEM candidate
[05:19:40] PHASE turn=12 speaker=Agent B phase=DM duration_sec=0.012925878167152405
[05:19:40] TIMING turn=12 speaker=Agent B generation=27.1911 synthesis=1.780775 audio=9.134 recognition=3.58814 understanding=0.003542 dialogue_management=0.012926 pipeline_wall=9.260598 turn_observed=36.468232
[05:19:41] SYSTEM metrics
[05:19:41] SYSTEM done
[05:19:41] SEGMENT batch.condition.end status=ok duration=239.692813 seconds
[05:19:41] SESSION END batch-C-AC-CAR-HESIT-PIP-FWH-QQ515-PAD-MED-I0-8521667097-A
