=== batch-c-mde-dst-hesit-pip-fwh-qq57i-pap-lrg-i0-83294e7e15-a-20260713-133027.log | sha256=84e2ebe025d90c45b446b704564d5d0b622eba922f5071a2c3830722e345b892 ===
[13:30:27] SESSION START batch-C-MDE-DST-HESIT-PIP-FWH-QQ57I-PAP-LRG-I0-83294e7e15-A
[13:30:27] SEGMENT batch.condition.start status=ok duration=None seconds
[13:30:27] SYSTEM timer.start
[13:30:41] PHASE turn=1 speaker=Agent A phase=NLG duration_sec=0.0
[13:30:41] PHASE turn=1 speaker=Agent A phase=TTS duration_sec=6.94766
[13:30:41] PHASE turn=1 speaker=Agent A phase=ASR duration_sec=5.028439
[13:30:41] SYSTEM telemetry.speech
[13:30:41] MEMORY turn=1 reason=opening changed=Agent A,Agent B
[13:30:41] STEP turn=None speaker=Agent A route_valid=- route_goal=- route=-
[13:30:41] SYSTEM telemetry.timing
[13:30:41] TIMING turn=1 speaker=Agent A generation=0.0 synthesis=6.94766 audio=12.786 recognition=5.028439 understanding=None dialogue_management=None pipeline_wall=14.182384 turn_observed=14.182458
[13:32:23] PHASE turn=2 speaker=Agent B phase=NLG duration_sec=94.29481673240662
[13:32:23] PHASE turn=2 speaker=Agent B phase=TTS duration_sec=3.832068
[13:32:23] PHASE turn=2 speaker=Agent B phase=ASR duration_sec=2.504642
[13:32:23] SYSTEM telemetry.speech
[13:32:23] SYSTEM telemetry.timing
[13:32:23] MEMORY turn=2 reason=agent_b_reply changed=Agent A,Agent B
[13:32:23] STEP turn=None speaker=Agent B route_valid=- route_goal=- route=-
[13:32:23] PHASE turn=2 speaker=Agent B phase=NLU duration_sec=0.003037
[13:32:23] SYSTEM telemetry.nlu
[13:32:23] SYSTEM route
[13:32:23] SYSTEM candidate
[13:32:23] PHASE turn=2 speaker=Agent B phase=DM duration_sec=0.004206741927191615
[13:32:23] TIMING turn=2 speaker=Agent B generation=94.294817 synthesis=3.832068 audio=7.257 recognition=2.504642 understanding=0.003037 dialogue_management=0.004207 pipeline_wall=8.042062 turn_observed=102.344201
[13:32:29] PHASE turn=3 speaker=Agent A phase=NLG duration_sec=0.007509708404541016
[13:32:29] PHASE turn=3 speaker=Agent A phase=TTS duration_sec=2.341013
[13:32:29] PHASE turn=3 speaker=Agent A phase=ASR duration_sec=2.154907
[13:32:29] SYSTEM telemetry.speech
[13:32:29] SYSTEM telemetry.timing
[13:32:29] TIMING turn=3 speaker=Agent A generation=0.00751 synthesis=2.341013 audio=6.492 recognition=2.154907 understanding=None dialogue_management=None pipeline_wall=5.939618 turn_observed=6.49951
[13:32:29] MEMORY turn=3 reason=agent_a_reply changed=Agent A,Agent B
[13:32:29] STEP turn=None speaker=Agent A route_valid=- route_goal=- route=-
[13:34:32] PHASE turn=4 speaker=Agent B phase=NLG duration_sec=96.34566116333008
[13:34:32] PHASE turn=4 speaker=Agent B phase=TTS duration_sec=15.450544
[13:34:32] PHASE turn=4 speaker=Agent B phase=ASR duration_sec=5.176882
[13:34:32] SYSTEM telemetry.speech
[13:34:32] SYSTEM telemetry.timing
[13:34:32] MEMORY turn=4 reason=agent_b_reply changed=Agent A,Agent B
[13:34:32] STEP turn=None speaker=Agent B route_valid=- route_goal=- route=-
[13:34:32] PHASE turn=4 speaker=Agent B phase=NLU duration_sec=0.000359
[13:34:32] SYSTEM telemetry.nlu
[13:34:32] PHASE turn=4 speaker=Agent B phase=DM duration_sec=7.907906547188759e-05
[13:34:32] TIMING turn=4 speaker=Agent B generation=96.345661 synthesis=15.450544 audio=6.381 recognition=5.176882 understanding=0.000359 dialogue_management=7.9e-05 pipeline_wall=26.722204 turn_observed=123.068376
[13:35:01] PHASE turn=5 speaker=Agent A phase=NLG duration_sec=0.024708271026611328
[13:35:01] PHASE turn=5 speaker=Agent A phase=TTS duration_sec=20.55469
[13:35:01] PHASE turn=5 speaker=Agent A phase=ASR duration_sec=4.084956
[13:35:01] SYSTEM telemetry.speech
[13:35:01] SYSTEM telemetry.timing
[13:35:01] TIMING turn=5 speaker=Agent A generation=0.024708 synthesis=20.55469 audio=2.702 recognition=4.084956 understanding=None dialogue_management=None pipeline_wall=28.389058 turn_observed=28.41382
[13:35:01] MEMORY turn=5 reason=agent_a_reply changed=Agent A,Agent B
[13:35:01] STEP turn=None speaker=Agent A route_valid=- route_goal=- route=-
[13:35:43] PHASE turn=6 speaker=Agent B phase=NLG duration_sec=0.17911934852600098
[13:35:43] PHASE turn=6 speaker=Agent B phase=TTS duration_sec=30.222079
[13:35:43] PHASE turn=6 speaker=Agent B phase=ASR duration_sec=5.559531
[13:35:43] SYSTEM telemetry.speech
[13:35:43] SYSTEM telemetry.timing
[13:35:43] MEMORY turn=6 reason=agent_b_reply changed=Agent A,Agent B
[13:35:43] STEP turn=None speaker=Agent B route_valid=- route_goal=- route=-
[13:35:43] PHASE turn=6 speaker=Agent B phase=NLU duration_sec=6e-06
[13:35:43] PHASE turn=6 speaker=Agent B phase=DM duration_sec=7.701897993683815e-05
[13:35:43] TIMING turn=6 speaker=Agent B generation=0.179119 synthesis=30.222079 audio=2.434 recognition=5.559531 understanding=6e-06 dialogue_management=7.7e-05 pipeline_wall=41.519729 turn_observed=41.698983
[13:36:24] PHASE turn=7 speaker=Agent A phase=NLG duration_sec=0.010233163833618164
[13:36:24] PHASE turn=7 speaker=Agent A phase=TTS duration_sec=29.415465
[13:36:24] PHASE turn=7 speaker=Agent A phase=ASR duration_sec=8.42189
[13:36:24] SYSTEM telemetry.speech
[13:36:24] SYSTEM telemetry.timing
[13:36:24] TIMING turn=7 speaker=Agent A generation=0.010233 synthesis=29.415465 audio=8.378 recognition=8.42189 understanding=None dialogue_management=None pipeline_wall=41.816105 turn_observed=41.826388
[13:36:24] MEMORY turn=7 reason=agent_a_reply changed=Agent A,Agent B
[13:36:24] STEP turn=None speaker=Agent A route_valid=- route_goal=- route=-
[13:38:33] PHASE turn=8 speaker=Agent B phase=NLG duration_sec=104.4368736743927
[13:38:33] PHASE turn=8 speaker=Agent B phase=TTS duration_sec=16.992505
[13:38:33] PHASE turn=8 speaker=Agent B phase=ASR duration_sec=2.474303
[13:38:33] SYSTEM telemetry.speech
[13:38:33] SYSTEM telemetry.timing
[13:38:33] MEMORY turn=8 reason=agent_b_reply changed=Agent A,Agent B
[13:38:33] STEP turn=None speaker=Agent B route_valid=- route_goal=- route=-
[13:38:33] PHASE turn=8 speaker=Agent B phase=NLU duration_sec=0.000376
[13:38:33] SYSTEM telemetry.nlu
[13:38:33] PHASE turn=8 speaker=Agent B phase=DM duration_sec=7.422920316457748e-05
[13:38:33] TIMING turn=8 speaker=Agent B generation=104.436874 synthesis=16.992505 audio=7.535 recognition=2.474303 understanding=0.000376 dialogue_management=7.4e-05 pipeline_wall=23.984845 turn_observed=128.422222
[13:39:01] PHASE turn=9 speaker=Agent A phase=NLG duration_sec=0.026508331298828125
[13:39:01] PHASE turn=9 speaker=Agent A phase=TTS duration_sec=14.154562
[13:39:01] PHASE turn=9 speaker=Agent A phase=ASR duration_sec=6.352467
[13:39:01] SYSTEM telemetry.speech
[13:39:01] SYSTEM telemetry.timing
[13:39:01] TIMING turn=9 speaker=Agent A generation=0.026508 synthesis=14.154562 audio=7.422 recognition=6.352467 understanding=None dialogue_management=None pipeline_wall=28.258135 turn_observed=28.284696
[13:39:01] MEMORY turn=9 reason=agent_a_reply changed=Agent A,Agent B
[13:39:01] STEP turn=None speaker=Agent A route_valid=- route_goal=- route=-
[13:41:23] PHASE turn=10 speaker=Agent B phase=NLG duration_sec=110.42457151412964
[13:41:23] PHASE turn=10 speaker=Agent B phase=TTS duration_sec=23.056145
[13:41:23] PHASE turn=10 speaker=Agent B phase=ASR duration_sec=4.302266
[13:41:23] SYSTEM telemetry.speech
[13:41:23] SYSTEM telemetry.timing
[13:41:23] MEMORY turn=10 reason=agent_b_reply changed=Agent A
[13:41:23] STEP turn=None speaker=Agent B route_valid=- route_goal=- route=-
[13:41:23] PHASE turn=10 speaker=Agent B phase=NLU duration_sec=0.000537
[13:41:23] SYSTEM telemetry.nlu
[13:41:23] PHASE turn=10 speaker=Agent B phase=DM duration_sec=7.590907625854015e-05
[13:41:23] TIMING turn=10 speaker=Agent B generation=110.424572 synthesis=23.056145 audio=6.381 recognition=4.302266 understanding=0.000537 dialogue_management=7.6e-05 pipeline_wall=31.844714 turn_observed=142.269951
[13:41:50] PHASE turn=11 speaker=Agent A phase=NLG duration_sec=0.024451017379760742
[13:41:50] PHASE turn=11 speaker=Agent A phase=TTS duration_sec=17.55867
[13:41:50] PHASE turn=11 speaker=Agent A phase=ASR duration_sec=5.956195
[13:41:50] SYSTEM telemetry.speech
[13:41:50] SYSTEM telemetry.timing
[13:41:50] TIMING turn=11 speaker=Agent A generation=0.024451 synthesis=17.55867 audio=5.997 recognition=5.956195 understanding=None dialogue_management=None pipeline_wall=26.642597 turn_observed=26.667091
[13:41:50] MEMORY turn=11 reason=agent_a_reply changed=Agent A,Agent B
[13:41:50] STEP turn=None speaker=Agent A route_valid=- route_goal=- route=-
[13:41:50] SYSTEM metrics
[13:41:50] SYSTEM done
[13:41:50] SEGMENT batch.condition.end status=ok duration=683.319039 seconds
[13:41:50] SESSION END batch-C-MDE-DST-HESIT-PIP-FWH-QQ57I-PAP-LRG-I0-83294e7e15-A
