=== batch-c-mpcc-fc-mc-pip-fwh-qq57i-defau-lrg-i0-5da86eb447-t-20260714-133253.log | sha256=184f40affccb19f2c030896127bb923a2787c72ac0845c5c569c59270ad33dcc ===
[13:32:53] SESSION START batch-C-MPCC-FC-MC-PIP-FWH-QQ57I-DEFAU-LRG-I0-5da86eb447-T
[13:32:53] SEGMENT batch.condition.start status=ok duration=None seconds
[13:32:53] SYSTEM timer.start
[13:32:54] PHASE turn=1 speaker=Agent A phase=NLG duration_sec=0.0
[13:32:54] PHASE turn=1 speaker=Agent A phase=TTS duration_sec=0.776943
[13:32:54] PHASE turn=1 speaker=Agent A phase=ASR duration_sec=0.043477
[13:32:54] SYSTEM telemetry.speech
[13:32:54] MEMORY turn=1 reason=opening changed=Agent A,Agent B
[13:32:54] STEP turn=None speaker=Agent A route_valid=- route_goal=- route=-
[13:32:54] SYSTEM telemetry.timing
[13:32:54] TIMING turn=1 speaker=Agent A generation=0.0 synthesis=0.776943 audio=9.861 recognition=0.043477 understanding=None dialogue_management=None pipeline_wall=0.821477 turn_observed=9.861
[13:39:10] PHASE turn=2 speaker=Agent B phase=NLG duration_sec=375.6881847381592
[13:39:10] PHASE turn=2 speaker=Agent B phase=TTS duration_sec=1.170505
[13:39:10] PHASE turn=2 speaker=Agent B phase=ASR duration_sec=0.024877
[13:39:10] SYSTEM telemetry.speech
[13:39:10] SYSTEM telemetry.timing
[13:39:11] MEMORY turn=2 reason=agent_b_reply changed=Agent A,Agent B
[13:39:11] STEP turn=None speaker=Agent B route_valid=- route_goal=- route=-
[13:39:11] PHASE turn=2 speaker=Agent B phase=NLU duration_sec=0.001471
[13:39:11] SYSTEM telemetry.nlu
[13:39:11] SYSTEM route
[13:39:11] SYSTEM candidate
[13:39:11] PHASE turn=2 speaker=Agent B phase=DM duration_sec=0.005786783993244171
[13:39:11] TIMING turn=2 speaker=Agent B generation=375.688185 synthesis=1.170505 audio=7.106 recognition=0.024877 understanding=0.001471 dialogue_management=0.005787 pipeline_wall=1.195944 turn_observed=382.801443
[13:39:38] PHASE turn=3 speaker=Agent A phase=NLG duration_sec=26.353381395339966
[13:39:38] PHASE turn=3 speaker=Agent A phase=TTS duration_sec=0.829895
[13:39:38] PHASE turn=3 speaker=Agent A phase=ASR duration_sec=0.021709
[13:39:38] SYSTEM telemetry.speech
[13:39:38] SYSTEM telemetry.timing
[13:39:38] TIMING turn=3 speaker=Agent A generation=26.353381 synthesis=0.829895 audio=5.652 recognition=0.021709 understanding=None dialogue_management=None pipeline_wall=0.852143 turn_observed=32.005381
[13:39:38] MEMORY turn=3 reason=agent_a_reply changed=Agent A,Agent B
[13:39:38] STEP turn=None speaker=Agent A route_valid=- route_goal=- route=-
[13:46:36] PHASE turn=4 speaker=Agent B phase=NLG duration_sec=416.3773832321167
[13:46:36] PHASE turn=4 speaker=Agent B phase=TTS duration_sec=1.873973
[13:46:36] PHASE turn=4 speaker=Agent B phase=ASR duration_sec=0.03545
[13:46:36] SYSTEM telemetry.speech
[13:46:36] SYSTEM telemetry.timing
[13:46:36] MEMORY turn=4 reason=agent_b_reply changed=Agent A,Agent B
[13:46:36] STEP turn=None speaker=Agent B route_valid=- route_goal=- route=-
[13:46:36] PHASE turn=4 speaker=Agent B phase=NLU duration_sec=0.003845
[13:46:36] SYSTEM telemetry.nlu
[13:46:36] SYSTEM candidate
[13:46:36] PHASE turn=4 speaker=Agent B phase=DM duration_sec=0.004553118720650673
[13:46:36] TIMING turn=4 speaker=Agent B generation=416.377383 synthesis=1.873973 audio=11.404 recognition=0.03545 understanding=0.003845 dialogue_management=0.004553 pipeline_wall=1.909967 turn_observed=427.789781
[13:47:06] PHASE turn=5 speaker=Agent A phase=NLG duration_sec=28.493380546569824
[13:47:06] PHASE turn=5 speaker=Agent A phase=TTS duration_sec=1.395417
[13:47:06] PHASE turn=5 speaker=Agent A phase=ASR duration_sec=0.038373
[13:47:06] SYSTEM telemetry.speech
[13:47:06] SYSTEM telemetry.timing
[13:47:06] TIMING turn=5 speaker=Agent A generation=28.493381 synthesis=1.395417 audio=8.609 recognition=0.038373 understanding=None dialogue_management=None pipeline_wall=1.434353 turn_observed=37.102381
[13:47:06] MEMORY turn=5 reason=agent_a_reply changed=Agent A,Agent B
[13:47:06] STEP turn=None speaker=Agent A route_valid=- route_goal=- route=-
[13:54:52] PHASE turn=6 speaker=Agent B phase=NLG duration_sec=464.9707911014557
[13:54:52] PHASE turn=6 speaker=Agent B phase=TTS duration_sec=1.467895
[13:54:52] PHASE turn=6 speaker=Agent B phase=ASR duration_sec=0.028557
[13:54:52] SYSTEM telemetry.speech
[13:54:52] SYSTEM telemetry.timing
[13:54:52] MEMORY turn=6 reason=agent_b_reply changed=Agent A,Agent B
[13:54:52] STEP turn=None speaker=Agent B route_valid=- route_goal=- route=-
[13:54:52] PHASE turn=6 speaker=Agent B phase=NLU duration_sec=0.001984
[13:54:52] SYSTEM telemetry.nlu
[13:54:52] SYSTEM candidate
[13:54:52] PHASE turn=6 speaker=Agent B phase=DM duration_sec=0.008748038671910763
[13:54:52] TIMING turn=6 speaker=Agent B generation=464.970791 synthesis=1.467895 audio=9.416 recognition=0.028557 understanding=0.001984 dialogue_management=0.008748 pipeline_wall=1.496956 turn_observed=474.397524
[13:55:24] PHASE turn=7 speaker=Agent A phase=NLG duration_sec=30.678546905517578
[13:55:24] PHASE turn=7 speaker=Agent A phase=TTS duration_sec=1.166054
[13:55:24] PHASE turn=7 speaker=Agent A phase=ASR duration_sec=0.031389
[13:55:24] SYSTEM telemetry.speech
[13:55:24] SYSTEM telemetry.timing
[13:55:24] TIMING turn=7 speaker=Agent A generation=30.678547 synthesis=1.166054 audio=7.252 recognition=0.031389 understanding=None dialogue_management=None pipeline_wall=1.198088 turn_observed=37.930547
[13:55:24] MEMORY turn=7 reason=agent_a_reply changed=Agent A,Agent B
[13:55:24] STEP turn=None speaker=Agent A route_valid=- route_goal=- route=-
[14:03:35] PHASE turn=8 speaker=Agent B phase=NLG duration_sec=489.44919419288635
[14:03:35] PHASE turn=8 speaker=Agent B phase=TTS duration_sec=1.146336
[14:03:35] PHASE turn=8 speaker=Agent B phase=ASR duration_sec=0.025081
[14:03:35] SYSTEM telemetry.speech
[14:03:35] SYSTEM telemetry.timing
[14:03:35] MEMORY turn=8 reason=agent_b_reply changed=Agent A,Agent B
[14:03:35] STEP turn=None speaker=Agent B route_valid=- route_goal=- route=-
[14:03:35] PHASE turn=8 speaker=Agent B phase=NLU duration_sec=0.001817
[14:03:35] SYSTEM telemetry.nlu
[14:03:35] SYSTEM candidate
[14:03:35] PHASE turn=8 speaker=Agent B phase=DM duration_sec=0.011359002441167831
[14:03:35] TIMING turn=8 speaker=Agent B generation=489.449194 synthesis=1.146336 audio=7.106 recognition=0.025081 understanding=0.001817 dialogue_management=0.011359 pipeline_wall=1.171959 turn_observed=496.56837
[14:04:08] PHASE turn=9 speaker=Agent A phase=NLG duration_sec=31.841218948364258
[14:04:08] PHASE turn=9 speaker=Agent A phase=TTS duration_sec=0.745713
[14:04:08] PHASE turn=9 speaker=Agent A phase=ASR duration_sec=0.019985
[14:04:08] SYSTEM telemetry.speech
[14:04:08] SYSTEM telemetry.timing
[14:04:08] TIMING turn=9 speaker=Agent A generation=31.841219 synthesis=0.745713 audio=4.535 recognition=0.019985 understanding=None dialogue_management=None pipeline_wall=0.766239 turn_observed=36.376219
[14:04:08] MEMORY turn=9 reason=agent_a_reply changed=Agent A,Agent B
[14:04:08] STEP turn=None speaker=Agent A route_valid=- route_goal=- route=-
[14:04:08] SYSTEM metrics
[14:04:08] SYSTEM done
[14:04:08] SEGMENT batch.condition.end status=ok duration=1874.981611 seconds
[14:04:08] SESSION END batch-C-MPCC-FC-MC-PIP-FWH-QQ57I-DEFAU-LRG-I0-5da86eb447-T
