=== batch-c-mpcc-ran-mc-pip-vos-mp3m4-defau-med-i0-228d1f9648-a-20260714-190521.log | sha256=043aa424d92fc178f18f649f513886997f55bd60bcc274c4c858aa114220b9e4 ===
[19:05:21] SESSION START batch-C-MPCC-RAN-MC-PIP-VOS-MP3M4-DEFAU-MED-I0-228d1f9648-A
[19:05:21] SEGMENT batch.condition.start status=ok duration=None seconds
[19:05:21] SYSTEM timer.start
[19:05:30] PHASE turn=1 speaker=Agent A phase=NLG duration_sec=0.0
[19:05:30] PHASE turn=1 speaker=Agent A phase=TTS duration_sec=5.865215
[19:05:30] PHASE turn=1 speaker=Agent A phase=ASR duration_sec=1.536799
[19:05:30] SYSTEM telemetry.speech
[19:05:30] MEMORY turn=1 reason=opening changed=Agent A,Agent B
[19:05:30] STEP turn=None speaker=Agent A route_valid=- route_goal=- route=-
[19:05:30] SYSTEM telemetry.timing
[19:05:30] TIMING turn=1 speaker=Agent A generation=0.0 synthesis=5.865215 audio=9.861 recognition=1.536799 understanding=None dialogue_management=None pipeline_wall=9.168161 turn_observed=9.861
[19:08:48] PHASE turn=2 speaker=Agent B phase=NLG duration_sec=191.42144060134888
[19:08:48] PHASE turn=2 speaker=Agent B phase=TTS duration_sec=4.279589
[19:08:48] PHASE turn=2 speaker=Agent B phase=ASR duration_sec=0.96648
[19:08:48] SYSTEM telemetry.speech
[19:08:48] SYSTEM telemetry.timing
[19:08:49] MEMORY turn=2 reason=agent_b_reply changed=Agent A,Agent B
[19:08:49] STEP turn=None speaker=Agent B route_valid=- route_goal=- route=-
[19:08:49] PHASE turn=2 speaker=Agent B phase=NLU duration_sec=0.001471
[19:08:49] SYSTEM telemetry.nlu
[19:08:49] SYSTEM route
[19:08:49] SYSTEM candidate
[19:08:49] PHASE turn=2 speaker=Agent B phase=DM duration_sec=0.004318045452237129
[19:08:49] TIMING turn=2 speaker=Agent B generation=191.421441 synthesis=4.279589 audio=7.106 recognition=0.96648 understanding=0.001471 dialogue_management=0.004318 pipeline_wall=7.194184 turn_observed=198.621507
[19:09:14] PHASE turn=3 speaker=Agent A phase=NLG duration_sec=20.11754274368286
[19:09:14] PHASE turn=3 speaker=Agent A phase=TTS duration_sec=3.070359
[19:09:14] PHASE turn=3 speaker=Agent A phase=ASR duration_sec=0.873746
[19:09:14] SYSTEM telemetry.speech
[19:09:14] SYSTEM telemetry.timing
[19:09:14] TIMING turn=3 speaker=Agent A generation=20.117543 synthesis=3.070359 audio=6.852 recognition=0.873746 understanding=None dialogue_management=None pipeline_wall=5.123375 turn_observed=26.969543
[19:09:14] MEMORY turn=3 reason=agent_a_reply changed=Agent A,Agent B
[19:09:14] STEP turn=None speaker=Agent A route_valid=- route_goal=- route=-
[19:12:50] PHASE turn=4 speaker=Agent B phase=NLG duration_sec=206.74017119407654
[19:12:50] PHASE turn=4 speaker=Agent B phase=TTS duration_sec=5.330125
[19:12:50] PHASE turn=4 speaker=Agent B phase=ASR duration_sec=1.180402
[19:12:50] SYSTEM telemetry.speech
[19:12:50] SYSTEM telemetry.timing
[19:12:50] MEMORY turn=4 reason=agent_b_reply changed=Agent A,Agent B
[19:12:50] STEP turn=None speaker=Agent B route_valid=- route_goal=- route=-
[19:12:50] PHASE turn=4 speaker=Agent B phase=NLU duration_sec=0.004317
[19:12:50] SYSTEM telemetry.nlu
[19:12:50] SYSTEM candidate
[19:12:50] PHASE turn=4 speaker=Agent B phase=DM duration_sec=0.002486664801836014
[19:12:50] TIMING turn=4 speaker=Agent B generation=206.740171 synthesis=5.330125 audio=9.416 recognition=1.180402 understanding=0.004317 dialogue_management=0.002487 pipeline_wall=8.965951 turn_observed=216.162975
[19:12:53] PHASE turn=5 speaker=Agent A phase=NLG duration_sec=0.002322673797607422
[19:12:53] PHASE turn=5 speaker=Agent A phase=TTS duration_sec=1.98651
[19:12:53] PHASE turn=5 speaker=Agent A phase=ASR duration_sec=0.501082
[19:12:53] SYSTEM telemetry.speech
[19:12:53] SYSTEM telemetry.timing
[19:12:53] TIMING turn=5 speaker=Agent A generation=0.002323 synthesis=1.98651 audio=3.651 recognition=0.501082 understanding=None dialogue_management=None pipeline_wall=3.211165 turn_observed=3.653323
[19:12:53] MEMORY turn=5 reason=agent_a_reply changed=Agent A,Agent B
[19:12:53] STEP turn=None speaker=Agent A route_valid=- route_goal=- route=-
[19:12:55] PHASE turn=6 speaker=Agent B phase=NLG duration_sec=0.18314027786254883
[19:12:55] PHASE turn=6 speaker=Agent B phase=TTS duration_sec=1.205697
[19:12:55] PHASE turn=6 speaker=Agent B phase=ASR duration_sec=0.434005
[19:12:55] SYSTEM telemetry.speech
[19:12:55] SYSTEM telemetry.timing
[19:12:55] MEMORY turn=6 reason=agent_b_reply changed=Agent A,Agent B
[19:12:55] STEP turn=None speaker=Agent B route_valid=- route_goal=- route=-
[19:12:55] PHASE turn=6 speaker=Agent B phase=NLU duration_sec=6e-06
[19:12:55] PHASE turn=6 speaker=Agent B phase=DM duration_sec=6.958935409784317e-05
[19:12:55] TIMING turn=6 speaker=Agent B generation=0.18314 synthesis=1.205697 audio=2.082 recognition=0.434005 understanding=6e-06 dialogue_management=7e-05 pipeline_wall=2.061714 turn_observed=2.265216
[19:13:21] PHASE turn=7 speaker=Agent A phase=NLG duration_sec=21.555281162261963
[19:13:21] PHASE turn=7 speaker=Agent A phase=TTS duration_sec=2.999834
[19:13:21] PHASE turn=7 speaker=Agent A phase=ASR duration_sec=0.788987
[19:13:21] SYSTEM telemetry.speech
[19:13:21] SYSTEM telemetry.timing
[19:13:21] TIMING turn=7 speaker=Agent A generation=21.555281 synthesis=2.999834 audio=5.652 recognition=0.788987 understanding=None dialogue_management=None pipeline_wall=4.73579 turn_observed=27.207281
[19:13:21] MEMORY turn=7 reason=agent_a_reply changed=Agent A,Agent B
[19:13:21] STEP turn=None speaker=Agent A route_valid=- route_goal=- route=-
