=== batch-c-le-mser-clean-pip-fwh-tl1-pad-sml-i0-8d949f396f-a-20260713-115819.log | sha256=778f7223c08e2af6b96b64136d20d0d85c9cf2736ac756afac11fb6b89dea3ff ===
[11:58:19] SESSION START batch-C-LE-MSER-CLEAN-PIP-FWH-TL1-PAD-SML-I0-8d949f396f-A
[11:58:19] SEGMENT batch.condition.start status=ok duration=None seconds
[11:58:19] SYSTEM timer.start
[11:58:43] PHASE turn=1 speaker=Agent A phase=NLG duration_sec=0.0
[11:58:43] PHASE turn=1 speaker=Agent A phase=TTS duration_sec=14.758392
[11:58:43] PHASE turn=1 speaker=Agent A phase=ASR duration_sec=9.262242
[11:58:43] SYSTEM telemetry.speech
[11:58:43] MEMORY turn=1 reason=opening changed=Agent A,Agent B
[11:58:43] STEP turn=None speaker=Agent A route_valid=- route_goal=- route=-
[11:58:43] SYSTEM telemetry.timing
[11:58:43] TIMING turn=1 speaker=Agent A generation=0.0 synthesis=14.758392 audio=11.917 recognition=9.262242 understanding=None dialogue_management=None pipeline_wall=24.021792 turn_observed=24.021867
[11:59:30] PHASE turn=2 speaker=Agent B phase=NLG duration_sec=28.286273956298828
[11:59:30] PHASE turn=2 speaker=Agent B phase=TTS duration_sec=9.828079
[11:59:30] PHASE turn=2 speaker=Agent B phase=ASR duration_sec=8.114145
[11:59:30] SYSTEM telemetry.speech
[11:59:30] SYSTEM telemetry.timing
[11:59:30] MEMORY turn=2 reason=agent_b_reply changed=Agent A,Agent B
[11:59:30] STEP turn=None speaker=Agent B route_valid=- route_goal=- route=-
[11:59:30] PHASE turn=2 speaker=Agent B phase=NLU duration_sec=0.002433
[11:59:30] SYSTEM telemetry.nlu
[11:59:30] SYSTEM route
[11:59:30] SYSTEM candidate
[11:59:30] PHASE turn=2 speaker=Agent B phase=DM duration_sec=0.004264476941898465
[11:59:30] TIMING turn=2 speaker=Agent B generation=28.286274 synthesis=9.828079 audio=9.03 recognition=8.114145 understanding=0.002433 dialogue_management=0.004264 pipeline_wall=17.942737 turn_observed=46.2358
[12:00:57] PHASE turn=3 speaker=Agent A phase=NLG duration_sec=74.91111493110657
[12:00:57] PHASE turn=3 speaker=Agent A phase=TTS duration_sec=6.607495
[12:00:57] PHASE turn=3 speaker=Agent A phase=ASR duration_sec=5.377341
[12:00:57] SYSTEM telemetry.speech
[12:00:57] SYSTEM telemetry.timing
[12:00:57] TIMING turn=3 speaker=Agent A generation=74.911115 synthesis=6.607495 audio=6.143 recognition=5.377341 understanding=None dialogue_management=None pipeline_wall=11.985247 turn_observed=86.896431
[12:00:57] MEMORY turn=3 reason=agent_a_reply changed=Agent A,Agent B
[12:00:57] STEP turn=None speaker=Agent A route_valid=- route_goal=- route=-
[12:01:44] PHASE turn=4 speaker=Agent B phase=NLG duration_sec=25.282775163650513
[12:01:44] PHASE turn=4 speaker=Agent B phase=TTS duration_sec=14.568512
[12:01:44] PHASE turn=4 speaker=Agent B phase=ASR duration_sec=7.979507
[12:01:44] SYSTEM telemetry.speech
[12:01:44] SYSTEM telemetry.timing
[12:01:44] MEMORY turn=4 reason=agent_b_reply changed=Agent A,Agent B
[12:01:44] STEP turn=None speaker=Agent B route_valid=- route_goal=- route=-
[12:01:44] PHASE turn=4 speaker=Agent B phase=NLU duration_sec=0.002376
[12:01:44] SYSTEM telemetry.nlu
[12:01:44] SYSTEM candidate
[12:01:44] PHASE turn=4 speaker=Agent B phase=DM duration_sec=0.003796142991632223
[12:01:44] TIMING turn=4 speaker=Agent B generation=25.282775 synthesis=14.568512 audio=11.566 recognition=7.979507 understanding=0.002376 dialogue_management=0.003796 pipeline_wall=22.548425 turn_observed=47.837439
[12:02:59] PHASE turn=5 speaker=Agent A phase=NLG duration_sec=60.98156118392944
[12:02:59] PHASE turn=5 speaker=Agent A phase=TTS duration_sec=8.108834
[12:02:59] PHASE turn=5 speaker=Agent A phase=ASR duration_sec=5.887718
[12:02:59] SYSTEM telemetry.speech
[12:02:59] SYSTEM telemetry.timing
[12:02:59] TIMING turn=5 speaker=Agent A generation=60.981561 synthesis=8.108834 audio=6.597 recognition=5.887718 understanding=None dialogue_management=None pipeline_wall=13.997168 turn_observed=74.978822
[12:02:59] MEMORY turn=5 reason=agent_a_reply changed=Agent A,Agent B
[12:02:59] STEP turn=None speaker=Agent A route_valid=- route_goal=- route=-
[12:03:49] PHASE turn=6 speaker=Agent B phase=NLG duration_sec=27.997171640396118
[12:03:49] PHASE turn=6 speaker=Agent B phase=TTS duration_sec=13.445642
[12:03:49] PHASE turn=6 speaker=Agent B phase=ASR duration_sec=8.421171
[12:03:49] SYSTEM telemetry.speech
[12:03:49] SYSTEM telemetry.timing
[12:03:49] MEMORY turn=6 reason=agent_b_reply changed=Agent A,Agent B
[12:03:49] STEP turn=None speaker=Agent B route_valid=- route_goal=- route=-
[12:03:49] PHASE turn=6 speaker=Agent B phase=NLU duration_sec=0.002805
[12:03:49] SYSTEM telemetry.nlu
[12:03:49] SYSTEM candidate
[12:03:49] PHASE turn=6 speaker=Agent B phase=DM duration_sec=0.004246708936989307
[12:03:49] TIMING turn=6 speaker=Agent B generation=27.997172 synthesis=13.445642 audio=14.461 recognition=8.421171 understanding=0.002805 dialogue_management=0.004247 pipeline_wall=21.867226 turn_observed=49.871513
[12:03:59] PHASE turn=7 speaker=Agent A phase=NLG duration_sec=0.0017359256744384766
[12:03:59] PHASE turn=7 speaker=Agent A phase=TTS duration_sec=4.660412
[12:03:59] PHASE turn=7 speaker=Agent A phase=ASR duration_sec=4.612923
[12:03:59] SYSTEM telemetry.speech
[12:03:59] SYSTEM telemetry.timing
[12:03:59] TIMING turn=7 speaker=Agent A generation=0.001736 synthesis=4.660412 audio=3.87 recognition=4.612923 understanding=None dialogue_management=None pipeline_wall=9.273644 turn_observed=9.275449
[12:03:59] MEMORY turn=7 reason=agent_a_reply changed=Agent A,Agent B
[12:03:59] STEP turn=None speaker=Agent A route_valid=- route_goal=- route=-
[12:04:07] PHASE turn=8 speaker=Agent B phase=NLG duration_sec=0.22993016242980957
[12:04:07] PHASE turn=8 speaker=Agent B phase=TTS duration_sec=3.554398
[12:04:07] PHASE turn=8 speaker=Agent B phase=ASR duration_sec=4.506807
[12:04:07] SYSTEM telemetry.speech
[12:04:07] SYSTEM telemetry.timing
[12:04:07] MEMORY turn=8 reason=agent_b_reply changed=Agent A,Agent B
[12:04:07] STEP turn=None speaker=Agent B route_valid=- route_goal=- route=-
[12:04:07] PHASE turn=8 speaker=Agent B phase=NLU duration_sec=9e-06
[12:04:07] PHASE turn=8 speaker=Agent B phase=DM duration_sec=8.647888898849487e-05
[12:04:07] TIMING turn=8 speaker=Agent B generation=0.22993 synthesis=3.554398 audio=2.276 recognition=4.506807 understanding=9e-06 dialogue_management=8.6e-05 pipeline_wall=8.061537 turn_observed=8.291625
[12:05:25] PHASE turn=9 speaker=Agent A phase=NLG duration_sec=63.68174171447754
[12:05:25] PHASE turn=9 speaker=Agent A phase=TTS duration_sec=8.46965
[12:05:25] PHASE turn=9 speaker=Agent A phase=ASR duration_sec=5.460426
[12:05:25] SYSTEM telemetry.speech
[12:05:25] SYSTEM telemetry.timing
[12:05:25] TIMING turn=9 speaker=Agent A generation=63.681742 synthesis=8.46965 audio=6.597 recognition=5.460426 understanding=None dialogue_management=None pipeline_wall=13.930674 turn_observed=77.612489
[12:05:25] MEMORY turn=9 reason=agent_a_reply changed=Agent A,Agent B
[12:05:25] STEP turn=None speaker=Agent A route_valid=- route_goal=- route=-
[12:06:14] PHASE turn=10 speaker=Agent B phase=NLG duration_sec=28.95419406890869
[12:06:14] PHASE turn=10 speaker=Agent B phase=TTS duration_sec=13.304253
[12:06:14] PHASE turn=10 speaker=Agent B phase=ASR duration_sec=7.708895
[12:06:14] SYSTEM telemetry.speech
[12:06:14] SYSTEM telemetry.timing
[12:06:14] MEMORY turn=10 reason=agent_b_reply changed=Agent A,Agent B
[12:06:14] STEP turn=None speaker=Agent B route_valid=- route_goal=- route=-
[12:06:14] PHASE turn=10 speaker=Agent B phase=NLU duration_sec=0.002665
[12:06:14] SYSTEM telemetry.nlu
[12:06:15] SYSTEM candidate
[12:06:15] PHASE turn=10 speaker=Agent B phase=DM duration_sec=0.006753268884494901
[12:06:15] TIMING turn=10 speaker=Agent B generation=28.954194 synthesis=13.304253 audio=14.461 recognition=7.708895 understanding=0.002665 dialogue_management=0.006753 pipeline_wall=21.013579 turn_observed=49.977252
[12:07:36] PHASE turn=11 speaker=Agent A phase=NLG duration_sec=69.84579348564148
[12:07:36] PHASE turn=11 speaker=Agent A phase=TTS duration_sec=6.545458
[12:07:36] PHASE turn=11 speaker=Agent A phase=ASR duration_sec=5.512612
[12:07:36] SYSTEM telemetry.speech
[12:07:36] SYSTEM telemetry.timing
[12:07:36] TIMING turn=11 speaker=Agent A generation=69.845793 synthesis=6.545458 audio=5.361 recognition=5.512612 understanding=None dialogue_management=None pipeline_wall=12.058675 turn_observed=81.90456
[12:07:36] MEMORY turn=11 reason=agent_a_reply changed=Agent A,Agent B
[12:07:36] STEP turn=None speaker=Agent A route_valid=- route_goal=- route=-
[12:07:36] SYSTEM metrics
[12:07:36] SYSTEM done
[12:07:36] SEGMENT batch.condition.end status=ok duration=557.110362 seconds
[12:07:36] SESSION END batch-C-LE-MSER-CLEAN-PIP-FWH-TL1-PAD-SML-I0-8d949f396f-A
