=== batch-c-mpcc-fc-clean-pip-vos-qq515-defau-med-i0-4e69505b28-t-20260714-130730.log | sha256=0ac35abbe6b2fde6f0fe13245f570819b39c3130de962f9c1007319f97c6bfb6 ===
[13:07:30] SESSION START batch-C-MPCC-FC-CLEAN-PIP-VOS-QQ515-DEFAU-MED-I0-4e69505b28-T
[13:07:30] SEGMENT batch.condition.start status=ok duration=None seconds
[13:07:30] SYSTEM timer.start
[13:07:31] PHASE turn=1 speaker=Agent A phase=NLG duration_sec=0.0
[13:07:31] PHASE turn=1 speaker=Agent A phase=TTS duration_sec=0.989644
[13:07:31] PHASE turn=1 speaker=Agent A phase=ASR duration_sec=0.044115
[13:07:31] SYSTEM telemetry.speech
[13:07:31] MEMORY turn=1 reason=opening changed=Agent A,Agent B
[13:07:31] STEP turn=None speaker=Agent A route_valid=- route_goal=- route=-
[13:07:31] SYSTEM telemetry.timing
[13:07:31] TIMING turn=1 speaker=Agent A generation=0.0 synthesis=0.989644 audio=11.463 recognition=0.044115 understanding=None dialogue_management=None pipeline_wall=1.03481 turn_observed=11.463
[13:09:04] PHASE turn=2 speaker=Agent B phase=NLG duration_sec=91.06560468673706
[13:09:04] PHASE turn=2 speaker=Agent B phase=TTS duration_sec=1.599584
[13:09:04] PHASE turn=2 speaker=Agent B phase=ASR duration_sec=0.026311
[13:09:04] SYSTEM telemetry.speech
[13:09:04] SYSTEM telemetry.timing
[13:09:04] MEMORY turn=2 reason=agent_b_reply changed=Agent A,Agent B
[13:09:04] STEP turn=None speaker=Agent B route_valid=- route_goal=- route=-
[13:09:04] PHASE turn=2 speaker=Agent B phase=NLU duration_sec=0.001549
[13:09:04] SYSTEM telemetry.nlu
[13:09:04] SYSTEM route
[13:09:04] SYSTEM candidate
[13:09:04] PHASE turn=2 speaker=Agent B phase=DM duration_sec=0.006183763965964317
[13:09:04] TIMING turn=2 speaker=Agent B generation=91.065605 synthesis=1.599584 audio=9.03 recognition=0.026311 understanding=0.001549 dialogue_management=0.006184 pipeline_wall=1.626507 turn_observed=100.103338
[13:09:32] PHASE turn=3 speaker=Agent A phase=NLG duration_sec=27.616370677947998
[13:09:32] PHASE turn=3 speaker=Agent A phase=TTS duration_sec=1.031725
[13:09:32] PHASE turn=3 speaker=Agent A phase=ASR duration_sec=0.022886
[13:09:32] SYSTEM telemetry.speech
[13:09:32] SYSTEM telemetry.timing
[13:09:32] TIMING turn=3 speaker=Agent A generation=27.616371 synthesis=1.031725 audio=6.597 recognition=0.022886 understanding=None dialogue_management=None pipeline_wall=1.054986 turn_observed=34.213371
[13:09:32] MEMORY turn=3 reason=agent_a_reply changed=Agent A,Agent B
[13:09:32] STEP turn=None speaker=Agent A route_valid=- route_goal=- route=-
[13:11:08] PHASE turn=4 speaker=Agent B phase=NLG duration_sec=93.29959416389465
[13:11:08] PHASE turn=4 speaker=Agent B phase=TTS duration_sec=2.538987
[13:11:08] PHASE turn=4 speaker=Agent B phase=ASR duration_sec=0.037592
[13:11:08] SYSTEM telemetry.speech
[13:11:08] SYSTEM telemetry.timing
[13:11:08] MEMORY turn=4 reason=agent_b_reply changed=Agent A,Agent B
[13:11:08] STEP turn=None speaker=Agent B route_valid=- route_goal=- route=-
[13:11:08] PHASE turn=4 speaker=Agent B phase=NLU duration_sec=0.004037
[13:11:08] SYSTEM telemetry.nlu
[13:11:08] SYSTEM candidate
[13:11:08] PHASE turn=4 speaker=Agent B phase=DM duration_sec=0.0056788381189107895
[13:11:08] TIMING turn=4 speaker=Agent B generation=93.299594 synthesis=2.538987 audio=14.461 recognition=0.037592 understanding=0.004037 dialogue_management=0.005679 pipeline_wall=2.577063 turn_observed=107.77031
[13:11:40] PHASE turn=5 speaker=Agent A phase=NLG duration_sec=30.154817819595337
[13:11:40] PHASE turn=5 speaker=Agent A phase=TTS duration_sec=1.729473
[13:11:40] PHASE turn=5 speaker=Agent A phase=ASR duration_sec=0.040384
[13:11:40] SYSTEM telemetry.speech
[13:11:40] SYSTEM telemetry.timing
[13:11:40] TIMING turn=5 speaker=Agent A generation=30.154818 synthesis=1.729473 audio=10.019 recognition=0.040384 understanding=None dialogue_management=None pipeline_wall=1.770341 turn_observed=40.173818
[13:11:40] MEMORY turn=5 reason=agent_a_reply changed=Agent A,Agent B
[13:11:40] STEP turn=None speaker=Agent A route_valid=- route_goal=- route=-
[13:13:34] PHASE turn=6 speaker=Agent B phase=NLG duration_sec=111.63007187843323
[13:13:34] PHASE turn=6 speaker=Agent B phase=TTS duration_sec=2.107336
[13:13:34] PHASE turn=6 speaker=Agent B phase=ASR duration_sec=0.031345
[13:13:34] SYSTEM telemetry.speech
[13:13:34] SYSTEM telemetry.timing
[13:13:34] MEMORY turn=6 reason=agent_b_reply changed=Agent A,Agent B
[13:13:34] STEP turn=None speaker=Agent B route_valid=- route_goal=- route=-
[13:13:34] PHASE turn=6 speaker=Agent B phase=NLU duration_sec=0.002539
[13:13:34] SYSTEM telemetry.nlu
[13:13:34] SYSTEM candidate
[13:13:34] PHASE turn=6 speaker=Agent B phase=DM duration_sec=0.008920840919017792
[13:13:34] TIMING turn=6 speaker=Agent B generation=111.630072 synthesis=2.107336 audio=11.925 recognition=0.031345 understanding=0.002539 dialogue_management=0.008921 pipeline_wall=2.139227 turn_observed=123.566531
[13:14:09] PHASE turn=7 speaker=Agent A phase=NLG duration_sec=33.18403363227844
[13:14:09] PHASE turn=7 speaker=Agent A phase=TTS duration_sec=1.446797
[13:14:09] PHASE turn=7 speaker=Agent A phase=ASR duration_sec=0.031503
[13:14:09] SYSTEM telemetry.speech
[13:14:09] SYSTEM telemetry.timing
[13:14:09] TIMING turn=7 speaker=Agent A generation=33.184034 synthesis=1.446797 audio=8.415 recognition=0.031503 understanding=None dialogue_management=None pipeline_wall=1.478781 turn_observed=41.599034
[13:14:09] MEMORY turn=7 reason=agent_a_reply changed=Agent A,Agent B
[13:14:09] STEP turn=None speaker=Agent A route_valid=- route_goal=- route=-
[13:16:03] PHASE turn=8 speaker=Agent B phase=NLG duration_sec=112.46148228645325
[13:16:03] PHASE turn=8 speaker=Agent B phase=TTS duration_sec=1.601584
[13:16:03] PHASE turn=8 speaker=Agent B phase=ASR duration_sec=0.026755
[13:16:03] SYSTEM telemetry.speech
[13:16:03] SYSTEM telemetry.timing
[13:16:03] MEMORY turn=8 reason=agent_b_reply changed=Agent A,Agent B
[13:16:03] STEP turn=None speaker=Agent B route_valid=- route_goal=- route=-
[13:16:03] PHASE turn=8 speaker=Agent B phase=NLU duration_sec=0.002018
[13:16:03] SYSTEM telemetry.nlu
[13:16:03] SYSTEM candidate
[13:16:03] PHASE turn=8 speaker=Agent B phase=DM duration_sec=0.012174840085208416
[13:16:03] TIMING turn=8 speaker=Agent B generation=112.461482 synthesis=1.601584 audio=9.03 recognition=0.026755 understanding=0.002018 dialogue_management=0.012175 pipeline_wall=1.628908 turn_observed=121.505675
[13:16:39] PHASE turn=9 speaker=Agent A phase=NLG duration_sec=35.04520654678345
[13:16:39] PHASE turn=9 speaker=Agent A phase=TTS duration_sec=0.956721
[13:16:39] PHASE turn=9 speaker=Agent A phase=ASR duration_sec=0.021236
[13:16:39] SYSTEM telemetry.speech
[13:16:39] SYSTEM telemetry.timing
[13:16:39] TIMING turn=9 speaker=Agent A generation=35.045207 synthesis=0.956721 audio=5.361 recognition=0.021236 understanding=None dialogue_management=None pipeline_wall=0.978373 turn_observed=40.406207
[13:16:39] MEMORY turn=9 reason=agent_a_reply changed=Agent A,Agent B
[13:16:39] STEP turn=None speaker=Agent A route_valid=- route_goal=- route=-
[13:16:39] SYSTEM metrics
[13:16:39] SYSTEM done
[13:16:39] SEGMENT batch.condition.end status=ok duration=549.046641 seconds
[13:16:39] SESSION END batch-C-MPCC-FC-CLEAN-PIP-VOS-QQ515-DEFAU-MED-I0-4e69505b28-T
