=== batch-c-cee-car-mc-pip-vos-mp3m4-defau-med-i0-ceca03086e-t-20260714-093704.log | sha256=22e1c1368abff143b580ce99eec8cc075a3fb41124544add0bc8ed6c473d6aaa ===
[09:37:04] SESSION START batch-C-CEE-CAR-MC-PIP-VOS-MP3M4-DEFAU-MED-I0-ceca03086e-T
[09:37:04] SEGMENT batch.condition.start status=ok duration=None seconds
[09:37:04] SYSTEM timer.start
[09:37:04] PHASE turn=1 speaker=Agent A phase=NLG duration_sec=0.0
[09:37:04] PHASE turn=1 speaker=Agent A phase=TTS duration_sec=0.747301
[09:37:04] PHASE turn=1 speaker=Agent A phase=ASR duration_sec=0.038602
[09:37:04] SYSTEM telemetry.speech
[09:37:04] MEMORY turn=1 reason=opening changed=Agent A,Agent B
[09:37:04] STEP turn=None speaker=Agent A route_valid=- route_goal=- route=-
[09:37:04] SYSTEM telemetry.timing
[09:37:04] TIMING turn=1 speaker=Agent A generation=0.0 synthesis=0.747301 audio=9.861 recognition=0.038602 understanding=None dialogue_management=None pipeline_wall=0.786823 turn_observed=9.861
[09:40:56] PHASE turn=2 speaker=Agent B phase=NLG duration_sec=230.2703549861908
[09:40:56] PHASE turn=2 speaker=Agent B phase=TTS duration_sec=1.126244
[09:40:56] PHASE turn=2 speaker=Agent B phase=ASR duration_sec=0.020879
[09:40:56] SYSTEM telemetry.speech
[09:40:56] SYSTEM telemetry.timing
[09:40:56] MEMORY turn=2 reason=agent_b_reply changed=Agent A,Agent B
[09:40:56] STEP turn=None speaker=Agent B route_valid=- route_goal=- route=-
[09:40:56] PHASE turn=2 speaker=Agent B phase=NLU duration_sec=0.001048
[09:40:56] SYSTEM telemetry.nlu
[09:40:56] SYSTEM route
[09:40:56] SYSTEM candidate
[09:40:56] PHASE turn=2 speaker=Agent B phase=DM duration_sec=0.005331654101610184
[09:40:56] TIMING turn=2 speaker=Agent B generation=230.270355 synthesis=1.126244 audio=7.106 recognition=0.020879 understanding=0.001048 dialogue_management=0.005332 pipeline_wall=1.147631 turn_observed=237.382735
[09:41:21] PHASE turn=3 speaker=Agent A phase=NLG duration_sec=24.634756803512573
[09:41:21] PHASE turn=3 speaker=Agent A phase=TTS duration_sec=0.911077
[09:41:21] PHASE turn=3 speaker=Agent A phase=ASR duration_sec=0.023878
[09:41:21] SYSTEM telemetry.speech
[09:41:21] SYSTEM telemetry.timing
[09:41:21] TIMING turn=3 speaker=Agent A generation=24.634757 synthesis=0.911077 audio=6.852 recognition=0.023878 understanding=None dialogue_management=None pipeline_wall=0.935428 turn_observed=31.486757
[09:41:22] MEMORY turn=3 reason=agent_a_reply changed=Agent A,Agent B
[09:41:22] STEP turn=None speaker=Agent A route_valid=- route_goal=- route=-
[09:45:27] PHASE turn=4 speaker=Agent B phase=NLG duration_sec=244.45922565460205
[09:45:27] PHASE turn=4 speaker=Agent B phase=TTS duration_sec=1.447571
[09:45:27] PHASE turn=4 speaker=Agent B phase=ASR duration_sec=0.026593
[09:45:27] SYSTEM telemetry.speech
[09:45:27] SYSTEM telemetry.timing
[09:45:27] MEMORY turn=4 reason=agent_b_reply changed=Agent A,Agent B
[09:45:27] STEP turn=None speaker=Agent B route_valid=- route_goal=- route=-
[09:45:27] PHASE turn=4 speaker=Agent B phase=NLU duration_sec=0.004593
[09:45:27] SYSTEM telemetry.nlu
[09:45:27] SYSTEM candidate
[09:45:27] PHASE turn=4 speaker=Agent B phase=DM duration_sec=0.006318915635347366
[09:45:27] TIMING turn=4 speaker=Agent B generation=244.459226 synthesis=1.447571 audio=9.416 recognition=0.026593 understanding=0.004593 dialogue_management=0.006319 pipeline_wall=1.474668 turn_observed=253.886138
[09:45:55] PHASE turn=5 speaker=Agent A phase=NLG duration_sec=26.5079448223114
[09:45:55] PHASE turn=5 speaker=Agent A phase=TTS duration_sec=0.800513
[09:45:55] PHASE turn=5 speaker=Agent A phase=ASR duration_sec=0.023253
[09:45:55] SYSTEM telemetry.speech
[09:45:55] SYSTEM telemetry.timing
[09:45:55] TIMING turn=5 speaker=Agent A generation=26.507945 synthesis=0.800513 audio=5.252 recognition=0.023253 understanding=None dialogue_management=None pipeline_wall=0.82423 turn_observed=31.759945
[09:45:55] MEMORY turn=5 reason=agent_a_reply changed=Agent A,Agent B
[09:45:55] STEP turn=None speaker=Agent A route_valid=- route_goal=- route=-
[09:50:20] PHASE turn=6 speaker=Agent B phase=NLG duration_sec=263.1610007286072
[09:50:20] PHASE turn=6 speaker=Agent B phase=TTS duration_sec=1.740894
[09:50:20] PHASE turn=6 speaker=Agent B phase=ASR duration_sec=0.034985
[09:50:20] SYSTEM telemetry.speech
[09:50:20] SYSTEM telemetry.timing
[09:50:20] MEMORY turn=6 reason=agent_b_reply changed=Agent A,Agent B
[09:50:20] STEP turn=None speaker=Agent B route_valid=- route_goal=- route=-
[09:50:20] PHASE turn=6 speaker=Agent B phase=NLU duration_sec=0.005359
[09:50:20] SYSTEM telemetry.nlu
[09:50:20] SYSTEM candidate
[09:50:20] PHASE turn=6 speaker=Agent B phase=DM duration_sec=0.006675237789750099
[09:50:20] TIMING turn=6 speaker=Agent B generation=263.161001 synthesis=1.740894 audio=11.404 recognition=0.034985 understanding=0.005359 dialogue_management=0.006675 pipeline_wall=1.776375 turn_observed=274.577035
[09:50:49] PHASE turn=7 speaker=Agent A phase=NLG duration_sec=28.833292245864868
[09:50:49] PHASE turn=7 speaker=Agent A phase=TTS duration_sec=0.84912
[09:50:49] PHASE turn=7 speaker=Agent A phase=ASR duration_sec=0.028154
[09:50:49] SYSTEM telemetry.speech
[09:50:49] SYSTEM telemetry.timing
[09:50:49] TIMING turn=7 speaker=Agent A generation=28.833292 synthesis=0.84912 audio=5.652 recognition=0.028154 understanding=None dialogue_management=None pipeline_wall=0.877814 turn_observed=34.485292
[09:50:50] MEMORY turn=7 reason=agent_a_reply changed=Agent A,Agent B
[09:50:50] STEP turn=None speaker=Agent A route_valid=- route_goal=- route=-
[09:55:33] PHASE turn=8 speaker=Agent B phase=NLG duration_sec=281.8557801246643
[09:55:33] PHASE turn=8 speaker=Agent B phase=TTS duration_sec=1.690938
[09:55:33] PHASE turn=8 speaker=Agent B phase=ASR duration_sec=0.036464
[09:55:33] SYSTEM telemetry.speech
[09:55:33] SYSTEM telemetry.timing
[09:55:33] MEMORY turn=8 reason=agent_b_reply changed=Agent A,Agent B
[09:55:33] STEP turn=None speaker=Agent B route_valid=- route_goal=- route=-
[09:55:33] PHASE turn=8 speaker=Agent B phase=NLU duration_sec=0.006388
[09:55:33] SYSTEM telemetry.nlu
[09:55:33] SYSTEM candidate
[09:55:33] PHASE turn=8 speaker=Agent B phase=DM duration_sec=0.008097195997834206
[09:55:33] TIMING turn=8 speaker=Agent B generation=281.85578 synthesis=1.690938 audio=11.04 recognition=0.036464 understanding=0.006388 dialogue_management=0.008097 pipeline_wall=1.728002 turn_observed=292.910266
[09:56:06] PHASE turn=9 speaker=Agent A phase=NLG duration_sec=31.24155855178833
[09:56:06] PHASE turn=9 speaker=Agent A phase=TTS duration_sec=1.489873
[09:56:06] PHASE turn=9 speaker=Agent A phase=ASR duration_sec=0.017932
[09:56:06] SYSTEM telemetry.speech
[09:56:06] SYSTEM telemetry.timing
[09:56:06] TIMING turn=9 speaker=Agent A generation=31.241559 synthesis=1.489873 audio=9.736 recognition=0.017932 understanding=None dialogue_management=None pipeline_wall=1.50834 turn_observed=40.977559
[09:56:06] MEMORY turn=9 reason=agent_a_reply changed=Agent A,Agent B
[09:56:06] STEP turn=None speaker=Agent A route_valid=- route_goal=- route=-
[09:56:06] SYSTEM metrics
[09:56:06] SYSTEM done
[09:56:06] SEGMENT batch.condition.end status=ok duration=1142.317795 seconds
[09:56:06] SESSION END batch-C-CEE-CAR-MC-PIP-VOS-MP3M4-DEFAU-MED-I0-ceca03086e-T
