=== batch-c-cee-dst-hesit-pip-fwh-tl1-defau-sml-i0-1c799a0f62-t-20260714-042803.log | sha256=e3b1faa793767810d0b72ee7ad68e14113d9eb4e280b18c9d0b65fa406fb3517 ===
[04:28:03] SESSION START batch-C-CEE-DST-HESIT-PIP-FWH-TL1-DEFAU-SML-I0-1c799a0f62-T
[04:28:03] SEGMENT batch.condition.start status=ok duration=None seconds
[04:28:03] SYSTEM timer.start
[04:28:03] PHASE turn=1 speaker=Agent A phase=NLG duration_sec=0.0
[04:28:03] PHASE turn=1 speaker=Agent A phase=TTS duration_sec=0.731225
[04:28:03] PHASE turn=1 speaker=Agent A phase=ASR duration_sec=0.03365
[04:28:03] SYSTEM telemetry.speech
[04:28:03] MEMORY turn=1 reason=opening changed=Agent A,Agent B
[04:28:03] STEP turn=None speaker=Agent A route_valid=- route_goal=- route=-
[04:28:03] SYSTEM telemetry.timing
[04:28:03] TIMING turn=1 speaker=Agent A generation=0.0 synthesis=0.731225 audio=12.423 recognition=0.03365 understanding=None dialogue_management=None pipeline_wall=0.765653 turn_observed=12.423
[04:29:10] PHASE turn=2 speaker=Agent B phase=NLG duration_sec=66.29664039611816
[04:29:10] PHASE turn=2 speaker=Agent B phase=TTS duration_sec=0.765622
[04:29:10] PHASE turn=2 speaker=Agent B phase=ASR duration_sec=0.01569
[04:29:10] SYSTEM telemetry.speech
[04:29:10] SYSTEM telemetry.timing
[04:29:10] MEMORY turn=2 reason=agent_b_reply changed=Agent A,Agent B
[04:29:10] STEP turn=None speaker=Agent B route_valid=- route_goal=- route=-
[04:29:10] PHASE turn=2 speaker=Agent B phase=NLU duration_sec=0.000744
[04:29:10] SYSTEM telemetry.nlu
[04:29:10] SYSTEM route
[04:29:10] SYSTEM candidate
[04:29:10] PHASE turn=2 speaker=Agent B phase=DM duration_sec=0.0032718228176236153
[04:29:10] TIMING turn=2 speaker=Agent B generation=66.29664 synthesis=0.765622 audio=6.924 recognition=0.01569 understanding=0.000744 dialogue_management=0.003272 pipeline_wall=0.78206 turn_observed=73.224656
[04:29:33] PHASE turn=3 speaker=Agent A phase=NLG duration_sec=22.232733964920044
[04:29:33] PHASE turn=3 speaker=Agent A phase=TTS duration_sec=0.737511
[04:29:33] PHASE turn=3 speaker=Agent A phase=ASR duration_sec=0.018087
[04:29:33] SYSTEM telemetry.speech
[04:29:33] SYSTEM telemetry.timing
[04:29:33] TIMING turn=3 speaker=Agent A generation=22.232734 synthesis=0.737511 audio=6.879 recognition=0.018087 understanding=None dialogue_management=None pipeline_wall=0.755954 turn_observed=29.111734
[04:29:33] MEMORY turn=3 reason=agent_a_reply changed=Agent A,Agent B
[04:29:33] STEP turn=None speaker=Agent A route_valid=- route_goal=- route=-
[04:30:42] PHASE turn=4 speaker=Agent B phase=NLG duration_sec=67.17860007286072
[04:30:42] PHASE turn=4 speaker=Agent B phase=TTS duration_sec=1.462414
[04:30:42] PHASE turn=4 speaker=Agent B phase=ASR duration_sec=0.028648
[04:30:42] SYSTEM telemetry.speech
[04:30:42] SYSTEM telemetry.timing
[04:30:42] MEMORY turn=4 reason=agent_b_reply changed=Agent A,Agent B
[04:30:42] STEP turn=None speaker=Agent B route_valid=- route_goal=- route=-
[04:30:42] PHASE turn=4 speaker=Agent B phase=NLU duration_sec=0.003262
[04:30:42] SYSTEM telemetry.nlu
[04:30:42] SYSTEM candidate
[04:30:42] PHASE turn=4 speaker=Agent B phase=DM duration_sec=0.005522159859538078
[04:30:42] TIMING turn=4 speaker=Agent B generation=67.1786 synthesis=1.462414 audio=12.055 recognition=0.028648 understanding=0.003262 dialogue_management=0.005522 pipeline_wall=1.491523 turn_observed=79.242384
[04:31:08] PHASE turn=5 speaker=Agent A phase=NLG duration_sec=24.699239492416382
[04:31:08] PHASE turn=5 speaker=Agent A phase=TTS duration_sec=0.621983
[04:31:08] PHASE turn=5 speaker=Agent A phase=ASR duration_sec=0.022079
[04:31:08] SYSTEM telemetry.speech
[04:31:08] SYSTEM telemetry.timing
[04:31:08] TIMING turn=5 speaker=Agent A generation=24.699239 synthesis=0.621983 audio=6.129 recognition=0.022079 understanding=None dialogue_management=None pipeline_wall=0.644451 turn_observed=30.828239
[04:31:08] MEMORY turn=5 reason=agent_a_reply changed=Agent A,Agent B
[04:31:08] STEP turn=None speaker=Agent A route_valid=- route_goal=- route=-
[04:32:22] PHASE turn=6 speaker=Agent B phase=NLG duration_sec=72.7286581993103
[04:32:22] PHASE turn=6 speaker=Agent B phase=TTS duration_sec=1.429189
[04:32:22] PHASE turn=6 speaker=Agent B phase=ASR duration_sec=0.030063
[04:32:22] SYSTEM telemetry.speech
[04:32:22] SYSTEM telemetry.timing
[04:32:22] MEMORY turn=6 reason=agent_b_reply changed=Agent A,Agent B
[04:32:22] STEP turn=None speaker=Agent B route_valid=- route_goal=- route=-
[04:32:22] PHASE turn=6 speaker=Agent B phase=NLU duration_sec=0.004933
[04:32:22] SYSTEM telemetry.nlu
[04:32:22] SYSTEM candidate
[04:32:22] PHASE turn=6 speaker=Agent B phase=DM duration_sec=0.0038295751437544823
[04:32:22] TIMING turn=6 speaker=Agent B generation=72.728658 synthesis=1.429189 audio=12.957 recognition=0.030063 understanding=0.004933 dialogue_management=0.00383 pipeline_wall=1.459788 turn_observed=85.694421
[04:32:49] PHASE turn=7 speaker=Agent A phase=NLG duration_sec=26.538543462753296
[04:32:49] PHASE turn=7 speaker=Agent A phase=TTS duration_sec=0.838634
[04:32:49] PHASE turn=7 speaker=Agent A phase=ASR duration_sec=0.020087
[04:32:49] SYSTEM telemetry.speech
[04:32:49] SYSTEM telemetry.timing
[04:32:49] TIMING turn=7 speaker=Agent A generation=26.538543 synthesis=0.838634 audio=6.879 recognition=0.020087 understanding=None dialogue_management=None pipeline_wall=0.859068 turn_observed=33.417543
[04:32:49] MEMORY turn=7 reason=agent_a_reply changed=Agent A,Agent B
[04:32:49] STEP turn=None speaker=Agent A route_valid=- route_goal=- route=-
[04:34:12] PHASE turn=8 speaker=Agent B phase=NLG duration_sec=81.19278693199158
[04:34:12] PHASE turn=8 speaker=Agent B phase=TTS duration_sec=1.683648
[04:34:12] PHASE turn=8 speaker=Agent B phase=ASR duration_sec=0.031229
[04:34:12] SYSTEM telemetry.speech
[04:34:12] SYSTEM telemetry.timing
[04:34:12] MEMORY turn=8 reason=agent_b_reply changed=Agent A,Agent B
[04:34:12] STEP turn=None speaker=Agent B route_valid=- route_goal=- route=-
[04:34:12] PHASE turn=8 speaker=Agent B phase=NLU duration_sec=0.003393
[04:34:12] SYSTEM telemetry.nlu
[04:34:12] SYSTEM candidate
[04:34:12] PHASE turn=8 speaker=Agent B phase=DM duration_sec=0.0077806878834962845
[04:34:12] TIMING turn=8 speaker=Agent B generation=81.192787 synthesis=1.683648 audio=13.209 recognition=0.031229 understanding=0.003393 dialogue_management=0.007781 pipeline_wall=1.715358 turn_observed=94.412961
[04:34:42] PHASE turn=9 speaker=Agent A phase=NLG duration_sec=29.47856879234314
[04:34:42] PHASE turn=9 speaker=Agent A phase=TTS duration_sec=0.570699
[04:34:42] PHASE turn=9 speaker=Agent A phase=ASR duration_sec=0.014079
[04:34:42] SYSTEM telemetry.speech
[04:34:42] SYSTEM telemetry.timing
[04:34:42] TIMING turn=9 speaker=Agent A generation=29.478569 synthesis=0.570699 audio=5.281 recognition=0.014079 understanding=None dialogue_management=None pipeline_wall=0.585227 turn_observed=34.759569
[04:34:42] MEMORY turn=9 reason=agent_a_reply changed=Agent A,Agent B
[04:34:42] STEP turn=None speaker=Agent A route_valid=- route_goal=- route=-
[04:34:42] SYSTEM metrics
[04:34:42] SYSTEM done
[04:34:42] SEGMENT batch.condition.end status=ok duration=399.61808 seconds
[04:34:42] SESSION END batch-C-CEE-DST-HESIT-PIP-FWH-TL1-DEFAU-SML-I0-1c799a0f62-T
