=== batch-c-mt-car-mc-pip-vos-qq57i-defau-lrg-i0-9f42bfeeab-a-20260714-072903.log | sha256=9bb4c1f06c0dc62100b43f85bf14ee2fc23cd59afa127c0136675761eaaa6d35 ===
[07:29:03] SESSION START batch-C-MT-CAR-MC-PIP-VOS-QQ57I-DEFAU-LRG-I0-9f42bfeeab-A
[07:29:03] SEGMENT batch.condition.start status=ok duration=None seconds
[07:29:03] SYSTEM timer.start
[07:29:24] PHASE turn=1 speaker=Agent A phase=NLG duration_sec=0.0
[07:29:24] PHASE turn=1 speaker=Agent A phase=TTS duration_sec=17.098475
[07:29:24] PHASE turn=1 speaker=Agent A phase=ASR duration_sec=1.70122
[07:29:24] SYSTEM telemetry.speech
[07:29:24] MEMORY turn=1 reason=opening changed=Agent A,Agent B
[07:29:24] STEP turn=None speaker=Agent A route_valid=- route_goal=- route=-
[07:29:24] SYSTEM telemetry.timing
[07:29:24] TIMING turn=1 speaker=Agent A generation=0.0 synthesis=17.098475 audio=9.462 recognition=1.70122 understanding=None dialogue_management=None pipeline_wall=20.937921 turn_observed=20.938018
[07:34:24] PHASE turn=2 speaker=Agent B phase=NLG duration_sec=288.28657746315
[07:34:24] PHASE turn=2 speaker=Agent B phase=TTS duration_sec=7.81127
[07:34:24] PHASE turn=2 speaker=Agent B phase=ASR duration_sec=1.195042
[07:34:24] SYSTEM telemetry.speech
[07:34:24] SYSTEM telemetry.timing
[07:34:24] MEMORY turn=2 reason=agent_b_reply changed=Agent A,Agent B
[07:34:24] STEP turn=None speaker=Agent B route_valid=- route_goal=- route=-
[07:34:24] PHASE turn=2 speaker=Agent B phase=NLU duration_sec=0.002118
[07:34:24] SYSTEM telemetry.nlu
[07:34:24] SYSTEM route
[07:34:24] SYSTEM candidate
[07:34:24] PHASE turn=2 speaker=Agent B phase=DM duration_sec=0.003834974952042103
[07:34:24] TIMING turn=2 speaker=Agent B generation=288.286577 synthesis=7.81127 audio=9.779 recognition=1.195042 understanding=0.002118 dialogue_management=0.003835 pipeline_wall=11.329945 turn_observed=299.622601
[07:34:52] PHASE turn=3 speaker=Agent A phase=NLG duration_sec=19.97722315788269
[07:34:52] PHASE turn=3 speaker=Agent A phase=TTS duration_sec=5.833279
[07:34:52] PHASE turn=3 speaker=Agent A phase=ASR duration_sec=0.838372
[07:34:52] SYSTEM telemetry.speech
[07:34:52] SYSTEM telemetry.timing
[07:34:52] TIMING turn=3 speaker=Agent A generation=19.977223 synthesis=5.833279 audio=6.852 recognition=0.838372 understanding=None dialogue_management=None pipeline_wall=7.9283 turn_observed=27.905638
[07:34:52] MEMORY turn=3 reason=agent_a_reply changed=Agent A,Agent B
[07:34:52] STEP turn=None speaker=Agent A route_valid=- route_goal=- route=-
[07:40:32] PHASE turn=4 speaker=Agent B phase=NLG duration_sec=329.1162919998169
[07:40:32] PHASE turn=4 speaker=Agent B phase=TTS duration_sec=8.408431
[07:40:32] PHASE turn=4 speaker=Agent B phase=ASR duration_sec=1.034792
[07:40:32] SYSTEM telemetry.speech
[07:40:32] SYSTEM telemetry.timing
[07:40:32] MEMORY turn=4 reason=agent_b_reply changed=Agent A,Agent B
[07:40:32] STEP turn=None speaker=Agent B route_valid=- route_goal=- route=-
[07:40:32] PHASE turn=4 speaker=Agent B phase=NLU duration_sec=0.001601
[07:40:32] SYSTEM telemetry.nlu
[07:40:32] SYSTEM candidate
[07:40:32] PHASE turn=4 speaker=Agent B phase=DM duration_sec=0.002582506975159049
[07:40:32] TIMING turn=4 speaker=Agent B generation=329.116292 synthesis=8.408431 audio=7.106 recognition=1.034792 understanding=0.001601 dialogue_management=0.002583 pipeline_wall=11.32026 turn_observed=340.440895
[07:41:00] PHASE turn=5 speaker=Agent A phase=NLG duration_sec=20.618116855621338
[07:41:00] PHASE turn=5 speaker=Agent A phase=TTS duration_sec=5.370573
[07:41:00] PHASE turn=5 speaker=Agent A phase=ASR duration_sec=0.730117
[07:41:00] SYSTEM telemetry.speech
[07:41:00] SYSTEM telemetry.timing
[07:41:00] TIMING turn=5 speaker=Agent A generation=20.618117 synthesis=5.370573 audio=5.252 recognition=0.730117 understanding=None dialogue_management=None pipeline_wall=7.120817 turn_observed=27.739055
[07:41:00] MEMORY turn=5 reason=agent_a_reply changed=Agent A,Agent B
[07:41:00] STEP turn=None speaker=Agent A route_valid=- route_goal=- route=-
[07:46:43] PHASE turn=6 speaker=Agent B phase=NLG duration_sec=333.2460603713989
[07:46:43] PHASE turn=6 speaker=Agent B phase=TTS duration_sec=6.515182
[07:46:43] PHASE turn=6 speaker=Agent B phase=ASR duration_sec=1.16333
[07:46:43] SYSTEM telemetry.speech
[07:46:43] SYSTEM telemetry.timing
[07:46:43] MEMORY turn=6 reason=agent_b_reply changed=Agent A,Agent B
[07:46:43] STEP turn=None speaker=Agent B route_valid=- route_goal=- route=-
[07:46:43] PHASE turn=6 speaker=Agent B phase=NLU duration_sec=0.006561
[07:46:43] SYSTEM telemetry.nlu
[07:46:43] SYSTEM candidate
[07:46:43] PHASE turn=6 speaker=Agent B phase=DM duration_sec=0.0035641579888761044
[07:46:43] TIMING turn=6 speaker=Agent B generation=333.24606 synthesis=6.515182 audio=9.095 recognition=1.16333 understanding=0.006561 dialogue_management=0.003564 pipeline_wall=9.938599 turn_observed=343.19491
[07:46:49] PHASE turn=7 speaker=Agent A phase=NLG duration_sec=0.002764463424682617
[07:46:49] PHASE turn=7 speaker=Agent A phase=TTS duration_sec=4.919875
[07:46:49] PHASE turn=7 speaker=Agent A phase=ASR duration_sec=0.509264
[07:46:49] SYSTEM telemetry.speech
[07:46:49] SYSTEM telemetry.timing
[07:46:49] TIMING turn=7 speaker=Agent A generation=0.002764 synthesis=4.919875 audio=3.651 recognition=0.509264 understanding=None dialogue_management=None pipeline_wall=6.151701 turn_observed=6.154528
[07:46:49] MEMORY turn=7 reason=agent_a_reply changed=Agent A,Agent B
[07:46:49] STEP turn=None speaker=Agent A route_valid=- route_goal=- route=-
[07:46:51] PHASE turn=8 speaker=Agent B phase=NLG duration_sec=0.17783260345458984
[07:46:51] PHASE turn=8 speaker=Agent B phase=TTS duration_sec=1.106484
[07:46:51] PHASE turn=8 speaker=Agent B phase=ASR duration_sec=0.354339
[07:46:51] SYSTEM telemetry.speech
[07:46:51] SYSTEM telemetry.timing
[07:46:51] MEMORY turn=8 reason=agent_b_reply changed=Agent A,Agent B
[07:46:51] STEP turn=None speaker=Agent B route_valid=- route_goal=- route=-
[07:46:51] PHASE turn=8 speaker=Agent B phase=NLU duration_sec=7e-06
[07:46:51] PHASE turn=8 speaker=Agent B phase=DM duration_sec=7.631885819137096e-05
[07:46:51] TIMING turn=8 speaker=Agent B generation=0.177833 synthesis=1.106484 audio=1.261 recognition=0.354339 understanding=7e-06 dialogue_management=7.6e-05 pipeline_wall=1.806785 turn_observed=1.984773
[07:47:27] PHASE turn=9 speaker=Agent A phase=NLG duration_sec=24.314901113510132
[07:47:27] PHASE turn=9 speaker=Agent A phase=TTS duration_sec=8.4684
[07:47:27] PHASE turn=9 speaker=Agent A phase=ASR duration_sec=0.899308
[07:47:27] SYSTEM telemetry.speech
[07:47:27] SYSTEM telemetry.timing
[07:47:27] TIMING turn=9 speaker=Agent A generation=24.314901 synthesis=8.4684 audio=5.652 recognition=0.899308 understanding=None dialogue_management=None pipeline_wall=10.885362 turn_observed=35.200364
[07:47:27] MEMORY turn=9 reason=agent_a_reply changed=Agent A,Agent B
[07:47:27] STEP turn=None speaker=Agent A route_valid=- route_goal=- route=-
[07:53:52] PHASE turn=10 speaker=Agent B phase=NLG duration_sec=371.61224269866943
[07:53:52] PHASE turn=10 speaker=Agent B phase=TTS duration_sec=9.474974
[07:53:52] PHASE turn=10 speaker=Agent B phase=ASR duration_sec=1.196118
[07:53:52] SYSTEM telemetry.speech
[07:53:52] SYSTEM telemetry.timing
[07:53:52] MEMORY turn=10 reason=agent_b_reply changed=Agent A,Agent B
[07:53:52] STEP turn=None speaker=Agent B route_valid=- route_goal=- route=-
[07:53:52] PHASE turn=10 speaker=Agent B phase=NLU duration_sec=0.007867
[07:53:52] SYSTEM telemetry.nlu
[07:53:52] SYSTEM candidate
[07:53:52] PHASE turn=10 speaker=Agent B phase=DM duration_sec=0.004657228011637926
[07:53:52] TIMING turn=10 speaker=Agent B generation=371.612243 synthesis=9.474974 audio=11.404 recognition=1.196118 understanding=0.007867 dialogue_management=0.004657 pipeline_wall=13.428811 turn_observed=385.053672
[07:54:22] PHASE turn=11 speaker=Agent A phase=NLG duration_sec=24.5582218170166
[07:54:22] PHASE turn=11 speaker=Agent A phase=TTS duration_sec=3.748092
[07:54:22] PHASE turn=11 speaker=Agent A phase=ASR duration_sec=0.619577
[07:54:22] SYSTEM telemetry.speech
[07:54:22] SYSTEM telemetry.timing
[07:54:22] TIMING turn=11 speaker=Agent A generation=24.558222 synthesis=3.748092 audio=4.535 recognition=0.619577 understanding=None dialogue_management=None pipeline_wall=5.429847 turn_observed=29.988154
[07:54:22] MEMORY turn=11 reason=agent_a_reply changed=Agent A,Agent B
[07:54:22] STEP turn=None speaker=Agent A route_valid=- route_goal=- route=-
[07:54:22] SYSTEM metrics
[07:54:22] SYSTEM done
[07:54:22] SEGMENT batch.condition.end status=ok duration=1518.4424 seconds
[07:54:22] SESSION END batch-C-MT-CAR-MC-PIP-VOS-QQ57I-DEFAU-LRG-I0-9f42bfeeab-A
