=== batch-c-mpcc-ran-mc-pip-vos-tl1-defau-sml-i0-a65e430c48-t-20260714-062630.log | sha256=ddce8afb6a7be8c21b9072fa618d86d7fb14d39da1b1fb1da25606e8bec82155 ===
[06:26:30] SESSION START batch-C-MPCC-RAN-MC-PIP-VOS-TL1-DEFAU-SML-I0-a65e430c48-T
[06:26:30] SEGMENT batch.condition.start status=ok duration=None seconds
[06:26:30] SYSTEM timer.start
[06:26:31] PHASE turn=1 speaker=Agent A phase=NLG duration_sec=0.0
[06:26:31] PHASE turn=1 speaker=Agent A phase=TTS duration_sec=0.524838
[06:26:31] PHASE turn=1 speaker=Agent A phase=ASR duration_sec=0.02987
[06:26:31] SYSTEM telemetry.speech
[06:26:31] MEMORY turn=1 reason=opening changed=Agent A,Agent B
[06:26:31] STEP turn=None speaker=Agent A route_valid=- route_goal=- route=-
[06:26:31] SYSTEM telemetry.timing
[06:26:31] TIMING turn=1 speaker=Agent A generation=0.0 synthesis=0.524838 audio=9.861 recognition=0.02987 understanding=None dialogue_management=None pipeline_wall=0.555339 turn_observed=9.861
[06:27:34] PHASE turn=2 speaker=Agent B phase=NLG duration_sec=62.91503167152405
[06:27:34] PHASE turn=2 speaker=Agent B phase=TTS duration_sec=0.772093
[06:27:34] PHASE turn=2 speaker=Agent B phase=ASR duration_sec=0.017436
[06:27:34] SYSTEM telemetry.speech
[06:27:34] SYSTEM telemetry.timing
[06:27:34] MEMORY turn=2 reason=agent_b_reply changed=Agent A,Agent B
[06:27:34] STEP turn=None speaker=Agent B route_valid=- route_goal=- route=-
[06:27:34] PHASE turn=2 speaker=Agent B phase=NLU duration_sec=0.000965
[06:27:34] SYSTEM telemetry.nlu
[06:27:34] SYSTEM route
[06:27:34] SYSTEM candidate
[06:27:34] PHASE turn=2 speaker=Agent B phase=DM duration_sec=0.0030125658959150314
[06:27:34] TIMING turn=2 speaker=Agent B generation=62.915032 synthesis=0.772093 audio=7.106 recognition=0.017436 understanding=0.000965 dialogue_management=0.003013 pipeline_wall=0.78993 turn_observed=70.02501
[06:27:58] PHASE turn=3 speaker=Agent A phase=NLG duration_sec=23.38963222503662
[06:27:58] PHASE turn=3 speaker=Agent A phase=TTS duration_sec=0.664101
[06:27:58] PHASE turn=3 speaker=Agent A phase=ASR duration_sec=0.01907
[06:27:58] SYSTEM telemetry.speech
[06:27:58] SYSTEM telemetry.timing
[06:27:58] TIMING turn=3 speaker=Agent A generation=23.389632 synthesis=0.664101 audio=6.852 recognition=0.01907 understanding=None dialogue_management=None pipeline_wall=0.683613 turn_observed=30.241632
[06:27:58] MEMORY turn=3 reason=agent_a_reply changed=Agent A,Agent B
[06:27:58] STEP turn=None speaker=Agent A route_valid=- route_goal=- route=-
[06:29:05] PHASE turn=4 speaker=Agent B phase=NLG duration_sec=65.75960659980774
[06:29:05] PHASE turn=4 speaker=Agent B phase=TTS duration_sec=1.088486
[06:29:05] PHASE turn=4 speaker=Agent B phase=ASR duration_sec=0.021156
[06:29:05] SYSTEM telemetry.speech
[06:29:05] SYSTEM telemetry.timing
[06:29:05] MEMORY turn=4 reason=agent_b_reply changed=Agent A,Agent B
[06:29:05] STEP turn=None speaker=Agent B route_valid=- route_goal=- route=-
[06:29:05] PHASE turn=4 speaker=Agent B phase=NLU duration_sec=0.002788
[06:29:05] SYSTEM telemetry.nlu
[06:29:05] SYSTEM candidate
[06:29:05] PHASE turn=4 speaker=Agent B phase=DM duration_sec=0.0026881811209023
[06:29:05] TIMING turn=4 speaker=Agent B generation=65.759607 synthesis=1.088486 audio=9.416 recognition=0.021156 understanding=0.002788 dialogue_management=0.002688 pipeline_wall=1.110086 turn_observed=75.181083
[06:29:31] PHASE turn=5 speaker=Agent A phase=NLG duration_sec=25.426697969436646
[06:29:31] PHASE turn=5 speaker=Agent A phase=TTS duration_sec=0.591606
[06:29:31] PHASE turn=5 speaker=Agent A phase=ASR duration_sec=0.021277
[06:29:31] SYSTEM telemetry.speech
[06:29:31] SYSTEM telemetry.timing
[06:29:31] TIMING turn=5 speaker=Agent A generation=25.426698 synthesis=0.591606 audio=5.652 recognition=0.021277 understanding=None dialogue_management=None pipeline_wall=0.613322 turn_observed=31.078698
[06:29:31] MEMORY turn=5 reason=agent_a_reply changed=Agent A,Agent B
[06:29:31] STEP turn=None speaker=Agent A route_valid=- route_goal=- route=-
[06:30:44] PHASE turn=6 speaker=Agent B phase=NLG duration_sec=70.86392569541931
[06:30:44] PHASE turn=6 speaker=Agent B phase=TTS duration_sec=1.208109
[06:30:44] PHASE turn=6 speaker=Agent B phase=ASR duration_sec=0.026331
[06:30:44] SYSTEM telemetry.speech
[06:30:44] SYSTEM telemetry.timing
[06:30:44] MEMORY turn=6 reason=agent_b_reply changed=Agent A,Agent B
[06:30:44] STEP turn=None speaker=Agent B route_valid=- route_goal=- route=-
[06:30:44] PHASE turn=6 speaker=Agent B phase=NLU duration_sec=0.001474
[06:30:44] SYSTEM telemetry.nlu
[06:30:44] SYSTEM candidate
[06:30:44] PHASE turn=6 speaker=Agent B phase=DM duration_sec=0.0058335959911346436
[06:30:44] TIMING turn=6 speaker=Agent B generation=70.863926 synthesis=1.208109 audio=11.04 recognition=0.026331 understanding=0.001474 dialogue_management=0.005834 pipeline_wall=1.234827 turn_observed=81.911233
[06:31:11] PHASE turn=7 speaker=Agent A phase=NLG duration_sec=27.252467155456543
[06:31:11] PHASE turn=7 speaker=Agent A phase=TTS duration_sec=0.563495
[06:31:11] PHASE turn=7 speaker=Agent A phase=ASR duration_sec=0.018729
[06:31:11] SYSTEM telemetry.speech
[06:31:11] SYSTEM telemetry.timing
[06:31:11] TIMING turn=7 speaker=Agent A generation=27.252467 synthesis=0.563495 audio=5.652 recognition=0.018729 understanding=None dialogue_management=None pipeline_wall=0.58262 turn_observed=32.904467
[06:31:11] MEMORY turn=7 reason=agent_a_reply changed=Agent A,Agent B
[06:31:11] STEP turn=None speaker=Agent A route_valid=- route_goal=- route=-
[06:32:31] PHASE turn=8 speaker=Agent B phase=NLG duration_sec=78.56368517875671
[06:32:31] PHASE turn=8 speaker=Agent B phase=TTS duration_sec=0.915213
[06:32:31] PHASE turn=8 speaker=Agent B phase=ASR duration_sec=0.020563
[06:32:31] SYSTEM telemetry.speech
[06:32:31] SYSTEM telemetry.timing
[06:32:31] MEMORY turn=8 reason=agent_b_reply changed=Agent A,Agent B
[06:32:31] STEP turn=None speaker=Agent B route_valid=- route_goal=- route=-
[06:32:31] PHASE turn=8 speaker=Agent B phase=NLU duration_sec=0.001569
[06:32:31] SYSTEM telemetry.nlu
[06:32:31] SYSTEM candidate
[06:32:31] PHASE turn=8 speaker=Agent B phase=DM duration_sec=0.007246845867484808
[06:32:31] TIMING turn=8 speaker=Agent B generation=78.563685 synthesis=0.915213 audio=9.095 recognition=0.020563 understanding=0.001569 dialogue_management=0.007247 pipeline_wall=0.936233 turn_observed=87.667501
[06:33:00] PHASE turn=9 speaker=Agent A phase=NLG duration_sec=29.146050930023193
[06:33:00] PHASE turn=9 speaker=Agent A phase=TTS duration_sec=0.445967
[06:33:00] PHASE turn=9 speaker=Agent A phase=ASR duration_sec=0.013558
[06:33:00] SYSTEM telemetry.speech
[06:33:00] SYSTEM telemetry.timing
[06:33:00] TIMING turn=9 speaker=Agent A generation=29.146051 synthesis=0.445967 audio=4.535 recognition=0.013558 understanding=None dialogue_management=None pipeline_wall=0.459857 turn_observed=33.681051
[06:33:01] MEMORY turn=9 reason=agent_a_reply changed=Agent A,Agent B
[06:33:01] STEP turn=None speaker=Agent A route_valid=- route_goal=- route=-
[06:33:01] SYSTEM metrics
[06:33:01] SYSTEM done
[06:33:01] SEGMENT batch.condition.end status=ok duration=390.471221 seconds
[06:33:01] SESSION END batch-C-MPCC-RAN-MC-PIP-VOS-TL1-DEFAU-SML-I0-a65e430c48-T
