=== batch-c-mpcc-fc-sc-pip-vos-mp3m4-defau-med-i0-f710604b15-a-20260714-141355.log | sha256=1a73b8329a47bd063d6bfe852c81e5ab88490abaf0e2ae0f087e5c8e05d6a62c ===
[14:13:55] SESSION START batch-C-MPCC-FC-SC-PIP-VOS-MP3M4-DEFAU-MED-I0-f710604b15-A
[14:13:55] SEGMENT batch.condition.start status=ok duration=None seconds
[14:13:55] SYSTEM timer.start
[14:14:07] PHASE turn=1 speaker=Agent A phase=NLG duration_sec=0.0
[14:14:07] PHASE turn=1 speaker=Agent A phase=TTS duration_sec=5.501912
[14:14:07] PHASE turn=1 speaker=Agent A phase=ASR duration_sec=3.3194
[14:14:07] SYSTEM telemetry.speech
[14:14:07] MEMORY turn=1 reason=opening changed=Agent A,Agent B
[14:14:07] STEP turn=None speaker=Agent A route_valid=- route_goal=- route=-
[14:14:07] SYSTEM telemetry.timing
[14:14:07] TIMING turn=1 speaker=Agent A generation=0.0 synthesis=5.501912 audio=10.0 recognition=3.3194 understanding=None dialogue_management=None pipeline_wall=12.23641 turn_observed=12.236486
[14:14:11] PHASE turn=2 speaker=Agent B phase=NLG duration_sec=0.0009891986846923828
[14:14:11] PHASE turn=2 speaker=Agent B phase=TTS duration_sec=1.361329
[14:14:11] PHASE turn=2 speaker=Agent B phase=ASR duration_sec=1.464283
[14:14:11] SYSTEM telemetry.speech
[14:14:11] SYSTEM telemetry.timing
[14:14:12] MEMORY turn=2 reason=agent_b_reply changed=Agent A,Agent B
[14:14:12] STEP turn=None speaker=Agent B route_valid=- route_goal=- route=-
[14:14:12] PHASE turn=2 speaker=Agent B phase=NLU duration_sec=0.000485
[14:14:12] SYSTEM telemetry.nlu
[14:14:12] PHASE turn=2 speaker=Agent B phase=DM duration_sec=0.00011114683002233505
[14:14:12] TIMING turn=2 speaker=Agent B generation=0.000989 synthesis=1.361329 audio=3.94 recognition=1.464283 understanding=0.000485 dialogue_management=0.000111 pipeline_wall=4.359245 turn_observed=4.36088
[14:14:14] PHASE turn=3 speaker=Agent A phase=NLG duration_sec=0.012386560440063477
[14:14:14] PHASE turn=3 speaker=Agent A phase=TTS duration_sec=0.66594
[14:14:14] PHASE turn=3 speaker=Agent A phase=ASR duration_sec=0.838404
[14:14:14] SYSTEM telemetry.speech
[14:14:14] SYSTEM telemetry.timing
[14:14:14] TIMING turn=3 speaker=Agent A generation=0.012387 synthesis=0.66594 audio=3.309 recognition=0.838404 understanding=None dialogue_management=None pipeline_wall=2.71871 turn_observed=3.321387
[14:14:14] MEMORY turn=3 reason=agent_a_reply changed=Agent A,Agent B
[14:14:14] STEP turn=None speaker=Agent A route_valid=- route_goal=- route=-
[14:14:18] PHASE turn=4 speaker=Agent B phase=NLG duration_sec=0.0006666183471679688
[14:14:18] PHASE turn=4 speaker=Agent B phase=TTS duration_sec=0.912514
[14:14:18] PHASE turn=4 speaker=Agent B phase=ASR duration_sec=1.594988
[14:14:18] SYSTEM telemetry.speech
[14:14:18] SYSTEM telemetry.timing
[14:14:18] MEMORY turn=4 reason=agent_b_reply changed=Agent A
[14:14:18] STEP turn=None speaker=Agent B route_valid=- route_goal=- route=-
[14:14:18] PHASE turn=4 speaker=Agent B phase=NLU duration_sec=0.0004
[14:14:18] SYSTEM telemetry.nlu
[14:14:18] PHASE turn=4 speaker=Agent B phase=DM duration_sec=0.00010923482477664948
[14:14:18] TIMING turn=4 speaker=Agent B generation=0.000667 synthesis=0.912514 audio=4.43 recognition=1.594988 understanding=0.0004 dialogue_management=0.000109 pipeline_wall=4.035361 turn_observed=4.431176
[14:14:21] PHASE turn=5 speaker=Agent A phase=NLG duration_sec=0.02033829689025879
[14:14:21] PHASE turn=5 speaker=Agent A phase=TTS duration_sec=0.972416
[14:14:21] PHASE turn=5 speaker=Agent A phase=ASR duration_sec=0.843423
[14:14:21] SYSTEM telemetry.speech
[14:14:21] SYSTEM telemetry.timing
[14:14:21] TIMING turn=5 speaker=Agent A generation=0.020338 synthesis=0.972416 audio=3.309 recognition=0.843423 understanding=None dialogue_management=None pipeline_wall=3.09397 turn_observed=3.329338
[14:14:21] MEMORY turn=5 reason=agent_a_reply changed=Agent A,Agent B
[14:14:21] STEP turn=None speaker=Agent A route_valid=- route_goal=- route=-
[14:14:27] PHASE turn=6 speaker=Agent B phase=NLG duration_sec=0.0008132457733154297
[14:14:27] PHASE turn=6 speaker=Agent B phase=TTS duration_sec=2.030511
[14:14:27] PHASE turn=6 speaker=Agent B phase=ASR duration_sec=1.644451
[14:14:27] SYSTEM telemetry.speech
[14:14:27] SYSTEM telemetry.timing
[14:14:27] MEMORY turn=6 reason=agent_b_reply changed=Agent A,Agent B
[14:14:27] STEP turn=None speaker=Agent B route_valid=- route_goal=- route=-
[14:14:27] PHASE turn=6 speaker=Agent B phase=NLU duration_sec=0.000585
[14:14:27] SYSTEM telemetry.nlu
[14:14:27] PHASE turn=6 speaker=Agent B phase=DM duration_sec=0.00010125432163476944
[14:14:27] TIMING turn=6 speaker=Agent B generation=0.000813 synthesis=2.030511 audio=4.818 recognition=1.644451 understanding=0.000585 dialogue_management=0.000101 pipeline_wall=5.703042 turn_observed=5.704588
[14:14:34] PHASE turn=7 speaker=Agent A phase=NLG duration_sec=0.0015058517456054688
[14:14:34] PHASE turn=7 speaker=Agent A phase=TTS duration_sec=1.758028
[14:14:34] PHASE turn=7 speaker=Agent A phase=ASR duration_sec=2.117102
[14:14:34] SYSTEM telemetry.speech
[14:14:34] SYSTEM telemetry.timing
[14:14:34] TIMING turn=7 speaker=Agent A generation=0.001506 synthesis=1.758028 audio=7.695 recognition=2.117102 understanding=None dialogue_management=None pipeline_wall=6.907921 turn_observed=7.696506
[14:14:34] MEMORY turn=7 reason=agent_a_reply changed=Agent A,Agent B
[14:14:34] STEP turn=None speaker=Agent A route_valid=- route_goal=- route=-
[14:14:40] PHASE turn=8 speaker=Agent B phase=NLG duration_sec=0.0008783340454101562
[14:14:40] PHASE turn=8 speaker=Agent B phase=TTS duration_sec=1.708176
[14:14:40] PHASE turn=8 speaker=Agent B phase=ASR duration_sec=1.646933
[14:14:40] SYSTEM telemetry.speech
[14:14:40] SYSTEM telemetry.timing
[14:14:40] MEMORY turn=8 reason=agent_b_reply changed=Agent A
[14:14:40] STEP turn=None speaker=Agent B route_valid=- route_goal=- route=-
[14:14:40] PHASE turn=8 speaker=Agent B phase=NLU duration_sec=0.000458
[14:14:40] SYSTEM telemetry.nlu
[14:14:40] PHASE turn=8 speaker=Agent B phase=DM duration_sec=0.00014032050967216492
[14:14:40] TIMING turn=8 speaker=Agent B generation=0.000878 synthesis=1.708176 audio=5.696 recognition=1.646933 understanding=0.000458 dialogue_management=0.00014 pipeline_wall=5.652616 turn_observed=5.697477
[14:14:46] PHASE turn=9 speaker=Agent A phase=NLG duration_sec=0.0013051033020019531
[14:14:46] PHASE turn=9 speaker=Agent A phase=TTS duration_sec=1.567769
[14:14:46] PHASE turn=9 speaker=Agent A phase=ASR duration_sec=1.867263
[14:14:46] SYSTEM telemetry.speech
[14:14:46] SYSTEM telemetry.timing
[14:14:46] TIMING turn=9 speaker=Agent A generation=0.001305 synthesis=1.567769 audio=6.249 recognition=1.867263 understanding=None dialogue_management=None pipeline_wall=5.990489 turn_observed=6.250305
[14:14:46] MEMORY turn=9 reason=agent_a_reply changed=Agent A,Agent B
[14:14:46] STEP turn=None speaker=Agent A route_valid=- route_goal=- route=-
[14:14:46] SYSTEM metrics
[14:14:46] SYSTEM done
[14:14:46] SEGMENT batch.condition.end status=ok duration=50.911716 seconds
[14:14:46] SESSION END batch-C-MPCC-FC-SC-PIP-VOS-MP3M4-DEFAU-MED-I0-f710604b15-A
