=== batch-c-mpcc-fc-mc-pip-fwh-qq515-defau-med-i0-1ade609083-a-20260713-054603.log | sha256=9eec6edc1b4f8dd33b455e0e7f5a82d5e7a6c2724bf21c65d76ef45a75286558 ===
[05:46:03] SESSION START batch-C-MPCC-FC-MC-PIP-FWH-QQ515-DEFAU-MED-I0-1ade609083-A
[05:46:03] SEGMENT batch.condition.start status=ok duration=None seconds
[05:46:03] SYSTEM timer.start
[05:46:22] PHASE turn=1 speaker=Agent A phase=NLG duration_sec=0.0
[05:46:22] PHASE turn=1 speaker=Agent A phase=TTS duration_sec=4.775242
[05:46:22] PHASE turn=1 speaker=Agent A phase=ASR duration_sec=10.792582
[05:46:22] SYSTEM telemetry.speech
[05:46:22] MEMORY turn=1 reason=opening changed=Agent A,Agent B
[05:46:22] STEP turn=None speaker=Agent A route_valid=- route_goal=- route=-
[05:46:22] SYSTEM telemetry.timing
[05:46:22] TIMING turn=1 speaker=Agent A generation=0.0 synthesis=4.775242 audio=9.861 recognition=10.792582 understanding=None dialogue_management=None pipeline_wall=19.067778 turn_observed=19.0679
[05:47:06] PHASE turn=2 speaker=Agent B phase=NLG duration_sec=32.190946102142334
[05:47:06] PHASE turn=2 speaker=Agent B phase=TTS duration_sec=1.851341
[05:47:06] PHASE turn=2 speaker=Agent B phase=ASR duration_sec=6.68798
[05:47:06] SYSTEM telemetry.speech
[05:47:06] SYSTEM telemetry.timing
[05:47:06] MEMORY turn=2 reason=agent_b_reply changed=Agent A,Agent B
[05:47:06] STEP turn=None speaker=Agent B route_valid=- route_goal=- route=-
[05:47:06] PHASE turn=2 speaker=Agent B phase=NLU duration_sec=0.00162
[05:47:06] SYSTEM telemetry.nlu
[05:47:06] SYSTEM route
[05:47:06] SYSTEM candidate
[05:47:06] PHASE turn=2 speaker=Agent B phase=DM duration_sec=0.006140832789242268
[05:47:06] TIMING turn=2 speaker=Agent B generation=32.190946 synthesis=1.851341 audio=7.106 recognition=6.68798 understanding=0.00162 dialogue_management=0.006141 pipeline_wall=11.994869 turn_observed=44.193672
[05:48:05] PHASE turn=3 speaker=Agent A phase=NLG duration_sec=51.707173109054565
[05:48:05] PHASE turn=3 speaker=Agent A phase=TTS duration_sec=1.508275
[05:48:05] PHASE turn=3 speaker=Agent A phase=ASR duration_sec=3.550798
[05:48:05] SYSTEM telemetry.speech
[05:48:05] SYSTEM telemetry.timing
[05:48:05] TIMING turn=3 speaker=Agent A generation=51.707173 synthesis=1.508275 audio=5.652 recognition=3.550798 understanding=None dialogue_management=None pipeline_wall=7.082605 turn_observed=58.789887
[05:48:05] MEMORY turn=3 reason=agent_a_reply changed=Agent A,Agent B
[05:48:05] STEP turn=None speaker=Agent A route_valid=- route_goal=- route=-
[05:48:46] PHASE turn=4 speaker=Agent B phase=NLG duration_sec=27.13957190513611
[05:48:46] PHASE turn=4 speaker=Agent B phase=TTS duration_sec=2.529324
[05:48:46] PHASE turn=4 speaker=Agent B phase=ASR duration_sec=5.14611
[05:48:46] SYSTEM telemetry.speech
[05:48:46] SYSTEM telemetry.timing
[05:48:46] MEMORY turn=4 reason=agent_b_reply changed=Agent A,Agent B
[05:48:46] STEP turn=None speaker=Agent B route_valid=- route_goal=- route=-
[05:48:46] PHASE turn=4 speaker=Agent B phase=NLU duration_sec=0.004853
[05:48:46] SYSTEM telemetry.nlu
[05:48:46] SYSTEM candidate
[05:48:46] PHASE turn=4 speaker=Agent B phase=DM duration_sec=0.00698328111320734
[05:48:46] TIMING turn=4 speaker=Agent B generation=27.139572 synthesis=2.529324 audio=11.404 recognition=5.14611 understanding=0.004853 dialogue_management=0.006983 pipeline_wall=13.168349 turn_observed=40.319854
[05:49:50] PHASE turn=5 speaker=Agent A phase=NLG duration_sec=53.70470929145813
[05:49:50] PHASE turn=5 speaker=Agent A phase=TTS duration_sec=1.891593
[05:49:50] PHASE turn=5 speaker=Agent A phase=ASR duration_sec=5.872062
[05:49:50] SYSTEM telemetry.speech
[05:49:50] SYSTEM telemetry.timing
[05:49:50] TIMING turn=5 speaker=Agent A generation=53.704709 synthesis=1.891593 audio=8.609 recognition=5.872062 understanding=None dialogue_management=None pipeline_wall=10.950618 turn_observed=64.655437
[05:49:50] MEMORY turn=5 reason=agent_a_reply changed=Agent A,Agent B
[05:49:50] STEP turn=None speaker=Agent A route_valid=- route_goal=- route=-
[05:50:42] PHASE turn=6 speaker=Agent B phase=NLG duration_sec=38.82415699958801
[05:50:42] PHASE turn=6 speaker=Agent B phase=TTS duration_sec=2.840545
[05:50:42] PHASE turn=6 speaker=Agent B phase=ASR duration_sec=5.918209
[05:50:42] SYSTEM telemetry.speech
[05:50:42] SYSTEM telemetry.timing
[05:50:42] MEMORY turn=6 reason=agent_b_reply changed=Agent A,Agent B
[05:50:42] STEP turn=None speaker=Agent B route_valid=- route_goal=- route=-
[05:50:42] PHASE turn=6 speaker=Agent B phase=NLU duration_sec=0.003453
[05:50:42] SYSTEM telemetry.nlu
[05:50:42] SYSTEM candidate
[05:50:42] PHASE turn=6 speaker=Agent B phase=DM duration_sec=0.008297504158690572
[05:50:42] TIMING turn=6 speaker=Agent B generation=38.824157 synthesis=2.840545 audio=9.416 recognition=5.918209 understanding=0.003453 dialogue_management=0.008298 pipeline_wall=13.071197 turn_observed=51.907215
[05:51:52] PHASE turn=7 speaker=Agent A phase=NLG duration_sec=58.824716329574585
[05:51:52] PHASE turn=7 speaker=Agent A phase=TTS duration_sec=1.435324
[05:51:52] PHASE turn=7 speaker=Agent A phase=ASR duration_sec=6.576717
[05:51:52] SYSTEM telemetry.speech
[05:51:52] SYSTEM telemetry.timing
[05:51:52] TIMING turn=7 speaker=Agent A generation=58.824716 synthesis=1.435324 audio=7.252 recognition=6.576717 understanding=None dialogue_management=None pipeline_wall=10.712502 turn_observed=69.537311
[05:51:52] MEMORY turn=7 reason=agent_a_reply changed=Agent A,Agent B
[05:51:52] STEP turn=None speaker=Agent A route_valid=- route_goal=- route=-
[05:52:34] PHASE turn=8 speaker=Agent B phase=NLG duration_sec=32.26866126060486
[05:52:34] PHASE turn=8 speaker=Agent B phase=TTS duration_sec=1.834525
[05:52:34] PHASE turn=8 speaker=Agent B phase=ASR duration_sec=4.488871
[05:52:34] SYSTEM telemetry.speech
[05:52:34] SYSTEM telemetry.timing
[05:52:34] MEMORY turn=8 reason=agent_b_reply changed=Agent A,Agent B
[05:52:34] STEP turn=None speaker=Agent B route_valid=- route_goal=- route=-
[05:52:34] PHASE turn=8 speaker=Agent B phase=NLU duration_sec=0.002075
[05:52:34] SYSTEM telemetry.nlu
[05:52:34] SYSTEM candidate
[05:52:34] PHASE turn=8 speaker=Agent B phase=DM duration_sec=0.009230425814166665
[05:52:34] TIMING turn=8 speaker=Agent B generation=32.268661 synthesis=1.834525 audio=7.106 recognition=4.488871 understanding=0.002075 dialogue_management=0.00923 pipeline_wall=9.833864 turn_observed=42.113922
[05:52:41] PHASE turn=9 speaker=Agent A phase=NLG duration_sec=0.005445718765258789
[05:52:41] PHASE turn=9 speaker=Agent A phase=TTS duration_sec=0.798172
[05:52:41] PHASE turn=9 speaker=Agent A phase=ASR duration_sec=5.317266
[05:52:41] SYSTEM telemetry.speech
[05:52:41] SYSTEM telemetry.timing
[05:52:41] TIMING turn=9 speaker=Agent A generation=0.005446 synthesis=0.798172 audio=3.251 recognition=5.317266 understanding=None dialogue_management=None pipeline_wall=7.465175 turn_observed=7.470725
[05:52:41] MEMORY turn=9 reason=agent_a_reply changed=Agent A,Agent B
[05:52:41] STEP turn=None speaker=Agent A route_valid=- route_goal=- route=-
[05:52:46] PHASE turn=10 speaker=Agent B phase=NLG duration_sec=0.34983134269714355
[05:52:46] PHASE turn=10 speaker=Agent B phase=TTS duration_sec=0.605931
[05:52:46] PHASE turn=10 speaker=Agent B phase=ASR duration_sec=3.040859
[05:52:46] SYSTEM telemetry.speech
[05:52:46] SYSTEM telemetry.timing
[05:52:46] MEMORY turn=10 reason=agent_b_reply changed=Agent A,Agent B
[05:52:46] STEP turn=None speaker=Agent B route_valid=- route_goal=- route=-
[05:52:46] PHASE turn=10 speaker=Agent B phase=NLU duration_sec=1.4e-05
[05:52:46] PHASE turn=10 speaker=Agent B phase=DM duration_sec=0.0001286671031266451
[05:52:46] TIMING turn=10 speaker=Agent B generation=0.349831 synthesis=0.605931 audio=1.718 recognition=3.040859 understanding=1.4e-05 dialogue_management=0.000129 pipeline_wall=4.558956 turn_observed=4.909037
[05:53:54] PHASE turn=11 speaker=Agent A phase=NLG duration_sec=61.528706312179565
[05:53:54] PHASE turn=11 speaker=Agent A phase=TTS duration_sec=1.09615
[05:53:54] PHASE turn=11 speaker=Agent A phase=ASR duration_sec=3.540084
[05:53:54] SYSTEM telemetry.speech
[05:53:54] SYSTEM telemetry.timing
[05:53:54] TIMING turn=11 speaker=Agent A generation=61.528706 synthesis=1.09615 audio=4.535 recognition=3.540084 understanding=None dialogue_management=None pipeline_wall=6.606914 turn_observed=68.135722
[05:53:54] MEMORY turn=11 reason=agent_a_reply changed=Agent A,Agent B
[05:53:54] STEP turn=None speaker=Agent A route_valid=- route_goal=- route=-
[05:53:54] SYSTEM metrics
[05:53:54] SYSTEM done
[05:53:54] SEGMENT batch.condition.end status=ok duration=471.394203 seconds
[05:53:54] SESSION END batch-C-MPCC-FC-MC-PIP-FWH-QQ515-DEFAU-MED-I0-1ade609083-A
