=== batch-c-mpcc-ran-hesit-pip-vos-q05-defau-sml-i0-8239d86af1-a-20260710-215119.log | sha256=e61f66cd7ba7d4f41f1fca1745abf92162ef6b4edb84975fb518bbf735ea0fd4 ===
[21:51:19] SESSION START batch-C-MPCC-RAN-HESIT-PIP-VOS-Q05-DEFAU-SML-I0-8239d86af1-A
[21:51:19] SEGMENT batch.condition.start status=ok duration=None seconds
[21:51:19] SYSTEM timer.start
[21:51:33] PHASE turn=1 speaker=Agent A phase=NLG duration_sec=0.0
[21:51:33] PHASE turn=1 speaker=Agent A phase=TTS duration_sec=6.838515
[21:51:33] PHASE turn=1 speaker=Agent A phase=ASR duration_sec=3.503895
[21:51:33] SYSTEM telemetry.speech
[21:51:33] MEMORY turn=1 reason=opening changed=Agent A,Agent B
[21:51:33] STEP turn=None speaker=Agent A route_valid=- route_goal=- route=-
[21:51:33] SYSTEM telemetry.timing
[21:51:33] TIMING turn=1 speaker=Agent A generation=0.0 synthesis=6.838515 audio=12.423 recognition=3.503895 understanding=None dialogue_management=None pipeline_wall=14.643661 turn_observed=14.643765
[21:52:04] PHASE turn=2 speaker=Agent B phase=NLG duration_sec=23.251131534576416
[21:52:04] PHASE turn=2 speaker=Agent B phase=TTS duration_sec=2.183977
[21:52:04] PHASE turn=2 speaker=Agent B phase=ASR duration_sec=1.856514
[21:52:04] SYSTEM telemetry.speech
[21:52:04] SYSTEM telemetry.timing
[21:52:04] MEMORY turn=2 reason=agent_b_reply changed=Agent A,Agent B
[21:52:04] STEP turn=None speaker=Agent B route_valid=- route_goal=- route=-
[21:52:04] PHASE turn=2 speaker=Agent B phase=NLU duration_sec=0.002456
[21:52:04] SYSTEM telemetry.nlu
[21:52:04] SYSTEM route
[21:52:04] SYSTEM candidate
[21:52:04] PHASE turn=2 speaker=Agent B phase=DM duration_sec=0.004947688081301749
[21:52:04] TIMING turn=2 speaker=Agent B generation=23.251132 synthesis=2.183977 audio=6.924 recognition=1.856514 understanding=0.002456 dialogue_management=0.004948 pipeline_wall=7.350677 turn_observed=30.609297
[21:53:19] PHASE turn=3 speaker=Agent A phase=NLG duration_sec=68.65669012069702
[21:53:19] PHASE turn=3 speaker=Agent A phase=TTS duration_sec=1.999295
[21:53:19] PHASE turn=3 speaker=Agent A phase=ASR duration_sec=1.482688
[21:53:19] SYSTEM telemetry.speech
[21:53:19] SYSTEM telemetry.timing
[21:53:19] TIMING turn=3 speaker=Agent A generation=68.65669 synthesis=1.999295 audio=8.609 recognition=1.482688 understanding=None dialogue_management=None pipeline_wall=6.470687 turn_observed=77.26569
[21:53:19] MEMORY turn=3 reason=agent_a_reply changed=Agent A,Agent B
[21:53:19] STEP turn=None speaker=Agent A route_valid=- route_goal=- route=-
[21:53:45] PHASE turn=4 speaker=Agent B phase=NLG duration_sec=15.329462766647339
[21:53:45] PHASE turn=4 speaker=Agent B phase=TTS duration_sec=3.279688
[21:53:45] PHASE turn=4 speaker=Agent B phase=ASR duration_sec=1.981608
[21:53:45] SYSTEM telemetry.speech
[21:53:45] SYSTEM telemetry.timing
[21:53:45] MEMORY turn=4 reason=agent_b_reply changed=Agent A,Agent B
[21:53:45] STEP turn=None speaker=Agent B route_valid=- route_goal=- route=-
[21:53:45] PHASE turn=4 speaker=Agent B phase=NLU duration_sec=0.001947
[21:53:45] SYSTEM telemetry.nlu
[21:53:45] SYSTEM candidate
[21:53:45] PHASE turn=4 speaker=Agent B phase=DM duration_sec=0.004816693952307105
[21:53:45] TIMING turn=4 speaker=Agent B generation=15.329463 synthesis=3.279688 audio=9.955 recognition=1.981608 understanding=0.001947 dialogue_management=0.004817 pipeline_wall=9.952458 turn_observed=25.291226
[21:53:48] PHASE turn=5 speaker=Agent A phase=NLG duration_sec=0.002416372299194336
[21:53:48] PHASE turn=5 speaker=Agent A phase=TTS duration_sec=1.119706
[21:53:48] PHASE turn=5 speaker=Agent A phase=ASR duration_sec=0.892121
[21:53:48] SYSTEM telemetry.speech
[21:53:48] SYSTEM telemetry.timing
[21:53:48] TIMING turn=5 speaker=Agent A generation=0.002416 synthesis=1.119706 audio=3.806 recognition=0.892121 understanding=None dialogue_management=None pipeline_wall=3.247325 turn_observed=3.808416
[21:53:48] MEMORY turn=5 reason=agent_a_reply changed=Agent A,Agent B
[21:53:48] STEP turn=None speaker=Agent A route_valid=- route_goal=- route=-
[21:53:51] PHASE turn=6 speaker=Agent B phase=NLG duration_sec=0.3239116668701172
[21:53:51] PHASE turn=6 speaker=Agent B phase=TTS duration_sec=0.86426
[21:53:51] PHASE turn=6 speaker=Agent B phase=ASR duration_sec=0.735414
[21:53:51] SYSTEM telemetry.speech
[21:53:51] SYSTEM telemetry.timing
[21:53:51] MEMORY turn=6 reason=agent_b_reply changed=Agent A,Agent B
[21:53:51] STEP turn=None speaker=Agent B route_valid=- route_goal=- route=-
[21:53:51] PHASE turn=6 speaker=Agent B phase=NLU duration_sec=1.1e-05
[21:53:51] PHASE turn=6 speaker=Agent B phase=DM duration_sec=0.00011536106467247009
[21:53:51] TIMING turn=6 speaker=Agent B generation=0.323912 synthesis=0.86426 audio=2.101 recognition=0.735414 understanding=1.1e-05 dialogue_management=0.000115 pipeline_wall=2.444403 turn_observed=2.768526
[21:53:56] PHASE turn=7 speaker=Agent A phase=NLG duration_sec=0.00610804557800293
[21:53:56] PHASE turn=7 speaker=Agent A phase=TTS duration_sec=1.519613
[21:53:56] PHASE turn=7 speaker=Agent A phase=ASR duration_sec=1.275988
[21:53:56] SYSTEM telemetry.speech
[21:53:56] SYSTEM telemetry.timing
[21:53:56] TIMING turn=7 speaker=Agent A generation=0.006108 synthesis=1.519613 audio=6.492 recognition=1.275988 understanding=None dialogue_management=None pipeline_wall=5.07716 turn_observed=6.498108
[21:53:56] MEMORY turn=7 reason=agent_a_reply changed=Agent A,Agent B
[21:53:56] STEP turn=None speaker=Agent A route_valid=- route_goal=- route=-
[21:54:21] PHASE turn=8 speaker=Agent B phase=NLG duration_sec=15.26684045791626
[21:54:21] PHASE turn=8 speaker=Agent B phase=TTS duration_sec=2.641264
[21:54:21] PHASE turn=8 speaker=Agent B phase=ASR duration_sec=2.446334
[21:54:21] SYSTEM telemetry.speech
[21:54:21] SYSTEM telemetry.timing
[21:54:21] MEMORY turn=8 reason=agent_b_reply changed=Agent A,Agent B
[21:54:21] STEP turn=None speaker=Agent B route_valid=- route_goal=- route=-
[21:54:21] PHASE turn=8 speaker=Agent B phase=NLU duration_sec=0.00157
[21:54:21] SYSTEM telemetry.nlu
[21:54:21] SYSTEM warning
[21:54:21] SYSTEM candidate
[21:54:21] PHASE turn=8 speaker=Agent B phase=DM duration_sec=0.0028041329933330417
[21:54:21] TIMING turn=8 speaker=Agent B generation=15.26684 synthesis=2.641264 audio=10.775 recognition=2.446334 understanding=0.00157 dialogue_management=0.002804 pipeline_wall=10.204632 turn_observed=26.046214
[21:55:43] PHASE turn=9 speaker=Agent A phase=NLG duration_sec=76.17026782035828
[21:55:43] PHASE turn=9 speaker=Agent A phase=TTS duration_sec=1.452794
[21:55:43] PHASE turn=9 speaker=Agent A phase=ASR duration_sec=1.510182
[21:55:43] SYSTEM telemetry.speech
[21:55:43] SYSTEM telemetry.timing
[21:55:43] TIMING turn=9 speaker=Agent A generation=76.170268 synthesis=1.452794 audio=6.697 recognition=1.510182 understanding=None dialogue_management=None pipeline_wall=5.383452 turn_observed=82.867268
[21:55:43] MEMORY turn=9 reason=agent_a_reply changed=Agent A,Agent B
[21:55:43] STEP turn=None speaker=Agent A route_valid=- route_goal=- route=-
[21:56:07] PHASE turn=10 speaker=Agent B phase=NLG duration_sec=15.268385887145996
[21:56:07] PHASE turn=10 speaker=Agent B phase=TTS duration_sec=2.433812
[21:56:07] PHASE turn=10 speaker=Agent B phase=ASR duration_sec=2.127908
[21:56:07] SYSTEM telemetry.speech
[21:56:07] SYSTEM telemetry.timing
[21:56:07] MEMORY turn=10 reason=agent_b_reply changed=Agent A,Agent B
[21:56:07] STEP turn=None speaker=Agent B route_valid=- route_goal=- route=-
[21:56:07] PHASE turn=10 speaker=Agent B phase=NLU duration_sec=0.001026
[21:56:07] SYSTEM telemetry.nlu
[21:56:07] SYSTEM candidate
[21:56:07] PHASE turn=10 speaker=Agent B phase=DM duration_sec=0.0038318110164254904
[21:56:07] TIMING turn=10 speaker=Agent B generation=15.268386 synthesis=2.433812 audio=10.179 recognition=2.127908 understanding=0.001026 dialogue_management=0.003832 pipeline_wall=9.18453 turn_observed=25.452244
[21:56:11] PHASE turn=11 speaker=Agent A phase=NLG duration_sec=0.0016849040985107422
[21:56:11] PHASE turn=11 speaker=Agent A phase=TTS duration_sec=1.421974
[21:56:11] PHASE turn=11 speaker=Agent A phase=ASR duration_sec=0.92908
[21:56:11] SYSTEM telemetry.speech
[21:56:11] SYSTEM telemetry.timing
[21:56:11] TIMING turn=11 speaker=Agent A generation=0.001685 synthesis=1.421974 audio=3.419 recognition=0.92908 understanding=None dialogue_management=None pipeline_wall=3.663726 turn_observed=3.665497
[21:56:11] MEMORY turn=11 reason=agent_a_reply changed=Agent A,Agent B
[21:56:11] STEP turn=None speaker=Agent A route_valid=- route_goal=- route=-
[21:56:13] PHASE turn=12 speaker=Agent B phase=NLG duration_sec=0.001188039779663086
[21:56:13] PHASE turn=12 speaker=Agent B phase=TTS duration_sec=0.965507
[21:56:13] PHASE turn=12 speaker=Agent B phase=ASR duration_sec=0.78227
[21:56:13] SYSTEM telemetry.speech
[21:56:13] SYSTEM telemetry.timing
[21:56:13] MEMORY turn=12 reason=agent_b_reply changed=Agent A,Agent B
[21:56:13] STEP turn=None speaker=Agent B route_valid=- route_goal=- route=-
[21:56:13] PHASE turn=12 speaker=Agent B phase=NLU duration_sec=1.1e-05
[21:56:13] PHASE turn=12 speaker=Agent B phase=DM duration_sec=0.0001276449766010046
[21:56:13] TIMING turn=12 speaker=Agent B generation=0.001188 synthesis=0.965507 audio=1.767 recognition=0.78227 understanding=1.1e-05 dialogue_management=0.000128 pipeline_wall=2.562048 turn_observed=2.563453
[21:56:19] PHASE turn=13 speaker=Agent A phase=NLG duration_sec=0.0038063526153564453
[21:56:19] PHASE turn=13 speaker=Agent A phase=TTS duration_sec=2.013316
[21:56:19] PHASE turn=13 speaker=Agent A phase=ASR duration_sec=1.405091
[21:56:19] SYSTEM telemetry.speech
[21:56:19] SYSTEM telemetry.timing
[21:56:19] TIMING turn=13 speaker=Agent A generation=0.003806 synthesis=2.013316 audio=5.923 recognition=1.405091 understanding=None dialogue_management=None pipeline_wall=5.646371 turn_observed=5.926806
[21:56:19] MEMORY turn=13 reason=agent_a_reply changed=Agent A,Agent B
[21:56:19] STEP turn=None speaker=Agent A route_valid=- route_goal=- route=-
[21:56:46] PHASE turn=14 speaker=Agent B phase=NLG duration_sec=15.348448753356934
[21:56:46] PHASE turn=14 speaker=Agent B phase=TTS duration_sec=3.49659
[21:56:46] PHASE turn=14 speaker=Agent B phase=ASR duration_sec=2.47225
[21:56:46] SYSTEM telemetry.speech
[21:56:46] SYSTEM telemetry.timing
[21:56:46] MEMORY turn=14 reason=agent_b_reply changed=Agent A,Agent B
[21:56:46] STEP turn=None speaker=Agent B route_valid=- route_goal=- route=-
[21:56:46] PHASE turn=14 speaker=Agent B phase=NLU duration_sec=0.014864
[21:56:46] SYSTEM telemetry.nlu
[21:56:46] SYSTEM candidate
[21:56:46] PHASE turn=14 speaker=Agent B phase=DM duration_sec=0.010183009086176753
[21:56:46] TIMING turn=14 speaker=Agent B generation=15.348449 synthesis=3.49659 audio=9.621 recognition=2.47225 understanding=0.014864 dialogue_management=0.010183 pipeline_wall=11.198352 turn_observed=26.571988
[21:58:10] PHASE turn=15 speaker=Agent A phase=NLG duration_sec=78.53442192077637
[21:58:10] PHASE turn=15 speaker=Agent A phase=TTS duration_sec=1.793922
[21:58:10] PHASE turn=15 speaker=Agent A phase=ASR duration_sec=1.652396
[21:58:10] SYSTEM telemetry.speech
[21:58:10] SYSTEM telemetry.timing
[21:58:10] TIMING turn=15 speaker=Agent A generation=78.534422 synthesis=1.793922 audio=6.31 recognition=1.652396 understanding=None dialogue_management=None pipeline_wall=6.046893 turn_observed=84.844422
[21:58:10] MEMORY turn=15 reason=agent_a_reply changed=Agent A,Agent B
[21:58:10] STEP turn=None speaker=Agent A route_valid=- route_goal=- route=-
[21:58:37] PHASE turn=16 speaker=Agent B phase=NLG duration_sec=15.350385665893555
[21:58:37] PHASE turn=16 speaker=Agent B phase=TTS duration_sec=2.422399
[21:58:37] PHASE turn=16 speaker=Agent B phase=ASR duration_sec=2.733173
[21:58:37] SYSTEM telemetry.speech
[21:58:37] SYSTEM telemetry.timing
[21:58:37] MEMORY turn=16 reason=agent_b_reply changed=Agent A,Agent B
[21:58:37] STEP turn=None speaker=Agent B route_valid=- route_goal=- route=-
[21:58:37] PHASE turn=16 speaker=Agent B phase=NLU duration_sec=0.010872
[21:58:37] SYSTEM telemetry.nlu
[21:58:37] SYSTEM candidate
[21:58:37] PHASE turn=16 speaker=Agent B phase=DM duration_sec=0.008800707990303636
[21:58:37] TIMING turn=16 speaker=Agent B generation=15.350386 synthesis=2.422399 audio=10.775 recognition=2.733173 understanding=0.010872 dialogue_management=0.008801 pipeline_wall=10.878219 turn_observed=26.24842
[21:58:42] PHASE turn=17 speaker=Agent A phase=NLG duration_sec=0.024784088134765625
[21:58:42] PHASE turn=17 speaker=Agent A phase=TTS duration_sec=2.106494
[21:58:42] PHASE turn=17 speaker=Agent A phase=ASR duration_sec=1.472442
[21:58:42] SYSTEM telemetry.speech
[21:58:42] SYSTEM telemetry.timing
[21:58:42] TIMING turn=17 speaker=Agent A generation=0.024784 synthesis=2.106494 audio=5.355 recognition=1.472442 understanding=None dialogue_management=None pipeline_wall=5.636771 turn_observed=5.661668
[21:58:42] MEMORY turn=17 reason=agent_a_reply changed=Agent A,Agent B
[21:58:42] STEP turn=None speaker=Agent A route_valid=- route_goal=- route=-
[21:59:10] PHASE turn=18 speaker=Agent B phase=NLG duration_sec=15.282757043838501
[21:59:10] PHASE turn=18 speaker=Agent B phase=TTS duration_sec=3.09921
[21:59:10] PHASE turn=18 speaker=Agent B phase=ASR duration_sec=2.610502
[21:59:10] SYSTEM telemetry.speech
[21:59:10] SYSTEM telemetry.timing
[21:59:10] MEMORY turn=18 reason=agent_b_reply changed=Agent A,Agent B
[21:59:10] STEP turn=None speaker=Agent B route_valid=- route_goal=- route=-
[21:59:10] PHASE turn=18 speaker=Agent B phase=NLU duration_sec=0.010099
[21:59:10] SYSTEM telemetry.nlu
[21:59:10] SYSTEM candidate
[21:59:10] PHASE turn=18 speaker=Agent B phase=DM duration_sec=0.01089542405679822
[21:59:10] TIMING turn=18 speaker=Agent B generation=15.282757 synthesis=3.09921 audio=12.652 recognition=2.610502 understanding=0.010099 dialogue_management=0.010895 pipeline_wall=12.347396 turn_observed=27.955751
[22:00:38] PHASE turn=19 speaker=Agent A phase=NLG duration_sec=81.57199621200562
[22:00:38] PHASE turn=19 speaker=Agent A phase=TTS duration_sec=2.270735
[22:00:38] PHASE turn=19 speaker=Agent A phase=ASR duration_sec=1.560625
[22:00:38] SYSTEM telemetry.speech
[22:00:38] SYSTEM telemetry.timing
[22:00:38] TIMING turn=19 speaker=Agent A generation=81.571996 synthesis=2.270735 audio=6.648 recognition=1.560625 understanding=None dialogue_management=None pipeline_wall=6.272387 turn_observed=88.219996
[22:00:38] MEMORY turn=19 reason=agent_a_reply changed=Agent A,Agent B
[22:00:38] STEP turn=None speaker=Agent A route_valid=- route_goal=- route=-
[22:01:04] PHASE turn=20 speaker=Agent B phase=NLG duration_sec=15.284356594085693
[22:01:04] PHASE turn=20 speaker=Agent B phase=TTS duration_sec=2.862911
[22:01:04] PHASE turn=20 speaker=Agent B phase=ASR duration_sec=2.296197
[22:01:04] SYSTEM telemetry.speech
[22:01:04] SYSTEM telemetry.timing
[22:01:04] MEMORY turn=20 reason=agent_b_reply changed=Agent A,Agent B
[22:01:04] STEP turn=None speaker=Agent B route_valid=- route_goal=- route=-
[22:01:04] PHASE turn=20 speaker=Agent B phase=NLU duration_sec=0.00812
[22:01:04] SYSTEM telemetry.nlu
[22:01:04] SYSTEM candidate
[22:01:04] PHASE turn=20 speaker=Agent B phase=DM duration_sec=0.011074502021074295
[22:01:04] TIMING turn=20 speaker=Agent B generation=15.284357 synthesis=2.862911 audio=11.344 recognition=2.296197 understanding=0.00812 dialogue_management=0.011075 pipeline_wall=10.60818 turn_observed=26.647551
[22:01:04] SYSTEM metrics
[22:01:04] SYSTEM done
[22:01:04] SEGMENT batch.condition.end status=ok duration=585.066555 seconds
[22:01:04] SESSION END batch-C-MPCC-RAN-HESIT-PIP-VOS-Q05-DEFAU-SML-I0-8239d86af1-A
