=== batch-c-mpcc-fc-hesit-pip-vos-mp3m4-defau-med-i0-7ed09cfebe-t-20260711-181620.log | sha256=31103eae1b0a78f8484ca074c6bd63ad6d33e51e1a03e93a7c7a24e34f62a292 ===
[18:16:20] SESSION START batch-C-MPCC-FC-HESIT-PIP-VOS-MP3M4-DEFAU-MED-I0-7ed09cfebe-T
[18:16:20] SEGMENT batch.condition.start status=ok duration=None seconds
[18:16:20] SYSTEM timer.start
[18:16:21] PHASE turn=1 speaker=Agent A phase=NLG duration_sec=0.0
[18:16:21] PHASE turn=1 speaker=Agent A phase=TTS duration_sec=1.129916
[18:16:21] PHASE turn=1 speaker=Agent A phase=ASR duration_sec=0.054621
[18:16:21] SYSTEM telemetry.speech
[18:16:21] MEMORY turn=1 reason=opening changed=Agent A,Agent B
[18:16:21] STEP turn=None speaker=Agent A route_valid=- route_goal=- route=-
[18:16:21] SYSTEM telemetry.timing
[18:16:21] TIMING turn=1 speaker=Agent A generation=0.0 synthesis=1.129916 audio=12.423 recognition=0.054621 understanding=None dialogue_management=None pipeline_wall=1.18574 turn_observed=12.423
[18:17:48] PHASE turn=2 speaker=Agent B phase=NLG duration_sec=86.05752658843994
[18:17:48] PHASE turn=2 speaker=Agent B phase=TTS duration_sec=1.250683
[18:17:48] PHASE turn=2 speaker=Agent B phase=ASR duration_sec=0.027181
[18:17:48] SYSTEM telemetry.speech
[18:17:48] SYSTEM telemetry.timing
[18:17:48] MEMORY turn=2 reason=agent_b_reply changed=Agent A,Agent B
[18:17:48] STEP turn=None speaker=Agent B route_valid=- route_goal=- route=-
[18:17:48] PHASE turn=2 speaker=Agent B phase=NLU duration_sec=0.001701
[18:17:48] SYSTEM telemetry.nlu
[18:17:48] SYSTEM route
[18:17:48] SYSTEM candidate
[18:17:48] PHASE turn=2 speaker=Agent B phase=DM duration_sec=0.006195463007315993
[18:17:48] TIMING turn=2 speaker=Agent B generation=86.057527 synthesis=1.250683 audio=6.924 recognition=0.027181 understanding=0.001701 dialogue_management=0.006195 pipeline_wall=1.278344 turn_observed=92.989423
[18:18:36] PHASE turn=3 speaker=Agent A phase=NLG duration_sec=46.45632886886597
[18:18:36] PHASE turn=3 speaker=Agent A phase=TTS duration_sec=0.984893
[18:18:36] PHASE turn=3 speaker=Agent A phase=ASR duration_sec=0.028319
[18:18:36] SYSTEM telemetry.speech
[18:18:36] SYSTEM telemetry.timing
[18:18:36] TIMING turn=3 speaker=Agent A generation=46.456329 synthesis=0.984893 audio=6.879 recognition=0.028319 understanding=None dialogue_management=None pipeline_wall=1.013681 turn_observed=53.335329
[18:18:36] MEMORY turn=3 reason=agent_a_reply changed=Agent A,Agent B
[18:18:36] STEP turn=None speaker=Agent A route_valid=- route_goal=- route=-
[18:19:57] PHASE turn=4 speaker=Agent B phase=NLG duration_sec=78.92340111732483
[18:19:57] PHASE turn=4 speaker=Agent B phase=TTS duration_sec=2.065528
[18:19:57] PHASE turn=4 speaker=Agent B phase=ASR duration_sec=0.043287
[18:19:57] SYSTEM telemetry.speech
[18:19:57] SYSTEM telemetry.timing
[18:19:57] MEMORY turn=4 reason=agent_b_reply changed=Agent A,Agent B
[18:19:57] STEP turn=None speaker=Agent B route_valid=- route_goal=- route=-
[18:19:57] PHASE turn=4 speaker=Agent B phase=NLU duration_sec=0.006213
[18:19:57] SYSTEM telemetry.nlu
[18:19:57] SYSTEM candidate
[18:19:57] PHASE turn=4 speaker=Agent B phase=DM duration_sec=0.005297852214425802
[18:19:57] TIMING turn=4 speaker=Agent B generation=78.923401 synthesis=2.065528 audio=11.568 recognition=0.043287 understanding=0.006213 dialogue_management=0.005298 pipeline_wall=2.109417 turn_observed=90.502912
[18:20:50] PHASE turn=5 speaker=Agent A phase=NLG duration_sec=52.00039887428284
[18:20:50] PHASE turn=5 speaker=Agent A phase=TTS duration_sec=1.409211
[18:20:50] PHASE turn=5 speaker=Agent A phase=ASR duration_sec=0.042276
[18:20:50] SYSTEM telemetry.speech
[18:20:50] SYSTEM telemetry.timing
[18:20:50] TIMING turn=5 speaker=Agent A generation=52.000399 synthesis=1.409211 audio=8.699 recognition=0.042276 understanding=None dialogue_management=None pipeline_wall=1.452098 turn_observed=60.699399
[18:20:50] MEMORY turn=5 reason=agent_a_reply changed=Agent A,Agent B
[18:20:50] STEP turn=None speaker=Agent A route_valid=- route_goal=- route=-
[18:22:31] PHASE turn=6 speaker=Agent B phase=NLG duration_sec=98.76531624794006
[18:22:31] PHASE turn=6 speaker=Agent B phase=TTS duration_sec=1.655348
[18:22:31] PHASE turn=6 speaker=Agent B phase=ASR duration_sec=0.033372
[18:22:31] SYSTEM telemetry.speech
[18:22:31] SYSTEM telemetry.timing
[18:22:31] MEMORY turn=6 reason=agent_b_reply changed=Agent A,Agent B
[18:22:31] STEP turn=None speaker=Agent B route_valid=- route_goal=- route=-
[18:22:31] PHASE turn=6 speaker=Agent B phase=NLU duration_sec=0.002711
[18:22:31] SYSTEM telemetry.nlu
[18:22:31] SYSTEM candidate
[18:22:31] PHASE turn=6 speaker=Agent B phase=DM duration_sec=0.010700853075832129
[18:22:31] TIMING turn=6 speaker=Agent B generation=98.765316 synthesis=1.655348 audio=9.134 recognition=0.033372 understanding=0.002711 dialogue_management=0.010701 pipeline_wall=1.689481 turn_observed=107.912728
[18:23:30] PHASE turn=7 speaker=Agent A phase=NLG duration_sec=58.08601975440979
[18:23:30] PHASE turn=7 speaker=Agent A phase=TTS duration_sec=1.661149
[18:23:30] PHASE turn=7 speaker=Agent A phase=ASR duration_sec=0.034678
[18:23:30] SYSTEM telemetry.speech
[18:23:30] SYSTEM telemetry.timing
[18:23:30] TIMING turn=7 speaker=Agent A generation=58.08602 synthesis=1.661149 audio=8.996 recognition=0.034678 understanding=None dialogue_management=None pipeline_wall=1.696566 turn_observed=67.08202
[18:23:31] MEMORY turn=7 reason=agent_a_reply changed=Agent A,Agent B
[18:23:31] STEP turn=None speaker=Agent A route_valid=- route_goal=- route=-
[18:25:14] PHASE turn=8 speaker=Agent B phase=NLG duration_sec=101.71087789535522
[18:25:14] PHASE turn=8 speaker=Agent B phase=TTS duration_sec=1.588023
[18:25:14] PHASE turn=8 speaker=Agent B phase=ASR duration_sec=0.029053
[18:25:14] SYSTEM telemetry.speech
[18:25:14] SYSTEM telemetry.timing
[18:25:14] MEMORY turn=8 reason=agent_b_reply changed=Agent A,Agent B
[18:25:14] STEP turn=None speaker=Agent B route_valid=- route_goal=- route=-
[18:25:14] PHASE turn=8 speaker=Agent B phase=NLU duration_sec=0.001972
[18:25:14] SYSTEM telemetry.nlu
[18:25:14] SYSTEM candidate
[18:25:14] PHASE turn=8 speaker=Agent B phase=DM duration_sec=0.009193522855639458
[18:25:14] TIMING turn=8 speaker=Agent B generation=101.710878 synthesis=1.588023 audio=8.565 recognition=0.029053 understanding=0.001972 dialogue_management=0.009194 pipeline_wall=1.617592 turn_observed=110.287044
[18:26:16] PHASE turn=9 speaker=Agent A phase=NLG duration_sec=61.04981803894043
[18:26:16] PHASE turn=9 speaker=Agent A phase=TTS duration_sec=0.98243
[18:26:16] PHASE turn=9 speaker=Agent A phase=ASR duration_sec=0.020347
[18:26:16] SYSTEM telemetry.speech
[18:26:16] SYSTEM telemetry.timing
[18:26:16] TIMING turn=9 speaker=Agent A generation=61.049818 synthesis=0.98243 audio=5.281 recognition=0.020347 understanding=None dialogue_management=None pipeline_wall=1.003207 turn_observed=66.330818
[18:26:16] MEMORY turn=9 reason=agent_a_reply changed=Agent A,Agent B
[18:26:16] STEP turn=None speaker=Agent A route_valid=- route_goal=- route=-
[18:26:16] SYSTEM metrics
[18:26:16] SYSTEM done
[18:26:16] SEGMENT batch.condition.end status=ok duration=596.414063 seconds
[18:26:16] SESSION END batch-C-MPCC-FC-HESIT-PIP-VOS-MP3M4-DEFAU-MED-I0-7ed09cfebe-T
