=== batch-c-cee-dst-hesit-pip-fwh-qq515-defau-med-i0-23d423350f-t-20260714-054608.log | sha256=889d123a40a18e8d38b5cd605c1a641d330d4c831bb4f650a206e95482959401 ===
[05:46:08] SESSION START batch-C-CEE-DST-HESIT-PIP-FWH-QQ515-DEFAU-MED-I0-23d423350f-T
[05:46:08] SEGMENT batch.condition.start status=ok duration=None seconds
[05:46:08] SYSTEM timer.start
[05:46:09] PHASE turn=1 speaker=Agent A phase=NLG duration_sec=0.0
[05:46:09] PHASE turn=1 speaker=Agent A phase=TTS duration_sec=0.575198
[05:46:09] PHASE turn=1 speaker=Agent A phase=ASR duration_sec=0.027826
[05:46:09] SYSTEM telemetry.speech
[05:46:09] MEMORY turn=1 reason=opening changed=Agent A,Agent B
[05:46:09] STEP turn=None speaker=Agent A route_valid=- route_goal=- route=-
[05:46:09] SYSTEM telemetry.timing
[05:46:09] TIMING turn=1 speaker=Agent A generation=0.0 synthesis=0.575198 audio=12.423 recognition=0.027826 understanding=None dialogue_management=None pipeline_wall=0.603647 turn_observed=12.423
[05:47:14] PHASE turn=2 speaker=Agent B phase=NLG duration_sec=65.03634428977966
[05:47:14] PHASE turn=2 speaker=Agent B phase=TTS duration_sec=0.628986
[05:47:14] PHASE turn=2 speaker=Agent B phase=ASR duration_sec=0.01467
[05:47:14] SYSTEM telemetry.speech
[05:47:14] SYSTEM telemetry.timing
[05:47:15] MEMORY turn=2 reason=agent_b_reply changed=Agent A,Agent B
[05:47:15] STEP turn=None speaker=Agent B route_valid=- route_goal=- route=-
[05:47:15] PHASE turn=2 speaker=Agent B phase=NLU duration_sec=0.000668
[05:47:15] SYSTEM telemetry.nlu
[05:47:15] SYSTEM route
[05:47:15] SYSTEM candidate
[05:47:15] PHASE turn=2 speaker=Agent B phase=DM duration_sec=0.0027152278926223516
[05:47:15] TIMING turn=2 speaker=Agent B generation=65.036344 synthesis=0.628986 audio=6.924 recognition=0.01467 understanding=0.000668 dialogue_management=0.002715 pipeline_wall=0.644275 turn_observed=71.963727
[05:47:34] PHASE turn=3 speaker=Agent A phase=NLG duration_sec=19.10597586631775
[05:47:34] PHASE turn=3 speaker=Agent A phase=TTS duration_sec=0.565666
[05:47:34] PHASE turn=3 speaker=Agent A phase=ASR duration_sec=0.015816
[05:47:34] SYSTEM telemetry.speech
[05:47:34] SYSTEM telemetry.timing
[05:47:34] TIMING turn=3 speaker=Agent A generation=19.105976 synthesis=0.565666 audio=6.879 recognition=0.015816 understanding=None dialogue_management=None pipeline_wall=0.581763 turn_observed=25.984976
[05:47:34] MEMORY turn=3 reason=agent_a_reply changed=Agent A,Agent B
[05:47:34] STEP turn=None speaker=Agent A route_valid=- route_goal=- route=-
[05:48:42] PHASE turn=4 speaker=Agent B phase=NLG duration_sec=66.42785882949829
[05:48:42] PHASE turn=4 speaker=Agent B phase=TTS duration_sec=1.216439
[05:48:42] PHASE turn=4 speaker=Agent B phase=ASR duration_sec=0.04751
[05:48:42] SYSTEM telemetry.speech
[05:48:42] SYSTEM telemetry.timing
[05:48:42] MEMORY turn=4 reason=agent_b_reply changed=Agent A,Agent B
[05:48:42] STEP turn=None speaker=Agent B route_valid=- route_goal=- route=-
[05:48:42] PHASE turn=4 speaker=Agent B phase=NLU duration_sec=0.002831
[05:48:42] SYSTEM telemetry.nlu
[05:48:42] SYSTEM candidate
[05:48:42] PHASE turn=4 speaker=Agent B phase=DM duration_sec=0.002839036053046584
[05:48:42] TIMING turn=4 speaker=Agent B generation=66.427859 synthesis=1.216439 audio=12.055 recognition=0.04751 understanding=0.002831 dialogue_management=0.002839 pipeline_wall=1.26449 turn_observed=78.488529
[05:49:03] PHASE turn=5 speaker=Agent A phase=NLG duration_sec=20.80460000038147
[05:49:03] PHASE turn=5 speaker=Agent A phase=TTS duration_sec=0.536818
[05:49:03] PHASE turn=5 speaker=Agent A phase=ASR duration_sec=0.018518
[05:49:03] SYSTEM telemetry.speech
[05:49:03] SYSTEM telemetry.timing
[05:49:03] TIMING turn=5 speaker=Agent A generation=20.8046 synthesis=0.536818 audio=6.129 recognition=0.018518 understanding=None dialogue_management=None pipeline_wall=0.555626 turn_observed=26.9336
[05:49:03] MEMORY turn=5 reason=agent_a_reply changed=Agent A,Agent B
[05:49:03] STEP turn=None speaker=Agent A route_valid=- route_goal=- route=-
[05:50:16] PHASE turn=6 speaker=Agent B phase=NLG duration_sec=71.95670533180237
[05:50:16] PHASE turn=6 speaker=Agent B phase=TTS duration_sec=1.168144
[05:50:16] PHASE turn=6 speaker=Agent B phase=ASR duration_sec=0.030802
[05:50:16] SYSTEM telemetry.speech
[05:50:16] SYSTEM telemetry.timing
[05:50:16] MEMORY turn=6 reason=agent_b_reply changed=Agent A,Agent B
[05:50:16] STEP turn=None speaker=Agent B route_valid=- route_goal=- route=-
[05:50:17] PHASE turn=6 speaker=Agent B phase=NLU duration_sec=0.002912
[05:50:17] SYSTEM telemetry.nlu
[05:50:17] SYSTEM candidate
[05:50:17] PHASE turn=6 speaker=Agent B phase=DM duration_sec=0.003386890050023794
[05:50:17] TIMING turn=6 speaker=Agent B generation=71.956705 synthesis=1.168144 audio=12.957 recognition=0.030802 understanding=0.002912 dialogue_management=0.003387 pipeline_wall=1.199315 turn_observed=84.920004
[05:50:40] PHASE turn=7 speaker=Agent A phase=NLG duration_sec=22.72107243537903
[05:50:40] PHASE turn=7 speaker=Agent A phase=TTS duration_sec=0.62596
[05:50:40] PHASE turn=7 speaker=Agent A phase=ASR duration_sec=0.016337
[05:50:40] SYSTEM telemetry.speech
[05:50:40] SYSTEM telemetry.timing
[05:50:40] TIMING turn=7 speaker=Agent A generation=22.721072 synthesis=0.62596 audio=6.879 recognition=0.016337 understanding=None dialogue_management=None pipeline_wall=0.642558 turn_observed=29.600072
[05:50:40] MEMORY turn=7 reason=agent_a_reply changed=Agent A,Agent B
[05:50:40] STEP turn=None speaker=Agent A route_valid=- route_goal=- route=-
[05:51:59] PHASE turn=8 speaker=Agent B phase=NLG duration_sec=77.96357560157776
[05:51:59] PHASE turn=8 speaker=Agent B phase=TTS duration_sec=1.20989
[05:51:59] PHASE turn=8 speaker=Agent B phase=ASR duration_sec=0.024418
[05:51:59] SYSTEM telemetry.speech
[05:51:59] SYSTEM telemetry.timing
[05:51:59] MEMORY turn=8 reason=agent_b_reply changed=Agent A,Agent B
[05:51:59] STEP turn=None speaker=Agent B route_valid=- route_goal=- route=-
[05:51:59] PHASE turn=8 speaker=Agent B phase=NLU duration_sec=0.002882
[05:51:59] SYSTEM telemetry.nlu
[05:51:59] SYSTEM candidate
[05:51:59] PHASE turn=8 speaker=Agent B phase=DM duration_sec=0.004383118124678731
[05:51:59] TIMING turn=8 speaker=Agent B generation=77.963576 synthesis=1.20989 audio=13.209 recognition=0.024418 understanding=0.002882 dialogue_management=0.004383 pipeline_wall=1.23466 turn_observed=91.179841
[05:52:24] PHASE turn=9 speaker=Agent A phase=NLG duration_sec=24.73924493789673
[05:52:24] PHASE turn=9 speaker=Agent A phase=TTS duration_sec=0.492474
[05:52:24] PHASE turn=9 speaker=Agent A phase=ASR duration_sec=0.01186
[05:52:24] SYSTEM telemetry.speech
[05:52:24] SYSTEM telemetry.timing
[05:52:24] TIMING turn=9 speaker=Agent A generation=24.739245 synthesis=0.492474 audio=5.281 recognition=0.01186 understanding=None dialogue_management=None pipeline_wall=0.504651 turn_observed=30.020245
[05:52:24] MEMORY turn=9 reason=agent_a_reply changed=Agent A,Agent B
[05:52:24] STEP turn=None speaker=Agent A route_valid=- route_goal=- route=-
[05:52:24] SYSTEM metrics
[05:52:24] SYSTEM done
[05:52:24] SEGMENT batch.condition.end status=ok duration=376.164846 seconds
[05:52:24] SESSION END batch-C-CEE-DST-HESIT-PIP-FWH-QQ515-DEFAU-MED-I0-23d423350f-T
