=== batch-c-le-mser-clean-pip-fwh-qq57i-pad-lrg-i0-8d756dccdb-a-20260713-115632.log | sha256=84b87aa1463c29d1b661c0cffabfcba20c82f37ebe3af74dd7924592dda6ded7 ===
[11:56:32] SESSION START batch-C-LE-MSER-CLEAN-PIP-FWH-QQ57I-PAD-LRG-I0-8d756dccdb-A
[11:56:32] SEGMENT batch.condition.start status=ok duration=None seconds
[11:56:32] SYSTEM timer.start
[11:56:45] PHASE turn=1 speaker=Agent A phase=NLG duration_sec=0.0
[11:56:45] PHASE turn=1 speaker=Agent A phase=TTS duration_sec=8.104768
[11:56:45] PHASE turn=1 speaker=Agent A phase=ASR duration_sec=5.440406
[11:56:45] SYSTEM telemetry.speech
[11:56:45] MEMORY turn=1 reason=opening changed=Agent A,Agent B
[11:56:45] STEP turn=None speaker=Agent A route_valid=- route_goal=- route=-
[11:56:45] SYSTEM telemetry.timing
[11:56:45] TIMING turn=1 speaker=Agent A generation=0.0 synthesis=8.104768 audio=11.917 recognition=5.440406 understanding=None dialogue_management=None pipeline_wall=13.546283 turn_observed=13.546354
[11:58:36] PHASE turn=2 speaker=Agent B phase=NLG duration_sec=102.83048224449158
[11:58:36] PHASE turn=2 speaker=Agent B phase=TTS duration_sec=4.884018
[11:58:36] PHASE turn=2 speaker=Agent B phase=ASR duration_sec=3.47383
[11:58:36] SYSTEM telemetry.speech
[11:58:36] SYSTEM telemetry.timing
[11:58:36] MEMORY turn=2 reason=agent_b_reply changed=Agent A,Agent B
[11:58:36] STEP turn=None speaker=Agent B route_valid=- route_goal=- route=-
[11:58:36] PHASE turn=2 speaker=Agent B phase=NLU duration_sec=0.002429
[11:58:36] SYSTEM telemetry.nlu
[11:58:36] SYSTEM route
[11:58:36] SYSTEM candidate
[11:58:36] PHASE turn=2 speaker=Agent B phase=DM duration_sec=0.004727046005427837
[11:58:36] TIMING turn=2 speaker=Agent B generation=102.830482 synthesis=4.884018 audio=9.03 recognition=3.47383 understanding=0.002429 dialogue_management=0.004727 pipeline_wall=8.358247 turn_observed=111.867638
[11:59:26] PHASE turn=3 speaker=Agent A phase=NLG duration_sec=42.46544289588928
[11:59:26] PHASE turn=3 speaker=Agent A phase=TTS duration_sec=4.812823
[11:59:26] PHASE turn=3 speaker=Agent A phase=ASR duration_sec=2.668645
[11:59:26] SYSTEM telemetry.speech
[11:59:26] SYSTEM telemetry.timing
[11:59:26] TIMING turn=3 speaker=Agent A generation=42.465443 synthesis=4.812823 audio=6.143 recognition=2.668645 understanding=None dialogue_management=None pipeline_wall=7.481975 turn_observed=49.947501
[11:59:26] MEMORY turn=3 reason=agent_a_reply changed=Agent A,Agent B
[11:59:26] STEP turn=None speaker=Agent A route_valid=- route_goal=- route=-
[12:01:29] PHASE turn=4 speaker=Agent B phase=NLG duration_sec=112.97752141952515
[12:01:29] PHASE turn=4 speaker=Agent B phase=TTS duration_sec=6.125743
[12:01:29] PHASE turn=4 speaker=Agent B phase=ASR duration_sec=3.490836
[12:01:29] SYSTEM telemetry.speech
[12:01:29] SYSTEM telemetry.timing
[12:01:29] MEMORY turn=4 reason=agent_b_reply changed=Agent A,Agent B
[12:01:29] STEP turn=None speaker=Agent B route_valid=- route_goal=- route=-
[12:01:29] PHASE turn=4 speaker=Agent B phase=NLU duration_sec=0.002341
[12:01:29] SYSTEM telemetry.nlu
[12:01:29] SYSTEM candidate
[12:01:29] PHASE turn=4 speaker=Agent B phase=DM duration_sec=0.003650836180895567
[12:01:29] TIMING turn=4 speaker=Agent B generation=112.977521 synthesis=6.125743 audio=11.566 recognition=3.490836 understanding=0.002341 dialogue_management=0.003651 pipeline_wall=9.616911 turn_observed=124.549513
[12:02:19] PHASE turn=5 speaker=Agent A phase=NLG duration_sec=44.42518329620361
[12:02:19] PHASE turn=5 speaker=Agent A phase=TTS duration_sec=2.532393
[12:02:19] PHASE turn=5 speaker=Agent A phase=ASR duration_sec=2.647366
[12:02:19] SYSTEM telemetry.speech
[12:02:19] SYSTEM telemetry.timing
[12:02:19] TIMING turn=5 speaker=Agent A generation=44.425183 synthesis=2.532393 audio=6.597 recognition=2.647366 understanding=None dialogue_management=None pipeline_wall=5.180198 turn_observed=51.022183
[12:02:19] MEMORY turn=5 reason=agent_a_reply changed=Agent A,Agent B
[12:02:19] STEP turn=None speaker=Agent A route_valid=- route_goal=- route=-
[12:04:31] PHASE turn=6 speaker=Agent B phase=NLG duration_sec=122.60015940666199
[12:04:31] PHASE turn=6 speaker=Agent B phase=TTS duration_sec=5.288932
[12:04:31] PHASE turn=6 speaker=Agent B phase=ASR duration_sec=4.041664
[12:04:31] SYSTEM telemetry.speech
[12:04:31] SYSTEM telemetry.timing
[12:04:31] MEMORY turn=6 reason=agent_b_reply changed=Agent A,Agent B
[12:04:31] STEP turn=None speaker=Agent B route_valid=- route_goal=- route=-
[12:04:31] PHASE turn=6 speaker=Agent B phase=NLU duration_sec=0.002443
[12:04:31] SYSTEM telemetry.nlu
[12:04:31] SYSTEM candidate
[12:04:31] PHASE turn=6 speaker=Agent B phase=DM duration_sec=0.005974234081804752
[12:04:31] TIMING turn=6 speaker=Agent B generation=122.600159 synthesis=5.288932 audio=14.461 recognition=4.041664 understanding=0.002443 dialogue_management=0.005974 pipeline_wall=9.330973 turn_observed=137.069577
[12:05:24] PHASE turn=7 speaker=Agent A phase=NLG duration_sec=47.99526381492615
[12:05:24] PHASE turn=7 speaker=Agent A phase=TTS duration_sec=2.55696
[12:05:24] PHASE turn=7 speaker=Agent A phase=ASR duration_sec=2.682069
[12:05:24] SYSTEM telemetry.speech
[12:05:24] SYSTEM telemetry.timing
[12:05:24] TIMING turn=7 speaker=Agent A generation=47.995264 synthesis=2.55696 audio=6.597 recognition=2.682069 understanding=None dialogue_management=None pipeline_wall=5.239508 turn_observed=54.592264
[12:05:24] MEMORY turn=7 reason=agent_a_reply changed=Agent A,Agent B
[12:05:24] STEP turn=None speaker=Agent A route_valid=- route_goal=- route=-
[12:07:43] PHASE turn=8 speaker=Agent B phase=NLG duration_sec=128.53660988807678
[12:07:43] PHASE turn=8 speaker=Agent B phase=TTS duration_sec=6.856263
[12:07:43] PHASE turn=8 speaker=Agent B phase=ASR duration_sec=4.193169
[12:07:43] SYSTEM telemetry.speech
[12:07:43] SYSTEM telemetry.timing
[12:07:43] MEMORY turn=8 reason=agent_b_reply changed=Agent A,Agent B
[12:07:43] STEP turn=None speaker=Agent B route_valid=- route_goal=- route=-
[12:07:43] PHASE turn=8 speaker=Agent B phase=NLU duration_sec=0.004316
[12:07:43] SYSTEM telemetry.nlu
[12:07:43] SYSTEM candidate
[12:07:43] PHASE turn=8 speaker=Agent B phase=DM duration_sec=0.005373009014874697
[12:07:43] TIMING turn=8 speaker=Agent B generation=128.53661 synthesis=6.856263 audio=14.461 recognition=4.193169 understanding=0.004316 dialogue_management=0.005373 pipeline_wall=11.049817 turn_observed=143.007299
[12:08:42] PHASE turn=9 speaker=Agent A phase=NLG duration_sec=53.2070848941803
[12:08:42] PHASE turn=9 speaker=Agent A phase=TTS duration_sec=3.065656
[12:08:42] PHASE turn=9 speaker=Agent A phase=ASR duration_sec=2.701587
[12:08:42] SYSTEM telemetry.speech
[12:08:42] SYSTEM telemetry.timing
[12:08:42] TIMING turn=9 speaker=Agent A generation=53.207085 synthesis=3.065656 audio=5.361 recognition=2.701587 understanding=None dialogue_management=None pipeline_wall=5.767767 turn_observed=58.974941
[12:08:42] MEMORY turn=9 reason=agent_a_reply changed=Agent A,Agent B
[12:08:42] STEP turn=None speaker=Agent A route_valid=- route_goal=- route=-
[12:08:42] SYSTEM metrics
[12:08:42] SYSTEM done
[12:08:42] SEGMENT batch.condition.end status=ok duration=730.813945 seconds
[12:08:42] SESSION END batch-C-LE-MSER-CLEAN-PIP-FWH-QQ57I-PAD-LRG-I0-8d756dccdb-A
