=== batch-c-mpcc-ran-clean-pip-vos-qq515-defau-med-i0-1d402080af-t-20260714-093808.log | sha256=d137bd5a0e2d6ac40f96117e50cede9224348cfcf6dc54eee92a6f070ed220d0 ===
[09:38:08] SESSION START batch-C-MPCC-RAN-CLEAN-PIP-VOS-QQ515-DEFAU-MED-I0-1d402080af-T
[09:38:08] SEGMENT batch.condition.start status=ok duration=None seconds
[09:38:08] SYSTEM timer.start
[09:38:08] PHASE turn=1 speaker=Agent A phase=NLG duration_sec=0.0
[09:38:08] PHASE turn=1 speaker=Agent A phase=TTS duration_sec=0.52521
[09:38:08] PHASE turn=1 speaker=Agent A phase=ASR duration_sec=0.025806
[09:38:08] SYSTEM telemetry.speech
[09:38:08] MEMORY turn=1 reason=opening changed=Agent A,Agent B
[09:38:08] STEP turn=None speaker=Agent A route_valid=- route_goal=- route=-
[09:38:08] SYSTEM telemetry.timing
[09:38:08] TIMING turn=1 speaker=Agent A generation=0.0 synthesis=0.52521 audio=11.463 recognition=0.025806 understanding=None dialogue_management=None pipeline_wall=0.551558 turn_observed=11.463
[09:39:12] PHASE turn=2 speaker=Agent B phase=NLG duration_sec=62.802325963974
[09:39:12] PHASE turn=2 speaker=Agent B phase=TTS duration_sec=0.818931
[09:39:12] PHASE turn=2 speaker=Agent B phase=ASR duration_sec=0.015587
[09:39:12] SYSTEM telemetry.speech
[09:39:12] SYSTEM telemetry.timing
[09:39:12] MEMORY turn=2 reason=agent_b_reply changed=Agent A,Agent B
[09:39:12] STEP turn=None speaker=Agent B route_valid=- route_goal=- route=-
[09:39:12] PHASE turn=2 speaker=Agent B phase=NLU duration_sec=0.000884
[09:39:12] SYSTEM telemetry.nlu
[09:39:12] SYSTEM route
[09:39:12] SYSTEM candidate
[09:39:12] PHASE turn=2 speaker=Agent B phase=DM duration_sec=0.0028005139902234077
[09:39:12] TIMING turn=2 speaker=Agent B generation=62.802326 synthesis=0.818931 audio=9.03 recognition=0.015587 understanding=0.000884 dialogue_management=0.002801 pipeline_wall=0.834881 turn_observed=71.83601
[09:39:32] PHASE turn=3 speaker=Agent A phase=NLG duration_sec=19.95707607269287
[09:39:32] PHASE turn=3 speaker=Agent A phase=TTS duration_sec=0.649598
[09:39:32] PHASE turn=3 speaker=Agent A phase=ASR duration_sec=0.016443
[09:39:32] SYSTEM telemetry.speech
[09:39:32] SYSTEM telemetry.timing
[09:39:32] TIMING turn=3 speaker=Agent A generation=19.957076 synthesis=0.649598 audio=7.961 recognition=0.016443 understanding=None dialogue_management=None pipeline_wall=0.666399 turn_observed=27.918076
[09:39:32] MEMORY turn=3 reason=agent_a_reply changed=Agent A,Agent B
[09:39:32] STEP turn=None speaker=Agent A route_valid=- route_goal=- route=-
[09:40:38] PHASE turn=4 speaker=Agent B phase=NLG duration_sec=64.84758448600769
[09:40:38] PHASE turn=4 speaker=Agent B phase=TTS duration_sec=1.089215
[09:40:38] PHASE turn=4 speaker=Agent B phase=ASR duration_sec=0.01708
[09:40:38] SYSTEM telemetry.speech
[09:40:38] SYSTEM telemetry.timing
[09:40:38] MEMORY turn=4 reason=agent_b_reply changed=Agent A,Agent B
[09:40:38] STEP turn=None speaker=Agent B route_valid=- route_goal=- route=-
[09:40:38] PHASE turn=4 speaker=Agent B phase=NLU duration_sec=0.002292
[09:40:38] SYSTEM telemetry.nlu
[09:40:38] SYSTEM candidate
[09:40:38] PHASE turn=4 speaker=Agent B phase=DM duration_sec=0.002272198908030987
[09:40:38] TIMING turn=4 speaker=Agent B generation=64.847584 synthesis=1.089215 audio=11.925 recognition=0.01708 understanding=0.002292 dialogue_management=0.002272 pipeline_wall=1.106657 turn_observed=76.777149
[09:41:00] PHASE turn=5 speaker=Agent A phase=NLG duration_sec=21.273609399795532
[09:41:00] PHASE turn=5 speaker=Agent A phase=TTS duration_sec=0.600468
[09:41:00] PHASE turn=5 speaker=Agent A phase=ASR duration_sec=0.017845
[09:41:00] SYSTEM telemetry.speech
[09:41:00] SYSTEM telemetry.timing
[09:41:00] TIMING turn=5 speaker=Agent A generation=21.273609 synthesis=0.600468 audio=6.597 recognition=0.017845 understanding=None dialogue_management=None pipeline_wall=0.618569 turn_observed=27.870609
[09:41:00] MEMORY turn=5 reason=agent_a_reply changed=Agent A,Agent B
[09:41:00] STEP turn=None speaker=Agent A route_valid=- route_goal=- route=-
[09:42:12] PHASE turn=6 speaker=Agent B phase=NLG duration_sec=70.70654702186584
[09:42:12] PHASE turn=6 speaker=Agent B phase=TTS duration_sec=1.30136
[09:42:12] PHASE turn=6 speaker=Agent B phase=ASR duration_sec=0.023836
[09:42:12] SYSTEM telemetry.speech
[09:42:12] SYSTEM telemetry.timing
[09:42:12] MEMORY turn=6 reason=agent_b_reply changed=Agent A,Agent B
[09:42:12] STEP turn=None speaker=Agent B route_valid=- route_goal=- route=-
[09:42:12] PHASE turn=6 speaker=Agent B phase=NLU duration_sec=0.001281
[09:42:12] SYSTEM telemetry.nlu
[09:42:12] SYSTEM candidate
[09:42:12] PHASE turn=6 speaker=Agent B phase=DM duration_sec=0.006543199997395277
[09:42:12] TIMING turn=6 speaker=Agent B generation=70.706547 synthesis=1.30136 audio=14.019 recognition=0.023836 understanding=0.001281 dialogue_management=0.006543 pipeline_wall=1.325564 turn_observed=84.733371
[09:42:13] PHASE turn=7 speaker=Agent A phase=NLG duration_sec=0.0016601085662841797
[09:42:13] PHASE turn=7 speaker=Agent A phase=TTS duration_sec=0.348019
[09:42:13] PHASE turn=7 speaker=Agent A phase=ASR duration_sec=0.007057
[09:42:13] SYSTEM telemetry.speech
[09:42:13] SYSTEM telemetry.timing
[09:42:13] TIMING turn=7 speaker=Agent A generation=0.00166 synthesis=0.348019 audio=3.87 recognition=0.007057 understanding=None dialogue_management=None pipeline_wall=0.355245 turn_observed=3.87166
[09:42:13] MEMORY turn=7 reason=agent_a_reply changed=Agent A,Agent B
[09:42:13] STEP turn=None speaker=Agent A route_valid=- route_goal=- route=-
[09:42:13] PHASE turn=8 speaker=Agent B phase=NLG duration_sec=0.1786632537841797
[09:42:13] PHASE turn=8 speaker=Agent B phase=TTS duration_sec=0.216701
[09:42:13] PHASE turn=8 speaker=Agent B phase=ASR duration_sec=0.003732
[09:42:13] SYSTEM telemetry.speech
[09:42:13] SYSTEM telemetry.timing
[09:42:13] MEMORY turn=8 reason=agent_b_reply changed=Agent A,Agent B
[09:42:13] STEP turn=None speaker=Agent B route_valid=- route_goal=- route=-
[09:42:13] PHASE turn=8 speaker=Agent B phase=NLU duration_sec=5e-06
[09:42:13] PHASE turn=8 speaker=Agent B phase=DM duration_sec=5.939905531704426e-05
[09:42:13] TIMING turn=8 speaker=Agent B generation=0.178663 synthesis=0.216701 audio=2.276 recognition=0.003732 understanding=5e-06 dialogue_management=5.9e-05 pipeline_wall=0.220595 turn_observed=2.454728
[09:42:37] PHASE turn=9 speaker=Agent A phase=NLG duration_sec=23.068811178207397
[09:42:37] PHASE turn=9 speaker=Agent A phase=TTS duration_sec=0.596084
[09:42:37] PHASE turn=9 speaker=Agent A phase=ASR duration_sec=0.016616
[09:42:37] SYSTEM telemetry.speech
[09:42:37] SYSTEM telemetry.timing
[09:42:37] TIMING turn=9 speaker=Agent A generation=23.068811 synthesis=0.596084 audio=6.597 recognition=0.016616 understanding=None dialogue_management=None pipeline_wall=0.61297 turn_observed=29.665811
[09:42:37] MEMORY turn=9 reason=agent_a_reply changed=Agent A,Agent B
[09:42:37] STEP turn=None speaker=Agent A route_valid=- route_goal=- route=-
[09:43:54] PHASE turn=10 speaker=Agent B phase=NLG duration_sec=75.6519341468811
[09:43:54] PHASE turn=10 speaker=Agent B phase=TTS duration_sec=1.070562
[09:43:54] PHASE turn=10 speaker=Agent B phase=ASR duration_sec=0.018647
[09:43:54] SYSTEM telemetry.speech
[09:43:54] SYSTEM telemetry.timing
[09:43:54] MEMORY turn=10 reason=agent_b_reply changed=Agent A,Agent B
[09:43:54] STEP turn=None speaker=Agent B route_valid=- route_goal=- route=-
[09:43:54] PHASE turn=10 speaker=Agent B phase=NLU duration_sec=0.003295
[09:43:54] SYSTEM telemetry.nlu
[09:43:54] SYSTEM candidate
[09:43:54] PHASE turn=10 speaker=Agent B phase=DM duration_sec=0.004345869878306985
[09:43:54] TIMING turn=10 speaker=Agent B generation=75.651934 synthesis=1.070562 audio=11.566 recognition=0.018647 understanding=0.003295 dialogue_management=0.004346 pipeline_wall=1.089663 turn_observed=87.225575
[09:44:20] PHASE turn=11 speaker=Agent A phase=NLG duration_sec=25.52495574951172
[09:44:20] PHASE turn=11 speaker=Agent A phase=TTS duration_sec=0.490745
[09:44:20] PHASE turn=11 speaker=Agent A phase=ASR duration_sec=0.012612
[09:44:20] SYSTEM telemetry.speech
[09:44:20] SYSTEM telemetry.timing
[09:44:20] TIMING turn=11 speaker=Agent A generation=25.524956 synthesis=0.490745 audio=5.361 recognition=0.012612 understanding=None dialogue_management=None pipeline_wall=0.503698 turn_observed=30.885956
[09:44:20] MEMORY turn=11 reason=agent_a_reply changed=Agent A,Agent B
[09:44:20] STEP turn=None speaker=Agent A route_valid=- route_goal=- route=-
[09:44:20] SYSTEM metrics
[09:44:20] SYSTEM done
[09:44:20] SEGMENT batch.condition.end status=ok duration=372.087188 seconds
[09:44:20] SESSION END batch-C-MPCC-RAN-CLEAN-PIP-VOS-QQ515-DEFAU-MED-I0-1d402080af-T
