=== batch-c-mt-ran-sc-pip-vos-q05-defau-sml-i0-c60b89701d-t-20260710-195716.log | sha256=de9ddb0c91ac8e1056c1cffcca328cd8fa051c7e7597d7f829599f164775f943 ===
[19:57:16] SESSION START batch-C-MT-RAN-SC-PIP-VOS-Q05-DEFAU-SML-I0-c60b89701d-T
[19:57:16] SEGMENT batch.condition.start status=ok duration=None seconds
[19:57:16] SYSTEM timer.start
[19:57:17] PHASE turn=1 speaker=Agent A phase=NLG duration_sec=0.0
[19:57:17] PHASE turn=1 speaker=Agent A phase=TTS duration_sec=0.820973
[19:57:17] PHASE turn=1 speaker=Agent A phase=ASR duration_sec=0.005818
[19:57:17] SYSTEM telemetry.speech
[19:57:17] MEMORY turn=1 reason=opening changed=Agent A,Agent B
[19:57:17] STEP turn=None speaker=Agent A route_valid=- route_goal=- route=-
[19:57:17] SYSTEM telemetry.timing
[19:57:17] TIMING turn=1 speaker=Agent A generation=0.0 synthesis=0.820973 audio=10.0 recognition=0.005818 understanding=None dialogue_management=None pipeline_wall=0.827858 turn_observed=10.0
[19:57:33] PHASE turn=2 speaker=Agent B phase=NLG duration_sec=14.923466682434082
[19:57:33] PHASE turn=2 speaker=Agent B phase=TTS duration_sec=1.053184
[19:57:33] PHASE turn=2 speaker=Agent B phase=ASR duration_sec=0.007749
[19:57:33] SYSTEM telemetry.speech
[19:57:33] SYSTEM telemetry.timing
[19:57:33] MEMORY turn=2 reason=agent_b_reply changed=Agent A,Agent B
[19:57:33] STEP turn=None speaker=Agent B route_valid=- route_goal=- route=-
[19:57:33] PHASE turn=2 speaker=Agent B phase=NLU duration_sec=0.006538
[19:57:33] SYSTEM telemetry.nlu
[19:57:33] SYSTEM route
[19:57:33] SYSTEM candidate
[19:57:33] PHASE turn=2 speaker=Agent B phase=DM duration_sec=0.0061062779277563095
[19:57:33] TIMING turn=2 speaker=Agent B generation=14.923467 synthesis=1.053184 audio=6.096 recognition=0.007749 understanding=0.006538 dialogue_management=0.006106 pipeline_wall=1.061347 turn_observed=21.032111
[19:59:26] PHASE turn=3 speaker=Agent A phase=NLG duration_sec=111.6080367565155
[19:59:26] PHASE turn=3 speaker=Agent A phase=TTS duration_sec=1.639595
[19:59:26] PHASE turn=3 speaker=Agent A phase=ASR duration_sec=0.007214
[19:59:26] SYSTEM telemetry.speech
[19:59:26] SYSTEM telemetry.timing
[19:59:26] TIMING turn=3 speaker=Agent A generation=111.608037 synthesis=1.639595 audio=8.176 recognition=0.007214 understanding=None dialogue_management=None pipeline_wall=1.647896 turn_observed=119.784037
[19:59:26] MEMORY turn=3 reason=agent_a_reply changed=Agent A,Agent B
[19:59:26] STEP turn=None speaker=Agent A route_valid=- route_goal=- route=-
[19:59:49] PHASE turn=4 speaker=Agent B phase=NLG duration_sec=20.956883192062378
[19:59:49] PHASE turn=4 speaker=Agent B phase=TTS duration_sec=1.765301
[19:59:49] PHASE turn=4 speaker=Agent B phase=ASR duration_sec=0.006764
[19:59:49] SYSTEM telemetry.speech
[19:59:49] SYSTEM telemetry.timing
[19:59:49] MEMORY turn=4 reason=agent_b_reply changed=Agent A,Agent B
[19:59:49] STEP turn=None speaker=Agent B route_valid=- route_goal=- route=-
[19:59:49] PHASE turn=4 speaker=Agent B phase=NLU duration_sec=0.013285
[19:59:49] SYSTEM telemetry.nlu
[19:59:49] SYSTEM route
[19:59:49] SYSTEM candidate
[19:59:49] PHASE turn=4 speaker=Agent B phase=DM duration_sec=0.0066569800255820155
[19:59:49] TIMING turn=4 speaker=Agent B generation=20.956883 synthesis=1.765301 audio=10.0 recognition=0.006764 understanding=0.013285 dialogue_management=0.006657 pipeline_wall=1.772617 turn_observed=30.976825
[20:01:04] PHASE turn=5 speaker=Agent A phase=NLG duration_sec=74.12147784233093
[20:01:04] PHASE turn=5 speaker=Agent A phase=TTS duration_sec=1.234131
[20:01:04] PHASE turn=5 speaker=Agent A phase=ASR duration_sec=0.005851
[20:01:04] SYSTEM telemetry.speech
[20:01:04] SYSTEM telemetry.timing
[20:01:04] TIMING turn=5 speaker=Agent A generation=74.121478 synthesis=1.234131 audio=6.092 recognition=0.005851 understanding=None dialogue_management=None pipeline_wall=1.241305 turn_observed=80.213478
[20:01:04] MEMORY turn=5 reason=agent_a_reply changed=Agent A,Agent B
[20:01:04] STEP turn=None speaker=Agent A route_valid=- route_goal=- route=-
[20:01:21] PHASE turn=6 speaker=Agent B phase=NLG duration_sec=15.313117980957031
[20:01:21] PHASE turn=6 speaker=Agent B phase=TTS duration_sec=1.89872
[20:01:21] PHASE turn=6 speaker=Agent B phase=ASR duration_sec=0.013344
[20:01:21] SYSTEM telemetry.speech
[20:01:21] SYSTEM telemetry.timing
[20:01:21] MEMORY turn=6 reason=agent_b_reply changed=Agent A,Agent B
[20:01:21] STEP turn=None speaker=Agent B route_valid=- route_goal=- route=-
[20:01:21] PHASE turn=6 speaker=Agent B phase=NLU duration_sec=0.015153
[20:01:21] SYSTEM telemetry.nlu
[20:01:21] SYSTEM candidate
[20:01:21] PHASE turn=6 speaker=Agent B phase=DM duration_sec=0.007829028996638954
[20:01:21] TIMING turn=6 speaker=Agent B generation=15.313118 synthesis=1.89872 audio=9.356 recognition=0.013344 understanding=0.015153 dialogue_management=0.007829 pipeline_wall=1.912901 turn_observed=24.6921
[20:02:42] PHASE turn=7 speaker=Agent A phase=NLG duration_sec=79.49521517753601
[20:02:42] PHASE turn=7 speaker=Agent A phase=TTS duration_sec=1.616079
[20:02:42] PHASE turn=7 speaker=Agent A phase=ASR duration_sec=0.012651
[20:02:42] SYSTEM telemetry.speech
[20:02:42] SYSTEM telemetry.timing
[20:02:42] TIMING turn=7 speaker=Agent A generation=79.495215 synthesis=1.616079 audio=7.758 recognition=0.012651 understanding=None dialogue_management=None pipeline_wall=1.629505 turn_observed=87.253215
[20:02:43] MEMORY turn=7 reason=agent_a_reply changed=Agent A,Agent B
[20:02:43] STEP turn=None speaker=Agent A route_valid=- route_goal=- route=-
[20:03:00] PHASE turn=8 speaker=Agent B phase=NLG duration_sec=15.251696348190308
[20:03:00] PHASE turn=8 speaker=Agent B phase=TTS duration_sec=1.968626
[20:03:00] PHASE turn=8 speaker=Agent B phase=ASR duration_sec=0.006997
[20:03:00] SYSTEM telemetry.speech
[20:03:00] SYSTEM telemetry.timing
[20:03:00] MEMORY turn=8 reason=agent_b_reply changed=Agent A,Agent B
[20:03:00] STEP turn=None speaker=Agent B route_valid=- route_goal=- route=-
[20:03:00] PHASE turn=8 speaker=Agent B phase=NLU duration_sec=0.012685
[20:03:00] SYSTEM telemetry.nlu
[20:03:00] SYSTEM warning
[20:03:00] SYSTEM candidate
[20:03:00] PHASE turn=8 speaker=Agent B phase=DM duration_sec=0.0045601860620081425
[20:03:00] TIMING turn=8 speaker=Agent B generation=15.251696 synthesis=1.968626 audio=10.0 recognition=0.006997 understanding=0.012685 dialogue_management=0.00456 pipeline_wall=1.976408 turn_observed=25.268941
[20:04:26] PHASE turn=9 speaker=Agent A phase=NLG duration_sec=84.21200275421143
[20:04:26] PHASE turn=9 speaker=Agent A phase=TTS duration_sec=1.562497
[20:04:26] PHASE turn=9 speaker=Agent A phase=ASR duration_sec=0.008485
[20:04:26] SYSTEM telemetry.speech
[20:04:26] SYSTEM telemetry.timing
[20:04:26] TIMING turn=9 speaker=Agent A generation=84.212003 synthesis=1.562497 audio=7.788 recognition=0.008485 understanding=None dialogue_management=None pipeline_wall=1.57193 turn_observed=92.000003
[20:04:26] MEMORY turn=9 reason=agent_a_reply changed=Agent A,Agent B
[20:04:26] STEP turn=None speaker=Agent A route_valid=- route_goal=- route=-
[20:04:42] PHASE turn=10 speaker=Agent B phase=NLG duration_sec=15.435333251953125
[20:04:42] PHASE turn=10 speaker=Agent B phase=TTS duration_sec=1.267507
[20:04:42] PHASE turn=10 speaker=Agent B phase=ASR duration_sec=0.004662
[20:04:42] SYSTEM telemetry.speech
[20:04:42] SYSTEM telemetry.timing
[20:04:42] MEMORY turn=10 reason=agent_b_reply changed=Agent A,Agent B
[20:04:42] STEP turn=None speaker=Agent B route_valid=- route_goal=- route=-
[20:04:42] PHASE turn=10 speaker=Agent B phase=NLU duration_sec=0.011415
[20:04:42] SYSTEM telemetry.nlu
[20:04:42] SYSTEM warning
[20:04:42] SYSTEM candidate
[20:04:42] PHASE turn=10 speaker=Agent B phase=DM duration_sec=0.0034930460387840867
[20:04:42] TIMING turn=10 speaker=Agent B generation=15.435333 synthesis=1.267507 audio=6.749 recognition=0.004662 understanding=0.011415 dialogue_management=0.003493 pipeline_wall=1.272767 turn_observed=22.199241
[20:06:08] PHASE turn=11 speaker=Agent A phase=NLG duration_sec=84.96062016487122
[20:06:08] PHASE turn=11 speaker=Agent A phase=TTS duration_sec=0.987044
[20:06:08] PHASE turn=11 speaker=Agent A phase=ASR duration_sec=0.006731
[20:06:08] SYSTEM telemetry.speech
[20:06:08] SYSTEM telemetry.timing
[20:06:08] TIMING turn=11 speaker=Agent A generation=84.96062 synthesis=0.987044 audio=5.924 recognition=0.006731 understanding=None dialogue_management=None pipeline_wall=0.994396 turn_observed=90.88462
[20:06:08] MEMORY turn=11 reason=agent_a_reply changed=Agent A,Agent B
[20:06:08] STEP turn=None speaker=Agent A route_valid=- route_goal=- route=-
[20:06:08] SYSTEM metrics
[20:06:08] SYSTEM done
[20:06:08] SEGMENT batch.condition.end status=ok duration=532.65333 seconds
[20:06:08] SESSION END batch-C-MT-RAN-SC-PIP-VOS-Q05-DEFAU-SML-I0-c60b89701d-T
