=== batch-c-mpcc-fc-clean-pip-vos-mp3m4-defau-med-i0-d794cc44ac-t-20260714-030406.log | sha256=68f8080bf886689f2f39fda1420ff6f6acf7083a0ec21d8bca06d27bd9e572cc ===
[03:04:06] SESSION START batch-C-MPCC-FC-CLEAN-PIP-VOS-MP3M4-DEFAU-MED-I0-d794cc44ac-T
[03:04:06] SEGMENT batch.condition.start status=ok duration=None seconds
[03:04:06] SYSTEM timer.start
[03:04:10] PHASE turn=1 speaker=Agent A phase=NLG duration_sec=0.0
[03:04:10] PHASE turn=1 speaker=Agent A phase=TTS duration_sec=3.795405
[03:04:10] PHASE turn=1 speaker=Agent A phase=ASR duration_sec=0.20254
[03:04:10] SYSTEM telemetry.speech
[03:04:10] MEMORY turn=1 reason=opening changed=Agent A,Agent B
[03:04:10] STEP turn=None speaker=Agent A route_valid=- route_goal=- route=-
[03:04:10] SYSTEM telemetry.timing
[03:04:10] TIMING turn=1 speaker=Agent A generation=0.0 synthesis=3.795405 audio=11.463 recognition=0.20254 understanding=None dialogue_management=None pipeline_wall=4.000828 turn_observed=11.463
[03:08:44] PHASE turn=2 speaker=Agent B phase=NLG duration_sec=270.7497615814209
[03:08:44] PHASE turn=2 speaker=Agent B phase=TTS duration_sec=3.616954
[03:08:44] PHASE turn=2 speaker=Agent B phase=ASR duration_sec=0.126119
[03:08:44] SYSTEM telemetry.speech
[03:08:44] SYSTEM telemetry.timing
[03:08:45] MEMORY turn=2 reason=agent_b_reply changed=Agent A,Agent B
[03:08:45] STEP turn=None speaker=Agent B route_valid=- route_goal=- route=-
[03:08:45] PHASE turn=2 speaker=Agent B phase=NLU duration_sec=0.013641
[03:08:45] SYSTEM telemetry.nlu
[03:08:45] SYSTEM route
[03:08:45] SYSTEM candidate
[03:08:45] PHASE turn=2 speaker=Agent B phase=DM duration_sec=0.02311075199395418
[03:08:45] TIMING turn=2 speaker=Agent B generation=270.749762 synthesis=3.616954 audio=9.03 recognition=0.126119 understanding=0.013641 dialogue_management=0.023111 pipeline_wall=3.744211 turn_observed=279.816513
[03:09:10] PHASE turn=3 speaker=Agent A phase=NLG duration_sec=22.81197237968445
[03:09:10] PHASE turn=3 speaker=Agent A phase=TTS duration_sec=2.240723
[03:09:10] PHASE turn=3 speaker=Agent A phase=ASR duration_sec=0.102416
[03:09:10] SYSTEM telemetry.speech
[03:09:10] SYSTEM telemetry.timing
[03:09:10] TIMING turn=3 speaker=Agent A generation=22.811972 synthesis=2.240723 audio=6.597 recognition=0.102416 understanding=None dialogue_management=None pipeline_wall=2.344295 turn_observed=29.408972
[03:09:10] MEMORY turn=3 reason=agent_a_reply changed=Agent A,Agent B
[03:09:10] STEP turn=None speaker=Agent A route_valid=- route_goal=- route=-
[03:12:55] PHASE turn=4 speaker=Agent B phase=NLG duration_sec=219.8524968624115
[03:12:55] PHASE turn=4 speaker=Agent B phase=TTS duration_sec=5.597462
[03:12:55] PHASE turn=4 speaker=Agent B phase=ASR duration_sec=0.20282
[03:12:55] SYSTEM telemetry.speech
[03:12:55] SYSTEM telemetry.timing
[03:12:56] MEMORY turn=4 reason=agent_b_reply changed=Agent A,Agent B
[03:12:56] STEP turn=None speaker=Agent B route_valid=- route_goal=- route=-
[03:12:56] PHASE turn=4 speaker=Agent B phase=NLU duration_sec=0.037779
[03:12:56] SYSTEM telemetry.nlu
[03:12:56] SYSTEM candidate
[03:12:56] PHASE turn=4 speaker=Agent B phase=DM duration_sec=0.0243868175894022
[03:12:56] TIMING turn=4 speaker=Agent B generation=219.852497 synthesis=5.597462 audio=14.461 recognition=0.20282 understanding=0.037779 dialogue_management=0.024387 pipeline_wall=5.801618 turn_observed=234.375663
[03:13:21] PHASE turn=5 speaker=Agent A phase=NLG duration_sec=20.98294711112976
[03:13:21] PHASE turn=5 speaker=Agent A phase=TTS duration_sec=3.884096
[03:13:21] PHASE turn=5 speaker=Agent A phase=ASR duration_sec=0.204404
[03:13:21] SYSTEM telemetry.speech
[03:13:21] SYSTEM telemetry.timing
[03:13:21] TIMING turn=5 speaker=Agent A generation=20.982947 synthesis=3.884096 audio=10.019 recognition=0.204404 understanding=None dialogue_management=None pipeline_wall=4.089679 turn_observed=31.001947
[03:13:21] MEMORY turn=5 reason=agent_a_reply changed=Agent A,Agent B
[03:13:21] STEP turn=None speaker=Agent A route_valid=- route_goal=- route=-
[03:18:46] PHASE turn=6 speaker=Agent B phase=NLG duration_sec=321.0788142681122
[03:18:46] PHASE turn=6 speaker=Agent B phase=TTS duration_sec=4.225747
[03:18:46] PHASE turn=6 speaker=Agent B phase=ASR duration_sec=0.143482
[03:18:46] SYSTEM telemetry.speech
[03:18:46] SYSTEM telemetry.timing
[03:18:46] MEMORY turn=6 reason=agent_b_reply changed=Agent A,Agent B
[03:18:46] STEP turn=None speaker=Agent B route_valid=- route_goal=- route=-
[03:18:46] PHASE turn=6 speaker=Agent B phase=NLU duration_sec=0.018085
[03:18:46] SYSTEM telemetry.nlu
[03:18:46] SYSTEM candidate
[03:18:46] PHASE turn=6 speaker=Agent B phase=DM duration_sec=0.04167302791029215
[03:18:46] TIMING turn=6 speaker=Agent B generation=321.078814 synthesis=4.225747 audio=11.925 recognition=0.143482 understanding=0.018085 dialogue_management=0.041673 pipeline_wall=4.370334 turn_observed=333.063572
[03:19:15] PHASE turn=7 speaker=Agent A phase=NLG duration_sec=25.68191385269165
[03:19:15] PHASE turn=7 speaker=Agent A phase=TTS duration_sec=3.25447
[03:19:15] PHASE turn=7 speaker=Agent A phase=ASR duration_sec=0.150124
[03:19:15] SYSTEM telemetry.speech
[03:19:15] SYSTEM telemetry.timing
[03:19:15] TIMING turn=7 speaker=Agent A generation=25.681914 synthesis=3.25447 audio=8.415 recognition=0.150124 understanding=None dialogue_management=None pipeline_wall=3.405733 turn_observed=34.096914
[03:19:16] MEMORY turn=7 reason=agent_a_reply changed=Agent A,Agent B
[03:19:16] STEP turn=None speaker=Agent A route_valid=- route_goal=- route=-
[03:24:17] PHASE turn=8 speaker=Agent B phase=NLG duration_sec=297.6050982475281
[03:24:17] PHASE turn=8 speaker=Agent B phase=TTS duration_sec=3.614215
[03:24:17] PHASE turn=8 speaker=Agent B phase=ASR duration_sec=0.126072
[03:24:17] SYSTEM telemetry.speech
[03:24:17] SYSTEM telemetry.timing
[03:24:17] MEMORY turn=8 reason=agent_b_reply changed=Agent A,Agent B
[03:24:17] STEP turn=None speaker=Agent B route_valid=- route_goal=- route=-
[03:24:17] PHASE turn=8 speaker=Agent B phase=NLU duration_sec=0.017804
[03:24:17] SYSTEM telemetry.nlu
[03:24:17] SYSTEM candidate
[03:24:17] PHASE turn=8 speaker=Agent B phase=DM duration_sec=0.04022996872663498
[03:24:17] TIMING turn=8 speaker=Agent B generation=297.605098 synthesis=3.614215 audio=9.03 recognition=0.126072 understanding=0.017804 dialogue_management=0.04023 pipeline_wall=3.741465 turn_observed=306.693132
[03:24:49] PHASE turn=9 speaker=Agent A phase=NLG duration_sec=29.349749326705933
[03:24:49] PHASE turn=9 speaker=Agent A phase=TTS duration_sec=2.164403
[03:24:49] PHASE turn=9 speaker=Agent A phase=ASR duration_sec=0.096455
[03:24:49] SYSTEM telemetry.speech
[03:24:49] SYSTEM telemetry.timing
[03:24:49] TIMING turn=9 speaker=Agent A generation=29.349749 synthesis=2.164403 audio=5.361 recognition=0.096455 understanding=None dialogue_management=None pipeline_wall=2.26194 turn_observed=34.710749
[03:24:49] MEMORY turn=9 reason=agent_a_reply changed=Agent A,Agent B
[03:24:49] STEP turn=None speaker=Agent A route_valid=- route_goal=- route=-
[03:24:49] SYSTEM metrics
[03:24:49] SYSTEM done
[03:24:49] SEGMENT batch.condition.end status=ok duration=1243.097256 seconds
[03:24:49] SESSION END batch-C-MPCC-FC-CLEAN-PIP-VOS-MP3M4-DEFAU-MED-I0-d794cc44ac-T
