start=2026-07-14T18:04:41+02:00
project=/beegfs/home/users/g/generalgroovy/experiments/CoopNavigationSDS
python=/beegfs/home/users/g/generalgroovy/experiments/CoopNavigationSDS/.venv-linux/bin/python
results=/beegfs/home/users/g/generalgroovy/experiments/CoopNavigationSDS/results

[2026-07-14T18:04:41+02:00] 1/8 Preflight
Project: /beegfs/home/users/g/generalgroovy/experiments/CoopNavigationSDS
Python:  /beegfs/home/users/g/generalgroovy/experiments/CoopNavigationSDS/.venv-linux/bin/python
Results: /beegfs/home/users/g/generalgroovy/experiments/CoopNavigationSDS/results
Remote:  origin/main
Running jobs are not cancelled, modified, or inspected beyond optional status output.

[2026-07-14T18:04:42+02:00] 2/8 Completed result inventory
+ /beegfs/home/users/g/generalgroovy/experiments/CoopNavigationSDS/.venv-linux/bin/python - /beegfs/home/users/g/generalgroovy/experiments/CoopNavigationSDS/results
run_summary_count=1758
newest_run_summary_mtime=1784044808
coverage_updated_at=2026-07-14T00:21:04.375884+00:00
completed_run_count=1418
completed_selected=310/744

[2026-07-14T18:04:46+02:00] 3/8 Refresh compact analysis if stale
analysis_refresh=needed
+ /beegfs/home/users/g/generalgroovy/experiments/CoopNavigationSDS/.venv-linux/bin/python -u scripts/update_experiment_coverage.py --results-dir /beegfs/home/users/g/generalgroovy/experiments/CoopNavigationSDS/results
conditions: /beegfs/home/users/g/generalgroovy/experiments/CoopNavigationSDS/results/experiment_coverage_conditions.csv
runs: /beegfs/home/users/g/generalgroovy/experiments/CoopNavigationSDS/results/experiment_coverage_runs.csv
matrix: /beegfs/home/users/g/generalgroovy/experiments/CoopNavigationSDS/results/experiment_coverage_matrix.csv
summary: /beegfs/home/users/g/generalgroovy/experiments/CoopNavigationSDS/results/experiment_coverage_summary.json
report: /beegfs/home/users/g/generalgroovy/experiments/CoopNavigationSDS/results/experiment_coverage.html
agent_model_matrix: /beegfs/home/users/g/generalgroovy/experiments/CoopNavigationSDS/results/agent_model_combination_coverage.csv
agent_model_report: /beegfs/home/users/g/generalgroovy/experiments/CoopNavigationSDS/results/agent_model_combination_coverage.html
case_coverage: /beegfs/home/users/g/generalgroovy/experiments/CoopNavigationSDS/results/experiment_case_coverage.csv
configuration_conditions: /beegfs/home/users/g/generalgroovy/experiments/CoopNavigationSDS/results/general/configuration_conditions.csv
configuration_model_overview: /beegfs/home/users/g/generalgroovy/experiments/CoopNavigationSDS/results/general/configuration_model_overview.csv
configuration_factor_levels: /beegfs/home/users/g/generalgroovy/experiments/CoopNavigationSDS/results/general/configuration_factor_levels.csv
configuration_groups_exact: /beegfs/home/users/g/generalgroovy/experiments/CoopNavigationSDS/results/general/configuration_groups_exact.csv
configuration_condition_overview: /beegfs/home/users/g/generalgroovy/experiments/CoopNavigationSDS/results/general/configuration_condition_overview.html
configuration_condition_manifest: /beegfs/home/users/g/generalgroovy/experiments/CoopNavigationSDS/results/general/configuration_condition_manifest.json
comparison_conditions: /beegfs/home/users/g/generalgroovy/experiments/CoopNavigationSDS/results/comparison/combined_conditions.csv
comparison_metrics: /beegfs/home/users/g/generalgroovy/experiments/CoopNavigationSDS/results/comparison/combined_metrics_long.csv
comparison_summary: /beegfs/home/users/g/generalgroovy/experiments/CoopNavigationSDS/results/comparison/metric_summary.csv
comparison_deltas: /beegfs/home/users/g/generalgroovy/experiments/CoopNavigationSDS/results/comparison/metric_deltas.csv
comparison_outliers: /beegfs/home/users/g/generalgroovy/experiments/CoopNavigationSDS/results/comparison/metric_outliers.csv
comparison_metric_indicators: /beegfs/home/users/g/generalgroovy/experiments/CoopNavigationSDS/results/comparison/metric_indicator_summary.csv
comparison_metric_correlations: /beegfs/home/users/g/generalgroovy/experiments/CoopNavigationSDS/results/comparison/metric_outcome_correlations.csv
comparison_metric_correlation_report: /beegfs/home/users/g/generalgroovy/experiments/CoopNavigationSDS/results/comparison/metric_outcome_correlations.html
comparison_run_metric_matrix: /beegfs/home/users/g/generalgroovy/experiments/CoopNavigationSDS/results/comparison/run_phase_metric_matrix.csv
comparison_run_metric_matrix_report: /beegfs/home/users/g/generalgroovy/experiments/CoopNavigationSDS/results/comparison/run_phase_metric_matrix.html
comparison_condition_analysis: /beegfs/home/users/g/generalgroovy/experiments/CoopNavigationSDS/results/comparison/condition_analysis.csv
comparison_current_condition_analysis: /beegfs/home/users/g/generalgroovy/experiments/CoopNavigationSDS/results/comparison/current_condition_analysis.csv
comparison_program_execution_summary: /beegfs/home/users/g/generalgroovy/experiments/CoopNavigationSDS/results/comparison/program_execution_summary.csv
comparison_current_program_execution_summary: /beegfs/home/users/g/generalgroovy/experiments/CoopNavigationSDS/results/comparison/current_program_execution_summary.csv
comparison_model_configuration_matrix: /beegfs/home/users/g/generalgroovy/experiments/CoopNavigationSDS/results/comparison/model_configuration_matrix.csv
comparison_model_configuration_matrix_report: /beegfs/home/users/g/generalgroovy/experiments/CoopNavigationSDS/results/comparison/model_configuration_matrix.html
comparison_performance_band_summary: /beegfs/home/users/g/generalgroovy/experiments/CoopNavigationSDS/results/comparison/performance_band_summary.csv
comparison_outcome_band_summary: /beegfs/home/users/g/generalgroovy/experiments/CoopNavigationSDS/results/comparison/run_outcome_band_summary.csv
comparison_outcome_band_summary_report: /beegfs/home/users/g/generalgroovy/experiments/CoopNavigationSDS/results/comparison/run_outcome_band_summary.html
comparison_metric_value_heatmap: /beegfs/home/users/g/generalgroovy/experiments/CoopNavigationSDS/results/comparison/metric_value_heatmap.csv
comparison_metric_value_heatmap_report: /beegfs/home/users/g/generalgroovy/experiments/CoopNavigationSDS/results/comparison/metric_value_heatmap.html
comparison_phase_metric_files: /beegfs/home/users/g/generalgroovy/experiments/CoopNavigationSDS/results/comparison/phase_metric_files.csv
