Coverage warning: pairwise plan is incomplete for 72 factor-level pairs. The gap is recorded in coverage_plan.json and the selected condition still runs.
Loading checkpoint shards:   0%|          | 0/4 [00:00<?, ?it/s]Loading checkpoint shards:  25%|██▌       | 1/4 [00:03<00:09,  3.12s/it]Loading checkpoint shards:  50%|█████     | 2/4 [00:06<00:06,  3.06s/it]Loading checkpoint shards:  75%|███████▌  | 3/4 [00:09<00:03,  3.04s/it]Loading checkpoint shards: 100%|██████████| 4/4 [00:11<00:00,  2.91s/it]Loading checkpoint shards: 100%|██████████| 4/4 [00:11<00:00,  2.97s/it]
The following generation flags are not valid and may be ignored: ['temperature', 'top_p', 'top_k']. Set `TRANSFORMERS_VERBOSITY=info` for more details.
[1;31m2026-07-14 21:20:34.440147063 [E:onnxruntime:Default, env.cc:228 ThreadMain] pthread_setaffinity_np failed for thread: 957909, index: 10, mask: {11, 31, }, error code: 22 error msg: Invalid argument. Specify the number of threads explicitly so the affinity is not set.[m
[1;31m2026-07-14 21:20:34.439704943 [E:onnxruntime:Default, env.cc:228 ThreadMain] pthread_setaffinity_np failed for thread: 957901, index: 2, mask: {3, 23, }, error code: 22 error msg: Invalid argument. Specify the number of threads explicitly so the affinity is not set.[m
[1;31m2026-07-14 21:20:34.439630184 [E:onnxruntime:Default, env.cc:228 ThreadMain] pthread_setaffinity_np failed for thread: 957899, index: 0, mask: {1, 21, }, error code: 22 error msg: Invalid argument. Specify the number of threads explicitly so the affinity is not set.[m
[1;31m2026-07-14 21:20:34.439850139 [E:onnxruntime:Default, env.cc:228 ThreadMain] pthread_setaffinity_np failed for thread: 957902, index: 3, mask: {4, 24, }, error code: 22 error msg: Invalid argument. Specify the number of threads explicitly so the affinity is not set.[m
[1;31m2026-07-14 21:20:34.439873721 [E:onnxruntime:Default, env.cc:228 ThreadMain] pthread_setaffinity_np failed for thread: 957900, index: 1, mask: {2, 22, }, error code: 22 error msg: Invalid argument. Specify the number of threads explicitly so the affinity is not set.[m
[1;31m2026-07-14 21:20:34.439853807 [E:onnxruntime:Default, env.cc:228 ThreadMain] pthread_setaffinity_np failed for thread: 957903, index: 4, mask: {5, 25, }, error code: 22 error msg: Invalid argument. Specify the number of threads explicitly so the affinity is not set.[m
[1;31m2026-07-14 21:20:34.439887039 [E:onnxruntime:Default, env.cc:228 ThreadMain] pthread_setaffinity_np failed for thread: 957904, index: 5, mask: {6, 26, }, error code: 22 error msg: Invalid argument. Specify the number of threads explicitly so the affinity is not set.[m
[1;31m2026-07-14 21:20:34.439980281 [E:onnxruntime:Default, env.cc:228 ThreadMain] pthread_setaffinity_np failed for thread: 957906, index: 7, mask: {8, 28, }, error code: 22 error msg: Invalid argument. Specify the number of threads explicitly so the affinity is not set.[m
[1;31m2026-07-14 21:20:34.440077276 [E:onnxruntime:Default, env.cc:228 ThreadMain] pthread_setaffinity_np failed for thread: 957907, index: 8, mask: {9, 29, }, error code: 22 error msg: Invalid argument. Specify the number of threads explicitly so the affinity is not set.[m
[1;31m2026-07-14 21:20:34.440101313 [E:onnxruntime:Default, env.cc:228 ThreadMain] pthread_setaffinity_np failed for thread: 957908, index: 9, mask: {10, 30, }, error code: 22 error msg: Invalid argument. Specify the number of threads explicitly so the affinity is not set.[m
[1;31m2026-07-14 21:20:34.440004147 [E:onnxruntime:Default, env.cc:228 ThreadMain] pthread_setaffinity_np failed for thread: 957905, index: 6, mask: {7, 27, }, error code: 22 error msg: Invalid argument. Specify the number of threads explicitly so the affinity is not set.[m
[1;31m2026-07-14 21:20:34.440424834 [E:onnxruntime:Default, env.cc:228 ThreadMain] pthread_setaffinity_np failed for thread: 957913, index: 14, mask: {15, 35, }, error code: 22 error msg: Invalid argument. Specify the number of threads explicitly so the affinity is not set.[m
[1;31m2026-07-14 21:20:34.440540792 [E:onnxruntime:Default, env.cc:228 ThreadMain] pthread_setaffinity_np failed for thread: 957914, index: 15, mask: {16, 36, }, error code: 22 error msg: Invalid argument. Specify the number of threads explicitly so the affinity is not set.[m
[1;31m2026-07-14 21:20:34.440576585 [E:onnxruntime:Default, env.cc:228 ThreadMain] pthread_setaffinity_np failed for thread: 957916, index: 17, mask: {18, 38, }, error code: 22 error msg: Invalid argument. Specify the number of threads explicitly so the affinity is not set.[m
[1;31m2026-07-14 21:20:34.440642064 [E:onnxruntime:Default, env.cc:228 ThreadMain] pthread_setaffinity_np failed for thread: 957917, index: 18, mask: {19, 39, }, error code: 22 error msg: Invalid argument. Specify the number of threads explicitly so the affinity is not set.[m
[1;31m2026-07-14 21:20:34.447102177 [E:onnxruntime:Default, env.cc:228 ThreadMain] pthread_setaffinity_np failed for thread: 957915, index: 16, mask: {17, 37, }, error code: 22 error msg: Invalid argument. Specify the number of threads explicitly so the affinity is not set.[m
[1;31m2026-07-14 21:20:34.579026945 [E:onnxruntime:Default, env.cc:228 ThreadMain] pthread_setaffinity_np failed for thread: 957918, index: 0, mask: {1, 21, }, error code: 22 error msg: Invalid argument. Specify the number of threads explicitly so the affinity is not set.[m
[1;31m2026-07-14 21:20:34.583047864 [E:onnxruntime:Default, env.cc:228 ThreadMain] pthread_setaffinity_np failed for thread: 957919, index: 1, mask: {2, 22, }, error code: 22 error msg: Invalid argument. Specify the number of threads explicitly so the affinity is not set.[m
[1;31m2026-07-14 21:20:34.583131733 [E:onnxruntime:Default, env.cc:228 ThreadMain] pthread_setaffinity_np failed for thread: 957921, index: 3, mask: {4, 24, }, error code: 22 error msg: Invalid argument. Specify the number of threads explicitly so the affinity is not set.[m
[1;31m2026-07-14 21:20:34.583753910 [E:onnxruntime:Default, env.cc:228 ThreadMain] pthread_setaffinity_np failed for thread: 957920, index: 2, mask: {3, 23, }, error code: 22 error msg: Invalid argument. Specify the number of threads explicitly so the affinity is not set.[m
[1;31m2026-07-14 21:20:34.591090506 [E:onnxruntime:Default, env.cc:228 ThreadMain] pthread_setaffinity_np failed for thread: 957932, index: 14, mask: {15, 35, }, error code: 22 error msg: Invalid argument. Specify the number of threads explicitly so the affinity is not set.[m
[1;31m2026-07-14 21:20:34.587083028 [E:onnxruntime:Default, env.cc:228 ThreadMain] pthread_setaffinity_np failed for thread: 957936, index: 18, mask: {19, 39, }, error code: 22 error msg: Invalid argument. Specify the number of threads explicitly so the affinity is not set.[m
[1;31m2026-07-14 21:20:34.587142580 [E:onnxruntime:Default, env.cc:228 ThreadMain] pthread_setaffinity_np failed for thread: 957923, index: 5, mask: {6, 26, }, error code: 22 error msg: Invalid argument. Specify the number of threads explicitly so the affinity is not set.[m
[1;31m2026-07-14 21:20:34.587188460 [E:onnxruntime:Default, env.cc:228 ThreadMain] pthread_setaffinity_np failed for thread: 957924, index: 6, mask: {7, 27, }, error code: 22 error msg: Invalid argument. Specify the number of threads explicitly so the affinity is not set.[m
[1;31m2026-07-14 21:20:34.587240894 [E:onnxruntime:Default, env.cc:228 ThreadMain] pthread_setaffinity_np failed for thread: 957925, index: 7, mask: {8, 28, }, error code: 22 error msg: Invalid argument. Specify the number of threads explicitly so the affinity is not set.[m
[1;31m2026-07-14 21:20:34.587280280 [E:onnxruntime:Default, env.cc:228 ThreadMain] pthread_setaffinity_np failed for thread: 957926, index: 8, mask: {9, 29, }, error code: 22 error msg: Invalid argument. Specify the number of threads explicitly so the affinity is not set.[m
[1;31m2026-07-14 21:20:34.587325585 [E:onnxruntime:Default, env.cc:228 ThreadMain] pthread_setaffinity_np failed for thread: 957927, index: 9, mask: {10, 30, }, error code: 22 error msg: Invalid argument. Specify the number of threads explicitly so the affinity is not set.[m
[1;31m2026-07-14 21:20:34.587361325 [E:onnxruntime:Default, env.cc:228 ThreadMain] pthread_setaffinity_np failed for thread: 957928, index: 10, mask: {11, 31, }, error code: 22 error msg: Invalid argument. Specify the number of threads explicitly so the affinity is not set.[m
[1;31m2026-07-14 21:20:34.591159052 [E:onnxruntime:Default, env.cc:228 ThreadMain] pthread_setaffinity_np failed for thread: 957933, index: 15, mask: {16, 36, }, error code: 22 error msg: Invalid argument. Specify the number of threads explicitly so the affinity is not set.[m
[1;31m2026-07-14 21:20:34.591197312 [E:onnxruntime:Default, env.cc:228 ThreadMain] pthread_setaffinity_np failed for thread: 957934, index: 16, mask: {17, 37, }, error code: 22 error msg: Invalid argument. Specify the number of threads explicitly so the affinity is not set.[m
[1;31m2026-07-14 21:20:34.591243167 [E:onnxruntime:Default, env.cc:228 ThreadMain] pthread_setaffinity_np failed for thread: 957935, index: 17, mask: {18, 38, }, error code: 22 error msg: Invalid argument. Specify the number of threads explicitly so the affinity is not set.[m
[1;31m2026-07-14 21:20:34.587070927 [E:onnxruntime:Default, env.cc:228 ThreadMain] pthread_setaffinity_np failed for thread: 957922, index: 4, mask: {5, 25, }, error code: 22 error msg: Invalid argument. Specify the number of threads explicitly so the affinity is not set.[m
slurmstepd-node089: error: pam_close_session: Cannot make/remove an entry for the specified session
