Coverage warning: pairwise plan is incomplete for 72 factor-level pairs. The gap is recorded in coverage_plan.json and the selected condition still runs.
Loading checkpoint shards:   0%|          | 0/7 [00:00<?, ?it/s]Loading checkpoint shards: 100%|██████████| 7/7 [00:00<00:00, 113.10it/s]
The following generation flags are not valid and may be ignored: ['temperature', 'top_p', 'top_k']. Set `TRANSFORMERS_VERBOSITY=info` for more details.
The following generation flags are not valid and may be ignored: ['temperature', 'top_p']. Set `TRANSFORMERS_VERBOSITY=info` for more details.
[1;31m2026-07-13 21:39:42.309145833 [E:onnxruntime:Default, env.cc:228 ThreadMain] pthread_setaffinity_np failed for thread: 1146069, index: 0, mask: {1, 21, }, error code: 22 error msg: Invalid argument. Specify the number of threads explicitly so the affinity is not set.[m
[1;31m2026-07-13 21:39:42.309334485 [E:onnxruntime:Default, env.cc:228 ThreadMain] pthread_setaffinity_np failed for thread: 1146071, index: 2, mask: {3, 23, }, error code: 22 error msg: Invalid argument. Specify the number of threads explicitly so the affinity is not set.[m
[1;31m2026-07-13 21:39:42.309144847 [E:onnxruntime:Default, env.cc:228 ThreadMain] pthread_setaffinity_np failed for thread: 1146070, index: 1, mask: {2, 22, }, error code: 22 error msg: Invalid argument. Specify the number of threads explicitly so the affinity is not set.[m
[1;31m2026-07-13 21:39:42.309345944 [E:onnxruntime:Default, env.cc:228 ThreadMain] pthread_setaffinity_np failed for thread: 1146073, index: 4, mask: {5, 25, }, error code: 22 error msg: Invalid argument. Specify the number of threads explicitly so the affinity is not set.[m
[1;31m2026-07-13 21:39:42.309526922 [E:onnxruntime:Default, env.cc:228 ThreadMain] pthread_setaffinity_np failed for thread: 1146075, index: 6, mask: {7, 27, }, error code: 22 error msg: Invalid argument. Specify the number of threads explicitly so the affinity is not set.[m
[1;31m2026-07-13 21:39:42.309517853 [E:onnxruntime:Default, env.cc:228 ThreadMain] pthread_setaffinity_np failed for thread: 1146072, index: 3, mask: {4, 24, }, error code: 22 error msg: Invalid argument. Specify the number of threads explicitly so the affinity is not set.[m
[1;31m2026-07-13 21:39:42.309462816 [E:onnxruntime:Default, env.cc:228 ThreadMain] pthread_setaffinity_np failed for thread: 1146074, index: 5, mask: {6, 26, }, error code: 22 error msg: Invalid argument. Specify the number of threads explicitly so the affinity is not set.[m
[1;31m2026-07-13 21:39:42.309704694 [E:onnxruntime:Default, env.cc:228 ThreadMain] pthread_setaffinity_np failed for thread: 1146076, index: 7, mask: {8, 28, }, error code: 22 error msg: Invalid argument. Specify the number of threads explicitly so the affinity is not set.[m
[1;31m2026-07-13 21:39:42.309712897 [E:onnxruntime:Default, env.cc:228 ThreadMain] pthread_setaffinity_np failed for thread: 1146077, index: 8, mask: {9, 29, }, error code: 22 error msg: Invalid argument. Specify the number of threads explicitly so the affinity is not set.[m
[1;31m2026-07-13 21:39:42.309820990 [E:onnxruntime:Default, env.cc:228 ThreadMain] pthread_setaffinity_np failed for thread: 1146078, index: 9, mask: {10, 30, }, error code: 22 error msg: Invalid argument. Specify the number of threads explicitly so the affinity is not set.[m
[1;31m2026-07-13 21:39:42.309880538 [E:onnxruntime:Default, env.cc:228 ThreadMain] pthread_setaffinity_np failed for thread: 1146079, index: 10, mask: {11, 31, }, error code: 22 error msg: Invalid argument. Specify the number of threads explicitly so the affinity is not set.[m
[1;31m2026-07-13 21:39:42.309932003 [E:onnxruntime:Default, env.cc:228 ThreadMain] pthread_setaffinity_np failed for thread: 1146080, index: 11, mask: {12, 32, }, error code: 22 error msg: Invalid argument. Specify the number of threads explicitly so the affinity is not set.[m
[1;31m2026-07-13 21:39:42.309978227 [E:onnxruntime:Default, env.cc:228 ThreadMain] pthread_setaffinity_np failed for thread: 1146081, index: 12, mask: {13, 33, }, error code: 22 error msg: Invalid argument. Specify the number of threads explicitly so the affinity is not set.[m
[1;31m2026-07-13 21:39:42.310024880 [E:onnxruntime:Default, env.cc:228 ThreadMain] pthread_setaffinity_np failed for thread: 1146082, index: 13, mask: {14, 34, }, error code: 22 error msg: Invalid argument. Specify the number of threads explicitly so the affinity is not set.[m
[1;31m2026-07-13 21:39:42.310088760 [E:onnxruntime:Default, env.cc:228 ThreadMain] pthread_setaffinity_np failed for thread: 1146083, index: 14, mask: {15, 35, }, error code: 22 error msg: Invalid argument. Specify the number of threads explicitly so the affinity is not set.[m
[1;31m2026-07-13 21:39:42.310152423 [E:onnxruntime:Default, env.cc:228 ThreadMain] pthread_setaffinity_np failed for thread: 1146084, index: 15, mask: {16, 36, }, error code: 22 error msg: Invalid argument. Specify the number of threads explicitly so the affinity is not set.[m
[1;31m2026-07-13 21:39:42.310210222 [E:onnxruntime:Default, env.cc:228 ThreadMain] pthread_setaffinity_np failed for thread: 1146085, index: 16, mask: {17, 37, }, error code: 22 error msg: Invalid argument. Specify the number of threads explicitly so the affinity is not set.[m
[1;31m2026-07-13 21:39:42.455838956 [E:onnxruntime:Default, env.cc:228 ThreadMain] pthread_setaffinity_np failed for thread: 1146098, index: 9, mask: {10, 30, }, error code: 22 error msg: Invalid argument. Specify the number of threads explicitly so the affinity is not set.[m
[1;31m2026-07-13 21:39:42.455936700 [E:onnxruntime:Default, env.cc:228 ThreadMain] pthread_setaffinity_np failed for thread: 1146104, index: 15, mask: {16, 36, }, error code: 22 error msg: Invalid argument. Specify the number of threads explicitly so the affinity is not set.[m
[1;31m2026-07-13 21:39:42.456023390 [E:onnxruntime:Default, env.cc:228 ThreadMain] pthread_setaffinity_np failed for thread: 1146105, index: 16, mask: {17, 37, }, error code: 22 error msg: Invalid argument. Specify the number of threads explicitly so the affinity is not set.[m
[1;31m2026-07-13 21:39:42.458462201 [E:onnxruntime:Default, env.cc:228 ThreadMain] pthread_setaffinity_np failed for thread: 1146089, index: 0, mask: {1, 21, }, error code: 22 error msg: Invalid argument. Specify the number of threads explicitly so the affinity is not set.[m
[1;31m2026-07-13 21:39:42.458525118 [E:onnxruntime:Default, env.cc:228 ThreadMain] pthread_setaffinity_np failed for thread: 1146090, index: 1, mask: {2, 22, }, error code: 22 error msg: Invalid argument. Specify the number of threads explicitly so the affinity is not set.[m
[1;31m2026-07-13 21:39:42.458746714 [E:onnxruntime:Default, env.cc:228 ThreadMain] pthread_setaffinity_np failed for thread: 1146092, index: 3, mask: {4, 24, }, error code: 22 error msg: Invalid argument. Specify the number of threads explicitly so the affinity is not set.[m
[1;31m2026-07-13 21:39:42.458788390 [E:onnxruntime:Default, env.cc:228 ThreadMain] pthread_setaffinity_np failed for thread: 1146093, index: 4, mask: {5, 25, }, error code: 22 error msg: Invalid argument. Specify the number of threads explicitly so the affinity is not set.[m
[1;31m2026-07-13 21:39:42.458834148 [E:onnxruntime:Default, env.cc:228 ThreadMain] pthread_setaffinity_np failed for thread: 1146094, index: 5, mask: {6, 26, }, error code: 22 error msg: Invalid argument. Specify the number of threads explicitly so the affinity is not set.[m
[1;31m2026-07-13 21:39:42.458903488 [E:onnxruntime:Default, env.cc:228 ThreadMain] pthread_setaffinity_np failed for thread: 1146095, index: 6, mask: {7, 27, }, error code: 22 error msg: Invalid argument. Specify the number of threads explicitly so the affinity is not set.[m
[1;31m2026-07-13 21:39:42.458955922 [E:onnxruntime:Default, env.cc:228 ThreadMain] pthread_setaffinity_np failed for thread: 1146096, index: 7, mask: {8, 28, }, error code: 22 error msg: Invalid argument. Specify the number of threads explicitly so the affinity is not set.[m
[1;31m2026-07-13 21:39:42.458997511 [E:onnxruntime:Default, env.cc:228 ThreadMain] pthread_setaffinity_np failed for thread: 1146097, index: 8, mask: {9, 29, }, error code: 22 error msg: Invalid argument. Specify the number of threads explicitly so the affinity is not set.[m
[1;31m2026-07-13 21:39:42.459048035 [E:onnxruntime:Default, env.cc:228 ThreadMain] pthread_setaffinity_np failed for thread: 1146099, index: 10, mask: {11, 31, }, error code: 22 error msg: Invalid argument. Specify the number of threads explicitly so the affinity is not set.[m
[1;31m2026-07-13 21:39:42.459094688 [E:onnxruntime:Default, env.cc:228 ThreadMain] pthread_setaffinity_np failed for thread: 1146100, index: 11, mask: {12, 32, }, error code: 22 error msg: Invalid argument. Specify the number of threads explicitly so the affinity is not set.[m
[1;31m2026-07-13 21:39:42.459145467 [E:onnxruntime:Default, env.cc:228 ThreadMain] pthread_setaffinity_np failed for thread: 1146101, index: 12, mask: {13, 33, }, error code: 22 error msg: Invalid argument. Specify the number of threads explicitly so the affinity is not set.[m
[1;31m2026-07-13 21:39:42.459186151 [E:onnxruntime:Default, env.cc:228 ThreadMain] pthread_setaffinity_np failed for thread: 1146102, index: 13, mask: {14, 34, }, error code: 22 error msg: Invalid argument. Specify the number of threads explicitly so the affinity is not set.[m
[1;31m2026-07-13 21:39:42.459231468 [E:onnxruntime:Default, env.cc:228 ThreadMain] pthread_setaffinity_np failed for thread: 1146103, index: 14, mask: {15, 35, }, error code: 22 error msg: Invalid argument. Specify the number of threads explicitly so the affinity is not set.[m
[1;31m2026-07-13 21:39:42.458572652 [E:onnxruntime:Default, env.cc:228 ThreadMain] pthread_setaffinity_np failed for thread: 1146091, index: 2, mask: {3, 23, }, error code: 22 error msg: Invalid argument. Specify the number of threads explicitly so the affinity is not set.[m
slurmstepd-node083: error: pam_close_session: Cannot make/remove an entry for the specified session
