=== batch-c-mpcc-dst-hesit-pip-vos-tl1-defau-sml-i0-d9a897dae9-a-20260714-031804.log | sha256=0c7333c91b9aadeccf594998e1ba1306b21e5d4a471e56525e76a44f701d884a ===
[03:18:04] SESSION START batch-C-MPCC-DST-HESIT-PIP-VOS-TL1-DEFAU-SML-I0-d9a897dae9-A
[03:18:04] SEGMENT batch.condition.start status=ok duration=None seconds
[03:18:04] SYSTEM timer.start
[03:18:17] PHASE turn=1 speaker=Agent A phase=NLG duration_sec=0.0
[03:18:17] PHASE turn=1 speaker=Agent A phase=TTS duration_sec=8.573661
[03:18:17] PHASE turn=1 speaker=Agent A phase=ASR duration_sec=1.834177
[03:18:17] SYSTEM telemetry.speech
[03:18:17] MEMORY turn=1 reason=opening changed=Agent A,Agent B
[03:18:17] STEP turn=None speaker=Agent A route_valid=- route_goal=- route=-
[03:18:17] SYSTEM telemetry.timing
[03:18:17] TIMING turn=1 speaker=Agent A generation=0.0 synthesis=8.573661 audio=12.423 recognition=1.834177 understanding=None dialogue_management=None pipeline_wall=12.466522 turn_observed=12.466588
[03:18:22] PHASE turn=2 speaker=Agent B phase=NLG duration_sec=0.0005104541778564453
[03:18:22] PHASE turn=2 speaker=Agent B phase=TTS duration_sec=3.852365
[03:18:22] PHASE turn=2 speaker=Agent B phase=ASR duration_sec=0.631663
[03:18:22] SYSTEM telemetry.speech
[03:18:22] SYSTEM telemetry.timing
[03:18:22] MEMORY turn=2 reason=agent_b_reply changed=Agent A,Agent B
[03:18:22] STEP turn=None speaker=Agent B route_valid=- route_goal=- route=-
[03:18:22] PHASE turn=2 speaker=Agent B phase=NLU duration_sec=0.000272
[03:18:22] SYSTEM telemetry.nlu
[03:18:22] PHASE turn=2 speaker=Agent B phase=DM duration_sec=8.412916213274002e-05
[03:18:22] TIMING turn=2 speaker=Agent B generation=0.00051 synthesis=3.852365 audio=4.047 recognition=0.631663 understanding=0.000272 dialogue_management=8.4e-05 pipeline_wall=5.388079 turn_observed=5.388993
[03:18:29] PHASE turn=3 speaker=Agent A phase=NLG duration_sec=0.0012497901916503906
[03:18:29] PHASE turn=3 speaker=Agent A phase=TTS duration_sec=3.960519
[03:18:29] PHASE turn=3 speaker=Agent A phase=ASR duration_sec=0.925041
[03:18:29] SYSTEM telemetry.speech
[03:18:29] SYSTEM telemetry.timing
[03:18:29] TIMING turn=3 speaker=Agent A generation=0.00125 synthesis=3.960519 audio=7.967 recognition=0.925041 understanding=None dialogue_management=None pipeline_wall=6.85112 turn_observed=7.96825
[03:18:29] MEMORY turn=3 reason=agent_a_reply changed=Agent A,Agent B
[03:18:29] STEP turn=None speaker=Agent A route_valid=- route_goal=- route=-
[03:19:36] PHASE turn=4 speaker=Agent B phase=NLG duration_sec=57.5749306678772
[03:19:36] PHASE turn=4 speaker=Agent B phase=TTS duration_sec=6.306373
[03:19:36] PHASE turn=4 speaker=Agent B phase=ASR duration_sec=1.024146
[03:19:36] SYSTEM telemetry.speech
[03:19:36] SYSTEM telemetry.timing
[03:19:36] MEMORY turn=4 reason=agent_b_reply changed=Agent A,Agent B
[03:19:36] STEP turn=None speaker=Agent B route_valid=- route_goal=- route=-
[03:19:36] PHASE turn=4 speaker=Agent B phase=NLU duration_sec=0.001546
[03:19:36] SYSTEM telemetry.nlu
[03:19:36] SYSTEM route
[03:19:36] SYSTEM candidate
[03:19:36] PHASE turn=4 speaker=Agent B phase=DM duration_sec=0.0030187899246811867
[03:19:36] TIMING turn=4 speaker=Agent B generation=57.574931 synthesis=6.306373 audio=7.411 recognition=1.024146 understanding=0.001546 dialogue_management=0.003019 pipeline_wall=9.151632 turn_observed=66.731204
[03:20:02] PHASE turn=5 speaker=Agent A phase=NLG duration_sec=20.301912546157837
[03:20:02] PHASE turn=5 speaker=Agent A phase=TTS duration_sec=3.700311
[03:20:02] PHASE turn=5 speaker=Agent A phase=ASR duration_sec=0.820122
[03:20:02] SYSTEM telemetry.speech
[03:20:02] SYSTEM telemetry.timing
[03:20:02] TIMING turn=5 speaker=Agent A generation=20.301913 synthesis=3.700311 audio=5.742 recognition=0.820122 understanding=None dialogue_management=None pipeline_wall=5.748156 turn_observed=26.050127
[03:20:02] MEMORY turn=5 reason=agent_a_reply changed=Agent A,Agent B
[03:20:02] STEP turn=None speaker=Agent A route_valid=- route_goal=- route=-
[03:21:13] PHASE turn=6 speaker=Agent B phase=NLG duration_sec=59.14383673667908
[03:21:13] PHASE turn=6 speaker=Agent B phase=TTS duration_sec=8.526111
[03:21:13] PHASE turn=6 speaker=Agent B phase=ASR duration_sec=1.313094
[03:21:13] SYSTEM telemetry.speech
[03:21:13] SYSTEM telemetry.timing
[03:21:14] MEMORY turn=6 reason=agent_b_reply changed=Agent A,Agent B
[03:21:14] STEP turn=None speaker=Agent B route_valid=- route_goal=- route=-
[03:21:14] PHASE turn=6 speaker=Agent B phase=NLU duration_sec=0.001377
[03:21:14] SYSTEM telemetry.nlu
[03:21:14] SYSTEM candidate
[03:21:14] PHASE turn=6 speaker=Agent B phase=DM duration_sec=0.00475636962801218
[03:21:14] TIMING turn=6 speaker=Agent B generation=59.143837 synthesis=8.526111 audio=11.081 recognition=1.313094 understanding=0.001377 dialogue_management=0.004756 pipeline_wall=12.656904 turn_observed=71.80694
[03:21:19] PHASE turn=7 speaker=Agent A phase=NLG duration_sec=0.003551959991455078
[03:21:19] PHASE turn=7 speaker=Agent A phase=TTS duration_sec=3.620778
[03:21:19] PHASE turn=7 speaker=Agent A phase=ASR duration_sec=0.654473
[03:21:19] SYSTEM telemetry.speech
[03:21:19] SYSTEM telemetry.timing
[03:21:19] TIMING turn=7 speaker=Agent A generation=0.003552 synthesis=3.620778 audio=6.492 recognition=0.654473 understanding=None dialogue_management=None pipeline_wall=5.431339 turn_observed=6.495552
[03:21:19] MEMORY turn=7 reason=agent_a_reply changed=Agent A,Agent B
[03:21:19] STEP turn=None speaker=Agent A route_valid=- route_goal=- route=-
[03:22:34] PHASE turn=8 speaker=Agent B phase=NLG duration_sec=66.15915751457214
[03:22:34] PHASE turn=8 speaker=Agent B phase=TTS duration_sec=5.400479
[03:22:34] PHASE turn=8 speaker=Agent B phase=ASR duration_sec=1.012626
[03:22:34] SYSTEM telemetry.speech
[03:22:34] SYSTEM telemetry.timing
[03:22:34] MEMORY turn=8 reason=agent_b_reply changed=Agent A,Agent B
[03:22:34] STEP turn=None speaker=Agent B route_valid=- route_goal=- route=-
[03:22:34] PHASE turn=8 speaker=Agent B phase=NLU duration_sec=0.001536
[03:22:34] SYSTEM telemetry.nlu
[03:22:34] SYSTEM warning
[03:22:34] SYSTEM candidate
[03:22:34] PHASE turn=8 speaker=Agent B phase=DM duration_sec=0.001482941210269928
[03:22:34] TIMING turn=8 speaker=Agent B generation=66.159158 synthesis=5.400479 audio=8.565 recognition=1.012626 understanding=0.001536 dialogue_management=0.001483 pipeline_wall=8.575915 turn_observed=74.738153
[03:22:38] PHASE turn=9 speaker=Agent A phase=NLG duration_sec=0.0014688968658447266
[03:22:38] PHASE turn=9 speaker=Agent A phase=TTS duration_sec=3.08414
[03:22:38] PHASE turn=9 speaker=Agent A phase=ASR duration_sec=0.670792
[03:22:38] SYSTEM telemetry.speech
[03:22:38] SYSTEM telemetry.timing
[03:22:38] TIMING turn=9 speaker=Agent A generation=0.001469 synthesis=3.08414 audio=3.988 recognition=0.670792 understanding=None dialogue_management=None pipeline_wall=4.509284 turn_observed=4.510801
[03:22:38] MEMORY turn=9 reason=agent_a_reply changed=Agent A,Agent B
[03:22:38] STEP turn=None speaker=Agent A route_valid=- route_goal=- route=-
[03:22:42] PHASE turn=10 speaker=Agent B phase=NLG duration_sec=0.18139934539794922
[03:22:42] PHASE turn=10 speaker=Agent B phase=TTS duration_sec=2.213468
[03:22:42] PHASE turn=10 speaker=Agent B phase=ASR duration_sec=0.467303
[03:22:42] SYSTEM telemetry.speech
[03:22:42] SYSTEM telemetry.timing
[03:22:42] MEMORY turn=10 reason=agent_b_reply changed=Agent A,Agent B
[03:22:42] STEP turn=None speaker=Agent B route_valid=- route_goal=- route=-
[03:22:42] PHASE turn=10 speaker=Agent B phase=NLU duration_sec=5e-06
[03:22:42] PHASE turn=10 speaker=Agent B phase=DM duration_sec=0.00022830907255411148
[03:22:42] TIMING turn=10 speaker=Agent B generation=0.181399 synthesis=2.213468 audio=2.101 recognition=0.467303 understanding=5e-06 dialogue_management=0.000228 pipeline_wall=3.187409 turn_observed=3.369089
[03:23:11] PHASE turn=11 speaker=Agent A phase=NLG duration_sec=22.99013638496399
[03:23:11] PHASE turn=11 speaker=Agent A phase=TTS duration_sec=4.616396
[03:23:11] PHASE turn=11 speaker=Agent A phase=ASR duration_sec=0.745768
[03:23:11] SYSTEM telemetry.speech
[03:23:11] SYSTEM telemetry.timing
[03:23:11] TIMING turn=11 speaker=Agent A generation=22.990136 synthesis=4.616396 audio=6.129 recognition=0.745768 understanding=None dialogue_management=None pipeline_wall=6.384957 turn_observed=29.37516
[03:23:11] MEMORY turn=11 reason=agent_a_reply changed=Agent A,Agent B
[03:23:11] STEP turn=None speaker=Agent A route_valid=- route_goal=- route=-
[03:24:33] PHASE turn=12 speaker=Agent B phase=NLG duration_sec=66.81428813934326
[03:24:33] PHASE turn=12 speaker=Agent B phase=TTS duration_sec=10.218325
[03:24:33] PHASE turn=12 speaker=Agent B phase=ASR duration_sec=1.438761
[03:24:33] SYSTEM telemetry.speech
[03:24:33] SYSTEM telemetry.timing
[03:24:33] MEMORY turn=12 reason=agent_b_reply changed=Agent A,Agent B
[03:24:33] STEP turn=None speaker=Agent B route_valid=- route_goal=- route=-
[03:24:33] PHASE turn=12 speaker=Agent B phase=NLU duration_sec=0.003147
[03:24:33] SYSTEM telemetry.nlu
[03:24:33] SYSTEM candidate
[03:24:33] PHASE turn=12 speaker=Agent B phase=DM duration_sec=0.0062629180029034615
[03:24:33] TIMING turn=12 speaker=Agent B generation=66.814288 synthesis=10.218325 audio=13.291 recognition=1.438761 understanding=0.003147 dialogue_management=0.006263 pipeline_wall=15.038779 turn_observed=81.86255
[03:25:05] PHASE turn=13 speaker=Agent A phase=NLG duration_sec=24.599409580230713
[03:25:05] PHASE turn=13 speaker=Agent A phase=TTS duration_sec=5.353009
[03:25:05] PHASE turn=13 speaker=Agent A phase=ASR duration_sec=0.789912
[03:25:05] SYSTEM telemetry.speech
[03:25:05] SYSTEM telemetry.timing
[03:25:05] TIMING turn=13 speaker=Agent A generation=24.59941 synthesis=5.353009 audio=5.923 recognition=0.789912 understanding=None dialogue_management=None pipeline_wall=7.319951 turn_observed=31.919425
[03:25:05] MEMORY turn=13 reason=agent_a_reply changed=Agent A,Agent B
[03:25:05] STEP turn=None speaker=Agent A route_valid=- route_goal=- route=-
[03:26:28] PHASE turn=14 speaker=Agent B phase=NLG duration_sec=73.67761635780334
[03:26:28] PHASE turn=14 speaker=Agent B phase=TTS duration_sec=6.688253
[03:26:28] PHASE turn=14 speaker=Agent B phase=ASR duration_sec=0.89888
[03:26:28] SYSTEM telemetry.speech
[03:26:28] SYSTEM telemetry.timing
[03:26:28] MEMORY turn=14 reason=agent_b_reply changed=Agent A,Agent B
[03:26:28] STEP turn=None speaker=Agent B route_valid=- route_goal=- route=-
[03:26:28] PHASE turn=14 speaker=Agent B phase=NLU duration_sec=0.000308
[03:26:28] SYSTEM telemetry.nlu
[03:26:28] PHASE turn=14 speaker=Agent B phase=DM duration_sec=7.504038512706757e-05
[03:26:28] TIMING turn=14 speaker=Agent B generation=73.677616 synthesis=6.688253 audio=6.381 recognition=0.89888 understanding=0.000308 dialogue_management=7.5e-05 pipeline_wall=9.07548 turn_observed=82.753553
[03:26:34] PHASE turn=15 speaker=Agent A phase=NLG duration_sec=0.024083614349365234
[03:26:34] PHASE turn=15 speaker=Agent A phase=TTS duration_sec=4.209052
[03:26:34] PHASE turn=15 speaker=Agent A phase=ASR duration_sec=0.909019
[03:26:34] SYSTEM telemetry.speech
[03:26:34] SYSTEM telemetry.timing
[03:26:34] TIMING turn=15 speaker=Agent A generation=0.024084 synthesis=4.209052 audio=7.217 recognition=0.909019 understanding=None dialogue_management=None pipeline_wall=6.740733 turn_observed=7.241084
[03:26:34] MEMORY turn=15 reason=agent_a_reply changed=Agent A,Agent B
[03:26:34] STEP turn=None speaker=Agent A route_valid=- route_goal=- route=-
[03:27:51] PHASE turn=16 speaker=Agent B phase=NLG duration_sec=70.21525692939758
[03:27:51] PHASE turn=16 speaker=Agent B phase=TTS duration_sec=4.182558
[03:27:51] PHASE turn=16 speaker=Agent B phase=ASR duration_sec=0.967469
[03:27:51] SYSTEM telemetry.speech
[03:27:51] SYSTEM telemetry.timing
[03:27:51] MEMORY turn=16 reason=agent_b_reply changed=Agent A
[03:27:51] STEP turn=None speaker=Agent B route_valid=- route_goal=- route=-
[03:27:51] PHASE turn=16 speaker=Agent B phase=NLU duration_sec=0.00032
[03:27:51] SYSTEM telemetry.nlu
[03:27:51] PHASE turn=16 speaker=Agent B phase=DM duration_sec=8.634943515062332e-05
[03:27:51] TIMING turn=16 speaker=Agent B generation=70.215257 synthesis=4.182558 audio=7.535 recognition=0.967469 understanding=0.00032 dialogue_management=8.6e-05 pipeline_wall=6.944325 turn_observed=77.750664
[03:28:00] PHASE turn=17 speaker=Agent A phase=NLG duration_sec=0.023394346237182617
[03:28:00] PHASE turn=17 speaker=Agent A phase=TTS duration_sec=5.846604
[03:28:00] PHASE turn=17 speaker=Agent A phase=ASR duration_sec=0.832203
[03:28:00] SYSTEM telemetry.speech
[03:28:00] SYSTEM telemetry.timing
[03:28:00] TIMING turn=17 speaker=Agent A generation=0.023394 synthesis=5.846604 audio=6.648 recognition=0.832203 understanding=None dialogue_management=None pipeline_wall=8.077886 turn_observed=8.101326
[03:28:00] MEMORY turn=17 reason=agent_a_reply changed=Agent B
[03:28:00] STEP turn=None speaker=Agent A route_valid=- route_goal=- route=-
[03:29:15] PHASE turn=18 speaker=Agent B phase=NLG duration_sec=68.69272923469543
[03:29:15] PHASE turn=18 speaker=Agent B phase=TTS duration_sec=3.579889
[03:29:15] PHASE turn=18 speaker=Agent B phase=ASR duration_sec=0.924492
[03:29:15] SYSTEM telemetry.speech
[03:29:15] SYSTEM telemetry.timing
[03:29:15] MEMORY turn=18 reason=agent_b_reply changed=Agent A
[03:29:15] STEP turn=None speaker=Agent B route_valid=- route_goal=- route=-
[03:29:15] PHASE turn=18 speaker=Agent B phase=NLU duration_sec=0.000301
[03:29:15] SYSTEM telemetry.nlu
[03:29:15] PHASE turn=18 speaker=Agent B phase=DM duration_sec=8.49403440952301e-05
[03:29:15] TIMING turn=18 speaker=Agent B generation=68.692729 synthesis=3.579889 audio=6.868 recognition=0.924492 understanding=0.000301 dialogue_management=8.5e-05 pipeline_wall=6.357435 turn_observed=75.561115
[03:29:20] PHASE turn=19 speaker=Agent A phase=NLG duration_sec=0.02543044090270996
[03:29:20] PHASE turn=19 speaker=Agent A phase=TTS duration_sec=3.469362
[03:29:20] PHASE turn=19 speaker=Agent A phase=ASR duration_sec=0.792788
[03:29:20] SYSTEM telemetry.speech
[03:29:20] SYSTEM telemetry.timing
[03:29:20] TIMING turn=19 speaker=Agent A generation=0.02543 synthesis=3.469362 audio=5.997 recognition=0.792788 understanding=None dialogue_management=None pipeline_wall=5.383466 turn_observed=6.02243
[03:29:20] MEMORY turn=19 reason=agent_a_reply changed=Agent A,Agent B
[03:29:20] STEP turn=None speaker=Agent A route_valid=- route_goal=- route=-
[03:29:20] SYSTEM metrics
[03:29:20] SYSTEM done
[03:29:20] SEGMENT batch.condition.end status=ok duration=675.9812 seconds
[03:29:20] SESSION END batch-C-MPCC-DST-HESIT-PIP-VOS-TL1-DEFAU-SML-I0-d9a897dae9-A
