=== batch-c-mpcc-fc-clean-pip-vos-qq57i-defau-lrg-i0-7cde28dbf6-a-20260714-032941.log | sha256=0b24c3f0bb5903b27f3f13dd7709456691978c378893ebd7d6fb3943b85df790 ===
[03:29:41] SESSION START batch-C-MPCC-FC-CLEAN-PIP-VOS-QQ57I-DEFAU-LRG-I0-7cde28dbf6-A
[03:29:41] SEGMENT batch.condition.start status=ok duration=None seconds
[03:29:41] SYSTEM timer.start
[03:29:54] PHASE turn=1 speaker=Agent A phase=NLG duration_sec=0.0
[03:29:54] PHASE turn=1 speaker=Agent A phase=TTS duration_sec=11.032521
[03:29:54] PHASE turn=1 speaker=Agent A phase=ASR duration_sec=1.768689
[03:29:54] SYSTEM telemetry.speech
[03:29:54] MEMORY turn=1 reason=opening changed=Agent A,Agent B
[03:29:54] STEP turn=None speaker=Agent A route_valid=- route_goal=- route=-
[03:29:54] SYSTEM telemetry.timing
[03:29:54] TIMING turn=1 speaker=Agent A generation=0.0 synthesis=11.032521 audio=11.463 recognition=1.768689 understanding=None dialogue_management=None pipeline_wall=12.802414 turn_observed=12.802478
[03:34:41] PHASE turn=2 speaker=Agent B phase=NLG duration_sec=278.78802847862244
[03:34:41] PHASE turn=2 speaker=Agent B phase=TTS duration_sec=7.533003
[03:34:41] PHASE turn=2 speaker=Agent B phase=ASR duration_sec=1.024733
[03:34:41] SYSTEM telemetry.speech
[03:34:41] SYSTEM telemetry.timing
[03:34:41] MEMORY turn=2 reason=agent_b_reply changed=Agent A,Agent B
[03:34:41] STEP turn=None speaker=Agent B route_valid=- route_goal=- route=-
[03:34:41] PHASE turn=2 speaker=Agent B phase=NLU duration_sec=0.00138
[03:34:41] SYSTEM telemetry.nlu
[03:34:41] SYSTEM route
[03:34:41] SYSTEM candidate
[03:34:41] PHASE turn=2 speaker=Agent B phase=DM duration_sec=0.002856743987649679
[03:34:41] TIMING turn=2 speaker=Agent B generation=278.788028 synthesis=7.533003 audio=9.03 recognition=1.024733 understanding=0.00138 dialogue_management=0.002857 pipeline_wall=8.558337 turn_observed=287.822265
[03:35:11] PHASE turn=3 speaker=Agent A phase=NLG duration_sec=19.56425380706787
[03:35:11] PHASE turn=3 speaker=Agent A phase=TTS duration_sec=9.150708
[03:35:11] PHASE turn=3 speaker=Agent A phase=ASR duration_sec=1.304564
[03:35:11] SYSTEM telemetry.speech
[03:35:11] SYSTEM telemetry.timing
[03:35:11] TIMING turn=3 speaker=Agent A generation=19.564254 synthesis=9.150708 audio=6.597 recognition=1.304564 understanding=None dialogue_management=None pipeline_wall=10.455853 turn_observed=30.020227
[03:35:11] MEMORY turn=3 reason=agent_a_reply changed=Agent A,Agent B
[03:35:11] STEP turn=None speaker=Agent A route_valid=- route_goal=- route=-
[03:40:40] PHASE turn=4 speaker=Agent B phase=NLG duration_sec=316.79654908180237
[03:40:40] PHASE turn=4 speaker=Agent B phase=TTS duration_sec=11.243504
[03:40:40] PHASE turn=4 speaker=Agent B phase=ASR duration_sec=1.385264
[03:40:40] SYSTEM telemetry.speech
[03:40:40] SYSTEM telemetry.timing
[03:40:40] MEMORY turn=4 reason=agent_b_reply changed=Agent A,Agent B
[03:40:40] STEP turn=None speaker=Agent B route_valid=- route_goal=- route=-
[03:40:40] PHASE turn=4 speaker=Agent B phase=NLU duration_sec=0.005409
[03:40:40] SYSTEM telemetry.nlu
[03:40:40] SYSTEM candidate
[03:40:40] PHASE turn=4 speaker=Agent B phase=DM duration_sec=0.002261318964883685
[03:40:40] TIMING turn=4 speaker=Agent B generation=316.796549 synthesis=11.243504 audio=14.461 recognition=1.385264 understanding=0.005409 dialogue_management=0.002261 pipeline_wall=12.629306 turn_observed=331.26522
[03:40:44] PHASE turn=5 speaker=Agent A phase=NLG duration_sec=0.0031952857971191406
[03:40:44] PHASE turn=5 speaker=Agent A phase=TTS duration_sec=2.714636
[03:40:44] PHASE turn=5 speaker=Agent A phase=ASR duration_sec=0.660448
[03:40:44] SYSTEM telemetry.speech
[03:40:44] SYSTEM telemetry.timing
[03:40:44] TIMING turn=5 speaker=Agent A generation=0.003195 synthesis=2.714636 audio=4.324 recognition=0.660448 understanding=None dialogue_management=None pipeline_wall=3.375517 turn_observed=4.327195
[03:40:44] MEMORY turn=5 reason=agent_a_reply changed=Agent A,Agent B
[03:40:44] STEP turn=None speaker=Agent A route_valid=- route_goal=- route=-
[03:40:47] PHASE turn=6 speaker=Agent B phase=NLG duration_sec=0.17862200736999512
[03:40:47] PHASE turn=6 speaker=Agent B phase=TTS duration_sec=2.097088
[03:40:47] PHASE turn=6 speaker=Agent B phase=ASR duration_sec=0.515484
[03:40:47] SYSTEM telemetry.speech
[03:40:47] SYSTEM telemetry.timing
[03:40:47] MEMORY turn=6 reason=agent_b_reply changed=Agent A,Agent B
[03:40:47] STEP turn=None speaker=Agent B route_valid=- route_goal=- route=-
[03:40:47] PHASE turn=6 speaker=Agent B phase=NLU duration_sec=5e-06
[03:40:47] PHASE turn=6 speaker=Agent B phase=DM duration_sec=7.738894782960415e-05
[03:40:47] TIMING turn=6 speaker=Agent B generation=0.178622 synthesis=2.097088 audio=2.717 recognition=0.515484 understanding=5e-06 dialogue_management=7.7e-05 pipeline_wall=2.61303 turn_observed=2.895705
[03:40:52] PHASE turn=7 speaker=Agent A phase=NLG duration_sec=0.010928869247436523
[03:40:52] PHASE turn=7 speaker=Agent A phase=TTS duration_sec=4.777048
[03:40:52] PHASE turn=7 speaker=Agent A phase=ASR duration_sec=0.980024
[03:40:52] SYSTEM telemetry.speech
[03:40:52] SYSTEM telemetry.timing
[03:40:52] TIMING turn=7 speaker=Agent A generation=0.010929 synthesis=4.777048 audio=5.64 recognition=0.980024 understanding=None dialogue_management=None pipeline_wall=5.758668 turn_observed=5.769703
[03:40:52] MEMORY turn=7 reason=agent_a_reply changed=Agent A,Agent B
[03:40:52] STEP turn=None speaker=Agent A route_valid=- route_goal=- route=-
[03:46:55] PHASE turn=8 speaker=Agent B phase=NLG duration_sec=348.8985912799835
[03:46:55] PHASE turn=8 speaker=Agent B phase=TTS duration_sec=12.602942
[03:46:55] PHASE turn=8 speaker=Agent B phase=ASR duration_sec=1.422868
[03:46:55] SYSTEM telemetry.speech
[03:46:55] SYSTEM telemetry.timing
[03:46:55] MEMORY turn=8 reason=agent_b_reply changed=Agent A,Agent B
[03:46:55] STEP turn=None speaker=Agent B route_valid=- route_goal=- route=-
[03:46:55] PHASE turn=8 speaker=Agent B phase=NLU duration_sec=0.00462
[03:46:55] SYSTEM telemetry.nlu
[03:46:55] SYSTEM candidate
[03:46:55] PHASE turn=8 speaker=Agent B phase=DM duration_sec=0.006592649035155773
[03:46:55] TIMING turn=8 speaker=Agent B generation=348.898591 synthesis=12.602942 audio=11.925 recognition=1.422868 understanding=0.00462 dialogue_management=0.006593 pipeline_wall=14.027 turn_observed=362.936961
[03:47:29] PHASE turn=9 speaker=Agent A phase=NLG duration_sec=26.10566759109497
[03:47:29] PHASE turn=9 speaker=Agent A phase=TTS duration_sec=6.288609
[03:47:29] PHASE turn=9 speaker=Agent A phase=ASR duration_sec=1.258418
[03:47:29] SYSTEM telemetry.speech
[03:47:29] SYSTEM telemetry.timing
[03:47:29] TIMING turn=9 speaker=Agent A generation=26.105668 synthesis=6.288609 audio=10.019 recognition=1.258418 understanding=None dialogue_management=None pipeline_wall=7.548139 turn_observed=36.124668
[03:47:29] MEMORY turn=9 reason=agent_a_reply changed=Agent A,Agent B
[03:47:29] STEP turn=None speaker=Agent A route_valid=- route_goal=- route=-
[03:54:04] PHASE turn=10 speaker=Agent B phase=NLG duration_sec=387.79134607315063
[03:54:04] PHASE turn=10 speaker=Agent B phase=TTS duration_sec=6.013724
[03:54:04] PHASE turn=10 speaker=Agent B phase=ASR duration_sec=1.119093
[03:54:04] SYSTEM telemetry.speech
[03:54:04] SYSTEM telemetry.timing
[03:54:04] MEMORY turn=10 reason=agent_b_reply changed=Agent A,Agent B
[03:54:04] STEP turn=None speaker=Agent B route_valid=- route_goal=- route=-
[03:54:04] PHASE turn=10 speaker=Agent B phase=NLU duration_sec=0.001587
[03:54:04] SYSTEM telemetry.nlu
[03:54:04] SYSTEM warning
[03:54:04] SYSTEM candidate
[03:54:04] PHASE turn=10 speaker=Agent B phase=DM duration_sec=0.0015980948228389025
[03:54:04] TIMING turn=10 speaker=Agent B generation=387.791346 synthesis=6.013724 audio=9.03 recognition=1.119093 understanding=0.001587 dialogue_management=0.001598 pipeline_wall=7.134116 turn_observed=396.824532
[03:54:10] PHASE turn=11 speaker=Agent A phase=NLG duration_sec=0.0009367465972900391
[03:54:10] PHASE turn=11 speaker=Agent A phase=TTS duration_sec=4.738152
[03:54:10] PHASE turn=11 speaker=Agent A phase=ASR duration_sec=0.779007
[03:54:10] SYSTEM telemetry.speech
[03:54:10] SYSTEM telemetry.timing
[03:54:10] TIMING turn=11 speaker=Agent A generation=0.000937 synthesis=4.738152 audio=3.87 recognition=0.779007 understanding=None dialogue_management=None pipeline_wall=5.517672 turn_observed=5.518744
[03:54:10] MEMORY turn=11 reason=agent_a_reply changed=Agent A,Agent B
[03:54:10] STEP turn=None speaker=Agent A route_valid=- route_goal=- route=-
[03:54:12] PHASE turn=12 speaker=Agent B phase=NLG duration_sec=0.00211334228515625
[03:54:12] PHASE turn=12 speaker=Agent B phase=TTS duration_sec=1.667888
[03:54:12] PHASE turn=12 speaker=Agent B phase=ASR duration_sec=0.549117
[03:54:12] SYSTEM telemetry.speech
[03:54:12] SYSTEM telemetry.timing
[03:54:12] MEMORY turn=12 reason=agent_b_reply changed=Agent A,Agent B
[03:54:12] STEP turn=None speaker=Agent B route_valid=- route_goal=- route=-
[03:54:12] PHASE turn=12 speaker=Agent B phase=NLU duration_sec=7e-06
[03:54:12] PHASE turn=12 speaker=Agent B phase=DM duration_sec=9.18989535421133e-05
[03:54:12] TIMING turn=12 speaker=Agent B generation=0.002113 synthesis=1.667888 audio=2.276 recognition=0.549117 understanding=7e-06 dialogue_management=9.2e-05 pipeline_wall=2.217533 turn_observed=2.278212
[03:54:39] PHASE turn=13 speaker=Agent A phase=NLG duration_sec=22.649996042251587
[03:54:39] PHASE turn=13 speaker=Agent A phase=TTS duration_sec=3.540717
[03:54:39] PHASE turn=13 speaker=Agent A phase=ASR duration_sec=0.906778
[03:54:39] SYSTEM telemetry.speech
[03:54:39] SYSTEM telemetry.timing
[03:54:39] TIMING turn=13 speaker=Agent A generation=22.649996 synthesis=3.540717 audio=8.415 recognition=0.906778 understanding=None dialogue_management=None pipeline_wall=4.44837 turn_observed=31.064996
[03:54:39] MEMORY turn=13 reason=agent_a_reply changed=Agent A,Agent B
[03:54:39] STEP turn=None speaker=Agent A route_valid=- route_goal=- route=-
[04:00:56] PHASE turn=14 speaker=Agent B phase=NLG duration_sec=373.3391568660736
[04:00:56] PHASE turn=14 speaker=Agent B phase=TTS duration_sec=3.331175
[04:00:56] PHASE turn=14 speaker=Agent B phase=ASR duration_sec=0.949854
[04:00:56] SYSTEM telemetry.speech
[04:00:56] SYSTEM telemetry.timing
[04:00:56] MEMORY turn=14 reason=agent_b_reply changed=Agent A,Agent B
[04:00:56] STEP turn=None speaker=Agent B route_valid=- route_goal=- route=-
[04:00:56] PHASE turn=14 speaker=Agent B phase=NLU duration_sec=0.000332
[04:00:56] SYSTEM telemetry.nlu
[04:00:56] PHASE turn=14 speaker=Agent B phase=DM duration_sec=0.00012555881403386593
[04:00:56] TIMING turn=14 speaker=Agent B generation=373.339157 synthesis=3.331175 audio=7.719 recognition=0.949854 understanding=0.000332 dialogue_management=0.000126 pipeline_wall=4.28197 turn_observed=381.058614
[04:00:58] PHASE turn=15 speaker=Agent A phase=NLG duration_sec=0.03438735008239746
[04:00:58] PHASE turn=15 speaker=Agent A phase=TTS duration_sec=0.966076
[04:00:58] PHASE turn=15 speaker=Agent A phase=ASR duration_sec=0.55414
[04:00:58] SYSTEM telemetry.speech
[04:00:58] SYSTEM telemetry.timing
[04:00:58] TIMING turn=15 speaker=Agent A generation=0.034387 synthesis=0.966076 audio=3.095 recognition=0.55414 understanding=None dialogue_management=None pipeline_wall=1.520696 turn_observed=3.129387
[04:00:58] MEMORY turn=15 reason=agent_a_reply changed=Agent A,Agent B
[04:00:58] STEP turn=None speaker=Agent A route_valid=- route_goal=- route=-
[04:01:00] PHASE turn=16 speaker=Agent B phase=NLG duration_sec=0.0006148815155029297
[04:01:00] PHASE turn=16 speaker=Agent B phase=TTS duration_sec=1.4814
[04:01:00] PHASE turn=16 speaker=Agent B phase=ASR duration_sec=0.626578
[04:01:00] SYSTEM telemetry.speech
[04:01:00] SYSTEM telemetry.timing
[04:01:00] MEMORY turn=16 reason=agent_b_reply changed=Agent A,Agent B
[04:01:00] STEP turn=None speaker=Agent B route_valid=- route_goal=- route=-
[04:01:00] PHASE turn=16 speaker=Agent B phase=NLU duration_sec=6e-06
[04:01:00] PHASE turn=16 speaker=Agent B phase=DM duration_sec=8.432986214756966e-05
[04:01:00] TIMING turn=16 speaker=Agent B generation=0.000615 synthesis=1.4814 audio=3.159 recognition=0.626578 understanding=6e-06 dialogue_management=8.4e-05 pipeline_wall=2.108393 turn_observed=3.159705
[04:01:05] PHASE turn=17 speaker=Agent A phase=NLG duration_sec=0.03306269645690918
[04:01:05] PHASE turn=17 speaker=Agent A phase=TTS duration_sec=3.519747
[04:01:05] PHASE turn=17 speaker=Agent A phase=ASR duration_sec=1.016983
[04:01:05] SYSTEM telemetry.speech
[04:01:05] SYSTEM telemetry.timing
[04:01:05] TIMING turn=17 speaker=Agent A generation=0.033063 synthesis=3.519747 audio=7.913 recognition=1.016983 understanding=None dialogue_management=None pipeline_wall=4.537165 turn_observed=7.946063
[04:01:05] MEMORY turn=17 reason=agent_a_reply changed=Agent A,Agent B
[04:01:05] STEP turn=None speaker=Agent A route_valid=- route_goal=- route=-
[04:07:19] PHASE turn=18 speaker=Agent B phase=NLG duration_sec=358.3161292076111
[04:07:19] PHASE turn=18 speaker=Agent B phase=TTS duration_sec=14.34598
[04:07:19] PHASE turn=18 speaker=Agent B phase=ASR duration_sec=1.344347
[04:07:19] SYSTEM telemetry.speech
[04:07:19] SYSTEM telemetry.timing
[04:07:19] MEMORY turn=18 reason=agent_b_reply changed=Agent A,Agent B
[04:07:19] STEP turn=None speaker=Agent B route_valid=- route_goal=- route=-
[04:07:19] PHASE turn=18 speaker=Agent B phase=NLU duration_sec=0.000552
[04:07:19] SYSTEM telemetry.nlu
[04:07:19] PHASE turn=18 speaker=Agent B phase=DM duration_sec=0.00012641889043152332
[04:07:19] TIMING turn=18 speaker=Agent B generation=358.316129 synthesis=14.34598 audio=7.719 recognition=1.344347 understanding=0.000552 dialogue_management=0.000126 pipeline_wall=15.691221 turn_observed=374.008211
[04:07:33] PHASE turn=19 speaker=Agent A phase=NLG duration_sec=0.03224444389343262
[04:07:33] PHASE turn=19 speaker=Agent A phase=TTS duration_sec=12.624611
[04:07:33] PHASE turn=19 speaker=Agent A phase=ASR duration_sec=1.425089
[04:07:33] SYSTEM telemetry.speech
[04:07:33] SYSTEM telemetry.timing
[04:07:33] TIMING turn=19 speaker=Agent A generation=0.032244 synthesis=12.624611 audio=7.913 recognition=1.425089 understanding=None dialogue_management=None pipeline_wall=14.050255 turn_observed=14.082624
[04:07:33] MEMORY turn=19 reason=agent_a_reply changed=none
[04:07:33] STEP turn=None speaker=Agent A route_valid=- route_goal=- route=-
[04:13:30] PHASE turn=20 speaker=Agent B phase=NLG duration_sec=351.8268144130707
[04:13:30] PHASE turn=20 speaker=Agent B phase=TTS duration_sec=4.764317
[04:13:30] PHASE turn=20 speaker=Agent B phase=ASR duration_sec=0.930382
[04:13:30] SYSTEM telemetry.speech
[04:13:30] SYSTEM telemetry.timing
[04:13:30] MEMORY turn=20 reason=agent_b_reply changed=none
[04:13:30] STEP turn=None speaker=Agent B route_valid=- route_goal=- route=-
[04:13:30] PHASE turn=20 speaker=Agent B phase=NLU duration_sec=0.000377
[04:13:30] SYSTEM telemetry.nlu
[04:13:30] PHASE turn=20 speaker=Agent B phase=DM duration_sec=0.00014183903113007545
[04:13:30] TIMING turn=20 speaker=Agent B generation=351.826814 synthesis=4.764317 audio=7.719 recognition=0.930382 understanding=0.000377 dialogue_management=0.000142 pipeline_wall=5.695424 turn_observed=359.546333
[04:13:30] SYSTEM metrics
[04:13:30] SYSTEM done
[04:13:30] SEGMENT batch.condition.end status=ok duration=2629.687652 seconds
[04:13:30] SESSION END batch-C-MPCC-FC-CLEAN-PIP-VOS-QQ57I-DEFAU-LRG-I0-7cde28dbf6-A
