=== batch-c-le-mser-clean-pip-fwh-qq57i-pad-lrg-i0-8d756dccdb-t-20260713-114702.log | sha256=fb83537a3777dbb6c2d92108bb2fe9ecc2cbce081873f664281456ed676898e4 ===
[11:47:02] SESSION START batch-C-LE-MSER-CLEAN-PIP-FWH-QQ57I-PAD-LRG-I0-8d756dccdb-T
[11:47:02] SEGMENT batch.condition.start status=ok duration=None seconds
[11:47:02] SYSTEM timer.start
[11:47:03] PHASE turn=1 speaker=Agent A phase=NLG duration_sec=0.0
[11:47:03] PHASE turn=1 speaker=Agent A phase=TTS duration_sec=0.537293
[11:47:03] PHASE turn=1 speaker=Agent A phase=ASR duration_sec=0.028129
[11:47:03] SYSTEM telemetry.speech
[11:47:03] MEMORY turn=1 reason=opening changed=Agent A,Agent B
[11:47:03] STEP turn=None speaker=Agent A route_valid=- route_goal=- route=-
[11:47:03] SYSTEM telemetry.timing
[11:47:03] TIMING turn=1 speaker=Agent A generation=0.0 synthesis=0.537293 audio=11.917 recognition=0.028129 understanding=None dialogue_management=None pipeline_wall=0.566026 turn_observed=11.917
[11:48:05] PHASE turn=2 speaker=Agent B phase=NLG duration_sec=61.65288758277893
[11:48:05] PHASE turn=2 speaker=Agent B phase=TTS duration_sec=0.821129
[11:48:05] PHASE turn=2 speaker=Agent B phase=ASR duration_sec=0.016339
[11:48:05] SYSTEM telemetry.speech
[11:48:05] SYSTEM telemetry.timing
[11:48:05] MEMORY turn=2 reason=agent_b_reply changed=Agent A,Agent B
[11:48:05] STEP turn=None speaker=Agent B route_valid=- route_goal=- route=-
[11:48:05] PHASE turn=2 speaker=Agent B phase=NLU duration_sec=0.002283
[11:48:05] SYSTEM telemetry.nlu
[11:48:05] SYSTEM route
[11:48:05] SYSTEM candidate
[11:48:05] PHASE turn=2 speaker=Agent B phase=DM duration_sec=0.00448026810772717
[11:48:05] TIMING turn=2 speaker=Agent B generation=61.652888 synthesis=0.821129 audio=9.03 recognition=0.016339 understanding=0.002283 dialogue_management=0.00448 pipeline_wall=0.837713 turn_observed=70.689651
[11:48:49] PHASE turn=3 speaker=Agent A phase=NLG duration_sec=43.22087240219116
[11:48:49] PHASE turn=3 speaker=Agent A phase=TTS duration_sec=0.772172
[11:48:49] PHASE turn=3 speaker=Agent A phase=ASR duration_sec=0.01449
[11:48:49] SYSTEM telemetry.speech
[11:48:49] SYSTEM telemetry.timing
[11:48:49] TIMING turn=3 speaker=Agent A generation=43.220872 synthesis=0.772172 audio=6.143 recognition=0.01449 understanding=None dialogue_management=None pipeline_wall=0.787101 turn_observed=49.363872
[11:48:49] MEMORY turn=3 reason=agent_a_reply changed=Agent A,Agent B
[11:48:49] STEP turn=None speaker=Agent A route_valid=- route_goal=- route=-
[11:49:52] PHASE turn=4 speaker=Agent B phase=NLG duration_sec=62.24482774734497
[11:49:52] PHASE turn=4 speaker=Agent B phase=TTS duration_sec=1.063884
[11:49:52] PHASE turn=4 speaker=Agent B phase=ASR duration_sec=0.019895
[11:49:52] SYSTEM telemetry.speech
[11:49:52] SYSTEM telemetry.timing
[11:49:52] MEMORY turn=4 reason=agent_b_reply changed=Agent A,Agent B
[11:49:52] STEP turn=None speaker=Agent B route_valid=- route_goal=- route=-
[11:49:52] PHASE turn=4 speaker=Agent B phase=NLU duration_sec=0.002747
[11:49:52] SYSTEM telemetry.nlu
[11:49:52] SYSTEM candidate
[11:49:52] PHASE turn=4 speaker=Agent B phase=DM duration_sec=0.0041417209431529045
[11:49:52] TIMING turn=4 speaker=Agent B generation=62.244828 synthesis=1.063884 audio=11.566 recognition=0.019895 understanding=0.002747 dialogue_management=0.004142 pipeline_wall=1.084196 turn_observed=73.817717
[11:50:21] PHASE turn=5 speaker=Agent A phase=NLG duration_sec=27.722687244415283
[11:50:21] PHASE turn=5 speaker=Agent A phase=TTS duration_sec=0.712631
[11:50:21] PHASE turn=5 speaker=Agent A phase=ASR duration_sec=0.027997
[11:50:21] SYSTEM telemetry.speech
[11:50:21] SYSTEM telemetry.timing
[11:50:21] TIMING turn=5 speaker=Agent A generation=27.722687 synthesis=0.712631 audio=6.597 recognition=0.027997 understanding=None dialogue_management=None pipeline_wall=0.741073 turn_observed=34.319687
[11:50:21] MEMORY turn=5 reason=agent_a_reply changed=Agent A,Agent B
[11:50:21] STEP turn=None speaker=Agent A route_valid=- route_goal=- route=-
[11:51:38] PHASE turn=6 speaker=Agent B phase=NLG duration_sec=75.91873455047607
[11:51:38] PHASE turn=6 speaker=Agent B phase=TTS duration_sec=1.612538
[11:51:38] PHASE turn=6 speaker=Agent B phase=ASR duration_sec=0.032325
[11:51:38] SYSTEM telemetry.speech
[11:51:38] SYSTEM telemetry.timing
[11:51:38] MEMORY turn=6 reason=agent_b_reply changed=Agent A,Agent B
[11:51:38] STEP turn=None speaker=Agent B route_valid=- route_goal=- route=-
[11:51:38] PHASE turn=6 speaker=Agent B phase=NLU duration_sec=0.00518
[11:51:38] SYSTEM telemetry.nlu
[11:51:39] SYSTEM candidate
[11:51:39] PHASE turn=6 speaker=Agent B phase=DM duration_sec=0.004927533911541104
[11:51:39] TIMING turn=6 speaker=Agent B generation=75.918735 synthesis=1.612538 audio=14.461 recognition=0.032325 understanding=0.00518 dialogue_management=0.004928 pipeline_wall=1.645377 turn_observed=90.389842
[11:51:39] PHASE turn=7 speaker=Agent A phase=NLG duration_sec=0.0037522315979003906
[11:51:39] PHASE turn=7 speaker=Agent A phase=TTS duration_sec=0.418883
[11:51:39] PHASE turn=7 speaker=Agent A phase=ASR duration_sec=0.009712
[11:51:39] SYSTEM telemetry.speech
[11:51:39] SYSTEM telemetry.timing
[11:51:39] TIMING turn=7 speaker=Agent A generation=0.003752 synthesis=0.418883 audio=3.87 recognition=0.009712 understanding=None dialogue_management=None pipeline_wall=0.428825 turn_observed=3.873752
[11:51:39] MEMORY turn=7 reason=agent_a_reply changed=Agent A,Agent B
[11:51:39] STEP turn=None speaker=Agent A route_valid=- route_goal=- route=-
[11:51:39] PHASE turn=8 speaker=Agent B phase=NLG duration_sec=0.22420716285705566
[11:51:39] PHASE turn=8 speaker=Agent B phase=TTS duration_sec=0.266654
[11:51:39] PHASE turn=8 speaker=Agent B phase=ASR duration_sec=0.004739
[11:51:39] SYSTEM telemetry.speech
[11:51:39] SYSTEM telemetry.timing
[11:51:39] MEMORY turn=8 reason=agent_b_reply changed=Agent A,Agent B
[11:51:39] STEP turn=None speaker=Agent B route_valid=- route_goal=- route=-
[11:51:39] PHASE turn=8 speaker=Agent B phase=NLU duration_sec=6e-06
[11:51:39] PHASE turn=8 speaker=Agent B phase=DM duration_sec=7.061893120408058e-05
[11:51:39] TIMING turn=8 speaker=Agent B generation=0.224207 synthesis=0.266654 audio=2.276 recognition=0.004739 understanding=6e-06 dialogue_management=7.1e-05 pipeline_wall=0.271611 turn_observed=2.500284
[11:52:16] PHASE turn=9 speaker=Agent A phase=NLG duration_sec=35.73984742164612
[11:52:16] PHASE turn=9 speaker=Agent A phase=TTS duration_sec=0.600546
[11:52:16] PHASE turn=9 speaker=Agent A phase=ASR duration_sec=0.019221
[11:52:16] SYSTEM telemetry.speech
[11:52:16] SYSTEM telemetry.timing
[11:52:16] TIMING turn=9 speaker=Agent A generation=35.739847 synthesis=0.600546 audio=6.597 recognition=0.019221 understanding=None dialogue_management=None pipeline_wall=0.620208 turn_observed=42.336847
[11:52:16] MEMORY turn=9 reason=agent_a_reply changed=Agent A,Agent B
[11:52:16] STEP turn=None speaker=Agent A route_valid=- route_goal=- route=-
[11:53:31] PHASE turn=10 speaker=Agent B phase=NLG duration_sec=73.3828067779541
[11:53:31] PHASE turn=10 speaker=Agent B phase=TTS duration_sec=1.325667
[11:53:31] PHASE turn=10 speaker=Agent B phase=ASR duration_sec=0.025096
[11:53:31] SYSTEM telemetry.speech
[11:53:31] SYSTEM telemetry.timing
[11:53:31] MEMORY turn=10 reason=agent_b_reply changed=Agent A,Agent B
[11:53:31] STEP turn=None speaker=Agent B route_valid=- route_goal=- route=-
[11:53:31] PHASE turn=10 speaker=Agent B phase=NLU duration_sec=0.004553
[11:53:31] SYSTEM telemetry.nlu
[11:53:31] SYSTEM candidate
[11:53:31] PHASE turn=10 speaker=Agent B phase=DM duration_sec=0.005693607032299042
[11:53:31] TIMING turn=10 speaker=Agent B generation=73.382807 synthesis=1.325667 audio=14.461 recognition=0.025096 understanding=0.004553 dialogue_management=0.005694 pipeline_wall=1.351119 turn_observed=87.854054
[11:54:01] PHASE turn=11 speaker=Agent A phase=NLG duration_sec=30.375311613082886
[11:54:01] PHASE turn=11 speaker=Agent A phase=TTS duration_sec=0.508101
[11:54:01] PHASE turn=11 speaker=Agent A phase=ASR duration_sec=0.014281
[11:54:01] SYSTEM telemetry.speech
[11:54:01] SYSTEM telemetry.timing
[11:54:01] TIMING turn=11 speaker=Agent A generation=30.375312 synthesis=0.508101 audio=5.361 recognition=0.014281 understanding=None dialogue_management=None pipeline_wall=0.522843 turn_observed=35.736312
[11:54:01] MEMORY turn=11 reason=agent_a_reply changed=Agent A,Agent B
[11:54:01] STEP turn=None speaker=Agent A route_valid=- route_goal=- route=-
[11:54:02] SYSTEM metrics
[11:54:02] SYSTEM done
[11:54:02] SEGMENT batch.condition.end status=ok duration=419.585124 seconds
[11:54:02] SESSION END batch-C-LE-MSER-CLEAN-PIP-FWH-QQ57I-PAD-LRG-I0-8d756dccdb-T
