=== batch-c-mpcc-car-clean-pip-vos-tl1-defau-sml-i0-e7c22065df-t-20260714-052016.log | sha256=e3b65349aafdf07b8316199fd4c1ef76c0967485075e8359586ecc48657a3f2b ===
[05:20:16] SESSION START batch-C-MPCC-CAR-CLEAN-PIP-VOS-TL1-DEFAU-SML-I0-e7c22065df-T
[05:20:16] SEGMENT batch.condition.start status=ok duration=None seconds
[05:20:16] SYSTEM timer.start
[05:20:17] PHASE turn=1 speaker=Agent A phase=NLG duration_sec=0.0
[05:20:17] PHASE turn=1 speaker=Agent A phase=TTS duration_sec=0.591595
[05:20:17] PHASE turn=1 speaker=Agent A phase=ASR duration_sec=0.0299
[05:20:17] SYSTEM telemetry.speech
[05:20:17] MEMORY turn=1 reason=opening changed=Agent A,Agent B
[05:20:17] STEP turn=None speaker=Agent A route_valid=- route_goal=- route=-
[05:20:17] SYSTEM telemetry.timing
[05:20:17] TIMING turn=1 speaker=Agent A generation=0.0 synthesis=0.591595 audio=11.463 recognition=0.0299 understanding=None dialogue_management=None pipeline_wall=0.622196 turn_observed=11.463
[05:21:21] PHASE turn=2 speaker=Agent B phase=NLG duration_sec=63.67903447151184
[05:21:21] PHASE turn=2 speaker=Agent B phase=TTS duration_sec=0.942241
[05:21:21] PHASE turn=2 speaker=Agent B phase=ASR duration_sec=0.016941
[05:21:21] SYSTEM telemetry.speech
[05:21:21] SYSTEM telemetry.timing
[05:21:22] MEMORY turn=2 reason=agent_b_reply changed=Agent A,Agent B
[05:21:22] STEP turn=None speaker=Agent B route_valid=- route_goal=- route=-
[05:21:22] PHASE turn=2 speaker=Agent B phase=NLU duration_sec=0.00096
[05:21:22] SYSTEM telemetry.nlu
[05:21:22] SYSTEM route
[05:21:22] SYSTEM candidate
[05:21:22] PHASE turn=2 speaker=Agent B phase=DM duration_sec=0.0031752754002809525
[05:21:22] TIMING turn=2 speaker=Agent B generation=63.679034 synthesis=0.942241 audio=9.03 recognition=0.016941 understanding=0.00096 dialogue_management=0.003175 pipeline_wall=0.959574 turn_observed=72.71317
[05:21:46] PHASE turn=3 speaker=Agent A phase=NLG duration_sec=23.29459023475647
[05:21:46] PHASE turn=3 speaker=Agent A phase=TTS duration_sec=0.789765
[05:21:46] PHASE turn=3 speaker=Agent A phase=ASR duration_sec=0.018271
[05:21:46] SYSTEM telemetry.speech
[05:21:46] SYSTEM telemetry.timing
[05:21:46] TIMING turn=3 speaker=Agent A generation=23.29459 synthesis=0.789765 audio=7.961 recognition=0.018271 understanding=None dialogue_management=None pipeline_wall=0.808425 turn_observed=31.25559
[05:21:46] MEMORY turn=3 reason=agent_a_reply changed=Agent A,Agent B
[05:21:46] STEP turn=None speaker=Agent A route_valid=- route_goal=- route=-
[05:22:53] PHASE turn=4 speaker=Agent B phase=NLG duration_sec=66.05871152877808
[05:22:53] PHASE turn=4 speaker=Agent B phase=TTS duration_sec=1.218509
[05:22:53] PHASE turn=4 speaker=Agent B phase=ASR duration_sec=0.019505
[05:22:53] SYSTEM telemetry.speech
[05:22:53] SYSTEM telemetry.timing
[05:22:53] MEMORY turn=4 reason=agent_b_reply changed=Agent A,Agent B
[05:22:53] STEP turn=None speaker=Agent B route_valid=- route_goal=- route=-
[05:22:53] PHASE turn=4 speaker=Agent B phase=NLU duration_sec=0.00271
[05:22:53] SYSTEM telemetry.nlu
[05:22:53] SYSTEM candidate
[05:22:53] PHASE turn=4 speaker=Agent B phase=DM duration_sec=0.002982969395816326
[05:22:53] TIMING turn=4 speaker=Agent B generation=66.058712 synthesis=1.218509 audio=11.925 recognition=0.019505 understanding=0.00271 dialogue_management=0.002983 pipeline_wall=1.238434 turn_observed=77.989404
[05:23:18] PHASE turn=5 speaker=Agent A phase=NLG duration_sec=24.406877756118774
[05:23:18] PHASE turn=5 speaker=Agent A phase=TTS duration_sec=0.797685
[05:23:18] PHASE turn=5 speaker=Agent A phase=ASR duration_sec=0.01796
[05:23:18] SYSTEM telemetry.speech
[05:23:18] SYSTEM telemetry.timing
[05:23:18] TIMING turn=5 speaker=Agent A generation=24.406878 synthesis=0.797685 audio=6.143 recognition=0.01796 understanding=None dialogue_management=None pipeline_wall=0.816075 turn_observed=30.549878
[05:23:18] MEMORY turn=5 reason=agent_a_reply changed=Agent A,Agent B
[05:23:18] STEP turn=None speaker=Agent A route_valid=- route_goal=- route=-
[05:24:32] PHASE turn=6 speaker=Agent B phase=NLG duration_sec=71.7175030708313
[05:24:32] PHASE turn=6 speaker=Agent B phase=TTS duration_sec=1.715869
[05:24:32] PHASE turn=6 speaker=Agent B phase=ASR duration_sec=0.024743
[05:24:32] SYSTEM telemetry.speech
[05:24:32] SYSTEM telemetry.timing
[05:24:32] MEMORY turn=6 reason=agent_b_reply changed=Agent A,Agent B
[05:24:32] STEP turn=None speaker=Agent B route_valid=- route_goal=- route=-
[05:24:32] PHASE turn=6 speaker=Agent B phase=NLU duration_sec=0.001382
[05:24:32] SYSTEM telemetry.nlu
[05:24:32] SYSTEM candidate
[05:24:32] PHASE turn=6 speaker=Agent B phase=DM duration_sec=0.006990727037191391
[05:24:32] TIMING turn=6 speaker=Agent B generation=71.717503 synthesis=1.715869 audio=14.461 recognition=0.024743 understanding=0.001382 dialogue_management=0.006991 pipeline_wall=1.741042 turn_observed=86.186876
[05:25:00] PHASE turn=7 speaker=Agent A phase=NLG duration_sec=27.07516312599182
[05:25:00] PHASE turn=7 speaker=Agent A phase=TTS duration_sec=0.819175
[05:25:00] PHASE turn=7 speaker=Agent A phase=ASR duration_sec=0.020277
[05:25:00] SYSTEM telemetry.speech
[05:25:00] SYSTEM telemetry.timing
[05:25:00] TIMING turn=7 speaker=Agent A generation=27.075163 synthesis=0.819175 audio=6.597 recognition=0.020277 understanding=None dialogue_management=None pipeline_wall=0.83983 turn_observed=33.672163
[05:25:00] MEMORY turn=7 reason=agent_a_reply changed=Agent A,Agent B
[05:25:00] STEP turn=None speaker=Agent A route_valid=- route_goal=- route=-
[05:26:18] PHASE turn=8 speaker=Agent B phase=NLG duration_sec=77.4961998462677
[05:26:18] PHASE turn=8 speaker=Agent B phase=TTS duration_sec=1.140404
[05:26:18] PHASE turn=8 speaker=Agent B phase=ASR duration_sec=0.022954
[05:26:18] SYSTEM telemetry.speech
[05:26:18] SYSTEM telemetry.timing
[05:26:18] MEMORY turn=8 reason=agent_b_reply changed=Agent A,Agent B
[05:26:18] STEP turn=None speaker=Agent B route_valid=- route_goal=- route=-
[05:26:18] PHASE turn=8 speaker=Agent B phase=NLU duration_sec=0.001535
[05:26:18] SYSTEM telemetry.nlu
[05:26:18] SYSTEM candidate
[05:26:18] PHASE turn=8 speaker=Agent B phase=DM duration_sec=0.004867211915552616
[05:26:18] TIMING turn=8 speaker=Agent B generation=77.4962 synthesis=1.140404 audio=11.125 recognition=0.022954 understanding=0.001535 dialogue_management=0.004867 pipeline_wall=1.163867 turn_observed=88.627602
[05:26:19] PHASE turn=9 speaker=Agent A phase=NLG duration_sec=0.0018236637115478516
[05:26:19] PHASE turn=9 speaker=Agent A phase=TTS duration_sec=0.372016
[05:26:19] PHASE turn=9 speaker=Agent A phase=ASR duration_sec=0.007982
[05:26:19] SYSTEM telemetry.speech
[05:26:19] SYSTEM telemetry.timing
[05:26:19] TIMING turn=9 speaker=Agent A generation=0.001824 synthesis=0.372016 audio=3.87 recognition=0.007982 understanding=None dialogue_management=None pipeline_wall=0.380205 turn_observed=3.871824
[05:26:19] MEMORY turn=9 reason=agent_a_reply changed=Agent A,Agent B
[05:26:19] STEP turn=None speaker=Agent A route_valid=- route_goal=- route=-
[05:26:19] PHASE turn=10 speaker=Agent B phase=NLG duration_sec=0.1962728500366211
[05:26:19] PHASE turn=10 speaker=Agent B phase=TTS duration_sec=0.243151
[05:26:19] PHASE turn=10 speaker=Agent B phase=ASR duration_sec=0.004212
[05:26:19] SYSTEM telemetry.speech
[05:26:19] SYSTEM telemetry.timing
[05:26:19] MEMORY turn=10 reason=agent_b_reply changed=Agent A,Agent B
[05:26:19] STEP turn=None speaker=Agent B route_valid=- route_goal=- route=-
[05:26:19] PHASE turn=10 speaker=Agent B phase=NLU duration_sec=9e-06
[05:26:19] PHASE turn=10 speaker=Agent B phase=DM duration_sec=6.567873060703278e-05
[05:26:19] TIMING turn=10 speaker=Agent B generation=0.196273 synthesis=0.243151 audio=2.276 recognition=0.004212 understanding=9e-06 dialogue_management=6.6e-05 pipeline_wall=0.24757 turn_observed=2.472347
[05:26:48] PHASE turn=11 speaker=Agent A phase=NLG duration_sec=28.810839891433716
[05:26:48] PHASE turn=11 speaker=Agent A phase=TTS duration_sec=0.539658
[05:26:48] PHASE turn=11 speaker=Agent A phase=ASR duration_sec=0.013244
[05:26:48] SYSTEM telemetry.speech
[05:26:48] SYSTEM telemetry.timing
[05:26:48] TIMING turn=11 speaker=Agent A generation=28.81084 synthesis=0.539658 audio=5.361 recognition=0.013244 understanding=None dialogue_management=None pipeline_wall=0.553224 turn_observed=34.17184
[05:26:49] MEMORY turn=11 reason=agent_a_reply changed=Agent A,Agent B
[05:26:49] STEP turn=None speaker=Agent A route_valid=- route_goal=- route=-
[05:26:49] SYSTEM metrics
[05:26:49] SYSTEM done
[05:26:49] SEGMENT batch.condition.end status=ok duration=392.30727 seconds
[05:26:49] SESSION END batch-C-MPCC-CAR-CLEAN-PIP-VOS-TL1-DEFAU-SML-I0-e7c22065df-T
