=== batch-c-cee-dst-hesit-pip-fwh-qq57i-defau-lrg-i0-70f0004603-t-20260714-114757.log | sha256=bcecd627c0a45a7cfdc2c4be3a8a9b86d6cc2d7bd1ea9e925b6a51c5a69da6bf ===
[11:47:57] SESSION START batch-C-CEE-DST-HESIT-PIP-FWH-QQ57I-DEFAU-LRG-I0-70f0004603-T
[11:47:57] SEGMENT batch.condition.start status=ok duration=None seconds
[11:47:57] SYSTEM timer.start
[11:47:58] PHASE turn=1 speaker=Agent A phase=NLG duration_sec=0.0
[11:47:58] PHASE turn=1 speaker=Agent A phase=TTS duration_sec=0.592773
[11:47:58] PHASE turn=1 speaker=Agent A phase=ASR duration_sec=0.031697
[11:47:58] SYSTEM telemetry.speech
[11:47:58] MEMORY turn=1 reason=opening changed=Agent A,Agent B
[11:47:58] STEP turn=None speaker=Agent A route_valid=- route_goal=- route=-
[11:47:58] SYSTEM telemetry.timing
[11:47:58] TIMING turn=1 speaker=Agent A generation=0.0 synthesis=0.592773 audio=12.423 recognition=0.031697 understanding=None dialogue_management=None pipeline_wall=0.625211 turn_observed=12.423
[11:52:58] PHASE turn=2 speaker=Agent B phase=NLG duration_sec=299.4406819343567
[11:52:58] PHASE turn=2 speaker=Agent B phase=TTS duration_sec=0.680696
[11:52:58] PHASE turn=2 speaker=Agent B phase=ASR duration_sec=0.015356
[11:52:58] SYSTEM telemetry.speech
[11:52:58] SYSTEM telemetry.timing
[11:52:58] MEMORY turn=2 reason=agent_b_reply changed=Agent A,Agent B
[11:52:58] STEP turn=None speaker=Agent B route_valid=- route_goal=- route=-
[11:52:58] PHASE turn=2 speaker=Agent B phase=NLU duration_sec=0.000736
[11:52:58] SYSTEM telemetry.nlu
[11:52:58] SYSTEM route
[11:52:58] SYSTEM candidate
[11:52:58] PHASE turn=2 speaker=Agent B phase=DM duration_sec=0.002949794754385948
[11:52:58] TIMING turn=2 speaker=Agent B generation=299.440682 synthesis=0.680696 audio=6.924 recognition=0.015356 understanding=0.000736 dialogue_management=0.00295 pipeline_wall=0.696793 turn_observed=306.368367
[11:53:19] PHASE turn=3 speaker=Agent A phase=NLG duration_sec=19.83173632621765
[11:53:19] PHASE turn=3 speaker=Agent A phase=TTS duration_sec=0.571784
[11:53:19] PHASE turn=3 speaker=Agent A phase=ASR duration_sec=0.016599
[11:53:19] SYSTEM telemetry.speech
[11:53:19] SYSTEM telemetry.timing
[11:53:19] TIMING turn=3 speaker=Agent A generation=19.831736 synthesis=0.571784 audio=6.879 recognition=0.016599 understanding=None dialogue_management=None pipeline_wall=0.588804 turn_observed=26.710736
[11:53:19] MEMORY turn=3 reason=agent_a_reply changed=Agent A,Agent B
[11:53:19] STEP turn=None speaker=Agent A route_valid=- route_goal=- route=-
[11:58:50] PHASE turn=4 speaker=Agent B phase=NLG duration_sec=330.16328978538513
[11:58:50] PHASE turn=4 speaker=Agent B phase=TTS duration_sec=1.172497
[11:58:50] PHASE turn=4 speaker=Agent B phase=ASR duration_sec=0.024865
[11:58:50] SYSTEM telemetry.speech
[11:58:50] SYSTEM telemetry.timing
[11:58:50] MEMORY turn=4 reason=agent_b_reply changed=Agent A,Agent B
[11:58:50] STEP turn=None speaker=Agent B route_valid=- route_goal=- route=-
[11:58:50] PHASE turn=4 speaker=Agent B phase=NLU duration_sec=0.002985
[11:58:50] SYSTEM telemetry.nlu
[11:58:50] SYSTEM candidate
[11:58:50] PHASE turn=4 speaker=Agent B phase=DM duration_sec=0.003001612611114979
[11:58:50] TIMING turn=4 speaker=Agent B generation=330.16329 synthesis=1.172497 audio=12.055 recognition=0.024865 understanding=0.002985 dialogue_management=0.003002 pipeline_wall=1.197864 turn_observed=342.224276
[11:59:12] PHASE turn=5 speaker=Agent A phase=NLG duration_sec=21.64052677154541
[11:59:12] PHASE turn=5 speaker=Agent A phase=TTS duration_sec=0.576511
[11:59:12] PHASE turn=5 speaker=Agent A phase=ASR duration_sec=0.020334
[11:59:12] SYSTEM telemetry.speech
[11:59:12] SYSTEM telemetry.timing
[11:59:12] TIMING turn=5 speaker=Agent A generation=21.640527 synthesis=0.576511 audio=6.129 recognition=0.020334 understanding=None dialogue_management=None pipeline_wall=0.597202 turn_observed=27.769527
[11:59:12] MEMORY turn=5 reason=agent_a_reply changed=Agent A,Agent B
[11:59:12] STEP turn=None speaker=Agent A route_valid=- route_goal=- route=-
[12:05:10] PHASE turn=6 speaker=Agent B phase=NLG duration_sec=356.1823134422302
[12:05:10] PHASE turn=6 speaker=Agent B phase=TTS duration_sec=1.252009
[12:05:10] PHASE turn=6 speaker=Agent B phase=ASR duration_sec=0.025958
[12:05:10] SYSTEM telemetry.speech
[12:05:10] SYSTEM telemetry.timing
[12:05:10] MEMORY turn=6 reason=agent_b_reply changed=Agent A,Agent B
[12:05:10] STEP turn=None speaker=Agent B route_valid=- route_goal=- route=-
[12:05:10] PHASE turn=6 speaker=Agent B phase=NLU duration_sec=0.002792
[12:05:10] SYSTEM telemetry.nlu
[12:05:10] SYSTEM candidate
[12:05:10] PHASE turn=6 speaker=Agent B phase=DM duration_sec=0.0037066536024212837
[12:05:10] TIMING turn=6 speaker=Agent B generation=356.182313 synthesis=1.252009 audio=12.957 recognition=0.025958 understanding=0.002792 dialogue_management=0.003707 pipeline_wall=1.278436 turn_observed=369.145812
[12:05:34] PHASE turn=7 speaker=Agent A phase=NLG duration_sec=23.81088876724243
[12:05:34] PHASE turn=7 speaker=Agent A phase=TTS duration_sec=0.63359
[12:05:34] PHASE turn=7 speaker=Agent A phase=ASR duration_sec=0.018033
[12:05:34] SYSTEM telemetry.speech
[12:05:34] SYSTEM telemetry.timing
[12:05:34] TIMING turn=7 speaker=Agent A generation=23.810889 synthesis=0.63359 audio=6.879 recognition=0.018033 understanding=None dialogue_management=None pipeline_wall=0.651962 turn_observed=30.689889
[12:05:34] MEMORY turn=7 reason=agent_a_reply changed=Agent A,Agent B
[12:05:34] STEP turn=None speaker=Agent A route_valid=- route_goal=- route=-
[12:12:03] PHASE turn=8 speaker=Agent B phase=NLG duration_sec=387.10399746894836
[12:12:03] PHASE turn=8 speaker=Agent B phase=TTS duration_sec=1.301094
[12:12:03] PHASE turn=8 speaker=Agent B phase=ASR duration_sec=0.027367
[12:12:03] SYSTEM telemetry.speech
[12:12:03] SYSTEM telemetry.timing
[12:12:03] MEMORY turn=8 reason=agent_b_reply changed=Agent A,Agent B
[12:12:03] STEP turn=None speaker=Agent B route_valid=- route_goal=- route=-
[12:12:03] PHASE turn=8 speaker=Agent B phase=NLU duration_sec=0.003166
[12:12:03] SYSTEM telemetry.nlu
[12:12:03] SYSTEM candidate
[12:12:03] PHASE turn=8 speaker=Agent B phase=DM duration_sec=0.005495787598192692
[12:12:03] TIMING turn=8 speaker=Agent B generation=387.103997 synthesis=1.301094 audio=13.209 recognition=0.027367 understanding=0.003166 dialogue_management=0.005496 pipeline_wall=1.328919 turn_observed=400.321659
[12:12:29] PHASE turn=9 speaker=Agent A phase=NLG duration_sec=25.80428409576416
[12:12:29] PHASE turn=9 speaker=Agent A phase=TTS duration_sec=0.487705
[12:12:29] PHASE turn=9 speaker=Agent A phase=ASR duration_sec=0.014512
[12:12:29] SYSTEM telemetry.speech
[12:12:29] SYSTEM telemetry.timing
[12:12:29] TIMING turn=9 speaker=Agent A generation=25.804284 synthesis=0.487705 audio=5.281 recognition=0.014512 understanding=None dialogue_management=None pipeline_wall=0.502671 turn_observed=31.085284
[12:12:29] MEMORY turn=9 reason=agent_a_reply changed=Agent A,Agent B
[12:12:29] STEP turn=None speaker=Agent A route_valid=- route_goal=- route=-
[12:12:29] SYSTEM metrics
[12:12:29] SYSTEM done
[12:12:29] SEGMENT batch.condition.end status=ok duration=1471.643309 seconds
[12:12:29] SESSION END batch-C-CEE-DST-HESIT-PIP-FWH-QQ57I-DEFAU-LRG-I0-70f0004603-T
