=== batch-c-ha-mser-clean-pip-fwh-q05-pcp-sml-i0-fa86dd96ff-t-20260713-130401.log | sha256=aad8197984641b84538ac7920703b83e994db420f3793dad83c8c8b5bd87297b ===
[13:04:01] SESSION START batch-C-HA-MSER-CLEAN-PIP-FWH-Q05-PCP-SML-I0-fa86dd96ff-T
[13:04:01] SEGMENT batch.condition.start status=ok duration=None seconds
[13:04:01] SYSTEM timer.start
[13:04:02] PHASE turn=1 speaker=Agent A phase=NLG duration_sec=0.0
[13:04:02] PHASE turn=1 speaker=Agent A phase=TTS duration_sec=0.564626
[13:04:02] PHASE turn=1 speaker=Agent A phase=ASR duration_sec=0.030983
[13:04:02] SYSTEM telemetry.speech
[13:04:02] MEMORY turn=1 reason=opening changed=Agent A,Agent B
[13:04:02] STEP turn=None speaker=Agent A route_valid=- route_goal=- route=-
[13:04:02] SYSTEM telemetry.timing
[13:04:02] TIMING turn=1 speaker=Agent A generation=0.0 synthesis=0.564626 audio=11.008 recognition=0.030983 understanding=None dialogue_management=None pipeline_wall=0.596316 turn_observed=11.008
[13:04:23] PHASE turn=2 speaker=Agent B phase=NLG duration_sec=19.970680475234985
[13:04:23] PHASE turn=2 speaker=Agent B phase=TTS duration_sec=0.968424
[13:04:23] PHASE turn=2 speaker=Agent B phase=ASR duration_sec=0.017727
[13:04:23] SYSTEM telemetry.speech
[13:04:23] SYSTEM telemetry.timing
[13:04:23] MEMORY turn=2 reason=agent_b_reply changed=Agent A,Agent B
[13:04:23] STEP turn=None speaker=Agent B route_valid=- route_goal=- route=-
[13:04:23] PHASE turn=2 speaker=Agent B phase=NLU duration_sec=0.001508
[13:04:23] SYSTEM telemetry.nlu
[13:04:23] SYSTEM route
[13:04:23] SYSTEM candidate
[13:04:23] PHASE turn=2 speaker=Agent B phase=DM duration_sec=0.005579735850915313
[13:04:23] TIMING turn=2 speaker=Agent B generation=19.97068 synthesis=0.968424 audio=9.03 recognition=0.017727 understanding=0.001508 dialogue_management=0.00558 pipeline_wall=0.986491 turn_observed=29.007769
[13:05:40] PHASE turn=3 speaker=Agent A phase=NLG duration_sec=76.53729367256165
[13:05:40] PHASE turn=3 speaker=Agent A phase=TTS duration_sec=0.596438
[13:05:40] PHASE turn=3 speaker=Agent A phase=ASR duration_sec=0.01613
[13:05:40] SYSTEM telemetry.speech
[13:05:40] SYSTEM telemetry.timing
[13:05:40] TIMING turn=3 speaker=Agent A generation=76.537294 synthesis=0.596438 audio=6.143 recognition=0.01613 understanding=None dialogue_management=None pipeline_wall=0.613075 turn_observed=82.680294
[13:05:40] MEMORY turn=3 reason=agent_a_reply changed=Agent A,Agent B
[13:05:40] STEP turn=None speaker=Agent A route_valid=- route_goal=- route=-
[13:05:57] PHASE turn=4 speaker=Agent B phase=NLG duration_sec=15.356308937072754
[13:05:57] PHASE turn=4 speaker=Agent B phase=TTS duration_sec=1.494706
[13:05:57] PHASE turn=4 speaker=Agent B phase=ASR duration_sec=0.027787
[13:05:57] SYSTEM telemetry.speech
[13:05:57] SYSTEM telemetry.timing
[13:05:57] MEMORY turn=4 reason=agent_b_reply changed=Agent A,Agent B
[13:05:57] STEP turn=None speaker=Agent B route_valid=- route_goal=- route=-
[13:05:57] PHASE turn=4 speaker=Agent B phase=NLU duration_sec=0.001543
[13:05:57] SYSTEM telemetry.nlu
[13:05:57] SYSTEM candidate
[13:05:57] PHASE turn=4 speaker=Agent B phase=DM duration_sec=0.0047655298840254545
[13:05:57] TIMING turn=4 speaker=Agent B generation=15.356309 synthesis=1.494706 audio=14.461 recognition=0.027787 understanding=0.001543 dialogue_management=0.004766 pipeline_wall=1.522904 turn_observed=29.823617
[13:07:22] PHASE turn=5 speaker=Agent A phase=NLG duration_sec=84.56359386444092
[13:07:22] PHASE turn=5 speaker=Agent A phase=TTS duration_sec=0.641177
[13:07:22] PHASE turn=5 speaker=Agent A phase=ASR duration_sec=0.022807
[13:07:22] SYSTEM telemetry.speech
[13:07:22] SYSTEM telemetry.timing
[13:07:22] TIMING turn=5 speaker=Agent A generation=84.563594 synthesis=0.641177 audio=6.597 recognition=0.022807 understanding=None dialogue_management=None pipeline_wall=0.664639 turn_observed=91.160594
[13:07:22] MEMORY turn=5 reason=agent_a_reply changed=Agent A,Agent B
[13:07:22] STEP turn=None speaker=Agent A route_valid=- route_goal=- route=-
[13:07:39] PHASE turn=6 speaker=Agent B phase=NLG duration_sec=15.264150857925415
[13:07:39] PHASE turn=6 speaker=Agent B phase=TTS duration_sec=1.729491
[13:07:39] PHASE turn=6 speaker=Agent B phase=ASR duration_sec=0.033139
[13:07:39] SYSTEM telemetry.speech
[13:07:39] SYSTEM telemetry.timing
[13:07:39] MEMORY turn=6 reason=agent_b_reply changed=Agent A,Agent B
[13:07:39] STEP turn=None speaker=Agent B route_valid=- route_goal=- route=-
[13:07:39] PHASE turn=6 speaker=Agent B phase=NLU duration_sec=0.022259
[13:07:39] SYSTEM telemetry.nlu
[13:07:39] SYSTEM candidate
[13:07:39] PHASE turn=6 speaker=Agent B phase=DM duration_sec=0.005605555139482021
[13:07:39] TIMING turn=6 speaker=Agent B generation=15.264151 synthesis=1.729491 audio=17.355 recognition=0.033139 understanding=0.022259 dialogue_management=0.005606 pipeline_wall=1.763171 turn_observed=32.647016
[13:07:40] PHASE turn=7 speaker=Agent A phase=NLG duration_sec=0.002404451370239258
[13:07:40] PHASE turn=7 speaker=Agent A phase=TTS duration_sec=0.378931
[13:07:40] PHASE turn=7 speaker=Agent A phase=ASR duration_sec=0.008089
[13:07:40] SYSTEM telemetry.speech
[13:07:40] SYSTEM telemetry.timing
[13:07:40] TIMING turn=7 speaker=Agent A generation=0.002404 synthesis=0.378931 audio=3.87 recognition=0.008089 understanding=None dialogue_management=None pipeline_wall=0.387265 turn_observed=3.872404
[13:07:40] MEMORY turn=7 reason=agent_a_reply changed=Agent A,Agent B
[13:07:40] STEP turn=None speaker=Agent A route_valid=- route_goal=- route=-
[13:07:40] PHASE turn=8 speaker=Agent B phase=NLG duration_sec=0.22121286392211914
[13:07:40] PHASE turn=8 speaker=Agent B phase=TTS duration_sec=0.251573
[13:07:40] PHASE turn=8 speaker=Agent B phase=ASR duration_sec=0.004083
[13:07:40] SYSTEM telemetry.speech
[13:07:40] SYSTEM telemetry.timing
[13:07:40] MEMORY turn=8 reason=agent_b_reply changed=Agent A,Agent B
[13:07:40] STEP turn=None speaker=Agent B route_valid=- route_goal=- route=-
[13:07:40] PHASE turn=8 speaker=Agent B phase=NLU duration_sec=1e-05
[13:07:40] PHASE turn=8 speaker=Agent B phase=DM duration_sec=7.838988676667213e-05
[13:07:40] TIMING turn=8 speaker=Agent B generation=0.221213 synthesis=0.251573 audio=2.276 recognition=0.004083 understanding=1e-05 dialogue_management=7.8e-05 pipeline_wall=0.255888 turn_observed=2.497301
[13:09:12] PHASE turn=9 speaker=Agent A phase=NLG duration_sec=91.48405194282532
[13:09:12] PHASE turn=9 speaker=Agent A phase=TTS duration_sec=0.658421
[13:09:12] PHASE turn=9 speaker=Agent A phase=ASR duration_sec=0.021475
[13:09:12] SYSTEM telemetry.speech
[13:09:12] SYSTEM telemetry.timing
[13:09:12] TIMING turn=9 speaker=Agent A generation=91.484052 synthesis=0.658421 audio=6.597 recognition=0.021475 understanding=None dialogue_management=None pipeline_wall=0.680511 turn_observed=98.081052
[13:09:12] MEMORY turn=9 reason=agent_a_reply changed=Agent A,Agent B
[13:09:12] STEP turn=None speaker=Agent A route_valid=- route_goal=- route=-
[13:09:30] PHASE turn=10 speaker=Agent B phase=NLG duration_sec=15.449817895889282
[13:09:30] PHASE turn=10 speaker=Agent B phase=TTS duration_sec=1.694834
[13:09:30] PHASE turn=10 speaker=Agent B phase=ASR duration_sec=0.026967
[13:09:30] SYSTEM telemetry.speech
[13:09:30] SYSTEM telemetry.timing
[13:09:30] MEMORY turn=10 reason=agent_b_reply changed=Agent A,Agent B
[13:09:30] STEP turn=None speaker=Agent B route_valid=- route_goal=- route=-
[13:09:30] PHASE turn=10 speaker=Agent B phase=NLU duration_sec=0.002906
[13:09:30] SYSTEM telemetry.nlu
[13:09:30] SYSTEM candidate
[13:09:30] PHASE turn=10 speaker=Agent B phase=DM duration_sec=0.007562632905319333
[13:09:30] TIMING turn=10 speaker=Agent B generation=15.449818 synthesis=1.694834 audio=17.355 recognition=0.026967 understanding=0.002906 dialogue_management=0.007563 pipeline_wall=1.722276 turn_observed=32.815286
[13:11:11] PHASE turn=11 speaker=Agent A phase=NLG duration_sec=100.57783699035645
[13:11:11] PHASE turn=11 speaker=Agent A phase=TTS duration_sec=0.531858
[13:11:11] PHASE turn=11 speaker=Agent A phase=ASR duration_sec=0.017346
[13:11:11] SYSTEM telemetry.speech
[13:11:11] SYSTEM telemetry.timing
[13:11:11] TIMING turn=11 speaker=Agent A generation=100.577837 synthesis=0.531858 audio=5.361 recognition=0.017346 understanding=None dialogue_management=None pipeline_wall=0.549981 turn_observed=105.938837
[13:11:11] MEMORY turn=11 reason=agent_a_reply changed=Agent A,Agent B
[13:11:11] STEP turn=None speaker=Agent A route_valid=- route_goal=- route=-
[13:11:11] SYSTEM metrics
[13:11:11] SYSTEM done
[13:11:11] SEGMENT batch.condition.end status=ok duration=429.51254 seconds
[13:11:11] SESSION END batch-C-HA-MSER-CLEAN-PIP-FWH-Q05-PCP-SML-I0-fa86dd96ff-T
