=== batch-c-cee-ran-sc-pip-vos-tl1-defau-sml-i0-56d329a703-t-20260714-044129.log | sha256=3a042b583673ba1a0797adb607c1f472936359ed70c1269887e147fef6364219 ===
[04:41:29] SESSION START batch-C-CEE-RAN-SC-PIP-VOS-TL1-DEFAU-SML-I0-56d329a703-T
[04:41:29] SEGMENT batch.condition.start status=ok duration=None seconds
[04:41:29] SYSTEM timer.start
[04:41:30] PHASE turn=1 speaker=Agent A phase=NLG duration_sec=0.0
[04:41:30] PHASE turn=1 speaker=Agent A phase=TTS duration_sec=0.570615
[04:41:30] PHASE turn=1 speaker=Agent A phase=ASR duration_sec=0.002523
[04:41:30] SYSTEM telemetry.speech
[04:41:30] MEMORY turn=1 reason=opening changed=Agent A,Agent B
[04:41:30] STEP turn=None speaker=Agent A route_valid=- route_goal=- route=-
[04:41:30] SYSTEM telemetry.timing
[04:41:30] TIMING turn=1 speaker=Agent A generation=0.0 synthesis=0.570615 audio=10.0 recognition=0.002523 understanding=None dialogue_management=None pipeline_wall=0.573758 turn_observed=10.0
[04:41:30] PHASE turn=2 speaker=Agent B phase=NLG duration_sec=0.0026924610137939453
[04:41:30] PHASE turn=2 speaker=Agent B phase=TTS duration_sec=0.192277
[04:41:30] PHASE turn=2 speaker=Agent B phase=ASR duration_sec=0.002376
[04:41:30] SYSTEM telemetry.speech
[04:41:30] SYSTEM telemetry.timing
[04:41:30] MEMORY turn=2 reason=agent_b_reply changed=Agent A,Agent B
[04:41:30] STEP turn=None speaker=Agent B route_valid=- route_goal=- route=-
[04:41:30] PHASE turn=2 speaker=Agent B phase=NLU duration_sec=0.000317
[04:41:30] SYSTEM telemetry.nlu
[04:41:30] PHASE turn=2 speaker=Agent B phase=DM duration_sec=6.438884884119034e-05
[04:41:30] TIMING turn=2 speaker=Agent B generation=0.002692 synthesis=0.192277 audio=3.94 recognition=0.002376 understanding=0.000317 dialogue_management=6.4e-05 pipeline_wall=0.194819 turn_observed=3.943074
[04:41:30] PHASE turn=3 speaker=Agent A phase=NLG duration_sec=0.0012497901916503906
[04:41:30] PHASE turn=3 speaker=Agent A phase=TTS duration_sec=0.155563
[04:41:30] PHASE turn=3 speaker=Agent A phase=ASR duration_sec=0.002317
[04:41:30] SYSTEM telemetry.speech
[04:41:30] SYSTEM telemetry.timing
[04:41:30] TIMING turn=3 speaker=Agent A generation=0.00125 synthesis=0.155563 audio=2.69 recognition=0.002317 understanding=None dialogue_management=None pipeline_wall=0.158045 turn_observed=2.69125
[04:41:30] MEMORY turn=3 reason=agent_a_reply changed=Agent A,Agent B
[04:41:30] STEP turn=None speaker=Agent A route_valid=- route_goal=- route=-
[04:41:30] PHASE turn=4 speaker=Agent B phase=NLG duration_sec=0.0004458427429199219
[04:41:30] PHASE turn=4 speaker=Agent B phase=TTS duration_sec=0.228544
[04:41:30] PHASE turn=4 speaker=Agent B phase=ASR duration_sec=0.002315
[04:41:30] SYSTEM telemetry.speech
[04:41:30] SYSTEM telemetry.timing
[04:41:30] MEMORY turn=4 reason=agent_b_reply changed=Agent A
[04:41:30] STEP turn=None speaker=Agent B route_valid=- route_goal=- route=-
[04:41:30] PHASE turn=4 speaker=Agent B phase=NLU duration_sec=0.000325
[04:41:30] SYSTEM telemetry.nlu
[04:41:30] PHASE turn=4 speaker=Agent B phase=DM duration_sec=6.71781599521637e-05
[04:41:30] TIMING turn=4 speaker=Agent B generation=0.000446 synthesis=0.228544 audio=4.43 recognition=0.002315 understanding=0.000325 dialogue_management=6.7e-05 pipeline_wall=0.231014 turn_observed=4.430838
[04:41:31] PHASE turn=5 speaker=Agent A phase=NLG duration_sec=0.0006844997406005859
[04:41:31] PHASE turn=5 speaker=Agent A phase=TTS duration_sec=0.384049
[04:41:31] PHASE turn=5 speaker=Agent A phase=ASR duration_sec=0.001994
[04:41:31] SYSTEM telemetry.speech
[04:41:31] SYSTEM telemetry.timing
[04:41:31] TIMING turn=5 speaker=Agent A generation=0.000684 synthesis=0.384049 audio=6.356 recognition=0.001994 understanding=None dialogue_management=None pipeline_wall=0.386215 turn_observed=6.356684
[04:41:31] MEMORY turn=5 reason=agent_a_reply changed=Agent A,Agent B
[04:41:31] STEP turn=None speaker=Agent A route_valid=- route_goal=- route=-
[04:41:31] PHASE turn=6 speaker=Agent B phase=NLG duration_sec=0.0006220340728759766
[04:41:31] PHASE turn=6 speaker=Agent B phase=TTS duration_sec=0.289715
[04:41:31] PHASE turn=6 speaker=Agent B phase=ASR duration_sec=0.001935
[04:41:31] SYSTEM telemetry.speech
[04:41:31] SYSTEM telemetry.timing
[04:41:31] MEMORY turn=6 reason=agent_b_reply changed=Agent A,Agent B
[04:41:31] STEP turn=None speaker=Agent B route_valid=- route_goal=- route=-
[04:41:31] PHASE turn=6 speaker=Agent B phase=NLU duration_sec=0.000323
[04:41:31] SYSTEM telemetry.nlu
[04:41:31] PHASE turn=6 speaker=Agent B phase=DM duration_sec=6.503891199827194e-05
[04:41:31] TIMING turn=6 speaker=Agent B generation=0.000622 synthesis=0.289715 audio=4.818 recognition=0.001935 understanding=0.000323 dialogue_management=6.5e-05 pipeline_wall=0.291974 turn_observed=4.81901
[04:41:32] PHASE turn=7 speaker=Agent A phase=NLG duration_sec=0.0007548332214355469
[04:41:32] PHASE turn=7 speaker=Agent A phase=TTS duration_sec=0.704868
[04:41:32] PHASE turn=7 speaker=Agent A phase=ASR duration_sec=0.002432
[04:41:32] SYSTEM telemetry.speech
[04:41:32] SYSTEM telemetry.timing
[04:41:32] TIMING turn=7 speaker=Agent A generation=0.000755 synthesis=0.704868 audio=8.115 recognition=0.002432 understanding=None dialogue_management=None pipeline_wall=0.70755 turn_observed=8.115755
[04:41:32] MEMORY turn=7 reason=agent_a_reply changed=Agent B
[04:41:32] STEP turn=None speaker=Agent A route_valid=- route_goal=- route=-
[04:42:51] PHASE turn=8 speaker=Agent B phase=NLG duration_sec=77.98059368133545
[04:42:51] PHASE turn=8 speaker=Agent B phase=TTS duration_sec=0.895032
[04:42:51] PHASE turn=8 speaker=Agent B phase=ASR duration_sec=0.002408
[04:42:51] SYSTEM telemetry.speech
[04:42:51] SYSTEM telemetry.timing
[04:42:51] MEMORY turn=8 reason=agent_b_reply changed=Agent A,Agent B
[04:42:51] STEP turn=None speaker=Agent B route_valid=- route_goal=- route=-
[04:42:51] PHASE turn=8 speaker=Agent B phase=NLU duration_sec=0.002862
[04:42:51] SYSTEM telemetry.nlu
[04:42:51] SYSTEM route
[04:42:51] SYSTEM candidate
[04:42:51] PHASE turn=8 speaker=Agent B phase=DM duration_sec=0.005427268333733082
[04:42:51] TIMING turn=8 speaker=Agent B generation=77.980594 synthesis=0.895032 audio=7.627 recognition=0.002408 understanding=0.002862 dialogue_management=0.005427 pipeline_wall=0.897815 turn_observed=85.615883
[04:43:19] PHASE turn=9 speaker=Agent A phase=NLG duration_sec=27.12767720222473
[04:43:19] PHASE turn=9 speaker=Agent A phase=TTS duration_sec=1.042493
[04:43:19] PHASE turn=9 speaker=Agent A phase=ASR duration_sec=0.002549
[04:43:19] SYSTEM telemetry.speech
[04:43:19] SYSTEM telemetry.timing
[04:43:19] TIMING turn=9 speaker=Agent A generation=27.127677 synthesis=1.042493 audio=8.5 recognition=0.002549 understanding=None dialogue_management=None pipeline_wall=1.045457 turn_observed=35.627677
[04:43:19] MEMORY turn=9 reason=agent_a_reply changed=Agent A,Agent B
[04:43:19] STEP turn=None speaker=Agent A route_valid=- route_goal=- route=-
[04:44:41] PHASE turn=10 speaker=Agent B phase=NLG duration_sec=81.46576714515686
[04:44:41] PHASE turn=10 speaker=Agent B phase=TTS duration_sec=0.94958
[04:44:41] PHASE turn=10 speaker=Agent B phase=ASR duration_sec=0.002273
[04:44:41] SYSTEM telemetry.speech
[04:44:41] SYSTEM telemetry.timing
[04:44:41] MEMORY turn=10 reason=agent_b_reply changed=Agent A,Agent B
[04:44:41] STEP turn=None speaker=Agent B route_valid=- route_goal=- route=-
[04:44:41] PHASE turn=10 speaker=Agent B phase=NLU duration_sec=0.007899
[04:44:41] SYSTEM telemetry.nlu
[04:44:41] SYSTEM candidate
[04:44:41] PHASE turn=10 speaker=Agent B phase=DM duration_sec=0.003102651797235012
[04:44:41] TIMING turn=10 speaker=Agent B generation=81.465767 synthesis=0.94958 audio=9.068 recognition=0.002273 understanding=0.007899 dialogue_management=0.003103 pipeline_wall=0.952279 turn_observed=90.544769
[04:45:11] PHASE turn=11 speaker=Agent A phase=NLG duration_sec=29.192958116531372
[04:45:11] PHASE turn=11 speaker=Agent A phase=TTS duration_sec=0.7386
[04:45:11] PHASE turn=11 speaker=Agent A phase=ASR duration_sec=0.003465
[04:45:11] SYSTEM telemetry.speech
[04:45:11] SYSTEM telemetry.timing
[04:45:11] TIMING turn=11 speaker=Agent A generation=29.192958 synthesis=0.7386 audio=6.092 recognition=0.003465 understanding=None dialogue_management=None pipeline_wall=0.742525 turn_observed=35.284958
[04:45:11] MEMORY turn=11 reason=agent_a_reply changed=Agent A,Agent B
[04:45:11] STEP turn=None speaker=Agent A route_valid=- route_goal=- route=-
[04:46:35] PHASE turn=12 speaker=Agent B phase=NLG duration_sec=83.31746530532837
[04:46:35] PHASE turn=12 speaker=Agent B phase=TTS duration_sec=1.055094
[04:46:35] PHASE turn=12 speaker=Agent B phase=ASR duration_sec=0.002384
[04:46:35] SYSTEM telemetry.speech
[04:46:35] SYSTEM telemetry.timing
[04:46:36] MEMORY turn=12 reason=agent_b_reply changed=Agent A,Agent B
[04:46:36] STEP turn=None speaker=Agent B route_valid=- route_goal=- route=-
[04:46:36] PHASE turn=12 speaker=Agent B phase=NLU duration_sec=0.006788
[04:46:36] SYSTEM telemetry.nlu
[04:46:36] SYSTEM candidate
[04:46:36] PHASE turn=12 speaker=Agent B phase=DM duration_sec=0.0036588115617632866
[04:46:36] TIMING turn=12 speaker=Agent B generation=83.317465 synthesis=1.055094 audio=10.0 recognition=0.002384 understanding=0.006788 dialogue_management=0.003659 pipeline_wall=1.0579 turn_observed=93.327912
[04:46:36] PHASE turn=13 speaker=Agent A phase=NLG duration_sec=0.014310121536254883
[04:46:36] PHASE turn=13 speaker=Agent A phase=TTS duration_sec=0.540843
[04:46:36] PHASE turn=13 speaker=Agent A phase=ASR duration_sec=0.002253
[04:46:36] SYSTEM telemetry.speech
[04:46:36] SYSTEM telemetry.timing
[04:46:36] TIMING turn=13 speaker=Agent A generation=0.01431 synthesis=0.540843 audio=5.444 recognition=0.002253 understanding=None dialogue_management=None pipeline_wall=0.543316 turn_observed=5.45831
[04:46:36] MEMORY turn=13 reason=agent_a_reply changed=Agent A,Agent B
[04:46:36] STEP turn=None speaker=Agent A route_valid=- route_goal=- route=-
[04:48:05] PHASE turn=14 speaker=Agent B phase=NLG duration_sec=87.61127042770386
[04:48:05] PHASE turn=14 speaker=Agent B phase=TTS duration_sec=0.996694
[04:48:05] PHASE turn=14 speaker=Agent B phase=ASR duration_sec=0.002338
[04:48:05] SYSTEM telemetry.speech
[04:48:05] SYSTEM telemetry.timing
[04:48:05] MEMORY turn=14 reason=agent_b_reply changed=Agent A,Agent B
[04:48:05] STEP turn=None speaker=Agent B route_valid=- route_goal=- route=-
[04:48:05] PHASE turn=14 speaker=Agent B phase=NLU duration_sec=0.00833
[04:48:05] SYSTEM telemetry.nlu
[04:48:05] SYSTEM candidate
[04:48:05] PHASE turn=14 speaker=Agent B phase=DM duration_sec=0.004105104133486748
[04:48:05] TIMING turn=14 speaker=Agent B generation=87.61127 synthesis=0.996694 audio=9.851 recognition=0.002338 understanding=0.00833 dialogue_management=0.004105 pipeline_wall=0.999433 turn_observed=97.474706
[04:48:36] PHASE turn=15 speaker=Agent A phase=NLG duration_sec=30.95672917366028
[04:48:36] PHASE turn=15 speaker=Agent A phase=TTS duration_sec=0.697194
[04:48:36] PHASE turn=15 speaker=Agent A phase=ASR duration_sec=0.002656
[04:48:36] SYSTEM telemetry.speech
[04:48:36] SYSTEM telemetry.timing
[04:48:36] TIMING turn=15 speaker=Agent A generation=30.956729 synthesis=0.697194 audio=6.323 recognition=0.002656 understanding=None dialogue_management=None pipeline_wall=0.70024 turn_observed=37.279729
[04:48:36] MEMORY turn=15 reason=agent_a_reply changed=Agent A,Agent B
[04:48:36] STEP turn=None speaker=Agent A route_valid=- route_goal=- route=-
[04:50:06] PHASE turn=16 speaker=Agent B phase=NLG duration_sec=88.41403841972351
[04:50:06] PHASE turn=16 speaker=Agent B phase=TTS duration_sec=1.044997
[04:50:06] PHASE turn=16 speaker=Agent B phase=ASR duration_sec=0.002243
[04:50:06] SYSTEM telemetry.speech
[04:50:06] SYSTEM telemetry.timing
[04:50:06] MEMORY turn=16 reason=agent_b_reply changed=Agent A,Agent B
[04:50:06] STEP turn=None speaker=Agent B route_valid=- route_goal=- route=-
[04:50:06] PHASE turn=16 speaker=Agent B phase=NLU duration_sec=0.015585
[04:50:06] SYSTEM telemetry.nlu
[04:50:06] SYSTEM warning
[04:50:06] SYSTEM candidate
[04:50:06] PHASE turn=16 speaker=Agent B phase=DM duration_sec=0.006428719498217106
[04:50:06] TIMING turn=16 speaker=Agent B generation=88.414038 synthesis=1.044997 audio=10.0 recognition=0.002243 understanding=0.015585 dialogue_management=0.006429 pipeline_wall=1.04769 turn_observed=98.436052
[04:50:39] PHASE turn=17 speaker=Agent A phase=NLG duration_sec=32.090415954589844
[04:50:39] PHASE turn=17 speaker=Agent A phase=TTS duration_sec=0.977919
[04:50:39] PHASE turn=17 speaker=Agent A phase=ASR duration_sec=0.002699
[04:50:39] SYSTEM telemetry.speech
[04:50:39] SYSTEM telemetry.timing
[04:50:39] TIMING turn=17 speaker=Agent A generation=32.090416 synthesis=0.977919 audio=9.179 recognition=0.002699 understanding=None dialogue_management=None pipeline_wall=0.981062 turn_observed=41.269416
[04:50:39] MEMORY turn=17 reason=agent_a_reply changed=Agent A,Agent B
[04:50:39] STEP turn=None speaker=Agent A route_valid=- route_goal=- route=-
[04:50:39] SYSTEM metrics
[04:50:39] SYSTEM done
[04:50:39] SEGMENT batch.condition.end status=ok duration=550.049514 seconds
[04:50:39] SESSION END batch-C-CEE-RAN-SC-PIP-VOS-TL1-DEFAU-SML-I0-56d329a703-T
