=== batch-c-mpcc-dst-hesit-pip-vos-qq515-defau-med-i0-22f716e663-a-20260714-033242.log | sha256=be98675c04f94214996ccd342481327593b642c4ea0bd541b0fff1cbf86476bd ===
[03:32:42] SESSION START batch-C-MPCC-DST-HESIT-PIP-VOS-QQ515-DEFAU-MED-I0-22f716e663-A
[03:32:42] SEGMENT batch.condition.start status=ok duration=None seconds
[03:32:42] SYSTEM timer.start
[03:32:52] PHASE turn=1 speaker=Agent A phase=NLG duration_sec=0.0
[03:32:52] PHASE turn=1 speaker=Agent A phase=TTS duration_sec=6.121606
[03:32:52] PHASE turn=1 speaker=Agent A phase=ASR duration_sec=1.798941
[03:32:52] SYSTEM telemetry.speech
[03:32:52] MEMORY turn=1 reason=opening changed=Agent A,Agent B
[03:32:52] STEP turn=None speaker=Agent A route_valid=- route_goal=- route=-
[03:32:52] SYSTEM telemetry.timing
[03:32:52] TIMING turn=1 speaker=Agent A generation=0.0 synthesis=6.121606 audio=12.423 recognition=1.798941 understanding=None dialogue_management=None pipeline_wall=10.141668 turn_observed=12.423
[03:34:04] PHASE turn=2 speaker=Agent B phase=NLG duration_sec=65.13262104988098
[03:34:04] PHASE turn=2 speaker=Agent B phase=TTS duration_sec=4.097146
[03:34:04] PHASE turn=2 speaker=Agent B phase=ASR duration_sec=1.075507
[03:34:04] SYSTEM telemetry.speech
[03:34:04] SYSTEM telemetry.timing
[03:34:04] MEMORY turn=2 reason=agent_b_reply changed=Agent A,Agent B
[03:34:04] STEP turn=None speaker=Agent B route_valid=- route_goal=- route=-
[03:34:04] PHASE turn=2 speaker=Agent B phase=NLU duration_sec=0.001305
[03:34:04] SYSTEM telemetry.nlu
[03:34:04] SYSTEM route
[03:34:04] SYSTEM candidate
[03:34:04] PHASE turn=2 speaker=Agent B phase=DM duration_sec=0.00266818143427372
[03:34:04] TIMING turn=2 speaker=Agent B generation=65.132621 synthesis=4.097146 audio=6.924 recognition=1.075507 understanding=0.001305 dialogue_management=0.002668 pipeline_wall=6.929423 turn_observed=72.066102
[03:34:29] PHASE turn=3 speaker=Agent A phase=NLG duration_sec=19.704588174819946
[03:34:29] PHASE turn=3 speaker=Agent A phase=TTS duration_sec=2.60591
[03:34:29] PHASE turn=3 speaker=Agent A phase=ASR duration_sec=0.762335
[03:34:29] SYSTEM telemetry.speech
[03:34:29] SYSTEM telemetry.timing
[03:34:29] TIMING turn=3 speaker=Agent A generation=19.704588 synthesis=2.60591 audio=6.879 recognition=0.762335 understanding=None dialogue_management=None pipeline_wall=4.769364 turn_observed=26.583588
[03:34:29] MEMORY turn=3 reason=agent_a_reply changed=Agent A,Agent B
[03:34:29] STEP turn=None speaker=Agent A route_valid=- route_goal=- route=-
[03:35:46] PHASE turn=4 speaker=Agent B phase=NLG duration_sec=67.1812174320221
[03:35:46] PHASE turn=4 speaker=Agent B phase=TTS duration_sec=5.721078
[03:35:46] PHASE turn=4 speaker=Agent B phase=ASR duration_sec=1.246487
[03:35:46] SYSTEM telemetry.speech
[03:35:46] SYSTEM telemetry.timing
[03:35:46] MEMORY turn=4 reason=agent_b_reply changed=Agent A,Agent B
[03:35:46] STEP turn=None speaker=Agent B route_valid=- route_goal=- route=-
[03:35:46] PHASE turn=4 speaker=Agent B phase=NLU duration_sec=0.001384
[03:35:46] SYSTEM telemetry.nlu
[03:35:46] SYSTEM candidate
[03:35:46] PHASE turn=4 speaker=Agent B phase=DM duration_sec=0.005023937672376633
[03:35:46] TIMING turn=4 speaker=Agent B generation=67.181217 synthesis=5.721078 audio=11.568 recognition=1.246487 understanding=0.001384 dialogue_management=0.005024 pipeline_wall=9.822774 turn_observed=78.755625
[03:35:50] PHASE turn=5 speaker=Agent A phase=NLG duration_sec=0.0035462379455566406
[03:35:50] PHASE turn=5 speaker=Agent A phase=TTS duration_sec=2.524922
[03:35:50] PHASE turn=5 speaker=Agent A phase=ASR duration_sec=0.751567
[03:35:50] SYSTEM telemetry.speech
[03:35:50] SYSTEM telemetry.timing
[03:35:50] TIMING turn=5 speaker=Agent A generation=0.003546 synthesis=2.524922 audio=5.355 recognition=0.751567 understanding=None dialogue_management=None pipeline_wall=4.409304 turn_observed=5.358546
[03:35:50] MEMORY turn=5 reason=agent_a_reply changed=Agent A,Agent B
[03:35:50] STEP turn=None speaker=Agent A route_valid=- route_goal=- route=-
[03:37:10] PHASE turn=6 speaker=Agent B phase=NLG duration_sec=73.21569633483887
[03:37:10] PHASE turn=6 speaker=Agent B phase=TTS duration_sec=3.942226
[03:37:10] PHASE turn=6 speaker=Agent B phase=ASR duration_sec=1.014604
[03:37:10] SYSTEM telemetry.speech
[03:37:10] SYSTEM telemetry.timing
[03:37:10] MEMORY turn=6 reason=agent_b_reply changed=Agent A,Agent B
[03:37:10] STEP turn=None speaker=Agent B route_valid=- route_goal=- route=-
[03:37:10] PHASE turn=6 speaker=Agent B phase=NLU duration_sec=0.001595
[03:37:10] SYSTEM telemetry.nlu
[03:37:10] SYSTEM warning
[03:37:10] SYSTEM candidate
[03:37:10] PHASE turn=6 speaker=Agent B phase=DM duration_sec=0.0015503177419304848
[03:37:10] TIMING turn=6 speaker=Agent B generation=73.215696 synthesis=3.942226 audio=6.924 recognition=1.014604 understanding=0.001595 dialogue_management=0.00155 pipeline_wall=6.808347 turn_observed=80.142842
[03:37:14] PHASE turn=7 speaker=Agent A phase=NLG duration_sec=0.0014731884002685547
[03:37:14] PHASE turn=7 speaker=Agent A phase=TTS duration_sec=2.523712
[03:37:14] PHASE turn=7 speaker=Agent A phase=ASR duration_sec=0.630797
[03:37:14] SYSTEM telemetry.speech
[03:37:14] SYSTEM telemetry.timing
[03:37:14] TIMING turn=7 speaker=Agent A generation=0.001473 synthesis=2.523712 audio=4.556 recognition=0.630797 understanding=None dialogue_management=None pipeline_wall=4.109691 turn_observed=4.557473
[03:37:14] MEMORY turn=7 reason=agent_a_reply changed=Agent A,Agent B
[03:37:14] STEP turn=None speaker=Agent A route_valid=- route_goal=- route=-
[03:37:18] PHASE turn=8 speaker=Agent B phase=NLG duration_sec=0.19415926933288574
[03:37:18] PHASE turn=8 speaker=Agent B phase=TTS duration_sec=2.244879
[03:37:18] PHASE turn=8 speaker=Agent B phase=ASR duration_sec=0.524915
[03:37:18] SYSTEM telemetry.speech
[03:37:18] SYSTEM telemetry.timing
[03:37:18] MEMORY turn=8 reason=agent_b_reply changed=Agent A,Agent B
[03:37:18] STEP turn=None speaker=Agent B route_valid=- route_goal=- route=-
[03:37:18] PHASE turn=8 speaker=Agent B phase=NLU duration_sec=5e-06
[03:37:18] PHASE turn=8 speaker=Agent B phase=DM duration_sec=7.280893623828888e-05
[03:37:18] TIMING turn=8 speaker=Agent B generation=0.194159 synthesis=2.244879 audio=2.921 recognition=0.524915 understanding=5e-06 dialogue_management=7.3e-05 pipeline_wall=3.455114 turn_observed=3.649396
[03:37:23] PHASE turn=9 speaker=Agent A phase=NLG duration_sec=0.009744644165039062
[03:37:23] PHASE turn=9 speaker=Agent A phase=TTS duration_sec=3.183615
[03:37:23] PHASE turn=9 speaker=Agent A phase=ASR duration_sec=0.761403
[03:37:23] SYSTEM telemetry.speech
[03:37:23] SYSTEM telemetry.timing
[03:37:23] TIMING turn=9 speaker=Agent A generation=0.009745 synthesis=3.183615 audio=5.487 recognition=0.761403 understanding=None dialogue_management=None pipeline_wall=5.156744 turn_observed=5.496745
[03:37:23] MEMORY turn=9 reason=agent_a_reply changed=Agent A,Agent B
[03:37:23] STEP turn=None speaker=Agent A route_valid=- route_goal=- route=-
[03:38:51] PHASE turn=10 speaker=Agent B phase=NLG duration_sec=77.45574879646301
[03:38:51] PHASE turn=10 speaker=Agent B phase=TTS duration_sec=5.454201
[03:38:51] PHASE turn=10 speaker=Agent B phase=ASR duration_sec=1.32314
[03:38:51] SYSTEM telemetry.speech
[03:38:51] SYSTEM telemetry.timing
[03:38:51] MEMORY turn=10 reason=agent_b_reply changed=Agent A,Agent B
[03:38:51] STEP turn=None speaker=Agent B route_valid=- route_goal=- route=-
[03:38:51] PHASE turn=10 speaker=Agent B phase=NLU duration_sec=0.006556
[03:38:51] SYSTEM telemetry.nlu
[03:38:51] SYSTEM candidate
[03:38:51] PHASE turn=10 speaker=Agent B phase=DM duration_sec=0.003670518286526203
[03:38:51] TIMING turn=10 speaker=Agent B generation=77.455749 synthesis=5.454201 audio=12.165 recognition=1.32314 understanding=0.006556 dialogue_management=0.003671 pipeline_wall=10.029157 turn_observed=89.630975
[03:38:54] PHASE turn=11 speaker=Agent A phase=NLG duration_sec=0.0009174346923828125
[03:38:54] PHASE turn=11 speaker=Agent A phase=TTS duration_sec=2.281058
[03:38:54] PHASE turn=11 speaker=Agent A phase=ASR duration_sec=0.525715
[03:38:54] SYSTEM telemetry.speech
[03:38:54] SYSTEM telemetry.timing
[03:38:54] TIMING turn=11 speaker=Agent A generation=0.000917 synthesis=2.281058 audio=3.806 recognition=0.525715 understanding=None dialogue_management=None pipeline_wall=3.484195 turn_observed=3.806917
[03:38:54] MEMORY turn=11 reason=agent_a_reply changed=Agent A,Agent B
[03:38:54] STEP turn=None speaker=Agent A route_valid=- route_goal=- route=-
[03:38:56] PHASE turn=12 speaker=Agent B phase=NLG duration_sec=0.0011219978332519531
[03:38:56] PHASE turn=12 speaker=Agent B phase=TTS duration_sec=1.239607
[03:38:56] PHASE turn=12 speaker=Agent B phase=ASR duration_sec=0.502929
[03:38:56] SYSTEM telemetry.speech
[03:38:56] SYSTEM telemetry.timing
[03:38:56] MEMORY turn=12 reason=agent_b_reply changed=Agent A,Agent B
[03:38:56] STEP turn=None speaker=Agent B route_valid=- route_goal=- route=-
[03:38:56] PHASE turn=12 speaker=Agent B phase=NLU duration_sec=5e-06
[03:38:56] PHASE turn=12 speaker=Agent B phase=DM duration_sec=6.860960274934769e-05
[03:38:56] TIMING turn=12 speaker=Agent B generation=0.001122 synthesis=1.239607 audio=2.101 recognition=0.502929 understanding=5e-06 dialogue_management=6.9e-05 pipeline_wall=2.216792 turn_observed=2.218034
[03:39:25] PHASE turn=13 speaker=Agent A phase=NLG duration_sec=23.524678945541382
[03:39:25] PHASE turn=13 speaker=Agent A phase=TTS duration_sec=2.86621
[03:39:25] PHASE turn=13 speaker=Agent A phase=ASR duration_sec=0.723798
[03:39:25] SYSTEM telemetry.speech
[03:39:25] SYSTEM telemetry.timing
[03:39:25] TIMING turn=13 speaker=Agent A generation=23.524679 synthesis=2.86621 audio=5.923 recognition=0.723798 understanding=None dialogue_management=None pipeline_wall=4.759304 turn_observed=29.447679
[03:39:25] MEMORY turn=13 reason=agent_a_reply changed=Agent A,Agent B
[03:39:25] STEP turn=None speaker=Agent A route_valid=- route_goal=- route=-
[03:40:52] PHASE turn=14 speaker=Agent B phase=NLG duration_sec=78.29782247543335
[03:40:52] PHASE turn=14 speaker=Agent B phase=TTS duration_sec=5.500727
[03:40:52] PHASE turn=14 speaker=Agent B phase=ASR duration_sec=1.186301
[03:40:52] SYSTEM telemetry.speech
[03:40:52] SYSTEM telemetry.timing
[03:40:52] MEMORY turn=14 reason=agent_b_reply changed=Agent A,Agent B
[03:40:52] STEP turn=None speaker=Agent B route_valid=- route_goal=- route=-
[03:40:52] PHASE turn=14 speaker=Agent B phase=NLU duration_sec=0.001543
[03:40:52] SYSTEM telemetry.nlu
[03:40:52] SYSTEM warning
[03:40:52] SYSTEM candidate
[03:40:52] PHASE turn=14 speaker=Agent B phase=DM duration_sec=0.0015370585024356842
[03:40:52] TIMING turn=14 speaker=Agent B generation=78.297822 synthesis=5.500727 audio=9.025 recognition=1.186301 understanding=0.001543 dialogue_management=0.001537 pipeline_wall=9.122207 turn_observed=87.423197
[03:41:20] PHASE turn=15 speaker=Agent A phase=NLG duration_sec=23.78936004638672
[03:41:20] PHASE turn=15 speaker=Agent A phase=TTS duration_sec=2.328901
[03:41:20] PHASE turn=15 speaker=Agent A phase=ASR duration_sec=0.789153
[03:41:20] SYSTEM telemetry.speech
[03:41:20] SYSTEM telemetry.timing
[03:41:20] TIMING turn=15 speaker=Agent A generation=23.78936 synthesis=2.328901 audio=6.31 recognition=0.789153 understanding=None dialogue_management=None pipeline_wall=4.380603 turn_observed=30.09936
[03:41:20] MEMORY turn=15 reason=agent_a_reply changed=Agent A,Agent B
[03:41:20] STEP turn=None speaker=Agent A route_valid=- route_goal=- route=-
[03:42:50] PHASE turn=16 speaker=Agent B phase=NLG duration_sec=79.3707423210144
[03:42:50] PHASE turn=16 speaker=Agent B phase=TTS duration_sec=4.726106
[03:42:50] PHASE turn=16 speaker=Agent B phase=ASR duration_sec=1.445749
[03:42:50] SYSTEM telemetry.speech
[03:42:50] SYSTEM telemetry.timing
[03:42:50] MEMORY turn=16 reason=agent_b_reply changed=Agent A,Agent B
[03:42:50] STEP turn=None speaker=Agent B route_valid=- route_goal=- route=-
[03:42:50] PHASE turn=16 speaker=Agent B phase=NLU duration_sec=0.004416
[03:42:50] SYSTEM telemetry.nlu
[03:42:50] SYSTEM warning
[03:42:50] SYSTEM candidate
[03:42:50] PHASE turn=16 speaker=Agent B phase=DM duration_sec=0.002212407998740673
[03:42:50] TIMING turn=16 speaker=Agent B generation=79.370742 synthesis=4.726106 audio=16.0 recognition=1.445749 understanding=0.004416 dialogue_management=0.002212 pipeline_wall=10.36524 turn_observed=95.377371
[03:43:22] PHASE turn=17 speaker=Agent A phase=NLG duration_sec=25.45994544029236
[03:43:22] PHASE turn=17 speaker=Agent A phase=TTS duration_sec=4.340925
[03:43:22] PHASE turn=17 speaker=Agent A phase=ASR duration_sec=0.780808
[03:43:22] SYSTEM telemetry.speech
[03:43:22] SYSTEM telemetry.timing
[03:43:22] TIMING turn=17 speaker=Agent A generation=25.459945 synthesis=4.340925 audio=8.196 recognition=0.780808 understanding=None dialogue_management=None pipeline_wall=6.570973 turn_observed=33.655945
[03:43:22] MEMORY turn=17 reason=agent_a_reply changed=Agent A,Agent B
[03:43:22] STEP turn=None speaker=Agent A route_valid=- route_goal=- route=-
[03:43:22] SYSTEM metrics
[03:43:22] SYSTEM done
[03:43:22] SEGMENT batch.condition.end status=ok duration=640.147892 seconds
[03:43:22] SESSION END batch-C-MPCC-DST-HESIT-PIP-VOS-QQ515-DEFAU-MED-I0-22f716e663-A
