=== batch-c-ac-ran-clean-pip-fwh-qq515-pss-med-i0-ea8e067e6c-a-20260713-054913.log | sha256=57da9e07c11d1e9da9581093380a4ff4eda1ce1391f371d5be8c77dd14f12586 ===
[05:49:13] SESSION START batch-C-AC-RAN-CLEAN-PIP-FWH-QQ515-PSS-MED-I0-ea8e067e6c-A
[05:49:13] SEGMENT batch.condition.start status=ok duration=None seconds
[05:49:13] SYSTEM timer.start
[05:49:25] PHASE turn=1 speaker=Agent A phase=NLG duration_sec=0.0
[05:49:25] PHASE turn=1 speaker=Agent A phase=TTS duration_sec=4.255304
[05:49:25] PHASE turn=1 speaker=Agent A phase=ASR duration_sec=7.179596
[05:49:25] SYSTEM telemetry.speech
[05:49:25] MEMORY turn=1 reason=opening changed=Agent A,Agent B
[05:49:25] STEP turn=None speaker=Agent A route_valid=- route_goal=- route=-
[05:49:25] SYSTEM telemetry.timing
[05:49:25] TIMING turn=1 speaker=Agent A generation=0.0 synthesis=4.255304 audio=11.463 recognition=7.179596 understanding=None dialogue_management=None pipeline_wall=11.436937 turn_observed=11.463
[05:49:58] PHASE turn=2 speaker=Agent B phase=NLG duration_sec=28.49342107772827
[05:49:58] PHASE turn=2 speaker=Agent B phase=TTS duration_sec=1.199238
[05:49:58] PHASE turn=2 speaker=Agent B phase=ASR duration_sec=4.02474
[05:49:58] SYSTEM telemetry.speech
[05:49:58] SYSTEM telemetry.timing
[05:49:58] MEMORY turn=2 reason=agent_b_reply changed=Agent A,Agent B
[05:49:58] STEP turn=None speaker=Agent B route_valid=- route_goal=- route=-
[05:49:58] PHASE turn=2 speaker=Agent B phase=NLU duration_sec=0.001505
[05:49:58] SYSTEM telemetry.nlu
[05:49:58] SYSTEM route
[05:49:58] SYSTEM candidate
[05:49:58] PHASE turn=2 speaker=Agent B phase=DM duration_sec=0.005373755004256964
[05:49:58] TIMING turn=2 speaker=Agent B generation=28.493421 synthesis=1.199238 audio=9.03 recognition=4.02474 understanding=0.001505 dialogue_management=0.005374 pipeline_wall=5.224544 turn_observed=37.5303
[05:50:46] PHASE turn=3 speaker=Agent A phase=NLG duration_sec=43.32119297981262
[05:50:46] PHASE turn=3 speaker=Agent A phase=TTS duration_sec=1.148012
[05:50:46] PHASE turn=3 speaker=Agent A phase=ASR duration_sec=3.584001
[05:50:46] SYSTEM telemetry.speech
[05:50:46] SYSTEM telemetry.timing
[05:50:46] TIMING turn=3 speaker=Agent A generation=43.321193 synthesis=1.148012 audio=7.961 recognition=3.584001 understanding=None dialogue_management=None pipeline_wall=4.732654 turn_observed=51.282193
[05:50:46] MEMORY turn=3 reason=agent_a_reply changed=Agent A,Agent B
[05:50:46] STEP turn=None speaker=Agent A route_valid=- route_goal=- route=-
[05:51:16] PHASE turn=4 speaker=Agent B phase=NLG duration_sec=23.251187562942505
[05:51:16] PHASE turn=4 speaker=Agent B phase=TTS duration_sec=1.730243
[05:51:16] PHASE turn=4 speaker=Agent B phase=ASR duration_sec=4.859725
[05:51:16] SYSTEM telemetry.speech
[05:51:16] SYSTEM telemetry.timing
[05:51:16] MEMORY turn=4 reason=agent_b_reply changed=Agent A,Agent B
[05:51:16] STEP turn=None speaker=Agent B route_valid=- route_goal=- route=-
[05:51:16] PHASE turn=4 speaker=Agent B phase=NLU duration_sec=0.001558
[05:51:16] SYSTEM telemetry.nlu
[05:51:16] SYSTEM candidate
[05:51:16] PHASE turn=4 speaker=Agent B phase=DM duration_sec=0.004676017910242081
[05:51:16] TIMING turn=4 speaker=Agent B generation=23.251188 synthesis=1.730243 audio=11.925 recognition=4.859725 understanding=0.001558 dialogue_management=0.004676 pipeline_wall=6.590697 turn_observed=35.182421
[05:52:07] PHASE turn=5 speaker=Agent A phase=NLG duration_sec=46.16385459899902
[05:52:07] PHASE turn=5 speaker=Agent A phase=TTS duration_sec=1.097779
[05:52:07] PHASE turn=5 speaker=Agent A phase=ASR duration_sec=3.513808
[05:52:07] SYSTEM telemetry.speech
[05:52:07] SYSTEM telemetry.timing
[05:52:07] TIMING turn=5 speaker=Agent A generation=46.163855 synthesis=1.097779 audio=6.597 recognition=3.513808 understanding=None dialogue_management=None pipeline_wall=4.612314 turn_observed=52.760855
[05:52:07] MEMORY turn=5 reason=agent_a_reply changed=Agent A,Agent B
[05:52:07] STEP turn=None speaker=Agent A route_valid=- route_goal=- route=-
[05:52:38] PHASE turn=6 speaker=Agent B phase=NLG duration_sec=25.166374683380127
[05:52:38] PHASE turn=6 speaker=Agent B phase=TTS duration_sec=1.598408
[05:52:38] PHASE turn=6 speaker=Agent B phase=ASR duration_sec=4.466902
[05:52:38] SYSTEM telemetry.speech
[05:52:38] SYSTEM telemetry.timing
[05:52:38] MEMORY turn=6 reason=agent_b_reply changed=Agent A,Agent B
[05:52:38] STEP turn=None speaker=Agent B route_valid=- route_goal=- route=-
[05:52:38] PHASE turn=6 speaker=Agent B phase=NLU duration_sec=0.001541
[05:52:38] SYSTEM telemetry.nlu
[05:52:38] SYSTEM candidate
[05:52:38] PHASE turn=6 speaker=Agent B phase=DM duration_sec=0.005376091925427318
[05:52:38] TIMING turn=6 speaker=Agent B generation=25.166375 synthesis=1.598408 audio=11.125 recognition=4.466902 understanding=0.001541 dialogue_management=0.005376 pipeline_wall=6.065963 turn_observed=36.298292
[05:52:42] PHASE turn=7 speaker=Agent A phase=NLG duration_sec=0.0021677017211914062
[05:52:42] PHASE turn=7 speaker=Agent A phase=TTS duration_sec=0.610942
[05:52:42] PHASE turn=7 speaker=Agent A phase=ASR duration_sec=2.988171
[05:52:42] SYSTEM telemetry.speech
[05:52:42] SYSTEM telemetry.timing
[05:52:42] TIMING turn=7 speaker=Agent A generation=0.002168 synthesis=0.610942 audio=3.87 recognition=2.988171 understanding=None dialogue_management=None pipeline_wall=3.599605 turn_observed=3.872168
[05:52:42] MEMORY turn=7 reason=agent_a_reply changed=Agent A,Agent B
[05:52:42] STEP turn=None speaker=Agent A route_valid=- route_goal=- route=-
[05:52:45] PHASE turn=8 speaker=Agent B phase=NLG duration_sec=0.28778529167175293
[05:52:45] PHASE turn=8 speaker=Agent B phase=TTS duration_sec=0.394034
[05:52:45] PHASE turn=8 speaker=Agent B phase=ASR duration_sec=2.678265
[05:52:45] SYSTEM telemetry.speech
[05:52:45] SYSTEM telemetry.timing
[05:52:45] MEMORY turn=8 reason=agent_b_reply changed=Agent A,Agent B
[05:52:45] STEP turn=None speaker=Agent B route_valid=- route_goal=- route=-
[05:52:45] PHASE turn=8 speaker=Agent B phase=NLU duration_sec=1.3e-05
[05:52:45] PHASE turn=8 speaker=Agent B phase=DM duration_sec=9.872508235275745e-05
[05:52:45] TIMING turn=8 speaker=Agent B generation=0.287785 synthesis=0.394034 audio=2.276 recognition=2.678265 understanding=1.3e-05 dialogue_management=9.9e-05 pipeline_wall=3.072678 turn_observed=3.360635
[05:53:38] PHASE turn=9 speaker=Agent A phase=NLG duration_sec=48.513235569000244
[05:53:38] PHASE turn=9 speaker=Agent A phase=TTS duration_sec=1.004981
[05:53:38] PHASE turn=9 speaker=Agent A phase=ASR duration_sec=3.412361
[05:53:38] SYSTEM telemetry.speech
[05:53:38] SYSTEM telemetry.timing
[05:53:38] TIMING turn=9 speaker=Agent A generation=48.513236 synthesis=1.004981 audio=6.597 recognition=3.412361 understanding=None dialogue_management=None pipeline_wall=4.417838 turn_observed=55.110236
[05:53:38] MEMORY turn=9 reason=agent_a_reply changed=Agent A,Agent B
[05:53:38] STEP turn=None speaker=Agent A route_valid=- route_goal=- route=-
[05:54:11] PHASE turn=10 speaker=Agent B phase=NLG duration_sec=26.353598833084106
[05:54:11] PHASE turn=10 speaker=Agent B phase=TTS duration_sec=1.863958
[05:54:11] PHASE turn=10 speaker=Agent B phase=ASR duration_sec=4.722268
[05:54:11] SYSTEM telemetry.speech
[05:54:11] SYSTEM telemetry.timing
[05:54:11] MEMORY turn=10 reason=agent_b_reply changed=Agent A,Agent B
[05:54:11] STEP turn=None speaker=Agent B route_valid=- route_goal=- route=-
[05:54:11] PHASE turn=10 speaker=Agent B phase=NLU duration_sec=0.001906
[05:54:11] SYSTEM telemetry.nlu
[05:54:11] SYSTEM candidate
[05:54:11] PHASE turn=10 speaker=Agent B phase=DM duration_sec=0.0063925262074917555
[05:54:11] TIMING turn=10 speaker=Agent B generation=26.353599 synthesis=1.863958 audio=11.566 recognition=4.722268 understanding=0.001906 dialogue_management=0.006393 pipeline_wall=6.586713 turn_observed=37.927897
[05:54:15] PHASE turn=11 speaker=Agent A phase=NLG duration_sec=0.0015056133270263672
[05:54:15] PHASE turn=11 speaker=Agent A phase=TTS duration_sec=0.691805
[05:54:15] PHASE turn=11 speaker=Agent A phase=ASR duration_sec=3.179614
[05:54:15] SYSTEM telemetry.speech
[05:54:15] SYSTEM telemetry.timing
[05:54:15] TIMING turn=11 speaker=Agent A generation=0.001506 synthesis=0.691805 audio=3.87 recognition=3.179614 understanding=None dialogue_management=None pipeline_wall=3.871825 turn_observed=3.873393
[05:54:15] MEMORY turn=11 reason=agent_a_reply changed=Agent A,Agent B
[05:54:15] STEP turn=None speaker=Agent A route_valid=- route_goal=- route=-
[05:54:18] PHASE turn=12 speaker=Agent B phase=NLG duration_sec=0.0010602474212646484
[05:54:18] PHASE turn=12 speaker=Agent B phase=TTS duration_sec=0.392018
[05:54:18] PHASE turn=12 speaker=Agent B phase=ASR duration_sec=2.860347
[05:54:18] SYSTEM telemetry.speech
[05:54:18] SYSTEM telemetry.timing
[05:54:18] MEMORY turn=12 reason=agent_b_reply changed=Agent A,Agent B
[05:54:18] STEP turn=None speaker=Agent B route_valid=- route_goal=- route=-
[05:54:18] PHASE turn=12 speaker=Agent B phase=NLU duration_sec=1e-05
[05:54:18] PHASE turn=12 speaker=Agent B phase=DM duration_sec=0.00010098516941070557
[05:54:18] TIMING turn=12 speaker=Agent B generation=0.00106 synthesis=0.392018 audio=2.276 recognition=2.860347 understanding=1e-05 dialogue_management=0.000101 pipeline_wall=3.252753 turn_observed=3.253983
[05:55:13] PHASE turn=13 speaker=Agent A phase=NLG duration_sec=50.80254411697388
[05:55:13] PHASE turn=13 speaker=Agent A phase=TTS duration_sec=0.958357
[05:55:13] PHASE turn=13 speaker=Agent A phase=ASR duration_sec=3.320036
[05:55:13] SYSTEM telemetry.speech
[05:55:13] SYSTEM telemetry.timing
[05:55:13] TIMING turn=13 speaker=Agent A generation=50.802544 synthesis=0.958357 audio=5.361 recognition=3.320036 understanding=None dialogue_management=None pipeline_wall=4.279114 turn_observed=56.163544
[05:55:13] MEMORY turn=13 reason=agent_a_reply changed=Agent A,Agent B
[05:55:13] STEP turn=None speaker=Agent A route_valid=- route_goal=- route=-
[05:55:14] SYSTEM metrics
[05:55:14] SYSTEM done
[05:55:14] SEGMENT batch.condition.end status=ok duration=360.390838 seconds
[05:55:14] SESSION END batch-C-AC-RAN-CLEAN-PIP-FWH-QQ515-PSS-MED-I0-ea8e067e6c-A
