=== batch-c-mt-ran-sc-pip-vos-qq57i-defau-lrg-i0-2fbdc2b30a-t-20260714-090257.log | sha256=45d030825c20ce32593c2efa2d8e9a916ca1e83a219eb3a1280c8cb46c25c6ee ===
[09:02:57] SESSION START batch-C-MT-RAN-SC-PIP-VOS-QQ57I-DEFAU-LRG-I0-2fbdc2b30a-T
[09:02:57] SEGMENT batch.condition.start status=ok duration=None seconds
[09:02:57] SYSTEM timer.start
[09:02:58] PHASE turn=1 speaker=Agent A phase=NLG duration_sec=0.0
[09:02:58] PHASE turn=1 speaker=Agent A phase=TTS duration_sec=0.465845
[09:02:58] PHASE turn=1 speaker=Agent A phase=ASR duration_sec=0.002607
[09:02:58] SYSTEM telemetry.speech
[09:02:58] MEMORY turn=1 reason=opening changed=Agent A,Agent B
[09:02:58] STEP turn=None speaker=Agent A route_valid=- route_goal=- route=-
[09:02:58] SYSTEM telemetry.timing
[09:02:58] TIMING turn=1 speaker=Agent A generation=0.0 synthesis=0.465845 audio=10.0 recognition=0.002607 understanding=None dialogue_management=None pipeline_wall=0.469132 turn_observed=10.0
[09:07:58] PHASE turn=2 speaker=Agent B phase=NLG duration_sec=298.8950366973877
[09:07:58] PHASE turn=2 speaker=Agent B phase=TTS duration_sec=0.911396
[09:07:58] PHASE turn=2 speaker=Agent B phase=ASR duration_sec=0.002469
[09:07:58] SYSTEM telemetry.speech
[09:07:58] SYSTEM telemetry.timing
[09:07:58] MEMORY turn=2 reason=agent_b_reply changed=Agent A,Agent B
[09:07:58] STEP turn=None speaker=Agent B route_valid=- route_goal=- route=-
[09:07:58] PHASE turn=2 speaker=Agent B phase=NLU duration_sec=0.002234
[09:07:58] SYSTEM telemetry.nlu
[09:07:58] SYSTEM route
[09:07:58] SYSTEM candidate
[09:07:58] PHASE turn=2 speaker=Agent B phase=DM duration_sec=0.0038266489282250404
[09:07:58] TIMING turn=2 speaker=Agent B generation=298.895037 synthesis=0.911396 audio=9.36 recognition=0.002469 understanding=0.002234 dialogue_management=0.003827 pipeline_wall=0.914317 turn_observed=308.261098
[09:08:19] PHASE turn=3 speaker=Agent A phase=NLG duration_sec=20.91416072845459
[09:08:19] PHASE turn=3 speaker=Agent A phase=TTS duration_sec=0.792852
[09:08:19] PHASE turn=3 speaker=Agent A phase=ASR duration_sec=0.002509
[09:08:19] SYSTEM telemetry.speech
[09:08:19] SYSTEM telemetry.timing
[09:08:19] TIMING turn=3 speaker=Agent A generation=20.914161 synthesis=0.792852 audio=8.176 recognition=0.002509 understanding=None dialogue_management=None pipeline_wall=0.795824 turn_observed=29.090161
[09:08:19] MEMORY turn=3 reason=agent_a_reply changed=Agent A,Agent B
[09:08:19] STEP turn=None speaker=Agent A route_valid=- route_goal=- route=-
[09:14:00] PHASE turn=4 speaker=Agent B phase=NLG duration_sec=339.9037170410156
[09:14:00] PHASE turn=4 speaker=Agent B phase=TTS duration_sec=0.704125
[09:14:00] PHASE turn=4 speaker=Agent B phase=ASR duration_sec=0.002539
[09:14:00] SYSTEM telemetry.speech
[09:14:00] SYSTEM telemetry.timing
[09:14:00] MEMORY turn=4 reason=agent_b_reply changed=Agent A,Agent B
[09:14:00] STEP turn=None speaker=Agent B route_valid=- route_goal=- route=-
[09:14:00] PHASE turn=4 speaker=Agent B phase=NLU duration_sec=0.004978
[09:14:00] SYSTEM telemetry.nlu
[09:14:00] SYSTEM candidate
[09:14:00] PHASE turn=4 speaker=Agent B phase=DM duration_sec=0.002329239621758461
[09:14:00] TIMING turn=4 speaker=Agent B generation=339.903717 synthesis=0.704125 audio=7.532 recognition=0.002539 understanding=0.004978 dialogue_management=0.002329 pipeline_wall=0.707069 turn_observed=347.443024
[09:14:23] PHASE turn=5 speaker=Agent A phase=NLG duration_sec=22.34808111190796
[09:14:23] PHASE turn=5 speaker=Agent A phase=TTS duration_sec=0.549139
[09:14:23] PHASE turn=5 speaker=Agent A phase=ASR duration_sec=0.002148
[09:14:23] SYSTEM telemetry.speech
[09:14:23] SYSTEM telemetry.timing
[09:14:23] TIMING turn=5 speaker=Agent A generation=22.348081 synthesis=0.549139 audio=5.999 recognition=0.002148 understanding=None dialogue_management=None pipeline_wall=0.551705 turn_observed=28.347081
[09:14:23] MEMORY turn=5 reason=agent_a_reply changed=Agent A,Agent B
[09:14:23] STEP turn=None speaker=Agent A route_valid=- route_goal=- route=-
[09:20:27] PHASE turn=6 speaker=Agent B phase=NLG duration_sec=362.89034032821655
[09:20:27] PHASE turn=6 speaker=Agent B phase=TTS duration_sec=0.902977
[09:20:27] PHASE turn=6 speaker=Agent B phase=ASR duration_sec=0.002095
[09:20:27] SYSTEM telemetry.speech
[09:20:27] SYSTEM telemetry.timing
[09:20:27] MEMORY turn=6 reason=agent_b_reply changed=Agent A,Agent B
[09:20:27] STEP turn=None speaker=Agent B route_valid=- route_goal=- route=-
[09:20:27] PHASE turn=6 speaker=Agent B phase=NLU duration_sec=0.006394
[09:20:27] SYSTEM telemetry.nlu
[09:20:27] SYSTEM warning
[09:20:27] SYSTEM candidate
[09:20:27] PHASE turn=6 speaker=Agent B phase=DM duration_sec=0.004961528815329075
[09:20:27] TIMING turn=6 speaker=Agent B generation=362.89034 synthesis=0.902977 audio=9.356 recognition=0.002095 understanding=0.006394 dialogue_management=0.004962 pipeline_wall=0.905485 turn_observed=372.257696
[09:20:52] PHASE turn=7 speaker=Agent A phase=NLG duration_sec=24.01530432701111
[09:20:52] PHASE turn=7 speaker=Agent A phase=TTS duration_sec=0.735476
[09:20:52] PHASE turn=7 speaker=Agent A phase=ASR duration_sec=0.003206
[09:20:52] SYSTEM telemetry.speech
[09:20:52] SYSTEM telemetry.timing
[09:20:52] TIMING turn=7 speaker=Agent A generation=24.015304 synthesis=0.735476 audio=7.758 recognition=0.003206 understanding=None dialogue_management=None pipeline_wall=0.739101 turn_observed=31.773304
[09:20:52] MEMORY turn=7 reason=agent_a_reply changed=Agent A,Agent B
[09:20:52] STEP turn=None speaker=Agent A route_valid=- route_goal=- route=-
[09:27:24] PHASE turn=8 speaker=Agent B phase=NLG duration_sec=391.9004216194153
[09:27:24] PHASE turn=8 speaker=Agent B phase=TTS duration_sec=0.944073
[09:27:24] PHASE turn=8 speaker=Agent B phase=ASR duration_sec=0.002239
[09:27:24] SYSTEM telemetry.speech
[09:27:24] SYSTEM telemetry.timing
[09:27:24] MEMORY turn=8 reason=agent_b_reply changed=Agent A,Agent B
[09:27:24] STEP turn=None speaker=Agent B route_valid=- route_goal=- route=-
[09:27:24] PHASE turn=8 speaker=Agent B phase=NLU duration_sec=0.003811
[09:27:24] SYSTEM telemetry.nlu
[09:27:25] SYSTEM warning
[09:27:25] SYSTEM candidate
[09:27:25] PHASE turn=8 speaker=Agent B phase=DM duration_sec=0.002588048577308655
[09:27:25] TIMING turn=8 speaker=Agent B generation=391.900422 synthesis=0.944073 audio=10.0 recognition=0.002239 understanding=0.003811 dialogue_management=0.002588 pipeline_wall=0.94675 turn_observed=401.906821
[09:27:52] PHASE turn=9 speaker=Agent A phase=NLG duration_sec=26.234459400177002
[09:27:52] PHASE turn=9 speaker=Agent A phase=TTS duration_sec=0.763506
[09:27:52] PHASE turn=9 speaker=Agent A phase=ASR duration_sec=0.00224
[09:27:52] SYSTEM telemetry.speech
[09:27:52] SYSTEM telemetry.timing
[09:27:52] TIMING turn=9 speaker=Agent A generation=26.234459 synthesis=0.763506 audio=7.788 recognition=0.00224 understanding=None dialogue_management=None pipeline_wall=0.766298 turn_observed=34.022459
[09:27:52] MEMORY turn=9 reason=agent_a_reply changed=Agent A,Agent B
[09:27:52] STEP turn=None speaker=Agent A route_valid=- route_goal=- route=-
[09:34:49] PHASE turn=10 speaker=Agent B phase=NLG duration_sec=417.3364872932434
[09:34:49] PHASE turn=10 speaker=Agent B phase=TTS duration_sec=0.541633
[09:34:49] PHASE turn=10 speaker=Agent B phase=ASR duration_sec=0.001925
[09:34:49] SYSTEM telemetry.speech
[09:34:49] SYSTEM telemetry.timing
[09:34:49] MEMORY turn=10 reason=agent_b_reply changed=Agent A,Agent B
[09:34:49] STEP turn=None speaker=Agent B route_valid=- route_goal=- route=-
[09:34:49] PHASE turn=10 speaker=Agent B phase=NLU duration_sec=0.00035
[09:34:49] SYSTEM telemetry.nlu
[09:34:49] PHASE turn=10 speaker=Agent B phase=DM duration_sec=9.03075560927391e-05
[09:34:49] TIMING turn=10 speaker=Agent B generation=417.336487 synthesis=0.541633 audio=5.988 recognition=0.001925 understanding=0.00035 dialogue_management=9e-05 pipeline_wall=0.543967 turn_observed=423.324927
[09:34:50] PHASE turn=11 speaker=Agent A phase=NLG duration_sec=0.03884315490722656
[09:34:50] PHASE turn=11 speaker=Agent A phase=TTS duration_sec=0.536454
[09:34:50] PHASE turn=11 speaker=Agent A phase=ASR duration_sec=0.001894
[09:34:50] SYSTEM telemetry.speech
[09:34:50] SYSTEM telemetry.timing
[09:34:50] TIMING turn=11 speaker=Agent A generation=0.038843 synthesis=0.536454 audio=5.924 recognition=0.001894 understanding=None dialogue_management=None pipeline_wall=0.538536 turn_observed=5.962843
[09:34:50] MEMORY turn=11 reason=agent_a_reply changed=Agent A,Agent B
[09:34:50] STEP turn=None speaker=Agent A route_valid=- route_goal=- route=-
[09:34:50] SYSTEM metrics
[09:34:50] SYSTEM done
[09:34:50] SEGMENT batch.condition.end status=ok duration=1912.621225 seconds
[09:34:50] SESSION END batch-C-MT-RAN-SC-PIP-VOS-QQ57I-DEFAU-LRG-I0-2fbdc2b30a-T
