=== batch-c-mpcc-fc-mc-pip-fwh-qq57i-defau-lrg-i0-f0f449142d-a-20260713-083641.log | sha256=1a7a2f400dc9ab8d6676be1a7ee6dddc54281111b1c3c0459b10c86814125ab8 ===
[08:36:41] SESSION START batch-C-MPCC-FC-MC-PIP-FWH-QQ57I-DEFAU-LRG-I0-f0f449142d-A
[08:36:41] SEGMENT batch.condition.start status=ok duration=None seconds
[08:36:41] SYSTEM timer.start
[08:36:57] PHASE turn=1 speaker=Agent A phase=NLG duration_sec=0.0
[08:36:57] PHASE turn=1 speaker=Agent A phase=TTS duration_sec=5.121137
[08:36:57] PHASE turn=1 speaker=Agent A phase=ASR duration_sec=7.906549
[08:36:57] SYSTEM telemetry.speech
[08:36:57] MEMORY turn=1 reason=opening changed=Agent A,Agent B
[08:36:57] STEP turn=None speaker=Agent A route_valid=- route_goal=- route=-
[08:36:57] SYSTEM telemetry.timing
[08:36:57] TIMING turn=1 speaker=Agent A generation=0.0 synthesis=5.121137 audio=9.861 recognition=7.906549 understanding=None dialogue_management=None pipeline_wall=16.287418 turn_observed=16.287536
[08:39:10] PHASE turn=2 speaker=Agent B phase=NLG duration_sec=125.1232430934906
[08:39:10] PHASE turn=2 speaker=Agent B phase=TTS duration_sec=1.52189
[08:39:10] PHASE turn=2 speaker=Agent B phase=ASR duration_sec=3.775935
[08:39:10] SYSTEM telemetry.speech
[08:39:10] SYSTEM telemetry.timing
[08:39:10] MEMORY turn=2 reason=agent_b_reply changed=Agent A,Agent B
[08:39:10] STEP turn=None speaker=Agent B route_valid=- route_goal=- route=-
[08:39:10] PHASE turn=2 speaker=Agent B phase=NLU duration_sec=0.00137
[08:39:10] SYSTEM telemetry.nlu
[08:39:10] SYSTEM route
[08:39:10] SYSTEM candidate
[08:39:10] PHASE turn=2 speaker=Agent B phase=DM duration_sec=0.005555072100833058
[08:39:10] TIMING turn=2 speaker=Agent B generation=125.123243 synthesis=1.52189 audio=7.106 recognition=3.775935 understanding=0.00137 dialogue_management=0.005555 pipeline_wall=8.191279 turn_observed=133.321539
[08:40:02] PHASE turn=3 speaker=Agent A phase=NLG duration_sec=45.441014528274536
[08:40:02] PHASE turn=3 speaker=Agent A phase=TTS duration_sec=1.248896
[08:40:02] PHASE turn=3 speaker=Agent A phase=ASR duration_sec=3.228416
[08:40:02] SYSTEM telemetry.speech
[08:40:02] SYSTEM telemetry.timing
[08:40:02] TIMING turn=3 speaker=Agent A generation=45.441015 synthesis=1.248896 audio=5.652 recognition=3.228416 understanding=None dialogue_management=None pipeline_wall=6.260152 turn_observed=51.701233
[08:40:02] MEMORY turn=3 reason=agent_a_reply changed=Agent A,Agent B
[08:40:02] STEP turn=None speaker=Agent A route_valid=- route_goal=- route=-
[08:42:19] PHASE turn=4 speaker=Agent B phase=NLG duration_sec=123.54070091247559
[08:42:19] PHASE turn=4 speaker=Agent B phase=TTS duration_sec=2.511723
[08:42:19] PHASE turn=4 speaker=Agent B phase=ASR duration_sec=5.257706
[08:42:19] SYSTEM telemetry.speech
[08:42:19] SYSTEM telemetry.timing
[08:42:19] MEMORY turn=4 reason=agent_b_reply changed=Agent A,Agent B
[08:42:19] STEP turn=None speaker=Agent B route_valid=- route_goal=- route=-
[08:42:19] PHASE turn=4 speaker=Agent B phase=NLU duration_sec=0.004593
[08:42:19] SYSTEM telemetry.nlu
[08:42:19] SYSTEM candidate
[08:42:19] PHASE turn=4 speaker=Agent B phase=DM duration_sec=0.008415858959779143
[08:42:19] TIMING turn=4 speaker=Agent B generation=123.540701 synthesis=2.511723 audio=11.404 recognition=5.257706 understanding=0.004593 dialogue_management=0.008416 pipeline_wall=13.331698 turn_observed=136.885486
[08:43:25] PHASE turn=5 speaker=Agent A phase=NLG duration_sec=57.6147894859314
[08:43:25] PHASE turn=5 speaker=Agent A phase=TTS duration_sec=1.731581
[08:43:25] PHASE turn=5 speaker=Agent A phase=ASR duration_sec=3.748702
[08:43:25] SYSTEM telemetry.speech
[08:43:25] SYSTEM telemetry.timing
[08:43:25] TIMING turn=5 speaker=Agent A generation=57.614789 synthesis=1.731581 audio=8.609 recognition=3.748702 understanding=None dialogue_management=None pipeline_wall=8.407211 turn_observed=66.223789
[08:43:25] MEMORY turn=5 reason=agent_a_reply changed=Agent A,Agent B
[08:43:25] STEP turn=None speaker=Agent A route_valid=- route_goal=- route=-
[08:46:11] PHASE turn=6 speaker=Agent B phase=NLG duration_sec=154.9414975643158
[08:46:11] PHASE turn=6 speaker=Agent B phase=TTS duration_sec=1.662323
[08:46:11] PHASE turn=6 speaker=Agent B phase=ASR duration_sec=5.104844
[08:46:11] SYSTEM telemetry.speech
[08:46:11] SYSTEM telemetry.timing
[08:46:11] MEMORY turn=6 reason=agent_b_reply changed=Agent A,Agent B
[08:46:11] STEP turn=None speaker=Agent B route_valid=- route_goal=- route=-
[08:46:11] PHASE turn=6 speaker=Agent B phase=NLU duration_sec=0.002411
[08:46:11] SYSTEM telemetry.nlu
[08:46:11] SYSTEM candidate
[08:46:11] PHASE turn=6 speaker=Agent B phase=DM duration_sec=0.008573516039177775
[08:46:11] TIMING turn=6 speaker=Agent B generation=154.941498 synthesis=1.662323 audio=9.416 recognition=5.104844 understanding=0.002411 dialogue_management=0.008574 pipeline_wall=11.081249 turn_observed=166.03381
[08:47:17] PHASE turn=7 speaker=Agent A phase=NLG duration_sec=58.252849102020264
[08:47:17] PHASE turn=7 speaker=Agent A phase=TTS duration_sec=1.309118
[08:47:17] PHASE turn=7 speaker=Agent A phase=ASR duration_sec=3.889204
[08:47:17] SYSTEM telemetry.speech
[08:47:17] SYSTEM telemetry.timing
[08:47:17] TIMING turn=7 speaker=Agent A generation=58.252849 synthesis=1.309118 audio=7.252 recognition=3.889204 understanding=None dialogue_management=None pipeline_wall=7.563839 turn_observed=65.816788
[08:47:17] MEMORY turn=7 reason=agent_a_reply changed=Agent A,Agent B
[08:47:17] STEP turn=None speaker=Agent A route_valid=- route_goal=- route=-
[08:49:54] PHASE turn=8 speaker=Agent B phase=NLG duration_sec=149.08470177650452
[08:49:54] PHASE turn=8 speaker=Agent B phase=TTS duration_sec=1.441102
[08:49:54] PHASE turn=8 speaker=Agent B phase=ASR duration_sec=3.796228
[08:49:54] SYSTEM telemetry.speech
[08:49:54] SYSTEM telemetry.timing
[08:49:54] MEMORY turn=8 reason=agent_b_reply changed=Agent A,Agent B
[08:49:54] STEP turn=None speaker=Agent B route_valid=- route_goal=- route=-
[08:49:54] PHASE turn=8 speaker=Agent B phase=NLU duration_sec=0.00171
[08:49:54] SYSTEM telemetry.nlu
[08:49:54] SYSTEM candidate
[08:49:54] PHASE turn=8 speaker=Agent B phase=DM duration_sec=0.006559645989909768
[08:49:54] TIMING turn=8 speaker=Agent B generation=149.084702 synthesis=1.441102 audio=7.106 recognition=3.796228 understanding=0.00171 dialogue_management=0.00656 pipeline_wall=8.307469 turn_observed=157.400516
[08:49:59] PHASE turn=9 speaker=Agent A phase=NLG duration_sec=0.003208160400390625
[08:49:59] PHASE turn=9 speaker=Agent A phase=TTS duration_sec=0.643118
[08:49:59] PHASE turn=9 speaker=Agent A phase=ASR duration_sec=2.953036
[08:49:59] SYSTEM telemetry.speech
[08:49:59] SYSTEM telemetry.timing
[08:49:59] TIMING turn=9 speaker=Agent A generation=0.003208 synthesis=0.643118 audio=3.251 recognition=2.953036 understanding=None dialogue_management=None pipeline_wall=4.789443 turn_observed=4.79273
[08:49:59] MEMORY turn=9 reason=agent_a_reply changed=Agent A,Agent B
[08:49:59] STEP turn=None speaker=Agent A route_valid=- route_goal=- route=-
[08:50:03] PHASE turn=10 speaker=Agent B phase=NLG duration_sec=0.326343297958374
[08:50:03] PHASE turn=10 speaker=Agent B phase=TTS duration_sec=0.376091
[08:50:03] PHASE turn=10 speaker=Agent B phase=ASR duration_sec=2.812143
[08:50:03] SYSTEM telemetry.speech
[08:50:03] SYSTEM telemetry.timing
[08:50:03] MEMORY turn=10 reason=agent_b_reply changed=Agent A,Agent B
[08:50:03] STEP turn=None speaker=Agent B route_valid=- route_goal=- route=-
[08:50:03] PHASE turn=10 speaker=Agent B phase=NLU duration_sec=1.1e-05
[08:50:03] PHASE turn=10 speaker=Agent B phase=DM duration_sec=0.00011515500955283642
[08:50:03] TIMING turn=10 speaker=Agent B generation=0.326343 synthesis=0.376091 audio=1.718 recognition=2.812143 understanding=1.1e-05 dialogue_management=0.000115 pipeline_wall=3.958514 turn_observed=4.285067
[08:51:05] PHASE turn=11 speaker=Agent A phase=NLG duration_sec=56.181806564331055
[08:51:05] PHASE turn=11 speaker=Agent A phase=TTS duration_sec=0.869029
[08:51:05] PHASE turn=11 speaker=Agent A phase=ASR duration_sec=3.176948
[08:51:05] SYSTEM telemetry.speech
[08:51:05] SYSTEM telemetry.timing
[08:51:05] TIMING turn=11 speaker=Agent A generation=56.181807 synthesis=0.869029 audio=4.535 recognition=3.176948 understanding=None dialogue_management=None pipeline_wall=5.551288 turn_observed=61.73316
[08:51:05] MEMORY turn=11 reason=agent_a_reply changed=Agent A,Agent B
[08:51:05] STEP turn=None speaker=Agent A route_valid=- route_goal=- route=-
[08:51:05] SYSTEM metrics
[08:51:05] SYSTEM done
[08:51:05] SEGMENT batch.condition.end status=ok duration=864.537486 seconds
[08:51:05] SESSION END batch-C-MPCC-FC-MC-PIP-FWH-QQ57I-DEFAU-LRG-I0-f0f449142d-A
