=== batch-c-mt-ran-sc-pip-vos-qq515-defau-med-i0-f45b6016a8-a-20260713-041621.log | sha256=c705ad48233adb21b116e4470d363f541afe97553f5bea3388b40e7211c5a1f6 ===
[04:16:21] SESSION START batch-C-MT-RAN-SC-PIP-VOS-QQ515-DEFAU-MED-I0-f45b6016a8-A
[04:16:21] SEGMENT batch.condition.start status=ok duration=None seconds
[04:16:21] SYSTEM timer.start
[04:16:34] PHASE turn=1 speaker=Agent A phase=NLG duration_sec=0.0
[04:16:34] PHASE turn=1 speaker=Agent A phase=TTS duration_sec=5.232384
[04:16:34] PHASE turn=1 speaker=Agent A phase=ASR duration_sec=4.010259
[04:16:34] SYSTEM telemetry.speech
[04:16:34] MEMORY turn=1 reason=opening changed=Agent A,Agent B
[04:16:34] STEP turn=None speaker=Agent A route_valid=- route_goal=- route=-
[04:16:34] SYSTEM telemetry.timing
[04:16:34] TIMING turn=1 speaker=Agent A generation=0.0 synthesis=5.232384 audio=10.0 recognition=4.010259 understanding=None dialogue_management=None pipeline_wall=13.22729 turn_observed=13.227391
[04:16:39] PHASE turn=2 speaker=Agent B phase=NLG duration_sec=0.0004794597625732422
[04:16:39] PHASE turn=2 speaker=Agent B phase=TTS duration_sec=0.997057
[04:16:39] PHASE turn=2 speaker=Agent B phase=ASR duration_sec=1.384607
[04:16:39] SYSTEM telemetry.speech
[04:16:39] SYSTEM telemetry.timing
[04:16:39] MEMORY turn=2 reason=agent_b_reply changed=Agent A,Agent B
[04:16:39] STEP turn=None speaker=Agent B route_valid=- route_goal=- route=-
[04:16:39] PHASE turn=2 speaker=Agent B phase=NLU duration_sec=0.000476
[04:16:39] SYSTEM telemetry.nlu
[04:16:39] PHASE turn=2 speaker=Agent B phase=DM duration_sec=0.00013406388461589813
[04:16:39] TIMING turn=2 speaker=Agent B generation=0.000479 synthesis=0.997057 audio=4.723 recognition=1.384607 understanding=0.000476 dialogue_management=0.000134 pipeline_wall=4.26746 turn_observed=4.72409
[04:16:42] PHASE turn=3 speaker=Agent A phase=NLG duration_sec=0.010353565216064453
[04:16:42] PHASE turn=3 speaker=Agent A phase=TTS duration_sec=0.654582
[04:16:42] PHASE turn=3 speaker=Agent A phase=ASR duration_sec=1.203732
[04:16:42] SYSTEM telemetry.speech
[04:16:42] SYSTEM telemetry.timing
[04:16:42] TIMING turn=3 speaker=Agent A generation=0.010354 synthesis=0.654582 audio=3.633 recognition=1.203732 understanding=None dialogue_management=None pipeline_wall=3.302713 turn_observed=3.643354
[04:16:42] MEMORY turn=3 reason=agent_a_reply changed=Agent A,Agent B
[04:16:42] STEP turn=None speaker=Agent A route_valid=- route_goal=- route=-
[04:16:47] PHASE turn=4 speaker=Agent B phase=NLG duration_sec=0.0005476474761962891
[04:16:47] PHASE turn=4 speaker=Agent B phase=TTS duration_sec=0.856243
[04:16:47] PHASE turn=4 speaker=Agent B phase=ASR duration_sec=1.877216
[04:16:47] SYSTEM telemetry.speech
[04:16:47] SYSTEM telemetry.timing
[04:16:47] MEMORY turn=4 reason=agent_b_reply changed=Agent A
[04:16:47] STEP turn=None speaker=Agent B route_valid=- route_goal=- route=-
[04:16:47] PHASE turn=4 speaker=Agent B phase=NLU duration_sec=0.000461
[04:16:47] SYSTEM telemetry.nlu
[04:16:47] PHASE turn=4 speaker=Agent B phase=DM duration_sec=0.00013514910824596882
[04:16:47] TIMING turn=4 speaker=Agent B generation=0.000548 synthesis=0.856243 audio=5.214 recognition=1.877216 understanding=0.000461 dialogue_management=0.000135 pipeline_wall=4.825612 turn_observed=5.215144
[04:16:50] PHASE turn=5 speaker=Agent A phase=NLG duration_sec=0.010581731796264648
[04:16:50] PHASE turn=5 speaker=Agent A phase=TTS duration_sec=0.767946
[04:16:50] PHASE turn=5 speaker=Agent A phase=ASR duration_sec=0.91288
[04:16:50] SYSTEM telemetry.speech
[04:16:50] SYSTEM telemetry.timing
[04:16:50] TIMING turn=5 speaker=Agent A generation=0.010582 synthesis=0.767946 audio=2.984 recognition=0.91288 understanding=None dialogue_management=None pipeline_wall=2.928819 turn_observed=2.994582
[04:16:50] MEMORY turn=5 reason=agent_a_reply changed=Agent A,Agent B
[04:16:50] STEP turn=None speaker=Agent A route_valid=- route_goal=- route=-
[04:16:58] PHASE turn=6 speaker=Agent B phase=NLG duration_sec=0.0010848045349121094
[04:16:58] PHASE turn=6 speaker=Agent B phase=TTS duration_sec=1.918072
[04:16:58] PHASE turn=6 speaker=Agent B phase=ASR duration_sec=2.793039
[04:16:58] SYSTEM telemetry.speech
[04:16:58] SYSTEM telemetry.timing
[04:16:58] MEMORY turn=6 reason=agent_b_reply changed=Agent A,Agent B
[04:16:58] STEP turn=None speaker=Agent B route_valid=- route_goal=- route=-
[04:16:58] PHASE turn=6 speaker=Agent B phase=NLU duration_sec=0.000472
[04:16:58] SYSTEM telemetry.nlu
[04:16:58] PHASE turn=6 speaker=Agent B phase=DM duration_sec=0.0005281991325318813
[04:16:58] TIMING turn=6 speaker=Agent B generation=0.001085 synthesis=1.918072 audio=5.799 recognition=2.793039 understanding=0.000472 dialogue_management=0.000528 pipeline_wall=7.847541 turn_observed=7.849695
[04:17:03] PHASE turn=7 speaker=Agent A phase=NLG duration_sec=0.03864336013793945
[04:17:03] PHASE turn=7 speaker=Agent A phase=TTS duration_sec=1.274959
[04:17:03] PHASE turn=7 speaker=Agent A phase=ASR duration_sec=1.831407
[04:17:03] SYSTEM telemetry.speech
[04:17:03] SYSTEM telemetry.timing
[04:17:03] TIMING turn=7 speaker=Agent A generation=0.038643 synthesis=1.274959 audio=6.26 recognition=1.831407 understanding=None dialogue_management=None pipeline_wall=5.581336 turn_observed=6.298643
[04:17:03] MEMORY turn=7 reason=agent_a_reply changed=Agent A,Agent B
[04:17:03] STEP turn=None speaker=Agent A route_valid=- route_goal=- route=-
[04:17:12] PHASE turn=8 speaker=Agent B phase=NLG duration_sec=0.0008912086486816406
[04:17:12] PHASE turn=8 speaker=Agent B phase=TTS duration_sec=1.734238
[04:17:12] PHASE turn=8 speaker=Agent B phase=ASR duration_sec=3.175786
[04:17:12] SYSTEM telemetry.speech
[04:17:12] SYSTEM telemetry.timing
[04:17:12] MEMORY turn=8 reason=agent_b_reply changed=Agent A
[04:17:12] STEP turn=None speaker=Agent B route_valid=- route_goal=- route=-
[04:17:12] PHASE turn=8 speaker=Agent B phase=NLU duration_sec=0.000586
[04:17:12] SYSTEM telemetry.nlu
[04:17:12] PHASE turn=8 speaker=Agent B phase=DM duration_sec=0.00012138299643993378
[04:17:12] TIMING turn=8 speaker=Agent B generation=0.000891 synthesis=1.734238 audio=6.97 recognition=3.175786 understanding=0.000586 dialogue_management=0.000121 pipeline_wall=8.541184 turn_observed=8.542856
[04:17:20] PHASE turn=9 speaker=Agent A phase=NLG duration_sec=0.05088186264038086
[04:17:20] PHASE turn=9 speaker=Agent A phase=TTS duration_sec=2.263575
[04:17:20] PHASE turn=9 speaker=Agent A phase=ASR duration_sec=2.356619
[04:17:20] SYSTEM telemetry.speech
[04:17:20] SYSTEM telemetry.timing
[04:17:20] TIMING turn=9 speaker=Agent A generation=0.050882 synthesis=2.263575 audio=6.249 recognition=2.356619 understanding=None dialogue_management=None pipeline_wall=7.987274 turn_observed=8.038219
[04:17:20] MEMORY turn=9 reason=agent_a_reply changed=Agent A,Agent B
[04:17:20] STEP turn=None speaker=Agent A route_valid=- route_goal=- route=-
[04:17:20] SYSTEM metrics
[04:17:20] SYSTEM done
[04:17:20] SEGMENT batch.condition.end status=ok duration=58.812965 seconds
[04:17:20] SESSION END batch-C-MT-RAN-SC-PIP-VOS-QQ515-DEFAU-MED-I0-f45b6016a8-A
