=== batch-c-mpcc-fc-clean-pip-vos-q05-defau-sml-i0-f23f563228-t-20260714-074614.log | sha256=dbaa51335f2032757cf6e569b34698cd55d6672c8b1dd59f6f950f5447d801e3 ===
[07:46:14] SESSION START batch-C-MPCC-FC-CLEAN-PIP-VOS-Q05-DEFAU-SML-I0-f23f563228-T
[07:46:14] SEGMENT batch.condition.start status=ok duration=None seconds
[07:46:14] SYSTEM timer.start
[07:46:14] PHASE turn=1 speaker=Agent A phase=NLG duration_sec=0.0
[07:46:14] PHASE turn=1 speaker=Agent A phase=TTS duration_sec=0.629335
[07:46:14] PHASE turn=1 speaker=Agent A phase=ASR duration_sec=0.033242
[07:46:14] SYSTEM telemetry.speech
[07:46:14] MEMORY turn=1 reason=opening changed=Agent A,Agent B
[07:46:14] STEP turn=None speaker=Agent A route_valid=- route_goal=- route=-
[07:46:14] SYSTEM telemetry.timing
[07:46:14] TIMING turn=1 speaker=Agent A generation=0.0 synthesis=0.629335 audio=11.463 recognition=0.033242 understanding=None dialogue_management=None pipeline_wall=0.663351 turn_observed=11.463
[07:46:40] PHASE turn=2 speaker=Agent B phase=NLG duration_sec=24.97416043281555
[07:46:40] PHASE turn=2 speaker=Agent B phase=TTS duration_sec=0.880856
[07:46:40] PHASE turn=2 speaker=Agent B phase=ASR duration_sec=0.017824
[07:46:40] SYSTEM telemetry.speech
[07:46:40] SYSTEM telemetry.timing
[07:46:40] MEMORY turn=2 reason=agent_b_reply changed=Agent A,Agent B
[07:46:40] STEP turn=None speaker=Agent B route_valid=- route_goal=- route=-
[07:46:40] PHASE turn=2 speaker=Agent B phase=NLU duration_sec=0.000993
[07:46:40] SYSTEM telemetry.nlu
[07:46:40] SYSTEM route
[07:46:40] SYSTEM candidate
[07:46:40] PHASE turn=2 speaker=Agent B phase=DM duration_sec=0.0029732240363955498
[07:46:40] TIMING turn=2 speaker=Agent B generation=24.97416 synthesis=0.880856 audio=9.03 recognition=0.017824 understanding=0.000993 dialogue_management=0.002973 pipeline_wall=0.899034 turn_observed=34.008126
[07:47:04] PHASE turn=3 speaker=Agent A phase=NLG duration_sec=22.90521001815796
[07:47:04] PHASE turn=3 speaker=Agent A phase=TTS duration_sec=0.565933
[07:47:04] PHASE turn=3 speaker=Agent A phase=ASR duration_sec=0.014938
[07:47:04] SYSTEM telemetry.speech
[07:47:04] SYSTEM telemetry.timing
[07:47:04] TIMING turn=3 speaker=Agent A generation=22.90521 synthesis=0.565933 audio=6.597 recognition=0.014938 understanding=None dialogue_management=None pipeline_wall=0.581287 turn_observed=29.50221
[07:47:04] MEMORY turn=3 reason=agent_a_reply changed=Agent A,Agent B
[07:47:04] STEP turn=None speaker=Agent A route_valid=- route_goal=- route=-
[07:47:27] PHASE turn=4 speaker=Agent B phase=NLG duration_sec=21.641823053359985
[07:47:27] PHASE turn=4 speaker=Agent B phase=TTS duration_sec=1.496569
[07:47:27] PHASE turn=4 speaker=Agent B phase=ASR duration_sec=0.025214
[07:47:27] SYSTEM telemetry.speech
[07:47:27] SYSTEM telemetry.timing
[07:47:27] MEMORY turn=4 reason=agent_b_reply changed=Agent A,Agent B
[07:47:27] STEP turn=None speaker=Agent B route_valid=- route_goal=- route=-
[07:47:27] PHASE turn=4 speaker=Agent B phase=NLU duration_sec=0.002656
[07:47:27] SYSTEM telemetry.nlu
[07:47:27] SYSTEM candidate
[07:47:27] PHASE turn=4 speaker=Agent B phase=DM duration_sec=0.002685104962438345
[07:47:27] TIMING turn=4 speaker=Agent B generation=21.641823 synthesis=1.496569 audio=14.461 recognition=0.025214 understanding=0.002656 dialogue_management=0.002685 pipeline_wall=1.522145 turn_observed=36.108164
[07:47:52] PHASE turn=5 speaker=Agent A phase=NLG duration_sec=24.453521966934204
[07:47:52] PHASE turn=5 speaker=Agent A phase=TTS duration_sec=1.008024
[07:47:52] PHASE turn=5 speaker=Agent A phase=ASR duration_sec=0.026962
[07:47:52] SYSTEM telemetry.speech
[07:47:52] SYSTEM telemetry.timing
[07:47:52] TIMING turn=5 speaker=Agent A generation=24.453522 synthesis=1.008024 audio=10.019 recognition=0.026962 understanding=None dialogue_management=None pipeline_wall=1.035397 turn_observed=34.472522
[07:47:52] MEMORY turn=5 reason=agent_a_reply changed=Agent A,Agent B
[07:47:52] STEP turn=None speaker=Agent A route_valid=- route_goal=- route=-
[07:48:24] PHASE turn=6 speaker=Agent B phase=NLG duration_sec=30.65485453605652
[07:48:24] PHASE turn=6 speaker=Agent B phase=TTS duration_sec=1.189512
[07:48:24] PHASE turn=6 speaker=Agent B phase=ASR duration_sec=0.020592
[07:48:24] SYSTEM telemetry.speech
[07:48:24] SYSTEM telemetry.timing
[07:48:24] MEMORY turn=6 reason=agent_b_reply changed=Agent A,Agent B
[07:48:24] STEP turn=None speaker=Agent B route_valid=- route_goal=- route=-
[07:48:24] PHASE turn=6 speaker=Agent B phase=NLU duration_sec=0.001558
[07:48:24] SYSTEM telemetry.nlu
[07:48:24] SYSTEM candidate
[07:48:24] PHASE turn=6 speaker=Agent B phase=DM duration_sec=0.006146615836769342
[07:48:24] TIMING turn=6 speaker=Agent B generation=30.654855 synthesis=1.189512 audio=11.925 recognition=0.020592 understanding=0.001558 dialogue_management=0.006147 pipeline_wall=1.21057 turn_observed=42.587559
[07:48:52] PHASE turn=7 speaker=Agent A phase=NLG duration_sec=27.104097843170166
[07:48:52] PHASE turn=7 speaker=Agent A phase=TTS duration_sec=0.852764
[07:48:52] PHASE turn=7 speaker=Agent A phase=ASR duration_sec=0.020839
[07:48:52] SYSTEM telemetry.speech
[07:48:52] SYSTEM telemetry.timing
[07:48:52] TIMING turn=7 speaker=Agent A generation=27.104098 synthesis=0.852764 audio=8.415 recognition=0.020839 understanding=None dialogue_management=None pipeline_wall=0.873995 turn_observed=35.519098
[07:48:52] MEMORY turn=7 reason=agent_a_reply changed=Agent A,Agent B
[07:48:52] STEP turn=None speaker=Agent A route_valid=- route_goal=- route=-
[07:49:20] PHASE turn=8 speaker=Agent B phase=NLG duration_sec=26.720802307128906
[07:49:20] PHASE turn=8 speaker=Agent B phase=TTS duration_sec=0.940675
[07:49:20] PHASE turn=8 speaker=Agent B phase=ASR duration_sec=0.017502
[07:49:20] SYSTEM telemetry.speech
[07:49:20] SYSTEM telemetry.timing
[07:49:20] MEMORY turn=8 reason=agent_b_reply changed=Agent A,Agent B
[07:49:20] STEP turn=None speaker=Agent B route_valid=- route_goal=- route=-
[07:49:20] PHASE turn=8 speaker=Agent B phase=NLU duration_sec=0.0015
[07:49:20] SYSTEM telemetry.nlu
[07:49:20] SYSTEM candidate
[07:49:20] PHASE turn=8 speaker=Agent B phase=DM duration_sec=0.005090992199257016
[07:49:20] TIMING turn=8 speaker=Agent B generation=26.720802 synthesis=0.940675 audio=9.03 recognition=0.017502 understanding=0.0015 dialogue_management=0.005091 pipeline_wall=0.958519 turn_observed=35.757393
[07:49:49] PHASE turn=9 speaker=Agent A phase=NLG duration_sec=28.53069567680359
[07:49:49] PHASE turn=9 speaker=Agent A phase=TTS duration_sec=0.531523
[07:49:49] PHASE turn=9 speaker=Agent A phase=ASR duration_sec=0.01337
[07:49:49] SYSTEM telemetry.speech
[07:49:49] SYSTEM telemetry.timing
[07:49:49] TIMING turn=9 speaker=Agent A generation=28.530696 synthesis=0.531523 audio=5.361 recognition=0.01337 understanding=None dialogue_management=None pipeline_wall=0.545296 turn_observed=33.891696
[07:49:49] MEMORY turn=9 reason=agent_a_reply changed=Agent A,Agent B
[07:49:49] STEP turn=None speaker=Agent A route_valid=- route_goal=- route=-
[07:49:49] SYSTEM metrics
[07:49:49] SYSTEM done
[07:49:49] SEGMENT batch.condition.end status=ok duration=215.463379 seconds
[07:49:49] SESSION END batch-C-MPCC-FC-CLEAN-PIP-VOS-Q05-DEFAU-SML-I0-f23f563228-T
