=== batch-c-mt-ran-sc-pip-vos-qq515-defau-med-i0-f45b6016a8-t-20260713-040650.log | sha256=f697781c299fd6c1190073968e927d6d547f1c43ada554b828d399d77545ca69 ===
[04:06:50] SESSION START batch-C-MT-RAN-SC-PIP-VOS-QQ515-DEFAU-MED-I0-f45b6016a8-T
[04:06:50] SEGMENT batch.condition.start status=ok duration=None seconds
[04:06:50] SYSTEM timer.start
[04:06:51] PHASE turn=1 speaker=Agent A phase=NLG duration_sec=0.0
[04:06:51] PHASE turn=1 speaker=Agent A phase=TTS duration_sec=0.762159
[04:06:51] PHASE turn=1 speaker=Agent A phase=ASR duration_sec=0.002898
[04:06:51] SYSTEM telemetry.speech
[04:06:51] MEMORY turn=1 reason=opening changed=Agent A,Agent B
[04:06:51] STEP turn=None speaker=Agent A route_valid=- route_goal=- route=-
[04:06:51] SYSTEM telemetry.timing
[04:06:51] TIMING turn=1 speaker=Agent A generation=0.0 synthesis=0.762159 audio=10.0 recognition=0.002898 understanding=None dialogue_management=None pipeline_wall=0.765989 turn_observed=10.0
[04:07:30] PHASE turn=2 speaker=Agent B phase=NLG duration_sec=37.10074543952942
[04:07:30] PHASE turn=2 speaker=Agent B phase=TTS duration_sec=1.468056
[04:07:30] PHASE turn=2 speaker=Agent B phase=ASR duration_sec=0.00242
[04:07:30] SYSTEM telemetry.speech
[04:07:30] SYSTEM telemetry.timing
[04:07:30] MEMORY turn=2 reason=agent_b_reply changed=Agent A,Agent B
[04:07:30] STEP turn=None speaker=Agent B route_valid=- route_goal=- route=-
[04:07:30] PHASE turn=2 speaker=Agent B phase=NLU duration_sec=0.003287
[04:07:30] SYSTEM telemetry.nlu
[04:07:30] SYSTEM route
[04:07:30] SYSTEM candidate
[04:07:30] PHASE turn=2 speaker=Agent B phase=DM duration_sec=0.005679971072822809
[04:07:30] TIMING turn=2 speaker=Agent B generation=37.100745 synthesis=1.468056 audio=9.36 recognition=0.00242 understanding=0.003287 dialogue_management=0.00568 pipeline_wall=1.470971 turn_observed=46.469712
[04:08:20] PHASE turn=3 speaker=Agent A phase=NLG duration_sec=48.74403953552246
[04:08:20] PHASE turn=3 speaker=Agent A phase=TTS duration_sec=1.287647
[04:08:20] PHASE turn=3 speaker=Agent A phase=ASR duration_sec=0.002277
[04:08:20] SYSTEM telemetry.speech
[04:08:20] SYSTEM telemetry.timing
[04:08:20] TIMING turn=3 speaker=Agent A generation=48.74404 synthesis=1.287647 audio=8.176 recognition=0.002277 understanding=None dialogue_management=None pipeline_wall=1.290343 turn_observed=56.92004
[04:08:20] MEMORY turn=3 reason=agent_a_reply changed=Agent A,Agent B
[04:08:20] STEP turn=None speaker=Agent A route_valid=- route_goal=- route=-
[04:08:51] PHASE turn=4 speaker=Agent B phase=NLG duration_sec=29.716398239135742
[04:08:51] PHASE turn=4 speaker=Agent B phase=TTS duration_sec=1.40381
[04:08:51] PHASE turn=4 speaker=Agent B phase=ASR duration_sec=0.003562
[04:08:51] SYSTEM telemetry.speech
[04:08:51] SYSTEM telemetry.timing
[04:08:51] MEMORY turn=4 reason=agent_b_reply changed=Agent A,Agent B
[04:08:51] STEP turn=None speaker=Agent B route_valid=- route_goal=- route=-
[04:08:51] PHASE turn=4 speaker=Agent B phase=NLU duration_sec=0.010605
[04:08:51] SYSTEM telemetry.nlu
[04:08:51] SYSTEM candidate
[04:08:51] PHASE turn=4 speaker=Agent B phase=DM duration_sec=0.006904674926772714
[04:08:51] TIMING turn=4 speaker=Agent B generation=29.716398 synthesis=1.40381 audio=7.532 recognition=0.003562 understanding=0.010605 dialogue_management=0.006905 pipeline_wall=1.407888 turn_observed=37.265908
[04:09:48] PHASE turn=5 speaker=Agent A phase=NLG duration_sec=55.539087772369385
[04:09:48] PHASE turn=5 speaker=Agent A phase=TTS duration_sec=1.078368
[04:09:48] PHASE turn=5 speaker=Agent A phase=ASR duration_sec=0.002905
[04:09:48] SYSTEM telemetry.speech
[04:09:48] SYSTEM telemetry.timing
[04:09:48] TIMING turn=5 speaker=Agent A generation=55.539088 synthesis=1.078368 audio=5.999 recognition=0.002905 understanding=None dialogue_management=None pipeline_wall=1.081904 turn_observed=61.538088
[04:09:48] MEMORY turn=5 reason=agent_a_reply changed=Agent A,Agent B
[04:09:48] STEP turn=None speaker=Agent A route_valid=- route_goal=- route=-
[04:10:22] PHASE turn=6 speaker=Agent B phase=NLG duration_sec=32.361042976379395
[04:10:22] PHASE turn=6 speaker=Agent B phase=TTS duration_sec=1.715218
[04:10:22] PHASE turn=6 speaker=Agent B phase=ASR duration_sec=0.002874
[04:10:22] SYSTEM telemetry.speech
[04:10:22] SYSTEM telemetry.timing
[04:10:22] MEMORY turn=6 reason=agent_b_reply changed=Agent A,Agent B
[04:10:22] STEP turn=None speaker=Agent B route_valid=- route_goal=- route=-
[04:10:22] PHASE turn=6 speaker=Agent B phase=NLU duration_sec=0.01492
[04:10:22] SYSTEM telemetry.nlu
[04:10:22] SYSTEM warning
[04:10:22] SYSTEM candidate
[04:10:22] PHASE turn=6 speaker=Agent B phase=DM duration_sec=0.0030255550518631935
[04:10:22] TIMING turn=6 speaker=Agent B generation=32.361043 synthesis=1.715218 audio=9.356 recognition=0.002874 understanding=0.01492 dialogue_management=0.003026 pipeline_wall=1.718611 turn_observed=41.734989
[04:11:24] PHASE turn=7 speaker=Agent A phase=NLG duration_sec=60.78270959854126
[04:11:24] PHASE turn=7 speaker=Agent A phase=TTS duration_sec=1.460178
[04:11:24] PHASE turn=7 speaker=Agent A phase=ASR duration_sec=0.002544
[04:11:24] SYSTEM telemetry.speech
[04:11:24] SYSTEM telemetry.timing
[04:11:24] TIMING turn=7 speaker=Agent A generation=60.78271 synthesis=1.460178 audio=7.758 recognition=0.002544 understanding=None dialogue_management=None pipeline_wall=1.463268 turn_observed=68.54071
[04:11:24] MEMORY turn=7 reason=agent_a_reply changed=Agent A,Agent B
[04:11:24] STEP turn=None speaker=Agent A route_valid=- route_goal=- route=-
[04:12:01] PHASE turn=8 speaker=Agent B phase=NLG duration_sec=34.786548137664795
[04:12:01] PHASE turn=8 speaker=Agent B phase=TTS duration_sec=1.766129
[04:12:01] PHASE turn=8 speaker=Agent B phase=ASR duration_sec=0.002464
[04:12:01] SYSTEM telemetry.speech
[04:12:01] SYSTEM telemetry.timing
[04:12:01] MEMORY turn=8 reason=agent_b_reply changed=Agent A,Agent B
[04:12:01] STEP turn=None speaker=Agent B route_valid=- route_goal=- route=-
[04:12:01] PHASE turn=8 speaker=Agent B phase=NLU duration_sec=0.008011
[04:12:01] SYSTEM telemetry.nlu
[04:12:01] SYSTEM warning
[04:12:01] SYSTEM candidate
[04:12:01] PHASE turn=8 speaker=Agent B phase=DM duration_sec=0.0030686049722135067
[04:12:01] TIMING turn=8 speaker=Agent B generation=34.786548 synthesis=1.766129 audio=10.0 recognition=0.002464 understanding=0.008011 dialogue_management=0.003069 pipeline_wall=1.769105 turn_observed=44.797628
[04:13:07] PHASE turn=9 speaker=Agent A phase=NLG duration_sec=64.98782658576965
[04:13:07] PHASE turn=9 speaker=Agent A phase=TTS duration_sec=1.43397
[04:13:07] PHASE turn=9 speaker=Agent A phase=ASR duration_sec=0.002823
[04:13:07] SYSTEM telemetry.speech
[04:13:07] SYSTEM telemetry.timing
[04:13:07] TIMING turn=9 speaker=Agent A generation=64.987827 synthesis=1.43397 audio=7.788 recognition=0.002823 understanding=None dialogue_management=None pipeline_wall=1.437316 turn_observed=72.775827
[04:13:07] MEMORY turn=9 reason=agent_a_reply changed=Agent A,Agent B
[04:13:07] STEP turn=None speaker=Agent A route_valid=- route_goal=- route=-
[04:13:45] PHASE turn=10 speaker=Agent B phase=NLG duration_sec=37.22097659111023
[04:13:45] PHASE turn=10 speaker=Agent B phase=TTS duration_sec=1.052673
[04:13:45] PHASE turn=10 speaker=Agent B phase=ASR duration_sec=0.002458
[04:13:45] SYSTEM telemetry.speech
[04:13:45] SYSTEM telemetry.timing
[04:13:45] MEMORY turn=10 reason=agent_b_reply changed=Agent A,Agent B
[04:13:45] STEP turn=None speaker=Agent B route_valid=- route_goal=- route=-
[04:13:45] PHASE turn=10 speaker=Agent B phase=NLU duration_sec=0.00099
[04:13:45] SYSTEM telemetry.nlu
[04:13:45] PHASE turn=10 speaker=Agent B phase=DM duration_sec=0.00017072097398340702
[04:13:45] TIMING turn=10 speaker=Agent B generation=37.220977 synthesis=1.052673 audio=5.988 recognition=0.002458 understanding=0.00099 dialogue_management=0.000171 pipeline_wall=1.055654 turn_observed=43.210137
[04:13:47] PHASE turn=11 speaker=Agent A phase=NLG duration_sec=0.08733701705932617
[04:13:47] PHASE turn=11 speaker=Agent A phase=TTS duration_sec=1.132638
[04:13:47] PHASE turn=11 speaker=Agent A phase=ASR duration_sec=0.002341
[04:13:47] SYSTEM telemetry.speech
[04:13:47] SYSTEM telemetry.timing
[04:13:47] TIMING turn=11 speaker=Agent A generation=0.087337 synthesis=1.132638 audio=5.924 recognition=0.002341 understanding=None dialogue_management=None pipeline_wall=1.135473 turn_observed=6.011337
[04:13:47] MEMORY turn=11 reason=agent_a_reply changed=Agent A,Agent B
[04:13:47] STEP turn=None speaker=Agent A route_valid=- route_goal=- route=-
[04:13:47] SYSTEM metrics
[04:13:47] SYSTEM done
[04:13:47] SEGMENT batch.condition.end status=ok duration=416.410077 seconds
[04:13:47] SESSION END batch-C-MT-RAN-SC-PIP-VOS-QQ515-DEFAU-MED-I0-f45b6016a8-T
