=== batch-c-cee-car-mc-pip-vos-qq57i-defau-lrg-i0-ec16f2a89c-t-20260714-104846.log | sha256=d94d1b4ca5a76e93c0d35423875ce1b210d1552e6591bf99fc33bd9cd59358da ===
[10:48:46] SESSION START batch-C-CEE-CAR-MC-PIP-VOS-QQ57I-DEFAU-LRG-I0-ec16f2a89c-T
[10:48:46] SEGMENT batch.condition.start status=ok duration=None seconds
[10:48:46] SYSTEM timer.start
[10:48:46] PHASE turn=1 speaker=Agent A phase=NLG duration_sec=0.0
[10:48:46] PHASE turn=1 speaker=Agent A phase=TTS duration_sec=0.46452
[10:48:46] PHASE turn=1 speaker=Agent A phase=ASR duration_sec=0.027676
[10:48:46] SYSTEM telemetry.speech
[10:48:46] MEMORY turn=1 reason=opening changed=Agent A,Agent B
[10:48:46] STEP turn=None speaker=Agent A route_valid=- route_goal=- route=-
[10:48:46] SYSTEM telemetry.timing
[10:48:46] TIMING turn=1 speaker=Agent A generation=0.0 synthesis=0.46452 audio=9.861 recognition=0.027676 understanding=None dialogue_management=None pipeline_wall=0.492817 turn_observed=9.861
[10:53:41] PHASE turn=2 speaker=Agent B phase=NLG duration_sec=294.3611648082733
[10:53:41] PHASE turn=2 speaker=Agent B phase=TTS duration_sec=0.650282
[10:53:41] PHASE turn=2 speaker=Agent B phase=ASR duration_sec=0.014342
[10:53:41] SYSTEM telemetry.speech
[10:53:41] SYSTEM telemetry.timing
[10:53:41] MEMORY turn=2 reason=agent_b_reply changed=Agent A,Agent B
[10:53:41] STEP turn=None speaker=Agent B route_valid=- route_goal=- route=-
[10:53:41] PHASE turn=2 speaker=Agent B phase=NLU duration_sec=0.000679
[10:53:41] SYSTEM telemetry.nlu
[10:53:41] SYSTEM route
[10:53:41] SYSTEM candidate
[10:53:41] PHASE turn=2 speaker=Agent B phase=DM duration_sec=0.0027713216841220856
[10:53:41] TIMING turn=2 speaker=Agent B generation=294.361165 synthesis=0.650282 audio=7.106 recognition=0.014342 understanding=0.000679 dialogue_management=0.002771 pipeline_wall=0.664988 turn_observed=301.470615
[10:54:02] PHASE turn=3 speaker=Agent A phase=NLG duration_sec=20.265593767166138
[10:54:02] PHASE turn=3 speaker=Agent A phase=TTS duration_sec=0.573839
[10:54:02] PHASE turn=3 speaker=Agent A phase=ASR duration_sec=0.017954
[10:54:02] SYSTEM telemetry.speech
[10:54:02] SYSTEM telemetry.timing
[10:54:02] TIMING turn=3 speaker=Agent A generation=20.265594 synthesis=0.573839 audio=6.852 recognition=0.017954 understanding=None dialogue_management=None pipeline_wall=0.592139 turn_observed=27.117594
[10:54:02] MEMORY turn=3 reason=agent_a_reply changed=Agent A,Agent B
[10:54:02] STEP turn=None speaker=Agent A route_valid=- route_goal=- route=-
[10:59:27] PHASE turn=4 speaker=Agent B phase=NLG duration_sec=323.8939001560211
[10:59:27] PHASE turn=4 speaker=Agent B phase=TTS duration_sec=0.893376
[10:59:27] PHASE turn=4 speaker=Agent B phase=ASR duration_sec=0.01904
[10:59:27] SYSTEM telemetry.speech
[10:59:27] SYSTEM telemetry.timing
[10:59:27] MEMORY turn=4 reason=agent_b_reply changed=Agent A,Agent B
[10:59:27] STEP turn=None speaker=Agent B route_valid=- route_goal=- route=-
[10:59:27] PHASE turn=4 speaker=Agent B phase=NLU duration_sec=0.003137
[10:59:27] SYSTEM telemetry.nlu
[10:59:27] SYSTEM candidate
[10:59:27] PHASE turn=4 speaker=Agent B phase=DM duration_sec=0.003001594915986061
[10:59:27] TIMING turn=4 speaker=Agent B generation=323.8939 synthesis=0.893376 audio=9.416 recognition=0.01904 understanding=0.003137 dialogue_management=0.003002 pipeline_wall=0.912856 turn_observed=333.316039
[10:59:49] PHASE turn=5 speaker=Agent A phase=NLG duration_sec=21.89117693901062
[10:59:49] PHASE turn=5 speaker=Agent A phase=TTS duration_sec=0.471762
[10:59:49] PHASE turn=5 speaker=Agent A phase=ASR duration_sec=0.01571
[10:59:49] SYSTEM telemetry.speech
[10:59:49] SYSTEM telemetry.timing
[10:59:49] TIMING turn=5 speaker=Agent A generation=21.891177 synthesis=0.471762 audio=5.252 recognition=0.01571 understanding=None dialogue_management=None pipeline_wall=0.487814 turn_observed=27.143177
[10:59:49] MEMORY turn=5 reason=agent_a_reply changed=Agent A,Agent B
[10:59:49] STEP turn=None speaker=Agent A route_valid=- route_goal=- route=-
[11:05:38] PHASE turn=6 speaker=Agent B phase=NLG duration_sec=347.6464099884033
[11:05:38] PHASE turn=6 speaker=Agent B phase=TTS duration_sec=1.024319
[11:05:38] PHASE turn=6 speaker=Agent B phase=ASR duration_sec=0.022523
[11:05:38] SYSTEM telemetry.speech
[11:05:38] SYSTEM telemetry.timing
[11:05:38] MEMORY turn=6 reason=agent_b_reply changed=Agent A,Agent B
[11:05:38] STEP turn=None speaker=Agent B route_valid=- route_goal=- route=-
[11:05:38] PHASE turn=6 speaker=Agent B phase=NLU duration_sec=0.004549
[11:05:38] SYSTEM telemetry.nlu
[11:05:38] SYSTEM candidate
[11:05:38] PHASE turn=6 speaker=Agent B phase=DM duration_sec=0.004063788801431656
[11:05:38] TIMING turn=6 speaker=Agent B generation=347.64641 synthesis=1.024319 audio=11.404 recognition=0.022523 understanding=0.004549 dialogue_management=0.004064 pipeline_wall=1.047284 turn_observed=359.059022
[11:06:03] PHASE turn=7 speaker=Agent A phase=NLG duration_sec=23.998237371444702
[11:06:03] PHASE turn=7 speaker=Agent A phase=TTS duration_sec=0.532791
[11:06:03] PHASE turn=7 speaker=Agent A phase=ASR duration_sec=0.019827
[11:06:03] SYSTEM telemetry.speech
[11:06:03] SYSTEM telemetry.timing
[11:06:03] TIMING turn=7 speaker=Agent A generation=23.998237 synthesis=0.532791 audio=5.652 recognition=0.019827 understanding=None dialogue_management=None pipeline_wall=0.553038 turn_observed=29.650237
[11:06:03] MEMORY turn=7 reason=agent_a_reply changed=Agent A,Agent B
[11:06:03] STEP turn=None speaker=Agent A route_valid=- route_goal=- route=-
[11:12:21] PHASE turn=8 speaker=Agent B phase=NLG duration_sec=377.6651191711426
[11:12:21] PHASE turn=8 speaker=Agent B phase=TTS duration_sec=0.996644
[11:12:21] PHASE turn=8 speaker=Agent B phase=ASR duration_sec=0.023898
[11:12:21] SYSTEM telemetry.speech
[11:12:21] SYSTEM telemetry.timing
[11:12:21] MEMORY turn=8 reason=agent_b_reply changed=Agent A,Agent B
[11:12:21] STEP turn=None speaker=Agent B route_valid=- route_goal=- route=-
[11:12:21] PHASE turn=8 speaker=Agent B phase=NLU duration_sec=0.002991
[11:12:21] SYSTEM telemetry.nlu
[11:12:21] SYSTEM candidate
[11:12:21] PHASE turn=8 speaker=Agent B phase=DM duration_sec=0.004164268262684345
[11:12:21] TIMING turn=8 speaker=Agent B generation=377.665119 synthesis=0.996644 audio=11.04 recognition=0.023898 understanding=0.002991 dialogue_management=0.004164 pipeline_wall=1.020962 turn_observed=388.712275
[11:12:48] PHASE turn=9 speaker=Agent A phase=NLG duration_sec=25.51918387413025
[11:12:48] PHASE turn=9 speaker=Agent A phase=TTS duration_sec=0.924929
[11:12:48] PHASE turn=9 speaker=Agent A phase=ASR duration_sec=0.012651
[11:12:48] SYSTEM telemetry.speech
[11:12:48] SYSTEM telemetry.timing
[11:12:48] TIMING turn=9 speaker=Agent A generation=25.519184 synthesis=0.924929 audio=9.736 recognition=0.012651 understanding=None dialogue_management=None pipeline_wall=0.937982 turn_observed=35.255184
[11:12:48] MEMORY turn=9 reason=agent_a_reply changed=Agent A,Agent B
[11:12:48] STEP turn=None speaker=Agent A route_valid=- route_goal=- route=-
[11:12:48] SYSTEM metrics
[11:12:48] SYSTEM done
[11:12:48] SEGMENT batch.condition.end status=ok duration=1442.141528 seconds
[11:12:48] SESSION END batch-C-CEE-CAR-MC-PIP-VOS-QQ57I-DEFAU-LRG-I0-ec16f2a89c-T
