=== batch-c-mpcc-fc-clean-pip-vos-tl1-defau-sml-i0-abd012eb88-a-20260714-073906.log | sha256=fb9e499637434b1bb24daf0d9e70fd3c85609122a4ed40eeb445283f9fe3a3b8 ===
[07:39:06] SESSION START batch-C-MPCC-FC-CLEAN-PIP-VOS-TL1-DEFAU-SML-I0-abd012eb88-A
[07:39:06] SEGMENT batch.condition.start status=ok duration=None seconds
[07:39:06] SYSTEM timer.start
[07:39:28] PHASE turn=1 speaker=Agent A phase=NLG duration_sec=0.0
[07:39:28] PHASE turn=1 speaker=Agent A phase=TTS duration_sec=18.391999
[07:39:28] PHASE turn=1 speaker=Agent A phase=ASR duration_sec=4.068101
[07:39:28] SYSTEM telemetry.speech
[07:39:28] MEMORY turn=1 reason=opening changed=Agent A,Agent B
[07:39:28] STEP turn=None speaker=Agent A route_valid=- route_goal=- route=-
[07:39:28] SYSTEM telemetry.timing
[07:39:28] TIMING turn=1 speaker=Agent A generation=0.0 synthesis=18.391999 audio=11.463 recognition=4.068101 understanding=None dialogue_management=None pipeline_wall=22.461121 turn_observed=22.461194
[07:40:30] PHASE turn=2 speaker=Agent B phase=NLG duration_sec=54.88994264602661
[07:40:30] PHASE turn=2 speaker=Agent B phase=TTS duration_sec=6.390464
[07:40:30] PHASE turn=2 speaker=Agent B phase=ASR duration_sec=0.931607
[07:40:30] SYSTEM telemetry.speech
[07:40:30] SYSTEM telemetry.timing
[07:40:30] MEMORY turn=2 reason=agent_b_reply changed=Agent A,Agent B
[07:40:30] STEP turn=None speaker=Agent B route_valid=- route_goal=- route=-
[07:40:30] PHASE turn=2 speaker=Agent B phase=NLU duration_sec=0.001337
[07:40:30] SYSTEM telemetry.nlu
[07:40:30] SYSTEM route
[07:40:30] SYSTEM candidate
[07:40:30] PHASE turn=2 speaker=Agent B phase=DM duration_sec=0.0027551448438316584
[07:40:30] TIMING turn=2 speaker=Agent B generation=54.889943 synthesis=6.390464 audio=9.03 recognition=0.931607 understanding=0.001337 dialogue_management=0.002755 pipeline_wall=7.322497 turn_observed=63.924035
[07:40:55] PHASE turn=3 speaker=Agent A phase=NLG duration_sec=19.2507905960083
[07:40:55] PHASE turn=3 speaker=Agent A phase=TTS duration_sec=4.329358
[07:40:55] PHASE turn=3 speaker=Agent A phase=ASR duration_sec=1.002864
[07:40:55] SYSTEM telemetry.speech
[07:40:55] SYSTEM telemetry.timing
[07:40:55] TIMING turn=3 speaker=Agent A generation=19.250791 synthesis=4.329358 audio=6.597 recognition=1.002864 understanding=None dialogue_management=None pipeline_wall=5.332571 turn_observed=25.847791
[07:40:55] MEMORY turn=3 reason=agent_a_reply changed=Agent A,Agent B
[07:40:55] STEP turn=None speaker=Agent A route_valid=- route_goal=- route=-
[07:42:01] PHASE turn=4 speaker=Agent B phase=NLG duration_sec=55.627888441085815
[07:42:01] PHASE turn=4 speaker=Agent B phase=TTS duration_sec=9.447991
[07:42:01] PHASE turn=4 speaker=Agent B phase=ASR duration_sec=1.270352
[07:42:01] SYSTEM telemetry.speech
[07:42:01] SYSTEM telemetry.timing
[07:42:01] MEMORY turn=4 reason=agent_b_reply changed=Agent A,Agent B
[07:42:01] STEP turn=None speaker=Agent B route_valid=- route_goal=- route=-
[07:42:01] PHASE turn=4 speaker=Agent B phase=NLU duration_sec=0.003914
[07:42:01] SYSTEM telemetry.nlu
[07:42:01] SYSTEM candidate
[07:42:01] PHASE turn=4 speaker=Agent B phase=DM duration_sec=0.0022518679033964872
[07:42:01] TIMING turn=4 speaker=Agent B generation=55.627888 synthesis=9.447991 audio=14.461 recognition=1.270352 understanding=0.003914 dialogue_management=0.002252 pipeline_wall=10.718852 turn_observed=70.095054
[07:42:05] PHASE turn=5 speaker=Agent A phase=NLG duration_sec=0.004701852798461914
[07:42:05] PHASE turn=5 speaker=Agent A phase=TTS duration_sec=2.691874
[07:42:05] PHASE turn=5 speaker=Agent A phase=ASR duration_sec=0.571256
[07:42:05] SYSTEM telemetry.speech
[07:42:05] SYSTEM telemetry.timing
[07:42:05] TIMING turn=5 speaker=Agent A generation=0.004702 synthesis=2.691874 audio=4.324 recognition=0.571256 understanding=None dialogue_management=None pipeline_wall=3.263416 turn_observed=4.328702
[07:42:05] MEMORY turn=5 reason=agent_a_reply changed=Agent A,Agent B
[07:42:05] STEP turn=None speaker=Agent A route_valid=- route_goal=- route=-
[07:42:06] PHASE turn=6 speaker=Agent B phase=NLG duration_sec=0.18248867988586426
[07:42:06] PHASE turn=6 speaker=Agent B phase=TTS duration_sec=1.193853
[07:42:06] PHASE turn=6 speaker=Agent B phase=ASR duration_sec=0.42808
[07:42:06] SYSTEM telemetry.speech
[07:42:06] SYSTEM telemetry.timing
[07:42:06] MEMORY turn=6 reason=agent_b_reply changed=Agent A,Agent B
[07:42:06] STEP turn=None speaker=Agent B route_valid=- route_goal=- route=-
[07:42:06] PHASE turn=6 speaker=Agent B phase=NLU duration_sec=5e-06
[07:42:06] PHASE turn=6 speaker=Agent B phase=DM duration_sec=6.903009489178658e-05
[07:42:06] TIMING turn=6 speaker=Agent B generation=0.182489 synthesis=1.193853 audio=1.654 recognition=0.42808 understanding=5e-06 dialogue_management=6.9e-05 pipeline_wall=1.622224 turn_observed=1.836563
[07:42:34] PHASE turn=7 speaker=Agent A phase=NLG duration_sec=20.70643186569214
[07:42:34] PHASE turn=7 speaker=Agent A phase=TTS duration_sec=6.040619
[07:42:34] PHASE turn=7 speaker=Agent A phase=ASR duration_sec=0.990009
[07:42:34] SYSTEM telemetry.speech
[07:42:34] SYSTEM telemetry.timing
[07:42:34] TIMING turn=7 speaker=Agent A generation=20.706432 synthesis=6.040619 audio=10.019 recognition=0.990009 understanding=None dialogue_management=None pipeline_wall=7.030993 turn_observed=30.725432
[07:42:34] MEMORY turn=7 reason=agent_a_reply changed=Agent A,Agent B
[07:42:34] STEP turn=None speaker=Agent A route_valid=- route_goal=- route=-
[07:43:49] PHASE turn=8 speaker=Agent B phase=NLG duration_sec=66.74626445770264
[07:43:49] PHASE turn=8 speaker=Agent B phase=TTS duration_sec=6.980632
[07:43:49] PHASE turn=8 speaker=Agent B phase=ASR duration_sec=1.098031
[07:43:49] SYSTEM telemetry.speech
[07:43:49] SYSTEM telemetry.timing
[07:43:49] MEMORY turn=8 reason=agent_b_reply changed=Agent A,Agent B
[07:43:49] STEP turn=None speaker=Agent B route_valid=- route_goal=- route=-
[07:43:49] PHASE turn=8 speaker=Agent B phase=NLU duration_sec=0.003977
[07:43:49] SYSTEM telemetry.nlu
[07:43:49] SYSTEM candidate
[07:43:49] PHASE turn=8 speaker=Agent B phase=DM duration_sec=0.006703874794766307
[07:43:49] TIMING turn=8 speaker=Agent B generation=66.746264 synthesis=6.980632 audio=11.925 recognition=1.098031 understanding=0.003977 dialogue_management=0.006704 pipeline_wall=8.0791 turn_observed=78.681945
[07:44:20] PHASE turn=9 speaker=Agent A phase=NLG duration_sec=24.45668649673462
[07:44:20] PHASE turn=9 speaker=Agent A phase=TTS duration_sec=4.795489
[07:44:20] PHASE turn=9 speaker=Agent A phase=ASR duration_sec=1.367932
[07:44:20] SYSTEM telemetry.speech
[07:44:20] SYSTEM telemetry.timing
[07:44:20] TIMING turn=9 speaker=Agent A generation=24.456686 synthesis=4.795489 audio=8.415 recognition=1.367932 understanding=None dialogue_management=None pipeline_wall=6.163785 turn_observed=32.871686
[07:44:20] MEMORY turn=9 reason=agent_a_reply changed=Agent A,Agent B
[07:44:20] STEP turn=None speaker=Agent A route_valid=- route_goal=- route=-
[07:45:36] PHASE turn=10 speaker=Agent B phase=NLG duration_sec=69.11269211769104
[07:45:36] PHASE turn=10 speaker=Agent B phase=TTS duration_sec=6.666966
[07:45:36] PHASE turn=10 speaker=Agent B phase=ASR duration_sec=1.015962
[07:45:36] SYSTEM telemetry.speech
[07:45:36] SYSTEM telemetry.timing
[07:45:36] MEMORY turn=10 reason=agent_b_reply changed=Agent A,Agent B
[07:45:36] STEP turn=None speaker=Agent B route_valid=- route_goal=- route=-
[07:45:36] PHASE turn=10 speaker=Agent B phase=NLU duration_sec=0.001527
[07:45:36] SYSTEM telemetry.nlu
[07:45:36] SYSTEM warning
[07:45:36] SYSTEM candidate
[07:45:36] PHASE turn=10 speaker=Agent B phase=DM duration_sec=0.0015532220713794231
[07:45:36] TIMING turn=10 speaker=Agent B generation=69.112692 synthesis=6.666966 audio=9.03 recognition=1.015962 understanding=0.001527 dialogue_management=0.001553 pipeline_wall=7.683341 turn_observed=78.145773
[07:45:41] PHASE turn=11 speaker=Agent A phase=NLG duration_sec=0.0009164810180664062
[07:45:41] PHASE turn=11 speaker=Agent A phase=TTS duration_sec=3.669243
[07:45:41] PHASE turn=11 speaker=Agent A phase=ASR duration_sec=0.578479
[07:45:41] SYSTEM telemetry.speech
[07:45:41] SYSTEM telemetry.timing
[07:45:41] TIMING turn=11 speaker=Agent A generation=0.000916 synthesis=3.669243 audio=3.87 recognition=0.578479 understanding=None dialogue_management=None pipeline_wall=4.247984 turn_observed=4.248951
[07:45:41] MEMORY turn=11 reason=agent_a_reply changed=Agent A,Agent B
[07:45:41] STEP turn=None speaker=Agent A route_valid=- route_goal=- route=-
[07:45:43] PHASE turn=12 speaker=Agent B phase=NLG duration_sec=0.0006518363952636719
[07:45:43] PHASE turn=12 speaker=Agent B phase=TTS duration_sec=2.016323
[07:45:43] PHASE turn=12 speaker=Agent B phase=ASR duration_sec=0.647337
[07:45:43] SYSTEM telemetry.speech
[07:45:43] SYSTEM telemetry.timing
[07:45:43] MEMORY turn=12 reason=agent_b_reply changed=Agent A,Agent B
[07:45:43] STEP turn=None speaker=Agent B route_valid=- route_goal=- route=-
[07:45:43] PHASE turn=12 speaker=Agent B phase=NLU duration_sec=6e-06
[07:45:43] PHASE turn=12 speaker=Agent B phase=DM duration_sec=6.834999658167362e-05
[07:45:43] TIMING turn=12 speaker=Agent B generation=0.000652 synthesis=2.016323 audio=2.276 recognition=0.647337 understanding=6e-06 dialogue_management=6.8e-05 pipeline_wall=2.663922 turn_observed=2.664696
[07:46:14] PHASE turn=13 speaker=Agent A phase=NLG duration_sec=22.924155950546265
[07:46:14] PHASE turn=13 speaker=Agent A phase=TTS duration_sec=6.669957
[07:46:14] PHASE turn=13 speaker=Agent A phase=ASR duration_sec=0.89795
[07:46:14] SYSTEM telemetry.speech
[07:46:14] SYSTEM telemetry.timing
[07:46:14] TIMING turn=13 speaker=Agent A generation=22.924156 synthesis=6.669957 audio=9.452 recognition=0.89795 understanding=None dialogue_management=None pipeline_wall=7.568402 turn_observed=32.376156
[07:46:14] MEMORY turn=13 reason=agent_a_reply changed=Agent A,Agent B
[07:46:14] STEP turn=None speaker=Agent A route_valid=- route_goal=- route=-
[07:46:14] SYSTEM metrics
[07:46:14] SYSTEM done
[07:46:14] SEGMENT batch.condition.end status=ok duration=428.270162 seconds
[07:46:14] SESSION END batch-C-MPCC-FC-CLEAN-PIP-VOS-TL1-DEFAU-SML-I0-abd012eb88-A
