=== batch-c-mpcc-fc-clean-pip-vos-qq515-defau-med-i0-4e69505b28-a-20260714-163431.log | sha256=cc2aeedc7630e1468ec763d296e149600ad8b811275c03d9c2543f7d0670b039 ===
[16:34:31] SESSION START batch-C-MPCC-FC-CLEAN-PIP-VOS-QQ515-DEFAU-MED-I0-4e69505b28-A
[16:34:31] SEGMENT batch.condition.start status=ok duration=None seconds
[16:34:31] SYSTEM timer.start
[16:34:39] PHASE turn=1 speaker=Agent A phase=NLG duration_sec=0.0
[16:34:39] PHASE turn=1 speaker=Agent A phase=TTS duration_sec=5.733738
[16:34:39] PHASE turn=1 speaker=Agent A phase=ASR duration_sec=2.544499
[16:34:39] SYSTEM telemetry.speech
[16:34:39] MEMORY turn=1 reason=opening changed=Agent A,Agent B
[16:34:39] STEP turn=None speaker=Agent A route_valid=- route_goal=- route=-
[16:34:39] SYSTEM telemetry.timing
[16:34:39] TIMING turn=1 speaker=Agent A generation=0.0 synthesis=5.733738 audio=11.463 recognition=2.544499 understanding=None dialogue_management=None pipeline_wall=8.280553 turn_observed=11.463
[16:36:14] PHASE turn=2 speaker=Agent B phase=NLG duration_sec=90.54549407958984
[16:36:14] PHASE turn=2 speaker=Agent B phase=TTS duration_sec=2.490028
[16:36:14] PHASE turn=2 speaker=Agent B phase=ASR duration_sec=1.745194
[16:36:14] SYSTEM telemetry.speech
[16:36:14] SYSTEM telemetry.timing
[16:36:14] MEMORY turn=2 reason=agent_b_reply changed=Agent A,Agent B
[16:36:14] STEP turn=None speaker=Agent B route_valid=- route_goal=- route=-
[16:36:14] PHASE turn=2 speaker=Agent B phase=NLU duration_sec=0.002424
[16:36:14] SYSTEM telemetry.nlu
[16:36:14] SYSTEM route
[16:36:14] SYSTEM candidate
[16:36:14] PHASE turn=2 speaker=Agent B phase=DM duration_sec=0.0058673713356256485
[16:36:14] TIMING turn=2 speaker=Agent B generation=90.545494 synthesis=2.490028 audio=9.03 recognition=1.745194 understanding=0.002424 dialogue_management=0.005867 pipeline_wall=4.235863 turn_observed=99.583786
[16:36:45] PHASE turn=3 speaker=Agent A phase=NLG duration_sec=27.886775732040405
[16:36:45] PHASE turn=3 speaker=Agent A phase=TTS duration_sec=1.551765
[16:36:45] PHASE turn=3 speaker=Agent A phase=ASR duration_sec=1.423815
[16:36:45] SYSTEM telemetry.speech
[16:36:45] SYSTEM telemetry.timing
[16:36:45] TIMING turn=3 speaker=Agent A generation=27.886776 synthesis=1.551765 audio=6.597 recognition=1.423815 understanding=None dialogue_management=None pipeline_wall=2.976098 turn_observed=34.483776
[16:36:45] MEMORY turn=3 reason=agent_a_reply changed=Agent A,Agent B
[16:36:45] STEP turn=None speaker=Agent A route_valid=- route_goal=- route=-
[16:38:24] PHASE turn=4 speaker=Agent B phase=NLG duration_sec=93.26825141906738
[16:38:24] PHASE turn=4 speaker=Agent B phase=TTS duration_sec=3.573112
[16:38:24] PHASE turn=4 speaker=Agent B phase=ASR duration_sec=2.223952
[16:38:24] SYSTEM telemetry.speech
[16:38:24] SYSTEM telemetry.timing
[16:38:24] MEMORY turn=4 reason=agent_b_reply changed=Agent A,Agent B
[16:38:24] STEP turn=None speaker=Agent B route_valid=- route_goal=- route=-
[16:38:24] PHASE turn=4 speaker=Agent B phase=NLU duration_sec=0.010964
[16:38:24] SYSTEM telemetry.nlu
[16:38:24] SYSTEM candidate
[16:38:24] PHASE turn=4 speaker=Agent B phase=DM duration_sec=0.005988619290292263
[16:38:24] TIMING turn=4 speaker=Agent B generation=93.268251 synthesis=3.573112 audio=14.461 recognition=2.223952 understanding=0.010964 dialogue_management=0.005989 pipeline_wall=5.79771 turn_observed=107.746204
[16:38:26] PHASE turn=5 speaker=Agent A phase=NLG duration_sec=0.0023949146270751953
[16:38:26] PHASE turn=5 speaker=Agent A phase=TTS duration_sec=1.397564
[16:38:26] PHASE turn=5 speaker=Agent A phase=ASR duration_sec=1.026216
[16:38:26] SYSTEM telemetry.speech
[16:38:26] SYSTEM telemetry.timing
[16:38:26] TIMING turn=5 speaker=Agent A generation=0.002395 synthesis=1.397564 audio=4.324 recognition=1.026216 understanding=None dialogue_management=None pipeline_wall=2.424245 turn_observed=4.326395
[16:38:26] MEMORY turn=5 reason=agent_a_reply changed=Agent A,Agent B
[16:38:26] STEP turn=None speaker=Agent A route_valid=- route_goal=- route=-
[16:38:28] PHASE turn=6 speaker=Agent B phase=NLG duration_sec=0.3318145275115967
[16:38:28] PHASE turn=6 speaker=Agent B phase=TTS duration_sec=0.705281
[16:38:28] PHASE turn=6 speaker=Agent B phase=ASR duration_sec=0.815213
[16:38:28] SYSTEM telemetry.speech
[16:38:28] SYSTEM telemetry.timing
[16:38:28] MEMORY turn=6 reason=agent_b_reply changed=Agent A,Agent B
[16:38:28] STEP turn=None speaker=Agent B route_valid=- route_goal=- route=-
[16:38:28] PHASE turn=6 speaker=Agent B phase=NLU duration_sec=1.3e-05
[16:38:28] PHASE turn=6 speaker=Agent B phase=DM duration_sec=0.00013495422899723053
[16:38:28] TIMING turn=6 speaker=Agent B generation=0.331815 synthesis=0.705281 audio=2.717 recognition=0.815213 understanding=1.3e-05 dialogue_management=0.000135 pipeline_wall=1.520961 turn_observed=3.048962
[16:39:02] PHASE turn=7 speaker=Agent A phase=NLG duration_sec=29.861874103546143
[16:39:02] PHASE turn=7 speaker=Agent A phase=TTS duration_sec=2.180755
[16:39:02] PHASE turn=7 speaker=Agent A phase=ASR duration_sec=1.79644
[16:39:02] SYSTEM telemetry.speech
[16:39:02] SYSTEM telemetry.timing
[16:39:02] TIMING turn=7 speaker=Agent A generation=29.861874 synthesis=2.180755 audio=10.019 recognition=1.79644 understanding=None dialogue_management=None pipeline_wall=3.977834 turn_observed=39.880874
[16:39:02] MEMORY turn=7 reason=agent_a_reply changed=Agent A,Agent B
[16:39:02] STEP turn=None speaker=Agent A route_valid=- route_goal=- route=-
[16:40:58] PHASE turn=8 speaker=Agent B phase=NLG duration_sec=111.47654104232788
[16:40:58] PHASE turn=8 speaker=Agent B phase=TTS duration_sec=2.604864
[16:40:58] PHASE turn=8 speaker=Agent B phase=ASR duration_sec=1.944415
[16:40:58] SYSTEM telemetry.speech
[16:40:58] SYSTEM telemetry.timing
[16:40:58] MEMORY turn=8 reason=agent_b_reply changed=Agent A,Agent B
[16:40:58] STEP turn=None speaker=Agent B route_valid=- route_goal=- route=-
[16:40:58] PHASE turn=8 speaker=Agent B phase=NLU duration_sec=0.007387
[16:40:58] SYSTEM telemetry.nlu
[16:40:58] SYSTEM candidate
[16:40:58] PHASE turn=8 speaker=Agent B phase=DM duration_sec=0.008191761560738087
[16:40:58] TIMING turn=8 speaker=Agent B generation=111.476541 synthesis=2.604864 audio=11.925 recognition=1.944415 understanding=0.007387 dialogue_management=0.008192 pipeline_wall=4.54991 turn_observed=123.41712
[16:41:35] PHASE turn=9 speaker=Agent A phase=NLG duration_sec=33.65234065055847
[16:41:35] PHASE turn=9 speaker=Agent A phase=TTS duration_sec=1.936459
[16:41:35] PHASE turn=9 speaker=Agent A phase=ASR duration_sec=1.552394
[16:41:35] SYSTEM telemetry.speech
[16:41:35] SYSTEM telemetry.timing
[16:41:35] TIMING turn=9 speaker=Agent A generation=33.652341 synthesis=1.936459 audio=8.415 recognition=1.552394 understanding=None dialogue_management=None pipeline_wall=3.48947 turn_observed=42.067341
[16:41:35] MEMORY turn=9 reason=agent_a_reply changed=Agent A,Agent B
[16:41:35] STEP turn=None speaker=Agent A route_valid=- route_goal=- route=-
[16:43:34] PHASE turn=10 speaker=Agent B phase=NLG duration_sec=114.41588687896729
[16:43:34] PHASE turn=10 speaker=Agent B phase=TTS duration_sec=2.697565
[16:43:34] PHASE turn=10 speaker=Agent B phase=ASR duration_sec=1.862917
[16:43:34] SYSTEM telemetry.speech
[16:43:34] SYSTEM telemetry.timing
[16:43:34] MEMORY turn=10 reason=agent_b_reply changed=Agent A,Agent B
[16:43:34] STEP turn=None speaker=Agent B route_valid=- route_goal=- route=-
[16:43:34] PHASE turn=10 speaker=Agent B phase=NLU duration_sec=0.00369
[16:43:34] SYSTEM telemetry.nlu
[16:43:34] SYSTEM warning
[16:43:34] SYSTEM candidate
[16:43:34] PHASE turn=10 speaker=Agent B phase=DM duration_sec=0.002777978777885437
[16:43:34] TIMING turn=10 speaker=Agent B generation=114.415887 synthesis=2.697565 audio=9.03 recognition=1.862917 understanding=0.00369 dialogue_management=0.002778 pipeline_wall=4.561168 turn_observed=123.452355
[16:43:37] PHASE turn=11 speaker=Agent A phase=NLG duration_sec=0.002272367477416992
[16:43:37] PHASE turn=11 speaker=Agent A phase=TTS duration_sec=1.39859
[16:43:37] PHASE turn=11 speaker=Agent A phase=ASR duration_sec=1.007943
[16:43:37] SYSTEM telemetry.speech
[16:43:37] SYSTEM telemetry.timing
[16:43:37] TIMING turn=11 speaker=Agent A generation=0.002272 synthesis=1.39859 audio=3.87 recognition=1.007943 understanding=None dialogue_management=None pipeline_wall=2.407057 turn_observed=3.872272
[16:43:37] MEMORY turn=11 reason=agent_a_reply changed=Agent A,Agent B
[16:43:37] STEP turn=None speaker=Agent A route_valid=- route_goal=- route=-
[16:43:38] PHASE turn=12 speaker=Agent B phase=NLG duration_sec=0.0011415481567382812
[16:43:38] PHASE turn=12 speaker=Agent B phase=TTS duration_sec=0.738769
[16:43:38] PHASE turn=12 speaker=Agent B phase=ASR duration_sec=0.85064
[16:43:38] SYSTEM telemetry.speech
[16:43:38] SYSTEM telemetry.timing
[16:43:38] MEMORY turn=12 reason=agent_b_reply changed=Agent A,Agent B
[16:43:38] STEP turn=None speaker=Agent B route_valid=- route_goal=- route=-
[16:43:38] PHASE turn=12 speaker=Agent B phase=NLU duration_sec=1.2e-05
[16:43:38] PHASE turn=12 speaker=Agent B phase=DM duration_sec=0.00011831335723400116
[16:43:38] TIMING turn=12 speaker=Agent B generation=0.001142 synthesis=0.738769 audio=2.276 recognition=0.85064 understanding=1.2e-05 dialogue_management=0.000118 pipeline_wall=1.590326 turn_observed=2.277272
[16:44:15] PHASE turn=13 speaker=Agent A phase=NLG duration_sec=32.794148206710815
[16:44:15] PHASE turn=13 speaker=Agent A phase=TTS duration_sec=2.410529
[16:44:15] PHASE turn=13 speaker=Agent A phase=ASR duration_sec=1.463348
[16:44:15] SYSTEM telemetry.speech
[16:44:15] SYSTEM telemetry.timing
[16:44:15] TIMING turn=13 speaker=Agent A generation=32.794148 synthesis=2.410529 audio=9.452 recognition=1.463348 understanding=None dialogue_management=None pipeline_wall=3.874486 turn_observed=42.246148
[16:44:15] MEMORY turn=13 reason=agent_a_reply changed=Agent A,Agent B
[16:44:15] STEP turn=None speaker=Agent A route_valid=- route_goal=- route=-
[16:44:15] SYSTEM metrics
[16:44:15] SYSTEM done
[16:44:15] SEGMENT batch.condition.end status=ok duration=584.319591 seconds
[16:44:15] SESSION END batch-C-MPCC-FC-CLEAN-PIP-VOS-QQ515-DEFAU-MED-I0-4e69505b28-A
