=== batch-c-mpcc-fc-clean-pip-vos-qq57i-defau-lrg-i0-d16e80b1ee-a-20260715-141141.log | sha256=ae45b32e0b0271d8a1b5c69a006b8e70806f3522059095a54b846793c1f18179 ===
[14:11:41] SESSION START batch-C-MPCC-FC-CLEAN-PIP-VOS-QQ57I-DEFAU-LRG-I0-d16e80b1ee-A
[14:11:41] SEGMENT batch.condition.start status=ok duration=None seconds
[14:11:41] SYSTEM timer.start
[14:11:53] PHASE turn=1 speaker=Agent A phase=NLG duration_sec=0.0
[14:11:53] PHASE turn=1 speaker=Agent A phase=TTS duration_sec=9.367823
[14:11:53] PHASE turn=1 speaker=Agent A phase=ASR duration_sec=2.496353
[14:11:53] SYSTEM telemetry.speech
[14:11:53] MEMORY turn=1 reason=opening changed=Agent A,Agent B
[14:11:53] STEP turn=None speaker=Agent A route_valid=- route_goal=- route=-
[14:11:53] SYSTEM telemetry.timing
[14:11:53] TIMING turn=1 speaker=Agent A generation=0.0 synthesis=9.367823 audio=11.463 recognition=2.496353 understanding=None dialogue_management=None pipeline_wall=11.865309 turn_observed=11.865386
[14:16:47] PHASE turn=2 speaker=Agent B phase=NLG duration_sec=288.566463470459
[14:16:47] PHASE turn=2 speaker=Agent B phase=TTS duration_sec=4.39319
[14:16:47] PHASE turn=2 speaker=Agent B phase=ASR duration_sec=1.027641
[14:16:47] SYSTEM telemetry.speech
[14:16:47] SYSTEM telemetry.timing
[14:16:47] MEMORY turn=2 reason=agent_b_reply changed=Agent A,Agent B
[14:16:47] STEP turn=None speaker=Agent B route_valid=- route_goal=- route=-
[14:16:47] PHASE turn=2 speaker=Agent B phase=NLU duration_sec=0.001431
[14:16:47] SYSTEM telemetry.nlu
[14:16:47] SYSTEM route
[14:16:47] SYSTEM candidate
[14:16:47] PHASE turn=2 speaker=Agent B phase=DM duration_sec=0.0029295003041625023
[14:16:47] TIMING turn=2 speaker=Agent B generation=288.566463 synthesis=4.39319 audio=9.03 recognition=1.027641 understanding=0.001431 dialogue_management=0.00293 pipeline_wall=5.421284 turn_observed=297.600824
[14:17:11] PHASE turn=3 speaker=Agent A phase=NLG duration_sec=19.705049753189087
[14:17:11] PHASE turn=3 speaker=Agent A phase=TTS duration_sec=3.831356
[14:17:11] PHASE turn=3 speaker=Agent A phase=ASR duration_sec=0.94024
[14:17:11] SYSTEM telemetry.speech
[14:17:11] SYSTEM telemetry.timing
[14:17:11] TIMING turn=3 speaker=Agent A generation=19.70505 synthesis=3.831356 audio=6.597 recognition=0.94024 understanding=None dialogue_management=None pipeline_wall=4.77209 turn_observed=26.30205
[14:17:11] MEMORY turn=3 reason=agent_a_reply changed=Agent A,Agent B
[14:17:11] STEP turn=None speaker=Agent A route_valid=- route_goal=- route=-
[14:22:38] PHASE turn=4 speaker=Agent B phase=NLG duration_sec=317.87729358673096
[14:22:38] PHASE turn=4 speaker=Agent B phase=TTS duration_sec=6.803353
[14:22:38] PHASE turn=4 speaker=Agent B phase=ASR duration_sec=1.407406
[14:22:38] SYSTEM telemetry.speech
[14:22:38] SYSTEM telemetry.timing
[14:22:38] MEMORY turn=4 reason=agent_b_reply changed=Agent A,Agent B
[14:22:38] STEP turn=None speaker=Agent B route_valid=- route_goal=- route=-
[14:22:38] PHASE turn=4 speaker=Agent B phase=NLU duration_sec=0.002103
[14:22:38] SYSTEM telemetry.nlu
[14:22:38] SYSTEM candidate
[14:22:38] PHASE turn=4 speaker=Agent B phase=DM duration_sec=0.005332076922059059
[14:22:38] TIMING turn=4 speaker=Agent B generation=317.877294 synthesis=6.803353 audio=14.461 recognition=1.407406 understanding=0.002103 dialogue_management=0.005332 pipeline_wall=8.211272 turn_observed=332.345729
[14:22:40] PHASE turn=5 speaker=Agent A phase=NLG duration_sec=0.0015957355499267578
[14:22:40] PHASE turn=5 speaker=Agent A phase=TTS duration_sec=1.960395
[14:22:40] PHASE turn=5 speaker=Agent A phase=ASR duration_sec=0.574881
[14:22:40] SYSTEM telemetry.speech
[14:22:40] SYSTEM telemetry.timing
[14:22:40] TIMING turn=5 speaker=Agent A generation=0.001596 synthesis=1.960395 audio=3.87 recognition=0.574881 understanding=None dialogue_management=None pipeline_wall=2.535568 turn_observed=3.871596
[14:22:40] MEMORY turn=5 reason=agent_a_reply changed=Agent A,Agent B
[14:22:40] STEP turn=None speaker=Agent A route_valid=- route_goal=- route=-
[14:22:42] PHASE turn=6 speaker=Agent B phase=NLG duration_sec=0.18709421157836914
[14:22:42] PHASE turn=6 speaker=Agent B phase=TTS duration_sec=1.035366
[14:22:42] PHASE turn=6 speaker=Agent B phase=ASR duration_sec=0.443159
[14:22:42] SYSTEM telemetry.speech
[14:22:42] SYSTEM telemetry.timing
[14:22:42] MEMORY turn=6 reason=agent_b_reply changed=Agent A,Agent B
[14:22:42] STEP turn=None speaker=Agent B route_valid=- route_goal=- route=-
[14:22:42] PHASE turn=6 speaker=Agent B phase=NLU duration_sec=6e-06
[14:22:42] PHASE turn=6 speaker=Agent B phase=DM duration_sec=7.400847971439362e-05
[14:22:42] TIMING turn=6 speaker=Agent B generation=0.187094 synthesis=1.035366 audio=2.276 recognition=0.443159 understanding=6e-06 dialogue_management=7.4e-05 pipeline_wall=1.478841 turn_observed=2.463174
[14:23:08] PHASE turn=7 speaker=Agent A phase=NLG duration_sec=21.265017986297607
[14:23:08] PHASE turn=7 speaker=Agent A phase=TTS duration_sec=3.742182
[14:23:08] PHASE turn=7 speaker=Agent A phase=ASR duration_sec=1.1378
[14:23:08] SYSTEM telemetry.speech
[14:23:08] SYSTEM telemetry.timing
[14:23:08] TIMING turn=7 speaker=Agent A generation=21.265018 synthesis=3.742182 audio=10.019 recognition=1.1378 understanding=None dialogue_management=None pipeline_wall=4.880535 turn_observed=31.284018
[14:23:08] MEMORY turn=7 reason=agent_a_reply changed=Agent A,Agent B
[14:23:08] STEP turn=None speaker=Agent A route_valid=- route_goal=- route=-
[14:29:07] PHASE turn=8 speaker=Agent B phase=NLG duration_sec=352.7069585323334
[14:29:07] PHASE turn=8 speaker=Agent B phase=TTS duration_sec=4.861511
[14:29:07] PHASE turn=8 speaker=Agent B phase=ASR duration_sec=1.091798
[14:29:07] SYSTEM telemetry.speech
[14:29:07] SYSTEM telemetry.timing
[14:29:07] MEMORY turn=8 reason=agent_b_reply changed=Agent A,Agent B
[14:29:07] STEP turn=None speaker=Agent B route_valid=- route_goal=- route=-
[14:29:07] PHASE turn=8 speaker=Agent B phase=NLU duration_sec=0.00142
[14:29:07] SYSTEM telemetry.nlu
[14:29:07] SYSTEM candidate
[14:29:07] PHASE turn=8 speaker=Agent B phase=DM duration_sec=0.0058718491345644
[14:29:07] TIMING turn=8 speaker=Agent B generation=352.706959 synthesis=4.861511 audio=11.925 recognition=1.091798 understanding=0.00142 dialogue_management=0.005872 pipeline_wall=5.953745 turn_observed=364.639251
[14:29:11] PHASE turn=9 speaker=Agent A phase=NLG duration_sec=0.0037965774536132812
[14:29:11] PHASE turn=9 speaker=Agent A phase=TTS duration_sec=3.363029
[14:29:11] PHASE turn=9 speaker=Agent A phase=ASR duration_sec=0.785429
[14:29:11] SYSTEM telemetry.speech
[14:29:11] SYSTEM telemetry.timing
[14:29:11] TIMING turn=9 speaker=Agent A generation=0.003797 synthesis=3.363029 audio=6.143 recognition=0.785429 understanding=None dialogue_management=None pipeline_wall=4.148747 turn_observed=6.146797
[14:29:11] MEMORY turn=9 reason=agent_a_reply changed=Agent A,Agent B
[14:29:11] STEP turn=None speaker=Agent A route_valid=- route_goal=- route=-
[14:35:37] PHASE turn=10 speaker=Agent B phase=NLG duration_sec=381.2117602825165
[14:35:37] PHASE turn=10 speaker=Agent B phase=TTS duration_sec=3.81502
[14:35:37] PHASE turn=10 speaker=Agent B phase=ASR duration_sec=1.1527
[14:35:37] SYSTEM telemetry.speech
[14:35:37] SYSTEM telemetry.timing
[14:35:37] MEMORY turn=10 reason=agent_b_reply changed=Agent A,Agent B
[14:35:37] STEP turn=None speaker=Agent B route_valid=- route_goal=- route=-
[14:35:37] PHASE turn=10 speaker=Agent B phase=NLU duration_sec=0.001931
[14:35:37] SYSTEM telemetry.nlu
[14:35:37] SYSTEM warning
[14:35:37] SYSTEM candidate
[14:35:37] PHASE turn=10 speaker=Agent B phase=DM duration_sec=0.0016361484304070473
[14:35:37] TIMING turn=10 speaker=Agent B generation=381.21176 synthesis=3.81502 audio=9.03 recognition=1.1527 understanding=0.001931 dialogue_management=0.001636 pipeline_wall=4.968216 turn_observed=390.245327
[14:36:07] PHASE turn=11 speaker=Agent A phase=NLG duration_sec=24.96764087677002
[14:36:07] PHASE turn=11 speaker=Agent A phase=TTS duration_sec=3.674005
[14:36:07] PHASE turn=11 speaker=Agent A phase=ASR duration_sec=1.038529
[14:36:07] SYSTEM telemetry.speech
[14:36:07] SYSTEM telemetry.timing
[14:36:07] TIMING turn=11 speaker=Agent A generation=24.967641 synthesis=3.674005 audio=8.415 recognition=1.038529 understanding=None dialogue_management=None pipeline_wall=4.713022 turn_observed=33.382641
[14:36:07] MEMORY turn=11 reason=agent_a_reply changed=Agent A,Agent B
[14:36:07] STEP turn=None speaker=Agent A route_valid=- route_goal=- route=-
[14:42:44] PHASE turn=12 speaker=Agent B phase=NLG duration_sec=390.94296646118164
[14:42:44] PHASE turn=12 speaker=Agent B phase=TTS duration_sec=5.372208
[14:42:44] PHASE turn=12 speaker=Agent B phase=ASR duration_sec=0.940223
[14:42:44] SYSTEM telemetry.speech
[14:42:44] SYSTEM telemetry.timing
[14:42:44] MEMORY turn=12 reason=agent_b_reply changed=Agent A,Agent B
[14:42:44] STEP turn=None speaker=Agent B route_valid=- route_goal=- route=-
[14:42:44] PHASE turn=12 speaker=Agent B phase=NLU duration_sec=0.000294
[14:42:44] SYSTEM telemetry.nlu
[14:42:44] PHASE turn=12 speaker=Agent B phase=DM duration_sec=7.856916636228561e-05
[14:42:44] TIMING turn=12 speaker=Agent B generation=390.942966 synthesis=5.372208 audio=7.719 recognition=0.940223 understanding=0.000294 dialogue_management=7.9e-05 pipeline_wall=6.312936 turn_observed=398.662339
[14:42:46] PHASE turn=13 speaker=Agent A phase=NLG duration_sec=0.024660348892211914
[14:42:46] PHASE turn=13 speaker=Agent A phase=TTS duration_sec=1.640779
[14:42:46] PHASE turn=13 speaker=Agent A phase=ASR duration_sec=0.593885
[14:42:46] SYSTEM telemetry.speech
[14:42:46] SYSTEM telemetry.timing
[14:42:46] TIMING turn=13 speaker=Agent A generation=0.02466 synthesis=1.640779 audio=3.095 recognition=0.593885 understanding=None dialogue_management=None pipeline_wall=2.234943 turn_observed=3.11966
[14:42:46] MEMORY turn=13 reason=agent_a_reply changed=Agent A,Agent B
[14:42:46] STEP turn=None speaker=Agent A route_valid=- route_goal=- route=-
[14:42:48] PHASE turn=14 speaker=Agent B phase=NLG duration_sec=0.0005655288696289062
[14:42:48] PHASE turn=14 speaker=Agent B phase=TTS duration_sec=1.268156
[14:42:48] PHASE turn=14 speaker=Agent B phase=ASR duration_sec=0.593149
[14:42:48] SYSTEM telemetry.speech
[14:42:48] SYSTEM telemetry.timing
[14:42:48] MEMORY turn=14 reason=agent_b_reply changed=Agent A,Agent B
[14:42:48] STEP turn=None speaker=Agent B route_valid=- route_goal=- route=-
[14:42:48] PHASE turn=14 speaker=Agent B phase=NLU duration_sec=6e-06
[14:42:48] PHASE turn=14 speaker=Agent B phase=DM duration_sec=7.289927452802658e-05
[14:42:48] TIMING turn=14 speaker=Agent B generation=0.000566 synthesis=1.268156 audio=3.159 recognition=0.593149 understanding=6e-06 dialogue_management=7.3e-05 pipeline_wall=1.861573 turn_observed=3.159644
[14:42:53] PHASE turn=15 speaker=Agent A phase=NLG duration_sec=0.0290069580078125
[14:42:53] PHASE turn=15 speaker=Agent A phase=TTS duration_sec=3.740286
[14:42:53] PHASE turn=15 speaker=Agent A phase=ASR duration_sec=0.974069
[14:42:53] SYSTEM telemetry.speech
[14:42:53] SYSTEM telemetry.timing
[14:42:53] TIMING turn=15 speaker=Agent A generation=0.029007 synthesis=3.740286 audio=7.913 recognition=0.974069 understanding=None dialogue_management=None pipeline_wall=4.714748 turn_observed=7.942007
[14:42:53] MEMORY turn=15 reason=agent_a_reply changed=Agent A,Agent B
[14:42:53] STEP turn=None speaker=Agent A route_valid=- route_goal=- route=-
[14:49:02] PHASE turn=16 speaker=Agent B phase=NLG duration_sec=365.3488087654114
[14:49:02] PHASE turn=16 speaker=Agent B phase=TTS duration_sec=3.50768
[14:49:02] PHASE turn=16 speaker=Agent B phase=ASR duration_sec=0.832879
[14:49:02] SYSTEM telemetry.speech
[14:49:02] SYSTEM telemetry.timing
[14:49:03] MEMORY turn=16 reason=agent_b_reply changed=Agent A,Agent B
[14:49:03] STEP turn=None speaker=Agent B route_valid=- route_goal=- route=-
[14:49:03] PHASE turn=16 speaker=Agent B phase=NLU duration_sec=0.000324
[14:49:03] SYSTEM telemetry.nlu
[14:49:03] PHASE turn=16 speaker=Agent B phase=DM duration_sec=8.878950029611588e-05
[14:49:03] TIMING turn=16 speaker=Agent B generation=365.348809 synthesis=3.50768 audio=7.719 recognition=0.832879 understanding=0.000324 dialogue_management=8.9e-05 pipeline_wall=4.341045 turn_observed=373.068222
[14:49:05] PHASE turn=17 speaker=Agent A phase=NLG duration_sec=0.0011126995086669922
[14:49:05] PHASE turn=17 speaker=Agent A phase=TTS duration_sec=2.240094
[14:49:05] PHASE turn=17 speaker=Agent A phase=ASR duration_sec=0.606219
[14:49:05] SYSTEM telemetry.speech
[14:49:05] SYSTEM telemetry.timing
[14:49:05] TIMING turn=17 speaker=Agent A generation=0.001113 synthesis=2.240094 audio=3.87 recognition=0.606219 understanding=None dialogue_management=None pipeline_wall=2.846601 turn_observed=3.871113
[14:49:05] MEMORY turn=17 reason=agent_a_reply changed=Agent A,Agent B
[14:49:05] STEP turn=None speaker=Agent A route_valid=- route_goal=- route=-
[14:49:07] PHASE turn=18 speaker=Agent B phase=NLG duration_sec=0.00038242340087890625
[14:49:07] PHASE turn=18 speaker=Agent B phase=TTS duration_sec=1.354425
[14:49:07] PHASE turn=18 speaker=Agent B phase=ASR duration_sec=0.498418
[14:49:07] SYSTEM telemetry.speech
[14:49:07] SYSTEM telemetry.timing
[14:49:07] MEMORY turn=18 reason=agent_b_reply changed=Agent A,Agent B
[14:49:07] STEP turn=None speaker=Agent B route_valid=- route_goal=- route=-
[14:49:07] PHASE turn=18 speaker=Agent B phase=NLU duration_sec=5e-06
[14:49:07] PHASE turn=18 speaker=Agent B phase=DM duration_sec=7.420871406793594e-05
[14:49:07] TIMING turn=18 speaker=Agent B generation=0.000382 synthesis=1.354425 audio=2.276 recognition=0.498418 understanding=5e-06 dialogue_management=7.4e-05 pipeline_wall=1.853169 turn_observed=2.276462
[14:49:11] PHASE turn=19 speaker=Agent A phase=NLG duration_sec=0.022098541259765625
[14:49:11] PHASE turn=19 speaker=Agent A phase=TTS duration_sec=3.061039
[14:49:11] PHASE turn=19 speaker=Agent A phase=ASR duration_sec=0.778813
[14:49:11] SYSTEM telemetry.speech
[14:49:11] SYSTEM telemetry.timing
[14:49:11] TIMING turn=19 speaker=Agent A generation=0.022099 synthesis=3.061039 audio=6.095 recognition=0.778813 understanding=None dialogue_management=None pipeline_wall=3.840208 turn_observed=6.117099
[14:49:11] MEMORY turn=19 reason=agent_a_reply changed=Agent A,Agent B
[14:49:11] STEP turn=None speaker=Agent A route_valid=- route_goal=- route=-
[14:55:09] PHASE turn=20 speaker=Agent B phase=NLG duration_sec=352.1176178455353
[14:55:09] PHASE turn=20 speaker=Agent B phase=TTS duration_sec=5.293894
[14:55:09] PHASE turn=20 speaker=Agent B phase=ASR duration_sec=0.931461
[14:55:09] SYSTEM telemetry.speech
[14:55:09] SYSTEM telemetry.timing
[14:55:09] MEMORY turn=20 reason=agent_b_reply changed=Agent A,Agent B
[14:55:09] STEP turn=None speaker=Agent B route_valid=- route_goal=- route=-
[14:55:09] PHASE turn=20 speaker=Agent B phase=NLU duration_sec=0.00031
[14:55:09] SYSTEM telemetry.nlu
[14:55:09] PHASE turn=20 speaker=Agent B phase=DM duration_sec=8.509960025548935e-05
[14:55:09] TIMING turn=20 speaker=Agent B generation=352.117618 synthesis=5.293894 audio=7.719 recognition=0.931461 understanding=0.00031 dialogue_management=8.5e-05 pipeline_wall=6.225916 turn_observed=359.837013
[14:55:09] SYSTEM metrics
[14:55:09] SYSTEM done
[14:55:09] SEGMENT batch.condition.end status=ok duration=2608.444879 seconds
[14:55:09] SESSION END batch-C-MPCC-FC-CLEAN-PIP-VOS-QQ57I-DEFAU-LRG-I0-d16e80b1ee-A
