=== batch-c-ac-car-mc-pip-vos-mp3m4-defau-med-i0-ad79b54130-t-20260714-083225.log | sha256=0312c0b5f59a1ab0088100e11a815eca5926c1a9165216e62d1edb54305d3beb ===
[08:32:25] SESSION START batch-C-AC-CAR-MC-PIP-VOS-MP3M4-DEFAU-MED-I0-ad79b54130-T
[08:32:25] SEGMENT batch.condition.start status=ok duration=None seconds
[08:32:25] SYSTEM timer.start
[08:32:29] PHASE turn=1 speaker=Agent A phase=NLG duration_sec=0.0
[08:32:29] PHASE turn=1 speaker=Agent A phase=TTS duration_sec=3.258381
[08:32:29] PHASE turn=1 speaker=Agent A phase=ASR duration_sec=0.199005
[08:32:29] SYSTEM telemetry.speech
[08:32:29] MEMORY turn=1 reason=opening changed=Agent A,Agent B
[08:32:29] STEP turn=None speaker=Agent A route_valid=- route_goal=- route=-
[08:32:29] SYSTEM telemetry.timing
[08:32:29] TIMING turn=1 speaker=Agent A generation=0.0 synthesis=3.258381 audio=9.861 recognition=0.199005 understanding=None dialogue_management=None pipeline_wall=3.460229 turn_observed=9.861
[08:37:02] PHASE turn=2 speaker=Agent B phase=NLG duration_sec=269.4667468070984
[08:37:02] PHASE turn=2 speaker=Agent B phase=TTS duration_sec=3.751557
[08:37:02] PHASE turn=2 speaker=Agent B phase=ASR duration_sec=0.155319
[08:37:02] SYSTEM telemetry.speech
[08:37:02] SYSTEM telemetry.timing
[08:37:03] MEMORY turn=2 reason=agent_b_reply changed=Agent A,Agent B
[08:37:03] STEP turn=None speaker=Agent B route_valid=- route_goal=- route=-
[08:37:03] PHASE turn=2 speaker=Agent B phase=NLU duration_sec=0.019607
[08:37:03] SYSTEM telemetry.nlu
[08:37:03] SYSTEM route
[08:37:03] SYSTEM candidate
[08:37:03] PHASE turn=2 speaker=Agent B phase=DM duration_sec=0.042179311625659466
[08:37:03] TIMING turn=2 speaker=Agent B generation=269.466747 synthesis=3.751557 audio=9.416 recognition=0.155319 understanding=0.019607 dialogue_management=0.042179 pipeline_wall=3.908317 turn_observed=278.944534
[08:37:30] PHASE turn=3 speaker=Agent A phase=NLG duration_sec=24.91475248336792
[08:37:30] PHASE turn=3 speaker=Agent A phase=TTS duration_sec=2.727267
[08:37:30] PHASE turn=3 speaker=Agent A phase=ASR duration_sec=0.130538
[08:37:30] SYSTEM telemetry.speech
[08:37:30] SYSTEM telemetry.timing
[08:37:30] TIMING turn=3 speaker=Agent A generation=24.914752 synthesis=2.727267 audio=6.852 recognition=0.130538 understanding=None dialogue_management=None pipeline_wall=2.858985 turn_observed=31.766752
[08:37:30] MEMORY turn=3 reason=agent_a_reply changed=Agent A,Agent B
[08:37:30] STEP turn=None speaker=Agent A route_valid=- route_goal=- route=-
[08:41:33] PHASE turn=4 speaker=Agent B phase=NLG duration_sec=240.02862548828125
[08:41:33] PHASE turn=4 speaker=Agent B phase=TTS duration_sec=2.821122
[08:41:33] PHASE turn=4 speaker=Agent B phase=ASR duration_sec=0.118179
[08:41:33] SYSTEM telemetry.speech
[08:41:33] SYSTEM telemetry.timing
[08:41:33] MEMORY turn=4 reason=agent_b_reply changed=Agent A,Agent B
[08:41:33] STEP turn=None speaker=Agent B route_valid=- route_goal=- route=-
[08:41:33] PHASE turn=4 speaker=Agent B phase=NLU duration_sec=0.017512
[08:41:33] SYSTEM telemetry.nlu
[08:41:34] SYSTEM candidate
[08:41:34] PHASE turn=4 speaker=Agent B phase=DM duration_sec=0.0421722587198019
[08:41:34] TIMING turn=4 speaker=Agent B generation=240.028625 synthesis=2.821122 audio=7.106 recognition=0.118179 understanding=0.017512 dialogue_management=0.042172 pipeline_wall=2.940453 turn_observed=247.19431
[08:41:57] PHASE turn=5 speaker=Agent A phase=NLG duration_sec=21.13559913635254
[08:41:57] PHASE turn=5 speaker=Agent A phase=TTS duration_sec=2.014108
[08:41:57] PHASE turn=5 speaker=Agent A phase=ASR duration_sec=0.129679
[08:41:57] SYSTEM telemetry.speech
[08:41:57] SYSTEM telemetry.timing
[08:41:57] TIMING turn=5 speaker=Agent A generation=21.135599 synthesis=2.014108 audio=5.252 recognition=0.129679 understanding=None dialogue_management=None pipeline_wall=2.144844 turn_observed=26.387599
[08:41:57] MEMORY turn=5 reason=agent_a_reply changed=Agent A,Agent B
[08:41:57] STEP turn=None speaker=Agent A route_valid=- route_goal=- route=-
[08:46:03] PHASE turn=6 speaker=Agent B phase=NLG duration_sec=241.82515597343445
[08:46:03] PHASE turn=6 speaker=Agent B phase=TTS duration_sec=4.459238
[08:46:03] PHASE turn=6 speaker=Agent B phase=ASR duration_sec=0.178231
[08:46:03] SYSTEM telemetry.speech
[08:46:03] SYSTEM telemetry.timing
[08:46:03] MEMORY turn=6 reason=agent_b_reply changed=Agent A,Agent B
[08:46:03] STEP turn=None speaker=Agent B route_valid=- route_goal=- route=-
[08:46:04] PHASE turn=6 speaker=Agent B phase=NLU duration_sec=0.034829
[08:46:04] SYSTEM telemetry.nlu
[08:46:04] SYSTEM candidate
[08:46:04] PHASE turn=6 speaker=Agent B phase=DM duration_sec=0.0402054637670517
[08:46:04] TIMING turn=6 speaker=Agent B generation=241.825156 synthesis=4.459238 audio=11.404 recognition=0.178231 understanding=0.034829 dialogue_management=0.040205 pipeline_wall=4.638827 turn_observed=253.304191
[08:46:33] PHASE turn=7 speaker=Agent A phase=NLG duration_sec=27.057395458221436
[08:46:33] PHASE turn=7 speaker=Agent A phase=TTS duration_sec=2.005287
[08:46:33] PHASE turn=7 speaker=Agent A phase=ASR duration_sec=0.139546
[08:46:33] SYSTEM telemetry.speech
[08:46:33] SYSTEM telemetry.timing
[08:46:33] TIMING turn=7 speaker=Agent A generation=27.057395 synthesis=2.005287 audio=5.652 recognition=0.139546 understanding=None dialogue_management=None pipeline_wall=2.145951 turn_observed=32.709395
[08:46:33] MEMORY turn=7 reason=agent_a_reply changed=Agent A,Agent B
[08:46:33] STEP turn=None speaker=Agent A route_valid=- route_goal=- route=-
[08:51:35] PHASE turn=8 speaker=Agent B phase=NLG duration_sec=297.9379596710205
[08:51:35] PHASE turn=8 speaker=Agent B phase=TTS duration_sec=3.880381
[08:51:35] PHASE turn=8 speaker=Agent B phase=ASR duration_sec=0.15859
[08:51:35] SYSTEM telemetry.speech
[08:51:35] SYSTEM telemetry.timing
[08:51:35] MEMORY turn=8 reason=agent_b_reply changed=Agent A,Agent B
[08:51:35] STEP turn=None speaker=Agent B route_valid=- route_goal=- route=-
[08:51:35] PHASE turn=8 speaker=Agent B phase=NLU duration_sec=0.031775
[08:51:35] SYSTEM telemetry.nlu
[08:51:35] SYSTEM candidate
[08:51:35] PHASE turn=8 speaker=Agent B phase=DM duration_sec=0.05313143413513899
[08:51:35] TIMING turn=8 speaker=Agent B generation=297.93796 synthesis=3.880381 audio=11.04 recognition=0.15859 understanding=0.031775 dialogue_management=0.053131 pipeline_wall=4.040188 turn_observed=309.062866
[08:52:02] PHASE turn=9 speaker=Agent A phase=NLG duration_sec=25.04447364807129
[08:52:02] PHASE turn=9 speaker=Agent A phase=TTS duration_sec=1.614547
[08:52:02] PHASE turn=9 speaker=Agent A phase=ASR duration_sec=0.089272
[08:52:02] SYSTEM telemetry.speech
[08:52:02] SYSTEM telemetry.timing
[08:52:02] TIMING turn=9 speaker=Agent A generation=25.044474 synthesis=1.614547 audio=4.535 recognition=0.089272 understanding=None dialogue_management=None pipeline_wall=1.704747 turn_observed=29.579474
[08:52:02] MEMORY turn=9 reason=agent_a_reply changed=Agent A,Agent B
[08:52:02] STEP turn=None speaker=Agent A route_valid=- route_goal=- route=-
[08:52:02] SYSTEM metrics
[08:52:02] SYSTEM done
[08:52:02] SEGMENT batch.condition.end status=ok duration=1176.698001 seconds
[08:52:02] SESSION END batch-C-AC-CAR-MC-PIP-VOS-MP3M4-DEFAU-MED-I0-ad79b54130-T
