=== batch-c-mpcc-fc-clean-pip-vos-tl1-defau-sml-i0-abd012eb88-t-20260714-082521.log | sha256=c660837c636cfd6ba7ea6b7e2b01c0d1d7036ff292221572f2ff9b3e80b61755 ===
[08:25:21] SESSION START batch-C-MPCC-FC-CLEAN-PIP-VOS-TL1-DEFAU-SML-I0-abd012eb88-T
[08:25:21] SEGMENT batch.condition.start status=ok duration=None seconds
[08:25:21] SYSTEM timer.start
[08:25:22] PHASE turn=1 speaker=Agent A phase=NLG duration_sec=0.0
[08:25:22] PHASE turn=1 speaker=Agent A phase=TTS duration_sec=0.606
[08:25:22] PHASE turn=1 speaker=Agent A phase=ASR duration_sec=0.031008
[08:25:22] SYSTEM telemetry.speech
[08:25:22] MEMORY turn=1 reason=opening changed=Agent A,Agent B
[08:25:22] STEP turn=None speaker=Agent A route_valid=- route_goal=- route=-
[08:25:22] SYSTEM telemetry.timing
[08:25:22] TIMING turn=1 speaker=Agent A generation=0.0 synthesis=0.606 audio=11.463 recognition=0.031008 understanding=None dialogue_management=None pipeline_wall=0.637725 turn_observed=11.463
[08:26:26] PHASE turn=2 speaker=Agent B phase=NLG duration_sec=62.84982967376709
[08:26:26] PHASE turn=2 speaker=Agent B phase=TTS duration_sec=0.914555
[08:26:26] PHASE turn=2 speaker=Agent B phase=ASR duration_sec=0.017112
[08:26:26] SYSTEM telemetry.speech
[08:26:26] SYSTEM telemetry.timing
[08:26:26] MEMORY turn=2 reason=agent_b_reply changed=Agent A,Agent B
[08:26:26] STEP turn=None speaker=Agent B route_valid=- route_goal=- route=-
[08:26:26] PHASE turn=2 speaker=Agent B phase=NLU duration_sec=0.001033
[08:26:26] SYSTEM telemetry.nlu
[08:26:26] SYSTEM route
[08:26:26] SYSTEM candidate
[08:26:26] PHASE turn=2 speaker=Agent B phase=DM duration_sec=0.0030956538394093513
[08:26:26] TIMING turn=2 speaker=Agent B generation=62.84983 synthesis=0.914555 audio=9.03 recognition=0.017112 understanding=0.001033 dialogue_management=0.003096 pipeline_wall=0.932075 turn_observed=71.883958
[08:26:48] PHASE turn=3 speaker=Agent A phase=NLG duration_sec=22.046043872833252
[08:26:48] PHASE turn=3 speaker=Agent A phase=TTS duration_sec=0.559496
[08:26:48] PHASE turn=3 speaker=Agent A phase=ASR duration_sec=0.014453
[08:26:48] SYSTEM telemetry.speech
[08:26:48] SYSTEM telemetry.timing
[08:26:48] TIMING turn=3 speaker=Agent A generation=22.046044 synthesis=0.559496 audio=6.597 recognition=0.014453 understanding=None dialogue_management=None pipeline_wall=0.574245 turn_observed=28.643044
[08:26:48] MEMORY turn=3 reason=agent_a_reply changed=Agent A,Agent B
[08:26:48] STEP turn=None speaker=Agent A route_valid=- route_goal=- route=-
[08:27:54] PHASE turn=4 speaker=Agent B phase=NLG duration_sec=63.94312930107117
[08:27:54] PHASE turn=4 speaker=Agent B phase=TTS duration_sec=1.433566
[08:27:54] PHASE turn=4 speaker=Agent B phase=ASR duration_sec=0.02365
[08:27:54] SYSTEM telemetry.speech
[08:27:54] SYSTEM telemetry.timing
[08:27:54] MEMORY turn=4 reason=agent_b_reply changed=Agent A,Agent B
[08:27:54] STEP turn=None speaker=Agent B route_valid=- route_goal=- route=-
[08:27:54] PHASE turn=4 speaker=Agent B phase=NLU duration_sec=0.002443
[08:27:54] SYSTEM telemetry.nlu
[08:27:54] SYSTEM candidate
[08:27:54] PHASE turn=4 speaker=Agent B phase=DM duration_sec=0.002653965028002858
[08:27:54] TIMING turn=4 speaker=Agent B generation=63.943129 synthesis=1.433566 audio=14.461 recognition=0.02365 understanding=0.002443 dialogue_management=0.002654 pipeline_wall=1.4576 turn_observed=78.409226
[08:28:19] PHASE turn=5 speaker=Agent A phase=NLG duration_sec=24.55998659133911
[08:28:19] PHASE turn=5 speaker=Agent A phase=TTS duration_sec=0.99425
[08:28:19] PHASE turn=5 speaker=Agent A phase=ASR duration_sec=0.024946
[08:28:19] SYSTEM telemetry.speech
[08:28:19] SYSTEM telemetry.timing
[08:28:19] TIMING turn=5 speaker=Agent A generation=24.559987 synthesis=0.99425 audio=10.019 recognition=0.024946 understanding=None dialogue_management=None pipeline_wall=1.019485 turn_observed=34.578987
[08:28:19] MEMORY turn=5 reason=agent_a_reply changed=Agent A,Agent B
[08:28:19] STEP turn=None speaker=Agent A route_valid=- route_goal=- route=-
[08:29:40] PHASE turn=6 speaker=Agent B phase=NLG duration_sec=79.17493104934692
[08:29:40] PHASE turn=6 speaker=Agent B phase=TTS duration_sec=1.299611
[08:29:40] PHASE turn=6 speaker=Agent B phase=ASR duration_sec=0.020405
[08:29:40] SYSTEM telemetry.speech
[08:29:40] SYSTEM telemetry.timing
[08:29:40] MEMORY turn=6 reason=agent_b_reply changed=Agent A,Agent B
[08:29:40] STEP turn=None speaker=Agent B route_valid=- route_goal=- route=-
[08:29:40] PHASE turn=6 speaker=Agent B phase=NLU duration_sec=0.001373
[08:29:40] SYSTEM telemetry.nlu
[08:29:40] SYSTEM candidate
[08:29:40] PHASE turn=6 speaker=Agent B phase=DM duration_sec=0.004863952985033393
[08:29:40] TIMING turn=6 speaker=Agent B generation=79.174931 synthesis=1.299611 audio=11.925 recognition=0.020405 understanding=0.001373 dialogue_management=0.004864 pipeline_wall=1.320434 turn_observed=91.106168
[08:30:08] PHASE turn=7 speaker=Agent A phase=NLG duration_sec=26.990949869155884
[08:30:08] PHASE turn=7 speaker=Agent A phase=TTS duration_sec=0.887966
[08:30:08] PHASE turn=7 speaker=Agent A phase=ASR duration_sec=0.021509
[08:30:08] SYSTEM telemetry.speech
[08:30:08] SYSTEM telemetry.timing
[08:30:08] TIMING turn=7 speaker=Agent A generation=26.99095 synthesis=0.887966 audio=8.415 recognition=0.021509 understanding=None dialogue_management=None pipeline_wall=0.90989 turn_observed=35.40595
[08:30:08] MEMORY turn=7 reason=agent_a_reply changed=Agent A,Agent B
[08:30:08] STEP turn=None speaker=Agent A route_valid=- route_goal=- route=-
[08:31:28] PHASE turn=8 speaker=Agent B phase=NLG duration_sec=79.41763663291931
[08:31:28] PHASE turn=8 speaker=Agent B phase=TTS duration_sec=0.983548
[08:31:28] PHASE turn=8 speaker=Agent B phase=ASR duration_sec=0.017721
[08:31:28] SYSTEM telemetry.speech
[08:31:28] SYSTEM telemetry.timing
[08:31:28] MEMORY turn=8 reason=agent_b_reply changed=Agent A,Agent B
[08:31:28] STEP turn=None speaker=Agent B route_valid=- route_goal=- route=-
[08:31:28] PHASE turn=8 speaker=Agent B phase=NLU duration_sec=0.005336
[08:31:28] SYSTEM telemetry.nlu
[08:31:28] SYSTEM candidate
[08:31:28] PHASE turn=8 speaker=Agent B phase=DM duration_sec=0.004703795071691275
[08:31:28] TIMING turn=8 speaker=Agent B generation=79.417637 synthesis=0.983548 audio=9.03 recognition=0.017721 understanding=0.005336 dialogue_management=0.004704 pipeline_wall=1.001651 turn_observed=88.457676
[08:31:57] PHASE turn=9 speaker=Agent A phase=NLG duration_sec=28.483975648880005
[08:31:57] PHASE turn=9 speaker=Agent A phase=TTS duration_sec=0.550742
[08:31:57] PHASE turn=9 speaker=Agent A phase=ASR duration_sec=0.01326
[08:31:57] SYSTEM telemetry.speech
[08:31:57] SYSTEM telemetry.timing
[08:31:57] TIMING turn=9 speaker=Agent A generation=28.483976 synthesis=0.550742 audio=5.361 recognition=0.01326 understanding=None dialogue_management=None pipeline_wall=0.564281 turn_observed=33.844976
[08:31:57] MEMORY turn=9 reason=agent_a_reply changed=Agent A,Agent B
[08:31:57] STEP turn=None speaker=Agent A route_valid=- route_goal=- route=-
[08:31:57] SYSTEM metrics
[08:31:57] SYSTEM done
[08:31:57] SEGMENT batch.condition.end status=ok duration=396.064446 seconds
[08:31:57] SESSION END batch-C-MPCC-FC-CLEAN-PIP-VOS-TL1-DEFAU-SML-I0-abd012eb88-T
