=== batch-c-mpcc-fc-clean-pip-vos-tl1-defau-sml-i0-abd012eb88-t-20260714-072037.log | sha256=0c4407c501bb20d5e8a5aacc1873fad677984688917cac6863d42fb66aec8f32 ===
[07:20:37] SESSION START batch-C-MPCC-FC-CLEAN-PIP-VOS-TL1-DEFAU-SML-I0-abd012eb88-T
[07:20:37] SEGMENT batch.condition.start status=ok duration=None seconds
[07:20:37] SYSTEM timer.start
[07:20:37] PHASE turn=1 speaker=Agent A phase=NLG duration_sec=0.0
[07:20:37] PHASE turn=1 speaker=Agent A phase=TTS duration_sec=0.603572
[07:20:37] PHASE turn=1 speaker=Agent A phase=ASR duration_sec=0.028394
[07:20:37] SYSTEM telemetry.speech
[07:20:37] MEMORY turn=1 reason=opening changed=Agent A,Agent B
[07:20:37] STEP turn=None speaker=Agent A route_valid=- route_goal=- route=-
[07:20:37] SYSTEM telemetry.timing
[07:20:37] TIMING turn=1 speaker=Agent A generation=0.0 synthesis=0.603572 audio=11.463 recognition=0.028394 understanding=None dialogue_management=None pipeline_wall=0.632592 turn_observed=11.463
[07:21:41] PHASE turn=2 speaker=Agent B phase=NLG duration_sec=62.51873469352722
[07:21:41] PHASE turn=2 speaker=Agent B phase=TTS duration_sec=0.96076
[07:21:41] PHASE turn=2 speaker=Agent B phase=ASR duration_sec=0.017738
[07:21:41] SYSTEM telemetry.speech
[07:21:41] SYSTEM telemetry.timing
[07:21:41] MEMORY turn=2 reason=agent_b_reply changed=Agent A,Agent B
[07:21:41] STEP turn=None speaker=Agent B route_valid=- route_goal=- route=-
[07:21:41] PHASE turn=2 speaker=Agent B phase=NLU duration_sec=0.001056
[07:21:41] SYSTEM telemetry.nlu
[07:21:41] SYSTEM route
[07:21:41] SYSTEM candidate
[07:21:41] PHASE turn=2 speaker=Agent B phase=DM duration_sec=0.0034636585041880608
[07:21:41] TIMING turn=2 speaker=Agent B generation=62.518735 synthesis=0.96076 audio=9.03 recognition=0.017738 understanding=0.001056 dialogue_management=0.003464 pipeline_wall=0.978962 turn_observed=71.553254
[07:22:04] PHASE turn=3 speaker=Agent A phase=NLG duration_sec=22.476775407791138
[07:22:04] PHASE turn=3 speaker=Agent A phase=TTS duration_sec=0.701136
[07:22:04] PHASE turn=3 speaker=Agent A phase=ASR duration_sec=0.015577
[07:22:04] SYSTEM telemetry.speech
[07:22:04] SYSTEM telemetry.timing
[07:22:04] TIMING turn=3 speaker=Agent A generation=22.476775 synthesis=0.701136 audio=6.597 recognition=0.015577 understanding=None dialogue_management=None pipeline_wall=0.717145 turn_observed=29.073775
[07:22:04] MEMORY turn=3 reason=agent_a_reply changed=Agent A,Agent B
[07:22:04] STEP turn=None speaker=Agent A route_valid=- route_goal=- route=-
[07:23:12] PHASE turn=4 speaker=Agent B phase=NLG duration_sec=66.06000232696533
[07:23:12] PHASE turn=4 speaker=Agent B phase=TTS duration_sec=1.7051
[07:23:12] PHASE turn=4 speaker=Agent B phase=ASR duration_sec=0.023718
[07:23:12] SYSTEM telemetry.speech
[07:23:12] SYSTEM telemetry.timing
[07:23:12] MEMORY turn=4 reason=agent_b_reply changed=Agent A,Agent B
[07:23:12] STEP turn=None speaker=Agent B route_valid=- route_goal=- route=-
[07:23:12] PHASE turn=4 speaker=Agent B phase=NLU duration_sec=0.002529
[07:23:12] SYSTEM telemetry.nlu
[07:23:12] SYSTEM candidate
[07:23:12] PHASE turn=4 speaker=Agent B phase=DM duration_sec=0.004912639036774635
[07:23:12] TIMING turn=4 speaker=Agent B generation=66.060002 synthesis=1.7051 audio=14.461 recognition=0.023718 understanding=0.002529 dialogue_management=0.004913 pipeline_wall=1.729182 turn_observed=80.528444
[07:23:38] PHASE turn=5 speaker=Agent A phase=NLG duration_sec=24.760080099105835
[07:23:38] PHASE turn=5 speaker=Agent A phase=TTS duration_sec=1.267841
[07:23:38] PHASE turn=5 speaker=Agent A phase=ASR duration_sec=0.028756
[07:23:38] SYSTEM telemetry.speech
[07:23:38] SYSTEM telemetry.timing
[07:23:38] TIMING turn=5 speaker=Agent A generation=24.76008 synthesis=1.267841 audio=10.019 recognition=0.028756 understanding=None dialogue_management=None pipeline_wall=1.297074 turn_observed=34.77908
[07:23:38] MEMORY turn=5 reason=agent_a_reply changed=Agent A,Agent B
[07:23:38] STEP turn=None speaker=Agent A route_valid=- route_goal=- route=-
[07:24:57] PHASE turn=6 speaker=Agent B phase=NLG duration_sec=78.03094267845154
[07:24:57] PHASE turn=6 speaker=Agent B phase=TTS duration_sec=1.231671
[07:24:57] PHASE turn=6 speaker=Agent B phase=ASR duration_sec=0.020445
[07:24:57] SYSTEM telemetry.speech
[07:24:57] SYSTEM telemetry.timing
[07:24:57] MEMORY turn=6 reason=agent_b_reply changed=Agent A,Agent B
[07:24:57] STEP turn=None speaker=Agent B route_valid=- route_goal=- route=-
[07:24:57] PHASE turn=6 speaker=Agent B phase=NLU duration_sec=0.001386
[07:24:57] SYSTEM telemetry.nlu
[07:24:57] SYSTEM candidate
[07:24:57] PHASE turn=6 speaker=Agent B phase=DM duration_sec=0.007064035162329674
[07:24:57] TIMING turn=6 speaker=Agent B generation=78.030943 synthesis=1.231671 audio=11.925 recognition=0.020445 understanding=0.001386 dialogue_management=0.007064 pipeline_wall=1.252528 turn_observed=89.964393
[07:25:24] PHASE turn=7 speaker=Agent A phase=NLG duration_sec=26.25996971130371
[07:25:24] PHASE turn=7 speaker=Agent A phase=TTS duration_sec=0.81923
[07:25:24] PHASE turn=7 speaker=Agent A phase=ASR duration_sec=0.020382
[07:25:24] SYSTEM telemetry.speech
[07:25:24] SYSTEM telemetry.timing
[07:25:24] TIMING turn=7 speaker=Agent A generation=26.25997 synthesis=0.81923 audio=8.415 recognition=0.020382 understanding=None dialogue_management=None pipeline_wall=0.839959 turn_observed=34.67497
[07:25:24] MEMORY turn=7 reason=agent_a_reply changed=Agent A,Agent B
[07:25:24] STEP turn=None speaker=Agent A route_valid=- route_goal=- route=-
[07:26:42] PHASE turn=8 speaker=Agent B phase=NLG duration_sec=77.07144522666931
[07:26:42] PHASE turn=8 speaker=Agent B phase=TTS duration_sec=0.943873
[07:26:42] PHASE turn=8 speaker=Agent B phase=ASR duration_sec=0.017776
[07:26:42] SYSTEM telemetry.speech
[07:26:42] SYSTEM telemetry.timing
[07:26:42] MEMORY turn=8 reason=agent_b_reply changed=Agent A,Agent B
[07:26:42] STEP turn=None speaker=Agent B route_valid=- route_goal=- route=-
[07:26:42] PHASE turn=8 speaker=Agent B phase=NLU duration_sec=0.003743
[07:26:42] SYSTEM telemetry.nlu
[07:26:42] SYSTEM candidate
[07:26:42] PHASE turn=8 speaker=Agent B phase=DM duration_sec=0.004850771278142929
[07:26:42] TIMING turn=8 speaker=Agent B generation=77.071445 synthesis=0.943873 audio=9.03 recognition=0.017776 understanding=0.003743 dialogue_management=0.004851 pipeline_wall=0.962088 turn_observed=86.110039
[07:27:11] PHASE turn=9 speaker=Agent A phase=NLG duration_sec=28.35818386077881
[07:27:11] PHASE turn=9 speaker=Agent A phase=TTS duration_sec=0.675073
[07:27:11] PHASE turn=9 speaker=Agent A phase=ASR duration_sec=0.014118
[07:27:11] SYSTEM telemetry.speech
[07:27:11] SYSTEM telemetry.timing
[07:27:11] TIMING turn=9 speaker=Agent A generation=28.358184 synthesis=0.675073 audio=5.361 recognition=0.014118 understanding=None dialogue_management=None pipeline_wall=0.689603 turn_observed=33.719184
[07:27:11] MEMORY turn=9 reason=agent_a_reply changed=Agent A,Agent B
[07:27:11] STEP turn=None speaker=Agent A route_valid=- route_goal=- route=-
[07:27:11] SYSTEM metrics
[07:27:11] SYSTEM done
[07:27:11] SEGMENT batch.condition.end status=ok duration=394.829037 seconds
[07:27:11] SESSION END batch-C-MPCC-FC-CLEAN-PIP-VOS-TL1-DEFAU-SML-I0-abd012eb88-T
