=== batch-c-mpcc-fc-clean-pip-vos-qq515-defau-med-i0-4e69505b28-a-20260714-131822.log | sha256=514240ea012464f2db5355cc236c1deb614b82970321b50a8b875c0c55e902ee ===
[13:18:22] SESSION START batch-C-MPCC-FC-CLEAN-PIP-VOS-QQ515-DEFAU-MED-I0-4e69505b28-A
[13:18:22] SEGMENT batch.condition.start status=ok duration=None seconds
[13:18:22] SYSTEM timer.start
[13:18:31] PHASE turn=1 speaker=Agent A phase=NLG duration_sec=0.0
[13:18:31] PHASE turn=1 speaker=Agent A phase=TTS duration_sec=5.723053
[13:18:31] PHASE turn=1 speaker=Agent A phase=ASR duration_sec=2.570114
[13:18:31] SYSTEM telemetry.speech
[13:18:31] MEMORY turn=1 reason=opening changed=Agent A,Agent B
[13:18:31] STEP turn=None speaker=Agent A route_valid=- route_goal=- route=-
[13:18:31] SYSTEM telemetry.timing
[13:18:31] TIMING turn=1 speaker=Agent A generation=0.0 synthesis=5.723053 audio=11.463 recognition=2.570114 understanding=None dialogue_management=None pipeline_wall=8.295582 turn_observed=11.463
[13:20:06] PHASE turn=2 speaker=Agent B phase=NLG duration_sec=91.02398347854614
[13:20:06] PHASE turn=2 speaker=Agent B phase=TTS duration_sec=2.653096
[13:20:06] PHASE turn=2 speaker=Agent B phase=ASR duration_sec=1.755451
[13:20:06] SYSTEM telemetry.speech
[13:20:06] SYSTEM telemetry.timing
[13:20:06] MEMORY turn=2 reason=agent_b_reply changed=Agent A,Agent B
[13:20:06] STEP turn=None speaker=Agent B route_valid=- route_goal=- route=-
[13:20:06] PHASE turn=2 speaker=Agent B phase=NLU duration_sec=0.002404
[13:20:06] SYSTEM telemetry.nlu
[13:20:06] SYSTEM route
[13:20:06] SYSTEM candidate
[13:20:06] PHASE turn=2 speaker=Agent B phase=DM duration_sec=0.007466040551662445
[13:20:06] TIMING turn=2 speaker=Agent B generation=91.023983 synthesis=2.653096 audio=9.03 recognition=1.755451 understanding=0.002404 dialogue_management=0.007466 pipeline_wall=4.409194 turn_observed=100.063853
[13:20:37] PHASE turn=3 speaker=Agent A phase=NLG duration_sec=28.06396222114563
[13:20:37] PHASE turn=3 speaker=Agent A phase=TTS duration_sec=1.680795
[13:20:37] PHASE turn=3 speaker=Agent A phase=ASR duration_sec=1.427198
[13:20:37] SYSTEM telemetry.speech
[13:20:37] SYSTEM telemetry.timing
[13:20:37] TIMING turn=3 speaker=Agent A generation=28.063962 synthesis=1.680795 audio=6.597 recognition=1.427198 understanding=None dialogue_management=None pipeline_wall=3.108516 turn_observed=34.660962
[13:20:37] MEMORY turn=3 reason=agent_a_reply changed=Agent A,Agent B
[13:20:37] STEP turn=None speaker=Agent A route_valid=- route_goal=- route=-
[13:22:17] PHASE turn=4 speaker=Agent B phase=NLG duration_sec=93.32046866416931
[13:22:17] PHASE turn=4 speaker=Agent B phase=TTS duration_sec=4.174421
[13:22:17] PHASE turn=4 speaker=Agent B phase=ASR duration_sec=2.260091
[13:22:17] SYSTEM telemetry.speech
[13:22:17] SYSTEM telemetry.timing
[13:22:17] MEMORY turn=4 reason=agent_b_reply changed=Agent A,Agent B
[13:22:17] STEP turn=None speaker=Agent B route_valid=- route_goal=- route=-
[13:22:17] PHASE turn=4 speaker=Agent B phase=NLU duration_sec=0.010943
[13:22:17] SYSTEM telemetry.nlu
[13:22:17] SYSTEM candidate
[13:22:17] PHASE turn=4 speaker=Agent B phase=DM duration_sec=0.004567747935652733
[13:22:17] TIMING turn=4 speaker=Agent B generation=93.320469 synthesis=4.174421 audio=14.461 recognition=2.260091 understanding=0.010943 dialogue_management=0.004568 pipeline_wall=6.435141 turn_observed=107.796979
[13:22:19] PHASE turn=5 speaker=Agent A phase=NLG duration_sec=0.0023484230041503906
[13:22:19] PHASE turn=5 speaker=Agent A phase=TTS duration_sec=1.135526
[13:22:19] PHASE turn=5 speaker=Agent A phase=ASR duration_sec=0.953772
[13:22:19] SYSTEM telemetry.speech
[13:22:19] SYSTEM telemetry.timing
[13:22:19] TIMING turn=5 speaker=Agent A generation=0.002348 synthesis=1.135526 audio=4.324 recognition=0.953772 understanding=None dialogue_management=None pipeline_wall=2.089761 turn_observed=4.326348
[13:22:19] MEMORY turn=5 reason=agent_a_reply changed=Agent A,Agent B
[13:22:19] STEP turn=None speaker=Agent A route_valid=- route_goal=- route=-
[13:22:21] PHASE turn=6 speaker=Agent B phase=NLG duration_sec=0.3350393772125244
[13:22:21] PHASE turn=6 speaker=Agent B phase=TTS duration_sec=0.543265
[13:22:21] PHASE turn=6 speaker=Agent B phase=ASR duration_sec=0.769313
[13:22:21] SYSTEM telemetry.speech
[13:22:21] SYSTEM telemetry.timing
[13:22:21] MEMORY turn=6 reason=agent_b_reply changed=Agent A,Agent B
[13:22:21] STEP turn=None speaker=Agent B route_valid=- route_goal=- route=-
[13:22:21] PHASE turn=6 speaker=Agent B phase=NLU duration_sec=1.1e-05
[13:22:21] PHASE turn=6 speaker=Agent B phase=DM duration_sec=0.00011151563376188278
[13:22:21] TIMING turn=6 speaker=Agent B generation=0.335039 synthesis=0.543265 audio=1.654 recognition=0.769313 understanding=1.1e-05 dialogue_management=0.000112 pipeline_wall=1.313035 turn_observed=1.989162
[13:22:55] PHASE turn=7 speaker=Agent A phase=NLG duration_sec=29.98551321029663
[13:22:55] PHASE turn=7 speaker=Agent A phase=TTS duration_sec=2.244697
[13:22:55] PHASE turn=7 speaker=Agent A phase=ASR duration_sec=1.776587
[13:22:55] SYSTEM telemetry.speech
[13:22:55] SYSTEM telemetry.timing
[13:22:55] TIMING turn=7 speaker=Agent A generation=29.985513 synthesis=2.244697 audio=10.019 recognition=1.776587 understanding=None dialogue_management=None pipeline_wall=4.021915 turn_observed=40.004513
[13:22:55] MEMORY turn=7 reason=agent_a_reply changed=Agent A,Agent B
[13:22:55] STEP turn=None speaker=Agent A route_valid=- route_goal=- route=-
[13:24:49] PHASE turn=8 speaker=Agent B phase=NLG duration_sec=109.88032555580139
[13:24:49] PHASE turn=8 speaker=Agent B phase=TTS duration_sec=2.703084
[13:24:49] PHASE turn=8 speaker=Agent B phase=ASR duration_sec=1.782883
[13:24:49] SYSTEM telemetry.speech
[13:24:49] SYSTEM telemetry.timing
[13:24:49] MEMORY turn=8 reason=agent_b_reply changed=Agent A,Agent B
[13:24:49] STEP turn=None speaker=Agent B route_valid=- route_goal=- route=-
[13:24:49] PHASE turn=8 speaker=Agent B phase=NLU duration_sec=0.002715
[13:24:49] SYSTEM telemetry.nlu
[13:24:49] SYSTEM candidate
[13:24:49] PHASE turn=8 speaker=Agent B phase=DM duration_sec=0.005359197035431862
[13:24:49] TIMING turn=8 speaker=Agent B generation=109.880326 synthesis=2.703084 audio=11.925 recognition=1.782883 understanding=0.002715 dialogue_management=0.005359 pipeline_wall=4.486586 turn_observed=121.8134
[13:24:53] PHASE turn=9 speaker=Agent A phase=NLG duration_sec=0.009410858154296875
[13:24:53] PHASE turn=9 speaker=Agent A phase=TTS duration_sec=1.815143
[13:24:53] PHASE turn=9 speaker=Agent A phase=ASR duration_sec=1.327584
[13:24:53] SYSTEM telemetry.speech
[13:24:53] SYSTEM telemetry.timing
[13:24:53] TIMING turn=9 speaker=Agent A generation=0.009411 synthesis=1.815143 audio=6.143 recognition=1.327584 understanding=None dialogue_management=None pipeline_wall=3.143182 turn_observed=6.152411
[13:24:53] MEMORY turn=9 reason=agent_a_reply changed=Agent A,Agent B
[13:24:53] STEP turn=None speaker=Agent A route_valid=- route_goal=- route=-
[13:26:49] PHASE turn=10 speaker=Agent B phase=NLG duration_sec=112.57158088684082
[13:26:49] PHASE turn=10 speaker=Agent B phase=TTS duration_sec=2.040061
[13:26:49] PHASE turn=10 speaker=Agent B phase=ASR duration_sec=1.805441
[13:26:49] SYSTEM telemetry.speech
[13:26:49] SYSTEM telemetry.timing
[13:26:49] MEMORY turn=10 reason=agent_b_reply changed=Agent A,Agent B
[13:26:49] STEP turn=None speaker=Agent B route_valid=- route_goal=- route=-
[13:26:49] PHASE turn=10 speaker=Agent B phase=NLU duration_sec=0.002292
[13:26:49] SYSTEM telemetry.nlu
[13:26:49] SYSTEM warning
[13:26:49] SYSTEM candidate
[13:26:49] PHASE turn=10 speaker=Agent B phase=DM duration_sec=0.002725426107645035
[13:26:49] TIMING turn=10 speaker=Agent B generation=112.571581 synthesis=2.040061 audio=9.03 recognition=1.805441 understanding=0.002292 dialogue_management=0.002725 pipeline_wall=3.846143 turn_observed=121.606599
[13:26:51] PHASE turn=11 speaker=Agent A phase=NLG duration_sec=0.0016641616821289062
[13:26:51] PHASE turn=11 speaker=Agent A phase=TTS duration_sec=1.106045
[13:26:51] PHASE turn=11 speaker=Agent A phase=ASR duration_sec=0.989235
[13:26:51] SYSTEM telemetry.speech
[13:26:51] SYSTEM telemetry.timing
[13:26:51] TIMING turn=11 speaker=Agent A generation=0.001664 synthesis=1.106045 audio=3.87 recognition=0.989235 understanding=None dialogue_management=None pipeline_wall=2.095767 turn_observed=3.871664
[13:26:51] MEMORY turn=11 reason=agent_a_reply changed=Agent A,Agent B
[13:26:51] STEP turn=None speaker=Agent A route_valid=- route_goal=- route=-
[13:26:53] PHASE turn=12 speaker=Agent B phase=NLG duration_sec=0.0011453628540039062
[13:26:53] PHASE turn=12 speaker=Agent B phase=TTS duration_sec=0.693425
[13:26:53] PHASE turn=12 speaker=Agent B phase=ASR duration_sec=0.905889
[13:26:53] SYSTEM telemetry.speech
[13:26:53] SYSTEM telemetry.timing
[13:26:53] MEMORY turn=12 reason=agent_b_reply changed=Agent A,Agent B
[13:26:53] STEP turn=None speaker=Agent B route_valid=- route_goal=- route=-
[13:26:53] PHASE turn=12 speaker=Agent B phase=NLU duration_sec=1.1e-05
[13:26:53] PHASE turn=12 speaker=Agent B phase=DM duration_sec=0.00010995101183652878
[13:26:53] TIMING turn=12 speaker=Agent B generation=0.001145 synthesis=0.693425 audio=2.276 recognition=0.905889 understanding=1.1e-05 dialogue_management=0.00011 pipeline_wall=1.59982 turn_observed=2.277267
[13:27:29] PHASE turn=13 speaker=Agent A phase=NLG duration_sec=32.622251749038696
[13:27:29] PHASE turn=13 speaker=Agent A phase=TTS duration_sec=1.876077
[13:27:29] PHASE turn=13 speaker=Agent A phase=ASR duration_sec=1.488259
[13:27:29] SYSTEM telemetry.speech
[13:27:29] SYSTEM telemetry.timing
[13:27:29] TIMING turn=13 speaker=Agent A generation=32.622252 synthesis=1.876077 audio=8.415 recognition=1.488259 understanding=None dialogue_management=None pipeline_wall=3.364979 turn_observed=41.037252
[13:27:29] MEMORY turn=13 reason=agent_a_reply changed=Agent A,Agent B
[13:27:29] STEP turn=None speaker=Agent A route_valid=- route_goal=- route=-
[13:29:21] PHASE turn=14 speaker=Agent B phase=NLG duration_sec=108.33133244514465
[13:29:21] PHASE turn=14 speaker=Agent B phase=TTS duration_sec=2.126404
[13:29:21] PHASE turn=14 speaker=Agent B phase=ASR duration_sec=1.433549
[13:29:21] SYSTEM telemetry.speech
[13:29:21] SYSTEM telemetry.timing
[13:29:21] MEMORY turn=14 reason=agent_b_reply changed=Agent A,Agent B
[13:29:21] STEP turn=None speaker=Agent B route_valid=- route_goal=- route=-
[13:29:21] PHASE turn=14 speaker=Agent B phase=NLU duration_sec=0.000495
[13:29:21] SYSTEM telemetry.nlu
[13:29:21] PHASE turn=14 speaker=Agent B phase=DM duration_sec=0.00015108659863471985
[13:29:21] TIMING turn=14 speaker=Agent B generation=108.331332 synthesis=2.126404 audio=7.719 recognition=1.433549 understanding=0.000495 dialogue_management=0.000151 pipeline_wall=3.560563 turn_observed=116.050978
[13:29:24] PHASE turn=15 speaker=Agent A phase=NLG duration_sec=0.04393649101257324
[13:29:24] PHASE turn=15 speaker=Agent A phase=TTS duration_sec=2.134652
[13:29:24] PHASE turn=15 speaker=Agent A phase=ASR duration_sec=1.424336
[13:29:24] SYSTEM telemetry.speech
[13:29:24] SYSTEM telemetry.timing
[13:29:24] TIMING turn=15 speaker=Agent A generation=0.043936 synthesis=2.134652 audio=6.095 recognition=1.424336 understanding=None dialogue_management=None pipeline_wall=3.559446 turn_observed=6.138936
[13:29:24] MEMORY turn=15 reason=agent_a_reply changed=Agent A,Agent B
[13:29:24] STEP turn=None speaker=Agent A route_valid=- route_goal=- route=-
[13:31:15] PHASE turn=16 speaker=Agent B phase=NLG duration_sec=106.64114093780518
[13:31:15] PHASE turn=16 speaker=Agent B phase=TTS duration_sec=2.493184
[13:31:15] PHASE turn=16 speaker=Agent B phase=ASR duration_sec=1.523307
[13:31:15] SYSTEM telemetry.speech
[13:31:15] SYSTEM telemetry.timing
[13:31:15] MEMORY turn=16 reason=agent_b_reply changed=none
[13:31:15] STEP turn=None speaker=Agent B route_valid=- route_goal=- route=-
[13:31:15] PHASE turn=16 speaker=Agent B phase=NLU duration_sec=0.000505
[13:31:15] SYSTEM telemetry.nlu
[13:31:15] PHASE turn=16 speaker=Agent B phase=DM duration_sec=0.00012683775275945663
[13:31:15] TIMING turn=16 speaker=Agent B generation=106.641141 synthesis=2.493184 audio=7.719 recognition=1.523307 understanding=0.000505 dialogue_management=0.000127 pipeline_wall=4.01714 turn_observed=114.360773
[13:31:18] PHASE turn=17 speaker=Agent A phase=NLG duration_sec=0.04605984687805176
[13:31:18] PHASE turn=17 speaker=Agent A phase=TTS duration_sec=1.501769
[13:31:18] PHASE turn=17 speaker=Agent A phase=ASR duration_sec=1.482106
[13:31:18] SYSTEM telemetry.speech
[13:31:18] SYSTEM telemetry.timing
[13:31:18] TIMING turn=17 speaker=Agent A generation=0.04606 synthesis=1.501769 audio=6.924 recognition=1.482106 understanding=None dialogue_management=None pipeline_wall=2.984396 turn_observed=6.97006
[13:31:18] MEMORY turn=17 reason=agent_a_reply changed=Agent A,Agent B
[13:31:18] STEP turn=None speaker=Agent A route_valid=- route_goal=- route=-
[13:31:18] SYSTEM metrics
[13:31:18] SYSTEM done
[13:31:18] SEGMENT batch.condition.end status=ok duration=775.648063 seconds
[13:31:18] SESSION END batch-C-MPCC-FC-CLEAN-PIP-VOS-QQ515-DEFAU-MED-I0-4e69505b28-A
