=== batch-c-mpcc-dst-hesit-pip-vos-qq57i-defau-lrg-i0-6542750cb9-t-20260714-041852.log | sha256=264dbcc0fda0489787255c5d4d0686ebb9ad940c764832c7d8c1ae342deb4745 ===
[04:18:52] SESSION START batch-C-MPCC-DST-HESIT-PIP-VOS-QQ57I-DEFAU-LRG-I0-6542750cb9-T
[04:18:52] SEGMENT batch.condition.start status=ok duration=None seconds
[04:18:52] SYSTEM timer.start
[04:18:53] PHASE turn=1 speaker=Agent A phase=NLG duration_sec=0.0
[04:18:53] PHASE turn=1 speaker=Agent A phase=TTS duration_sec=0.594224
[04:18:53] PHASE turn=1 speaker=Agent A phase=ASR duration_sec=0.029511
[04:18:53] SYSTEM telemetry.speech
[04:18:53] MEMORY turn=1 reason=opening changed=Agent A,Agent B
[04:18:53] STEP turn=None speaker=Agent A route_valid=- route_goal=- route=-
[04:18:53] SYSTEM telemetry.timing
[04:18:53] TIMING turn=1 speaker=Agent A generation=0.0 synthesis=0.594224 audio=12.423 recognition=0.029511 understanding=None dialogue_management=None pipeline_wall=0.624496 turn_observed=12.423
[04:23:40] PHASE turn=2 speaker=Agent B phase=NLG duration_sec=286.21832275390625
[04:23:40] PHASE turn=2 speaker=Agent B phase=TTS duration_sec=0.629305
[04:23:40] PHASE turn=2 speaker=Agent B phase=ASR duration_sec=0.01575
[04:23:40] SYSTEM telemetry.speech
[04:23:40] SYSTEM telemetry.timing
[04:23:40] MEMORY turn=2 reason=agent_b_reply changed=Agent A,Agent B
[04:23:40] STEP turn=None speaker=Agent B route_valid=- route_goal=- route=-
[04:23:40] PHASE turn=2 speaker=Agent B phase=NLU duration_sec=0.000901
[04:23:40] SYSTEM telemetry.nlu
[04:23:40] SYSTEM route
[04:23:40] SYSTEM candidate
[04:23:40] PHASE turn=2 speaker=Agent B phase=DM duration_sec=0.002779164118692279
[04:23:40] TIMING turn=2 speaker=Agent B generation=286.218323 synthesis=0.629305 audio=6.924 recognition=0.01575 understanding=0.000901 dialogue_management=0.002779 pipeline_wall=0.645479 turn_observed=293.146003
[04:24:00] PHASE turn=3 speaker=Agent A phase=NLG duration_sec=19.724241018295288
[04:24:00] PHASE turn=3 speaker=Agent A phase=TTS duration_sec=0.561719
[04:24:00] PHASE turn=3 speaker=Agent A phase=ASR duration_sec=0.015388
[04:24:00] SYSTEM telemetry.speech
[04:24:00] SYSTEM telemetry.timing
[04:24:00] TIMING turn=3 speaker=Agent A generation=19.724241 synthesis=0.561719 audio=6.879 recognition=0.015388 understanding=None dialogue_management=None pipeline_wall=0.577762 turn_observed=26.603241
[04:24:00] MEMORY turn=3 reason=agent_a_reply changed=Agent A,Agent B
[04:24:00] STEP turn=None speaker=Agent A route_valid=- route_goal=- route=-
[04:29:49] PHASE turn=4 speaker=Agent B phase=NLG duration_sec=347.5167236328125
[04:29:49] PHASE turn=4 speaker=Agent B phase=TTS duration_sec=1.059846
[04:29:49] PHASE turn=4 speaker=Agent B phase=ASR duration_sec=0.023639
[04:29:49] SYSTEM telemetry.speech
[04:29:49] SYSTEM telemetry.timing
[04:29:49] MEMORY turn=4 reason=agent_b_reply changed=Agent A,Agent B
[04:29:49] STEP turn=None speaker=Agent B route_valid=- route_goal=- route=-
[04:29:49] PHASE turn=4 speaker=Agent B phase=NLU duration_sec=0.006606
[04:29:49] SYSTEM telemetry.nlu
[04:29:49] SYSTEM candidate
[04:29:49] PHASE turn=4 speaker=Agent B phase=DM duration_sec=0.0030970920342952013
[04:29:49] TIMING turn=4 speaker=Agent B generation=347.516724 synthesis=1.059846 audio=11.568 recognition=0.023639 understanding=0.006606 dialogue_management=0.003097 pipeline_wall=1.083947 turn_observed=359.094427
[04:29:49] PHASE turn=5 speaker=Agent A phase=NLG duration_sec=0.013749361038208008
[04:29:49] PHASE turn=5 speaker=Agent A phase=TTS duration_sec=0.477309
[04:29:49] PHASE turn=5 speaker=Agent A phase=ASR duration_sec=0.015005
[04:29:49] SYSTEM telemetry.speech
[04:29:49] SYSTEM telemetry.timing
[04:29:49] TIMING turn=5 speaker=Agent A generation=0.013749 synthesis=0.477309 audio=5.355 recognition=0.015005 understanding=None dialogue_management=None pipeline_wall=0.492508 turn_observed=5.368749
[04:29:49] MEMORY turn=5 reason=agent_a_reply changed=Agent A,Agent B
[04:29:49] STEP turn=None speaker=Agent A route_valid=- route_goal=- route=-
[04:35:34] PHASE turn=6 speaker=Agent B phase=NLG duration_sec=344.27440214157104
[04:35:34] PHASE turn=6 speaker=Agent B phase=TTS duration_sec=0.634319
[04:35:34] PHASE turn=6 speaker=Agent B phase=ASR duration_sec=0.017169
[04:35:34] SYSTEM telemetry.speech
[04:35:34] SYSTEM telemetry.timing
[04:35:34] MEMORY turn=6 reason=agent_b_reply changed=Agent A,Agent B
[04:35:34] STEP turn=None speaker=Agent B route_valid=- route_goal=- route=-
[04:35:34] PHASE turn=6 speaker=Agent B phase=NLU duration_sec=0.001289
[04:35:34] SYSTEM telemetry.nlu
[04:35:34] SYSTEM candidate
[04:35:34] PHASE turn=6 speaker=Agent B phase=DM duration_sec=0.0022858590818941593
[04:35:34] TIMING turn=6 speaker=Agent B generation=344.274402 synthesis=0.634319 audio=6.924 recognition=0.017169 understanding=0.001289 dialogue_management=0.002286 pipeline_wall=0.651937 turn_observed=351.201977
[04:35:35] PHASE turn=7 speaker=Agent A phase=NLG duration_sec=0.004685163497924805
[04:35:35] PHASE turn=7 speaker=Agent A phase=TTS duration_sec=0.601426
[04:35:35] PHASE turn=7 speaker=Agent A phase=ASR duration_sec=0.014767
[04:35:35] SYSTEM telemetry.speech
[04:35:35] SYSTEM telemetry.timing
[04:35:35] TIMING turn=7 speaker=Agent A generation=0.004685 synthesis=0.601426 audio=6.492 recognition=0.014767 understanding=None dialogue_management=None pipeline_wall=0.616388 turn_observed=6.496685
[04:35:35] MEMORY turn=7 reason=agent_a_reply changed=Agent B
[04:35:35] STEP turn=None speaker=Agent A route_valid=- route_goal=- route=-
[04:41:49] PHASE turn=8 speaker=Agent B phase=NLG duration_sec=372.777024269104
[04:41:49] PHASE turn=8 speaker=Agent B phase=TTS duration_sec=1.232989
[04:41:49] PHASE turn=8 speaker=Agent B phase=ASR duration_sec=0.023997
[04:41:49] SYSTEM telemetry.speech
[04:41:49] SYSTEM telemetry.timing
[04:41:49] MEMORY turn=8 reason=agent_b_reply changed=Agent A,Agent B
[04:41:49] STEP turn=None speaker=Agent B route_valid=- route_goal=- route=-
[04:41:49] PHASE turn=8 speaker=Agent B phase=NLU duration_sec=0.002581
[04:41:49] SYSTEM telemetry.nlu
[04:41:49] SYSTEM candidate
[04:41:49] PHASE turn=8 speaker=Agent B phase=DM duration_sec=0.00511884200386703
[04:41:49] TIMING turn=8 speaker=Agent B generation=372.777024 synthesis=1.232989 audio=13.319 recognition=0.023997 understanding=0.002581 dialogue_management=0.005119 pipeline_wall=1.257441 turn_observed=386.103725
[04:42:14] PHASE turn=9 speaker=Agent A phase=NLG duration_sec=24.89384150505066
[04:42:14] PHASE turn=9 speaker=Agent A phase=TTS duration_sec=0.537579
[04:42:14] PHASE turn=9 speaker=Agent A phase=ASR duration_sec=0.014761
[04:42:14] SYSTEM telemetry.speech
[04:42:14] SYSTEM telemetry.timing
[04:42:14] TIMING turn=9 speaker=Agent A generation=24.893842 synthesis=0.537579 audio=5.923 recognition=0.014761 understanding=None dialogue_management=None pipeline_wall=0.552796 turn_observed=30.816842
[04:42:14] MEMORY turn=9 reason=agent_a_reply changed=Agent A,Agent B
[04:42:14] STEP turn=None speaker=Agent A route_valid=- route_goal=- route=-
[04:49:02] PHASE turn=10 speaker=Agent B phase=NLG duration_sec=406.90085315704346
[04:49:02] PHASE turn=10 speaker=Agent B phase=TTS duration_sec=1.023779
[04:49:02] PHASE turn=10 speaker=Agent B phase=ASR duration_sec=0.021474
[04:49:02] SYSTEM telemetry.speech
[04:49:02] SYSTEM telemetry.timing
[04:49:02] MEMORY turn=10 reason=agent_b_reply changed=Agent A,Agent B
[04:49:02] STEP turn=None speaker=Agent B route_valid=- route_goal=- route=-
[04:49:02] PHASE turn=10 speaker=Agent B phase=NLU duration_sec=0.00096
[04:49:02] SYSTEM telemetry.nlu
[04:49:02] SYSTEM warning
[04:49:02] SYSTEM candidate
[04:49:02] PHASE turn=10 speaker=Agent B phase=DM duration_sec=0.003985131857916713
[04:49:02] TIMING turn=10 speaker=Agent B generation=406.900853 synthesis=1.023779 audio=10.666 recognition=0.021474 understanding=0.00096 dialogue_management=0.003985 pipeline_wall=1.045704 turn_observed=417.571798
[04:49:29] PHASE turn=11 speaker=Agent A phase=NLG duration_sec=26.041528701782227
[04:49:29] PHASE turn=11 speaker=Agent A phase=TTS duration_sec=0.505659
[04:49:29] PHASE turn=11 speaker=Agent A phase=ASR duration_sec=0.016636
[04:49:29] SYSTEM telemetry.speech
[04:49:29] SYSTEM telemetry.timing
[04:49:29] TIMING turn=11 speaker=Agent A generation=26.041529 synthesis=0.505659 audio=5.742 recognition=0.016636 understanding=None dialogue_management=None pipeline_wall=0.522692 turn_observed=31.783529
[04:49:29] MEMORY turn=11 reason=agent_a_reply changed=Agent A,Agent B
[04:49:29] STEP turn=None speaker=Agent A route_valid=- route_goal=- route=-
[04:56:13] PHASE turn=12 speaker=Agent B phase=NLG duration_sec=402.5200023651123
[04:56:13] PHASE turn=12 speaker=Agent B phase=TTS duration_sec=1.193398
[04:56:13] PHASE turn=12 speaker=Agent B phase=ASR duration_sec=0.027392
[04:56:13] SYSTEM telemetry.speech
[04:56:13] SYSTEM telemetry.timing
[04:56:13] MEMORY turn=12 reason=agent_b_reply changed=Agent A,Agent B
[04:56:13] STEP turn=None speaker=Agent B route_valid=- route_goal=- route=-
[04:56:13] PHASE turn=12 speaker=Agent B phase=NLU duration_sec=0.001581
[04:56:13] SYSTEM telemetry.nlu
[04:56:13] SYSTEM candidate
[04:56:13] PHASE turn=12 speaker=Agent B phase=DM duration_sec=0.008272612933069468
[04:56:13] TIMING turn=12 speaker=Agent B generation=402.520002 synthesis=1.193398 audio=11.081 recognition=0.027392 understanding=0.001581 dialogue_management=0.008273 pipeline_wall=1.221304 turn_observed=413.610856
[04:56:42] PHASE turn=13 speaker=Agent A phase=NLG duration_sec=28.687703609466553
[04:56:42] PHASE turn=13 speaker=Agent A phase=TTS duration_sec=0.494215
[04:56:42] PHASE turn=13 speaker=Agent A phase=ASR duration_sec=0.014244
[04:56:42] SYSTEM telemetry.speech
[04:56:42] SYSTEM telemetry.timing
[04:56:42] TIMING turn=13 speaker=Agent A generation=28.687704 synthesis=0.494215 audio=5.281 recognition=0.014244 understanding=None dialogue_management=None pipeline_wall=0.508899 turn_observed=33.968704
[04:56:42] MEMORY turn=13 reason=agent_a_reply changed=Agent A,Agent B
[04:56:42] STEP turn=None speaker=Agent A route_valid=- route_goal=- route=-
[04:56:42] SYSTEM metrics
[04:56:42] SYSTEM done
[04:56:42] SEGMENT batch.condition.end status=ok duration=2269.633149 seconds
[04:56:42] SESSION END batch-C-MPCC-DST-HESIT-PIP-VOS-QQ57I-DEFAU-LRG-I0-6542750cb9-T
