=== batch-c-mt-dst-hesit-pip-vos-qq57i-defau-lrg-i0-c91c2746d2-t-20260713-050236.log | sha256=eb5e825f9b6767a3bac8654352900d35a339e3c103d7fed6c5a334b269bb7222 ===
[05:02:36] SESSION START batch-C-MT-DST-HESIT-PIP-VOS-QQ57I-DEFAU-LRG-I0-c91c2746d2-T
[05:02:36] SEGMENT batch.condition.start status=ok duration=None seconds
[05:02:36] SYSTEM timer.start
[05:02:37] PHASE turn=1 speaker=Agent A phase=NLG duration_sec=0.0
[05:02:37] PHASE turn=1 speaker=Agent A phase=TTS duration_sec=0.922888
[05:02:37] PHASE turn=1 speaker=Agent A phase=ASR duration_sec=0.04214
[05:02:37] SYSTEM telemetry.speech
[05:02:37] MEMORY turn=1 reason=opening changed=Agent A,Agent B
[05:02:37] STEP turn=None speaker=Agent A route_valid=- route_goal=- route=-
[05:02:37] SYSTEM telemetry.timing
[05:02:37] TIMING turn=1 speaker=Agent A generation=0.0 synthesis=0.922888 audio=11.467 recognition=0.04214 understanding=None dialogue_management=None pipeline_wall=0.966258 turn_observed=11.467
[05:04:42] PHASE turn=2 speaker=Agent B phase=NLG duration_sec=123.30801939964294
[05:04:42] PHASE turn=2 speaker=Agent B phase=TTS duration_sec=1.427776
[05:04:42] PHASE turn=2 speaker=Agent B phase=ASR duration_sec=0.030423
[05:04:42] SYSTEM telemetry.speech
[05:04:42] SYSTEM telemetry.timing
[05:04:42] MEMORY turn=2 reason=agent_b_reply changed=Agent A,Agent B
[05:04:42] STEP turn=None speaker=Agent B route_valid=- route_goal=- route=-
[05:04:42] PHASE turn=2 speaker=Agent B phase=NLU duration_sec=0.003392
[05:04:42] SYSTEM telemetry.nlu
[05:04:42] SYSTEM route
[05:04:42] SYSTEM candidate
[05:04:42] PHASE turn=2 speaker=Agent B phase=DM duration_sec=0.0059279268607497215
[05:04:42] TIMING turn=2 speaker=Agent B generation=123.308019 synthesis=1.427776 audio=9.134 recognition=0.030423 understanding=0.003392 dialogue_management=0.005928 pipeline_wall=1.458667 turn_observed=132.451339
[05:05:36] PHASE turn=3 speaker=Agent A phase=NLG duration_sec=52.2040057182312
[05:05:36] PHASE turn=3 speaker=Agent A phase=TTS duration_sec=1.268669
[05:05:36] PHASE turn=3 speaker=Agent A phase=ASR duration_sec=0.030548
[05:05:36] SYSTEM telemetry.speech
[05:05:36] SYSTEM telemetry.timing
[05:05:36] TIMING turn=3 speaker=Agent A generation=52.204006 synthesis=1.268669 audio=6.879 recognition=0.030548 understanding=None dialogue_management=None pipeline_wall=1.300255 turn_observed=59.083006
[05:05:36] MEMORY turn=3 reason=agent_a_reply changed=Agent A,Agent B
[05:05:36] STEP turn=None speaker=Agent A route_valid=- route_goal=- route=-
[05:07:58] PHASE turn=4 speaker=Agent B phase=NLG duration_sec=140.9529778957367
[05:07:58] PHASE turn=4 speaker=Agent B phase=TTS duration_sec=1.747546
[05:07:58] PHASE turn=4 speaker=Agent B phase=ASR duration_sec=0.0357
[05:07:58] SYSTEM telemetry.speech
[05:07:58] SYSTEM telemetry.timing
[05:07:58] MEMORY turn=4 reason=agent_b_reply changed=Agent A,Agent B
[05:07:58] STEP turn=None speaker=Agent B route_valid=- route_goal=- route=-
[05:07:58] PHASE turn=4 speaker=Agent B phase=NLU duration_sec=0.015064
[05:07:58] SYSTEM telemetry.nlu
[05:07:58] SYSTEM candidate
[05:07:58] PHASE turn=4 speaker=Agent B phase=DM duration_sec=0.00491558900102973
[05:07:58] TIMING turn=4 speaker=Agent B generation=140.952978 synthesis=1.747546 audio=9.512 recognition=0.0357 understanding=0.015064 dialogue_management=0.004916 pipeline_wall=1.783841 turn_observed=150.484958
[05:08:55] PHASE turn=5 speaker=Agent A phase=NLG duration_sec=55.64997220039368
[05:08:55] PHASE turn=5 speaker=Agent A phase=TTS duration_sec=0.930986
[05:08:55] PHASE turn=5 speaker=Agent A phase=ASR duration_sec=0.027191
[05:08:55] SYSTEM telemetry.speech
[05:08:55] SYSTEM telemetry.timing
[05:08:55] TIMING turn=5 speaker=Agent A generation=55.649972 synthesis=0.930986 audio=5.355 recognition=0.027191 understanding=None dialogue_management=None pipeline_wall=0.958703 turn_observed=61.004972
[05:08:55] MEMORY turn=5 reason=agent_a_reply changed=Agent A,Agent B
[05:08:55] STEP turn=None speaker=Agent A route_valid=- route_goal=- route=-
[05:11:24] PHASE turn=6 speaker=Agent B phase=NLG duration_sec=147.1960906982422
[05:11:24] PHASE turn=6 speaker=Agent B phase=TTS duration_sec=1.286636
[05:11:24] PHASE turn=6 speaker=Agent B phase=ASR duration_sec=0.030201
[05:11:24] SYSTEM telemetry.speech
[05:11:24] SYSTEM telemetry.timing
[05:11:24] MEMORY turn=6 reason=agent_b_reply changed=Agent A,Agent B
[05:11:24] STEP turn=None speaker=Agent B route_valid=- route_goal=- route=-
[05:11:24] PHASE turn=6 speaker=Agent B phase=NLU duration_sec=0.011203
[05:11:24] SYSTEM telemetry.nlu
[05:11:24] SYSTEM warning
[05:11:24] SYSTEM candidate
[05:11:24] PHASE turn=6 speaker=Agent B phase=DM duration_sec=0.0024177320301532745
[05:11:24] TIMING turn=6 speaker=Agent B generation=147.196091 synthesis=1.286636 audio=8.204 recognition=0.030201 understanding=0.011203 dialogue_management=0.002418 pipeline_wall=1.31734 turn_observed=155.413711
[05:12:19] PHASE turn=7 speaker=Agent A phase=NLG duration_sec=54.069366455078125
[05:12:19] PHASE turn=7 speaker=Agent A phase=TTS duration_sec=1.023782
[05:12:19] PHASE turn=7 speaker=Agent A phase=ASR duration_sec=0.020829
[05:12:19] SYSTEM telemetry.speech
[05:12:19] SYSTEM telemetry.timing
[05:12:19] TIMING turn=7 speaker=Agent A generation=54.069366 synthesis=1.023782 audio=6.492 recognition=0.020829 understanding=None dialogue_management=None pipeline_wall=1.045082 turn_observed=60.561366
[05:12:19] MEMORY turn=7 reason=agent_a_reply changed=Agent A,Agent B
[05:12:19] STEP turn=None speaker=Agent A route_valid=- route_goal=- route=-
[05:14:48] PHASE turn=8 speaker=Agent B phase=NLG duration_sec=147.5613293647766
[05:14:48] PHASE turn=8 speaker=Agent B phase=TTS duration_sec=2.005713
[05:14:48] PHASE turn=8 speaker=Agent B phase=ASR duration_sec=0.038193
[05:14:48] SYSTEM telemetry.speech
[05:14:48] SYSTEM telemetry.timing
[05:14:48] MEMORY turn=8 reason=agent_b_reply changed=Agent A,Agent B
[05:14:48] STEP turn=None speaker=Agent B route_valid=- route_goal=- route=-
[05:14:48] PHASE turn=8 speaker=Agent B phase=NLU duration_sec=0.013999
[05:14:48] SYSTEM telemetry.nlu
[05:14:48] SYSTEM warning
[05:14:48] SYSTEM candidate
[05:14:48] PHASE turn=8 speaker=Agent B phase=DM duration_sec=0.003550007939338684
[05:14:48] TIMING turn=8 speaker=Agent B generation=147.561329 synthesis=2.005713 audio=10.999 recognition=0.038193 understanding=0.013999 dialogue_management=0.00355 pipeline_wall=2.04456 turn_observed=158.577879
[05:15:54] PHASE turn=9 speaker=Agent A phase=NLG duration_sec=62.985387325286865
[05:15:54] PHASE turn=9 speaker=Agent A phase=TTS duration_sec=2.328744
[05:15:54] PHASE turn=9 speaker=Agent A phase=ASR duration_sec=0.291899
[05:15:54] SYSTEM telemetry.speech
[05:15:54] SYSTEM telemetry.timing
[05:15:54] TIMING turn=9 speaker=Agent A generation=62.985387 synthesis=2.328744 audio=7.785 recognition=0.291899 understanding=None dialogue_management=None pipeline_wall=2.62144 turn_observed=70.770387
[05:15:54] MEMORY turn=9 reason=agent_a_reply changed=Agent A,Agent B
[05:15:54] STEP turn=None speaker=Agent A route_valid=- route_goal=- route=-
[05:15:54] SYSTEM metrics
[05:15:54] SYSTEM done
[05:15:54] SEGMENT batch.condition.end status=ok duration=797.893953 seconds
[05:15:54] SESSION END batch-C-MT-DST-HESIT-PIP-VOS-QQ57I-DEFAU-LRG-I0-c91c2746d2-T
