=== batch-c-mpcc-fc-clean-pip-vos-q05-defau-sml-i0-f23f563228-a-20260714-065709.log | sha256=03f265e40af16076b39f32a8c8b16de0f8fd0c6943e1be1527ddf398a83b7473 ===
[06:57:09] SESSION START batch-C-MPCC-FC-CLEAN-PIP-VOS-Q05-DEFAU-SML-I0-f23f563228-A
[06:57:09] SEGMENT batch.condition.start status=ok duration=None seconds
[06:57:09] SYSTEM timer.start
[06:57:24] PHASE turn=1 speaker=Agent A phase=NLG duration_sec=0.0
[06:57:24] PHASE turn=1 speaker=Agent A phase=TTS duration_sec=12.659027
[06:57:24] PHASE turn=1 speaker=Agent A phase=ASR duration_sec=1.821426
[06:57:24] SYSTEM telemetry.speech
[06:57:24] MEMORY turn=1 reason=opening changed=Agent A,Agent B
[06:57:24] STEP turn=None speaker=Agent A route_valid=- route_goal=- route=-
[06:57:24] SYSTEM telemetry.timing
[06:57:24] TIMING turn=1 speaker=Agent A generation=0.0 synthesis=12.659027 audio=11.463 recognition=1.821426 understanding=None dialogue_management=None pipeline_wall=14.481793 turn_observed=14.481893
[06:57:58] PHASE turn=2 speaker=Agent B phase=NLG duration_sec=24.988874912261963
[06:57:58] PHASE turn=2 speaker=Agent B phase=TTS duration_sec=8.385724
[06:57:58] PHASE turn=2 speaker=Agent B phase=ASR duration_sec=1.106535
[06:57:58] SYSTEM telemetry.speech
[06:57:58] SYSTEM telemetry.timing
[06:57:58] MEMORY turn=2 reason=agent_b_reply changed=Agent A,Agent B
[06:57:58] STEP turn=None speaker=Agent B route_valid=- route_goal=- route=-
[06:57:58] PHASE turn=2 speaker=Agent B phase=NLU duration_sec=0.001458
[06:57:58] SYSTEM telemetry.nlu
[06:57:58] SYSTEM route
[06:57:58] SYSTEM candidate
[06:57:58] PHASE turn=2 speaker=Agent B phase=DM duration_sec=0.0031492430716753006
[06:57:58] TIMING turn=2 speaker=Agent B generation=24.988875 synthesis=8.385724 audio=9.03 recognition=1.106535 understanding=0.001458 dialogue_management=0.003149 pipeline_wall=9.492761 turn_observed=34.486345
[06:58:27] PHASE turn=3 speaker=Agent A phase=NLG duration_sec=21.9201922416687
[06:58:27] PHASE turn=3 speaker=Agent A phase=TTS duration_sec=5.761624
[06:58:27] PHASE turn=3 speaker=Agent A phase=ASR duration_sec=0.93668
[06:58:27] SYSTEM telemetry.speech
[06:58:27] SYSTEM telemetry.timing
[06:58:27] TIMING turn=3 speaker=Agent A generation=21.920192 synthesis=5.761624 audio=6.597 recognition=0.93668 understanding=None dialogue_management=None pipeline_wall=6.698769 turn_observed=28.619062
[06:58:27] MEMORY turn=3 reason=agent_a_reply changed=Agent A,Agent B
[06:58:27] STEP turn=None speaker=Agent A route_valid=- route_goal=- route=-
[06:59:02] PHASE turn=4 speaker=Agent B phase=NLG duration_sec=21.579465627670288
[06:59:02] PHASE turn=4 speaker=Agent B phase=TTS duration_sec=11.678264
[06:59:02] PHASE turn=4 speaker=Agent B phase=ASR duration_sec=1.531046
[06:59:02] SYSTEM telemetry.speech
[06:59:02] SYSTEM telemetry.timing
[06:59:02] MEMORY turn=4 reason=agent_b_reply changed=Agent A,Agent B
[06:59:02] STEP turn=None speaker=Agent B route_valid=- route_goal=- route=-
[06:59:02] PHASE turn=4 speaker=Agent B phase=NLU duration_sec=0.007404
[06:59:02] SYSTEM telemetry.nlu
[06:59:02] SYSTEM candidate
[06:59:02] PHASE turn=4 speaker=Agent B phase=DM duration_sec=0.002675035037100315
[06:59:02] TIMING turn=4 speaker=Agent B generation=21.579466 synthesis=11.678264 audio=14.461 recognition=1.531046 understanding=0.007404 dialogue_management=0.002675 pipeline_wall=13.209916 turn_observed=36.050545
[06:59:07] PHASE turn=5 speaker=Agent A phase=NLG duration_sec=0.0016710758209228516
[06:59:07] PHASE turn=5 speaker=Agent A phase=TTS duration_sec=4.242189
[06:59:07] PHASE turn=5 speaker=Agent A phase=ASR duration_sec=0.937877
[06:59:07] SYSTEM telemetry.speech
[06:59:07] SYSTEM telemetry.timing
[06:59:07] TIMING turn=5 speaker=Agent A generation=0.001671 synthesis=4.242189 audio=4.324 recognition=0.937877 understanding=None dialogue_management=None pipeline_wall=5.180426 turn_observed=5.182178
[06:59:07] MEMORY turn=5 reason=agent_a_reply changed=Agent A,Agent B
[06:59:07] STEP turn=None speaker=Agent A route_valid=- route_goal=- route=-
[06:59:09] PHASE turn=6 speaker=Agent B phase=NLG duration_sec=0.20640230178833008
[06:59:09] PHASE turn=6 speaker=Agent B phase=TTS duration_sec=1.995372
[06:59:09] PHASE turn=6 speaker=Agent B phase=ASR duration_sec=0.546284
[06:59:09] SYSTEM telemetry.speech
[06:59:09] SYSTEM telemetry.timing
[06:59:09] MEMORY turn=6 reason=agent_b_reply changed=Agent A,Agent B
[06:59:09] STEP turn=None speaker=Agent B route_valid=- route_goal=- route=-
[06:59:09] PHASE turn=6 speaker=Agent B phase=NLU duration_sec=6e-06
[06:59:09] PHASE turn=6 speaker=Agent B phase=DM duration_sec=7.625995203852654e-05
[06:59:09] TIMING turn=6 speaker=Agent B generation=0.206402 synthesis=1.995372 audio=1.654 recognition=0.546284 understanding=6e-06 dialogue_management=7.6e-05 pipeline_wall=2.541967 turn_observed=2.748508
[06:59:43] PHASE turn=7 speaker=Agent A phase=NLG duration_sec=24.277740240097046
[06:59:43] PHASE turn=7 speaker=Agent A phase=TTS duration_sec=7.576941
[06:59:43] PHASE turn=7 speaker=Agent A phase=ASR duration_sec=1.338735
[06:59:43] SYSTEM telemetry.speech
[06:59:43] SYSTEM telemetry.timing
[06:59:43] TIMING turn=7 speaker=Agent A generation=24.27774 synthesis=7.576941 audio=10.019 recognition=1.338735 understanding=None dialogue_management=None pipeline_wall=8.916085 turn_observed=34.29674
[06:59:43] MEMORY turn=7 reason=agent_a_reply changed=Agent A,Agent B
[06:59:43] STEP turn=None speaker=Agent A route_valid=- route_goal=- route=-
[07:00:20] PHASE turn=8 speaker=Agent B phase=NLG duration_sec=29.285589933395386
[07:00:20] PHASE turn=8 speaker=Agent B phase=TTS duration_sec=6.923983
[07:00:20] PHASE turn=8 speaker=Agent B phase=ASR duration_sec=1.498209
[07:00:20] SYSTEM telemetry.speech
[07:00:20] SYSTEM telemetry.timing
[07:00:20] MEMORY turn=8 reason=agent_b_reply changed=Agent A,Agent B
[07:00:20] STEP turn=None speaker=Agent B route_valid=- route_goal=- route=-
[07:00:20] PHASE turn=8 speaker=Agent B phase=NLU duration_sec=0.006788
[07:00:20] SYSTEM telemetry.nlu
[07:00:20] SYSTEM candidate
[07:00:20] PHASE turn=8 speaker=Agent B phase=DM duration_sec=0.00485327304340899
[07:00:20] TIMING turn=8 speaker=Agent B generation=29.28559 synthesis=6.923983 audio=11.925 recognition=1.498209 understanding=0.006788 dialogue_management=0.004853 pipeline_wall=8.422707 turn_observed=41.222232
[07:00:55] PHASE turn=9 speaker=Agent A phase=NLG duration_sec=27.398990631103516
[07:00:55] PHASE turn=9 speaker=Agent A phase=TTS duration_sec=6.135457
[07:00:55] PHASE turn=9 speaker=Agent A phase=ASR duration_sec=1.236423
[07:00:55] SYSTEM telemetry.speech
[07:00:55] SYSTEM telemetry.timing
[07:00:55] TIMING turn=9 speaker=Agent A generation=27.398991 synthesis=6.135457 audio=8.415 recognition=1.236423 understanding=None dialogue_management=None pipeline_wall=7.37236 turn_observed=35.813991
[07:00:55] MEMORY turn=9 reason=agent_a_reply changed=Agent A,Agent B
[07:00:55] STEP turn=None speaker=Agent A route_valid=- route_goal=- route=-
[07:01:31] PHASE turn=10 speaker=Agent B phase=NLG duration_sec=26.124234199523926
[07:01:31] PHASE turn=10 speaker=Agent B phase=TTS duration_sec=8.643466
[07:01:31] PHASE turn=10 speaker=Agent B phase=ASR duration_sec=1.205336
[07:01:31] SYSTEM telemetry.speech
[07:01:31] SYSTEM telemetry.timing
[07:01:31] MEMORY turn=10 reason=agent_b_reply changed=Agent A,Agent B
[07:01:31] STEP turn=None speaker=Agent B route_valid=- route_goal=- route=-
[07:01:31] PHASE turn=10 speaker=Agent B phase=NLU duration_sec=0.001576
[07:01:31] SYSTEM telemetry.nlu
[07:01:31] SYSTEM warning
[07:01:31] SYSTEM candidate
[07:01:31] PHASE turn=10 speaker=Agent B phase=DM duration_sec=0.00184987997636199
[07:01:31] TIMING turn=10 speaker=Agent B generation=26.124234 synthesis=8.643466 audio=9.03 recognition=1.205336 understanding=0.001576 dialogue_management=0.00185 pipeline_wall=9.84924 turn_observed=35.976982
[07:01:36] PHASE turn=11 speaker=Agent A phase=NLG duration_sec=0.005080223083496094
[07:01:36] PHASE turn=11 speaker=Agent A phase=TTS duration_sec=4.305325
[07:01:36] PHASE turn=11 speaker=Agent A phase=ASR duration_sec=0.822778
[07:01:36] SYSTEM telemetry.speech
[07:01:36] SYSTEM telemetry.timing
[07:01:36] TIMING turn=11 speaker=Agent A generation=0.00508 synthesis=4.305325 audio=3.87 recognition=0.822778 understanding=None dialogue_management=None pipeline_wall=5.128443 turn_observed=5.133578
[07:01:36] MEMORY turn=11 reason=agent_a_reply changed=Agent A,Agent B
[07:01:36] STEP turn=None speaker=Agent A route_valid=- route_goal=- route=-
[07:01:40] PHASE turn=12 speaker=Agent B phase=NLG duration_sec=0.0007021427154541016
[07:01:40] PHASE turn=12 speaker=Agent B phase=TTS duration_sec=2.558673
[07:01:40] PHASE turn=12 speaker=Agent B phase=ASR duration_sec=0.649027
[07:01:40] SYSTEM telemetry.speech
[07:01:40] SYSTEM telemetry.timing
[07:01:40] MEMORY turn=12 reason=agent_b_reply changed=Agent A,Agent B
[07:01:40] STEP turn=None speaker=Agent B route_valid=- route_goal=- route=-
[07:01:40] PHASE turn=12 speaker=Agent B phase=NLU duration_sec=9e-06
[07:01:40] PHASE turn=12 speaker=Agent B phase=DM duration_sec=9.941891767084599e-05
[07:01:40] TIMING turn=12 speaker=Agent B generation=0.000702 synthesis=2.558673 audio=2.276 recognition=0.649027 understanding=9e-06 dialogue_management=9.9e-05 pipeline_wall=3.20803 turn_observed=3.208904
[07:02:16] PHASE turn=13 speaker=Agent A phase=NLG duration_sec=26.35043454170227
[07:02:16] PHASE turn=13 speaker=Agent A phase=TTS duration_sec=8.361901
[07:02:16] PHASE turn=13 speaker=Agent A phase=ASR duration_sec=1.280646
[07:02:16] SYSTEM telemetry.speech
[07:02:16] SYSTEM telemetry.timing
[07:02:16] TIMING turn=13 speaker=Agent A generation=26.350435 synthesis=8.361901 audio=9.452 recognition=1.280646 understanding=None dialogue_management=None pipeline_wall=9.642972 turn_observed=35.993462
[07:02:16] MEMORY turn=13 reason=agent_a_reply changed=Agent A,Agent B
[07:02:16] STEP turn=None speaker=Agent A route_valid=- route_goal=- route=-
[07:02:16] SYSTEM metrics
[07:02:16] SYSTEM done
[07:02:16] SEGMENT batch.condition.end status=ok duration=306.519984 seconds
[07:02:16] SESSION END batch-C-MPCC-FC-CLEAN-PIP-VOS-Q05-DEFAU-SML-I0-f23f563228-A
