=== batch-c-cee-mser-sc-pip-fwh-qq515-pss-med-i0-4f8e536fe7-a-20260713-070916.log | sha256=e061b115dbc647d49a137d9d71e43bbb15917a1d99a6b992572dd0aa93925fbd ===
[07:09:16] SESSION START batch-C-CEE-MSER-SC-PIP-FWH-QQ515-PSS-MED-I0-4f8e536fe7-A
[07:09:16] SEGMENT batch.condition.start status=ok duration=None seconds
[07:09:16] SYSTEM timer.start
[07:09:29] PHASE turn=1 speaker=Agent A phase=NLG duration_sec=0.0
[07:09:29] PHASE turn=1 speaker=Agent A phase=TTS duration_sec=4.159895
[07:09:29] PHASE turn=1 speaker=Agent A phase=ASR duration_sec=6.138814
[07:09:29] SYSTEM telemetry.speech
[07:09:29] MEMORY turn=1 reason=opening changed=Agent A,Agent B
[07:09:29] STEP turn=None speaker=Agent A route_valid=- route_goal=- route=-
[07:09:29] SYSTEM telemetry.timing
[07:09:29] TIMING turn=1 speaker=Agent A generation=0.0 synthesis=4.159895 audio=10.0 recognition=6.138814 understanding=None dialogue_management=None pipeline_wall=13.487175 turn_observed=13.487256
[07:10:04] PHASE turn=2 speaker=Agent B phase=NLG duration_sec=27.533588886260986
[07:10:04] PHASE turn=2 speaker=Agent B phase=TTS duration_sec=1.384665
[07:10:04] PHASE turn=2 speaker=Agent B phase=ASR duration_sec=2.858001
[07:10:04] SYSTEM telemetry.speech
[07:10:04] SYSTEM telemetry.timing
[07:10:04] MEMORY turn=2 reason=agent_b_reply changed=Agent A,Agent B
[07:10:04] STEP turn=None speaker=Agent B route_valid=- route_goal=- route=-
[07:10:04] PHASE turn=2 speaker=Agent B phase=NLU duration_sec=0.007894
[07:10:04] SYSTEM telemetry.nlu
[07:10:04] SYSTEM route
[07:10:04] SYSTEM candidate
[07:10:04] PHASE turn=2 speaker=Agent B phase=DM duration_sec=0.0040818939451128244
[07:10:04] TIMING turn=2 speaker=Agent B generation=27.533589 synthesis=1.384665 audio=7.334 recognition=2.858001 understanding=0.007894 dialogue_management=0.004082 pipeline_wall=7.410444 turn_observed=34.956079
[07:10:53] PHASE turn=3 speaker=Agent A phase=NLG duration_sec=43.684712171554565
[07:10:53] PHASE turn=3 speaker=Agent A phase=TTS duration_sec=0.921985
[07:10:53] PHASE turn=3 speaker=Agent A phase=ASR duration_sec=2.555078
[07:10:53] SYSTEM telemetry.speech
[07:10:53] SYSTEM telemetry.timing
[07:10:53] TIMING turn=3 speaker=Agent A generation=43.684712 synthesis=0.921985 audio=5.444 recognition=2.555078 understanding=None dialogue_management=None pipeline_wall=5.115777 turn_observed=49.128712
[07:10:53] MEMORY turn=3 reason=agent_a_reply changed=Agent A,Agent B
[07:10:53] STEP turn=None speaker=Agent A route_valid=- route_goal=- route=-
[07:11:26] PHASE turn=4 speaker=Agent B phase=NLG duration_sec=23.588654279708862
[07:11:26] PHASE turn=4 speaker=Agent B phase=TTS duration_sec=1.873866
[07:11:26] PHASE turn=4 speaker=Agent B phase=ASR duration_sec=3.144433
[07:11:26] SYSTEM telemetry.speech
[07:11:26] SYSTEM telemetry.timing
[07:11:27] MEMORY turn=4 reason=agent_b_reply changed=Agent A,Agent B
[07:11:27] STEP turn=None speaker=Agent B route_valid=- route_goal=- route=-
[07:11:27] PHASE turn=4 speaker=Agent B phase=NLU duration_sec=0.008542
[07:11:27] SYSTEM telemetry.nlu
[07:11:27] SYSTEM candidate
[07:11:27] PHASE turn=4 speaker=Agent B phase=DM duration_sec=0.004721625009551644
[07:11:27] TIMING turn=4 speaker=Agent B generation=23.588654 synthesis=1.873866 audio=10.0 recognition=3.144433 understanding=0.008542 dialogue_management=0.004722 pipeline_wall=9.815558 turn_observed=33.601918
[07:12:19] PHASE turn=5 speaker=Agent A phase=NLG duration_sec=46.576107025146484
[07:12:19] PHASE turn=5 speaker=Agent A phase=TTS duration_sec=1.135842
[07:12:19] PHASE turn=5 speaker=Agent A phase=ASR duration_sec=2.566291
[07:12:19] SYSTEM telemetry.speech
[07:12:19] SYSTEM telemetry.timing
[07:12:19] TIMING turn=5 speaker=Agent A generation=46.576107 synthesis=1.135842 audio=6.092 recognition=2.566291 understanding=None dialogue_management=None pipeline_wall=5.538972 turn_observed=52.668107
[07:12:19] MEMORY turn=5 reason=agent_a_reply changed=Agent A,Agent B
[07:12:19] STEP turn=None speaker=Agent A route_valid=- route_goal=- route=-
[07:12:55] PHASE turn=6 speaker=Agent B phase=NLG duration_sec=26.52205753326416
[07:12:55] PHASE turn=6 speaker=Agent B phase=TTS duration_sec=2.142347
[07:12:55] PHASE turn=6 speaker=Agent B phase=ASR duration_sec=3.187562
[07:12:55] SYSTEM telemetry.speech
[07:12:55] SYSTEM telemetry.timing
[07:12:55] MEMORY turn=6 reason=agent_b_reply changed=Agent A,Agent B
[07:12:55] STEP turn=None speaker=Agent B route_valid=- route_goal=- route=-
[07:12:55] PHASE turn=6 speaker=Agent B phase=NLU duration_sec=0.008126
[07:12:55] SYSTEM telemetry.nlu
[07:12:55] SYSTEM candidate
[07:12:55] PHASE turn=6 speaker=Agent B phase=DM duration_sec=0.006814013002440333
[07:12:55] TIMING turn=6 speaker=Agent B generation=26.522058 synthesis=2.142347 audio=10.0 recognition=3.187562 understanding=0.008126 dialogue_management=0.006814 pipeline_wall=10.051977 turn_observed=36.589067
[07:13:52] PHASE turn=7 speaker=Agent A phase=NLG duration_sec=50.418179750442505
[07:13:52] PHASE turn=7 speaker=Agent A phase=TTS duration_sec=1.02003
[07:13:52] PHASE turn=7 speaker=Agent A phase=ASR duration_sec=2.600596
[07:13:52] SYSTEM telemetry.speech
[07:13:52] SYSTEM telemetry.timing
[07:13:52] TIMING turn=7 speaker=Agent A generation=50.41818 synthesis=1.02003 audio=7.758 recognition=2.600596 understanding=None dialogue_management=None pipeline_wall=6.112839 turn_observed=58.17618
[07:13:52] MEMORY turn=7 reason=agent_a_reply changed=Agent A,Agent B
[07:13:52] STEP turn=None speaker=Agent A route_valid=- route_goal=- route=-
[07:14:28] PHASE turn=8 speaker=Agent B phase=NLG duration_sec=28.46607995033264
[07:14:28] PHASE turn=8 speaker=Agent B phase=TTS duration_sec=1.647027
[07:14:28] PHASE turn=8 speaker=Agent B phase=ASR duration_sec=2.782793
[07:14:28] SYSTEM telemetry.speech
[07:14:28] SYSTEM telemetry.timing
[07:14:28] MEMORY turn=8 reason=agent_b_reply changed=Agent A,Agent B
[07:14:28] STEP turn=None speaker=Agent B route_valid=- route_goal=- route=-
[07:14:28] PHASE turn=8 speaker=Agent B phase=NLU duration_sec=0.00677
[07:14:28] SYSTEM telemetry.nlu
[07:14:28] SYSTEM candidate
[07:14:28] PHASE turn=8 speaker=Agent B phase=DM duration_sec=0.008437816053628922
[07:14:28] TIMING turn=8 speaker=Agent B generation=28.46608 synthesis=1.647027 audio=7.627 recognition=2.782793 understanding=0.00677 dialogue_management=0.008438 pipeline_wall=7.512686 turn_observed=36.108288
[07:14:34] PHASE turn=9 speaker=Agent A phase=NLG duration_sec=0.013712406158447266
[07:14:34] PHASE turn=9 speaker=Agent A phase=TTS duration_sec=1.39248
[07:14:34] PHASE turn=9 speaker=Agent A phase=ASR duration_sec=2.57062
[07:14:34] SYSTEM telemetry.speech
[07:14:34] SYSTEM telemetry.timing
[07:14:34] TIMING turn=9 speaker=Agent A generation=0.013712 synthesis=1.39248 audio=6.092 recognition=2.57062 understanding=None dialogue_management=None pipeline_wall=5.835249 turn_observed=6.105712
[07:14:34] MEMORY turn=9 reason=agent_a_reply changed=Agent A,Agent B
[07:14:34] STEP turn=None speaker=Agent A route_valid=- route_goal=- route=-
[07:15:12] PHASE turn=10 speaker=Agent B phase=NLG duration_sec=29.569767475128174
[07:15:12] PHASE turn=10 speaker=Agent B phase=TTS duration_sec=1.790187
[07:15:12] PHASE turn=10 speaker=Agent B phase=ASR duration_sec=2.921388
[07:15:12] SYSTEM telemetry.speech
[07:15:12] SYSTEM telemetry.timing
[07:15:12] MEMORY turn=10 reason=agent_b_reply changed=Agent A,Agent B
[07:15:12] STEP turn=None speaker=Agent B route_valid=- route_goal=- route=-
[07:15:12] PHASE turn=10 speaker=Agent B phase=NLU duration_sec=0.012248
[07:15:12] SYSTEM telemetry.nlu
[07:15:12] SYSTEM candidate
[07:15:12] PHASE turn=10 speaker=Agent B phase=DM duration_sec=0.007048262050375342
[07:15:12] TIMING turn=10 speaker=Agent B generation=29.569767 synthesis=1.790187 audio=9.068 recognition=2.921388 understanding=0.012248 dialogue_management=0.007048 pipeline_wall=8.586014 turn_observed=38.657064
[07:15:18] PHASE turn=11 speaker=Agent A phase=NLG duration_sec=0.02528095245361328
[07:15:18] PHASE turn=11 speaker=Agent A phase=TTS duration_sec=1.407107
[07:15:18] PHASE turn=11 speaker=Agent A phase=ASR duration_sec=2.476109
[07:15:18] SYSTEM telemetry.speech
[07:15:18] SYSTEM telemetry.timing
[07:15:18] TIMING turn=11 speaker=Agent A generation=0.025281 synthesis=1.407107 audio=5.444 recognition=2.476109 understanding=None dialogue_management=None pipeline_wall=5.802968 turn_observed=5.82831
[07:15:18] MEMORY turn=11 reason=agent_a_reply changed=Agent B
[07:15:18] STEP turn=None speaker=Agent A route_valid=- route_goal=- route=-
[07:15:56] PHASE turn=12 speaker=Agent B phase=NLG duration_sec=29.944430828094482
[07:15:56] PHASE turn=12 speaker=Agent B phase=TTS duration_sec=1.814009
[07:15:56] PHASE turn=12 speaker=Agent B phase=ASR duration_sec=2.887686
[07:15:56] SYSTEM telemetry.speech
[07:15:56] SYSTEM telemetry.timing
[07:15:56] MEMORY turn=12 reason=agent_b_reply changed=Agent A,Agent B
[07:15:56] STEP turn=None speaker=Agent B route_valid=- route_goal=- route=-
[07:15:56] PHASE turn=12 speaker=Agent B phase=NLU duration_sec=0.004259
[07:15:56] SYSTEM telemetry.nlu
[07:15:56] SYSTEM warning
[07:15:56] SYSTEM candidate
[07:15:56] PHASE turn=12 speaker=Agent B phase=DM duration_sec=0.002247139113023877
[07:15:56] TIMING turn=12 speaker=Agent B generation=29.944431 synthesis=1.814009 audio=9.068 recognition=2.887686 understanding=0.004259 dialogue_management=0.002247 pipeline_wall=8.58878 turn_observed=39.018937
[07:16:58] PHASE turn=13 speaker=Agent A phase=NLG duration_sec=55.22669863700867
[07:16:58] PHASE turn=13 speaker=Agent A phase=TTS duration_sec=1.351891
[07:16:58] PHASE turn=13 speaker=Agent A phase=ASR duration_sec=2.578277
[07:16:58] SYSTEM telemetry.speech
[07:16:58] SYSTEM telemetry.timing
[07:16:58] TIMING turn=13 speaker=Agent A generation=55.226699 synthesis=1.351891 audio=7.14 recognition=2.578277 understanding=None dialogue_management=None pipeline_wall=6.386158 turn_observed=62.366699
[07:16:58] MEMORY turn=13 reason=agent_a_reply changed=Agent A,Agent B
[07:16:58] STEP turn=None speaker=Agent A route_valid=- route_goal=- route=-
[07:17:39] PHASE turn=14 speaker=Agent B phase=NLG duration_sec=30.533790111541748
[07:17:39] PHASE turn=14 speaker=Agent B phase=TTS duration_sec=1.948644
[07:17:39] PHASE turn=14 speaker=Agent B phase=ASR duration_sec=3.213544
[07:17:39] SYSTEM telemetry.speech
[07:17:39] SYSTEM telemetry.timing
[07:17:39] MEMORY turn=14 reason=agent_b_reply changed=Agent A,Agent B
[07:17:39] STEP turn=None speaker=Agent B route_valid=- route_goal=- route=-
[07:17:39] PHASE turn=14 speaker=Agent B phase=NLU duration_sec=0.010399
[07:17:39] SYSTEM telemetry.nlu
[07:17:39] SYSTEM candidate
[07:17:39] PHASE turn=14 speaker=Agent B phase=DM duration_sec=0.017310985131189227
[07:17:39] TIMING turn=14 speaker=Agent B generation=30.53379 synthesis=1.948644 audio=10.0 recognition=3.213544 understanding=0.010399 dialogue_management=0.017311 pipeline_wall=10.394959 turn_observed=40.956538
[07:18:42] PHASE turn=15 speaker=Agent A phase=NLG duration_sec=56.8898229598999
[07:18:42] PHASE turn=15 speaker=Agent A phase=TTS duration_sec=1.1194
[07:18:42] PHASE turn=15 speaker=Agent A phase=ASR duration_sec=2.700188
[07:18:42] SYSTEM telemetry.speech
[07:18:42] SYSTEM telemetry.timing
[07:18:42] TIMING turn=15 speaker=Agent A generation=56.889823 synthesis=1.1194 audio=7.695 recognition=2.700188 understanding=None dialogue_management=None pipeline_wall=6.51795 turn_observed=64.584823
[07:18:42] MEMORY turn=15 reason=agent_a_reply changed=Agent B
[07:18:42] STEP turn=None speaker=Agent A route_valid=- route_goal=- route=-
[07:19:21] PHASE turn=16 speaker=Agent B phase=NLG duration_sec=30.966988563537598
[07:19:21] PHASE turn=16 speaker=Agent B phase=TTS duration_sec=1.874478
[07:19:21] PHASE turn=16 speaker=Agent B phase=ASR duration_sec=2.78156
[07:19:21] SYSTEM telemetry.speech
[07:19:21] SYSTEM telemetry.timing
[07:19:21] MEMORY turn=16 reason=agent_b_reply changed=Agent A,Agent B
[07:19:21] STEP turn=None speaker=Agent B route_valid=- route_goal=- route=-
[07:19:21] PHASE turn=16 speaker=Agent B phase=NLU duration_sec=0.002807
[07:19:21] SYSTEM telemetry.nlu
[07:19:21] SYSTEM warning
[07:19:21] SYSTEM candidate
[07:19:21] PHASE turn=16 speaker=Agent B phase=DM duration_sec=0.002344704931601882
[07:19:21] TIMING turn=16 speaker=Agent B generation=30.966989 synthesis=1.874478 audio=7.532 recognition=2.78156 understanding=0.002807 dialogue_management=0.002345 pipeline_wall=7.557938 turn_observed=38.530186
[07:19:21] SYSTEM metrics
[07:19:21] SYSTEM done
[07:19:21] SEGMENT batch.condition.end status=ok duration=605.298503 seconds
[07:19:21] SESSION END batch-C-CEE-MSER-SC-PIP-FWH-QQ515-PSS-MED-I0-4f8e536fe7-A
