=== batch-c-mpcc-ran-clean-pip-vos-qq515-defau-med-i0-5b7bd7b812-a-20260713-082309.log | sha256=4cdcfbde36d1f43d49f4120591a37e64f7cb64539641d3796be1831202852272 ===
[08:23:09] SESSION START batch-C-MPCC-RAN-CLEAN-PIP-VOS-QQ515-DEFAU-MED-I0-5b7bd7b812-A
[08:23:09] SEGMENT batch.condition.start status=ok duration=None seconds
[08:23:09] SYSTEM timer.start
[08:23:17] PHASE turn=1 speaker=Agent A phase=NLG duration_sec=0.0
[08:23:17] PHASE turn=1 speaker=Agent A phase=TTS duration_sec=4.897759
[08:23:17] PHASE turn=1 speaker=Agent A phase=ASR duration_sec=2.727617
[08:23:17] SYSTEM telemetry.speech
[08:23:17] MEMORY turn=1 reason=opening changed=Agent A,Agent B
[08:23:17] STEP turn=None speaker=Agent A route_valid=- route_goal=- route=-
[08:23:17] SYSTEM telemetry.timing
[08:23:17] TIMING turn=1 speaker=Agent A generation=0.0 synthesis=4.897759 audio=11.463 recognition=2.727617 understanding=None dialogue_management=None pipeline_wall=7.627759 turn_observed=11.463
[08:23:54] PHASE turn=2 speaker=Agent B phase=NLG duration_sec=33.48238182067871
[08:23:54] PHASE turn=2 speaker=Agent B phase=TTS duration_sec=1.666127
[08:23:54] PHASE turn=2 speaker=Agent B phase=ASR duration_sec=1.711861
[08:23:54] SYSTEM telemetry.speech
[08:23:54] SYSTEM telemetry.timing
[08:23:54] MEMORY turn=2 reason=agent_b_reply changed=Agent A,Agent B
[08:23:54] STEP turn=None speaker=Agent B route_valid=- route_goal=- route=-
[08:23:54] PHASE turn=2 speaker=Agent B phase=NLU duration_sec=0.002552
[08:23:54] SYSTEM telemetry.nlu
[08:23:54] SYSTEM route
[08:23:54] SYSTEM candidate
[08:23:54] PHASE turn=2 speaker=Agent B phase=DM duration_sec=0.00627717305906117
[08:23:54] TIMING turn=2 speaker=Agent B generation=33.482382 synthesis=1.666127 audio=9.03 recognition=1.711861 understanding=0.002552 dialogue_management=0.006277 pipeline_wall=3.378558 turn_observed=42.521211
[08:24:48] PHASE turn=3 speaker=Agent A phase=NLG duration_sec=51.0098557472229
[08:24:48] PHASE turn=3 speaker=Agent A phase=TTS duration_sec=1.330894
[08:24:48] PHASE turn=3 speaker=Agent A phase=ASR duration_sec=1.642382
[08:24:48] SYSTEM telemetry.speech
[08:24:48] SYSTEM telemetry.timing
[08:24:48] TIMING turn=3 speaker=Agent A generation=51.009856 synthesis=1.330894 audio=7.961 recognition=1.642382 understanding=None dialogue_management=None pipeline_wall=2.973915 turn_observed=58.970856
[08:24:48] MEMORY turn=3 reason=agent_a_reply changed=Agent A,Agent B
[08:24:48] STEP turn=None speaker=Agent A route_valid=- route_goal=- route=-
[08:25:21] PHASE turn=4 speaker=Agent B phase=NLG duration_sec=28.63669753074646
[08:25:21] PHASE turn=4 speaker=Agent B phase=TTS duration_sec=2.41677
[08:25:21] PHASE turn=4 speaker=Agent B phase=ASR duration_sec=2.168418
[08:25:21] SYSTEM telemetry.speech
[08:25:21] SYSTEM telemetry.timing
[08:25:21] MEMORY turn=4 reason=agent_b_reply changed=Agent A,Agent B
[08:25:21] STEP turn=None speaker=Agent B route_valid=- route_goal=- route=-
[08:25:21] PHASE turn=4 speaker=Agent B phase=NLU duration_sec=0.004494
[08:25:21] SYSTEM telemetry.nlu
[08:25:21] SYSTEM candidate
[08:25:21] PHASE turn=4 speaker=Agent B phase=DM duration_sec=0.007756775943562388
[08:25:21] TIMING turn=4 speaker=Agent B generation=28.636698 synthesis=2.41677 audio=11.925 recognition=2.168418 understanding=0.004494 dialogue_management=0.007757 pipeline_wall=4.58597 turn_observed=40.573948
[08:25:23] PHASE turn=5 speaker=Agent A phase=NLG duration_sec=0.0026237964630126953
[08:25:23] PHASE turn=5 speaker=Agent A phase=TTS duration_sec=0.606487
[08:25:23] PHASE turn=5 speaker=Agent A phase=ASR duration_sec=1.001058
[08:25:23] SYSTEM telemetry.speech
[08:25:23] SYSTEM telemetry.timing
[08:25:23] TIMING turn=5 speaker=Agent A generation=0.002624 synthesis=0.606487 audio=3.87 recognition=1.001058 understanding=None dialogue_management=None pipeline_wall=1.608052 turn_observed=3.872624
[08:25:23] MEMORY turn=5 reason=agent_a_reply changed=Agent A,Agent B
[08:25:23] STEP turn=None speaker=Agent A route_valid=- route_goal=- route=-
[08:25:25] PHASE turn=6 speaker=Agent B phase=NLG duration_sec=0.34158778190612793
[08:25:25] PHASE turn=6 speaker=Agent B phase=TTS duration_sec=0.48561
[08:25:25] PHASE turn=6 speaker=Agent B phase=ASR duration_sec=0.848225
[08:25:25] SYSTEM telemetry.speech
[08:25:25] SYSTEM telemetry.timing
[08:25:25] MEMORY turn=6 reason=agent_b_reply changed=Agent A,Agent B
[08:25:25] STEP turn=None speaker=Agent B route_valid=- route_goal=- route=-
[08:25:25] PHASE turn=6 speaker=Agent B phase=NLU duration_sec=1.2e-05
[08:25:25] PHASE turn=6 speaker=Agent B phase=DM duration_sec=0.00011724699288606644
[08:25:25] TIMING turn=6 speaker=Agent B generation=0.341588 synthesis=0.48561 audio=2.276 recognition=0.848225 understanding=1.2e-05 dialogue_management=0.000117 pipeline_wall=1.334379 turn_observed=2.617717
[08:26:21] PHASE turn=7 speaker=Agent A phase=NLG duration_sec=54.209717988967896
[08:26:21] PHASE turn=7 speaker=Agent A phase=TTS duration_sec=1.135743
[08:26:21] PHASE turn=7 speaker=Agent A phase=ASR duration_sec=1.438206
[08:26:21] SYSTEM telemetry.speech
[08:26:21] SYSTEM telemetry.timing
[08:26:21] TIMING turn=7 speaker=Agent A generation=54.209718 synthesis=1.135743 audio=6.597 recognition=1.438206 understanding=None dialogue_management=None pipeline_wall=2.574493 turn_observed=60.806718
[08:26:21] MEMORY turn=7 reason=agent_a_reply changed=Agent A,Agent B
[08:26:21] STEP turn=None speaker=Agent A route_valid=- route_goal=- route=-
[08:26:57] PHASE turn=8 speaker=Agent B phase=NLG duration_sec=30.727901697158813
[08:26:57] PHASE turn=8 speaker=Agent B phase=TTS duration_sec=2.606137
[08:26:57] PHASE turn=8 speaker=Agent B phase=ASR duration_sec=2.28238
[08:26:57] SYSTEM telemetry.speech
[08:26:57] SYSTEM telemetry.timing
[08:26:57] MEMORY turn=8 reason=agent_b_reply changed=Agent A,Agent B
[08:26:57] STEP turn=None speaker=Agent B route_valid=- route_goal=- route=-
[08:26:57] PHASE turn=8 speaker=Agent B phase=NLU duration_sec=0.013407
[08:26:57] SYSTEM telemetry.nlu
[08:26:57] SYSTEM candidate
[08:26:57] PHASE turn=8 speaker=Agent B phase=DM duration_sec=0.01217265217565
[08:26:57] TIMING turn=8 speaker=Agent B generation=30.727902 synthesis=2.606137 audio=14.019 recognition=2.28238 understanding=0.013407 dialogue_management=0.012173 pipeline_wall=4.889204 turn_observed=44.772481
[08:26:59] PHASE turn=9 speaker=Agent A phase=NLG duration_sec=0.0017120838165283203
[08:26:59] PHASE turn=9 speaker=Agent A phase=TTS duration_sec=1.263641
[08:26:59] PHASE turn=9 speaker=Agent A phase=ASR duration_sec=1.014773
[08:26:59] SYSTEM telemetry.speech
[08:26:59] SYSTEM telemetry.timing
[08:26:59] TIMING turn=9 speaker=Agent A generation=0.001712 synthesis=1.263641 audio=3.87 recognition=1.014773 understanding=None dialogue_management=None pipeline_wall=2.27994 turn_observed=3.871712
[08:26:59] MEMORY turn=9 reason=agent_a_reply changed=Agent A,Agent B
[08:26:59] STEP turn=None speaker=Agent A route_valid=- route_goal=- route=-
[08:27:01] PHASE turn=10 speaker=Agent B phase=NLG duration_sec=0.0013127326965332031
[08:27:01] PHASE turn=10 speaker=Agent B phase=TTS duration_sec=0.411556
[08:27:01] PHASE turn=10 speaker=Agent B phase=ASR duration_sec=0.852488
[08:27:01] SYSTEM telemetry.speech
[08:27:01] SYSTEM telemetry.timing
[08:27:01] MEMORY turn=10 reason=agent_b_reply changed=Agent A,Agent B
[08:27:01] STEP turn=None speaker=Agent B route_valid=- route_goal=- route=-
[08:27:01] PHASE turn=10 speaker=Agent B phase=NLU duration_sec=1.2e-05
[08:27:01] PHASE turn=10 speaker=Agent B phase=DM duration_sec=0.00012046401388943195
[08:27:01] TIMING turn=10 speaker=Agent B generation=0.001313 synthesis=0.411556 audio=2.276 recognition=0.852488 understanding=1.2e-05 dialogue_management=0.00012 pipeline_wall=1.264694 turn_observed=2.277445
[08:28:02] PHASE turn=11 speaker=Agent A phase=NLG duration_sec=59.08320426940918
[08:28:02] PHASE turn=11 speaker=Agent A phase=TTS duration_sec=1.07439
[08:28:02] PHASE turn=11 speaker=Agent A phase=ASR duration_sec=1.476731
[08:28:02] SYSTEM telemetry.speech
[08:28:02] SYSTEM telemetry.timing
[08:28:02] TIMING turn=11 speaker=Agent A generation=59.083204 synthesis=1.07439 audio=6.597 recognition=1.476731 understanding=None dialogue_management=None pipeline_wall=2.552047 turn_observed=65.680204
[08:28:02] MEMORY turn=11 reason=agent_a_reply changed=Agent A,Agent B
[08:28:02] STEP turn=None speaker=Agent A route_valid=- route_goal=- route=-
[08:28:40] PHASE turn=12 speaker=Agent B phase=NLG duration_sec=33.725128412246704
[08:28:40] PHASE turn=12 speaker=Agent B phase=TTS duration_sec=2.377051
[08:28:40] PHASE turn=12 speaker=Agent B phase=ASR duration_sec=2.033666
[08:28:40] SYSTEM telemetry.speech
[08:28:40] SYSTEM telemetry.timing
[08:28:41] MEMORY turn=12 reason=agent_b_reply changed=Agent A,Agent B
[08:28:41] STEP turn=None speaker=Agent B route_valid=- route_goal=- route=-
[08:28:41] PHASE turn=12 speaker=Agent B phase=NLU duration_sec=0.002661
[08:28:41] SYSTEM telemetry.nlu
[08:28:41] SYSTEM warning
[08:28:41] SYSTEM candidate
[08:28:41] PHASE turn=12 speaker=Agent B phase=DM duration_sec=0.002745460020378232
[08:28:41] TIMING turn=12 speaker=Agent B generation=33.725128 synthesis=2.377051 audio=11.566 recognition=2.033666 understanding=0.002661 dialogue_management=0.002745 pipeline_wall=4.411376 turn_observed=45.296535
[08:29:45] PHASE turn=13 speaker=Agent A phase=NLG duration_sec=61.649667501449585
[08:29:45] PHASE turn=13 speaker=Agent A phase=TTS duration_sec=1.26217
[08:29:45] PHASE turn=13 speaker=Agent A phase=ASR duration_sec=1.281489
[08:29:45] SYSTEM telemetry.speech
[08:29:45] SYSTEM telemetry.timing
[08:29:45] TIMING turn=13 speaker=Agent A generation=61.649668 synthesis=1.26217 audio=9.452 recognition=1.281489 understanding=None dialogue_management=None pipeline_wall=2.544319 turn_observed=71.101668
[08:29:45] MEMORY turn=13 reason=agent_a_reply changed=Agent A,Agent B
[08:29:45] STEP turn=None speaker=Agent A route_valid=- route_goal=- route=-
[08:29:45] SYSTEM metrics
[08:29:45] SYSTEM done
[08:29:45] SEGMENT batch.condition.end status=ok duration=395.333299 seconds
[08:29:45] SESSION END batch-C-MPCC-RAN-CLEAN-PIP-VOS-QQ515-DEFAU-MED-I0-5b7bd7b812-A
