=== batch-c-mpcc-dst-sc-pip-vos-mp3m4-defau-med-i0-daf9c05fc9-t-20260711-185552.log | sha256=6c9ca0394b20b58c6fb2fca812fcc22d1d0855a87e22059a74021e8787ef364a ===
[18:55:52] SESSION START batch-C-MPCC-DST-SC-PIP-VOS-MP3M4-DEFAU-MED-I0-daf9c05fc9-T
[18:55:52] SEGMENT batch.condition.start status=ok duration=None seconds
[18:55:52] SYSTEM timer.start
[18:55:53] PHASE turn=1 speaker=Agent A phase=NLG duration_sec=0.0
[18:55:53] PHASE turn=1 speaker=Agent A phase=TTS duration_sec=0.874761
[18:55:53] PHASE turn=1 speaker=Agent A phase=ASR duration_sec=0.003026
[18:55:53] SYSTEM telemetry.speech
[18:55:53] MEMORY turn=1 reason=opening changed=Agent A,Agent B
[18:55:53] STEP turn=None speaker=Agent A route_valid=- route_goal=- route=-
[18:55:53] SYSTEM telemetry.timing
[18:55:53] TIMING turn=1 speaker=Agent A generation=0.0 synthesis=0.874761 audio=10.0 recognition=0.003026 understanding=None dialogue_management=None pipeline_wall=0.879048 turn_observed=10.0
[18:55:53] PHASE turn=2 speaker=Agent B phase=NLG duration_sec=0.0006635189056396484
[18:55:53] PHASE turn=2 speaker=Agent B phase=TTS duration_sec=0.431982
[18:55:53] PHASE turn=2 speaker=Agent B phase=ASR duration_sec=0.002542
[18:55:53] SYSTEM telemetry.speech
[18:55:53] SYSTEM telemetry.timing
[18:55:53] MEMORY turn=2 reason=agent_b_reply changed=Agent A,Agent B
[18:55:53] STEP turn=None speaker=Agent B route_valid=- route_goal=- route=-
[18:55:53] PHASE turn=2 speaker=Agent B phase=NLU duration_sec=0.000585
[18:55:53] SYSTEM telemetry.nlu
[18:55:53] PHASE turn=2 speaker=Agent B phase=DM duration_sec=0.0001284328754991293
[18:55:53] TIMING turn=2 speaker=Agent B generation=0.000664 synthesis=0.431982 audio=4.723 recognition=0.002542 understanding=0.000585 dialogue_management=0.000128 pipeline_wall=0.43522 turn_observed=4.724377
[18:55:53] PHASE turn=3 speaker=Agent A phase=NLG duration_sec=0.002248525619506836
[18:55:53] PHASE turn=3 speaker=Agent A phase=TTS duration_sec=0.070956
[18:55:53] PHASE turn=3 speaker=Agent A phase=ASR duration_sec=0.00208
[18:55:53] SYSTEM telemetry.speech
[18:55:53] SYSTEM telemetry.timing
[18:55:53] TIMING turn=3 speaker=Agent A generation=0.002249 synthesis=0.070956 audio=0.744 recognition=0.00208 understanding=None dialogue_management=None pipeline_wall=0.073424 turn_observed=0.746249
[18:55:53] MEMORY turn=3 reason=agent_a_reply changed=Agent A,Agent B
[18:55:53] STEP turn=None speaker=Agent A route_valid=- route_goal=- route=-
[18:57:20] PHASE turn=4 speaker=Agent B phase=NLG duration_sec=85.51044273376465
[18:57:20] PHASE turn=4 speaker=Agent B phase=TTS duration_sec=1.550159
[18:57:20] PHASE turn=4 speaker=Agent B phase=ASR duration_sec=0.002625
[18:57:20] SYSTEM telemetry.speech
[18:57:20] SYSTEM telemetry.timing
[18:57:20] MEMORY turn=4 reason=agent_b_reply changed=Agent A,Agent B
[18:57:20] STEP turn=None speaker=Agent B route_valid=- route_goal=- route=-
[18:57:20] PHASE turn=4 speaker=Agent B phase=NLU duration_sec=0.005991
[18:57:20] SYSTEM telemetry.nlu
[18:57:20] SYSTEM route
[18:57:20] SYSTEM candidate
[18:57:20] PHASE turn=4 speaker=Agent B phase=DM duration_sec=0.005022644065320492
[18:57:20] TIMING turn=4 speaker=Agent B generation=85.510443 synthesis=1.550159 audio=8.316 recognition=0.002625 understanding=0.005991 dialogue_management=0.005023 pipeline_wall=1.553318 turn_observed=93.837457
[18:58:14] PHASE turn=5 speaker=Agent A phase=NLG duration_sec=52.539899826049805
[18:58:14] PHASE turn=5 speaker=Agent A phase=TTS duration_sec=0.939331
[18:58:14] PHASE turn=5 speaker=Agent A phase=ASR duration_sec=0.002715
[18:58:14] SYSTEM telemetry.speech
[18:58:14] SYSTEM telemetry.timing
[18:58:14] TIMING turn=5 speaker=Agent A generation=52.5399 synthesis=0.939331 audio=5.444 recognition=0.002715 understanding=None dialogue_management=None pipeline_wall=0.942753 turn_observed=57.9839
[18:58:14] MEMORY turn=5 reason=agent_a_reply changed=Agent A,Agent B
[18:58:14] STEP turn=None speaker=Agent A route_valid=- route_goal=- route=-
[18:59:40] PHASE turn=6 speaker=Agent B phase=NLG duration_sec=85.01221108436584
[18:59:40] PHASE turn=6 speaker=Agent B phase=TTS duration_sec=1.489819
[18:59:40] PHASE turn=6 speaker=Agent B phase=ASR duration_sec=0.003059
[18:59:40] SYSTEM telemetry.speech
[18:59:40] SYSTEM telemetry.timing
[18:59:40] MEMORY turn=6 reason=agent_b_reply changed=Agent A,Agent B
[18:59:40] STEP turn=None speaker=Agent B route_valid=- route_goal=- route=-
[18:59:40] PHASE turn=6 speaker=Agent B phase=NLU duration_sec=0.022251
[18:59:40] SYSTEM telemetry.nlu
[18:59:40] SYSTEM candidate
[18:59:40] PHASE turn=6 speaker=Agent B phase=DM duration_sec=0.0068060660269111395
[18:59:40] TIMING turn=6 speaker=Agent B generation=85.012211 synthesis=1.489819 audio=10.0 recognition=0.003059 understanding=0.022251 dialogue_management=0.006806 pipeline_wall=1.49348 turn_observed=95.041268
[19:00:34] PHASE turn=7 speaker=Agent A phase=NLG duration_sec=52.09060287475586
[19:00:34] PHASE turn=7 speaker=Agent A phase=TTS duration_sec=1.221781
[19:00:34] PHASE turn=7 speaker=Agent A phase=ASR duration_sec=0.002848
[19:00:34] SYSTEM telemetry.speech
[19:00:34] SYSTEM telemetry.timing
[19:00:34] TIMING turn=7 speaker=Agent A generation=52.090603 synthesis=1.221781 audio=6.972 recognition=0.002848 understanding=None dialogue_management=None pipeline_wall=1.225239 turn_observed=59.062603
[19:00:34] MEMORY turn=7 reason=agent_a_reply changed=Agent A,Agent B
[19:00:34] STEP turn=None speaker=Agent A route_valid=- route_goal=- route=-
[19:02:07] PHASE turn=8 speaker=Agent B phase=NLG duration_sec=91.74281477928162
[19:02:07] PHASE turn=8 speaker=Agent B phase=TTS duration_sec=1.709338
[19:02:07] PHASE turn=8 speaker=Agent B phase=ASR duration_sec=0.002637
[19:02:07] SYSTEM telemetry.speech
[19:02:07] SYSTEM telemetry.timing
[19:02:07] MEMORY turn=8 reason=agent_b_reply changed=Agent A,Agent B
[19:02:07] STEP turn=None speaker=Agent B route_valid=- route_goal=- route=-
[19:02:07] PHASE turn=8 speaker=Agent B phase=NLU duration_sec=0.009801
[19:02:07] SYSTEM telemetry.nlu
[19:02:07] SYSTEM warning
[19:02:07] SYSTEM candidate
[19:02:07] PHASE turn=8 speaker=Agent B phase=DM duration_sec=0.0029157830867916346
[19:02:07] TIMING turn=8 speaker=Agent B generation=91.742815 synthesis=1.709338 audio=9.846 recognition=0.002637 understanding=0.009801 dialogue_management=0.002916 pipeline_wall=1.712573 turn_observed=101.601532
[19:03:09] PHASE turn=9 speaker=Agent A phase=NLG duration_sec=60.368043422698975
[19:03:09] PHASE turn=9 speaker=Agent A phase=TTS duration_sec=1.224043
[19:03:09] PHASE turn=9 speaker=Agent A phase=ASR duration_sec=0.002521
[19:03:09] SYSTEM telemetry.speech
[19:03:09] SYSTEM telemetry.timing
[19:03:09] TIMING turn=9 speaker=Agent A generation=60.368043 synthesis=1.224043 audio=6.417 recognition=0.002521 understanding=None dialogue_management=None pipeline_wall=1.227255 turn_observed=66.785043
[19:03:09] MEMORY turn=9 reason=agent_a_reply changed=Agent A,Agent B
[19:03:09] STEP turn=None speaker=Agent A route_valid=- route_goal=- route=-
[19:04:54] PHASE turn=10 speaker=Agent B phase=NLG duration_sec=103.2896077632904
[19:04:54] PHASE turn=10 speaker=Agent B phase=TTS duration_sec=1.756757
[19:04:54] PHASE turn=10 speaker=Agent B phase=ASR duration_sec=0.004441
[19:04:54] SYSTEM telemetry.speech
[19:04:54] SYSTEM telemetry.timing
[19:04:54] MEMORY turn=10 reason=agent_b_reply changed=Agent A,Agent B
[19:04:54] STEP turn=None speaker=Agent B route_valid=- route_goal=- route=-
[19:04:54] PHASE turn=10 speaker=Agent B phase=NLU duration_sec=0.036568
[19:04:54] SYSTEM telemetry.nlu
[19:04:54] SYSTEM candidate
[19:04:54] PHASE turn=10 speaker=Agent B phase=DM duration_sec=0.009810771094635129
[19:04:54] TIMING turn=10 speaker=Agent B generation=103.289608 synthesis=1.756757 audio=10.0 recognition=0.004441 understanding=0.036568 dialogue_management=0.009811 pipeline_wall=1.761979 turn_observed=113.335987
[19:06:04] PHASE turn=11 speaker=Agent A phase=NLG duration_sec=68.95146250724792
[19:06:04] PHASE turn=11 speaker=Agent A phase=TTS duration_sec=1.474622
[19:06:04] PHASE turn=11 speaker=Agent A phase=ASR duration_sec=0.002829
[19:06:04] SYSTEM telemetry.speech
[19:06:04] SYSTEM telemetry.timing
[19:06:04] TIMING turn=11 speaker=Agent A generation=68.951463 synthesis=1.474622 audio=8.206 recognition=0.002829 understanding=None dialogue_management=None pipeline_wall=1.478082 turn_observed=77.157463
[19:06:04] MEMORY turn=11 reason=agent_a_reply changed=Agent A,Agent B
[19:06:04] STEP turn=None speaker=Agent A route_valid=- route_goal=- route=-
[19:06:04] SYSTEM metrics
[19:06:04] SYSTEM done
[19:06:04] SEGMENT batch.condition.end status=ok duration=612.812343 seconds
[19:06:04] SESSION END batch-C-MPCC-DST-SC-PIP-VOS-MP3M4-DEFAU-MED-I0-daf9c05fc9-T
