=== batch-c-mpcc-fc-clean-pip-vos-qq57i-defau-lrg-i0-26dec49292-a-20260713-124255.log | sha256=577a9a390c665c91478d3b9fab6cad332e366b7d49b48529498c84b5144c5fb5 ===
[12:42:55] SESSION START batch-C-MPCC-FC-CLEAN-PIP-VOS-QQ57I-DEFAU-LRG-I0-26dec49292-A
[12:42:55] SEGMENT batch.condition.start status=ok duration=None seconds
[12:42:55] SYSTEM timer.start
[12:43:07] PHASE turn=1 speaker=Agent A phase=NLG duration_sec=0.0
[12:43:07] PHASE turn=1 speaker=Agent A phase=TTS duration_sec=10.6504
[12:43:07] PHASE turn=1 speaker=Agent A phase=ASR duration_sec=1.681827
[12:43:07] SYSTEM telemetry.speech
[12:43:07] MEMORY turn=1 reason=opening changed=Agent A,Agent B
[12:43:07] STEP turn=None speaker=Agent A route_valid=- route_goal=- route=-
[12:43:07] SYSTEM telemetry.timing
[12:43:07] TIMING turn=1 speaker=Agent A generation=0.0 synthesis=10.6504 audio=11.463 recognition=1.681827 understanding=None dialogue_management=None pipeline_wall=12.333557 turn_observed=12.33365
[12:44:20] PHASE turn=2 speaker=Agent B phase=NLG duration_sec=68.07197594642639
[12:44:20] PHASE turn=2 speaker=Agent B phase=TTS duration_sec=3.990839
[12:44:20] PHASE turn=2 speaker=Agent B phase=ASR duration_sec=1.258424
[12:44:20] SYSTEM telemetry.speech
[12:44:20] SYSTEM telemetry.timing
[12:44:21] MEMORY turn=2 reason=agent_b_reply changed=Agent A,Agent B
[12:44:21] STEP turn=None speaker=Agent B route_valid=- route_goal=- route=-
[12:44:21] PHASE turn=2 speaker=Agent B phase=NLU duration_sec=0.001538
[12:44:21] SYSTEM telemetry.nlu
[12:44:21] SYSTEM route
[12:44:21] SYSTEM candidate
[12:44:21] PHASE turn=2 speaker=Agent B phase=DM duration_sec=0.003216132987290621
[12:44:21] TIMING turn=2 speaker=Agent B generation=68.071976 synthesis=3.990839 audio=9.03 recognition=1.258424 understanding=0.001538 dialogue_management=0.003216 pipeline_wall=5.249653 turn_observed=77.10673
[12:44:56] PHASE turn=3 speaker=Agent A phase=NLG duration_sec=31.59875726699829
[12:44:56] PHASE turn=3 speaker=Agent A phase=TTS duration_sec=3.423547
[12:44:56] PHASE turn=3 speaker=Agent A phase=ASR duration_sec=0.848779
[12:44:56] SYSTEM telemetry.speech
[12:44:56] SYSTEM telemetry.timing
[12:44:56] TIMING turn=3 speaker=Agent A generation=31.598757 synthesis=3.423547 audio=6.597 recognition=0.848779 understanding=None dialogue_management=None pipeline_wall=4.272674 turn_observed=38.195757
[12:44:56] MEMORY turn=3 reason=agent_a_reply changed=Agent A,Agent B
[12:44:56] STEP turn=None speaker=Agent A route_valid=- route_goal=- route=-
[12:46:14] PHASE turn=4 speaker=Agent B phase=NLG duration_sec=70.64321851730347
[12:46:14] PHASE turn=4 speaker=Agent B phase=TTS duration_sec=5.983657
[12:46:14] PHASE turn=4 speaker=Agent B phase=ASR duration_sec=1.334311
[12:46:14] SYSTEM telemetry.speech
[12:46:14] SYSTEM telemetry.timing
[12:46:14] MEMORY turn=4 reason=agent_b_reply changed=Agent A,Agent B
[12:46:14] STEP turn=None speaker=Agent B route_valid=- route_goal=- route=-
[12:46:14] PHASE turn=4 speaker=Agent B phase=NLU duration_sec=0.006302
[12:46:14] SYSTEM telemetry.nlu
[12:46:14] SYSTEM candidate
[12:46:14] PHASE turn=4 speaker=Agent B phase=DM duration_sec=0.0023159049451351166
[12:46:14] TIMING turn=4 speaker=Agent B generation=70.643219 synthesis=5.983657 audio=14.461 recognition=1.334311 understanding=0.006302 dialogue_management=0.002316 pipeline_wall=7.318401 turn_observed=85.112837
[12:46:17] PHASE turn=5 speaker=Agent A phase=NLG duration_sec=0.0014252662658691406
[12:46:17] PHASE turn=5 speaker=Agent A phase=TTS duration_sec=1.82658
[12:46:17] PHASE turn=5 speaker=Agent A phase=ASR duration_sec=0.568705
[12:46:17] SYSTEM telemetry.speech
[12:46:17] SYSTEM telemetry.timing
[12:46:17] TIMING turn=5 speaker=Agent A generation=0.001425 synthesis=1.82658 audio=4.324 recognition=0.568705 understanding=None dialogue_management=None pipeline_wall=2.395565 turn_observed=4.325425
[12:46:17] MEMORY turn=5 reason=agent_a_reply changed=Agent A,Agent B
[12:46:17] STEP turn=None speaker=Agent A route_valid=- route_goal=- route=-
[12:46:18] PHASE turn=6 speaker=Agent B phase=NLG duration_sec=0.18645381927490234
[12:46:18] PHASE turn=6 speaker=Agent B phase=TTS duration_sec=0.356415
[12:46:18] PHASE turn=6 speaker=Agent B phase=ASR duration_sec=0.378912
[12:46:18] SYSTEM telemetry.speech
[12:46:18] SYSTEM telemetry.timing
[12:46:18] MEMORY turn=6 reason=agent_b_reply changed=Agent A,Agent B
[12:46:18] STEP turn=None speaker=Agent B route_valid=- route_goal=- route=-
[12:46:18] PHASE turn=6 speaker=Agent B phase=NLU duration_sec=6e-06
[12:46:18] PHASE turn=6 speaker=Agent B phase=DM duration_sec=7.509882561862469e-05
[12:46:18] TIMING turn=6 speaker=Agent B generation=0.186454 synthesis=0.356415 audio=1.654 recognition=0.378912 understanding=6e-06 dialogue_management=7.5e-05 pipeline_wall=0.735577 turn_observed=1.840535
[12:46:54] PHASE turn=7 speaker=Agent A phase=NLG duration_sec=31.414141178131104
[12:46:54] PHASE turn=7 speaker=Agent A phase=TTS duration_sec=4.023216
[12:46:54] PHASE turn=7 speaker=Agent A phase=ASR duration_sec=0.958116
[12:46:54] SYSTEM telemetry.speech
[12:46:54] SYSTEM telemetry.timing
[12:46:54] TIMING turn=7 speaker=Agent A generation=31.414141 synthesis=4.023216 audio=10.019 recognition=0.958116 understanding=None dialogue_management=None pipeline_wall=4.981939 turn_observed=41.433141
[12:46:54] MEMORY turn=7 reason=agent_a_reply changed=Agent A,Agent B
[12:46:54] STEP turn=None speaker=Agent A route_valid=- route_goal=- route=-
[12:48:17] PHASE turn=8 speaker=Agent B phase=NLG duration_sec=77.75947952270508
[12:48:17] PHASE turn=8 speaker=Agent B phase=TTS duration_sec=4.246098
[12:48:17] PHASE turn=8 speaker=Agent B phase=ASR duration_sec=1.06063
[12:48:17] SYSTEM telemetry.speech
[12:48:17] SYSTEM telemetry.timing
[12:48:17] MEMORY turn=8 reason=agent_b_reply changed=Agent A,Agent B
[12:48:17] STEP turn=None speaker=Agent B route_valid=- route_goal=- route=-
[12:48:17] PHASE turn=8 speaker=Agent B phase=NLU duration_sec=0.004057
[12:48:17] SYSTEM telemetry.nlu
[12:48:17] SYSTEM candidate
[12:48:17] PHASE turn=8 speaker=Agent B phase=DM duration_sec=0.0069536680821329355
[12:48:17] TIMING turn=8 speaker=Agent B generation=77.75948 synthesis=4.246098 audio=11.925 recognition=1.06063 understanding=0.004057 dialogue_management=0.006954 pipeline_wall=5.307192 turn_observed=89.695491
[12:48:53] PHASE turn=9 speaker=Agent A phase=NLG duration_sec=31.31913661956787
[12:48:53] PHASE turn=9 speaker=Agent A phase=TTS duration_sec=3.221739
[12:48:53] PHASE turn=9 speaker=Agent A phase=ASR duration_sec=0.824683
[12:48:53] SYSTEM telemetry.speech
[12:48:53] SYSTEM telemetry.timing
[12:48:53] TIMING turn=9 speaker=Agent A generation=31.319137 synthesis=3.221739 audio=8.415 recognition=0.824683 understanding=None dialogue_management=None pipeline_wall=4.046948 turn_observed=39.734137
[12:48:53] MEMORY turn=9 reason=agent_a_reply changed=Agent A,Agent B
[12:48:53] STEP turn=None speaker=Agent A route_valid=- route_goal=- route=-
[12:50:27] PHASE turn=10 speaker=Agent B phase=NLG duration_sec=87.41526412963867
[12:50:27] PHASE turn=10 speaker=Agent B phase=TTS duration_sec=5.567457
[12:50:27] PHASE turn=10 speaker=Agent B phase=ASR duration_sec=0.971385
[12:50:27] SYSTEM telemetry.speech
[12:50:27] SYSTEM telemetry.timing
[12:50:27] MEMORY turn=10 reason=agent_b_reply changed=Agent A,Agent B
[12:50:27] STEP turn=None speaker=Agent B route_valid=- route_goal=- route=-
[12:50:27] PHASE turn=10 speaker=Agent B phase=NLU duration_sec=0.001595
[12:50:27] SYSTEM telemetry.nlu
[12:50:27] SYSTEM warning
[12:50:27] SYSTEM candidate
[12:50:27] PHASE turn=10 speaker=Agent B phase=DM duration_sec=0.0016247360035777092
[12:50:27] TIMING turn=10 speaker=Agent B generation=87.415264 synthesis=5.567457 audio=9.03 recognition=0.971385 understanding=0.001595 dialogue_management=0.001625 pipeline_wall=6.539266 turn_observed=96.448484
[12:50:29] PHASE turn=11 speaker=Agent A phase=NLG duration_sec=0.0009558200836181641
[12:50:29] PHASE turn=11 speaker=Agent A phase=TTS duration_sec=1.705496
[12:50:29] PHASE turn=11 speaker=Agent A phase=ASR duration_sec=0.546012
[12:50:29] SYSTEM telemetry.speech
[12:50:29] SYSTEM telemetry.timing
[12:50:29] TIMING turn=11 speaker=Agent A generation=0.000956 synthesis=1.705496 audio=3.87 recognition=0.546012 understanding=None dialogue_management=None pipeline_wall=2.251797 turn_observed=3.870956
[12:50:29] MEMORY turn=11 reason=agent_a_reply changed=Agent A,Agent B
[12:50:29] STEP turn=None speaker=Agent A route_valid=- route_goal=- route=-
[12:50:31] PHASE turn=12 speaker=Agent B phase=NLG duration_sec=0.000705718994140625
[12:50:31] PHASE turn=12 speaker=Agent B phase=TTS duration_sec=1.603514
[12:50:31] PHASE turn=12 speaker=Agent B phase=ASR duration_sec=0.53836
[12:50:31] SYSTEM telemetry.speech
[12:50:31] SYSTEM telemetry.timing
[12:50:31] MEMORY turn=12 reason=agent_b_reply changed=Agent A,Agent B
[12:50:31] STEP turn=None speaker=Agent B route_valid=- route_goal=- route=-
[12:50:31] PHASE turn=12 speaker=Agent B phase=NLU duration_sec=7e-06
[12:50:31] PHASE turn=12 speaker=Agent B phase=DM duration_sec=7.63691496104002e-05
[12:50:31] TIMING turn=12 speaker=Agent B generation=0.000706 synthesis=1.603514 audio=2.276 recognition=0.53836 understanding=7e-06 dialogue_management=7.6e-05 pipeline_wall=2.142241 turn_observed=2.276789
[12:51:08] PHASE turn=13 speaker=Agent A phase=NLG duration_sec=33.33175587654114
[12:51:08] PHASE turn=13 speaker=Agent A phase=TTS duration_sec=3.286678
[12:51:08] PHASE turn=13 speaker=Agent A phase=ASR duration_sec=0.90422
[12:51:08] SYSTEM telemetry.speech
[12:51:08] SYSTEM telemetry.timing
[12:51:08] TIMING turn=13 speaker=Agent A generation=33.331756 synthesis=3.286678 audio=9.452 recognition=0.90422 understanding=None dialogue_management=None pipeline_wall=4.191503 turn_observed=42.783756
[12:51:08] MEMORY turn=13 reason=agent_a_reply changed=Agent A,Agent B
[12:51:08] STEP turn=None speaker=Agent A route_valid=- route_goal=- route=-
[12:51:09] SYSTEM metrics
[12:51:09] SYSTEM done
[12:51:09] SEGMENT batch.condition.end status=ok duration=493.742133 seconds
[12:51:09] SESSION END batch-C-MPCC-FC-CLEAN-PIP-VOS-QQ57I-DEFAU-LRG-I0-26dec49292-A
