=== batch-c-cee-dst-hesit-pip-fwh-mp3m4-defau-med-i0-251542fce4-a-20260714-104938.log | sha256=045fd7303423a1d0275165079f402cae5668664d33dca5d9db6c93cd6b4ad01e ===
[10:49:38] SESSION START batch-C-CEE-DST-HESIT-PIP-FWH-MP3M4-DEFAU-MED-I0-251542fce4-A
[10:49:38] SEGMENT batch.condition.start status=ok duration=None seconds
[10:49:38] SYSTEM timer.start
[10:50:03] PHASE turn=1 speaker=Agent A phase=NLG duration_sec=0.0
[10:50:03] PHASE turn=1 speaker=Agent A phase=TTS duration_sec=5.059142
[10:50:03] PHASE turn=1 speaker=Agent A phase=ASR duration_sec=15.883984
[10:50:03] SYSTEM telemetry.speech
[10:50:03] MEMORY turn=1 reason=opening changed=Agent A,Agent B
[10:50:03] STEP turn=None speaker=Agent A route_valid=- route_goal=- route=-
[10:50:03] SYSTEM telemetry.timing
[10:50:03] TIMING turn=1 speaker=Agent A generation=0.0 synthesis=5.059142 audio=12.423 recognition=15.883984 understanding=None dialogue_management=None pipeline_wall=25.027148 turn_observed=25.027269
[10:54:46] PHASE turn=2 speaker=Agent B phase=NLG duration_sec=266.97462272644043
[10:54:46] PHASE turn=2 speaker=Agent B phase=TTS duration_sec=2.186581
[10:54:46] PHASE turn=2 speaker=Agent B phase=ASR duration_sec=10.473569
[10:54:46] SYSTEM telemetry.speech
[10:54:46] SYSTEM telemetry.timing
[10:54:46] MEMORY turn=2 reason=agent_b_reply changed=Agent A,Agent B
[10:54:46] STEP turn=None speaker=Agent B route_valid=- route_goal=- route=-
[10:54:46] PHASE turn=2 speaker=Agent B phase=NLU duration_sec=0.0012
[10:54:46] SYSTEM telemetry.nlu
[10:54:46] SYSTEM route
[10:54:46] SYSTEM candidate
[10:54:46] PHASE turn=2 speaker=Agent B phase=DM duration_sec=0.005812951363623142
[10:54:46] TIMING turn=2 speaker=Agent B generation=266.974623 synthesis=2.186581 audio=6.924 recognition=10.473569 understanding=0.0012 dialogue_management=0.005813 pipeline_wall=16.062864 turn_observed=283.044609
[10:55:27] PHASE turn=3 speaker=Agent A phase=NLG duration_sec=27.463168382644653
[10:55:27] PHASE turn=3 speaker=Agent A phase=TTS duration_sec=1.619754
[10:55:27] PHASE turn=3 speaker=Agent A phase=ASR duration_sec=9.617716
[10:55:27] SYSTEM telemetry.speech
[10:55:27] SYSTEM telemetry.timing
[10:55:27] TIMING turn=3 speaker=Agent A generation=27.463168 synthesis=1.619754 audio=6.879 recognition=9.617716 understanding=None dialogue_management=None pipeline_wall=13.755015 turn_observed=41.218273
[10:55:27] MEMORY turn=3 reason=agent_a_reply changed=Agent A,Agent B
[10:55:27] STEP turn=None speaker=Agent A route_valid=- route_goal=- route=-
[11:00:34] PHASE turn=4 speaker=Agent B phase=NLG duration_sec=283.48807764053345
[11:00:34] PHASE turn=4 speaker=Agent B phase=TTS duration_sec=3.952324
[11:00:34] PHASE turn=4 speaker=Agent B phase=ASR duration_sec=13.288402
[11:00:34] SYSTEM telemetry.speech
[11:00:34] SYSTEM telemetry.timing
[11:00:34] MEMORY turn=4 reason=agent_b_reply changed=Agent A,Agent B
[11:00:34] STEP turn=None speaker=Agent B route_valid=- route_goal=- route=-
[11:00:34] PHASE turn=4 speaker=Agent B phase=NLU duration_sec=0.005982
[11:00:34] SYSTEM telemetry.nlu
[11:00:34] SYSTEM candidate
[11:00:34] PHASE turn=4 speaker=Agent B phase=DM duration_sec=0.005354497581720352
[11:00:34] TIMING turn=4 speaker=Agent B generation=283.488078 synthesis=3.952324 audio=12.055 recognition=13.288402 understanding=0.005982 dialogue_management=0.005354 pipeline_wall=23.165119 turn_observed=306.664621
[11:01:17] PHASE turn=5 speaker=Agent A phase=NLG duration_sec=30.27305817604065
[11:01:17] PHASE turn=5 speaker=Agent A phase=TTS duration_sec=1.638846
[11:01:17] PHASE turn=5 speaker=Agent A phase=ASR duration_sec=9.60899
[11:01:17] SYSTEM telemetry.speech
[11:01:17] SYSTEM telemetry.timing
[11:01:17] TIMING turn=5 speaker=Agent A generation=30.273058 synthesis=1.638846 audio=6.129 recognition=9.60899 understanding=None dialogue_management=None pipeline_wall=13.186074 turn_observed=43.459244
[11:01:17] MEMORY turn=5 reason=agent_a_reply changed=Agent A,Agent B
[11:01:17] STEP turn=None speaker=Agent A route_valid=- route_goal=- route=-
[11:06:55] PHASE turn=6 speaker=Agent B phase=NLG duration_sec=313.2915871143341
[11:06:55] PHASE turn=6 speaker=Agent B phase=TTS duration_sec=3.808912
[11:06:55] PHASE turn=6 speaker=Agent B phase=ASR duration_sec=13.987846
[11:06:55] SYSTEM telemetry.speech
[11:06:55] SYSTEM telemetry.timing
[11:06:55] MEMORY turn=6 reason=agent_b_reply changed=Agent A,Agent B
[11:06:55] STEP turn=None speaker=Agent B route_valid=- route_goal=- route=-
[11:06:55] PHASE turn=6 speaker=Agent B phase=NLU duration_sec=0.00535
[11:06:55] SYSTEM telemetry.nlu
[11:06:55] SYSTEM candidate
[11:06:55] PHASE turn=6 speaker=Agent B phase=DM duration_sec=0.008249121718108654
[11:06:55] TIMING turn=6 speaker=Agent B generation=313.291587 synthesis=3.808912 audio=12.957 recognition=13.987846 understanding=0.00535 dialogue_management=0.008249 pipeline_wall=24.151708 turn_observed=337.456991
[11:07:41] PHASE turn=7 speaker=Agent A phase=NLG duration_sec=32.75421071052551
[11:07:41] PHASE turn=7 speaker=Agent A phase=TTS duration_sec=1.49671
[11:07:41] PHASE turn=7 speaker=Agent A phase=ASR duration_sec=9.977011
[11:07:41] SYSTEM telemetry.speech
[11:07:41] SYSTEM telemetry.timing
[11:07:41] TIMING turn=7 speaker=Agent A generation=32.754211 synthesis=1.49671 audio=6.879 recognition=9.977011 understanding=None dialogue_management=None pipeline_wall=14.123045 turn_observed=46.877339
[11:07:41] MEMORY turn=7 reason=agent_a_reply changed=Agent A,Agent B
[11:07:41] STEP turn=None speaker=Agent A route_valid=- route_goal=- route=-
[11:13:38] PHASE turn=8 speaker=Agent B phase=NLG duration_sec=333.4544472694397
[11:13:38] PHASE turn=8 speaker=Agent B phase=TTS duration_sec=3.123252
[11:13:38] PHASE turn=8 speaker=Agent B phase=ASR duration_sec=13.851118
[11:13:38] SYSTEM telemetry.speech
[11:13:38] SYSTEM telemetry.timing
[11:13:38] MEMORY turn=8 reason=agent_b_reply changed=Agent A,Agent B
[11:13:38] STEP turn=None speaker=Agent B route_valid=- route_goal=- route=-
[11:13:38] PHASE turn=8 speaker=Agent B phase=NLU duration_sec=0.005985
[11:13:38] SYSTEM telemetry.nlu
[11:13:38] SYSTEM candidate
[11:13:38] PHASE turn=8 speaker=Agent B phase=DM duration_sec=0.0109805166721344
[11:13:38] TIMING turn=8 speaker=Agent B generation=333.454447 synthesis=3.123252 audio=13.209 recognition=13.851118 understanding=0.005985 dialogue_management=0.010981 pipeline_wall=23.460032 turn_observed=356.93154
[11:14:26] PHASE turn=9 speaker=Agent A phase=NLG duration_sec=35.79634761810303
[11:14:26] PHASE turn=9 speaker=Agent A phase=TTS duration_sec=1.280389
[11:14:26] PHASE turn=9 speaker=Agent A phase=ASR duration_sec=9.205232
[11:14:26] SYSTEM telemetry.speech
[11:14:26] SYSTEM telemetry.timing
[11:14:26] TIMING turn=9 speaker=Agent A generation=35.796348 synthesis=1.280389 audio=5.281 recognition=9.205232 understanding=None dialogue_management=None pipeline_wall=12.235261 turn_observed=48.031698
[11:14:26] MEMORY turn=9 reason=agent_a_reply changed=Agent A,Agent B
[11:14:26] STEP turn=None speaker=Agent A route_valid=- route_goal=- route=-
[11:14:27] SYSTEM metrics
[11:14:27] SYSTEM done
[11:14:27] SEGMENT batch.condition.end status=ok duration=1489.011942 seconds
[11:14:27] SESSION END batch-C-CEE-DST-HESIT-PIP-FWH-MP3M4-DEFAU-MED-I0-251542fce4-A
