=== batch-c-cee-ran-sc-pip-vos-qq57i-defau-lrg-i0-e8054db4af-a-20260713-081751.log | sha256=681d2e95e8f495cf53b0fbf39847f93930ca741683e4ce72a0c30d7dd8c32913 ===
[08:17:51] SESSION START batch-C-CEE-RAN-SC-PIP-VOS-QQ57I-DEFAU-LRG-I0-e8054db4af-A
[08:17:51] SEGMENT batch.condition.start status=ok duration=None seconds
[08:17:51] SYSTEM timer.start
[08:18:04] PHASE turn=1 speaker=Agent A phase=NLG duration_sec=0.0
[08:18:04] PHASE turn=1 speaker=Agent A phase=TTS duration_sec=5.051975
[08:18:04] PHASE turn=1 speaker=Agent A phase=ASR duration_sec=4.245706
[08:18:04] SYSTEM telemetry.speech
[08:18:04] MEMORY turn=1 reason=opening changed=Agent A,Agent B
[08:18:04] STEP turn=None speaker=Agent A route_valid=- route_goal=- route=-
[08:18:04] SYSTEM telemetry.timing
[08:18:04] TIMING turn=1 speaker=Agent A generation=0.0 synthesis=5.051975 audio=10.0 recognition=4.245706 understanding=None dialogue_management=None pipeline_wall=12.997489 turn_observed=12.997591
[08:18:08] PHASE turn=2 speaker=Agent B phase=NLG duration_sec=0.0005195140838623047
[08:18:08] PHASE turn=2 speaker=Agent B phase=TTS duration_sec=1.180686
[08:18:08] PHASE turn=2 speaker=Agent B phase=ASR duration_sec=1.569699
[08:18:08] SYSTEM telemetry.speech
[08:18:08] SYSTEM telemetry.timing
[08:18:08] MEMORY turn=2 reason=agent_b_reply changed=Agent A,Agent B
[08:18:08] STEP turn=None speaker=Agent B route_valid=- route_goal=- route=-
[08:18:08] PHASE turn=2 speaker=Agent B phase=NLU duration_sec=0.000463
[08:18:08] SYSTEM telemetry.nlu
[08:18:08] PHASE turn=2 speaker=Agent B phase=DM duration_sec=0.00013282708823680878
[08:18:08] TIMING turn=2 speaker=Agent B generation=0.00052 synthesis=1.180686 audio=4.723 recognition=1.569699 understanding=0.000463 dialogue_management=0.000133 pipeline_wall=4.617908 turn_observed=4.724116
[08:18:13] PHASE turn=3 speaker=Agent A phase=NLG duration_sec=0.022919654846191406
[08:18:13] PHASE turn=3 speaker=Agent A phase=TTS duration_sec=0.936698
[08:18:13] PHASE turn=3 speaker=Agent A phase=ASR duration_sec=1.461389
[08:18:13] SYSTEM telemetry.speech
[08:18:13] SYSTEM telemetry.timing
[08:18:13] TIMING turn=3 speaker=Agent A generation=0.02292 synthesis=0.936698 audio=4.606 recognition=1.461389 understanding=None dialogue_management=None pipeline_wall=4.261178 turn_observed=4.62892
[08:18:13] MEMORY turn=3 reason=agent_a_reply changed=Agent A,Agent B
[08:18:13] STEP turn=None speaker=Agent A route_valid=- route_goal=- route=-
[08:18:17] PHASE turn=4 speaker=Agent B phase=NLG duration_sec=0.0005583763122558594
[08:18:17] PHASE turn=4 speaker=Agent B phase=TTS duration_sec=0.925291
[08:18:17] PHASE turn=4 speaker=Agent B phase=ASR duration_sec=1.867128
[08:18:17] SYSTEM telemetry.speech
[08:18:17] SYSTEM telemetry.timing
[08:18:17] MEMORY turn=4 reason=agent_b_reply changed=Agent A,Agent B
[08:18:17] STEP turn=None speaker=Agent B route_valid=- route_goal=- route=-
[08:18:17] PHASE turn=4 speaker=Agent B phase=NLU duration_sec=0.000497
[08:18:17] SYSTEM telemetry.nlu
[08:18:17] PHASE turn=4 speaker=Agent B phase=DM duration_sec=0.0001245369203388691
[08:18:17] TIMING turn=4 speaker=Agent B generation=0.000558 synthesis=0.925291 audio=4.921 recognition=1.867128 understanding=0.000497 dialogue_management=0.000125 pipeline_wall=4.677814 turn_observed=4.92218
[08:18:23] PHASE turn=5 speaker=Agent A phase=NLG duration_sec=0.023138046264648438
[08:18:23] PHASE turn=5 speaker=Agent A phase=TTS duration_sec=1.558409
[08:18:23] PHASE turn=5 speaker=Agent A phase=ASR duration_sec=1.744174
[08:18:23] SYSTEM telemetry.speech
[08:18:23] SYSTEM telemetry.timing
[08:18:23] TIMING turn=5 speaker=Agent A generation=0.023138 synthesis=1.558409 audio=5.612 recognition=1.744174 understanding=None dialogue_management=None pipeline_wall=5.592419 turn_observed=5.635138
[08:18:23] MEMORY turn=5 reason=agent_a_reply changed=Agent A,Agent B
[08:18:23] STEP turn=None speaker=Agent A route_valid=- route_goal=- route=-
[08:18:28] PHASE turn=6 speaker=Agent B phase=NLG duration_sec=0.0011456012725830078
[08:18:28] PHASE turn=6 speaker=Agent B phase=TTS duration_sec=1.347723
[08:18:28] PHASE turn=6 speaker=Agent B phase=ASR duration_sec=1.91046
[08:18:28] SYSTEM telemetry.speech
[08:18:28] SYSTEM telemetry.timing
[08:18:28] MEMORY turn=6 reason=agent_b_reply changed=Agent A
[08:18:28] STEP turn=None speaker=Agent B route_valid=- route_goal=- route=-
[08:18:28] PHASE turn=6 speaker=Agent B phase=NLU duration_sec=0.00043
[08:18:28] SYSTEM telemetry.nlu
[08:18:28] PHASE turn=6 speaker=Agent B phase=DM duration_sec=0.0001167908776551485
[08:18:28] TIMING turn=6 speaker=Agent B generation=0.001146 synthesis=1.347723 audio=4.138 recognition=1.91046 understanding=0.00043 dialogue_management=0.000117 pipeline_wall=5.128878 turn_observed=5.13063
[08:18:34] PHASE turn=7 speaker=Agent A phase=NLG duration_sec=0.012337446212768555
[08:18:34] PHASE turn=7 speaker=Agent A phase=TTS duration_sec=0.828378
[08:18:34] PHASE turn=7 speaker=Agent A phase=ASR duration_sec=2.418631
[08:18:34] SYSTEM telemetry.speech
[08:18:34] SYSTEM telemetry.timing
[08:18:34] TIMING turn=7 speaker=Agent A generation=0.012337 synthesis=0.828378 audio=6.573 recognition=2.418631 understanding=None dialogue_management=None pipeline_wall=5.909162 turn_observed=6.585337
[08:18:34] MEMORY turn=7 reason=agent_a_reply changed=Agent A,Agent B
[08:18:34] STEP turn=None speaker=Agent A route_valid=- route_goal=- route=-
[08:18:34] SYSTEM metrics
[08:18:34] SYSTEM done
[08:18:34] SEGMENT batch.condition.end status=ok duration=43.410089 seconds
[08:18:34] SESSION END batch-C-CEE-RAN-SC-PIP-VOS-QQ57I-DEFAU-LRG-I0-e8054db4af-A
