=== batch-c-mt-dst-hesit-pip-vos-q05-defau-sml-i0-29e1f28b3f-t-20260714-033039.log | sha256=a452f973ab31a010705a4dd626b8a2df058cdc0fe1f41513378d0f58ea693429 ===
[03:30:39] SESSION START batch-C-MT-DST-HESIT-PIP-VOS-Q05-DEFAU-SML-I0-29e1f28b3f-T
[03:30:39] SEGMENT batch.condition.start status=ok duration=None seconds
[03:30:39] SYSTEM timer.start
[03:30:40] PHASE turn=1 speaker=Agent A phase=NLG duration_sec=0.0
[03:30:40] PHASE turn=1 speaker=Agent A phase=TTS duration_sec=0.642336
[03:30:40] PHASE turn=1 speaker=Agent A phase=ASR duration_sec=0.032334
[03:30:40] SYSTEM telemetry.speech
[03:30:40] MEMORY turn=1 reason=opening changed=Agent A,Agent B
[03:30:40] STEP turn=None speaker=Agent A route_valid=- route_goal=- route=-
[03:30:40] SYSTEM telemetry.timing
[03:30:40] TIMING turn=1 speaker=Agent A generation=0.0 synthesis=0.642336 audio=11.467 recognition=0.032334 understanding=None dialogue_management=None pipeline_wall=0.67544 turn_observed=11.467
[03:31:12] PHASE turn=2 speaker=Agent B phase=NLG duration_sec=31.306625843048096
[03:31:12] PHASE turn=2 speaker=Agent B phase=TTS duration_sec=1.007204
[03:31:12] PHASE turn=2 speaker=Agent B phase=ASR duration_sec=0.023016
[03:31:12] SYSTEM telemetry.speech
[03:31:12] SYSTEM telemetry.timing
[03:31:12] MEMORY turn=2 reason=agent_b_reply changed=Agent A,Agent B
[03:31:12] STEP turn=None speaker=Agent B route_valid=- route_goal=- route=-
[03:31:12] PHASE turn=2 speaker=Agent B phase=NLU duration_sec=0.00267
[03:31:12] SYSTEM telemetry.nlu
[03:31:12] SYSTEM route
[03:31:12] SYSTEM candidate
[03:31:12] PHASE turn=2 speaker=Agent B phase=DM duration_sec=0.003992451820522547
[03:31:12] TIMING turn=2 speaker=Agent B generation=31.306626 synthesis=1.007204 audio=9.134 recognition=0.023016 understanding=0.00267 dialogue_management=0.003992 pipeline_wall=1.030663 turn_observed=40.447288
[03:31:37] PHASE turn=3 speaker=Agent A phase=NLG duration_sec=24.052074909210205
[03:31:37] PHASE turn=3 speaker=Agent A phase=TTS duration_sec=0.723505
[03:31:37] PHASE turn=3 speaker=Agent A phase=ASR duration_sec=0.018371
[03:31:37] SYSTEM telemetry.speech
[03:31:37] SYSTEM telemetry.timing
[03:31:37] TIMING turn=3 speaker=Agent A generation=24.052075 synthesis=0.723505 audio=6.879 recognition=0.018371 understanding=None dialogue_management=None pipeline_wall=0.742682 turn_observed=30.931075
[03:31:37] MEMORY turn=3 reason=agent_a_reply changed=Agent A,Agent B
[03:31:37] STEP turn=None speaker=Agent A route_valid=- route_goal=- route=-
[03:32:01] PHASE turn=4 speaker=Agent B phase=NLG duration_sec=23.414226531982422
[03:32:01] PHASE turn=4 speaker=Agent B phase=TTS duration_sec=1.032273
[03:32:01] PHASE turn=4 speaker=Agent B phase=ASR duration_sec=0.022172
[03:32:01] SYSTEM telemetry.speech
[03:32:01] SYSTEM telemetry.timing
[03:32:01] MEMORY turn=4 reason=agent_b_reply changed=Agent A,Agent B
[03:32:01] STEP turn=None speaker=Agent B route_valid=- route_goal=- route=-
[03:32:01] PHASE turn=4 speaker=Agent B phase=NLU duration_sec=0.007178
[03:32:01] SYSTEM telemetry.nlu
[03:32:01] SYSTEM candidate
[03:32:01] PHASE turn=4 speaker=Agent B phase=DM duration_sec=0.0026690338272601366
[03:32:01] TIMING turn=4 speaker=Agent B generation=23.414227 synthesis=1.032273 audio=9.512 recognition=0.022172 understanding=0.007178 dialogue_management=0.002669 pipeline_wall=1.054866 turn_observed=32.936073
[03:32:27] PHASE turn=5 speaker=Agent A phase=NLG duration_sec=25.437490701675415
[03:32:27] PHASE turn=5 speaker=Agent A phase=TTS duration_sec=0.558081
[03:32:27] PHASE turn=5 speaker=Agent A phase=ASR duration_sec=0.016278
[03:32:27] SYSTEM telemetry.speech
[03:32:27] SYSTEM telemetry.timing
[03:32:27] TIMING turn=5 speaker=Agent A generation=25.437491 synthesis=0.558081 audio=5.355 recognition=0.016278 understanding=None dialogue_management=None pipeline_wall=0.574788 turn_observed=30.792491
[03:32:27] MEMORY turn=5 reason=agent_a_reply changed=Agent A,Agent B
[03:32:27] STEP turn=None speaker=Agent A route_valid=- route_goal=- route=-
[03:32:54] PHASE turn=6 speaker=Agent B phase=NLG duration_sec=26.043203353881836
[03:32:54] PHASE turn=6 speaker=Agent B phase=TTS duration_sec=0.894955
[03:32:54] PHASE turn=6 speaker=Agent B phase=ASR duration_sec=0.022893
[03:32:54] SYSTEM telemetry.speech
[03:32:54] SYSTEM telemetry.timing
[03:32:54] MEMORY turn=6 reason=agent_b_reply changed=Agent A,Agent B
[03:32:54] STEP turn=None speaker=Agent B route_valid=- route_goal=- route=-
[03:32:54] PHASE turn=6 speaker=Agent B phase=NLU duration_sec=0.007291
[03:32:54] SYSTEM telemetry.nlu
[03:32:54] SYSTEM warning
[03:32:54] SYSTEM candidate
[03:32:54] PHASE turn=6 speaker=Agent B phase=DM duration_sec=0.0017528240568935871
[03:32:54] TIMING turn=6 speaker=Agent B generation=26.043203 synthesis=0.894955 audio=8.204 recognition=0.022893 understanding=0.007291 dialogue_management=0.001753 pipeline_wall=0.918266 turn_observed=34.256247
[03:33:22] PHASE turn=7 speaker=Agent A phase=NLG duration_sec=27.076261043548584
[03:33:22] PHASE turn=7 speaker=Agent A phase=TTS duration_sec=0.697888
[03:33:22] PHASE turn=7 speaker=Agent A phase=ASR duration_sec=0.014998
[03:33:22] SYSTEM telemetry.speech
[03:33:22] SYSTEM telemetry.timing
[03:33:22] TIMING turn=7 speaker=Agent A generation=27.076261 synthesis=0.697888 audio=6.492 recognition=0.014998 understanding=None dialogue_management=None pipeline_wall=0.713249 turn_observed=33.568261
[03:33:22] MEMORY turn=7 reason=agent_a_reply changed=Agent A,Agent B
[03:33:22] STEP turn=None speaker=Agent A route_valid=- route_goal=- route=-
[03:33:51] PHASE turn=8 speaker=Agent B phase=NLG duration_sec=27.252633094787598
[03:33:51] PHASE turn=8 speaker=Agent B phase=TTS duration_sec=1.237907
[03:33:51] PHASE turn=8 speaker=Agent B phase=ASR duration_sec=0.02497
[03:33:51] SYSTEM telemetry.speech
[03:33:51] SYSTEM telemetry.timing
[03:33:51] MEMORY turn=8 reason=agent_b_reply changed=Agent A,Agent B
[03:33:51] STEP turn=None speaker=Agent B route_valid=- route_goal=- route=-
[03:33:51] PHASE turn=8 speaker=Agent B phase=NLU duration_sec=0.007272
[03:33:51] SYSTEM telemetry.nlu
[03:33:51] SYSTEM warning
[03:33:51] SYSTEM candidate
[03:33:51] PHASE turn=8 speaker=Agent B phase=DM duration_sec=0.0018346330616623163
[03:33:51] TIMING turn=8 speaker=Agent B generation=27.252633 synthesis=1.237907 audio=10.999 recognition=0.02497 understanding=0.007272 dialogue_management=0.001835 pipeline_wall=1.263363 turn_observed=38.26074
[03:34:21] PHASE turn=9 speaker=Agent A phase=NLG duration_sec=29.768356323242188
[03:34:21] PHASE turn=9 speaker=Agent A phase=TTS duration_sec=0.863412
[03:34:21] PHASE turn=9 speaker=Agent A phase=ASR duration_sec=0.013074
[03:34:21] SYSTEM telemetry.speech
[03:34:21] SYSTEM telemetry.timing
[03:34:21] TIMING turn=9 speaker=Agent A generation=29.768356 synthesis=0.863412 audio=7.785 recognition=0.013074 understanding=None dialogue_management=None pipeline_wall=0.876952 turn_observed=37.553356
[03:34:21] MEMORY turn=9 reason=agent_a_reply changed=Agent A,Agent B
[03:34:21] STEP turn=None speaker=Agent A route_valid=- route_goal=- route=-
[03:34:21] SYSTEM metrics
[03:34:21] SYSTEM done
[03:34:21] SEGMENT batch.condition.end status=ok duration=222.489293 seconds
[03:34:21] SESSION END batch-C-MT-DST-HESIT-PIP-VOS-Q05-DEFAU-SML-I0-29e1f28b3f-T
