=== batch-c-mt-fc-clean-pip-vos-qq515-defau-med-i0-c9df15ef29-a-20260714-150205.log | sha256=c79f1361877494bc128db810d28e74f794735107180b2feb7232bcca6b587791 ===
[15:02:05] SESSION START batch-C-MT-FC-CLEAN-PIP-VOS-QQ515-DEFAU-MED-I0-c9df15ef29-A
[15:02:05] SEGMENT batch.condition.start status=ok duration=None seconds
[15:02:05] SYSTEM timer.start
[15:02:18] PHASE turn=1 speaker=Agent A phase=NLG duration_sec=0.0
[15:02:18] PHASE turn=1 speaker=Agent A phase=TTS duration_sec=10.115211
[15:02:18] PHASE turn=1 speaker=Agent A phase=ASR duration_sec=2.882099
[15:02:18] SYSTEM telemetry.speech
[15:02:18] MEMORY turn=1 reason=opening changed=Agent A,Agent B
[15:02:18] STEP turn=None speaker=Agent A route_valid=- route_goal=- route=-
[15:02:18] SYSTEM telemetry.timing
[15:02:18] TIMING turn=1 speaker=Agent A generation=0.0 synthesis=10.115211 audio=11.008 recognition=2.882099 understanding=None dialogue_management=None pipeline_wall=12.999732 turn_observed=12.999845
[15:03:57] PHASE turn=2 speaker=Agent B phase=NLG duration_sec=93.57856726646423
[15:03:57] PHASE turn=2 speaker=Agent B phase=TTS duration_sec=3.568793
[15:03:57] PHASE turn=2 speaker=Agent B phase=ASR duration_sec=1.869104
[15:03:57] SYSTEM telemetry.speech
[15:03:57] SYSTEM telemetry.timing
[15:03:57] MEMORY turn=2 reason=agent_b_reply changed=Agent A,Agent B
[15:03:57] STEP turn=None speaker=Agent B route_valid=- route_goal=- route=-
[15:03:57] PHASE turn=2 speaker=Agent B phase=NLU duration_sec=0.003844
[15:03:57] SYSTEM telemetry.nlu
[15:03:57] SYSTEM route
[15:03:57] SYSTEM candidate
[15:03:57] PHASE turn=2 speaker=Agent B phase=DM duration_sec=0.006079551763832569
[15:03:57] TIMING turn=2 speaker=Agent B generation=93.578567 synthesis=3.568793 audio=11.925 recognition=1.869104 understanding=0.003844 dialogue_management=0.00608 pipeline_wall=5.438511 turn_observed=105.513491
[15:03:59] PHASE turn=3 speaker=Agent A phase=NLG duration_sec=0.0028519630432128906
[15:03:59] PHASE turn=3 speaker=Agent A phase=TTS duration_sec=0.909134
[15:03:59] PHASE turn=3 speaker=Agent A phase=ASR duration_sec=0.9948
[15:03:59] SYSTEM telemetry.speech
[15:03:59] SYSTEM telemetry.timing
[15:03:59] TIMING turn=3 speaker=Agent A generation=0.002852 synthesis=0.909134 audio=4.324 recognition=0.9948 understanding=None dialogue_management=None pipeline_wall=1.904446 turn_observed=4.326852
[15:03:59] MEMORY turn=3 reason=agent_a_reply changed=Agent A,Agent B
[15:03:59] STEP turn=None speaker=Agent A route_valid=- route_goal=- route=-
[15:04:00] PHASE turn=4 speaker=Agent B phase=NLG duration_sec=0.3044130802154541
[15:04:00] PHASE turn=4 speaker=Agent B phase=TTS duration_sec=0.667795
[15:04:00] PHASE turn=4 speaker=Agent B phase=ASR duration_sec=0.737176
[15:04:00] SYSTEM telemetry.speech
[15:04:00] SYSTEM telemetry.timing
[15:04:00] MEMORY turn=4 reason=agent_b_reply changed=Agent A,Agent B
[15:04:00] STEP turn=None speaker=Agent B route_valid=- route_goal=- route=-
[15:04:00] PHASE turn=4 speaker=Agent B phase=NLU duration_sec=1.2e-05
[15:04:00] PHASE turn=4 speaker=Agent B phase=DM duration_sec=0.00014740601181983948
[15:04:00] TIMING turn=4 speaker=Agent B generation=0.304413 synthesis=0.667795 audio=1.654 recognition=0.737176 understanding=1.2e-05 dialogue_management=0.000147 pipeline_wall=1.405429 turn_observed=1.958572
[15:04:31] PHASE turn=5 speaker=Agent A phase=NLG duration_sec=26.956022262573242
[15:04:31] PHASE turn=5 speaker=Agent A phase=TTS duration_sec=1.963677
[15:04:31] PHASE turn=5 speaker=Agent A phase=ASR duration_sec=1.302473
[15:04:31] SYSTEM telemetry.speech
[15:04:31] SYSTEM telemetry.timing
[15:04:31] TIMING turn=5 speaker=Agent A generation=26.956022 synthesis=1.963677 audio=6.597 recognition=1.302473 understanding=None dialogue_management=None pipeline_wall=3.266727 turn_observed=33.553022
[15:04:31] MEMORY turn=5 reason=agent_a_reply changed=Agent A,Agent B
[15:04:31] STEP turn=None speaker=Agent A route_valid=- route_goal=- route=-
[15:06:06] PHASE turn=6 speaker=Agent B phase=NLG duration_sec=91.01512241363525
[15:06:06] PHASE turn=6 speaker=Agent B phase=TTS duration_sec=2.781148
[15:06:06] PHASE turn=6 speaker=Agent B phase=ASR duration_sec=1.676217
[15:06:06] SYSTEM telemetry.speech
[15:06:06] SYSTEM telemetry.timing
[15:06:06] MEMORY turn=6 reason=agent_b_reply changed=Agent A,Agent B
[15:06:06] STEP turn=None speaker=Agent B route_valid=- route_goal=- route=-
[15:06:06] PHASE turn=6 speaker=Agent B phase=NLU duration_sec=0.008822
[15:06:06] SYSTEM telemetry.nlu
[15:06:06] SYSTEM candidate
[15:06:06] PHASE turn=6 speaker=Agent B phase=DM duration_sec=0.004617147147655487
[15:06:06] TIMING turn=6 speaker=Agent B generation=91.015122 synthesis=2.781148 audio=8.589 recognition=1.676217 understanding=0.008822 dialogue_management=0.004617 pipeline_wall=4.458007 turn_observed=99.617562
[15:06:09] PHASE turn=7 speaker=Agent A phase=NLG duration_sec=0.0015902519226074219
[15:06:09] PHASE turn=7 speaker=Agent A phase=TTS duration_sec=1.379858
[15:06:09] PHASE turn=7 speaker=Agent A phase=ASR duration_sec=0.945188
[15:06:09] SYSTEM telemetry.speech
[15:06:09] SYSTEM telemetry.timing
[15:06:09] TIMING turn=7 speaker=Agent A generation=0.00159 synthesis=1.379858 audio=4.324 recognition=0.945188 understanding=None dialogue_management=None pipeline_wall=2.325506 turn_observed=4.32559
[15:06:09] MEMORY turn=7 reason=agent_a_reply changed=Agent A,Agent B
[15:06:09] STEP turn=None speaker=Agent A route_valid=- route_goal=- route=-
[15:06:10] PHASE turn=8 speaker=Agent B phase=NLG duration_sec=0.0011682510375976562
[15:06:10] PHASE turn=8 speaker=Agent B phase=TTS duration_sec=0.729782
[15:06:10] PHASE turn=8 speaker=Agent B phase=ASR duration_sec=0.702014
[15:06:10] SYSTEM telemetry.speech
[15:06:10] SYSTEM telemetry.timing
[15:06:10] MEMORY turn=8 reason=agent_b_reply changed=Agent A,Agent B
[15:06:10] STEP turn=None speaker=Agent B route_valid=- route_goal=- route=-
[15:06:10] PHASE turn=8 speaker=Agent B phase=NLU duration_sec=1e-05
[15:06:10] PHASE turn=8 speaker=Agent B phase=DM duration_sec=0.0001233275979757309
[15:06:10] TIMING turn=8 speaker=Agent B generation=0.001168 synthesis=0.729782 audio=1.654 recognition=0.702014 understanding=1e-05 dialogue_management=0.000123 pipeline_wall=1.432304 turn_observed=1.655301
[15:06:13] PHASE turn=9 speaker=Agent A phase=NLG duration_sec=0.013202190399169922
[15:06:13] PHASE turn=9 speaker=Agent A phase=TTS duration_sec=2.06688
[15:06:13] PHASE turn=9 speaker=Agent A phase=ASR duration_sec=1.294029
[15:06:13] SYSTEM telemetry.speech
[15:06:13] SYSTEM telemetry.timing
[15:06:13] TIMING turn=9 speaker=Agent A generation=0.013202 synthesis=2.06688 audio=5.64 recognition=1.294029 understanding=None dialogue_management=None pipeline_wall=3.361429 turn_observed=5.653202
[15:06:13] MEMORY turn=9 reason=agent_a_reply changed=Agent A,Agent B
[15:06:13] STEP turn=None speaker=Agent A route_valid=- route_goal=- route=-
[15:07:58] PHASE turn=10 speaker=Agent B phase=NLG duration_sec=101.41197729110718
[15:07:58] PHASE turn=10 speaker=Agent B phase=TTS duration_sec=2.067636
[15:07:58] PHASE turn=10 speaker=Agent B phase=ASR duration_sec=1.562347
[15:07:58] SYSTEM telemetry.speech
[15:07:58] SYSTEM telemetry.timing
[15:07:58] MEMORY turn=10 reason=agent_b_reply changed=Agent A,Agent B
[15:07:58] STEP turn=None speaker=Agent B route_valid=- route_goal=- route=-
[15:07:58] PHASE turn=10 speaker=Agent B phase=NLU duration_sec=0.000515
[15:07:58] SYSTEM telemetry.nlu
[15:07:58] PHASE turn=10 speaker=Agent B phase=DM duration_sec=0.0001365654170513153
[15:07:58] TIMING turn=10 speaker=Agent B generation=101.411977 synthesis=2.067636 audio=7.719 recognition=1.562347 understanding=0.000515 dialogue_management=0.000137 pipeline_wall=3.630551 turn_observed=109.131629
[15:08:00] PHASE turn=11 speaker=Agent A phase=NLG duration_sec=0.04039287567138672
[15:08:00] PHASE turn=11 speaker=Agent A phase=TTS duration_sec=1.108211
[15:08:00] PHASE turn=11 speaker=Agent A phase=ASR duration_sec=0.850572
[15:08:00] SYSTEM telemetry.speech
[15:08:00] SYSTEM telemetry.timing
[15:08:00] TIMING turn=11 speaker=Agent A generation=0.040393 synthesis=1.108211 audio=3.095 recognition=0.850572 understanding=None dialogue_management=None pipeline_wall=1.959275 turn_observed=3.135393
[15:08:00] MEMORY turn=11 reason=agent_a_reply changed=Agent A,Agent B
[15:08:00] STEP turn=None speaker=Agent A route_valid=- route_goal=- route=-
[15:08:02] PHASE turn=12 speaker=Agent B phase=NLG duration_sec=0.0007703304290771484
[15:08:02] PHASE turn=12 speaker=Agent B phase=TTS duration_sec=0.668448
[15:08:02] PHASE turn=12 speaker=Agent B phase=ASR duration_sec=0.753012
[15:08:02] SYSTEM telemetry.speech
[15:08:02] SYSTEM telemetry.timing
[15:08:02] MEMORY turn=12 reason=agent_b_reply changed=Agent A,Agent B
[15:08:02] STEP turn=None speaker=Agent B route_valid=- route_goal=- route=-
[15:08:02] PHASE turn=12 speaker=Agent B phase=NLU duration_sec=1e-05
[15:08:02] PHASE turn=12 speaker=Agent B phase=DM duration_sec=0.002641790546476841
[15:08:02] TIMING turn=12 speaker=Agent B generation=0.00077 synthesis=0.668448 audio=1.654 recognition=0.753012 understanding=1e-05 dialogue_management=0.002642 pipeline_wall=1.421837 turn_observed=1.657423
[15:08:06] PHASE turn=13 speaker=Agent A phase=NLG duration_sec=0.04115772247314453
[15:08:06] PHASE turn=13 speaker=Agent A phase=TTS duration_sec=2.712411
[15:08:06] PHASE turn=13 speaker=Agent A phase=ASR duration_sec=1.503276
[15:08:06] SYSTEM telemetry.speech
[15:08:06] SYSTEM telemetry.timing
[15:08:06] TIMING turn=13 speaker=Agent A generation=0.041158 synthesis=2.712411 audio=7.913 recognition=1.503276 understanding=None dialogue_management=None pipeline_wall=4.216228 turn_observed=7.954158
[15:08:06] MEMORY turn=13 reason=agent_a_reply changed=Agent A,Agent B
[15:08:06] STEP turn=None speaker=Agent A route_valid=- route_goal=- route=-
[15:09:47] PHASE turn=14 speaker=Agent B phase=NLG duration_sec=97.39377760887146
[15:09:47] PHASE turn=14 speaker=Agent B phase=TTS duration_sec=2.236436
[15:09:47] PHASE turn=14 speaker=Agent B phase=ASR duration_sec=1.501122
[15:09:47] SYSTEM telemetry.speech
[15:09:47] SYSTEM telemetry.timing
[15:09:47] MEMORY turn=14 reason=agent_b_reply changed=Agent A,Agent B
[15:09:47] STEP turn=None speaker=Agent B route_valid=- route_goal=- route=-
[15:09:47] PHASE turn=14 speaker=Agent B phase=NLU duration_sec=0.000605
[15:09:47] SYSTEM telemetry.nlu
[15:09:47] PHASE turn=14 speaker=Agent B phase=DM duration_sec=0.0001558428630232811
[15:09:47] TIMING turn=14 speaker=Agent B generation=97.393778 synthesis=2.236436 audio=7.719 recognition=1.501122 understanding=0.000605 dialogue_management=0.000156 pipeline_wall=3.738163 turn_observed=105.113539
[15:09:52] PHASE turn=15 speaker=Agent A phase=NLG duration_sec=0.03433489799499512
[15:09:52] PHASE turn=15 speaker=Agent A phase=TTS duration_sec=2.811234
[15:09:52] PHASE turn=15 speaker=Agent A phase=ASR duration_sec=1.639036
[15:09:52] SYSTEM telemetry.speech
[15:09:52] SYSTEM telemetry.timing
[15:09:52] TIMING turn=15 speaker=Agent A generation=0.034335 synthesis=2.811234 audio=8.655 recognition=1.639036 understanding=None dialogue_management=None pipeline_wall=4.450819 turn_observed=8.689335
[15:09:52] MEMORY turn=15 reason=agent_a_reply changed=Agent A,Agent B
[15:09:52] STEP turn=None speaker=Agent A route_valid=- route_goal=- route=-
[15:11:47] PHASE turn=16 speaker=Agent B phase=NLG duration_sec=110.58000493049622
[15:11:47] PHASE turn=16 speaker=Agent B phase=TTS duration_sec=2.554827
[15:11:47] PHASE turn=16 speaker=Agent B phase=ASR duration_sec=1.604445
[15:11:47] SYSTEM telemetry.speech
[15:11:47] SYSTEM telemetry.timing
[15:11:47] MEMORY turn=16 reason=agent_b_reply changed=Agent A
[15:11:47] STEP turn=None speaker=Agent B route_valid=- route_goal=- route=-
[15:11:47] PHASE turn=16 speaker=Agent B phase=NLU duration_sec=0.000516
[15:11:47] SYSTEM telemetry.nlu
[15:11:47] PHASE turn=16 speaker=Agent B phase=DM duration_sec=0.00012799445539712906
[15:11:47] TIMING turn=16 speaker=Agent B generation=110.580005 synthesis=2.554827 audio=7.719 recognition=1.604445 understanding=0.000516 dialogue_management=0.000128 pipeline_wall=4.159921 turn_observed=118.299648
[15:11:49] PHASE turn=17 speaker=Agent A phase=NLG duration_sec=0.001867055892944336
[15:11:49] PHASE turn=17 speaker=Agent A phase=TTS duration_sec=1.45681
[15:11:49] PHASE turn=17 speaker=Agent A phase=ASR duration_sec=1.007411
[15:11:49] SYSTEM telemetry.speech
[15:11:49] SYSTEM telemetry.timing
[15:11:49] TIMING turn=17 speaker=Agent A generation=0.001867 synthesis=1.45681 audio=3.87 recognition=1.007411 understanding=None dialogue_management=None pipeline_wall=2.464754 turn_observed=3.871867
[15:11:49] MEMORY turn=17 reason=agent_a_reply changed=Agent A,Agent B
[15:11:49] STEP turn=None speaker=Agent A route_valid=- route_goal=- route=-
[15:11:51] PHASE turn=18 speaker=Agent B phase=NLG duration_sec=0.0005850791931152344
[15:11:51] PHASE turn=18 speaker=Agent B phase=TTS duration_sec=0.931392
[15:11:51] PHASE turn=18 speaker=Agent B phase=ASR duration_sec=0.860182
[15:11:51] SYSTEM telemetry.speech
[15:11:51] SYSTEM telemetry.timing
[15:11:51] MEMORY turn=18 reason=agent_b_reply changed=Agent A,Agent B
[15:11:51] STEP turn=None speaker=Agent B route_valid=- route_goal=- route=-
[15:11:51] PHASE turn=18 speaker=Agent B phase=NLU duration_sec=1e-05
[15:11:51] PHASE turn=18 speaker=Agent B phase=DM duration_sec=0.00010767579078674316
[15:11:51] TIMING turn=18 speaker=Agent B generation=0.000585 synthesis=0.931392 audio=2.276 recognition=0.860182 understanding=1e-05 dialogue_management=0.000108 pipeline_wall=1.792119 turn_observed=2.276703
[15:11:54] PHASE turn=19 speaker=Agent A phase=NLG duration_sec=0.03600168228149414
[15:11:54] PHASE turn=19 speaker=Agent A phase=TTS duration_sec=2.031027
[15:11:54] PHASE turn=19 speaker=Agent A phase=ASR duration_sec=1.383347
[15:11:54] SYSTEM telemetry.speech
[15:11:54] SYSTEM telemetry.timing
[15:11:54] TIMING turn=19 speaker=Agent A generation=0.036002 synthesis=2.031027 audio=7.052 recognition=1.383347 understanding=None dialogue_management=None pipeline_wall=3.414931 turn_observed=7.088002
[15:11:54] MEMORY turn=19 reason=agent_a_reply changed=Agent A,Agent B
[15:11:54] STEP turn=None speaker=Agent A route_valid=- route_goal=- route=-
[15:13:43] PHASE turn=20 speaker=Agent B phase=NLG duration_sec=104.73226809501648
[15:13:43] PHASE turn=20 speaker=Agent B phase=TTS duration_sec=2.426902
[15:13:43] PHASE turn=20 speaker=Agent B phase=ASR duration_sec=1.566224
[15:13:43] SYSTEM telemetry.speech
[15:13:43] SYSTEM telemetry.timing
[15:13:43] MEMORY turn=20 reason=agent_b_reply changed=Agent A,Agent B
[15:13:43] STEP turn=None speaker=Agent B route_valid=- route_goal=- route=-
[15:13:43] PHASE turn=20 speaker=Agent B phase=NLU duration_sec=0.000529
[15:13:43] SYSTEM telemetry.nlu
[15:13:43] PHASE turn=20 speaker=Agent B phase=DM duration_sec=0.00012695789337158203
[15:13:43] TIMING turn=20 speaker=Agent B generation=104.732268 synthesis=2.426902 audio=7.719 recognition=1.566224 understanding=0.000529 dialogue_management=0.000127 pipeline_wall=3.993798 turn_observed=112.451924
[15:13:43] SYSTEM metrics
[15:13:43] SYSTEM done
[15:13:43] SEGMENT batch.condition.end status=ok duration=698.63489 seconds
[15:13:43] SESSION END batch-C-MT-FC-CLEAN-PIP-VOS-QQ515-DEFAU-MED-I0-c9df15ef29-A
