=== batch-c-mt-car-mc-pip-vos-qq515-defau-med-i0-e7ce429dea-a-20260714-041823.log | sha256=5ade9b6f6c377dd41be840bf606077df070b9d6019016304bfc4691e11790825 ===
[04:18:23] SESSION START batch-C-MT-CAR-MC-PIP-VOS-QQ515-DEFAU-MED-I0-e7ce429dea-A
[04:18:23] SEGMENT batch.condition.start status=ok duration=None seconds
[04:18:23] SYSTEM timer.start
[04:18:34] PHASE turn=1 speaker=Agent A phase=NLG duration_sec=0.0
[04:18:34] PHASE turn=1 speaker=Agent A phase=TTS duration_sec=7.257757
[04:18:34] PHASE turn=1 speaker=Agent A phase=ASR duration_sec=2.186274
[04:18:34] SYSTEM telemetry.speech
[04:18:34] MEMORY turn=1 reason=opening changed=Agent A,Agent B
[04:18:34] STEP turn=None speaker=Agent A route_valid=- route_goal=- route=-
[04:18:34] SYSTEM telemetry.timing
[04:18:34] TIMING turn=1 speaker=Agent A generation=0.0 synthesis=7.257757 audio=9.462 recognition=2.186274 understanding=None dialogue_management=None pipeline_wall=11.190407 turn_observed=11.190477
[04:19:50] PHASE turn=2 speaker=Agent B phase=NLG duration_sec=67.46795678138733
[04:19:50] PHASE turn=2 speaker=Agent B phase=TTS duration_sec=4.731317
[04:19:50] PHASE turn=2 speaker=Agent B phase=ASR duration_sec=1.167705
[04:19:50] SYSTEM telemetry.speech
[04:19:50] SYSTEM telemetry.timing
[04:19:50] MEMORY turn=2 reason=agent_b_reply changed=Agent A,Agent B
[04:19:50] STEP turn=None speaker=Agent B route_valid=- route_goal=- route=-
[04:19:50] PHASE turn=2 speaker=Agent B phase=NLU duration_sec=0.001052
[04:19:50] SYSTEM telemetry.nlu
[04:19:50] SYSTEM route
[04:19:50] SYSTEM candidate
[04:19:50] PHASE turn=2 speaker=Agent B phase=DM duration_sec=0.002484595403075218
[04:19:50] TIMING turn=2 speaker=Agent B generation=67.467957 synthesis=4.731317 audio=9.779 recognition=1.167705 understanding=0.001052 dialogue_management=0.002485 pipeline_wall=8.133027 turn_observed=77.250493
[04:19:54] PHASE turn=3 speaker=Agent A phase=NLG duration_sec=0.004833221435546875
[04:19:54] PHASE turn=3 speaker=Agent A phase=TTS duration_sec=2.248907
[04:19:54] PHASE turn=3 speaker=Agent A phase=ASR duration_sec=0.664255
[04:19:54] SYSTEM telemetry.speech
[04:19:54] SYSTEM telemetry.timing
[04:19:54] TIMING turn=3 speaker=Agent A generation=0.004833 synthesis=2.248907 audio=5.252 recognition=0.664255 understanding=None dialogue_management=None pipeline_wall=3.910121 turn_observed=5.256833
[04:19:54] MEMORY turn=3 reason=agent_a_reply changed=Agent A,Agent B
[04:19:54] STEP turn=None speaker=Agent A route_valid=- route_goal=- route=-
[04:21:07] PHASE turn=4 speaker=Agent B phase=NLG duration_sec=66.49706649780273
[04:21:07] PHASE turn=4 speaker=Agent B phase=TTS duration_sec=3.964077
[04:21:07] PHASE turn=4 speaker=Agent B phase=ASR duration_sec=1.060464
[04:21:07] SYSTEM telemetry.speech
[04:21:07] SYSTEM telemetry.timing
[04:21:07] MEMORY turn=4 reason=agent_b_reply changed=Agent A,Agent B
[04:21:07] STEP turn=None speaker=Agent B route_valid=- route_goal=- route=-
[04:21:07] PHASE turn=4 speaker=Agent B phase=NLU duration_sec=0.001602
[04:21:07] SYSTEM telemetry.nlu
[04:21:07] SYSTEM route
[04:21:07] SYSTEM candidate
[04:21:07] PHASE turn=4 speaker=Agent B phase=DM duration_sec=0.0018312837928533554
[04:21:07] TIMING turn=4 speaker=Agent B generation=66.497066 synthesis=3.964077 audio=7.106 recognition=1.060464 understanding=0.001602 dialogue_management=0.001831 pipeline_wall=6.895684 turn_observed=73.6065
[04:21:33] PHASE turn=5 speaker=Agent A phase=NLG duration_sec=21.18241238594055
[04:21:33] PHASE turn=5 speaker=Agent A phase=TTS duration_sec=2.957498
[04:21:33] PHASE turn=5 speaker=Agent A phase=ASR duration_sec=0.839372
[04:21:33] SYSTEM telemetry.speech
[04:21:33] SYSTEM telemetry.timing
[04:21:33] TIMING turn=5 speaker=Agent A generation=21.182412 synthesis=2.957498 audio=6.852 recognition=0.839372 understanding=None dialogue_management=None pipeline_wall=4.963792 turn_observed=28.034412
[04:21:33] MEMORY turn=5 reason=agent_a_reply changed=Agent A,Agent B
[04:21:33] STEP turn=None speaker=Agent A route_valid=- route_goal=- route=-
[04:22:52] PHASE turn=6 speaker=Agent B phase=NLG duration_sec=71.59495973587036
[04:22:52] PHASE turn=6 speaker=Agent B phase=TTS duration_sec=4.149479
[04:22:52] PHASE turn=6 speaker=Agent B phase=ASR duration_sec=1.026763
[04:22:52] SYSTEM telemetry.speech
[04:22:52] SYSTEM telemetry.timing
[04:22:52] MEMORY turn=6 reason=agent_b_reply changed=Agent A,Agent B
[04:22:52] STEP turn=None speaker=Agent B route_valid=- route_goal=- route=-
[04:22:52] PHASE turn=6 speaker=Agent B phase=NLU duration_sec=0.004559
[04:22:52] SYSTEM telemetry.nlu
[04:22:52] SYSTEM candidate
[04:22:52] PHASE turn=6 speaker=Agent B phase=DM duration_sec=0.003886963240802288
[04:22:52] TIMING turn=6 speaker=Agent B generation=71.59496 synthesis=4.149479 audio=7.106 recognition=1.026763 understanding=0.004559 dialogue_management=0.003887 pipeline_wall=6.939466 turn_observed=78.709406
[04:22:55] PHASE turn=7 speaker=Agent A phase=NLG duration_sec=0.0014882087707519531
[04:22:55] PHASE turn=7 speaker=Agent A phase=TTS duration_sec=2.025126
[04:22:55] PHASE turn=7 speaker=Agent A phase=ASR duration_sec=0.483091
[04:22:55] SYSTEM telemetry.speech
[04:22:55] SYSTEM telemetry.timing
[04:22:55] TIMING turn=7 speaker=Agent A generation=0.001488 synthesis=2.025126 audio=3.651 recognition=0.483091 understanding=None dialogue_management=None pipeline_wall=3.191265 turn_observed=3.652488
[04:22:55] MEMORY turn=7 reason=agent_a_reply changed=Agent A,Agent B
[04:22:55] STEP turn=None speaker=Agent A route_valid=- route_goal=- route=-
[04:22:57] PHASE turn=8 speaker=Agent B phase=NLG duration_sec=0.19396758079528809
[04:22:57] PHASE turn=8 speaker=Agent B phase=TTS duration_sec=1.286764
[04:22:57] PHASE turn=8 speaker=Agent B phase=ASR duration_sec=0.478876
[04:22:57] SYSTEM telemetry.speech
[04:22:57] SYSTEM telemetry.timing
[04:22:57] MEMORY turn=8 reason=agent_b_reply changed=Agent A,Agent B
[04:22:57] STEP turn=None speaker=Agent B route_valid=- route_goal=- route=-
[04:22:57] PHASE turn=8 speaker=Agent B phase=NLU duration_sec=5e-06
[04:22:57] PHASE turn=8 speaker=Agent B phase=DM duration_sec=6.92484900355339e-05
[04:22:57] TIMING turn=8 speaker=Agent B generation=0.193968 synthesis=1.286764 audio=2.082 recognition=0.478876 understanding=5e-06 dialogue_management=6.9e-05 pipeline_wall=2.270482 turn_observed=2.464573
[04:23:25] PHASE turn=9 speaker=Agent A phase=NLG duration_sec=22.851231336593628
[04:23:25] PHASE turn=9 speaker=Agent A phase=TTS duration_sec=2.551528
[04:23:25] PHASE turn=9 speaker=Agent A phase=ASR duration_sec=0.723896
[04:23:25] SYSTEM telemetry.speech
[04:23:25] SYSTEM telemetry.timing
[04:23:25] TIMING turn=9 speaker=Agent A generation=22.851231 synthesis=2.551528 audio=5.252 recognition=0.723896 understanding=None dialogue_management=None pipeline_wall=4.342298 turn_observed=28.103231
[04:23:25] MEMORY turn=9 reason=agent_a_reply changed=Agent A,Agent B
[04:23:25] STEP turn=None speaker=Agent A route_valid=- route_goal=- route=-
[04:24:51] PHASE turn=10 speaker=Agent B phase=NLG duration_sec=76.39657497406006
[04:24:51] PHASE turn=10 speaker=Agent B phase=TTS duration_sec=5.606312
[04:24:51] PHASE turn=10 speaker=Agent B phase=ASR duration_sec=1.346192
[04:24:51] SYSTEM telemetry.speech
[04:24:51] SYSTEM telemetry.timing
[04:24:51] MEMORY turn=10 reason=agent_b_reply changed=Agent A,Agent B
[04:24:51] STEP turn=None speaker=Agent B route_valid=- route_goal=- route=-
[04:24:51] PHASE turn=10 speaker=Agent B phase=NLU duration_sec=0.006269
[04:24:51] SYSTEM telemetry.nlu
[04:24:51] SYSTEM candidate
[04:24:51] PHASE turn=10 speaker=Agent B phase=DM duration_sec=0.004666764289140701
[04:24:51] TIMING turn=10 speaker=Agent B generation=76.396575 synthesis=5.606312 audio=11.768 recognition=1.346192 understanding=0.006269 dialogue_management=0.004667 pipeline_wall=9.716334 turn_observed=88.175511
[04:24:54] PHASE turn=11 speaker=Agent A phase=NLG duration_sec=0.0009541511535644531
[04:24:54] PHASE turn=11 speaker=Agent A phase=TTS duration_sec=1.924127
[04:24:54] PHASE turn=11 speaker=Agent A phase=ASR duration_sec=0.476528
[04:24:54] SYSTEM telemetry.speech
[04:24:54] SYSTEM telemetry.timing
[04:24:54] TIMING turn=11 speaker=Agent A generation=0.000954 synthesis=1.924127 audio=3.651 recognition=0.476528 understanding=None dialogue_management=None pipeline_wall=3.062042 turn_observed=3.651954
[04:24:54] MEMORY turn=11 reason=agent_a_reply changed=Agent A,Agent B
[04:24:54] STEP turn=None speaker=Agent A route_valid=- route_goal=- route=-
[04:24:55] PHASE turn=12 speaker=Agent B phase=NLG duration_sec=0.0008497238159179688
[04:24:55] PHASE turn=12 speaker=Agent B phase=TTS duration_sec=0.482286
[04:24:55] PHASE turn=12 speaker=Agent B phase=ASR duration_sec=0.413753
[04:24:55] SYSTEM telemetry.speech
[04:24:55] SYSTEM telemetry.timing
[04:24:55] MEMORY turn=12 reason=agent_b_reply changed=Agent A,Agent B
[04:24:55] STEP turn=None speaker=Agent B route_valid=- route_goal=- route=-
[04:24:55] PHASE turn=12 speaker=Agent B phase=NLU duration_sec=5e-06
[04:24:55] PHASE turn=12 speaker=Agent B phase=DM duration_sec=7.196888327598572e-05
[04:24:55] TIMING turn=12 speaker=Agent B generation=0.00085 synthesis=0.482286 audio=1.261 recognition=0.413753 understanding=5e-06 dialogue_management=7.2e-05 pipeline_wall=1.172213 turn_observed=1.261927
[04:25:24] PHASE turn=13 speaker=Agent A phase=NLG duration_sec=23.41984796524048
[04:25:24] PHASE turn=13 speaker=Agent A phase=TTS duration_sec=3.505538
[04:25:24] PHASE turn=13 speaker=Agent A phase=ASR duration_sec=0.755642
[04:25:24] SYSTEM telemetry.speech
[04:25:24] SYSTEM telemetry.timing
[04:25:24] TIMING turn=13 speaker=Agent A generation=23.419848 synthesis=3.505538 audio=5.652 recognition=0.755642 understanding=None dialogue_management=None pipeline_wall=5.270706 turn_observed=29.071848
[04:25:24] MEMORY turn=13 reason=agent_a_reply changed=Agent A,Agent B
[04:25:24] STEP turn=None speaker=Agent A route_valid=- route_goal=- route=-
[04:26:53] PHASE turn=14 speaker=Agent B phase=NLG duration_sec=78.43077731132507
[04:26:53] PHASE turn=14 speaker=Agent B phase=TTS duration_sec=5.850932
[04:26:53] PHASE turn=14 speaker=Agent B phase=ASR duration_sec=1.370548
[04:26:53] SYSTEM telemetry.speech
[04:26:53] SYSTEM telemetry.timing
[04:26:53] MEMORY turn=14 reason=agent_b_reply changed=Agent A,Agent B
[04:26:53] STEP turn=None speaker=Agent B route_valid=- route_goal=- route=-
[04:26:53] PHASE turn=14 speaker=Agent B phase=NLU duration_sec=0.003669
[04:26:53] SYSTEM telemetry.nlu
[04:26:53] SYSTEM candidate
[04:26:53] PHASE turn=14 speaker=Agent B phase=DM duration_sec=0.0045593250542879105
[04:26:53] TIMING turn=14 speaker=Agent B generation=78.430777 synthesis=5.850932 audio=13.35 recognition=1.370548 understanding=0.003669 dialogue_management=0.004559 pipeline_wall=10.54642 turn_observed=91.789006
[04:27:23] PHASE turn=15 speaker=Agent A phase=NLG duration_sec=24.688674449920654
[04:27:23] PHASE turn=15 speaker=Agent A phase=TTS duration_sec=3.596131
[04:27:23] PHASE turn=15 speaker=Agent A phase=ASR duration_sec=0.670674
[04:27:23] SYSTEM telemetry.speech
[04:27:23] SYSTEM telemetry.timing
[04:27:23] TIMING turn=15 speaker=Agent A generation=24.688674 synthesis=3.596131 audio=4.936 recognition=0.670674 understanding=None dialogue_management=None pipeline_wall=5.340481 turn_observed=30.029241
[04:27:23] MEMORY turn=15 reason=agent_a_reply changed=Agent A,Agent B
[04:27:23] STEP turn=None speaker=Agent A route_valid=- route_goal=- route=-
[04:27:23] SYSTEM metrics
[04:27:23] SYSTEM done
[04:27:23] SEGMENT batch.condition.end status=ok duration=539.976795 seconds
[04:27:23] SESSION END batch-C-MT-CAR-MC-PIP-VOS-QQ515-DEFAU-MED-I0-e7ce429dea-A
