=== batch-c-mpcc-dst-hesit-pip-vos-q05-defau-sml-i0-5d0964458b-a-20260714-031040.log | sha256=ed815b8ea7bea5e79e2b835a649b1e7805583c735ea02c4220551f3c83bc23f8 ===
[03:10:40] SESSION START batch-C-MPCC-DST-HESIT-PIP-VOS-Q05-DEFAU-SML-I0-5d0964458b-A
[03:10:40] SEGMENT batch.condition.start status=ok duration=None seconds
[03:10:40] SYSTEM timer.start
[03:10:53] PHASE turn=1 speaker=Agent A phase=NLG duration_sec=0.0
[03:10:53] PHASE turn=1 speaker=Agent A phase=TTS duration_sec=8.635687
[03:10:53] PHASE turn=1 speaker=Agent A phase=ASR duration_sec=1.679567
[03:10:53] SYSTEM telemetry.speech
[03:10:53] MEMORY turn=1 reason=opening changed=Agent A,Agent B
[03:10:53] STEP turn=None speaker=Agent A route_valid=- route_goal=- route=-
[03:10:53] SYSTEM telemetry.timing
[03:10:53] TIMING turn=1 speaker=Agent A generation=0.0 synthesis=8.635687 audio=12.423 recognition=1.679567 understanding=None dialogue_management=None pipeline_wall=12.59796 turn_observed=12.598027
[03:11:24] PHASE turn=2 speaker=Agent B phase=NLG duration_sec=21.83913254737854
[03:11:24] PHASE turn=2 speaker=Agent B phase=TTS duration_sec=6.085354
[03:11:24] PHASE turn=2 speaker=Agent B phase=ASR duration_sec=0.965305
[03:11:24] SYSTEM telemetry.speech
[03:11:24] SYSTEM telemetry.timing
[03:11:24] MEMORY turn=2 reason=agent_b_reply changed=Agent A,Agent B
[03:11:24] STEP turn=None speaker=Agent B route_valid=- route_goal=- route=-
[03:11:24] PHASE turn=2 speaker=Agent B phase=NLU duration_sec=0.000606
[03:11:24] SYSTEM telemetry.nlu
[03:11:24] SYSTEM route
[03:11:24] SYSTEM candidate
[03:11:24] PHASE turn=2 speaker=Agent B phase=DM duration_sec=0.002230792073532939
[03:11:24] TIMING turn=2 speaker=Agent B generation=21.839133 synthesis=6.085354 audio=6.924 recognition=0.965305 understanding=0.000606 dialogue_management=0.002231 pipeline_wall=8.983972 turn_observed=30.826017
[03:11:30] PHASE turn=3 speaker=Agent A phase=NLG duration_sec=0.00365447998046875
[03:11:30] PHASE turn=3 speaker=Agent A phase=TTS duration_sec=3.914036
[03:11:30] PHASE turn=3 speaker=Agent A phase=ASR duration_sec=0.777185
[03:11:30] SYSTEM telemetry.speech
[03:11:30] SYSTEM telemetry.timing
[03:11:30] TIMING turn=3 speaker=Agent A generation=0.003654 synthesis=3.914036 audio=6.492 recognition=0.777185 understanding=None dialogue_management=None pipeline_wall=6.093464 turn_observed=6.495654
[03:11:30] MEMORY turn=3 reason=agent_a_reply changed=Agent A,Agent B
[03:11:30] STEP turn=None speaker=Agent A route_valid=- route_goal=- route=-
[03:12:00] PHASE turn=4 speaker=Agent B phase=NLG duration_sec=18.740962028503418
[03:12:00] PHASE turn=4 speaker=Agent B phase=TTS duration_sec=7.639506
[03:12:00] PHASE turn=4 speaker=Agent B phase=ASR duration_sec=1.264888
[03:12:00] SYSTEM telemetry.speech
[03:12:00] SYSTEM telemetry.timing
[03:12:00] MEMORY turn=4 reason=agent_b_reply changed=Agent A,Agent B
[03:12:00] STEP turn=None speaker=Agent B route_valid=- route_goal=- route=-
[03:12:00] PHASE turn=4 speaker=Agent B phase=NLU duration_sec=0.001945
[03:12:00] SYSTEM telemetry.nlu
[03:12:00] SYSTEM route
[03:12:00] SYSTEM candidate
[03:12:00] PHASE turn=4 speaker=Agent B phase=DM duration_sec=0.0018545750062912703
[03:12:00] TIMING turn=4 speaker=Agent B generation=18.740962 synthesis=7.639506 audio=9.955 recognition=1.264888 understanding=0.001945 dialogue_management=0.001855 pipeline_wall=11.650007 turn_observed=30.394859
[03:12:05] PHASE turn=5 speaker=Agent A phase=NLG duration_sec=0.0013415813446044922
[03:12:05] PHASE turn=5 speaker=Agent A phase=TTS duration_sec=2.970321
[03:12:05] PHASE turn=5 speaker=Agent A phase=ASR duration_sec=0.514155
[03:12:05] SYSTEM telemetry.speech
[03:12:05] SYSTEM telemetry.timing
[03:12:05] TIMING turn=5 speaker=Agent A generation=0.001342 synthesis=2.970321 audio=3.806 recognition=0.514155 understanding=None dialogue_management=None pipeline_wall=4.131455 turn_observed=4.132844
[03:12:05] MEMORY turn=5 reason=agent_a_reply changed=Agent A,Agent B
[03:12:05] STEP turn=None speaker=Agent A route_valid=- route_goal=- route=-
[03:12:08] PHASE turn=6 speaker=Agent B phase=NLG duration_sec=0.18069767951965332
[03:12:08] PHASE turn=6 speaker=Agent B phase=TTS duration_sec=1.972909
[03:12:08] PHASE turn=6 speaker=Agent B phase=ASR duration_sec=0.473069
[03:12:08] SYSTEM telemetry.speech
[03:12:08] SYSTEM telemetry.timing
[03:12:08] MEMORY turn=6 reason=agent_b_reply changed=Agent A,Agent B
[03:12:08] STEP turn=None speaker=Agent B route_valid=- route_goal=- route=-
[03:12:08] PHASE turn=6 speaker=Agent B phase=NLU duration_sec=1.5e-05
[03:12:08] PHASE turn=6 speaker=Agent B phase=DM duration_sec=6.485916674137115e-05
[03:12:08] TIMING turn=6 speaker=Agent B generation=0.180698 synthesis=1.972909 audio=2.101 recognition=0.473069 understanding=1.5e-05 dialogue_management=6.5e-05 pipeline_wall=3.106157 turn_observed=3.286977
[03:12:34] PHASE turn=7 speaker=Agent A phase=NLG duration_sec=20.692152738571167
[03:12:34] PHASE turn=7 speaker=Agent A phase=TTS duration_sec=3.347535
[03:12:34] PHASE turn=7 speaker=Agent A phase=ASR duration_sec=0.758135
[03:12:34] SYSTEM telemetry.speech
[03:12:34] SYSTEM telemetry.timing
[03:12:34] TIMING turn=7 speaker=Agent A generation=20.692153 synthesis=3.347535 audio=6.879 recognition=0.758135 understanding=None dialogue_management=None pipeline_wall=5.482294 turn_observed=27.571153
[03:12:34] MEMORY turn=7 reason=agent_a_reply changed=Agent A,Agent B
[03:12:34] STEP turn=None speaker=Agent A route_valid=- route_goal=- route=-
[03:13:06] PHASE turn=8 speaker=Agent B phase=NLG duration_sec=20.489635467529297
[03:13:06] PHASE turn=8 speaker=Agent B phase=TTS duration_sec=6.802498
[03:13:06] PHASE turn=8 speaker=Agent B phase=ASR duration_sec=1.407445
[03:13:06] SYSTEM telemetry.speech
[03:13:06] SYSTEM telemetry.timing
[03:13:06] MEMORY turn=8 reason=agent_b_reply changed=Agent A,Agent B
[03:13:06] STEP turn=None speaker=Agent B route_valid=- route_goal=- route=-
[03:13:06] PHASE turn=8 speaker=Agent B phase=NLU duration_sec=0.00107
[03:13:06] SYSTEM telemetry.nlu
[03:13:06] SYSTEM route
[03:13:06] SYSTEM candidate
[03:13:06] PHASE turn=8 speaker=Agent B phase=DM duration_sec=0.0025146501138806343
[03:13:06] TIMING turn=8 speaker=Agent B generation=20.489635 synthesis=6.802498 audio=13.209 recognition=1.407445 understanding=0.00107 dialogue_management=0.002515 pipeline_wall=11.317357 turn_observed=33.70222
[03:13:34] PHASE turn=9 speaker=Agent A phase=NLG duration_sec=22.838287830352783
[03:13:34] PHASE turn=9 speaker=Agent A phase=TTS duration_sec=3.849822
[03:13:34] PHASE turn=9 speaker=Agent A phase=ASR duration_sec=0.742415
[03:13:34] SYSTEM telemetry.speech
[03:13:34] SYSTEM telemetry.timing
[03:13:34] TIMING turn=9 speaker=Agent A generation=22.838288 synthesis=3.849822 audio=6.697 recognition=0.742415 understanding=None dialogue_management=None pipeline_wall=5.71754 turn_observed=29.535288
[03:13:34] MEMORY turn=9 reason=agent_a_reply changed=Agent A,Agent B
[03:13:34] STEP turn=None speaker=Agent A route_valid=- route_goal=- route=-
[03:14:07] PHASE turn=10 speaker=Agent B phase=NLG duration_sec=23.105342626571655
[03:14:07] PHASE turn=10 speaker=Agent B phase=TTS duration_sec=5.434854
[03:14:07] PHASE turn=10 speaker=Agent B phase=ASR duration_sec=1.181756
[03:14:07] SYSTEM telemetry.speech
[03:14:07] SYSTEM telemetry.timing
[03:14:07] MEMORY turn=10 reason=agent_b_reply changed=Agent A,Agent B
[03:14:07] STEP turn=None speaker=Agent B route_valid=- route_goal=- route=-
[03:14:07] PHASE turn=10 speaker=Agent B phase=NLU duration_sec=0.001535
[03:14:07] SYSTEM telemetry.nlu
[03:14:07] SYSTEM warning
[03:14:07] SYSTEM candidate
[03:14:07] PHASE turn=10 speaker=Agent B phase=DM duration_sec=0.001862754812464118
[03:14:07] TIMING turn=10 speaker=Agent B generation=23.105343 synthesis=5.434854 audio=10.179 recognition=1.181756 understanding=0.001535 dialogue_management=0.001863 pipeline_wall=9.146193 turn_observed=33.28774
[03:14:11] PHASE turn=11 speaker=Agent A phase=NLG duration_sec=0.0013298988342285156
[03:14:11] PHASE turn=11 speaker=Agent A phase=TTS duration_sec=2.631067
[03:14:11] PHASE turn=11 speaker=Agent A phase=ASR duration_sec=0.469232
[03:14:11] SYSTEM telemetry.speech
[03:14:11] SYSTEM telemetry.timing
[03:14:11] TIMING turn=11 speaker=Agent A generation=0.00133 synthesis=2.631067 audio=3.419 recognition=0.469232 understanding=None dialogue_management=None pipeline_wall=3.776902 turn_observed=3.778279
[03:14:11] MEMORY turn=11 reason=agent_a_reply changed=Agent A,Agent B
[03:14:11] STEP turn=None speaker=Agent A route_valid=- route_goal=- route=-
[03:14:13] PHASE turn=12 speaker=Agent B phase=NLG duration_sec=0.0006701946258544922
[03:14:13] PHASE turn=12 speaker=Agent B phase=TTS duration_sec=1.96722
[03:14:13] PHASE turn=12 speaker=Agent B phase=ASR duration_sec=0.38645
[03:14:13] SYSTEM telemetry.speech
[03:14:13] SYSTEM telemetry.timing
[03:14:13] MEMORY turn=12 reason=agent_b_reply changed=Agent A,Agent B
[03:14:13] STEP turn=None speaker=Agent B route_valid=- route_goal=- route=-
[03:14:13] PHASE turn=12 speaker=Agent B phase=NLU duration_sec=5e-06
[03:14:13] PHASE turn=12 speaker=Agent B phase=DM duration_sec=0.00023214821703732014
[03:14:13] TIMING turn=12 speaker=Agent B generation=0.00067 synthesis=1.96722 audio=1.767 recognition=0.38645 understanding=5e-06 dialogue_management=0.000232 pipeline_wall=2.789049 turn_observed=2.789999
[03:14:20] PHASE turn=13 speaker=Agent A phase=NLG duration_sec=0.00815725326538086
[03:14:20] PHASE turn=13 speaker=Agent A phase=TTS duration_sec=4.642942
[03:14:20] PHASE turn=13 speaker=Agent A phase=ASR duration_sec=0.754195
[03:14:20] SYSTEM telemetry.speech
[03:14:20] SYSTEM telemetry.timing
[03:14:20] TIMING turn=13 speaker=Agent A generation=0.008157 synthesis=4.642942 audio=5.487 recognition=0.754195 understanding=None dialogue_management=None pipeline_wall=6.603472 turn_observed=6.611676
[03:14:20] MEMORY turn=13 reason=agent_a_reply changed=Agent A,Agent B
[03:14:20] STEP turn=None speaker=Agent A route_valid=- route_goal=- route=-
[03:14:55] PHASE turn=14 speaker=Agent B phase=NLG duration_sec=22.077146768569946
[03:14:55] PHASE turn=14 speaker=Agent B phase=TTS duration_sec=7.727919
[03:14:55] PHASE turn=14 speaker=Agent B phase=ASR duration_sec=1.509439
[03:14:55] SYSTEM telemetry.speech
[03:14:55] SYSTEM telemetry.timing
[03:14:55] MEMORY turn=14 reason=agent_b_reply changed=Agent A,Agent B
[03:14:55] STEP turn=None speaker=Agent B route_valid=- route_goal=- route=-
[03:14:55] PHASE turn=14 speaker=Agent B phase=NLU duration_sec=0.006538
[03:14:55] SYSTEM telemetry.nlu
[03:14:55] SYSTEM candidate
[03:14:55] PHASE turn=14 speaker=Agent B phase=DM duration_sec=0.004240095149725676
[03:14:55] TIMING turn=14 speaker=Agent B generation=22.077147 synthesis=7.727919 audio=12.165 recognition=1.509439 understanding=0.006538 dialogue_management=0.00424 pipeline_wall=12.49942 turn_observed=34.587401
[03:15:24] PHASE turn=15 speaker=Agent A phase=NLG duration_sec=24.124333143234253
[03:15:24] PHASE turn=15 speaker=Agent A phase=TTS duration_sec=3.659603
[03:15:24] PHASE turn=15 speaker=Agent A phase=ASR duration_sec=0.71819
[03:15:24] SYSTEM telemetry.speech
[03:15:24] SYSTEM telemetry.timing
[03:15:24] TIMING turn=15 speaker=Agent A generation=24.124333 synthesis=3.659603 audio=5.923 recognition=0.71819 understanding=None dialogue_management=None pipeline_wall=5.487266 turn_observed=30.047333
[03:15:24] MEMORY turn=15 reason=agent_a_reply changed=Agent A,Agent B
[03:15:24] STEP turn=None speaker=Agent A route_valid=- route_goal=- route=-
[03:15:55] PHASE turn=16 speaker=Agent B phase=NLG duration_sec=23.479373455047607
[03:15:55] PHASE turn=16 speaker=Agent B phase=TTS duration_sec=4.113626
[03:15:55] PHASE turn=16 speaker=Agent B phase=ASR duration_sec=0.97039
[03:15:55] SYSTEM telemetry.speech
[03:15:55] SYSTEM telemetry.timing
[03:15:55] MEMORY turn=16 reason=agent_b_reply changed=Agent A,Agent B
[03:15:55] STEP turn=None speaker=Agent B route_valid=- route_goal=- route=-
[03:15:55] PHASE turn=16 speaker=Agent B phase=NLU duration_sec=0.000308
[03:15:55] SYSTEM telemetry.nlu
[03:15:55] PHASE turn=16 speaker=Agent B phase=DM duration_sec=6.444985046982765e-05
[03:15:55] TIMING turn=16 speaker=Agent B generation=23.479373 synthesis=4.113626 audio=7.535 recognition=0.97039 understanding=0.000308 dialogue_management=6.4e-05 pipeline_wall=6.935881 turn_observed=31.014746
[03:16:03] PHASE turn=17 speaker=Agent A phase=NLG duration_sec=0.0320439338684082
[03:16:03] PHASE turn=17 speaker=Agent A phase=TTS duration_sec=6.078022
[03:16:03] PHASE turn=17 speaker=Agent A phase=ASR duration_sec=0.847178
[03:16:03] SYSTEM telemetry.speech
[03:16:03] SYSTEM telemetry.timing
[03:16:03] TIMING turn=17 speaker=Agent A generation=0.032044 synthesis=6.078022 audio=6.648 recognition=0.847178 understanding=None dialogue_management=None pipeline_wall=8.241571 turn_observed=8.273668
[03:16:03] MEMORY turn=17 reason=agent_a_reply changed=Agent A,Agent B
[03:16:03] STEP turn=None speaker=Agent A route_valid=- route_goal=- route=-
[03:16:34] PHASE turn=18 speaker=Agent B phase=NLG duration_sec=23.2074773311615
[03:16:34] PHASE turn=18 speaker=Agent B phase=TTS duration_sec=4.524292
[03:16:34] PHASE turn=18 speaker=Agent B phase=ASR duration_sec=0.945827
[03:16:34] SYSTEM telemetry.speech
[03:16:34] SYSTEM telemetry.timing
[03:16:34] MEMORY turn=18 reason=agent_b_reply changed=Agent A
[03:16:34] STEP turn=None speaker=Agent B route_valid=- route_goal=- route=-
[03:16:34] PHASE turn=18 speaker=Agent B phase=NLU duration_sec=0.000308
[03:16:34] SYSTEM telemetry.nlu
[03:16:34] PHASE turn=18 speaker=Agent B phase=DM duration_sec=7.956894114613533e-05
[03:16:34] TIMING turn=18 speaker=Agent B generation=23.207477 synthesis=4.524292 audio=6.868 recognition=0.945827 understanding=0.000308 dialogue_management=8e-05 pipeline_wall=7.516676 turn_observed=30.724613
[03:16:38] PHASE turn=19 speaker=Agent A phase=NLG duration_sec=0.001468658447265625
[03:16:38] PHASE turn=19 speaker=Agent A phase=TTS duration_sec=2.866594
[03:16:38] PHASE turn=19 speaker=Agent A phase=ASR duration_sec=0.427694
[03:16:38] SYSTEM telemetry.speech
[03:16:38] SYSTEM telemetry.timing
[03:16:38] TIMING turn=19 speaker=Agent A generation=0.001469 synthesis=2.866594 audio=3.419 recognition=0.427694 understanding=None dialogue_management=None pipeline_wall=3.876375 turn_observed=3.87791
[03:16:38] MEMORY turn=19 reason=agent_a_reply changed=Agent A,Agent B
[03:16:38] STEP turn=None speaker=Agent A route_valid=- route_goal=- route=-
[03:16:40] PHASE turn=20 speaker=Agent B phase=NLG duration_sec=0.00043463706970214844
[03:16:40] PHASE turn=20 speaker=Agent B phase=TTS duration_sec=1.788435
[03:16:40] PHASE turn=20 speaker=Agent B phase=ASR duration_sec=0.383995
[03:16:40] SYSTEM telemetry.speech
[03:16:40] SYSTEM telemetry.timing
[03:16:40] MEMORY turn=20 reason=agent_b_reply changed=Agent A,Agent B
[03:16:40] STEP turn=None speaker=Agent B route_valid=- route_goal=- route=-
[03:16:40] PHASE turn=20 speaker=Agent B phase=NLU duration_sec=6e-06
[03:16:40] PHASE turn=20 speaker=Agent B phase=DM duration_sec=6.96391798555851e-05
[03:16:40] TIMING turn=20 speaker=Agent B generation=0.000435 synthesis=1.788435 audio=1.767 recognition=0.383995 understanding=6e-06 dialogue_management=7e-05 pipeline_wall=2.576101 turn_observed=2.576654
[03:16:40] SYSTEM metrics
[03:16:40] SYSTEM done
[03:16:40] SEGMENT batch.condition.end status=ok duration=359.65811 seconds
[03:16:40] SESSION END batch-C-MPCC-DST-HESIT-PIP-VOS-Q05-DEFAU-SML-I0-5d0964458b-A
