=== batch-c-ac-ran-clean-pip-fwh-qq515-pap-med-i0-a74936e081-t-20260713-131645.log | sha256=09c3980b7416d808cd591f3cc16d3dfa5608d8cab2af9b52332b949c29a51069 ===
[13:16:45] SESSION START batch-C-AC-RAN-CLEAN-PIP-FWH-QQ515-PAP-MED-I0-a74936e081-T
[13:16:45] SEGMENT batch.condition.start status=ok duration=None seconds
[13:16:45] SYSTEM timer.start
[13:16:46] PHASE turn=1 speaker=Agent A phase=NLG duration_sec=0.0
[13:16:46] PHASE turn=1 speaker=Agent A phase=TTS duration_sec=0.564352
[13:16:46] PHASE turn=1 speaker=Agent A phase=ASR duration_sec=0.030204
[13:16:46] SYSTEM telemetry.speech
[13:16:46] MEMORY turn=1 reason=opening changed=Agent A,Agent B
[13:16:46] STEP turn=None speaker=Agent A route_valid=- route_goal=- route=-
[13:16:46] SYSTEM telemetry.timing
[13:16:46] TIMING turn=1 speaker=Agent A generation=0.0 synthesis=0.564352 audio=11.463 recognition=0.030204 understanding=None dialogue_management=None pipeline_wall=0.595183 turn_observed=11.463
[13:17:18] PHASE turn=2 speaker=Agent B phase=NLG duration_sec=30.217786073684692
[13:17:18] PHASE turn=2 speaker=Agent B phase=TTS duration_sec=1.279693
[13:17:18] PHASE turn=2 speaker=Agent B phase=ASR duration_sec=0.019648
[13:17:18] SYSTEM telemetry.speech
[13:17:18] SYSTEM telemetry.timing
[13:17:18] MEMORY turn=2 reason=agent_b_reply changed=Agent A,Agent B
[13:17:18] STEP turn=None speaker=Agent B route_valid=- route_goal=- route=-
[13:17:18] PHASE turn=2 speaker=Agent B phase=NLU duration_sec=0.001524
[13:17:18] SYSTEM telemetry.nlu
[13:17:18] SYSTEM route
[13:17:18] SYSTEM candidate
[13:17:18] PHASE turn=2 speaker=Agent B phase=DM duration_sec=0.0065258999820798635
[13:17:18] TIMING turn=2 speaker=Agent B generation=30.217786 synthesis=1.279693 audio=11.925 recognition=0.019648 understanding=0.001524 dialogue_management=0.006526 pipeline_wall=1.299746 turn_observed=42.150836
[13:18:13] PHASE turn=3 speaker=Agent A phase=NLG duration_sec=54.8836030960083
[13:18:13] PHASE turn=3 speaker=Agent A phase=TTS duration_sec=0.833857
[13:18:13] PHASE turn=3 speaker=Agent A phase=ASR duration_sec=0.021651
[13:18:13] SYSTEM telemetry.speech
[13:18:13] SYSTEM telemetry.timing
[13:18:13] TIMING turn=3 speaker=Agent A generation=54.883603 synthesis=0.833857 audio=7.961 recognition=0.021651 understanding=None dialogue_management=None pipeline_wall=0.855967 turn_observed=62.844603
[13:18:13] MEMORY turn=3 reason=agent_a_reply changed=Agent A,Agent B
[13:18:13] STEP turn=None speaker=Agent A route_valid=- route_goal=- route=-
[13:18:43] PHASE turn=4 speaker=Agent B phase=NLG duration_sec=28.33259415626526
[13:18:43] PHASE turn=4 speaker=Agent B phase=TTS duration_sec=0.891153
[13:18:43] PHASE turn=4 speaker=Agent B phase=ASR duration_sec=0.017146
[13:18:43] SYSTEM telemetry.speech
[13:18:43] SYSTEM telemetry.timing
[13:18:43] MEMORY turn=4 reason=agent_b_reply changed=Agent A,Agent B
[13:18:43] STEP turn=None speaker=Agent B route_valid=- route_goal=- route=-
[13:18:43] PHASE turn=4 speaker=Agent B phase=NLU duration_sec=0.001549
[13:18:43] SYSTEM telemetry.nlu
[13:18:43] SYSTEM candidate
[13:18:43] PHASE turn=4 speaker=Agent B phase=DM duration_sec=0.00690050795674324
[13:18:43] TIMING turn=4 speaker=Agent B generation=28.332594 synthesis=0.891153 audio=9.03 recognition=0.017146 understanding=0.001549 dialogue_management=0.006901 pipeline_wall=0.908648 turn_observed=37.371044
[13:19:42] PHASE turn=5 speaker=Agent A phase=NLG duration_sec=58.3005530834198
[13:19:42] PHASE turn=5 speaker=Agent A phase=TTS duration_sec=0.670785
[13:19:42] PHASE turn=5 speaker=Agent A phase=ASR duration_sec=0.024267
[13:19:42] SYSTEM telemetry.speech
[13:19:42] SYSTEM telemetry.timing
[13:19:42] TIMING turn=5 speaker=Agent A generation=58.300553 synthesis=0.670785 audio=6.597 recognition=0.024267 understanding=None dialogue_management=None pipeline_wall=0.695698 turn_observed=64.897553
[13:19:42] MEMORY turn=5 reason=agent_a_reply changed=Agent A,Agent B
[13:19:42] STEP turn=None speaker=Agent A route_valid=- route_goal=- route=-
[13:20:14] PHASE turn=6 speaker=Agent B phase=NLG duration_sec=30.832152128219604
[13:20:14] PHASE turn=6 speaker=Agent B phase=TTS duration_sec=1.457986
[13:20:14] PHASE turn=6 speaker=Agent B phase=ASR duration_sec=0.026262
[13:20:14] SYSTEM telemetry.speech
[13:20:14] SYSTEM telemetry.timing
[13:20:14] MEMORY turn=6 reason=agent_b_reply changed=Agent A,Agent B
[13:20:14] STEP turn=None speaker=Agent B route_valid=- route_goal=- route=-
[13:20:14] PHASE turn=6 speaker=Agent B phase=NLU duration_sec=0.005182
[13:20:14] SYSTEM telemetry.nlu
[13:20:14] SYSTEM candidate
[13:20:14] PHASE turn=6 speaker=Agent B phase=DM duration_sec=0.004749860847368836
[13:20:14] TIMING turn=6 speaker=Agent B generation=30.832152 synthesis=1.457986 audio=14.019 recognition=0.026262 understanding=0.005182 dialogue_management=0.00475 pipeline_wall=1.484707 turn_observed=44.861084
[13:20:14] PHASE turn=7 speaker=Agent A phase=NLG duration_sec=0.003490924835205078
[13:20:14] PHASE turn=7 speaker=Agent A phase=TTS duration_sec=0.392975
[13:20:14] PHASE turn=7 speaker=Agent A phase=ASR duration_sec=0.008831
[13:20:14] SYSTEM telemetry.speech
[13:20:14] SYSTEM telemetry.timing
[13:20:14] TIMING turn=7 speaker=Agent A generation=0.003491 synthesis=0.392975 audio=3.87 recognition=0.008831 understanding=None dialogue_management=None pipeline_wall=0.402042 turn_observed=3.873491
[13:20:14] MEMORY turn=7 reason=agent_a_reply changed=Agent A,Agent B
[13:20:14] STEP turn=None speaker=Agent A route_valid=- route_goal=- route=-
[13:20:15] PHASE turn=8 speaker=Agent B phase=NLG duration_sec=0.23258113861083984
[13:20:15] PHASE turn=8 speaker=Agent B phase=TTS duration_sec=0.246883
[13:20:15] PHASE turn=8 speaker=Agent B phase=ASR duration_sec=0.004454
[13:20:15] SYSTEM telemetry.speech
[13:20:15] SYSTEM telemetry.timing
[13:20:15] MEMORY turn=8 reason=agent_b_reply changed=Agent A,Agent B
[13:20:15] STEP turn=None speaker=Agent B route_valid=- route_goal=- route=-
[13:20:15] PHASE turn=8 speaker=Agent B phase=NLU duration_sec=6e-06
[13:20:15] PHASE turn=8 speaker=Agent B phase=DM duration_sec=8.410983718931675e-05
[13:20:15] TIMING turn=8 speaker=Agent B generation=0.232581 synthesis=0.246883 audio=2.276 recognition=0.004454 understanding=6e-06 dialogue_management=8.4e-05 pipeline_wall=0.251571 turn_observed=2.508672
[13:21:19] PHASE turn=9 speaker=Agent A phase=NLG duration_sec=63.000006914138794
[13:21:19] PHASE turn=9 speaker=Agent A phase=TTS duration_sec=0.633539
[13:21:19] PHASE turn=9 speaker=Agent A phase=ASR duration_sec=0.019795
[13:21:19] SYSTEM telemetry.speech
[13:21:19] SYSTEM telemetry.timing
[13:21:19] TIMING turn=9 speaker=Agent A generation=63.000007 synthesis=0.633539 audio=6.597 recognition=0.019795 understanding=None dialogue_management=None pipeline_wall=0.653761 turn_observed=69.597007
[13:21:19] MEMORY turn=9 reason=agent_a_reply changed=Agent A,Agent B
[13:21:19] STEP turn=None speaker=Agent A route_valid=- route_goal=- route=-
[13:21:53] PHASE turn=10 speaker=Agent B phase=NLG duration_sec=32.71468544006348
[13:21:53] PHASE turn=10 speaker=Agent B phase=TTS duration_sec=1.492606
[13:21:53] PHASE turn=10 speaker=Agent B phase=ASR duration_sec=0.024838
[13:21:53] SYSTEM telemetry.speech
[13:21:53] SYSTEM telemetry.timing
[13:21:53] MEMORY turn=10 reason=agent_b_reply changed=Agent A,Agent B
[13:21:53] STEP turn=None speaker=Agent B route_valid=- route_goal=- route=-
[13:21:53] PHASE turn=10 speaker=Agent B phase=NLU duration_sec=0.003251
[13:21:53] SYSTEM telemetry.nlu
[13:21:53] SYSTEM candidate
[13:21:53] PHASE turn=10 speaker=Agent B phase=DM duration_sec=0.009209932992234826
[13:21:53] TIMING turn=10 speaker=Agent B generation=32.714685 synthesis=1.492606 audio=14.461 recognition=0.024838 understanding=0.003251 dialogue_management=0.00921 pipeline_wall=1.517944 turn_observed=47.188146
[13:23:03] PHASE turn=11 speaker=Agent A phase=NLG duration_sec=69.7916374206543
[13:23:03] PHASE turn=11 speaker=Agent A phase=TTS duration_sec=0.587709
[13:23:03] PHASE turn=11 speaker=Agent A phase=ASR duration_sec=0.018406
[13:23:03] SYSTEM telemetry.speech
[13:23:03] SYSTEM telemetry.timing
[13:23:03] TIMING turn=11 speaker=Agent A generation=69.791637 synthesis=0.587709 audio=5.361 recognition=0.018406 understanding=None dialogue_management=None pipeline_wall=0.606787 turn_observed=75.152637
[13:23:03] MEMORY turn=11 reason=agent_a_reply changed=Agent A,Agent B
[13:23:03] STEP turn=None speaker=Agent A route_valid=- route_goal=- route=-
[13:23:03] SYSTEM metrics
[13:23:03] SYSTEM done
[13:23:03] SEGMENT batch.condition.end status=ok duration=377.836357 seconds
[13:23:03] SESSION END batch-C-AC-RAN-CLEAN-PIP-FWH-QQ515-PAP-MED-I0-a74936e081-T
