=== batch-c-mt-fc-clean-pip-vos-mp3m4-defau-med-i0-1b2f1d53bf-a-20260715-033448.log | sha256=598f1c5896992ea43d176de341495e981971c6458a9f8e642d9f2868438e5b13 ===
[03:34:48] SESSION START batch-C-MT-FC-CLEAN-PIP-VOS-MP3M4-DEFAU-MED-I0-1b2f1d53bf-A
[03:34:48] SEGMENT batch.condition.start status=ok duration=None seconds
[03:34:48] SYSTEM timer.start
[03:34:56] PHASE turn=1 speaker=Agent A phase=NLG duration_sec=0.0
[03:34:56] PHASE turn=1 speaker=Agent A phase=TTS duration_sec=5.730481
[03:34:56] PHASE turn=1 speaker=Agent A phase=ASR duration_sec=2.308982
[03:34:56] SYSTEM telemetry.speech
[03:34:56] MEMORY turn=1 reason=opening changed=Agent A,Agent B
[03:34:56] STEP turn=None speaker=Agent A route_valid=- route_goal=- route=-
[03:34:56] SYSTEM telemetry.timing
[03:34:56] TIMING turn=1 speaker=Agent A generation=0.0 synthesis=5.730481 audio=11.008 recognition=2.308982 understanding=None dialogue_management=None pipeline_wall=8.042282 turn_observed=11.008
[03:39:16] PHASE turn=2 speaker=Agent B phase=NLG duration_sec=255.71625757217407
[03:39:16] PHASE turn=2 speaker=Agent B phase=TTS duration_sec=2.347422
[03:39:16] PHASE turn=2 speaker=Agent B phase=ASR duration_sec=1.939961
[03:39:16] SYSTEM telemetry.speech
[03:39:16] SYSTEM telemetry.timing
[03:39:16] MEMORY turn=2 reason=agent_b_reply changed=Agent A,Agent B
[03:39:16] STEP turn=None speaker=Agent B route_valid=- route_goal=- route=-
[03:39:16] PHASE turn=2 speaker=Agent B phase=NLU duration_sec=0.004354
[03:39:16] SYSTEM telemetry.nlu
[03:39:16] SYSTEM route
[03:39:16] SYSTEM candidate
[03:39:16] PHASE turn=2 speaker=Agent B phase=DM duration_sec=0.008165407925844193
[03:39:16] TIMING turn=2 speaker=Agent B generation=255.716258 synthesis=2.347422 audio=11.925 recognition=1.939961 understanding=0.004354 dialogue_management=0.008165 pipeline_wall=4.288083 turn_observed=267.653777
[03:39:19] PHASE turn=3 speaker=Agent A phase=NLG duration_sec=0.002689838409423828
[03:39:19] PHASE turn=3 speaker=Agent A phase=TTS duration_sec=1.514378
[03:39:19] PHASE turn=3 speaker=Agent A phase=ASR duration_sec=1.020593
[03:39:19] SYSTEM telemetry.speech
[03:39:19] SYSTEM telemetry.timing
[03:39:19] TIMING turn=3 speaker=Agent A generation=0.00269 synthesis=1.514378 audio=4.324 recognition=1.020593 understanding=None dialogue_management=None pipeline_wall=2.53546 turn_observed=4.32669
[03:39:19] MEMORY turn=3 reason=agent_a_reply changed=Agent A,Agent B
[03:39:19] STEP turn=None speaker=Agent A route_valid=- route_goal=- route=-
[03:39:20] PHASE turn=4 speaker=Agent B phase=NLG duration_sec=0.3411424160003662
[03:39:20] PHASE turn=4 speaker=Agent B phase=TTS duration_sec=0.449728
[03:39:20] PHASE turn=4 speaker=Agent B phase=ASR duration_sec=0.750394
[03:39:20] SYSTEM telemetry.speech
[03:39:20] SYSTEM telemetry.timing
[03:39:20] MEMORY turn=4 reason=agent_b_reply changed=Agent A,Agent B
[03:39:20] STEP turn=None speaker=Agent B route_valid=- route_goal=- route=-
[03:39:20] PHASE turn=4 speaker=Agent B phase=NLU duration_sec=1.2e-05
[03:39:20] PHASE turn=4 speaker=Agent B phase=DM duration_sec=0.00011030677706003189
[03:39:20] TIMING turn=4 speaker=Agent B generation=0.341142 synthesis=0.449728 audio=1.654 recognition=0.750394 understanding=1.2e-05 dialogue_management=0.00011 pipeline_wall=1.200596 turn_observed=1.995264
[03:39:50] PHASE turn=5 speaker=Agent A phase=NLG duration_sec=26.710095405578613
[03:39:50] PHASE turn=5 speaker=Agent A phase=TTS duration_sec=1.693594
[03:39:50] PHASE turn=5 speaker=Agent A phase=ASR duration_sec=1.402378
[03:39:50] SYSTEM telemetry.speech
[03:39:50] SYSTEM telemetry.timing
[03:39:50] TIMING turn=5 speaker=Agent A generation=26.710095 synthesis=1.693594 audio=6.597 recognition=1.402378 understanding=None dialogue_management=None pipeline_wall=3.096655 turn_observed=33.307095
[03:39:50] MEMORY turn=5 reason=agent_a_reply changed=Agent A,Agent B
[03:39:50] STEP turn=None speaker=Agent A route_valid=- route_goal=- route=-
[03:44:25] PHASE turn=6 speaker=Agent B phase=NLG duration_sec=269.93831729888916
[03:44:25] PHASE turn=6 speaker=Agent B phase=TTS duration_sec=3.277523
[03:44:25] PHASE turn=6 speaker=Agent B phase=ASR duration_sec=1.776562
[03:44:25] SYSTEM telemetry.speech
[03:44:25] SYSTEM telemetry.timing
[03:44:25] MEMORY turn=6 reason=agent_b_reply changed=Agent A,Agent B
[03:44:25] STEP turn=None speaker=Agent B route_valid=- route_goal=- route=-
[03:44:25] PHASE turn=6 speaker=Agent B phase=NLU duration_sec=0.004364
[03:44:25] SYSTEM telemetry.nlu
[03:44:25] SYSTEM candidate
[03:44:25] PHASE turn=6 speaker=Agent B phase=DM duration_sec=0.005416564643383026
[03:44:25] TIMING turn=6 speaker=Agent B generation=269.938317 synthesis=3.277523 audio=11.125 recognition=1.776562 understanding=0.004364 dialogue_management=0.005417 pipeline_wall=5.054751 turn_observed=281.073097
[03:44:27] PHASE turn=7 speaker=Agent A phase=NLG duration_sec=0.001890420913696289
[03:44:27] PHASE turn=7 speaker=Agent A phase=TTS duration_sec=0.936709
[03:44:27] PHASE turn=7 speaker=Agent A phase=ASR duration_sec=0.827607
[03:44:27] SYSTEM telemetry.speech
[03:44:27] SYSTEM telemetry.timing
[03:44:27] TIMING turn=7 speaker=Agent A generation=0.00189 synthesis=0.936709 audio=4.324 recognition=0.827607 understanding=None dialogue_management=None pipeline_wall=1.764744 turn_observed=4.32589
[03:44:27] MEMORY turn=7 reason=agent_a_reply changed=Agent A,Agent B
[03:44:27] STEP turn=None speaker=Agent A route_valid=- route_goal=- route=-
[03:44:29] PHASE turn=8 speaker=Agent B phase=NLG duration_sec=0.0013005733489990234
[03:44:29] PHASE turn=8 speaker=Agent B phase=TTS duration_sec=0.815996
[03:44:29] PHASE turn=8 speaker=Agent B phase=ASR duration_sec=0.807251
[03:44:29] SYSTEM telemetry.speech
[03:44:29] SYSTEM telemetry.timing
[03:44:29] MEMORY turn=8 reason=agent_b_reply changed=Agent A,Agent B
[03:44:29] STEP turn=None speaker=Agent B route_valid=- route_goal=- route=-
[03:44:29] PHASE turn=8 speaker=Agent B phase=NLU duration_sec=1.1e-05
[03:44:29] PHASE turn=8 speaker=Agent B phase=DM duration_sec=0.00010202638804912567
[03:44:29] TIMING turn=8 speaker=Agent B generation=0.001301 synthesis=0.815996 audio=2.717 recognition=0.807251 understanding=1.1e-05 dialogue_management=0.000102 pipeline_wall=1.623716 turn_observed=2.718413
[03:44:32] PHASE turn=9 speaker=Agent A phase=NLG duration_sec=0.010985851287841797
[03:44:32] PHASE turn=9 speaker=Agent A phase=TTS duration_sec=1.843816
[03:44:32] PHASE turn=9 speaker=Agent A phase=ASR duration_sec=1.219967
[03:44:32] SYSTEM telemetry.speech
[03:44:32] SYSTEM telemetry.timing
[03:44:32] TIMING turn=9 speaker=Agent A generation=0.010986 synthesis=1.843816 audio=6.143 recognition=1.219967 understanding=None dialogue_management=None pipeline_wall=3.064224 turn_observed=6.153986
[03:44:32] MEMORY turn=9 reason=agent_a_reply changed=Agent A,Agent B
[03:44:32] STEP turn=None speaker=Agent A route_valid=- route_goal=- route=-
[03:49:26] PHASE turn=10 speaker=Agent B phase=NLG duration_sec=290.26336097717285
[03:49:26] PHASE turn=10 speaker=Agent B phase=TTS duration_sec=2.779796
[03:49:26] PHASE turn=10 speaker=Agent B phase=ASR duration_sec=1.717186
[03:49:26] SYSTEM telemetry.speech
[03:49:26] SYSTEM telemetry.timing
[03:49:26] MEMORY turn=10 reason=agent_b_reply changed=Agent A,Agent B
[03:49:26] STEP turn=None speaker=Agent B route_valid=- route_goal=- route=-
[03:49:26] PHASE turn=10 speaker=Agent B phase=NLU duration_sec=0.010191
[03:49:26] SYSTEM telemetry.nlu
[03:49:26] SYSTEM candidate
[03:49:26] PHASE turn=10 speaker=Agent B phase=DM duration_sec=0.004646542482078075
[03:49:26] TIMING turn=10 speaker=Agent B generation=290.263361 synthesis=2.779796 audio=8.589 recognition=1.717186 understanding=0.010191 dialogue_management=0.004647 pipeline_wall=4.497619 turn_observed=298.867199
[03:50:03] PHASE turn=11 speaker=Agent A phase=NLG duration_sec=32.70353889465332
[03:50:03] PHASE turn=11 speaker=Agent A phase=TTS duration_sec=2.265372
[03:50:03] PHASE turn=11 speaker=Agent A phase=ASR duration_sec=1.639195
[03:50:03] SYSTEM telemetry.speech
[03:50:03] SYSTEM telemetry.timing
[03:50:03] TIMING turn=11 speaker=Agent A generation=32.703539 synthesis=2.265372 audio=9.564 recognition=1.639195 understanding=None dialogue_management=None pipeline_wall=3.905284 turn_observed=42.267539
[03:50:03] MEMORY turn=11 reason=agent_a_reply changed=Agent A,Agent B
[03:50:03] STEP turn=None speaker=Agent A route_valid=- route_goal=- route=-
[03:55:30] PHASE turn=12 speaker=Agent B phase=NLG duration_sec=322.98558020591736
[03:55:30] PHASE turn=12 speaker=Agent B phase=TTS duration_sec=2.296833
[03:55:30] PHASE turn=12 speaker=Agent B phase=ASR duration_sec=1.493034
[03:55:30] SYSTEM telemetry.speech
[03:55:30] SYSTEM telemetry.timing
[03:55:30] MEMORY turn=12 reason=agent_b_reply changed=Agent A,Agent B
[03:55:30] STEP turn=None speaker=Agent B route_valid=- route_goal=- route=-
[03:55:30] PHASE turn=12 speaker=Agent B phase=NLU duration_sec=0.000585
[03:55:30] SYSTEM telemetry.nlu
[03:55:30] PHASE turn=12 speaker=Agent B phase=DM duration_sec=0.0001464327797293663
[03:55:30] TIMING turn=12 speaker=Agent B generation=322.98558 synthesis=2.296833 audio=7.719 recognition=1.493034 understanding=0.000585 dialogue_management=0.000146 pipeline_wall=3.790553 turn_observed=330.705312
[03:55:31] PHASE turn=13 speaker=Agent A phase=NLG duration_sec=0.048661231994628906
[03:55:31] PHASE turn=13 speaker=Agent A phase=TTS duration_sec=0.663381
[03:55:31] PHASE turn=13 speaker=Agent A phase=ASR duration_sec=0.90918
[03:55:31] SYSTEM telemetry.speech
[03:55:31] SYSTEM telemetry.timing
[03:55:31] TIMING turn=13 speaker=Agent A generation=0.048661 synthesis=0.663381 audio=3.095 recognition=0.90918 understanding=None dialogue_management=None pipeline_wall=1.573006 turn_observed=3.143661
[03:55:32] MEMORY turn=13 reason=agent_a_reply changed=Agent A,Agent B
[03:55:32] STEP turn=None speaker=Agent A route_valid=- route_goal=- route=-
[03:55:33] PHASE turn=14 speaker=Agent B phase=NLG duration_sec=0.0008945465087890625
[03:55:33] PHASE turn=14 speaker=Agent B phase=TTS duration_sec=0.881572
[03:55:33] PHASE turn=14 speaker=Agent B phase=ASR duration_sec=1.008892
[03:55:33] SYSTEM telemetry.speech
[03:55:33] SYSTEM telemetry.timing
[03:55:33] MEMORY turn=14 reason=agent_b_reply changed=Agent A,Agent B
[03:55:33] STEP turn=None speaker=Agent B route_valid=- route_goal=- route=-
[03:55:33] PHASE turn=14 speaker=Agent B phase=NLU duration_sec=1.2e-05
[03:55:33] PHASE turn=14 speaker=Agent B phase=DM duration_sec=0.0001229420304298401
[03:55:33] TIMING turn=14 speaker=Agent B generation=0.000895 synthesis=0.881572 audio=3.159 recognition=1.008892 understanding=1.2e-05 dialogue_management=0.000123 pipeline_wall=1.890966 turn_observed=3.16003
[03:55:38] PHASE turn=15 speaker=Agent A phase=NLG duration_sec=0.04787707328796387
[03:55:38] PHASE turn=15 speaker=Agent A phase=TTS duration_sec=2.731706
[03:55:38] PHASE turn=15 speaker=Agent A phase=ASR duration_sec=1.523406
[03:55:38] SYSTEM telemetry.speech
[03:55:38] SYSTEM telemetry.timing
[03:55:38] TIMING turn=15 speaker=Agent A generation=0.047877 synthesis=2.731706 audio=7.913 recognition=1.523406 understanding=None dialogue_management=None pipeline_wall=4.256281 turn_observed=7.960877
[03:55:38] MEMORY turn=15 reason=agent_a_reply changed=Agent A,Agent B
[03:55:38] STEP turn=None speaker=Agent A route_valid=- route_goal=- route=-
[04:00:44] PHASE turn=16 speaker=Agent B phase=NLG duration_sec=303.3662898540497
[04:00:44] PHASE turn=16 speaker=Agent B phase=TTS duration_sec=1.591484
[04:00:44] PHASE turn=16 speaker=Agent B phase=ASR duration_sec=1.530947
[04:00:44] SYSTEM telemetry.speech
[04:00:44] SYSTEM telemetry.timing
[04:00:44] MEMORY turn=16 reason=agent_b_reply changed=Agent A,Agent B
[04:00:44] STEP turn=None speaker=Agent B route_valid=- route_goal=- route=-
[04:00:44] PHASE turn=16 speaker=Agent B phase=NLU duration_sec=0.000477
[04:00:44] SYSTEM telemetry.nlu
[04:00:44] PHASE turn=16 speaker=Agent B phase=DM duration_sec=0.00012481119483709335
[04:00:44] TIMING turn=16 speaker=Agent B generation=303.36629 synthesis=1.591484 audio=7.719 recognition=1.530947 understanding=0.000477 dialogue_management=0.000125 pipeline_wall=3.123103 turn_observed=311.085892
[04:00:47] PHASE turn=17 speaker=Agent A phase=NLG duration_sec=0.001956939697265625
[04:00:47] PHASE turn=17 speaker=Agent A phase=TTS duration_sec=1.351774
[04:00:47] PHASE turn=17 speaker=Agent A phase=ASR duration_sec=0.952866
[04:00:47] SYSTEM telemetry.speech
[04:00:47] SYSTEM telemetry.timing
[04:00:47] TIMING turn=17 speaker=Agent A generation=0.001957 synthesis=1.351774 audio=3.87 recognition=0.952866 understanding=None dialogue_management=None pipeline_wall=2.305152 turn_observed=3.871957
[04:00:47] MEMORY turn=17 reason=agent_a_reply changed=Agent A,Agent B
[04:00:47] STEP turn=None speaker=Agent A route_valid=- route_goal=- route=-
[04:00:48] PHASE turn=18 speaker=Agent B phase=NLG duration_sec=0.0005068778991699219
[04:00:48] PHASE turn=18 speaker=Agent B phase=TTS duration_sec=0.726675
[04:00:48] PHASE turn=18 speaker=Agent B phase=ASR duration_sec=0.873508
[04:00:48] SYSTEM telemetry.speech
[04:00:48] SYSTEM telemetry.timing
[04:00:48] MEMORY turn=18 reason=agent_b_reply changed=Agent A,Agent B
[04:00:48] STEP turn=None speaker=Agent B route_valid=- route_goal=- route=-
[04:00:48] PHASE turn=18 speaker=Agent B phase=NLU duration_sec=1e-05
[04:00:48] PHASE turn=18 speaker=Agent B phase=DM duration_sec=0.00010361522436141968
[04:00:48] TIMING turn=18 speaker=Agent B generation=0.000507 synthesis=0.726675 audio=2.276 recognition=0.873508 understanding=1e-05 dialogue_management=0.000104 pipeline_wall=1.600637 turn_observed=2.27662
[04:00:51] PHASE turn=19 speaker=Agent A phase=NLG duration_sec=0.04458355903625488
[04:00:51] PHASE turn=19 speaker=Agent A phase=TTS duration_sec=1.617308
[04:00:51] PHASE turn=19 speaker=Agent A phase=ASR duration_sec=1.270245
[04:00:51] SYSTEM telemetry.speech
[04:00:51] SYSTEM telemetry.timing
[04:00:51] TIMING turn=19 speaker=Agent A generation=0.044584 synthesis=1.617308 audio=7.052 recognition=1.270245 understanding=None dialogue_management=None pipeline_wall=2.88799 turn_observed=7.096584
[04:00:51] MEMORY turn=19 reason=agent_a_reply changed=Agent A,Agent B
[04:00:51] STEP turn=None speaker=Agent A route_valid=- route_goal=- route=-
[04:05:46] PHASE turn=20 speaker=Agent B phase=NLG duration_sec=291.375691652298
[04:05:46] PHASE turn=20 speaker=Agent B phase=TTS duration_sec=1.761311
[04:05:46] PHASE turn=20 speaker=Agent B phase=ASR duration_sec=1.487412
[04:05:46] SYSTEM telemetry.speech
[04:05:46] SYSTEM telemetry.timing
[04:05:46] MEMORY turn=20 reason=agent_b_reply changed=Agent A,Agent B
[04:05:46] STEP turn=None speaker=Agent B route_valid=- route_goal=- route=-
[04:05:46] PHASE turn=20 speaker=Agent B phase=NLU duration_sec=0.000487
[04:05:46] SYSTEM telemetry.nlu
[04:05:46] PHASE turn=20 speaker=Agent B phase=DM duration_sec=0.0001228349283337593
[04:05:46] TIMING turn=20 speaker=Agent B generation=291.375692 synthesis=1.761311 audio=7.719 recognition=1.487412 understanding=0.000487 dialogue_management=0.000123 pipeline_wall=3.24941 turn_observed=299.095301
[04:05:46] SYSTEM metrics
[04:05:46] SYSTEM done
[04:05:46] SEGMENT batch.condition.end status=ok duration=1857.974955 seconds
[04:05:46] SESSION END batch-C-MT-FC-CLEAN-PIP-VOS-MP3M4-DEFAU-MED-I0-1b2f1d53bf-A
