=== batch-c-mpcc-dst-hesit-pip-vos-q05-defau-sml-i0-3007c4b4eb-a-20260710-202405.log | sha256=b7d563b4ea7ab40fceba0ecb9d287ae4b7f746f31b19bc18258cf73e5df05216 ===
[20:24:05] SESSION START batch-C-MPCC-DST-HESIT-PIP-VOS-Q05-DEFAU-SML-I0-3007c4b4eb-A
[20:24:05] SEGMENT batch.condition.start status=ok duration=None seconds
[20:24:05] SYSTEM timer.start
[20:24:20] PHASE turn=1 speaker=Agent A phase=NLG duration_sec=0.0
[20:24:20] PHASE turn=1 speaker=Agent A phase=TTS duration_sec=7.08163
[20:24:20] PHASE turn=1 speaker=Agent A phase=ASR duration_sec=3.256555
[20:24:20] SYSTEM telemetry.speech
[20:24:20] MEMORY turn=1 reason=opening changed=Agent A,Agent B
[20:24:20] STEP turn=None speaker=Agent A route_valid=- route_goal=- route=-
[20:24:20] SYSTEM telemetry.timing
[20:24:20] TIMING turn=1 speaker=Agent A generation=0.0 synthesis=7.08163 audio=12.423 recognition=3.256555 understanding=None dialogue_management=None pipeline_wall=14.422122 turn_observed=14.422254
[20:24:51] PHASE turn=2 speaker=Agent B phase=NLG duration_sec=23.346869945526123
[20:24:51] PHASE turn=2 speaker=Agent B phase=TTS duration_sec=2.860641
[20:24:51] PHASE turn=2 speaker=Agent B phase=ASR duration_sec=1.823112
[20:24:51] SYSTEM telemetry.speech
[20:24:51] SYSTEM telemetry.timing
[20:24:51] MEMORY turn=2 reason=agent_b_reply changed=Agent A,Agent B
[20:24:51] STEP turn=None speaker=Agent B route_valid=- route_goal=- route=-
[20:24:51] PHASE turn=2 speaker=Agent B phase=NLU duration_sec=0.002417
[20:24:51] SYSTEM telemetry.nlu
[20:24:51] SYSTEM route
[20:24:51] SYSTEM candidate
[20:24:51] PHASE turn=2 speaker=Agent B phase=DM duration_sec=0.008213102002628148
[20:24:51] TIMING turn=2 speaker=Agent B generation=23.34687 synthesis=2.860641 audio=6.924 recognition=1.823112 understanding=0.002417 dialogue_management=0.008213 pipeline_wall=8.039792 turn_observed=31.397393
[20:26:04] PHASE turn=3 speaker=Agent A phase=NLG duration_sec=66.83629202842712
[20:26:04] PHASE turn=3 speaker=Agent A phase=TTS duration_sec=1.49202
[20:26:04] PHASE turn=3 speaker=Agent A phase=ASR duration_sec=1.744626
[20:26:04] SYSTEM telemetry.speech
[20:26:04] SYSTEM telemetry.timing
[20:26:04] TIMING turn=3 speaker=Agent A generation=66.836292 synthesis=1.49202 audio=6.879 recognition=1.744626 understanding=None dialogue_management=None pipeline_wall=5.879455 turn_observed=73.715292
[20:26:04] MEMORY turn=3 reason=agent_a_reply changed=Agent A,Agent B
[20:26:04] STEP turn=None speaker=Agent A route_valid=- route_goal=- route=-
[20:26:31] PHASE turn=4 speaker=Agent B phase=NLG duration_sec=15.338681697845459
[20:26:31] PHASE turn=4 speaker=Agent B phase=TTS duration_sec=4.192971
[20:26:31] PHASE turn=4 speaker=Agent B phase=ASR duration_sec=2.379252
[20:26:31] SYSTEM telemetry.speech
[20:26:31] SYSTEM telemetry.timing
[20:26:31] MEMORY turn=4 reason=agent_b_reply changed=Agent A,Agent B
[20:26:31] STEP turn=None speaker=Agent B route_valid=- route_goal=- route=-
[20:26:31] PHASE turn=4 speaker=Agent B phase=NLU duration_sec=0.001508
[20:26:31] SYSTEM telemetry.nlu
[20:26:31] SYSTEM warning
[20:26:31] SYSTEM candidate
[20:26:31] PHASE turn=4 speaker=Agent B phase=DM duration_sec=0.0029837610200047493
[20:26:31] TIMING turn=4 speaker=Agent B generation=15.338682 synthesis=4.192971 audio=11.568 recognition=2.379252 understanding=0.001508 dialogue_management=0.002984 pipeline_wall=11.824685 turn_observed=27.167938
[20:27:46] PHASE turn=5 speaker=Agent A phase=NLG duration_sec=69.49594402313232
[20:27:46] PHASE turn=5 speaker=Agent A phase=TTS duration_sec=1.979295
[20:27:46] PHASE turn=5 speaker=Agent A phase=ASR duration_sec=1.312658
[20:27:46] SYSTEM telemetry.speech
[20:27:46] SYSTEM telemetry.timing
[20:27:46] TIMING turn=5 speaker=Agent A generation=69.495944 synthesis=1.979295 audio=6.129 recognition=1.312658 understanding=None dialogue_management=None pipeline_wall=5.212115 turn_observed=75.624944
[20:27:46] MEMORY turn=5 reason=agent_a_reply changed=Agent A,Agent B
[20:27:46] STEP turn=None speaker=Agent A route_valid=- route_goal=- route=-
[20:28:10] PHASE turn=6 speaker=Agent B phase=NLG duration_sec=15.355870246887207
[20:28:10] PHASE turn=6 speaker=Agent B phase=TTS duration_sec=3.119365
[20:28:10] PHASE turn=6 speaker=Agent B phase=ASR duration_sec=2.1202
[20:28:10] SYSTEM telemetry.speech
[20:28:10] SYSTEM telemetry.timing
[20:28:10] MEMORY turn=6 reason=agent_b_reply changed=Agent A,Agent B
[20:28:10] STEP turn=None speaker=Agent B route_valid=- route_goal=- route=-
[20:28:10] PHASE turn=6 speaker=Agent B phase=NLU duration_sec=0.00287
[20:28:10] SYSTEM telemetry.nlu
[20:28:10] SYSTEM warning
[20:28:10] SYSTEM candidate
[20:28:10] PHASE turn=6 speaker=Agent B phase=DM duration_sec=0.00262934691272676
[20:28:10] TIMING turn=6 speaker=Agent B generation=15.35587 synthesis=3.119365 audio=8.537 recognition=2.1202 understanding=0.00287 dialogue_management=0.002629 pipeline_wall=9.413968 turn_observed=24.775444
[20:28:14] PHASE turn=7 speaker=Agent A phase=NLG duration_sec=0.0038826465606689453
[20:28:14] PHASE turn=7 speaker=Agent A phase=TTS duration_sec=1.298111
[20:28:14] PHASE turn=7 speaker=Agent A phase=ASR duration_sec=1.117105
[20:28:14] SYSTEM telemetry.speech
[20:28:14] SYSTEM telemetry.timing
[20:28:14] TIMING turn=7 speaker=Agent A generation=0.003883 synthesis=1.298111 audio=4.556 recognition=1.117105 understanding=None dialogue_management=None pipeline_wall=4.136335 turn_observed=4.559883
[20:28:14] MEMORY turn=7 reason=agent_a_reply changed=Agent A,Agent B
[20:28:14] STEP turn=None speaker=Agent A route_valid=- route_goal=- route=-
[20:28:18] PHASE turn=8 speaker=Agent B phase=NLG duration_sec=0.3402397632598877
[20:28:18] PHASE turn=8 speaker=Agent B phase=TTS duration_sec=0.956938
[20:28:18] PHASE turn=8 speaker=Agent B phase=ASR duration_sec=0.900424
[20:28:18] SYSTEM telemetry.speech
[20:28:18] SYSTEM telemetry.timing
[20:28:18] MEMORY turn=8 reason=agent_b_reply changed=Agent A,Agent B
[20:28:18] STEP turn=None speaker=Agent B route_valid=- route_goal=- route=-
[20:28:18] PHASE turn=8 speaker=Agent B phase=NLU duration_sec=1.1e-05
[20:28:18] PHASE turn=8 speaker=Agent B phase=DM duration_sec=0.0001193659845739603
[20:28:18] TIMING turn=8 speaker=Agent B generation=0.34024 synthesis=0.956938 audio=2.921 recognition=0.900424 understanding=1.1e-05 dialogue_management=0.000119 pipeline_wall=3.174864 turn_observed=3.515313
[20:28:23] PHASE turn=9 speaker=Agent A phase=NLG duration_sec=0.02268242835998535
[20:28:23] PHASE turn=9 speaker=Agent A phase=TTS duration_sec=1.507688
[20:28:23] PHASE turn=9 speaker=Agent A phase=ASR duration_sec=1.305581
[20:28:23] SYSTEM telemetry.speech
[20:28:23] SYSTEM telemetry.timing
[20:28:23] TIMING turn=9 speaker=Agent A generation=0.022682 synthesis=1.507688 audio=5.487 recognition=1.305581 understanding=None dialogue_management=None pipeline_wall=4.823796 turn_observed=5.509682
[20:28:23] MEMORY turn=9 reason=agent_a_reply changed=Agent A,Agent B
[20:28:23] STEP turn=None speaker=Agent A route_valid=- route_goal=- route=-
[20:28:50] PHASE turn=10 speaker=Agent B phase=NLG duration_sec=15.248775959014893
[20:28:50] PHASE turn=10 speaker=Agent B phase=TTS duration_sec=2.922015
[20:28:50] PHASE turn=10 speaker=Agent B phase=ASR duration_sec=2.498946
[20:28:50] SYSTEM telemetry.speech
[20:28:50] SYSTEM telemetry.timing
[20:28:50] MEMORY turn=10 reason=agent_b_reply changed=Agent A,Agent B
[20:28:50] STEP turn=None speaker=Agent B route_valid=- route_goal=- route=-
[20:28:50] PHASE turn=10 speaker=Agent B phase=NLU duration_sec=0.01548
[20:28:50] SYSTEM telemetry.nlu
[20:28:50] SYSTEM candidate
[20:28:50] PHASE turn=10 speaker=Agent B phase=DM duration_sec=0.007192319026216865
[20:28:50] TIMING turn=10 speaker=Agent B generation=15.248776 synthesis=2.922015 audio=12.165 recognition=2.498946 understanding=0.01548 dialogue_management=0.007192 pipeline_wall=11.500962 turn_observed=27.436448
[20:28:54] PHASE turn=11 speaker=Agent A phase=NLG duration_sec=0.0034711360931396484
[20:28:54] PHASE turn=11 speaker=Agent A phase=TTS duration_sec=1.720473
[20:28:54] PHASE turn=11 speaker=Agent A phase=ASR duration_sec=1.107348
[20:28:54] SYSTEM telemetry.speech
[20:28:54] SYSTEM telemetry.timing
[20:28:54] TIMING turn=11 speaker=Agent A generation=0.003471 synthesis=1.720473 audio=4.762 recognition=1.107348 understanding=None dialogue_management=None pipeline_wall=4.430368 turn_observed=4.765471
[20:28:54] MEMORY turn=11 reason=agent_a_reply changed=Agent A,Agent B
[20:28:54] STEP turn=None speaker=Agent A route_valid=- route_goal=- route=-
[20:28:57] PHASE turn=12 speaker=Agent B phase=NLG duration_sec=0.0015153884887695312
[20:28:57] PHASE turn=12 speaker=Agent B phase=TTS duration_sec=0.958504
[20:28:57] PHASE turn=12 speaker=Agent B phase=ASR duration_sec=0.648145
[20:28:57] SYSTEM telemetry.speech
[20:28:57] SYSTEM telemetry.timing
[20:28:57] MEMORY turn=12 reason=agent_b_reply changed=Agent A,Agent B
[20:28:57] STEP turn=None speaker=Agent B route_valid=- route_goal=- route=-
[20:28:57] PHASE turn=12 speaker=Agent B phase=NLU duration_sec=1e-05
[20:28:57] PHASE turn=12 speaker=Agent B phase=DM duration_sec=0.00010284699965268373
[20:28:57] TIMING turn=12 speaker=Agent B generation=0.001515 synthesis=0.958504 audio=2.101 recognition=0.648145 understanding=1e-05 dialogue_management=0.000103 pipeline_wall=2.46012 turn_observed=2.461811
[20:30:19] PHASE turn=13 speaker=Agent A phase=NLG duration_sec=76.90986609458923
[20:30:19] PHASE turn=13 speaker=Agent A phase=TTS duration_sec=1.510117
[20:30:19] PHASE turn=13 speaker=Agent A phase=ASR duration_sec=1.275445
[20:30:19] SYSTEM telemetry.speech
[20:30:19] SYSTEM telemetry.timing
[20:30:19] TIMING turn=13 speaker=Agent A generation=76.909866 synthesis=1.510117 audio=5.923 recognition=1.275445 understanding=None dialogue_management=None pipeline_wall=5.156451 turn_observed=82.832866
[20:30:19] MEMORY turn=13 reason=agent_a_reply changed=Agent A,Agent B
[20:30:19] STEP turn=None speaker=Agent A route_valid=- route_goal=- route=-
[20:30:43] PHASE turn=14 speaker=Agent B phase=NLG duration_sec=15.24411678314209
[20:30:43] PHASE turn=14 speaker=Agent B phase=TTS duration_sec=2.973783
[20:30:43] PHASE turn=14 speaker=Agent B phase=ASR duration_sec=2.062913
[20:30:43] SYSTEM telemetry.speech
[20:30:43] SYSTEM telemetry.timing
[20:30:43] MEMORY turn=14 reason=agent_b_reply changed=Agent A,Agent B
[20:30:43] STEP turn=None speaker=Agent B route_valid=- route_goal=- route=-
[20:30:43] PHASE turn=14 speaker=Agent B phase=NLU duration_sec=0.003002
[20:30:43] SYSTEM telemetry.nlu
[20:30:43] SYSTEM warning
[20:30:43] SYSTEM candidate
[20:30:43] PHASE turn=14 speaker=Agent B phase=DM duration_sec=0.004460361902602017
[20:30:43] TIMING turn=14 speaker=Agent B generation=15.244117 synthesis=2.973783 audio=7.411 recognition=2.062913 understanding=0.003002 dialogue_management=0.00446 pipeline_wall=9.192291 turn_observed=24.444022
[20:32:07] PHASE turn=15 speaker=Agent A phase=NLG duration_sec=78.67984628677368
[20:32:07] PHASE turn=15 speaker=Agent A phase=TTS duration_sec=1.260367
[20:32:07] PHASE turn=15 speaker=Agent A phase=ASR duration_sec=1.623665
[20:32:07] SYSTEM telemetry.speech
[20:32:07] SYSTEM telemetry.timing
[20:32:07] TIMING turn=15 speaker=Agent A generation=78.679846 synthesis=1.260367 audio=7.217 recognition=1.623665 understanding=None dialogue_management=None pipeline_wall=5.508572 turn_observed=85.896846
[20:32:07] MEMORY turn=15 reason=agent_a_reply changed=Agent A,Agent B
[20:32:07] STEP turn=None speaker=Agent A route_valid=- route_goal=- route=-
[20:32:30] PHASE turn=16 speaker=Agent B phase=NLG duration_sec=15.28340768814087
[20:32:30] PHASE turn=16 speaker=Agent B phase=TTS duration_sec=1.871129
[20:32:30] PHASE turn=16 speaker=Agent B phase=ASR duration_sec=1.943313
[20:32:30] SYSTEM telemetry.speech
[20:32:30] SYSTEM telemetry.timing
[20:32:30] MEMORY turn=16 reason=agent_b_reply changed=Agent A,Agent B
[20:32:30] STEP turn=None speaker=Agent B route_valid=- route_goal=- route=-
[20:32:30] PHASE turn=16 speaker=Agent B phase=NLU duration_sec=0.00188
[20:32:30] SYSTEM telemetry.nlu
[20:32:30] PHASE turn=16 speaker=Agent B phase=DM duration_sec=0.00015197705943137407
[20:32:30] TIMING turn=16 speaker=Agent B generation=15.283408 synthesis=1.871129 audio=7.535 recognition=1.943313 understanding=0.00188 dialogue_management=0.000152 pipeline_wall=7.035596 turn_observed=22.820439
[20:32:33] PHASE turn=17 speaker=Agent A phase=NLG duration_sec=0.05121564865112305
[20:32:33] PHASE turn=17 speaker=Agent A phase=TTS duration_sec=0.985819
[20:32:33] PHASE turn=17 speaker=Agent A phase=ASR duration_sec=0.920407
[20:32:33] SYSTEM telemetry.speech
[20:32:33] SYSTEM telemetry.timing
[20:32:33] TIMING turn=17 speaker=Agent A generation=0.051216 synthesis=0.985819 audio=2.702 recognition=0.920407 understanding=None dialogue_management=None pipeline_wall=2.840311 turn_observed=2.891592
[20:32:33] MEMORY turn=17 reason=agent_a_reply changed=Agent A,Agent B
[20:32:33] STEP turn=None speaker=Agent A route_valid=- route_goal=- route=-
[20:32:37] PHASE turn=18 speaker=Agent B phase=NLG duration_sec=0.0015406608581542969
[20:32:37] PHASE turn=18 speaker=Agent B phase=TTS duration_sec=1.287797
[20:32:37] PHASE turn=18 speaker=Agent B phase=ASR duration_sec=1.143757
[20:32:37] SYSTEM telemetry.speech
[20:32:37] SYSTEM telemetry.timing
[20:32:37] MEMORY turn=18 reason=agent_b_reply changed=Agent A,Agent B
[20:32:37] STEP turn=None speaker=Agent B route_valid=- route_goal=- route=-
[20:32:37] PHASE turn=18 speaker=Agent B phase=NLU duration_sec=1.3e-05
[20:32:37] PHASE turn=18 speaker=Agent B phase=DM duration_sec=0.00014676107093691826
[20:32:37] TIMING turn=18 speaker=Agent B generation=0.001541 synthesis=1.287797 audio=2.921 recognition=1.143757 understanding=1.3e-05 dialogue_management=0.000147 pipeline_wall=3.893444 turn_observed=3.895213
[20:32:43] PHASE turn=19 speaker=Agent A phase=NLG duration_sec=0.026553630828857422
[20:32:43] PHASE turn=19 speaker=Agent A phase=TTS duration_sec=2.379226
[20:32:43] PHASE turn=19 speaker=Agent A phase=ASR duration_sec=1.628488
[20:32:43] SYSTEM telemetry.speech
[20:32:43] SYSTEM telemetry.timing
[20:32:43] TIMING turn=19 speaker=Agent A generation=0.026554 synthesis=2.379226 audio=6.854 recognition=1.628488 understanding=None dialogue_management=None pipeline_wall=6.625036 turn_observed=6.880554
[20:32:43] MEMORY turn=19 reason=agent_a_reply changed=Agent A,Agent B
[20:32:43] STEP turn=None speaker=Agent A route_valid=- route_goal=- route=-
[20:33:08] PHASE turn=20 speaker=Agent B phase=NLG duration_sec=15.262843370437622
[20:33:08] PHASE turn=20 speaker=Agent B phase=TTS duration_sec=2.881837
[20:33:08] PHASE turn=20 speaker=Agent B phase=ASR duration_sec=2.303947
[20:33:08] SYSTEM telemetry.speech
[20:33:08] SYSTEM telemetry.timing
[20:33:08] MEMORY turn=20 reason=agent_b_reply changed=Agent A,Agent B
[20:33:08] STEP turn=None speaker=Agent B route_valid=- route_goal=- route=-
[20:33:08] PHASE turn=20 speaker=Agent B phase=NLU duration_sec=0.001966
[20:33:08] SYSTEM telemetry.nlu
[20:33:08] SYSTEM warning
[20:33:08] SYSTEM candidate
[20:33:08] PHASE turn=20 speaker=Agent B phase=DM duration_sec=0.003028193023055792
[20:33:08] TIMING turn=20 speaker=Agent B generation=15.262843 synthesis=2.881837 audio=9.134 recognition=2.303947 understanding=0.001966 dialogue_management=0.003028 pipeline_wall=9.774481 turn_observed=25.042425
[20:33:08] SYSTEM metrics
[20:33:08] SYSTEM done
[20:33:08] SEGMENT batch.condition.end status=ok duration=543.210201 seconds
[20:33:08] SESSION END batch-C-MPCC-DST-HESIT-PIP-VOS-Q05-DEFAU-SML-I0-3007c4b4eb-A
