=== batch-c-mpcc-car-hesit-pip-vos-qq515-defau-med-i0-b46d6d07be-a-20260713-065852.log | sha256=150d5ff5b43cc5d1c41ea71311e5ad4cccbf2f838c728bea979442ee0049b48a ===
[06:58:52] SESSION START batch-C-MPCC-CAR-HESIT-PIP-VOS-QQ515-DEFAU-MED-I0-b46d6d07be-A
[06:58:52] SEGMENT batch.condition.start status=ok duration=None seconds
[06:58:52] SYSTEM timer.start
[06:59:03] PHASE turn=1 speaker=Agent A phase=NLG duration_sec=0.0
[06:59:03] PHASE turn=1 speaker=Agent A phase=TTS duration_sec=4.547637
[06:59:03] PHASE turn=1 speaker=Agent A phase=ASR duration_sec=2.398717
[06:59:03] SYSTEM telemetry.speech
[06:59:03] MEMORY turn=1 reason=opening changed=Agent A,Agent B
[06:59:03] STEP turn=None speaker=Agent A route_valid=- route_goal=- route=-
[06:59:03] SYSTEM telemetry.timing
[06:59:03] TIMING turn=1 speaker=Agent A generation=0.0 synthesis=4.547637 audio=12.423 recognition=2.398717 understanding=None dialogue_management=None pipeline_wall=10.814867 turn_observed=12.423
[06:59:39] PHASE turn=2 speaker=Agent B phase=NLG duration_sec=30.367979049682617
[06:59:39] PHASE turn=2 speaker=Agent B phase=TTS duration_sec=1.627743
[06:59:39] PHASE turn=2 speaker=Agent B phase=ASR duration_sec=1.467174
[06:59:39] SYSTEM telemetry.speech
[06:59:39] SYSTEM telemetry.timing
[06:59:39] MEMORY turn=2 reason=agent_b_reply changed=Agent A,Agent B
[06:59:39] STEP turn=None speaker=Agent B route_valid=- route_goal=- route=-
[06:59:39] PHASE turn=2 speaker=Agent B phase=NLU duration_sec=0.002098
[06:59:39] SYSTEM telemetry.nlu
[06:59:39] SYSTEM route
[06:59:39] SYSTEM candidate
[06:59:39] PHASE turn=2 speaker=Agent B phase=DM duration_sec=0.006193702109158039
[06:59:39] TIMING turn=2 speaker=Agent B generation=30.367979 synthesis=1.627743 audio=6.924 recognition=1.467174 understanding=0.002098 dialogue_management=0.006194 pipeline_wall=6.02674 turn_observed=37.300271
[07:00:30] PHASE turn=3 speaker=Agent A phase=NLG duration_sec=45.807249784469604
[07:00:30] PHASE turn=3 speaker=Agent A phase=TTS duration_sec=1.247458
[07:00:30] PHASE turn=3 speaker=Agent A phase=ASR duration_sec=1.399355
[07:00:30] SYSTEM telemetry.speech
[07:00:30] SYSTEM telemetry.timing
[07:00:30] TIMING turn=3 speaker=Agent A generation=45.80725 synthesis=1.247458 audio=8.609 recognition=1.399355 understanding=None dialogue_management=None pipeline_wall=5.509098 turn_observed=54.41625
[07:00:30] MEMORY turn=3 reason=agent_a_reply changed=Agent A,Agent B
[07:00:30] STEP turn=None speaker=Agent A route_valid=- route_goal=- route=-
[07:01:07] PHASE turn=4 speaker=Agent B phase=NLG duration_sec=26.295947551727295
[07:01:07] PHASE turn=4 speaker=Agent B phase=TTS duration_sec=2.028357
[07:01:07] PHASE turn=4 speaker=Agent B phase=ASR duration_sec=2.395671
[07:01:07] SYSTEM telemetry.speech
[07:01:07] SYSTEM telemetry.timing
[07:01:07] MEMORY turn=4 reason=agent_b_reply changed=Agent A,Agent B
[07:01:07] STEP turn=None speaker=Agent B route_valid=- route_goal=- route=-
[07:01:07] PHASE turn=4 speaker=Agent B phase=NLU duration_sec=0.004097
[07:01:07] SYSTEM telemetry.nlu
[07:01:07] SYSTEM candidate
[07:01:07] PHASE turn=4 speaker=Agent B phase=DM duration_sec=0.004082837142050266
[07:01:07] TIMING turn=4 speaker=Agent B generation=26.295948 synthesis=2.028357 audio=9.955 recognition=2.395671 understanding=0.004097 dialogue_management=0.004083 pipeline_wall=9.773927 turn_observed=36.259127
[07:01:09] PHASE turn=5 speaker=Agent A phase=NLG duration_sec=0.0026268959045410156
[07:01:09] PHASE turn=5 speaker=Agent A phase=TTS duration_sec=0.542531
[07:01:09] PHASE turn=5 speaker=Agent A phase=ASR duration_sec=1.099493
[07:01:09] SYSTEM telemetry.speech
[07:01:09] SYSTEM telemetry.timing
[07:01:09] TIMING turn=5 speaker=Agent A generation=0.002627 synthesis=0.542531 audio=3.419 recognition=1.099493 understanding=None dialogue_management=None pipeline_wall=2.930938 turn_observed=3.421627
[07:01:10] MEMORY turn=5 reason=agent_a_reply changed=Agent A,Agent B
[07:01:10] STEP turn=None speaker=Agent A route_valid=- route_goal=- route=-
[07:01:12] PHASE turn=6 speaker=Agent B phase=NLG duration_sec=0.3445463180541992
[07:01:12] PHASE turn=6 speaker=Agent B phase=TTS duration_sec=0.478212
[07:01:12] PHASE turn=6 speaker=Agent B phase=ASR duration_sec=0.877997
[07:01:12] SYSTEM telemetry.speech
[07:01:12] SYSTEM telemetry.timing
[07:01:12] MEMORY turn=6 reason=agent_b_reply changed=Agent A,Agent B
[07:01:12] STEP turn=None speaker=Agent B route_valid=- route_goal=- route=-
[07:01:12] PHASE turn=6 speaker=Agent B phase=NLU duration_sec=1.2e-05
[07:01:12] PHASE turn=6 speaker=Agent B phase=DM duration_sec=0.00011829589493572712
[07:01:12] TIMING turn=6 speaker=Agent B generation=0.344546 synthesis=0.478212 audio=1.767 recognition=0.877997 understanding=1.2e-05 dialogue_management=0.000118 pipeline_wall=2.258615 turn_observed=2.603365
[07:02:13] PHASE turn=7 speaker=Agent A phase=NLG duration_sec=55.700684785842896
[07:02:13] PHASE turn=7 speaker=Agent A phase=TTS duration_sec=1.15371
[07:02:13] PHASE turn=7 speaker=Agent A phase=ASR duration_sec=1.688585
[07:02:13] SYSTEM telemetry.speech
[07:02:13] SYSTEM telemetry.timing
[07:02:13] TIMING turn=7 speaker=Agent A generation=55.700685 synthesis=1.15371 audio=7.06 recognition=1.688585 understanding=None dialogue_management=None pipeline_wall=5.431894 turn_observed=62.760685
[07:02:13] MEMORY turn=7 reason=agent_a_reply changed=Agent A,Agent B
[07:02:13] STEP turn=None speaker=Agent A route_valid=- route_goal=- route=-
[07:02:54] PHASE turn=8 speaker=Agent B phase=NLG duration_sec=31.020541429519653
[07:02:54] PHASE turn=8 speaker=Agent B phase=TTS duration_sec=2.119964
[07:02:54] PHASE turn=8 speaker=Agent B phase=ASR duration_sec=2.099765
[07:02:54] SYSTEM telemetry.speech
[07:02:54] SYSTEM telemetry.timing
[07:02:54] MEMORY turn=8 reason=agent_b_reply changed=Agent A,Agent B
[07:02:54] STEP turn=None speaker=Agent B route_valid=- route_goal=- route=-
[07:02:54] PHASE turn=8 speaker=Agent B phase=NLU duration_sec=0.001301
[07:02:54] SYSTEM telemetry.nlu
[07:02:54] SYSTEM warning
[07:02:54] SYSTEM candidate
[07:02:54] PHASE turn=8 speaker=Agent B phase=DM duration_sec=0.0026403178926557302
[07:02:54] TIMING turn=8 speaker=Agent B generation=31.020541 synthesis=2.119964 audio=13.209 recognition=2.099765 understanding=0.001301 dialogue_management=0.00264 pipeline_wall=10.11621 turn_observed=44.233482
[07:02:57] PHASE turn=9 speaker=Agent A phase=NLG duration_sec=0.0013625621795654297
[07:02:57] PHASE turn=9 speaker=Agent A phase=TTS duration_sec=0.620804
[07:02:57] PHASE turn=9 speaker=Agent A phase=ASR duration_sec=1.037302
[07:02:57] SYSTEM telemetry.speech
[07:02:57] SYSTEM telemetry.timing
[07:02:57] TIMING turn=9 speaker=Agent A generation=0.001363 synthesis=0.620804 audio=3.988 recognition=1.037302 understanding=None dialogue_management=None pipeline_wall=2.984494 turn_observed=3.989363
[07:02:57] MEMORY turn=9 reason=agent_a_reply changed=Agent A,Agent B
[07:02:57] STEP turn=None speaker=Agent A route_valid=- route_goal=- route=-
[07:02:59] PHASE turn=10 speaker=Agent B phase=NLG duration_sec=0.0011780261993408203
[07:02:59] PHASE turn=10 speaker=Agent B phase=TTS duration_sec=0.438428
[07:02:59] PHASE turn=10 speaker=Agent B phase=ASR duration_sec=0.641746
[07:02:59] SYSTEM telemetry.speech
[07:02:59] SYSTEM telemetry.timing
[07:02:59] MEMORY turn=10 reason=agent_b_reply changed=Agent A,Agent B
[07:02:59] STEP turn=None speaker=Agent B route_valid=- route_goal=- route=-
[07:02:59] PHASE turn=10 speaker=Agent B phase=NLU duration_sec=1e-05
[07:02:59] PHASE turn=10 speaker=Agent B phase=DM duration_sec=0.00010031787678599358
[07:02:59] TIMING turn=10 speaker=Agent B generation=0.001178 synthesis=0.438428 audio=1.767 recognition=0.641746 understanding=1e-05 dialogue_management=0.0001 pipeline_wall=1.844272 turn_observed=1.845619
[07:04:03] PHASE turn=11 speaker=Agent A phase=NLG duration_sec=59.864689111709595
[07:04:03] PHASE turn=11 speaker=Agent A phase=TTS duration_sec=0.998812
[07:04:03] PHASE turn=11 speaker=Agent A phase=ASR duration_sec=1.232506
[07:04:03] SYSTEM telemetry.speech
[07:04:03] SYSTEM telemetry.timing
[07:04:03] TIMING turn=11 speaker=Agent A generation=59.864689 synthesis=0.998812 audio=6.129 recognition=1.232506 understanding=None dialogue_management=None pipeline_wall=4.110856 turn_observed=65.993689
[07:04:03] MEMORY turn=11 reason=agent_a_reply changed=Agent A,Agent B
[07:04:03] STEP turn=None speaker=Agent A route_valid=- route_goal=- route=-
[07:04:45] PHASE turn=12 speaker=Agent B phase=NLG duration_sec=32.88066387176514
[07:04:45] PHASE turn=12 speaker=Agent B phase=TTS duration_sec=2.151857
[07:04:45] PHASE turn=12 speaker=Agent B phase=ASR duration_sec=2.143162
[07:04:45] SYSTEM telemetry.speech
[07:04:45] SYSTEM telemetry.timing
[07:04:45] MEMORY turn=12 reason=agent_b_reply changed=Agent A,Agent B
[07:04:45] STEP turn=None speaker=Agent B route_valid=- route_goal=- route=-
[07:04:45] PHASE turn=12 speaker=Agent B phase=NLU duration_sec=0.003103
[07:04:45] SYSTEM telemetry.nlu
[07:04:45] SYSTEM warning
[07:04:45] SYSTEM candidate
[07:04:45] PHASE turn=12 speaker=Agent B phase=DM duration_sec=0.005078172078356147
[07:04:45] TIMING turn=12 speaker=Agent B generation=32.880664 synthesis=2.151857 audio=8.537 recognition=2.143162 understanding=0.003103 dialogue_management=0.005078 pipeline_wall=8.415091 turn_observed=41.425845
[07:05:54] PHASE turn=13 speaker=Agent A phase=NLG duration_sec=61.71289849281311
[07:05:54] PHASE turn=13 speaker=Agent A phase=TTS duration_sec=2.385333
[07:05:54] PHASE turn=13 speaker=Agent A phase=ASR duration_sec=1.673587
[07:05:54] SYSTEM telemetry.speech
[07:05:54] SYSTEM telemetry.timing
[07:05:54] TIMING turn=13 speaker=Agent A generation=61.712898 synthesis=2.385333 audio=8.765 recognition=1.673587 understanding=None dialogue_management=None pipeline_wall=7.491244 turn_observed=70.477898
[07:05:54] MEMORY turn=13 reason=agent_a_reply changed=Agent A,Agent B
[07:05:54] STEP turn=None speaker=Agent A route_valid=- route_goal=- route=-
[07:05:54] SYSTEM metrics
[07:05:54] SYSTEM done
[07:05:54] SEGMENT batch.condition.end status=ok duration=422.03949 seconds
[07:05:54] SESSION END batch-C-MPCC-CAR-HESIT-PIP-VOS-QQ515-DEFAU-MED-I0-b46d6d07be-A
