=== batch-c-mpcc-ran-hesit-pip-vos-tl1-defau-sml-i0-294a9024e3-a-20260711-013826.log | sha256=ec7838849e4b2881e710bea02cae5679282c4998448f9663b3e429111506d2aa ===
[01:38:26] SESSION START batch-C-MPCC-RAN-HESIT-PIP-VOS-TL1-DEFAU-SML-I0-294a9024e3-A
[01:38:26] SEGMENT batch.condition.start status=ok duration=None seconds
[01:38:26] SYSTEM timer.start
[01:38:41] PHASE turn=1 speaker=Agent A phase=NLG duration_sec=0.0
[01:38:41] PHASE turn=1 speaker=Agent A phase=TTS duration_sec=7.649126
[01:38:41] PHASE turn=1 speaker=Agent A phase=ASR duration_sec=3.102588
[01:38:41] SYSTEM telemetry.speech
[01:38:41] MEMORY turn=1 reason=opening changed=Agent A,Agent B
[01:38:41] STEP turn=None speaker=Agent A route_valid=- route_goal=- route=-
[01:38:41] SYSTEM telemetry.timing
[01:38:41] TIMING turn=1 speaker=Agent A generation=0.0 synthesis=7.649126 audio=12.423 recognition=3.102588 understanding=None dialogue_management=None pipeline_wall=15.05733 turn_observed=15.057422
[01:39:27] PHASE turn=2 speaker=Agent B phase=NLG duration_sec=37.58637070655823
[01:39:27] PHASE turn=2 speaker=Agent B phase=TTS duration_sec=2.826296
[01:39:27] PHASE turn=2 speaker=Agent B phase=ASR duration_sec=2.117415
[01:39:27] SYSTEM telemetry.speech
[01:39:27] SYSTEM telemetry.timing
[01:39:27] MEMORY turn=2 reason=agent_b_reply changed=Agent A,Agent B
[01:39:27] STEP turn=None speaker=Agent B route_valid=- route_goal=- route=-
[01:39:27] PHASE turn=2 speaker=Agent B phase=NLU duration_sec=0.002756
[01:39:27] SYSTEM telemetry.nlu
[01:39:27] SYSTEM route
[01:39:27] SYSTEM candidate
[01:39:27] PHASE turn=2 speaker=Agent B phase=DM duration_sec=0.006776298978365958
[01:39:27] TIMING turn=2 speaker=Agent B generation=37.586371 synthesis=2.826296 audio=6.924 recognition=2.117415 understanding=0.002756 dialogue_management=0.006776 pipeline_wall=8.572798 turn_observed=46.168819
[01:40:44] PHASE turn=3 speaker=Agent A phase=NLG duration_sec=69.37179899215698
[01:40:44] PHASE turn=3 speaker=Agent A phase=TTS duration_sec=1.936589
[01:40:44] PHASE turn=3 speaker=Agent A phase=ASR duration_sec=1.946808
[01:40:44] SYSTEM telemetry.speech
[01:40:44] SYSTEM telemetry.timing
[01:40:44] TIMING turn=3 speaker=Agent A generation=69.371799 synthesis=1.936589 audio=8.609 recognition=1.946808 understanding=None dialogue_management=None pipeline_wall=7.49628 turn_observed=77.980799
[01:40:44] MEMORY turn=3 reason=agent_a_reply changed=Agent A,Agent B
[01:40:44] STEP turn=None speaker=Agent A route_valid=- route_goal=- route=-
[01:41:28] PHASE turn=4 speaker=Agent B phase=NLG duration_sec=32.98276972770691
[01:41:28] PHASE turn=4 speaker=Agent B phase=TTS duration_sec=3.080641
[01:41:28] PHASE turn=4 speaker=Agent B phase=ASR duration_sec=2.880123
[01:41:28] SYSTEM telemetry.speech
[01:41:28] SYSTEM telemetry.timing
[01:41:28] MEMORY turn=4 reason=agent_b_reply changed=Agent A,Agent B
[01:41:28] STEP turn=None speaker=Agent B route_valid=- route_goal=- route=-
[01:41:28] PHASE turn=4 speaker=Agent B phase=NLU duration_sec=0.004846
[01:41:28] SYSTEM telemetry.nlu
[01:41:28] SYSTEM candidate
[01:41:28] PHASE turn=4 speaker=Agent B phase=DM duration_sec=0.008972825016826391
[01:41:28] TIMING turn=4 speaker=Agent B generation=32.98277 synthesis=3.080641 audio=9.955 recognition=2.880123 understanding=0.004846 dialogue_management=0.008973 pipeline_wall=11.207116 turn_observed=44.203837
[01:41:34] PHASE turn=5 speaker=Agent A phase=NLG duration_sec=0.0035958290100097656
[01:41:34] PHASE turn=5 speaker=Agent A phase=TTS duration_sec=2.073393
[01:41:34] PHASE turn=5 speaker=Agent A phase=ASR duration_sec=1.360797
[01:41:34] SYSTEM telemetry.speech
[01:41:34] SYSTEM telemetry.timing
[01:41:34] TIMING turn=5 speaker=Agent A generation=0.003596 synthesis=2.073393 audio=4.762 recognition=1.360797 understanding=None dialogue_management=None pipeline_wall=5.277279 turn_observed=5.280975
[01:41:34] MEMORY turn=5 reason=agent_a_reply changed=Agent A,Agent B
[01:41:34] STEP turn=None speaker=Agent A route_valid=- route_goal=- route=-
[01:41:37] PHASE turn=6 speaker=Agent B phase=NLG duration_sec=0.37386417388916016
[01:41:37] PHASE turn=6 speaker=Agent B phase=TTS duration_sec=0.763402
[01:41:37] PHASE turn=6 speaker=Agent B phase=ASR duration_sec=0.925456
[01:41:37] SYSTEM telemetry.speech
[01:41:37] SYSTEM telemetry.timing
[01:41:37] MEMORY turn=6 reason=agent_b_reply changed=Agent A,Agent B
[01:41:37] STEP turn=None speaker=Agent B route_valid=- route_goal=- route=-
[01:41:37] PHASE turn=6 speaker=Agent B phase=NLU duration_sec=1.6e-05
[01:41:37] PHASE turn=6 speaker=Agent B phase=DM duration_sec=0.00012199103366583586
[01:41:37] TIMING turn=6 speaker=Agent B generation=0.373864 synthesis=0.763402 audio=2.101 recognition=0.925456 understanding=1.6e-05 dialogue_management=0.000122 pipeline_wall=2.745973 turn_observed=3.120048
[01:41:43] PHASE turn=7 speaker=Agent A phase=NLG duration_sec=0.018060684204101562
[01:41:43] PHASE turn=7 speaker=Agent A phase=TTS duration_sec=1.734824
[01:41:43] PHASE turn=7 speaker=Agent A phase=ASR duration_sec=1.497994
[01:41:43] SYSTEM telemetry.speech
[01:41:43] SYSTEM telemetry.timing
[01:41:43] TIMING turn=7 speaker=Agent A generation=0.018061 synthesis=1.734824 audio=6.055 recognition=1.497994 understanding=None dialogue_management=None pipeline_wall=5.748246 turn_observed=6.073061
[01:41:43] MEMORY turn=7 reason=agent_a_reply changed=Agent A,Agent B
[01:41:43] STEP turn=None speaker=Agent A route_valid=- route_goal=- route=-
[01:42:30] PHASE turn=8 speaker=Agent B phase=NLG duration_sec=36.03133249282837
[01:42:30] PHASE turn=8 speaker=Agent B phase=TTS duration_sec=2.871876
[01:42:30] PHASE turn=8 speaker=Agent B phase=ASR duration_sec=2.544228
[01:42:30] SYSTEM telemetry.speech
[01:42:30] SYSTEM telemetry.timing
[01:42:30] MEMORY turn=8 reason=agent_b_reply changed=Agent A,Agent B
[01:42:30] STEP turn=None speaker=Agent B route_valid=- route_goal=- route=-
[01:42:30] PHASE turn=8 speaker=Agent B phase=NLU duration_sec=0.002603
[01:42:30] SYSTEM telemetry.nlu
[01:42:30] SYSTEM candidate
[01:42:30] PHASE turn=8 speaker=Agent B phase=DM duration_sec=0.009556410019285977
[01:42:30] TIMING turn=8 speaker=Agent B generation=36.031332 synthesis=2.871876 audio=10.775 recognition=2.544228 understanding=0.002603 dialogue_management=0.009556 pipeline_wall=10.941932 turn_observed=46.98553
[01:42:35] PHASE turn=9 speaker=Agent A phase=NLG duration_sec=0.0061838626861572266
[01:42:35] PHASE turn=9 speaker=Agent A phase=TTS duration_sec=1.537984
[01:42:35] PHASE turn=9 speaker=Agent A phase=ASR duration_sec=1.33627
[01:42:35] SYSTEM telemetry.speech
[01:42:35] SYSTEM telemetry.timing
[01:42:35] TIMING turn=9 speaker=Agent A generation=0.006184 synthesis=1.537984 audio=5.923 recognition=1.33627 understanding=None dialogue_management=None pipeline_wall=4.997539 turn_observed=5.929184
[01:42:35] MEMORY turn=9 reason=agent_a_reply changed=Agent A,Agent B
[01:42:35] STEP turn=None speaker=Agent A route_valid=- route_goal=- route=-
[01:43:22] PHASE turn=10 speaker=Agent B phase=NLG duration_sec=39.59132647514343
[01:43:22] PHASE turn=10 speaker=Agent B phase=TTS duration_sec=2.498409
[01:43:22] PHASE turn=10 speaker=Agent B phase=ASR duration_sec=1.704366
[01:43:22] SYSTEM telemetry.speech
[01:43:22] SYSTEM telemetry.timing
[01:43:22] MEMORY turn=10 reason=agent_b_reply changed=Agent A,Agent B
[01:43:22] STEP turn=None speaker=Agent B route_valid=- route_goal=- route=-
[01:43:22] PHASE turn=10 speaker=Agent B phase=NLU duration_sec=0.002736
[01:43:22] SYSTEM telemetry.nlu
[01:43:22] SYSTEM warning
[01:43:22] SYSTEM candidate
[01:43:22] PHASE turn=10 speaker=Agent B phase=DM duration_sec=0.0027851429767906666
[01:43:22] TIMING turn=10 speaker=Agent B generation=39.591326 synthesis=2.498409 audio=7.411 recognition=1.704366 understanding=0.002736 dialogue_management=0.002785 pipeline_wall=8.072637 turn_observed=47.669625
[01:43:26] PHASE turn=11 speaker=Agent A phase=NLG duration_sec=0.0030333995819091797
[01:43:26] PHASE turn=11 speaker=Agent A phase=TTS duration_sec=1.160488
[01:43:26] PHASE turn=11 speaker=Agent A phase=ASR duration_sec=1.037547
[01:43:26] SYSTEM telemetry.speech
[01:43:26] SYSTEM telemetry.timing
[01:43:26] TIMING turn=11 speaker=Agent A generation=0.003033 synthesis=1.160488 audio=3.419 recognition=1.037547 understanding=None dialogue_management=None pipeline_wall=3.689072 turn_observed=3.692195
[01:43:26] MEMORY turn=11 reason=agent_a_reply changed=Agent A,Agent B
[01:43:26] STEP turn=None speaker=Agent A route_valid=- route_goal=- route=-
[01:43:29] PHASE turn=12 speaker=Agent B phase=NLG duration_sec=0.0027170181274414062
[01:43:29] PHASE turn=12 speaker=Agent B phase=TTS duration_sec=1.009908
[01:43:29] PHASE turn=12 speaker=Agent B phase=ASR duration_sec=0.90157
[01:43:29] SYSTEM telemetry.speech
[01:43:29] SYSTEM telemetry.timing
[01:43:29] MEMORY turn=12 reason=agent_b_reply changed=Agent A,Agent B
[01:43:29] STEP turn=None speaker=Agent B route_valid=- route_goal=- route=-
[01:43:29] PHASE turn=12 speaker=Agent B phase=NLU duration_sec=1.2e-05
[01:43:29] PHASE turn=12 speaker=Agent B phase=DM duration_sec=0.00013308401685208082
[01:43:29] TIMING turn=12 speaker=Agent B generation=0.002717 synthesis=1.009908 audio=1.767 recognition=0.90157 understanding=1.2e-05 dialogue_management=0.000133 pipeline_wall=2.899524 turn_observed=2.902466
[01:43:35] PHASE turn=13 speaker=Agent A phase=NLG duration_sec=0.012769699096679688
[01:43:35] PHASE turn=13 speaker=Agent A phase=TTS duration_sec=2.160619
[01:43:35] PHASE turn=13 speaker=Agent A phase=ASR duration_sec=1.430752
[01:43:35] SYSTEM telemetry.speech
[01:43:35] SYSTEM telemetry.timing
[01:43:35] TIMING turn=13 speaker=Agent A generation=0.01277 synthesis=2.160619 audio=5.487 recognition=1.430752 understanding=None dialogue_management=None pipeline_wall=5.91831 turn_observed=5.931185
[01:43:35] MEMORY turn=13 reason=agent_a_reply changed=Agent A,Agent B
[01:43:35] STEP turn=None speaker=Agent A route_valid=- route_goal=- route=-
[01:44:23] PHASE turn=14 speaker=Agent B phase=NLG duration_sec=36.85487484931946
[01:44:23] PHASE turn=14 speaker=Agent B phase=TTS duration_sec=3.238295
[01:44:23] PHASE turn=14 speaker=Agent B phase=ASR duration_sec=2.518531
[01:44:23] SYSTEM telemetry.speech
[01:44:23] SYSTEM telemetry.timing
[01:44:23] MEMORY turn=14 reason=agent_b_reply changed=Agent A,Agent B
[01:44:23] STEP turn=None speaker=Agent B route_valid=- route_goal=- route=-
[01:44:23] PHASE turn=14 speaker=Agent B phase=NLU duration_sec=0.016367
[01:44:23] SYSTEM telemetry.nlu
[01:44:23] SYSTEM candidate
[01:44:23] PHASE turn=14 speaker=Agent B phase=DM duration_sec=0.009049342013895512
[01:44:23] TIMING turn=14 speaker=Agent B generation=36.854875 synthesis=3.238295 audio=9.621 recognition=2.518531 understanding=0.016367 dialogue_management=0.009049 pipeline_wall=11.040303 turn_observed=47.920736
[01:44:27] PHASE turn=15 speaker=Agent A phase=NLG duration_sec=0.002252817153930664
[01:44:27] PHASE turn=15 speaker=Agent A phase=TTS duration_sec=1.292031
[01:44:27] PHASE turn=15 speaker=Agent A phase=ASR duration_sec=1.127823
[01:44:27] SYSTEM telemetry.speech
[01:44:27] SYSTEM telemetry.timing
[01:44:27] TIMING turn=15 speaker=Agent A generation=0.002253 synthesis=1.292031 audio=4.375 recognition=1.127823 understanding=None dialogue_management=None pipeline_wall=4.103415 turn_observed=4.377253
[01:44:27] MEMORY turn=15 reason=agent_a_reply changed=Agent A,Agent B
[01:44:27] STEP turn=None speaker=Agent A route_valid=- route_goal=- route=-
[01:44:31] PHASE turn=16 speaker=Agent B phase=NLG duration_sec=0.0013418197631835938
[01:44:31] PHASE turn=16 speaker=Agent B phase=TTS duration_sec=1.402838
[01:44:31] PHASE turn=16 speaker=Agent B phase=ASR duration_sec=0.95231
[01:44:31] SYSTEM telemetry.speech
[01:44:31] SYSTEM telemetry.timing
[01:44:31] MEMORY turn=16 reason=agent_b_reply changed=Agent A,Agent B
[01:44:31] STEP turn=None speaker=Agent B route_valid=- route_goal=- route=-
[01:44:31] PHASE turn=16 speaker=Agent B phase=NLU duration_sec=1.3e-05
[01:44:31] PHASE turn=16 speaker=Agent B phase=DM duration_sec=0.00015213293954730034
[01:44:31] TIMING turn=16 speaker=Agent B generation=0.001342 synthesis=1.402838 audio=3.255 recognition=0.95231 understanding=1.3e-05 dialogue_management=0.000152 pipeline_wall=3.751023 turn_observed=3.752616
[01:44:36] PHASE turn=17 speaker=Agent A phase=NLG duration_sec=0.0253448486328125
[01:44:36] PHASE turn=17 speaker=Agent A phase=TTS duration_sec=1.884927
[01:44:36] PHASE turn=17 speaker=Agent A phase=ASR duration_sec=1.500499
[01:44:36] SYSTEM telemetry.speech
[01:44:36] SYSTEM telemetry.timing
[01:44:36] TIMING turn=17 speaker=Agent A generation=0.025345 synthesis=1.884927 audio=4.918 recognition=1.500499 understanding=None dialogue_management=None pipeline_wall=5.534899 turn_observed=5.560353
[01:44:36] MEMORY turn=17 reason=agent_a_reply changed=Agent A,Agent B
[01:44:36] STEP turn=None speaker=Agent A route_valid=- route_goal=- route=-
[01:45:22] PHASE turn=18 speaker=Agent B phase=NLG duration_sec=35.83317494392395
[01:45:22] PHASE turn=18 speaker=Agent B phase=TTS duration_sec=2.749875
[01:45:22] PHASE turn=18 speaker=Agent B phase=ASR duration_sec=2.286176
[01:45:22] SYSTEM telemetry.speech
[01:45:22] SYSTEM telemetry.timing
[01:45:22] MEMORY turn=18 reason=agent_b_reply changed=Agent A,Agent B
[01:45:22] STEP turn=None speaker=Agent B route_valid=- route_goal=- route=-
[01:45:22] PHASE turn=18 speaker=Agent B phase=NLU duration_sec=0.006875
[01:45:22] SYSTEM telemetry.nlu
[01:45:22] SYSTEM candidate
[01:45:22] PHASE turn=18 speaker=Agent B phase=DM duration_sec=0.008151825051754713
[01:45:22] TIMING turn=18 speaker=Agent B generation=35.833175 synthesis=2.749875 audio=10.109 recognition=2.286176 understanding=0.006875 dialogue_management=0.008152 pipeline_wall=10.011126 turn_observed=45.957201
[01:45:27] PHASE turn=19 speaker=Agent A phase=NLG duration_sec=0.018114089965820312
[01:45:27] PHASE turn=19 speaker=Agent A phase=TTS duration_sec=1.784033
[01:45:27] PHASE turn=19 speaker=Agent A phase=ASR duration_sec=1.269373
[01:45:27] SYSTEM telemetry.speech
[01:45:27] SYSTEM telemetry.timing
[01:45:27] TIMING turn=19 speaker=Agent A generation=0.018114 synthesis=1.784033 audio=5.355 recognition=1.269373 understanding=None dialogue_management=None pipeline_wall=4.919551 turn_observed=5.373114
[01:45:27] MEMORY turn=19 reason=agent_a_reply changed=Agent A,Agent B
[01:45:27] STEP turn=None speaker=Agent A route_valid=- route_goal=- route=-
[01:46:11] PHASE turn=20 speaker=Agent B phase=NLG duration_sec=37.70528960227966
[01:46:11] PHASE turn=20 speaker=Agent B phase=TTS duration_sec=1.93131
[01:46:11] PHASE turn=20 speaker=Agent B phase=ASR duration_sec=1.7144
[01:46:11] SYSTEM telemetry.speech
[01:46:11] SYSTEM telemetry.timing
[01:46:11] MEMORY turn=20 reason=agent_b_reply changed=Agent A,Agent B
[01:46:11] STEP turn=None speaker=Agent B route_valid=- route_goal=- route=-
[01:46:11] PHASE turn=20 speaker=Agent B phase=NLU duration_sec=0.00055
[01:46:11] SYSTEM telemetry.nlu
[01:46:11] PHASE turn=20 speaker=Agent B phase=DM duration_sec=0.00013405305799096823
[01:46:11] TIMING turn=20 speaker=Agent B generation=37.70529 synthesis=1.93131 audio=5.893 recognition=1.7144 understanding=0.00055 dialogue_management=0.000134 pipeline_wall=6.402082 turn_observed=44.108161
[01:46:11] SYSTEM metrics
[01:46:11] SYSTEM done
[01:46:11] SEGMENT batch.condition.end status=ok duration=465.501643 seconds
[01:46:11] SESSION END batch-C-MPCC-RAN-HESIT-PIP-VOS-TL1-DEFAU-SML-I0-294a9024e3-A
