=== batch-c-cee-car-mc-pip-vos-qq515-defau-med-i0-56d3a4bc28-t-20260713-044318.log | sha256=3788e8c2b91453e49c3623298689a6ba31d25a7c0444e61697f9fe33f131f328 ===
[04:43:18] SESSION START batch-C-CEE-CAR-MC-PIP-VOS-QQ515-DEFAU-MED-I0-56d3a4bc28-T
[04:43:18] SEGMENT batch.condition.start status=ok duration=None seconds
[04:43:18] SYSTEM timer.start
[04:43:19] PHASE turn=1 speaker=Agent A phase=NLG duration_sec=0.0
[04:43:19] PHASE turn=1 speaker=Agent A phase=TTS duration_sec=0.781688
[04:43:19] PHASE turn=1 speaker=Agent A phase=ASR duration_sec=0.05021
[04:43:19] SYSTEM telemetry.speech
[04:43:19] MEMORY turn=1 reason=opening changed=Agent A,Agent B
[04:43:19] STEP turn=None speaker=Agent A route_valid=- route_goal=- route=-
[04:43:19] SYSTEM telemetry.timing
[04:43:19] TIMING turn=1 speaker=Agent A generation=0.0 synthesis=0.781688 audio=9.861 recognition=0.05021 understanding=None dialogue_management=None pipeline_wall=0.832978 turn_observed=9.861
[04:43:53] PHASE turn=2 speaker=Agent B phase=NLG duration_sec=33.193798542022705
[04:43:53] PHASE turn=2 speaker=Agent B phase=TTS duration_sec=1.116941
[04:43:53] PHASE turn=2 speaker=Agent B phase=ASR duration_sec=0.022491
[04:43:53] SYSTEM telemetry.speech
[04:43:53] SYSTEM telemetry.timing
[04:43:53] MEMORY turn=2 reason=agent_b_reply changed=Agent A,Agent B
[04:43:53] STEP turn=None speaker=Agent B route_valid=- route_goal=- route=-
[04:43:53] PHASE turn=2 speaker=Agent B phase=NLU duration_sec=0.001064
[04:43:53] SYSTEM telemetry.nlu
[04:43:53] SYSTEM route
[04:43:53] SYSTEM candidate
[04:43:53] PHASE turn=2 speaker=Agent B phase=DM duration_sec=0.005320946220308542
[04:43:53] TIMING turn=2 speaker=Agent B generation=33.193799 synthesis=1.116941 audio=7.106 recognition=0.022491 understanding=0.001064 dialogue_management=0.005321 pipeline_wall=1.13981 turn_observed=40.306184
[04:44:40] PHASE turn=3 speaker=Agent A phase=NLG duration_sec=46.34127235412598
[04:44:40] PHASE turn=3 speaker=Agent A phase=TTS duration_sec=0.924397
[04:44:40] PHASE turn=3 speaker=Agent A phase=ASR duration_sec=0.027004
[04:44:40] SYSTEM telemetry.speech
[04:44:40] SYSTEM telemetry.timing
[04:44:40] TIMING turn=3 speaker=Agent A generation=46.341272 synthesis=0.924397 audio=6.852 recognition=0.027004 understanding=None dialogue_management=None pipeline_wall=0.952033 turn_observed=53.193272
[04:44:40] MEMORY turn=3 reason=agent_a_reply changed=Agent A,Agent B
[04:44:40] STEP turn=None speaker=Agent A route_valid=- route_goal=- route=-
[04:45:08] PHASE turn=4 speaker=Agent B phase=NLG duration_sec=26.321422338485718
[04:45:08] PHASE turn=4 speaker=Agent B phase=TTS duration_sec=1.534479
[04:45:08] PHASE turn=4 speaker=Agent B phase=ASR duration_sec=0.028414
[04:45:08] SYSTEM telemetry.speech
[04:45:08] SYSTEM telemetry.timing
[04:45:08] MEMORY turn=4 reason=agent_b_reply changed=Agent A,Agent B
[04:45:08] STEP turn=None speaker=Agent B route_valid=- route_goal=- route=-
[04:45:08] PHASE turn=4 speaker=Agent B phase=NLU duration_sec=0.005737
[04:45:08] SYSTEM telemetry.nlu
[04:45:08] SYSTEM candidate
[04:45:08] PHASE turn=4 speaker=Agent B phase=DM duration_sec=0.00454488187097013
[04:45:08] TIMING turn=4 speaker=Agent B generation=26.321422 synthesis=1.534479 audio=9.416 recognition=0.028414 understanding=0.005737 dialogue_management=0.004545 pipeline_wall=1.563302 turn_observed=35.747704
[04:46:04] PHASE turn=5 speaker=Agent A phase=NLG duration_sec=54.940340757369995
[04:46:04] PHASE turn=5 speaker=Agent A phase=TTS duration_sec=0.934819
[04:46:04] PHASE turn=5 speaker=Agent A phase=ASR duration_sec=0.031282
[04:46:04] SYSTEM telemetry.speech
[04:46:04] SYSTEM telemetry.timing
[04:46:04] TIMING turn=5 speaker=Agent A generation=54.940341 synthesis=0.934819 audio=5.252 recognition=0.031282 understanding=None dialogue_management=None pipeline_wall=0.96681 turn_observed=60.192341
[04:46:04] MEMORY turn=5 reason=agent_a_reply changed=Agent A,Agent B
[04:46:04] STEP turn=None speaker=Agent A route_valid=- route_goal=- route=-
[04:46:38] PHASE turn=6 speaker=Agent B phase=NLG duration_sec=31.21266794204712
[04:46:38] PHASE turn=6 speaker=Agent B phase=TTS duration_sec=2.522493
[04:46:38] PHASE turn=6 speaker=Agent B phase=ASR duration_sec=0.079982
[04:46:38] SYSTEM telemetry.speech
[04:46:38] SYSTEM telemetry.timing
[04:46:38] MEMORY turn=6 reason=agent_b_reply changed=Agent A,Agent B
[04:46:38] STEP turn=None speaker=Agent B route_valid=- route_goal=- route=-
[04:46:38] PHASE turn=6 speaker=Agent B phase=NLU duration_sec=0.011453
[04:46:38] SYSTEM telemetry.nlu
[04:46:38] SYSTEM candidate
[04:46:38] PHASE turn=6 speaker=Agent B phase=DM duration_sec=0.012908573960885406
[04:46:38] TIMING turn=6 speaker=Agent B generation=31.212668 synthesis=2.522493 audio=11.404 recognition=0.079982 understanding=0.011453 dialogue_management=0.012909 pipeline_wall=2.603442 turn_observed=42.641029
[04:47:39] PHASE turn=7 speaker=Agent A phase=NLG duration_sec=60.00129699707031
[04:47:39] PHASE turn=7 speaker=Agent A phase=TTS duration_sec=1.01232
[04:47:39] PHASE turn=7 speaker=Agent A phase=ASR duration_sec=0.034826
[04:47:39] SYSTEM telemetry.speech
[04:47:39] SYSTEM telemetry.timing
[04:47:39] TIMING turn=7 speaker=Agent A generation=60.001297 synthesis=1.01232 audio=5.652 recognition=0.034826 understanding=None dialogue_management=None pipeline_wall=1.047705 turn_observed=65.653297
[04:47:39] MEMORY turn=7 reason=agent_a_reply changed=Agent A,Agent B
[04:47:39] STEP turn=None speaker=Agent A route_valid=- route_goal=- route=-
[04:48:15] PHASE turn=8 speaker=Agent B phase=NLG duration_sec=33.656068563461304
[04:48:15] PHASE turn=8 speaker=Agent B phase=TTS duration_sec=1.998308
[04:48:15] PHASE turn=8 speaker=Agent B phase=ASR duration_sec=0.045072
[04:48:15] SYSTEM telemetry.speech
[04:48:15] SYSTEM telemetry.timing
[04:48:15] MEMORY turn=8 reason=agent_b_reply changed=Agent A,Agent B
[04:48:15] STEP turn=None speaker=Agent B route_valid=- route_goal=- route=-
[04:48:15] PHASE turn=8 speaker=Agent B phase=NLU duration_sec=0.006953
[04:48:15] SYSTEM telemetry.nlu
[04:48:15] SYSTEM candidate
[04:48:15] PHASE turn=8 speaker=Agent B phase=DM duration_sec=0.011300952872261405
[04:48:15] TIMING turn=8 speaker=Agent B generation=33.656069 synthesis=1.998308 audio=11.04 recognition=0.045072 understanding=0.006953 dialogue_management=0.011301 pipeline_wall=2.044066 turn_observed=44.714323
[04:49:21] PHASE turn=9 speaker=Agent A phase=NLG duration_sec=62.95443034172058
[04:49:21] PHASE turn=9 speaker=Agent A phase=TTS duration_sec=2.642403
[04:49:21] PHASE turn=9 speaker=Agent A phase=ASR duration_sec=0.372364
[04:49:21] SYSTEM telemetry.speech
[04:49:21] SYSTEM telemetry.timing
[04:49:21] TIMING turn=9 speaker=Agent A generation=62.95443 synthesis=2.642403 audio=9.736 recognition=0.372364 understanding=None dialogue_management=None pipeline_wall=3.015773 turn_observed=72.69043
[04:49:21] MEMORY turn=9 reason=agent_a_reply changed=Agent A,Agent B
[04:49:21] STEP turn=None speaker=Agent A route_valid=- route_goal=- route=-
[04:49:21] SYSTEM metrics
[04:49:21] SYSTEM done
[04:49:21] SEGMENT batch.condition.end status=ok duration=363.193527 seconds
[04:49:21] SESSION END batch-C-CEE-CAR-MC-PIP-VOS-QQ515-DEFAU-MED-I0-56d3a4bc28-T
