=== batch-c-mt-dst-hesit-pip-vos-tl1-defau-sml-i0-f178dd2e8e-a-20260714-035358.log | sha256=011aa538ffbe49c36a1f8665d2cb81be28f06772ccc7b76e389cdd33e3c5fa86 ===
[03:53:58] SESSION START batch-C-MT-DST-HESIT-PIP-VOS-TL1-DEFAU-SML-I0-f178dd2e8e-A
[03:53:58] SEGMENT batch.condition.start status=ok duration=None seconds
[03:53:58] SYSTEM timer.start
[03:54:09] PHASE turn=1 speaker=Agent A phase=NLG duration_sec=0.0
[03:54:09] PHASE turn=1 speaker=Agent A phase=TTS duration_sec=8.20968
[03:54:09] PHASE turn=1 speaker=Agent A phase=ASR duration_sec=1.559587
[03:54:09] SYSTEM telemetry.speech
[03:54:09] MEMORY turn=1 reason=opening changed=Agent A,Agent B
[03:54:09] STEP turn=None speaker=Agent A route_valid=- route_goal=- route=-
[03:54:09] SYSTEM telemetry.timing
[03:54:09] TIMING turn=1 speaker=Agent A generation=0.0 synthesis=8.20968 audio=11.467 recognition=1.559587 understanding=None dialogue_management=None pipeline_wall=11.79607 turn_observed=11.796143
[03:55:19] PHASE turn=2 speaker=Agent B phase=NLG duration_sec=58.63190150260925
[03:55:19] PHASE turn=2 speaker=Agent B phase=TTS duration_sec=7.507066
[03:55:19] PHASE turn=2 speaker=Agent B phase=ASR duration_sec=1.184005
[03:55:19] SYSTEM telemetry.speech
[03:55:19] SYSTEM telemetry.timing
[03:55:19] MEMORY turn=2 reason=agent_b_reply changed=Agent A,Agent B
[03:55:19] STEP turn=None speaker=Agent B route_valid=- route_goal=- route=-
[03:55:19] PHASE turn=2 speaker=Agent B phase=NLU duration_sec=0.001598
[03:55:19] SYSTEM telemetry.nlu
[03:55:19] SYSTEM route
[03:55:19] SYSTEM candidate
[03:55:19] PHASE turn=2 speaker=Agent B phase=DM duration_sec=0.0030749477446079254
[03:55:19] TIMING turn=2 speaker=Agent B generation=58.631902 synthesis=7.507066 audio=9.134 recognition=1.184005 understanding=0.001598 dialogue_management=0.003075 pipeline_wall=11.077505 turn_observed=69.714155
[03:55:25] PHASE turn=3 speaker=Agent A phase=NLG duration_sec=0.0016376972198486328
[03:55:25] PHASE turn=3 speaker=Agent A phase=TTS duration_sec=4.165501
[03:55:25] PHASE turn=3 speaker=Agent A phase=ASR duration_sec=0.733838
[03:55:25] SYSTEM telemetry.speech
[03:55:25] SYSTEM telemetry.timing
[03:55:25] TIMING turn=3 speaker=Agent A generation=0.001638 synthesis=4.165501 audio=5.331 recognition=0.733838 understanding=None dialogue_management=None pipeline_wall=5.835978 turn_observed=5.837667
[03:55:25] MEMORY turn=3 reason=agent_a_reply changed=Agent A,Agent B
[03:55:25] STEP turn=None speaker=Agent A route_valid=- route_goal=- route=-
[03:55:29] PHASE turn=4 speaker=Agent B phase=NLG duration_sec=0.18097662925720215
[03:55:29] PHASE turn=4 speaker=Agent B phase=TTS duration_sec=2.40886
[03:55:29] PHASE turn=4 speaker=Agent B phase=ASR duration_sec=0.454964
[03:55:29] SYSTEM telemetry.speech
[03:55:29] SYSTEM telemetry.timing
[03:55:29] MEMORY turn=4 reason=agent_b_reply changed=Agent A,Agent B
[03:55:29] STEP turn=None speaker=Agent B route_valid=- route_goal=- route=-
[03:55:29] PHASE turn=4 speaker=Agent B phase=NLU duration_sec=6e-06
[03:55:29] PHASE turn=4 speaker=Agent B phase=DM duration_sec=7.592886686325073e-05
[03:55:29] TIMING turn=4 speaker=Agent B generation=0.180977 synthesis=2.40886 audio=2.588 recognition=0.454964 understanding=6e-06 dialogue_management=7.6e-05 pipeline_wall=3.517498 turn_observed=3.698634
[03:55:54] PHASE turn=5 speaker=Agent A phase=NLG duration_sec=19.522167921066284
[03:55:54] PHASE turn=5 speaker=Agent A phase=TTS duration_sec=4.242151
[03:55:54] PHASE turn=5 speaker=Agent A phase=ASR duration_sec=0.736097
[03:55:54] SYSTEM telemetry.speech
[03:55:54] SYSTEM telemetry.timing
[03:55:54] TIMING turn=5 speaker=Agent A generation=19.522168 synthesis=4.242151 audio=5.742 recognition=0.736097 understanding=None dialogue_management=None pipeline_wall=6.015157 turn_observed=25.537386
[03:55:54] MEMORY turn=5 reason=agent_a_reply changed=Agent A,Agent B
[03:55:54] STEP turn=None speaker=Agent A route_valid=- route_goal=- route=-
[03:57:03] PHASE turn=6 speaker=Agent B phase=NLG duration_sec=57.58199167251587
[03:57:03] PHASE turn=6 speaker=Agent B phase=TTS duration_sec=7.640371
[03:57:03] PHASE turn=6 speaker=Agent B phase=ASR duration_sec=1.239616
[03:57:03] SYSTEM telemetry.speech
[03:57:03] SYSTEM telemetry.timing
[03:57:03] MEMORY turn=6 reason=agent_b_reply changed=Agent A,Agent B
[03:57:03] STEP turn=None speaker=Agent B route_valid=- route_goal=- route=-
[03:57:03] PHASE turn=6 speaker=Agent B phase=NLU duration_sec=0.000488
[03:57:03] SYSTEM telemetry.nlu
[03:57:03] SYSTEM candidate
[03:57:03] PHASE turn=6 speaker=Agent B phase=DM duration_sec=0.0015793396160006523
[03:57:03] TIMING turn=6 speaker=Agent B generation=57.581992 synthesis=7.640371 audio=9.025 recognition=1.239616 understanding=0.000488 dialogue_management=0.001579 pipeline_wall=11.204781 turn_observed=68.78892
[03:57:08] PHASE turn=7 speaker=Agent A phase=NLG duration_sec=0.0008642673492431641
[03:57:08] PHASE turn=7 speaker=Agent A phase=TTS duration_sec=3.657275
[03:57:08] PHASE turn=7 speaker=Agent A phase=ASR duration_sec=0.61881
[03:57:08] SYSTEM telemetry.speech
[03:57:08] SYSTEM telemetry.timing
[03:57:08] TIMING turn=7 speaker=Agent A generation=0.000864 synthesis=3.657275 audio=4.943 recognition=0.61881 understanding=None dialogue_management=None pipeline_wall=5.260338 turn_observed=5.261236
[03:57:08] MEMORY turn=7 reason=agent_a_reply changed=Agent A,Agent B
[03:57:08] STEP turn=None speaker=Agent A route_valid=- route_goal=- route=-
[03:57:12] PHASE turn=8 speaker=Agent B phase=NLG duration_sec=0.0007200241088867188
[03:57:12] PHASE turn=8 speaker=Agent B phase=TTS duration_sec=2.01992
[03:57:12] PHASE turn=8 speaker=Agent B phase=ASR duration_sec=0.504658
[03:57:12] SYSTEM telemetry.speech
[03:57:12] SYSTEM telemetry.timing
[03:57:12] MEMORY turn=8 reason=agent_b_reply changed=Agent A,Agent B
[03:57:12] STEP turn=None speaker=Agent B route_valid=- route_goal=- route=-
[03:57:12] PHASE turn=8 speaker=Agent B phase=NLU duration_sec=5e-06
[03:57:12] PHASE turn=8 speaker=Agent B phase=DM duration_sec=6.67991116642952e-05
[03:57:12] TIMING turn=8 speaker=Agent B generation=0.00072 synthesis=2.01992 audio=3.255 recognition=0.504658 understanding=5e-06 dialogue_management=6.7e-05 pipeline_wall=3.266054 turn_observed=3.266891
[03:57:18] PHASE turn=9 speaker=Agent A phase=NLG duration_sec=0.013867616653442383
[03:57:18] PHASE turn=9 speaker=Agent A phase=TTS duration_sec=4.421041
[03:57:18] PHASE turn=9 speaker=Agent A phase=ASR duration_sec=0.825929
[03:57:18] SYSTEM telemetry.speech
[03:57:18] SYSTEM telemetry.timing
[03:57:18] TIMING turn=9 speaker=Agent A generation=0.013868 synthesis=4.421041 audio=5.487 recognition=0.825929 understanding=None dialogue_management=None pipeline_wall=6.549197 turn_observed=6.563112
[03:57:18] MEMORY turn=9 reason=agent_a_reply changed=Agent A,Agent B
[03:57:18] STEP turn=None speaker=Agent A route_valid=- route_goal=- route=-
[03:58:31] PHASE turn=10 speaker=Agent B phase=NLG duration_sec=65.2612693309784
[03:58:31] PHASE turn=10 speaker=Agent B phase=TTS duration_sec=4.137333
[03:58:31] PHASE turn=10 speaker=Agent B phase=ASR duration_sec=1.064778
[03:58:31] SYSTEM telemetry.speech
[03:58:31] SYSTEM telemetry.timing
[03:58:31] MEMORY turn=10 reason=agent_b_reply changed=Agent A,Agent B
[03:58:31] STEP turn=None speaker=Agent B route_valid=- route_goal=- route=-
[03:58:31] PHASE turn=10 speaker=Agent B phase=NLU duration_sec=0.005573
[03:58:31] SYSTEM telemetry.nlu
[03:58:31] SYSTEM candidate
[03:58:31] PHASE turn=10 speaker=Agent B phase=DM duration_sec=0.0024637822061777115
[03:58:31] TIMING turn=10 speaker=Agent B generation=65.261269 synthesis=4.137333 audio=7.078 recognition=1.064778 understanding=0.005573 dialogue_management=0.002464 pipeline_wall=7.211508 turn_observed=72.480891
[03:58:59] PHASE turn=11 speaker=Agent A phase=NLG duration_sec=23.364073514938354
[03:58:59] PHASE turn=11 speaker=Agent A phase=TTS duration_sec=3.72143
[03:58:59] PHASE turn=11 speaker=Agent A phase=ASR duration_sec=0.647663
[03:58:59] SYSTEM telemetry.speech
[03:58:59] SYSTEM telemetry.timing
[03:58:59] TIMING turn=11 speaker=Agent A generation=23.364074 synthesis=3.72143 audio=5.355 recognition=0.647663 understanding=None dialogue_management=None pipeline_wall=5.279772 turn_observed=28.719074
[03:58:59] MEMORY turn=11 reason=agent_a_reply changed=Agent A,Agent B
[03:58:59] STEP turn=None speaker=Agent A route_valid=- route_goal=- route=-
[04:00:18] PHASE turn=12 speaker=Agent B phase=NLG duration_sec=68.025137424469
[04:00:18] PHASE turn=12 speaker=Agent B phase=TTS duration_sec=7.684455
[04:00:18] PHASE turn=12 speaker=Agent B phase=ASR duration_sec=1.039596
[04:00:18] SYSTEM telemetry.speech
[04:00:18] SYSTEM telemetry.timing
[04:00:18] MEMORY turn=12 reason=agent_b_reply changed=Agent A,Agent B
[04:00:18] STEP turn=None speaker=Agent B route_valid=- route_goal=- route=-
[04:00:18] PHASE turn=12 speaker=Agent B phase=NLU duration_sec=0.000478
[04:00:18] SYSTEM telemetry.nlu
[04:00:18] SYSTEM warning
[04:00:18] SYSTEM candidate
[04:00:18] PHASE turn=12 speaker=Agent B phase=DM duration_sec=0.0010412316769361496
[04:00:18] TIMING turn=12 speaker=Agent B generation=68.025137 synthesis=7.684455 audio=8.204 recognition=1.039596 understanding=0.000478 dialogue_management=0.001041 pipeline_wall=11.070894 turn_observed=79.09764
[04:00:25] PHASE turn=13 speaker=Agent A phase=NLG duration_sec=0.0019292831420898438
[04:00:25] PHASE turn=13 speaker=Agent A phase=TTS duration_sec=5.020157
[04:00:25] PHASE turn=13 speaker=Agent A phase=ASR duration_sec=0.736056
[04:00:25] SYSTEM telemetry.speech
[04:00:25] SYSTEM telemetry.timing
[04:00:25] TIMING turn=13 speaker=Agent A generation=0.001929 synthesis=5.020157 audio=5.923 recognition=0.736056 understanding=None dialogue_management=None pipeline_wall=7.059502 turn_observed=7.061479
[04:00:26] MEMORY turn=13 reason=agent_a_reply changed=Agent A,Agent B
[04:00:26] STEP turn=None speaker=Agent A route_valid=- route_goal=- route=-
[04:01:44] PHASE turn=14 speaker=Agent B phase=NLG duration_sec=68.64613819122314
[04:01:44] PHASE turn=14 speaker=Agent B phase=TTS duration_sec=7.09937
[04:01:44] PHASE turn=14 speaker=Agent B phase=ASR duration_sec=0.938946
[04:01:44] SYSTEM telemetry.speech
[04:01:44] SYSTEM telemetry.timing
[04:01:44] MEMORY turn=14 reason=agent_b_reply changed=Agent A,Agent B
[04:01:44] STEP turn=None speaker=Agent B route_valid=- route_goal=- route=-
[04:01:44] PHASE turn=14 speaker=Agent B phase=NLU duration_sec=0.000306
[04:01:44] SYSTEM telemetry.nlu
[04:01:44] PHASE turn=14 speaker=Agent B phase=DM duration_sec=8.080899715423584e-05
[04:01:44] TIMING turn=14 speaker=Agent B generation=68.646138 synthesis=7.09937 audio=6.381 recognition=0.938946 understanding=0.000306 dialogue_management=8.1e-05 pipeline_wall=9.659463 turn_observed=78.306085
[04:01:50] PHASE turn=15 speaker=Agent A phase=NLG duration_sec=0.018731117248535156
[04:01:50] PHASE turn=15 speaker=Agent A phase=TTS duration_sec=4.067863
[04:01:50] PHASE turn=15 speaker=Agent A phase=ASR duration_sec=0.683875
[04:01:50] SYSTEM telemetry.speech
[04:01:50] SYSTEM telemetry.timing
[04:01:50] TIMING turn=15 speaker=Agent A generation=0.018731 synthesis=4.067863 audio=5.149 recognition=0.683875 understanding=None dialogue_management=None pipeline_wall=5.687825 turn_observed=5.706606
[04:01:50] MEMORY turn=15 reason=agent_a_reply changed=Agent A,Agent B
[04:01:50] STEP turn=None speaker=Agent A route_valid=- route_goal=- route=-
[04:03:05] PHASE turn=16 speaker=Agent B phase=NLG duration_sec=67.79395604133606
[04:03:05] PHASE turn=16 speaker=Agent B phase=TTS duration_sec=4.354499
[04:03:05] PHASE turn=16 speaker=Agent B phase=ASR duration_sec=0.998172
[04:03:05] SYSTEM telemetry.speech
[04:03:05] SYSTEM telemetry.timing
[04:03:05] MEMORY turn=16 reason=agent_b_reply changed=Agent A
[04:03:05] STEP turn=None speaker=Agent B route_valid=- route_goal=- route=-
[04:03:05] PHASE turn=16 speaker=Agent B phase=NLU duration_sec=0.000309
[04:03:05] SYSTEM telemetry.nlu
[04:03:05] PHASE turn=16 speaker=Agent B phase=DM duration_sec=7.344968616962433e-05
[04:03:05] TIMING turn=16 speaker=Agent B generation=67.793956 synthesis=4.354499 audio=7.535 recognition=0.998172 understanding=0.000309 dialogue_management=7.3e-05 pipeline_wall=7.223647 turn_observed=75.329339
[04:03:12] PHASE turn=17 speaker=Agent A phase=NLG duration_sec=0.019235849380493164
[04:03:12] PHASE turn=17 speaker=Agent A phase=TTS duration_sec=5.100196
[04:03:12] PHASE turn=17 speaker=Agent A phase=ASR duration_sec=0.850518
[04:03:12] SYSTEM telemetry.speech
[04:03:12] SYSTEM telemetry.timing
[04:03:12] TIMING turn=17 speaker=Agent A generation=0.019236 synthesis=5.100196 audio=6.648 recognition=0.850518 understanding=None dialogue_management=None pipeline_wall=7.338359 turn_observed=7.357646
[04:03:12] MEMORY turn=17 reason=agent_a_reply changed=Agent A,Agent B
[04:03:12] STEP turn=None speaker=Agent A route_valid=- route_goal=- route=-
[04:04:26] PHASE turn=18 speaker=Agent B phase=NLG duration_sec=67.42340517044067
[04:04:26] PHASE turn=18 speaker=Agent B phase=TTS duration_sec=4.26795
[04:04:26] PHASE turn=18 speaker=Agent B phase=ASR duration_sec=0.945674
[04:04:26] SYSTEM telemetry.speech
[04:04:26] SYSTEM telemetry.timing
[04:04:26] MEMORY turn=18 reason=agent_b_reply changed=Agent A
[04:04:26] STEP turn=None speaker=Agent B route_valid=- route_goal=- route=-
[04:04:26] PHASE turn=18 speaker=Agent B phase=NLU duration_sec=0.000304
[04:04:26] SYSTEM telemetry.nlu
[04:04:26] PHASE turn=18 speaker=Agent B phase=DM duration_sec=7.754936814308167e-05
[04:04:26] TIMING turn=18 speaker=Agent B generation=67.423405 synthesis=4.26795 audio=6.868 recognition=0.945674 understanding=0.000304 dialogue_management=7.8e-05 pipeline_wall=7.020913 turn_observed=74.444772
[04:04:30] PHASE turn=19 speaker=Agent A phase=NLG duration_sec=0.0011131763458251953
[04:04:30] PHASE turn=19 speaker=Agent A phase=TTS duration_sec=2.606044
[04:04:30] PHASE turn=19 speaker=Agent A phase=ASR duration_sec=0.517514
[04:04:30] SYSTEM telemetry.speech
[04:04:30] SYSTEM telemetry.timing
[04:04:30] TIMING turn=19 speaker=Agent A generation=0.001113 synthesis=2.606044 audio=3.419 recognition=0.517514 understanding=None dialogue_management=None pipeline_wall=3.797939 turn_observed=3.799099
[04:04:30] MEMORY turn=19 reason=agent_a_reply changed=Agent A,Agent B
[04:04:30] STEP turn=None speaker=Agent A route_valid=- route_goal=- route=-
[04:04:33] PHASE turn=20 speaker=Agent B phase=NLG duration_sec=0.00042819976806640625
[04:04:33] PHASE turn=20 speaker=Agent B phase=TTS duration_sec=1.944494
[04:04:33] PHASE turn=20 speaker=Agent B phase=ASR duration_sec=0.401953
[04:04:33] SYSTEM telemetry.speech
[04:04:33] SYSTEM telemetry.timing
[04:04:33] MEMORY turn=20 reason=agent_b_reply changed=Agent A,Agent B
[04:04:33] STEP turn=None speaker=Agent B route_valid=- route_goal=- route=-
[04:04:33] PHASE turn=20 speaker=Agent B phase=NLU duration_sec=5e-06
[04:04:33] PHASE turn=20 speaker=Agent B phase=DM duration_sec=6.589014083147049e-05
[04:04:33] TIMING turn=20 speaker=Agent B generation=0.000428 synthesis=1.944494 audio=1.767 recognition=0.401953 understanding=5e-06 dialogue_management=6.6e-05 pipeline_wall=2.738858 turn_observed=2.739402
[04:04:33] SYSTEM metrics
[04:04:33] SYSTEM done
[04:04:33] SEGMENT batch.condition.end status=ok duration=635.451214 seconds
[04:04:33] SESSION END batch-C-MT-DST-HESIT-PIP-VOS-TL1-DEFAU-SML-I0-f178dd2e8e-A
