=== batch-c-mpcc-fc-clean-pip-vos-qq57i-defau-lrg-i0-7cde28dbf6-t-20260715-113243.log | sha256=d814511e74b8146d80a94bee41f0d44eca625f28922b8c8d57a2aa9769fef805 ===
[11:32:43] SESSION START batch-C-MPCC-FC-CLEAN-PIP-VOS-QQ57I-DEFAU-LRG-I0-7cde28dbf6-T
[11:32:43] SEGMENT batch.condition.start status=ok duration=None seconds
[11:32:43] SYSTEM timer.start
[11:32:44] PHASE turn=1 speaker=Agent A phase=NLG duration_sec=0.0
[11:32:44] PHASE turn=1 speaker=Agent A phase=TTS duration_sec=0.556659
[11:32:44] PHASE turn=1 speaker=Agent A phase=ASR duration_sec=0.027937
[11:32:44] SYSTEM telemetry.speech
[11:32:44] MEMORY turn=1 reason=opening changed=Agent A,Agent B
[11:32:44] STEP turn=None speaker=Agent A route_valid=- route_goal=- route=-
[11:32:44] SYSTEM telemetry.timing
[11:32:44] TIMING turn=1 speaker=Agent A generation=0.0 synthesis=0.556659 audio=11.463 recognition=0.027937 understanding=None dialogue_management=None pipeline_wall=0.585196 turn_observed=11.463
[11:37:33] PHASE turn=2 speaker=Agent B phase=NLG duration_sec=289.02785420417786
[11:37:33] PHASE turn=2 speaker=Agent B phase=TTS duration_sec=0.855222
[11:37:33] PHASE turn=2 speaker=Agent B phase=ASR duration_sec=0.015728
[11:37:33] SYSTEM telemetry.speech
[11:37:33] SYSTEM telemetry.timing
[11:37:34] MEMORY turn=2 reason=agent_b_reply changed=Agent A,Agent B
[11:37:34] STEP turn=None speaker=Agent B route_valid=- route_goal=- route=-
[11:37:34] PHASE turn=2 speaker=Agent B phase=NLU duration_sec=0.000892
[11:37:34] SYSTEM telemetry.nlu
[11:37:34] SYSTEM route
[11:37:34] SYSTEM candidate
[11:37:34] PHASE turn=2 speaker=Agent B phase=DM duration_sec=0.0027801301330327988
[11:37:34] TIMING turn=2 speaker=Agent B generation=289.027854 synthesis=0.855222 audio=9.03 recognition=0.015728 understanding=0.000892 dialogue_management=0.00278 pipeline_wall=0.87137 turn_observed=298.061526
[11:37:54] PHASE turn=3 speaker=Agent A phase=NLG duration_sec=19.89170479774475
[11:37:54] PHASE turn=3 speaker=Agent A phase=TTS duration_sec=0.564066
[11:37:54] PHASE turn=3 speaker=Agent A phase=ASR duration_sec=0.015515
[11:37:54] SYSTEM telemetry.speech
[11:37:54] SYSTEM telemetry.timing
[11:37:54] TIMING turn=3 speaker=Agent A generation=19.891705 synthesis=0.564066 audio=6.597 recognition=0.015515 understanding=None dialogue_management=None pipeline_wall=0.580057 turn_observed=26.488705
[11:37:54] MEMORY turn=3 reason=agent_a_reply changed=Agent A,Agent B
[11:37:54] STEP turn=None speaker=Agent A route_valid=- route_goal=- route=-
[11:43:13] PHASE turn=4 speaker=Agent B phase=NLG duration_sec=317.9117593765259
[11:43:13] PHASE turn=4 speaker=Agent B phase=TTS duration_sec=1.299251
[11:43:13] PHASE turn=4 speaker=Agent B phase=ASR duration_sec=0.022564
[11:43:13] SYSTEM telemetry.speech
[11:43:13] SYSTEM telemetry.timing
[11:43:13] MEMORY turn=4 reason=agent_b_reply changed=Agent A,Agent B
[11:43:13] STEP turn=None speaker=Agent B route_valid=- route_goal=- route=-
[11:43:13] PHASE turn=4 speaker=Agent B phase=NLU duration_sec=0.002331
[11:43:13] SYSTEM telemetry.nlu
[11:43:13] SYSTEM candidate
[11:43:13] PHASE turn=4 speaker=Agent B phase=DM duration_sec=0.0028038788586854935
[11:43:13] TIMING turn=4 speaker=Agent B generation=317.911759 synthesis=1.299251 audio=14.461 recognition=0.022564 understanding=0.002331 dialogue_management=0.002804 pipeline_wall=1.322283 turn_observed=332.377894
[11:43:36] PHASE turn=5 speaker=Agent A phase=NLG duration_sec=21.55586338043213
[11:43:36] PHASE turn=5 speaker=Agent A phase=TTS duration_sec=0.959821
[11:43:36] PHASE turn=5 speaker=Agent A phase=ASR duration_sec=0.02676
[11:43:36] SYSTEM telemetry.speech
[11:43:36] SYSTEM telemetry.timing
[11:43:36] TIMING turn=5 speaker=Agent A generation=21.555863 synthesis=0.959821 audio=10.019 recognition=0.02676 understanding=None dialogue_management=None pipeline_wall=0.987013 turn_observed=31.574863
[11:43:36] MEMORY turn=5 reason=agent_a_reply changed=Agent A,Agent B
[11:43:36] STEP turn=None speaker=Agent A route_valid=- route_goal=- route=-
[11:49:38] PHASE turn=6 speaker=Agent B phase=NLG duration_sec=361.5462737083435
[11:49:38] PHASE turn=6 speaker=Agent B phase=TTS duration_sec=1.077077
[11:49:38] PHASE turn=6 speaker=Agent B phase=ASR duration_sec=0.01898
[11:49:38] SYSTEM telemetry.speech
[11:49:38] SYSTEM telemetry.timing
[11:49:38] MEMORY turn=6 reason=agent_b_reply changed=Agent A,Agent B
[11:49:38] STEP turn=None speaker=Agent B route_valid=- route_goal=- route=-
[11:49:38] PHASE turn=6 speaker=Agent B phase=NLU duration_sec=0.001746
[11:49:38] SYSTEM telemetry.nlu
[11:49:38] SYSTEM candidate
[11:49:38] PHASE turn=6 speaker=Agent B phase=DM duration_sec=0.004336226731538773
[11:49:38] TIMING turn=6 speaker=Agent B generation=361.546274 synthesis=1.077077 audio=11.925 recognition=0.01898 understanding=0.001746 dialogue_management=0.004336 pipeline_wall=1.096419 turn_observed=373.477356
[11:50:03] PHASE turn=7 speaker=Agent A phase=NLG duration_sec=23.963417530059814
[11:50:03] PHASE turn=7 speaker=Agent A phase=TTS duration_sec=0.74263
[11:50:03] PHASE turn=7 speaker=Agent A phase=ASR duration_sec=0.018817
[11:50:03] SYSTEM telemetry.speech
[11:50:03] SYSTEM telemetry.timing
[11:50:03] TIMING turn=7 speaker=Agent A generation=23.963418 synthesis=0.74263 audio=8.415 recognition=0.018817 understanding=None dialogue_management=None pipeline_wall=0.761822 turn_observed=32.378418
[11:50:03] MEMORY turn=7 reason=agent_a_reply changed=Agent A,Agent B
[11:50:03] STEP turn=None speaker=Agent A route_valid=- route_goal=- route=-
[11:56:24] PHASE turn=8 speaker=Agent B phase=NLG duration_sec=379.9187936782837
[11:56:24] PHASE turn=8 speaker=Agent B phase=TTS duration_sec=0.823792
[11:56:24] PHASE turn=8 speaker=Agent B phase=ASR duration_sec=0.016068
[11:56:24] SYSTEM telemetry.speech
[11:56:24] SYSTEM telemetry.timing
[11:56:24] MEMORY turn=8 reason=agent_b_reply changed=Agent A,Agent B
[11:56:24] STEP turn=None speaker=Agent B route_valid=- route_goal=- route=-
[11:56:24] PHASE turn=8 speaker=Agent B phase=NLU duration_sec=0.001741
[11:56:24] SYSTEM telemetry.nlu
[11:56:24] SYSTEM candidate
[11:56:24] PHASE turn=8 speaker=Agent B phase=DM duration_sec=0.004199432209134102
[11:56:24] TIMING turn=8 speaker=Agent B generation=379.918794 synthesis=0.823792 audio=9.03 recognition=0.016068 understanding=0.001741 dialogue_management=0.004199 pipeline_wall=0.840274 turn_observed=388.954734
[11:56:50] PHASE turn=9 speaker=Agent A phase=NLG duration_sec=25.052914142608643
[11:56:50] PHASE turn=9 speaker=Agent A phase=TTS duration_sec=0.522239
[11:56:50] PHASE turn=9 speaker=Agent A phase=ASR duration_sec=0.013444
[11:56:50] SYSTEM telemetry.speech
[11:56:50] SYSTEM telemetry.timing
[11:56:50] TIMING turn=9 speaker=Agent A generation=25.052914 synthesis=0.522239 audio=5.361 recognition=0.013444 understanding=None dialogue_management=None pipeline_wall=0.536098 turn_observed=30.413914
[11:56:50] MEMORY turn=9 reason=agent_a_reply changed=Agent A,Agent B
[11:56:50] STEP turn=None speaker=Agent A route_valid=- route_goal=- route=-
[11:56:50] SYSTEM metrics
[11:56:50] SYSTEM done
[11:56:50] SEGMENT batch.condition.end status=ok duration=1446.615641 seconds
[11:56:50] SESSION END batch-C-MPCC-FC-CLEAN-PIP-VOS-QQ57I-DEFAU-LRG-I0-7cde28dbf6-T
