=== batch-c-mt-dst-hesit-pip-vos-mp3m4-defau-med-i0-5b530146d4-a-20260714-072549.log | sha256=febaa44a826951e2a888ec28efc38fdefc9a442c78d98fcc41fde72bcab4d4d8 ===
[07:25:49] SESSION START batch-C-MT-DST-HESIT-PIP-VOS-MP3M4-DEFAU-MED-I0-5b530146d4-A
[07:25:49] SEGMENT batch.condition.start status=ok duration=None seconds
[07:25:49] SYSTEM timer.start
[07:26:04] PHASE turn=1 speaker=Agent A phase=NLG duration_sec=0.0
[07:26:04] PHASE turn=1 speaker=Agent A phase=TTS duration_sec=5.748425
[07:26:04] PHASE turn=1 speaker=Agent A phase=ASR duration_sec=1.937477
[07:26:04] SYSTEM telemetry.speech
[07:26:04] MEMORY turn=1 reason=opening changed=Agent A,Agent B
[07:26:04] STEP turn=None speaker=Agent A route_valid=- route_goal=- route=-
[07:26:04] SYSTEM telemetry.timing
[07:26:04] TIMING turn=1 speaker=Agent A generation=0.0 synthesis=5.748425 audio=11.467 recognition=1.937477 understanding=None dialogue_management=None pipeline_wall=15.456679 turn_observed=15.456954
[07:26:12] PHASE turn=2 speaker=Agent B phase=NLG duration_sec=0.0020973682403564453
[07:26:12] PHASE turn=2 speaker=Agent B phase=TTS duration_sec=3.200209
[07:26:12] PHASE turn=2 speaker=Agent B phase=ASR duration_sec=0.833036
[07:26:12] SYSTEM telemetry.speech
[07:26:12] SYSTEM telemetry.timing
[07:26:12] MEMORY turn=2 reason=agent_b_reply changed=Agent A,Agent B
[07:26:12] STEP turn=None speaker=Agent B route_valid=- route_goal=- route=-
[07:26:12] PHASE turn=2 speaker=Agent B phase=NLU duration_sec=0.002667
[07:26:12] SYSTEM telemetry.nlu
[07:26:12] PHASE turn=2 speaker=Agent B phase=DM duration_sec=0.0003851037472486496
[07:26:12] TIMING turn=2 speaker=Agent B generation=0.002097 synthesis=3.200209 audio=4.047 recognition=0.833036 understanding=0.002667 dialogue_management=0.000385 pipeline_wall=7.997934 turn_observed=8.003223
[07:26:16] PHASE turn=3 speaker=Agent A phase=NLG duration_sec=0.012726545333862305
[07:26:16] PHASE turn=3 speaker=Agent A phase=TTS duration_sec=1.337488
[07:26:16] PHASE turn=3 speaker=Agent A phase=ASR duration_sec=0.436221
[07:26:16] SYSTEM telemetry.speech
[07:26:16] SYSTEM telemetry.timing
[07:26:16] TIMING turn=3 speaker=Agent A generation=0.012727 synthesis=1.337488 audio=1.673 recognition=0.436221 understanding=None dialogue_management=None pipeline_wall=3.738786 turn_observed=3.751634
[07:26:16] MEMORY turn=3 reason=agent_a_reply changed=Agent A,Agent B
[07:26:16] STEP turn=None speaker=Agent A route_valid=- route_goal=- route=-
[07:31:21] PHASE turn=4 speaker=Agent B phase=NLG duration_sec=287.06189346313477
[07:31:21] PHASE turn=4 speaker=Agent B phase=TTS duration_sec=5.361364
[07:31:21] PHASE turn=4 speaker=Agent B phase=ASR duration_sec=1.566052
[07:31:21] SYSTEM telemetry.speech
[07:31:21] SYSTEM telemetry.timing
[07:31:22] MEMORY turn=4 reason=agent_b_reply changed=Agent A,Agent B
[07:31:22] STEP turn=None speaker=Agent B route_valid=- route_goal=- route=-
[07:31:22] PHASE turn=4 speaker=Agent B phase=NLU duration_sec=0.009519
[07:31:22] SYSTEM telemetry.nlu
[07:31:22] SYSTEM route
[07:31:22] SYSTEM candidate
[07:31:22] PHASE turn=4 speaker=Agent B phase=DM duration_sec=0.0225255461409688
[07:31:22] TIMING turn=4 speaker=Agent B generation=287.061893 synthesis=5.361364 audio=9.621 recognition=1.566052 understanding=0.009519 dialogue_management=0.022526 pipeline_wall=18.223304 turn_observed=305.317504
[07:31:32] PHASE turn=5 speaker=Agent A phase=NLG duration_sec=0.020688772201538086
[07:31:32] PHASE turn=5 speaker=Agent A phase=TTS duration_sec=5.194279
[07:31:32] PHASE turn=5 speaker=Agent A phase=ASR duration_sec=0.947472
[07:31:32] SYSTEM telemetry.speech
[07:31:32] SYSTEM telemetry.timing
[07:31:32] TIMING turn=5 speaker=Agent A generation=0.020689 synthesis=5.194279 audio=5.355 recognition=0.947472 understanding=None dialogue_management=None pipeline_wall=10.488929 turn_observed=10.50979
[07:31:32] MEMORY turn=5 reason=agent_a_reply changed=Agent A,Agent B
[07:31:32] STEP turn=None speaker=Agent A route_valid=- route_goal=- route=-
[07:36:01] PHASE turn=6 speaker=Agent B phase=NLG duration_sec=255.28713250160217
[07:36:01] PHASE turn=6 speaker=Agent B phase=TTS duration_sec=4.487594
[07:36:01] PHASE turn=6 speaker=Agent B phase=ASR duration_sec=1.39388
[07:36:01] SYSTEM telemetry.speech
[07:36:01] SYSTEM telemetry.timing
[07:36:01] MEMORY turn=6 reason=agent_b_reply changed=Agent A,Agent B
[07:36:01] STEP turn=None speaker=Agent B route_valid=- route_goal=- route=-
[07:36:01] PHASE turn=6 speaker=Agent B phase=NLU duration_sec=0.008776
[07:36:01] SYSTEM telemetry.nlu
[07:36:01] SYSTEM candidate
[07:36:01] PHASE turn=6 speaker=Agent B phase=DM duration_sec=0.0159638412296772
[07:36:01] TIMING turn=6 speaker=Agent B generation=255.287133 synthesis=4.487594 audio=6.591 recognition=1.39388 understanding=0.008776 dialogue_management=0.015964 pipeline_wall=13.424897 turn_observed=268.737005
[07:36:10] PHASE turn=7 speaker=Agent A phase=NLG duration_sec=0.01948261260986328
[07:36:10] PHASE turn=7 speaker=Agent A phase=TTS duration_sec=3.004702
[07:36:10] PHASE turn=7 speaker=Agent A phase=ASR duration_sec=1.101145
[07:36:10] SYSTEM telemetry.speech
[07:36:10] SYSTEM telemetry.timing
[07:36:10] TIMING turn=7 speaker=Agent A generation=0.019483 synthesis=3.004702 audio=6.492 recognition=1.101145 understanding=None dialogue_management=None pipeline_wall=8.832447 turn_observed=8.852108
[07:36:10] MEMORY turn=7 reason=agent_a_reply changed=Agent B
[07:36:10] STEP turn=None speaker=Agent A route_valid=- route_goal=- route=-
[07:40:59] PHASE turn=8 speaker=Agent B phase=NLG duration_sec=277.1804504394531
[07:40:59] PHASE turn=8 speaker=Agent B phase=TTS duration_sec=3.097462
[07:40:59] PHASE turn=8 speaker=Agent B phase=ASR duration_sec=1.132425
[07:40:59] SYSTEM telemetry.speech
[07:40:59] SYSTEM telemetry.timing
[07:40:59] MEMORY turn=8 reason=agent_b_reply changed=Agent A,Agent B
[07:40:59] STEP turn=None speaker=Agent B route_valid=- route_goal=- route=-
[07:40:59] PHASE turn=8 speaker=Agent B phase=NLU duration_sec=0.002558
[07:40:59] SYSTEM telemetry.nlu
[07:40:59] PHASE turn=8 speaker=Agent B phase=DM duration_sec=0.0003642914816737175
[07:40:59] TIMING turn=8 speaker=Agent B generation=277.18045 synthesis=3.097462 audio=7.535 recognition=1.132425 understanding=0.002558 dialogue_management=0.000364 pipeline_wall=11.618494 turn_observed=288.802078
[07:41:07] PHASE turn=9 speaker=Agent A phase=NLG duration_sec=0.06146049499511719
[07:41:07] PHASE turn=9 speaker=Agent A phase=TTS duration_sec=2.425978
[07:41:07] PHASE turn=9 speaker=Agent A phase=ASR duration_sec=0.863737
[07:41:07] SYSTEM telemetry.speech
[07:41:07] SYSTEM telemetry.timing
[07:41:07] TIMING turn=9 speaker=Agent A generation=0.06146 synthesis=2.425978 audio=7.217 recognition=0.863737 understanding=None dialogue_management=None pipeline_wall=8.347111 turn_observed=8.408722
[07:41:07] MEMORY turn=9 reason=agent_a_reply changed=Agent A,Agent B
[07:41:07] STEP turn=None speaker=Agent A route_valid=- route_goal=- route=-
[07:45:48] PHASE turn=10 speaker=Agent B phase=NLG duration_sec=270.87734961509705
[07:45:48] PHASE turn=10 speaker=Agent B phase=TTS duration_sec=3.068058
[07:45:48] PHASE turn=10 speaker=Agent B phase=ASR duration_sec=1.028598
[07:45:48] SYSTEM telemetry.speech
[07:45:48] SYSTEM telemetry.timing
[07:45:48] MEMORY turn=10 reason=agent_b_reply changed=Agent A
[07:45:48] STEP turn=None speaker=Agent B route_valid=- route_goal=- route=-
[07:45:48] PHASE turn=10 speaker=Agent B phase=NLU duration_sec=0.002517
[07:45:48] SYSTEM telemetry.nlu
[07:45:48] PHASE turn=10 speaker=Agent B phase=DM duration_sec=0.0003231540322303772
[07:45:48] TIMING turn=10 speaker=Agent B generation=270.87735 synthesis=3.068058 audio=6.381 recognition=1.028598 understanding=0.002517 dialogue_management=0.000323 pipeline_wall=10.004461 turn_observed=280.884825
[07:45:57] PHASE turn=11 speaker=Agent A phase=NLG duration_sec=0.06586885452270508
[07:45:57] PHASE turn=11 speaker=Agent A phase=TTS duration_sec=2.986929
[07:45:57] PHASE turn=11 speaker=Agent A phase=ASR duration_sec=0.985553
[07:45:57] SYSTEM telemetry.speech
[07:45:57] SYSTEM telemetry.timing
[07:45:57] TIMING turn=11 speaker=Agent A generation=0.065869 synthesis=2.986929 audio=6.648 recognition=0.985553 understanding=None dialogue_management=None pipeline_wall=8.737776 turn_observed=8.803787
[07:45:57] MEMORY turn=11 reason=agent_a_reply changed=Agent B
[07:45:57] STEP turn=None speaker=Agent A route_valid=- route_goal=- route=-
[07:50:41] PHASE turn=12 speaker=Agent B phase=NLG duration_sec=273.86579942703247
[07:50:41] PHASE turn=12 speaker=Agent B phase=TTS duration_sec=3.59297
[07:50:41] PHASE turn=12 speaker=Agent B phase=ASR duration_sec=0.976389
[07:50:41] SYSTEM telemetry.speech
[07:50:41] SYSTEM telemetry.timing
[07:50:41] MEMORY turn=12 reason=agent_b_reply changed=Agent A
[07:50:41] STEP turn=None speaker=Agent B route_valid=- route_goal=- route=-
[07:50:41] PHASE turn=12 speaker=Agent B phase=NLU duration_sec=0.002553
[07:50:41] SYSTEM telemetry.nlu
[07:50:41] PHASE turn=12 speaker=Agent B phase=DM duration_sec=0.0003297897055745125
[07:50:41] TIMING turn=12 speaker=Agent B generation=273.865799 synthesis=3.59297 audio=5.893 recognition=0.976389 understanding=0.002553 dialogue_management=0.00033 pipeline_wall=9.819107 turn_observed=283.687969
[07:50:50] PHASE turn=13 speaker=Agent A phase=NLG duration_sec=0.07239460945129395
[07:50:50] PHASE turn=13 speaker=Agent A phase=TTS duration_sec=1.24584
[07:50:50] PHASE turn=13 speaker=Agent A phase=ASR duration_sec=1.140955
[07:50:50] SYSTEM telemetry.speech
[07:50:50] SYSTEM telemetry.timing
[07:50:50] TIMING turn=13 speaker=Agent A generation=0.072395 synthesis=1.24584 audio=6.565 recognition=1.140955 understanding=None dialogue_management=None pipeline_wall=8.494233 turn_observed=8.566813
[07:50:50] MEMORY turn=13 reason=agent_a_reply changed=Agent A,Agent B
[07:50:50] STEP turn=None speaker=Agent A route_valid=- route_goal=- route=-
[07:50:50] SYSTEM metrics
[07:50:50] SYSTEM done
[07:50:50] SEGMENT batch.condition.end status=ok duration=1501.138047 seconds
[07:50:50] SESSION END batch-C-MT-DST-HESIT-PIP-VOS-MP3M4-DEFAU-MED-I0-5b530146d4-A
