=== batch-c-mt-fc-clean-pip-fwh-mp3m4-defau-med-i0-822f2e47a0-a-20260711-164611.log | sha256=1237268cda6087b07ef7fa975d712626f9973cf29cefb2450ab449e4d25f2361 ===
[16:46:11] SESSION START batch-C-MT-FC-CLEAN-PIP-FWH-MP3M4-DEFAU-MED-I0-822f2e47a0-A
[16:46:11] SEGMENT batch.condition.start status=ok duration=None seconds
[16:46:11] SYSTEM timer.start
[16:46:24] PHASE turn=1 speaker=Agent A phase=NLG duration_sec=0.0
[16:46:24] PHASE turn=1 speaker=Agent A phase=TTS duration_sec=4.941541
[16:46:24] PHASE turn=1 speaker=Agent A phase=ASR duration_sec=8.763804
[16:46:24] SYSTEM telemetry.speech
[16:46:24] MEMORY turn=1 reason=opening changed=Agent A,Agent B
[16:46:24] STEP turn=None speaker=Agent A route_valid=- route_goal=- route=-
[16:46:24] SYSTEM telemetry.timing
[16:46:24] TIMING turn=1 speaker=Agent A generation=0.0 synthesis=4.941541 audio=11.008 recognition=8.763804 understanding=None dialogue_management=None pipeline_wall=13.70759 turn_observed=13.707692
[16:48:02] PHASE turn=2 speaker=Agent B phase=NLG duration_sec=90.10890412330627
[16:48:02] PHASE turn=2 speaker=Agent B phase=TTS duration_sec=2.2072
[16:48:02] PHASE turn=2 speaker=Agent B phase=ASR duration_sec=5.407152
[16:48:02] SYSTEM telemetry.speech
[16:48:02] SYSTEM telemetry.timing
[16:48:02] MEMORY turn=2 reason=agent_b_reply changed=Agent A,Agent B
[16:48:02] STEP turn=None speaker=Agent B route_valid=- route_goal=- route=-
[16:48:02] PHASE turn=2 speaker=Agent B phase=NLU duration_sec=0.003846
[16:48:02] SYSTEM telemetry.nlu
[16:48:02] SYSTEM route
[16:48:02] SYSTEM candidate
[16:48:02] PHASE turn=2 speaker=Agent B phase=DM duration_sec=0.006313245045021176
[16:48:02] TIMING turn=2 speaker=Agent B generation=90.108904 synthesis=2.2072 audio=11.925 recognition=5.407152 understanding=0.003846 dialogue_management=0.006313 pipeline_wall=7.615007 turn_observed=102.044063
[16:48:56] PHASE turn=3 speaker=Agent A phase=NLG duration_sec=48.96354532241821
[16:48:56] PHASE turn=3 speaker=Agent A phase=TTS duration_sec=1.015266
[16:48:56] PHASE turn=3 speaker=Agent A phase=ASR duration_sec=3.481337
[16:48:56] SYSTEM telemetry.speech
[16:48:56] SYSTEM telemetry.timing
[16:48:56] TIMING turn=3 speaker=Agent A generation=48.963545 synthesis=1.015266 audio=6.597 recognition=3.481337 understanding=None dialogue_management=None pipeline_wall=4.497086 turn_observed=55.560545
[16:48:56] MEMORY turn=3 reason=agent_a_reply changed=Agent A,Agent B
[16:48:56] STEP turn=None speaker=Agent A route_valid=- route_goal=- route=-
[16:50:19] PHASE turn=4 speaker=Agent B phase=NLG duration_sec=76.41651153564453
[16:50:19] PHASE turn=4 speaker=Agent B phase=TTS duration_sec=1.988891
[16:50:19] PHASE turn=4 speaker=Agent B phase=ASR duration_sec=4.954486
[16:50:19] SYSTEM telemetry.speech
[16:50:19] SYSTEM telemetry.timing
[16:50:19] MEMORY turn=4 reason=agent_b_reply changed=Agent A,Agent B
[16:50:19] STEP turn=None speaker=Agent B route_valid=- route_goal=- route=-
[16:50:19] PHASE turn=4 speaker=Agent B phase=NLU duration_sec=0.012806
[16:50:19] SYSTEM telemetry.nlu
[16:50:19] SYSTEM candidate
[16:50:19] PHASE turn=4 speaker=Agent B phase=DM duration_sec=0.0034862211905419827
[16:50:19] TIMING turn=4 speaker=Agent B generation=76.416512 synthesis=1.988891 audio=11.125 recognition=4.954486 understanding=0.012806 dialogue_management=0.003486 pipeline_wall=6.943968 turn_observed=87.557804
[16:51:15] PHASE turn=5 speaker=Agent A phase=NLG duration_sec=50.043943643569946
[16:51:15] PHASE turn=5 speaker=Agent A phase=TTS duration_sec=1.342482
[16:51:15] PHASE turn=5 speaker=Agent A phase=ASR duration_sec=4.414094
[16:51:15] SYSTEM telemetry.speech
[16:51:15] SYSTEM telemetry.timing
[16:51:15] TIMING turn=5 speaker=Agent A generation=50.043944 synthesis=1.342482 audio=9.564 recognition=4.414094 understanding=None dialogue_management=None pipeline_wall=5.757403 turn_observed=59.607944
[16:51:15] MEMORY turn=5 reason=agent_a_reply changed=Agent A,Agent B
[16:51:15] STEP turn=None speaker=Agent A route_valid=- route_goal=- route=-
[16:53:03] PHASE turn=6 speaker=Agent B phase=NLG duration_sec=98.63929462432861
[16:53:03] PHASE turn=6 speaker=Agent B phase=TTS duration_sec=1.68547
[16:53:03] PHASE turn=6 speaker=Agent B phase=ASR duration_sec=7.693096
[16:53:03] SYSTEM telemetry.speech
[16:53:03] SYSTEM telemetry.timing
[16:53:03] MEMORY turn=6 reason=agent_b_reply changed=Agent A,Agent B
[16:53:03] STEP turn=None speaker=Agent B route_valid=- route_goal=- route=-
[16:53:03] PHASE turn=6 speaker=Agent B phase=NLU duration_sec=0.010938
[16:53:03] SYSTEM telemetry.nlu
[16:53:03] SYSTEM warning
[16:53:03] SYSTEM candidate
[16:53:03] PHASE turn=6 speaker=Agent B phase=DM duration_sec=0.0026055790949612856
[16:53:03] TIMING turn=6 speaker=Agent B generation=98.639295 synthesis=1.68547 audio=8.589 recognition=7.693096 understanding=0.010938 dialogue_management=0.002606 pipeline_wall=9.379192 turn_observed=108.032118
[16:54:27] PHASE turn=7 speaker=Agent A phase=NLG duration_sec=76.61708426475525
[16:54:27] PHASE turn=7 speaker=Agent A phase=TTS duration_sec=0.928108
[16:54:27] PHASE turn=7 speaker=Agent A phase=ASR duration_sec=6.235482
[16:54:27] SYSTEM telemetry.speech
[16:54:27] SYSTEM telemetry.timing
[16:54:27] TIMING turn=7 speaker=Agent A generation=76.617084 synthesis=0.928108 audio=6.405 recognition=6.235482 understanding=None dialogue_management=None pipeline_wall=7.164211 turn_observed=83.781374
[16:54:27] MEMORY turn=7 reason=agent_a_reply changed=Agent A,Agent B
[16:54:27] STEP turn=None speaker=Agent A route_valid=- route_goal=- route=-
[16:56:08] PHASE turn=8 speaker=Agent B phase=NLG duration_sec=94.86029934883118
[16:56:08] PHASE turn=8 speaker=Agent B phase=TTS duration_sec=1.785175
[16:56:08] PHASE turn=8 speaker=Agent B phase=ASR duration_sec=4.240401
[16:56:08] SYSTEM telemetry.speech
[16:56:08] SYSTEM telemetry.timing
[16:56:08] MEMORY turn=8 reason=agent_b_reply changed=Agent A,Agent B
[16:56:08] STEP turn=None speaker=Agent B route_valid=- route_goal=- route=-
[16:56:08] PHASE turn=8 speaker=Agent B phase=NLU duration_sec=0.000599
[16:56:08] SYSTEM telemetry.nlu
[16:56:08] PHASE turn=8 speaker=Agent B phase=DM duration_sec=0.00013487297110259533
[16:56:08] TIMING turn=8 speaker=Agent B generation=94.860299 synthesis=1.785175 audio=7.719 recognition=4.240401 understanding=0.000599 dialogue_management=0.000135 pipeline_wall=6.02623 turn_observed=102.580033
[16:56:13] PHASE turn=9 speaker=Agent A phase=NLG duration_sec=0.06890583038330078
[16:56:13] PHASE turn=9 speaker=Agent A phase=TTS duration_sec=1.029979
[16:56:13] PHASE turn=9 speaker=Agent A phase=ASR duration_sec=3.826967
[16:56:13] SYSTEM telemetry.speech
[16:56:13] SYSTEM telemetry.timing
[16:56:13] TIMING turn=9 speaker=Agent A generation=0.068906 synthesis=1.029979 audio=7.052 recognition=3.826967 understanding=None dialogue_management=None pipeline_wall=4.857495 turn_observed=7.120906
[16:56:13] MEMORY turn=9 reason=agent_a_reply changed=Agent A,Agent B
[16:56:13] STEP turn=None speaker=Agent A route_valid=- route_goal=- route=-
[16:57:55] PHASE turn=10 speaker=Agent B phase=NLG duration_sec=95.33176136016846
[16:57:55] PHASE turn=10 speaker=Agent B phase=TTS duration_sec=1.80675
[16:57:55] PHASE turn=10 speaker=Agent B phase=ASR duration_sec=5.590847
[16:57:55] SYSTEM telemetry.speech
[16:57:55] SYSTEM telemetry.timing
[16:57:55] MEMORY turn=10 reason=agent_b_reply changed=none
[16:57:55] STEP turn=None speaker=Agent B route_valid=- route_goal=- route=-
[16:57:55] PHASE turn=10 speaker=Agent B phase=NLU duration_sec=0.000591
[16:57:55] SYSTEM telemetry.nlu
[16:57:55] PHASE turn=10 speaker=Agent B phase=DM duration_sec=0.0001439990010112524
[16:57:55] TIMING turn=10 speaker=Agent B generation=95.331761 synthesis=1.80675 audio=7.719 recognition=5.590847 understanding=0.000591 dialogue_management=0.000144 pipeline_wall=7.398245 turn_observed=103.051496
[16:58:01] PHASE turn=11 speaker=Agent A phase=NLG duration_sec=0.07130146026611328
[16:58:01] PHASE turn=11 speaker=Agent A phase=TTS duration_sec=1.521014
[16:58:01] PHASE turn=11 speaker=Agent A phase=ASR duration_sec=3.859468
[16:58:01] SYSTEM telemetry.speech
[16:58:01] SYSTEM telemetry.timing
[16:58:01] TIMING turn=11 speaker=Agent A generation=0.071301 synthesis=1.521014 audio=6.095 recognition=3.859468 understanding=None dialogue_management=None pipeline_wall=5.381031 turn_observed=6.166301
[16:58:01] MEMORY turn=11 reason=agent_a_reply changed=Agent A,Agent B
[16:58:01] STEP turn=None speaker=Agent A route_valid=- route_goal=- route=-
[16:59:46] PHASE turn=12 speaker=Agent B phase=NLG duration_sec=95.76776123046875
[16:59:46] PHASE turn=12 speaker=Agent B phase=TTS duration_sec=1.918777
[16:59:46] PHASE turn=12 speaker=Agent B phase=ASR duration_sec=6.915626
[16:59:46] SYSTEM telemetry.speech
[16:59:46] SYSTEM telemetry.timing
[16:59:46] MEMORY turn=12 reason=agent_b_reply changed=none
[16:59:46] STEP turn=None speaker=Agent B route_valid=- route_goal=- route=-
[16:59:46] PHASE turn=12 speaker=Agent B phase=NLU duration_sec=0.000652
[16:59:46] SYSTEM telemetry.nlu
[16:59:46] PHASE turn=12 speaker=Agent B phase=DM duration_sec=0.00037301587872207165
[16:59:46] TIMING turn=12 speaker=Agent B generation=95.767761 synthesis=1.918777 audio=7.719 recognition=6.915626 understanding=0.000652 dialogue_management=0.000373 pipeline_wall=8.835115 turn_observed=104.603993
[16:59:53] PHASE turn=13 speaker=Agent A phase=NLG duration_sec=0.0702066421508789
[16:59:53] PHASE turn=13 speaker=Agent A phase=TTS duration_sec=1.259199
[16:59:53] PHASE turn=13 speaker=Agent A phase=ASR duration_sec=6.288607
[16:59:53] SYSTEM telemetry.speech
[16:59:53] SYSTEM telemetry.timing
[16:59:53] TIMING turn=13 speaker=Agent A generation=0.070207 synthesis=1.259199 audio=6.924 recognition=6.288607 understanding=None dialogue_management=None pipeline_wall=7.548348 turn_observed=7.618631
[16:59:53] MEMORY turn=13 reason=agent_a_reply changed=Agent A,Agent B
[16:59:53] STEP turn=None speaker=Agent A route_valid=- route_goal=- route=-
[16:59:53] SYSTEM metrics
[16:59:53] SYSTEM done
[16:59:53] SEGMENT batch.condition.end status=ok duration=822.57695 seconds
[16:59:53] SESSION END batch-C-MT-FC-CLEAN-PIP-FWH-MP3M4-DEFAU-MED-I0-822f2e47a0-A
