=== batch-c-mpcc-ran-mc-pip-vos-qq515-defau-med-i0-5257c8b618-a-20260714-100554.log | sha256=4b612685d62848d8b7492415a52a023d41d53d25514f46eafd35810a48442428 ===
[10:05:54] SESSION START batch-C-MPCC-RAN-MC-PIP-VOS-QQ515-DEFAU-MED-I0-5257c8b618-A
[10:05:54] SEGMENT batch.condition.start status=ok duration=None seconds
[10:05:54] SYSTEM timer.start
[10:06:06] PHASE turn=1 speaker=Agent A phase=NLG duration_sec=0.0
[10:06:06] PHASE turn=1 speaker=Agent A phase=TTS duration_sec=8.121937
[10:06:06] PHASE turn=1 speaker=Agent A phase=ASR duration_sec=1.625742
[10:06:06] SYSTEM telemetry.speech
[10:06:06] MEMORY turn=1 reason=opening changed=Agent A,Agent B
[10:06:06] STEP turn=None speaker=Agent A route_valid=- route_goal=- route=-
[10:06:06] SYSTEM telemetry.timing
[10:06:06] TIMING turn=1 speaker=Agent A generation=0.0 synthesis=8.121937 audio=9.861 recognition=1.625742 understanding=None dialogue_management=None pipeline_wall=11.639318 turn_observed=11.639546
[10:07:26] PHASE turn=2 speaker=Agent B phase=NLG duration_sec=71.29837846755981
[10:07:26] PHASE turn=2 speaker=Agent B phase=TTS duration_sec=5.237353
[10:07:26] PHASE turn=2 speaker=Agent B phase=ASR duration_sec=1.16454
[10:07:26] SYSTEM telemetry.speech
[10:07:26] SYSTEM telemetry.timing
[10:07:26] MEMORY turn=2 reason=agent_b_reply changed=Agent A,Agent B
[10:07:26] STEP turn=None speaker=Agent B route_valid=- route_goal=- route=-
[10:07:26] PHASE turn=2 speaker=Agent B phase=NLU duration_sec=0.001707
[10:07:26] SYSTEM telemetry.nlu
[10:07:26] SYSTEM route
[10:07:26] SYSTEM candidate
[10:07:26] PHASE turn=2 speaker=Agent B phase=DM duration_sec=0.006711038062348962
[10:07:26] TIMING turn=2 speaker=Agent B generation=71.298378 synthesis=5.237353 audio=7.106 recognition=1.16454 understanding=0.001707 dialogue_management=0.006711 pipeline_wall=8.741011 turn_observed=80.047968
[10:07:59] PHASE turn=3 speaker=Agent A phase=NLG duration_sec=23.08924102783203
[10:07:59] PHASE turn=3 speaker=Agent A phase=TTS duration_sec=7.059965
[10:07:59] PHASE turn=3 speaker=Agent A phase=ASR duration_sec=1.043245
[10:07:59] SYSTEM telemetry.speech
[10:07:59] SYSTEM telemetry.timing
[10:07:59] TIMING turn=3 speaker=Agent A generation=23.089241 synthesis=7.059965 audio=6.852 recognition=1.043245 understanding=None dialogue_management=None pipeline_wall=9.725583 turn_observed=32.81499
[10:07:59] MEMORY turn=3 reason=agent_a_reply changed=Agent A,Agent B
[10:07:59] STEP turn=None speaker=Agent A route_valid=- route_goal=- route=-
[10:09:24] PHASE turn=4 speaker=Agent B phase=NLG duration_sec=75.25419807434082
[10:09:24] PHASE turn=4 speaker=Agent B phase=TTS duration_sec=6.524127
[10:09:24] PHASE turn=4 speaker=Agent B phase=ASR duration_sec=1.17781
[10:09:24] SYSTEM telemetry.speech
[10:09:24] SYSTEM telemetry.timing
[10:09:24] MEMORY turn=4 reason=agent_b_reply changed=Agent A,Agent B
[10:09:24] STEP turn=None speaker=Agent B route_valid=- route_goal=- route=-
[10:09:24] PHASE turn=4 speaker=Agent B phase=NLU duration_sec=0.002113
[10:09:24] SYSTEM telemetry.nlu
[10:09:24] SYSTEM candidate
[10:09:24] PHASE turn=4 speaker=Agent B phase=DM duration_sec=0.00283973291516304
[10:09:24] TIMING turn=4 speaker=Agent B generation=75.254198 synthesis=6.524127 audio=9.416 recognition=1.17781 understanding=0.002113 dialogue_management=0.00284 pipeline_wall=10.152638 turn_observed=85.411919
[10:09:27] PHASE turn=5 speaker=Agent A phase=NLG duration_sec=0.0016717910766601562
[10:09:27] PHASE turn=5 speaker=Agent A phase=TTS duration_sec=1.621134
[10:09:27] PHASE turn=5 speaker=Agent A phase=ASR duration_sec=0.570617
[10:09:27] SYSTEM telemetry.speech
[10:09:27] SYSTEM telemetry.timing
[10:09:27] TIMING turn=5 speaker=Agent A generation=0.001672 synthesis=1.621134 audio=3.251 recognition=0.570617 understanding=None dialogue_management=None pipeline_wall=2.886638 turn_observed=3.252672
[10:09:27] MEMORY turn=5 reason=agent_a_reply changed=Agent A,Agent B
[10:09:27] STEP turn=None speaker=Agent A route_valid=- route_goal=- route=-
[10:09:29] PHASE turn=6 speaker=Agent B phase=NLG duration_sec=0.19460701942443848
[10:09:29] PHASE turn=6 speaker=Agent B phase=TTS duration_sec=1.154991
[10:09:29] PHASE turn=6 speaker=Agent B phase=ASR duration_sec=0.450555
[10:09:29] SYSTEM telemetry.speech
[10:09:29] SYSTEM telemetry.timing
[10:09:29] MEMORY turn=6 reason=agent_b_reply changed=Agent A,Agent B
[10:09:29] STEP turn=None speaker=Agent B route_valid=- route_goal=- route=-
[10:09:29] PHASE turn=6 speaker=Agent B phase=NLU duration_sec=6e-06
[10:09:29] PHASE turn=6 speaker=Agent B phase=DM duration_sec=7.87489116191864e-05
[10:09:29] TIMING turn=6 speaker=Agent B generation=0.194607 synthesis=1.154991 audio=1.718 recognition=0.450555 understanding=6e-06 dialogue_management=7.9e-05 pipeline_wall=2.044194 turn_observed=2.238951
[10:10:01] PHASE turn=7 speaker=Agent A phase=NLG duration_sec=22.004910945892334
[10:10:01] PHASE turn=7 speaker=Agent A phase=TTS duration_sec=8.165637
[10:10:01] PHASE turn=7 speaker=Agent A phase=ASR duration_sec=0.793538
[10:10:01] SYSTEM telemetry.speech
[10:10:01] SYSTEM telemetry.timing
[10:10:01] TIMING turn=7 speaker=Agent A generation=22.004911 synthesis=8.165637 audio=5.652 recognition=0.793538 understanding=None dialogue_management=None pipeline_wall=10.033079 turn_observed=32.03815
[10:10:01] MEMORY turn=7 reason=agent_a_reply changed=Agent A,Agent B
[10:10:01] STEP turn=None speaker=Agent A route_valid=- route_goal=- route=-
[10:11:29] PHASE turn=8 speaker=Agent B phase=NLG duration_sec=77.42793774604797
[10:11:29] PHASE turn=8 speaker=Agent B phase=TTS duration_sec=6.183084
[10:11:29] PHASE turn=8 speaker=Agent B phase=ASR duration_sec=1.283041
[10:11:29] SYSTEM telemetry.speech
[10:11:29] SYSTEM telemetry.timing
[10:11:29] MEMORY turn=8 reason=agent_b_reply changed=Agent A,Agent B
[10:11:29] STEP turn=None speaker=Agent B route_valid=- route_goal=- route=-
[10:11:29] PHASE turn=8 speaker=Agent B phase=NLU duration_sec=0.001453
[10:11:29] SYSTEM telemetry.nlu
[10:11:29] SYSTEM candidate
[10:11:29] PHASE turn=8 speaker=Agent B phase=DM duration_sec=0.003522916929796338
[10:11:29] TIMING turn=8 speaker=Agent B generation=77.427938 synthesis=6.183084 audio=11.04 recognition=1.283041 understanding=0.001453 dialogue_management=0.003523 pipeline_wall=10.090837 turn_observed=88.472914
[10:11:33] PHASE turn=9 speaker=Agent A phase=NLG duration_sec=0.011078357696533203
[10:11:33] PHASE turn=9 speaker=Agent A phase=TTS duration_sec=2.060825
[10:11:33] PHASE turn=9 speaker=Agent A phase=ASR duration_sec=0.767938
[10:11:33] SYSTEM telemetry.speech
[10:11:33] SYSTEM telemetry.timing
[10:11:33] TIMING turn=9 speaker=Agent A generation=0.011078 synthesis=2.060825 audio=5.252 recognition=0.767938 understanding=None dialogue_management=None pipeline_wall=3.879712 turn_observed=5.263078
[10:11:33] MEMORY turn=9 reason=agent_a_reply changed=Agent A,Agent B
[10:11:33] STEP turn=None speaker=Agent A route_valid=- route_goal=- route=-
[10:13:05] PHASE turn=10 speaker=Agent B phase=NLG duration_sec=82.72355508804321
[10:13:05] PHASE turn=10 speaker=Agent B phase=TTS duration_sec=6.560963
[10:13:05] PHASE turn=10 speaker=Agent B phase=ASR duration_sec=1.004381
[10:13:05] SYSTEM telemetry.speech
[10:13:05] SYSTEM telemetry.timing
[10:13:05] MEMORY turn=10 reason=agent_b_reply changed=Agent A,Agent B
[10:13:05] STEP turn=None speaker=Agent B route_valid=- route_goal=- route=-
[10:13:05] PHASE turn=10 speaker=Agent B phase=NLU duration_sec=0.001362
[10:13:05] SYSTEM telemetry.nlu
[10:13:05] SYSTEM warning
[10:13:05] SYSTEM candidate
[10:13:05] PHASE turn=10 speaker=Agent B phase=DM duration_sec=0.0017520140390843153
[10:13:05] TIMING turn=10 speaker=Agent B generation=82.723555 synthesis=6.560963 audio=7.106 recognition=1.004381 understanding=0.001362 dialogue_management=0.001752 pipeline_wall=9.382608 turn_observed=92.109468
[10:13:35] PHASE turn=11 speaker=Agent A phase=NLG duration_sec=25.756163835525513
[10:13:35] PHASE turn=11 speaker=Agent A phase=TTS duration_sec=2.554516
[10:13:35] PHASE turn=11 speaker=Agent A phase=ASR duration_sec=0.848346
[10:13:35] SYSTEM telemetry.speech
[10:13:35] SYSTEM telemetry.timing
[10:13:35] TIMING turn=11 speaker=Agent A generation=25.756164 synthesis=2.554516 audio=5.652 recognition=0.848346 understanding=None dialogue_management=None pipeline_wall=4.626152 turn_observed=31.408164
[10:13:35] MEMORY turn=11 reason=agent_a_reply changed=Agent A,Agent B
[10:13:35] STEP turn=None speaker=Agent A route_valid=- route_goal=- route=-
[10:15:09] PHASE turn=12 speaker=Agent B phase=NLG duration_sec=82.49529576301575
[10:15:09] PHASE turn=12 speaker=Agent B phase=TTS duration_sec=7.80457
[10:15:09] PHASE turn=12 speaker=Agent B phase=ASR duration_sec=1.269651
[10:15:09] SYSTEM telemetry.speech
[10:15:09] SYSTEM telemetry.timing
[10:15:09] MEMORY turn=12 reason=agent_b_reply changed=Agent A,Agent B
[10:15:09] STEP turn=None speaker=Agent B route_valid=- route_goal=- route=-
[10:15:09] PHASE turn=12 speaker=Agent B phase=NLU duration_sec=0.006977
[10:15:09] SYSTEM telemetry.nlu
[10:15:09] SYSTEM candidate
[10:15:09] PHASE turn=12 speaker=Agent B phase=DM duration_sec=0.005131501937285066
[10:15:09] TIMING turn=12 speaker=Agent B generation=82.495296 synthesis=7.80457 audio=9.416 recognition=1.269651 understanding=0.006977 dialogue_management=0.005132 pipeline_wall=11.448374 turn_observed=93.955898
[10:15:15] PHASE turn=13 speaker=Agent A phase=NLG duration_sec=0.0010535717010498047
[10:15:15] PHASE turn=13 speaker=Agent A phase=TTS duration_sec=4.362782
[10:15:15] PHASE turn=13 speaker=Agent A phase=ASR duration_sec=0.534095
[10:15:15] SYSTEM telemetry.speech
[10:15:15] SYSTEM telemetry.timing
[10:15:15] TIMING turn=13 speaker=Agent A generation=0.001054 synthesis=4.362782 audio=3.651 recognition=0.534095 understanding=None dialogue_management=None pipeline_wall=5.532803 turn_observed=5.533965
[10:15:15] MEMORY turn=13 reason=agent_a_reply changed=Agent A,Agent B
[10:15:15] STEP turn=None speaker=Agent A route_valid=- route_goal=- route=-
[10:15:17] PHASE turn=14 speaker=Agent B phase=NLG duration_sec=0.0010650157928466797
[10:15:17] PHASE turn=14 speaker=Agent B phase=TTS duration_sec=1.344263
[10:15:17] PHASE turn=14 speaker=Agent B phase=ASR duration_sec=0.360667
[10:15:17] SYSTEM telemetry.speech
[10:15:17] SYSTEM telemetry.timing
[10:15:17] MEMORY turn=14 reason=agent_b_reply changed=Agent A,Agent B
[10:15:17] STEP turn=None speaker=Agent B route_valid=- route_goal=- route=-
[10:15:17] PHASE turn=14 speaker=Agent B phase=NLU duration_sec=1.2e-05
[10:15:17] PHASE turn=14 speaker=Agent B phase=DM duration_sec=0.00010966882109642029
[10:15:17] TIMING turn=14 speaker=Agent B generation=0.001065 synthesis=1.344263 audio=1.261 recognition=0.360667 understanding=1.2e-05 dialogue_management=0.00011 pipeline_wall=2.008993 turn_observed=2.010283
[10:15:49] PHASE turn=15 speaker=Agent A phase=NLG duration_sec=24.37133002281189
[10:15:49] PHASE turn=15 speaker=Agent A phase=TTS duration_sec=6.178266
[10:15:49] PHASE turn=15 speaker=Agent A phase=ASR duration_sec=0.838987
[10:15:49] SYSTEM telemetry.speech
[10:15:49] SYSTEM telemetry.timing
[10:15:49] TIMING turn=15 speaker=Agent A generation=24.37133 synthesis=6.178266 audio=6.42 recognition=0.838987 understanding=None dialogue_management=None pipeline_wall=8.30614 turn_observed=32.677615
[10:15:49] MEMORY turn=15 reason=agent_a_reply changed=Agent A,Agent B
[10:15:49] STEP turn=None speaker=Agent A route_valid=- route_goal=- route=-
[10:17:30] PHASE turn=16 speaker=Agent B phase=NLG duration_sec=90.35427665710449
[10:17:30] PHASE turn=16 speaker=Agent B phase=TTS duration_sec=5.967019
[10:17:30] PHASE turn=16 speaker=Agent B phase=ASR duration_sec=1.141043
[10:17:30] SYSTEM telemetry.speech
[10:17:30] SYSTEM telemetry.timing
[10:17:30] MEMORY turn=16 reason=agent_b_reply changed=Agent A,Agent B
[10:17:30] STEP turn=None speaker=Agent B route_valid=- route_goal=- route=-
[10:17:30] PHASE turn=16 speaker=Agent B phase=NLU duration_sec=0.004693
[10:17:30] SYSTEM telemetry.nlu
[10:17:30] SYSTEM candidate
[10:17:30] PHASE turn=16 speaker=Agent B phase=DM duration_sec=0.005845034960657358
[10:17:30] TIMING turn=16 speaker=Agent B generation=90.354277 synthesis=5.967019 audio=9.416 recognition=1.141043 understanding=0.004693 dialogue_management=0.005845 pipeline_wall=9.764198 turn_observed=100.129219
[10:17:35] PHASE turn=17 speaker=Agent A phase=NLG duration_sec=0.012410163879394531
[10:17:35] PHASE turn=17 speaker=Agent A phase=TTS duration_sec=3.250688
[10:17:35] PHASE turn=17 speaker=Agent A phase=ASR duration_sec=0.865426
[10:17:35] SYSTEM telemetry.speech
[10:17:35] SYSTEM telemetry.timing
[10:17:35] TIMING turn=17 speaker=Agent A generation=0.01241 synthesis=3.250688 audio=5.252 recognition=0.865426 understanding=None dialogue_management=None pipeline_wall=5.326961 turn_observed=5.33945
[10:17:35] MEMORY turn=17 reason=agent_a_reply changed=Agent A,Agent B
[10:17:35] STEP turn=None speaker=Agent A route_valid=- route_goal=- route=-
[10:19:05] PHASE turn=18 speaker=Agent B phase=NLG duration_sec=84.62959456443787
[10:19:05] PHASE turn=18 speaker=Agent B phase=TTS duration_sec=3.261721
[10:19:05] PHASE turn=18 speaker=Agent B phase=ASR duration_sec=0.8957
[10:19:05] SYSTEM telemetry.speech
[10:19:05] SYSTEM telemetry.timing
[10:19:05] MEMORY turn=18 reason=agent_b_reply changed=Agent A,Agent B
[10:19:05] STEP turn=None speaker=Agent B route_valid=- route_goal=- route=-
[10:19:05] PHASE turn=18 speaker=Agent B phase=NLU duration_sec=0.000309
[10:19:05] SYSTEM telemetry.nlu
[10:19:05] PHASE turn=18 speaker=Agent B phase=DM duration_sec=0.00013962900266051292
[10:19:05] TIMING turn=18 speaker=Agent B generation=84.629595 synthesis=3.261721 audio=6.158 recognition=0.8957 understanding=0.000309 dialogue_management=0.00014 pipeline_wall=5.534343 turn_observed=90.788044
[10:19:11] PHASE turn=19 speaker=Agent A phase=NLG duration_sec=0.0011997222900390625
[10:19:11] PHASE turn=19 speaker=Agent A phase=TTS duration_sec=4.211538
[10:19:11] PHASE turn=19 speaker=Agent A phase=ASR duration_sec=0.613957
[10:19:11] SYSTEM telemetry.speech
[10:19:11] SYSTEM telemetry.timing
[10:19:11] TIMING turn=19 speaker=Agent A generation=0.0012 synthesis=4.211538 audio=3.251 recognition=0.613957 understanding=None dialogue_management=None pipeline_wall=5.534353 turn_observed=5.535693
[10:19:11] MEMORY turn=19 reason=agent_a_reply changed=Agent A,Agent B
[10:19:11] STEP turn=None speaker=Agent A route_valid=- route_goal=- route=-
[10:19:13] PHASE turn=20 speaker=Agent B phase=NLG duration_sec=0.0017161369323730469
[10:19:13] PHASE turn=20 speaker=Agent B phase=TTS duration_sec=1.6267
[10:19:13] PHASE turn=20 speaker=Agent B phase=ASR duration_sec=0.413546
[10:19:13] SYSTEM telemetry.speech
[10:19:13] SYSTEM telemetry.timing
[10:19:13] MEMORY turn=20 reason=agent_b_reply changed=Agent A,Agent B
[10:19:13] STEP turn=None speaker=Agent B route_valid=- route_goal=- route=-
[10:19:13] PHASE turn=20 speaker=Agent B phase=NLU duration_sec=7e-06
[10:19:13] PHASE turn=20 speaker=Agent B phase=DM duration_sec=9.056879207491875e-05
[10:19:13] TIMING turn=20 speaker=Agent B generation=0.001716 synthesis=1.6267 audio=1.718 recognition=0.413546 understanding=7e-06 dialogue_management=9.1e-05 pipeline_wall=2.557542 turn_observed=2.559434
[10:19:13] SYSTEM metrics
[10:19:13] SYSTEM done
[10:19:13] SEGMENT batch.condition.end status=ok duration=799.309614 seconds
[10:19:13] SESSION END batch-C-MPCC-RAN-MC-PIP-VOS-QQ515-DEFAU-MED-I0-5257c8b618-A
