=== batch-c-ac-ran-clean-pip-fwh-qq57i-pap-lrg-i0-0fca0686d4-a-20260713-214633.log | sha256=f55ecaa730334a25970b44856b4f9d9c3e2fa4de47f6ae8aba2ffcac949a8e76 ===
[21:46:33] SESSION START batch-C-AC-RAN-CLEAN-PIP-FWH-QQ57I-PAP-LRG-I0-0fca0686d4-A
[21:46:33] SEGMENT batch.condition.start status=ok duration=None seconds
[21:46:33] SYSTEM timer.start
[21:46:58] PHASE turn=1 speaker=Agent A phase=NLG duration_sec=0.0
[21:46:58] PHASE turn=1 speaker=Agent A phase=TTS duration_sec=6.094868
[21:46:58] PHASE turn=1 speaker=Agent A phase=ASR duration_sec=18.825074
[21:46:58] SYSTEM telemetry.speech
[21:46:58] MEMORY turn=1 reason=opening changed=Agent A,Agent B
[21:46:58] STEP turn=None speaker=Agent A route_valid=- route_goal=- route=-
[21:46:58] SYSTEM telemetry.timing
[21:46:58] TIMING turn=1 speaker=Agent A generation=0.0 synthesis=6.094868 audio=11.463 recognition=18.825074 understanding=None dialogue_management=None pipeline_wall=24.922254 turn_observed=24.922412
[21:54:38] PHASE turn=2 speaker=Agent B phase=NLG duration_sec=438.20110535621643
[21:54:38] PHASE turn=2 speaker=Agent B phase=TTS duration_sec=3.105799
[21:54:38] PHASE turn=2 speaker=Agent B phase=ASR duration_sec=18.089717
[21:54:38] SYSTEM telemetry.speech
[21:54:38] SYSTEM telemetry.timing
[21:54:38] MEMORY turn=2 reason=agent_b_reply changed=Agent A,Agent B
[21:54:38] STEP turn=None speaker=Agent B route_valid=- route_goal=- route=-
[21:54:38] PHASE turn=2 speaker=Agent B phase=NLU duration_sec=0.002706
[21:54:38] SYSTEM telemetry.nlu
[21:54:38] SYSTEM route
[21:54:38] SYSTEM candidate
[21:54:38] PHASE turn=2 speaker=Agent B phase=DM duration_sec=0.01244585681706667
[21:54:38] TIMING turn=2 speaker=Agent B generation=438.201105 synthesis=3.105799 audio=11.925 recognition=18.089717 understanding=0.002706 dialogue_management=0.012446 pipeline_wall=21.196264 turn_observed=459.412646
[21:58:01] PHASE turn=3 speaker=Agent A phase=NLG duration_sec=188.88713717460632
[21:58:01] PHASE turn=3 speaker=Agent A phase=TTS duration_sec=1.767785
[21:58:01] PHASE turn=3 speaker=Agent A phase=ASR duration_sec=12.688803
[21:58:01] SYSTEM telemetry.speech
[21:58:01] SYSTEM telemetry.timing
[21:58:01] TIMING turn=3 speaker=Agent A generation=188.887137 synthesis=1.767785 audio=7.961 recognition=12.688803 understanding=None dialogue_management=None pipeline_wall=14.457409 turn_observed=203.344658
[21:58:01] MEMORY turn=3 reason=agent_a_reply changed=Agent A,Agent B
[21:58:01] STEP turn=None speaker=Agent A route_valid=- route_goal=- route=-
[22:06:29] PHASE turn=4 speaker=Agent B phase=NLG duration_sec=491.1886670589447
[22:06:29] PHASE turn=4 speaker=Agent B phase=TTS duration_sec=2.508891
[22:06:29] PHASE turn=4 speaker=Agent B phase=ASR duration_sec=13.932467
[22:06:29] SYSTEM telemetry.speech
[22:06:29] SYSTEM telemetry.timing
[22:06:29] MEMORY turn=4 reason=agent_b_reply changed=Agent A,Agent B
[22:06:29] STEP turn=None speaker=Agent B route_valid=- route_goal=- route=-
[22:06:29] PHASE turn=4 speaker=Agent B phase=NLU duration_sec=0.006789
[22:06:29] SYSTEM telemetry.nlu
[22:06:29] SYSTEM candidate
[22:06:29] PHASE turn=4 speaker=Agent B phase=DM duration_sec=0.008371901698410511
[22:06:29] TIMING turn=4 speaker=Agent B generation=491.188667 synthesis=2.508891 audio=9.03 recognition=13.932467 understanding=0.006789 dialogue_management=0.008372 pipeline_wall=16.442302 turn_observed=507.646238
[22:10:04] PHASE turn=5 speaker=Agent A phase=NLG duration_sec=201.38876819610596
[22:10:04] PHASE turn=5 speaker=Agent A phase=TTS duration_sec=2.026909
[22:10:04] PHASE turn=5 speaker=Agent A phase=ASR duration_sec=12.015493
[22:10:04] SYSTEM telemetry.speech
[22:10:04] SYSTEM telemetry.timing
[22:10:04] TIMING turn=5 speaker=Agent A generation=201.388768 synthesis=2.026909 audio=6.597 recognition=12.015493 understanding=None dialogue_management=None pipeline_wall=14.043183 turn_observed=215.432068
[22:10:04] MEMORY turn=5 reason=agent_a_reply changed=Agent A,Agent B
[22:10:04] STEP turn=None speaker=Agent A route_valid=- route_goal=- route=-
[22:19:04] PHASE turn=6 speaker=Agent B phase=NLG duration_sec=516.9612991809845
[22:19:04] PHASE turn=6 speaker=Agent B phase=TTS duration_sec=4.295319
[22:19:04] PHASE turn=6 speaker=Agent B phase=ASR duration_sec=18.411776
[22:19:04] SYSTEM telemetry.speech
[22:19:04] SYSTEM telemetry.timing
[22:19:04] MEMORY turn=6 reason=agent_b_reply changed=Agent A,Agent B
[22:19:04] STEP turn=None speaker=Agent B route_valid=- route_goal=- route=-
[22:19:04] PHASE turn=6 speaker=Agent B phase=NLU duration_sec=0.009955
[22:19:04] SYSTEM telemetry.nlu
[22:19:04] SYSTEM candidate
[22:19:04] PHASE turn=6 speaker=Agent B phase=DM duration_sec=0.0074984245002269745
[22:19:04] TIMING turn=6 speaker=Agent B generation=516.961299 synthesis=4.295319 audio=14.019 recognition=18.411776 understanding=0.009955 dialogue_management=0.007498 pipeline_wall=22.707861 turn_observed=539.686725
[22:19:15] PHASE turn=7 speaker=Agent A phase=NLG duration_sec=0.004158496856689453
[22:19:15] PHASE turn=7 speaker=Agent A phase=TTS duration_sec=1.022593
[22:19:15] PHASE turn=7 speaker=Agent A phase=ASR duration_sec=10.057388
[22:19:15] SYSTEM telemetry.speech
[22:19:15] SYSTEM telemetry.timing
[22:19:15] TIMING turn=7 speaker=Agent A generation=0.004158 synthesis=1.022593 audio=3.87 recognition=10.057388 understanding=None dialogue_management=None pipeline_wall=11.080475 turn_observed=11.084706
[22:19:15] MEMORY turn=7 reason=agent_a_reply changed=Agent A,Agent B
[22:19:15] STEP turn=None speaker=Agent A route_valid=- route_goal=- route=-
[22:19:26] PHASE turn=8 speaker=Agent B phase=NLG duration_sec=0.3436126708984375
[22:19:26] PHASE turn=8 speaker=Agent B phase=TTS duration_sec=1.10772
[22:19:26] PHASE turn=8 speaker=Agent B phase=ASR duration_sec=9.291265
[22:19:26] SYSTEM telemetry.speech
[22:19:26] SYSTEM telemetry.timing
[22:19:26] MEMORY turn=8 reason=agent_b_reply changed=Agent A,Agent B
[22:19:26] STEP turn=None speaker=Agent B route_valid=- route_goal=- route=-
[22:19:26] PHASE turn=8 speaker=Agent B phase=NLU duration_sec=1.2e-05
[22:19:26] PHASE turn=8 speaker=Agent B phase=DM duration_sec=0.00011855177581310272
[22:19:26] TIMING turn=8 speaker=Agent B generation=0.343613 synthesis=1.10772 audio=2.276 recognition=9.291265 understanding=1.2e-05 dialogue_management=0.000119 pipeline_wall=10.399462 turn_observed=10.743317
[22:23:14] PHASE turn=9 speaker=Agent A phase=NLG duration_sec=213.86945843696594
[22:23:14] PHASE turn=9 speaker=Agent A phase=TTS duration_sec=1.754607
[22:23:14] PHASE turn=9 speaker=Agent A phase=ASR duration_sec=12.138793
[22:23:14] SYSTEM telemetry.speech
[22:23:14] SYSTEM telemetry.timing
[22:23:14] TIMING turn=9 speaker=Agent A generation=213.869458 synthesis=1.754607 audio=6.597 recognition=12.138793 understanding=None dialogue_management=None pipeline_wall=13.894228 turn_observed=227.763788
[22:23:14] MEMORY turn=9 reason=agent_a_reply changed=Agent A,Agent B
[22:23:14] STEP turn=None speaker=Agent A route_valid=- route_goal=- route=-
[22:32:41] PHASE turn=10 speaker=Agent B phase=NLG duration_sec=544.9659037590027
[22:32:41] PHASE turn=10 speaker=Agent B phase=TTS duration_sec=4.916862
[22:32:41] PHASE turn=10 speaker=Agent B phase=ASR duration_sec=17.478386
[22:32:41] SYSTEM telemetry.speech
[22:32:41] SYSTEM telemetry.timing
[22:32:41] MEMORY turn=10 reason=agent_b_reply changed=Agent A,Agent B
[22:32:41] STEP turn=None speaker=Agent B route_valid=- route_goal=- route=-
[22:32:41] PHASE turn=10 speaker=Agent B phase=NLU duration_sec=0.004243
[22:32:41] SYSTEM telemetry.nlu
[22:32:41] SYSTEM candidate
[22:32:41] PHASE turn=10 speaker=Agent B phase=DM duration_sec=0.012403539381921291
[22:32:41] TIMING turn=10 speaker=Agent B generation=544.965904 synthesis=4.916862 audio=14.461 recognition=17.478386 understanding=0.004243 dialogue_management=0.012404 pipeline_wall=22.395964 turn_observed=567.378623
[22:36:50] PHASE turn=11 speaker=Agent A phase=NLG duration_sec=235.38600993156433
[22:36:50] PHASE turn=11 speaker=Agent A phase=TTS duration_sec=1.454042
[22:36:50] PHASE turn=11 speaker=Agent A phase=ASR duration_sec=11.565464
[22:36:50] SYSTEM telemetry.speech
[22:36:50] SYSTEM telemetry.timing
[22:36:50] TIMING turn=11 speaker=Agent A generation=235.38601 synthesis=1.454042 audio=5.361 recognition=11.565464 understanding=None dialogue_management=None pipeline_wall=13.020243 turn_observed=248.406374
[22:36:50] MEMORY turn=11 reason=agent_a_reply changed=Agent A,Agent B
[22:36:50] STEP turn=None speaker=Agent A route_valid=- route_goal=- route=-
[22:36:50] SYSTEM metrics
[22:36:50] SYSTEM done
[22:36:50] SEGMENT batch.condition.end status=ok duration=3016.204005 seconds
[22:36:50] SESSION END batch-C-AC-RAN-CLEAN-PIP-FWH-QQ57I-PAP-LRG-I0-0fca0686d4-A
