=== batch-c-mpcc-fc-clean-pip-vos-qq57i-defau-lrg-i0-7cde28dbf6-t-20260715-071137.log | sha256=3a825393086430c9c2141d8e597cf4d69b797c0f54f3a59dd7dfe369a7e2e9fe ===
[07:11:37] SESSION START batch-C-MPCC-FC-CLEAN-PIP-VOS-QQ57I-DEFAU-LRG-I0-7cde28dbf6-T
[07:11:37] SEGMENT batch.condition.start status=ok duration=None seconds
[07:11:37] SYSTEM timer.start
[07:11:37] PHASE turn=1 speaker=Agent A phase=NLG duration_sec=0.0
[07:11:37] PHASE turn=1 speaker=Agent A phase=TTS duration_sec=0.520363
[07:11:37] PHASE turn=1 speaker=Agent A phase=ASR duration_sec=0.027289
[07:11:37] SYSTEM telemetry.speech
[07:11:37] MEMORY turn=1 reason=opening changed=Agent A,Agent B
[07:11:37] STEP turn=None speaker=Agent A route_valid=- route_goal=- route=-
[07:11:37] SYSTEM telemetry.timing
[07:11:37] TIMING turn=1 speaker=Agent A generation=0.0 synthesis=0.520363 audio=11.463 recognition=0.027289 understanding=None dialogue_management=None pipeline_wall=0.54831 turn_observed=11.463
[07:16:27] PHASE turn=2 speaker=Agent B phase=NLG duration_sec=288.4859800338745
[07:16:27] PHASE turn=2 speaker=Agent B phase=TTS duration_sec=0.859881
[07:16:27] PHASE turn=2 speaker=Agent B phase=ASR duration_sec=0.01657
[07:16:27] SYSTEM telemetry.speech
[07:16:27] SYSTEM telemetry.timing
[07:16:27] MEMORY turn=2 reason=agent_b_reply changed=Agent A,Agent B
[07:16:27] STEP turn=None speaker=Agent B route_valid=- route_goal=- route=-
[07:16:27] PHASE turn=2 speaker=Agent B phase=NLU duration_sec=0.001111
[07:16:27] SYSTEM telemetry.nlu
[07:16:27] SYSTEM route
[07:16:27] SYSTEM candidate
[07:16:27] PHASE turn=2 speaker=Agent B phase=DM duration_sec=0.0032462775707244873
[07:16:27] TIMING turn=2 speaker=Agent B generation=288.48598 synthesis=0.859881 audio=9.03 recognition=0.01657 understanding=0.001111 dialogue_management=0.003246 pipeline_wall=0.876849 turn_observed=297.520337
[07:16:47] PHASE turn=3 speaker=Agent A phase=NLG duration_sec=20.099557876586914
[07:16:47] PHASE turn=3 speaker=Agent A phase=TTS duration_sec=0.563882
[07:16:47] PHASE turn=3 speaker=Agent A phase=ASR duration_sec=0.014366
[07:16:47] SYSTEM telemetry.speech
[07:16:47] SYSTEM telemetry.timing
[07:16:47] TIMING turn=3 speaker=Agent A generation=20.099558 synthesis=0.563882 audio=6.597 recognition=0.014366 understanding=None dialogue_management=None pipeline_wall=0.578583 turn_observed=26.696558
[07:16:47] MEMORY turn=3 reason=agent_a_reply changed=Agent A,Agent B
[07:16:47] STEP turn=None speaker=Agent A route_valid=- route_goal=- route=-
[07:22:07] PHASE turn=4 speaker=Agent B phase=NLG duration_sec=318.3008382320404
[07:22:07] PHASE turn=4 speaker=Agent B phase=TTS duration_sec=1.376787
[07:22:07] PHASE turn=4 speaker=Agent B phase=ASR duration_sec=0.022881
[07:22:07] SYSTEM telemetry.speech
[07:22:07] SYSTEM telemetry.timing
[07:22:07] MEMORY turn=4 reason=agent_b_reply changed=Agent A,Agent B
[07:22:07] STEP turn=None speaker=Agent B route_valid=- route_goal=- route=-
[07:22:07] PHASE turn=4 speaker=Agent B phase=NLU duration_sec=0.002488
[07:22:07] SYSTEM telemetry.nlu
[07:22:07] SYSTEM candidate
[07:22:07] PHASE turn=4 speaker=Agent B phase=DM duration_sec=0.002796581946313381
[07:22:07] TIMING turn=4 speaker=Agent B generation=318.300838 synthesis=1.376787 audio=14.461 recognition=0.022881 understanding=0.002488 dialogue_management=0.002797 pipeline_wall=1.400145 turn_observed=332.767123
[07:22:29] PHASE turn=5 speaker=Agent A phase=NLG duration_sec=21.437443733215332
[07:22:29] PHASE turn=5 speaker=Agent A phase=TTS duration_sec=0.899805
[07:22:29] PHASE turn=5 speaker=Agent A phase=ASR duration_sec=0.024609
[07:22:29] SYSTEM telemetry.speech
[07:22:29] SYSTEM telemetry.timing
[07:22:29] TIMING turn=5 speaker=Agent A generation=21.437444 synthesis=0.899805 audio=10.019 recognition=0.024609 understanding=None dialogue_management=None pipeline_wall=0.924765 turn_observed=31.456444
[07:22:29] MEMORY turn=5 reason=agent_a_reply changed=Agent A,Agent B
[07:22:29] STEP turn=None speaker=Agent A route_valid=- route_goal=- route=-
[07:28:29] PHASE turn=6 speaker=Agent B phase=NLG duration_sec=358.49632263183594
[07:28:29] PHASE turn=6 speaker=Agent B phase=TTS duration_sec=1.146367
[07:28:29] PHASE turn=6 speaker=Agent B phase=ASR duration_sec=0.019822
[07:28:29] SYSTEM telemetry.speech
[07:28:29] SYSTEM telemetry.timing
[07:28:29] MEMORY turn=6 reason=agent_b_reply changed=Agent A,Agent B
[07:28:29] STEP turn=None speaker=Agent B route_valid=- route_goal=- route=-
[07:28:29] PHASE turn=6 speaker=Agent B phase=NLU duration_sec=0.001355
[07:28:29] SYSTEM telemetry.nlu
[07:28:29] SYSTEM candidate
[07:28:29] PHASE turn=6 speaker=Agent B phase=DM duration_sec=0.0047749364748597145
[07:28:29] TIMING turn=6 speaker=Agent B generation=358.496323 synthesis=1.146367 audio=11.925 recognition=0.019822 understanding=0.001355 dialogue_management=0.004775 pipeline_wall=1.166594 turn_observed=370.427452
[07:28:54] PHASE turn=7 speaker=Agent A phase=NLG duration_sec=23.764296293258667
[07:28:54] PHASE turn=7 speaker=Agent A phase=TTS duration_sec=0.752891
[07:28:54] PHASE turn=7 speaker=Agent A phase=ASR duration_sec=0.018295
[07:28:54] SYSTEM telemetry.speech
[07:28:54] SYSTEM telemetry.timing
[07:28:54] TIMING turn=7 speaker=Agent A generation=23.764296 synthesis=0.752891 audio=8.415 recognition=0.018295 understanding=None dialogue_management=None pipeline_wall=0.771824 turn_observed=32.179296
[07:28:54] MEMORY turn=7 reason=agent_a_reply changed=Agent A,Agent B
[07:28:54] STEP turn=None speaker=Agent A route_valid=- route_goal=- route=-
[07:35:11] PHASE turn=8 speaker=Agent B phase=NLG duration_sec=376.9441304206848
[07:35:11] PHASE turn=8 speaker=Agent B phase=TTS duration_sec=0.828066
[07:35:11] PHASE turn=8 speaker=Agent B phase=ASR duration_sec=0.015419
[07:35:11] SYSTEM telemetry.speech
[07:35:11] SYSTEM telemetry.timing
[07:35:11] MEMORY turn=8 reason=agent_b_reply changed=Agent A,Agent B
[07:35:11] STEP turn=None speaker=Agent B route_valid=- route_goal=- route=-
[07:35:11] PHASE turn=8 speaker=Agent B phase=NLU duration_sec=0.001558
[07:35:11] SYSTEM telemetry.nlu
[07:35:11] SYSTEM candidate
[07:35:11] PHASE turn=8 speaker=Agent B phase=DM duration_sec=0.004624448716640472
[07:35:11] TIMING turn=8 speaker=Agent B generation=376.94413 synthesis=0.828066 audio=9.03 recognition=0.015419 understanding=0.001558 dialogue_management=0.004624 pipeline_wall=0.843894 turn_observed=385.980313
[07:35:37] PHASE turn=9 speaker=Agent A phase=NLG duration_sec=25.05558443069458
[07:35:37] PHASE turn=9 speaker=Agent A phase=TTS duration_sec=0.508017
[07:35:37] PHASE turn=9 speaker=Agent A phase=ASR duration_sec=0.01321
[07:35:37] SYSTEM telemetry.speech
[07:35:37] SYSTEM telemetry.timing
[07:35:37] TIMING turn=9 speaker=Agent A generation=25.055584 synthesis=0.508017 audio=5.361 recognition=0.01321 understanding=None dialogue_management=None pipeline_wall=0.521669 turn_observed=30.416584
[07:35:37] MEMORY turn=9 reason=agent_a_reply changed=Agent A,Agent B
[07:35:37] STEP turn=None speaker=Agent A route_valid=- route_goal=- route=-
[07:35:37] SYSTEM metrics
[07:35:37] SYSTEM done
[07:35:37] SEGMENT batch.condition.end status=ok duration=1440.438524 seconds
[07:35:37] SESSION END batch-C-MPCC-FC-CLEAN-PIP-VOS-QQ57I-DEFAU-LRG-I0-7cde28dbf6-T
