=== batch-c-mpcc-fc-clean-pip-vos-qq57i-defau-lrg-i0-7cde28dbf6-t-20260715-082333.log | sha256=3cec13167d018961a5d8db8f4a33fce5d14af96dfbcd3e75dabe7663ca2520f7 ===
[08:23:33] SESSION START batch-C-MPCC-FC-CLEAN-PIP-VOS-QQ57I-DEFAU-LRG-I0-7cde28dbf6-T
[08:23:33] SEGMENT batch.condition.start status=ok duration=None seconds
[08:23:33] SYSTEM timer.start
[08:23:33] PHASE turn=1 speaker=Agent A phase=NLG duration_sec=0.0
[08:23:33] PHASE turn=1 speaker=Agent A phase=TTS duration_sec=0.550812
[08:23:33] PHASE turn=1 speaker=Agent A phase=ASR duration_sec=0.027125
[08:23:33] SYSTEM telemetry.speech
[08:23:33] MEMORY turn=1 reason=opening changed=Agent A,Agent B
[08:23:33] STEP turn=None speaker=Agent A route_valid=- route_goal=- route=-
[08:23:33] SYSTEM telemetry.timing
[08:23:33] TIMING turn=1 speaker=Agent A generation=0.0 synthesis=0.550812 audio=11.463 recognition=0.027125 understanding=None dialogue_management=None pipeline_wall=0.578541 turn_observed=11.463
[08:28:23] PHASE turn=2 speaker=Agent B phase=NLG duration_sec=289.1563673019409
[08:28:23] PHASE turn=2 speaker=Agent B phase=TTS duration_sec=0.839704
[08:28:23] PHASE turn=2 speaker=Agent B phase=ASR duration_sec=0.016506
[08:28:23] SYSTEM telemetry.speech
[08:28:23] SYSTEM telemetry.timing
[08:28:23] MEMORY turn=2 reason=agent_b_reply changed=Agent A,Agent B
[08:28:23] STEP turn=None speaker=Agent B route_valid=- route_goal=- route=-
[08:28:23] PHASE turn=2 speaker=Agent B phase=NLU duration_sec=0.000905
[08:28:23] SYSTEM telemetry.nlu
[08:28:23] SYSTEM route
[08:28:23] SYSTEM candidate
[08:28:23] PHASE turn=2 speaker=Agent B phase=DM duration_sec=0.002748982049524784
[08:28:23] TIMING turn=2 speaker=Agent B generation=289.156367 synthesis=0.839704 audio=9.03 recognition=0.016506 understanding=0.000905 dialogue_management=0.002749 pipeline_wall=0.856576 turn_observed=298.190022
[08:28:44] PHASE turn=3 speaker=Agent A phase=NLG duration_sec=20.289785146713257
[08:28:44] PHASE turn=3 speaker=Agent A phase=TTS duration_sec=0.584431
[08:28:44] PHASE turn=3 speaker=Agent A phase=ASR duration_sec=0.018549
[08:28:44] SYSTEM telemetry.speech
[08:28:44] SYSTEM telemetry.timing
[08:28:44] TIMING turn=3 speaker=Agent A generation=20.289785 synthesis=0.584431 audio=6.597 recognition=0.018549 understanding=None dialogue_management=None pipeline_wall=0.603408 turn_observed=26.886785
[08:28:44] MEMORY turn=3 reason=agent_a_reply changed=Agent A,Agent B
[08:28:44] STEP turn=None speaker=Agent A route_valid=- route_goal=- route=-
[08:34:05] PHASE turn=4 speaker=Agent B phase=NLG duration_sec=319.4879858493805
[08:34:05] PHASE turn=4 speaker=Agent B phase=TTS duration_sec=1.303123
[08:34:05] PHASE turn=4 speaker=Agent B phase=ASR duration_sec=0.023448
[08:34:05] SYSTEM telemetry.speech
[08:34:05] SYSTEM telemetry.timing
[08:34:05] MEMORY turn=4 reason=agent_b_reply changed=Agent A,Agent B
[08:34:05] STEP turn=None speaker=Agent B route_valid=- route_goal=- route=-
[08:34:05] PHASE turn=4 speaker=Agent B phase=NLU duration_sec=0.0025
[08:34:05] SYSTEM telemetry.nlu
[08:34:05] SYSTEM candidate
[08:34:05] PHASE turn=4 speaker=Agent B phase=DM duration_sec=0.0027107419446110725
[08:34:05] TIMING turn=4 speaker=Agent B generation=319.487986 synthesis=1.303123 audio=14.461 recognition=0.023448 understanding=0.0025 dialogue_management=0.002711 pipeline_wall=1.327015 turn_observed=333.954197
[08:34:28] PHASE turn=5 speaker=Agent A phase=NLG duration_sec=21.593513250350952
[08:34:28] PHASE turn=5 speaker=Agent A phase=TTS duration_sec=0.943766
[08:34:28] PHASE turn=5 speaker=Agent A phase=ASR duration_sec=0.025277
[08:34:28] SYSTEM telemetry.speech
[08:34:28] SYSTEM telemetry.timing
[08:34:28] TIMING turn=5 speaker=Agent A generation=21.593513 synthesis=0.943766 audio=10.019 recognition=0.025277 understanding=None dialogue_management=None pipeline_wall=0.96952 turn_observed=31.612513
[08:34:28] MEMORY turn=5 reason=agent_a_reply changed=Agent A,Agent B
[08:34:28] STEP turn=None speaker=Agent A route_valid=- route_goal=- route=-
[08:40:28] PHASE turn=6 speaker=Agent B phase=NLG duration_sec=358.66892170906067
[08:40:28] PHASE turn=6 speaker=Agent B phase=TTS duration_sec=1.133357
[08:40:28] PHASE turn=6 speaker=Agent B phase=ASR duration_sec=0.024567
[08:40:28] SYSTEM telemetry.speech
[08:40:28] SYSTEM telemetry.timing
[08:40:28] MEMORY turn=6 reason=agent_b_reply changed=Agent A,Agent B
[08:40:28] STEP turn=None speaker=Agent B route_valid=- route_goal=- route=-
[08:40:28] PHASE turn=6 speaker=Agent B phase=NLU duration_sec=0.001372
[08:40:28] SYSTEM telemetry.nlu
[08:40:28] SYSTEM candidate
[08:40:28] PHASE turn=6 speaker=Agent B phase=DM duration_sec=0.006810365244746208
[08:40:28] TIMING turn=6 speaker=Agent B generation=358.668922 synthesis=1.133357 audio=11.925 recognition=0.024567 understanding=0.001372 dialogue_management=0.00681 pipeline_wall=1.158423 turn_observed=370.602104
[08:40:52] PHASE turn=7 speaker=Agent A phase=NLG duration_sec=23.580142498016357
[08:40:52] PHASE turn=7 speaker=Agent A phase=TTS duration_sec=0.746743
[08:40:52] PHASE turn=7 speaker=Agent A phase=ASR duration_sec=0.018668
[08:40:52] SYSTEM telemetry.speech
[08:40:52] SYSTEM telemetry.timing
[08:40:52] TIMING turn=7 speaker=Agent A generation=23.580142 synthesis=0.746743 audio=8.415 recognition=0.018668 understanding=None dialogue_management=None pipeline_wall=0.765868 turn_observed=31.995142
[08:40:52] MEMORY turn=7 reason=agent_a_reply changed=Agent A,Agent B
[08:40:52] STEP turn=None speaker=Agent A route_valid=- route_goal=- route=-
[08:47:10] PHASE turn=8 speaker=Agent B phase=NLG duration_sec=377.20536255836487
[08:47:10] PHASE turn=8 speaker=Agent B phase=TTS duration_sec=0.859181
[08:47:10] PHASE turn=8 speaker=Agent B phase=ASR duration_sec=0.016945
[08:47:10] SYSTEM telemetry.speech
[08:47:10] SYSTEM telemetry.timing
[08:47:10] MEMORY turn=8 reason=agent_b_reply changed=Agent A,Agent B
[08:47:10] STEP turn=None speaker=Agent B route_valid=- route_goal=- route=-
[08:47:10] PHASE turn=8 speaker=Agent B phase=NLU duration_sec=0.001487
[08:47:10] SYSTEM telemetry.nlu
[08:47:10] SYSTEM candidate
[08:47:10] PHASE turn=8 speaker=Agent B phase=DM duration_sec=0.0047136340290308
[08:47:10] TIMING turn=8 speaker=Agent B generation=377.205363 synthesis=0.859181 audio=9.03 recognition=0.016945 understanding=0.001487 dialogue_management=0.004714 pipeline_wall=0.876542 turn_observed=386.241563
[08:47:36] PHASE turn=9 speaker=Agent A phase=NLG duration_sec=24.951514720916748
[08:47:36] PHASE turn=9 speaker=Agent A phase=TTS duration_sec=0.495107
[08:47:36] PHASE turn=9 speaker=Agent A phase=ASR duration_sec=0.013797
[08:47:36] SYSTEM telemetry.speech
[08:47:36] SYSTEM telemetry.timing
[08:47:36] TIMING turn=9 speaker=Agent A generation=24.951515 synthesis=0.495107 audio=5.361 recognition=0.013797 understanding=None dialogue_management=None pipeline_wall=0.509313 turn_observed=30.312515
[08:47:36] MEMORY turn=9 reason=agent_a_reply changed=Agent A,Agent B
[08:47:36] STEP turn=None speaker=Agent A route_valid=- route_goal=- route=-
[08:47:36] SYSTEM metrics
[08:47:36] SYSTEM done
[08:47:36] SEGMENT batch.condition.end status=ok duration=1442.749841 seconds
[08:47:36] SESSION END batch-C-MPCC-FC-CLEAN-PIP-VOS-QQ57I-DEFAU-LRG-I0-7cde28dbf6-T
