=== batch-c-cee-dst-hesit-pip-fwh-mp3m4-defau-med-i0-251542fce4-t-20260714-102546.log | sha256=adb051b14227484cf0e47adfc4c2779b488e15fa4b301b22e62d089ef9778161 ===
[10:25:46] SESSION START batch-C-CEE-DST-HESIT-PIP-FWH-MP3M4-DEFAU-MED-I0-251542fce4-T
[10:25:46] SEGMENT batch.condition.start status=ok duration=None seconds
[10:25:46] SYSTEM timer.start
[10:25:47] PHASE turn=1 speaker=Agent A phase=NLG duration_sec=0.0
[10:25:47] PHASE turn=1 speaker=Agent A phase=TTS duration_sec=1.004283
[10:25:47] PHASE turn=1 speaker=Agent A phase=ASR duration_sec=0.043439
[10:25:47] SYSTEM telemetry.speech
[10:25:47] MEMORY turn=1 reason=opening changed=Agent A,Agent B
[10:25:47] STEP turn=None speaker=Agent A route_valid=- route_goal=- route=-
[10:25:47] SYSTEM telemetry.timing
[10:25:47] TIMING turn=1 speaker=Agent A generation=0.0 synthesis=1.004283 audio=12.423 recognition=0.043439 understanding=None dialogue_management=None pipeline_wall=1.049004 turn_observed=12.423
[10:29:52] PHASE turn=2 speaker=Agent B phase=NLG duration_sec=243.89698791503906
[10:29:52] PHASE turn=2 speaker=Agent B phase=TTS duration_sec=1.108685
[10:29:52] PHASE turn=2 speaker=Agent B phase=ASR duration_sec=0.02149
[10:29:52] SYSTEM telemetry.speech
[10:29:52] SYSTEM telemetry.timing
[10:29:52] MEMORY turn=2 reason=agent_b_reply changed=Agent A,Agent B
[10:29:52] STEP turn=None speaker=Agent B route_valid=- route_goal=- route=-
[10:29:52] PHASE turn=2 speaker=Agent B phase=NLU duration_sec=0.001095
[10:29:52] SYSTEM telemetry.nlu
[10:29:52] SYSTEM route
[10:29:52] SYSTEM candidate
[10:29:52] PHASE turn=2 speaker=Agent B phase=DM duration_sec=0.0058265263214707375
[10:29:52] TIMING turn=2 speaker=Agent B generation=243.896988 synthesis=1.108685 audio=6.924 recognition=0.02149 understanding=0.001095 dialogue_management=0.005827 pipeline_wall=1.131204 turn_observed=250.827909
[10:30:19] PHASE turn=3 speaker=Agent A phase=NLG duration_sec=25.307288885116577
[10:30:19] PHASE turn=3 speaker=Agent A phase=TTS duration_sec=1.101081
[10:30:19] PHASE turn=3 speaker=Agent A phase=ASR duration_sec=0.023803
[10:30:19] SYSTEM telemetry.speech
[10:30:19] SYSTEM telemetry.timing
[10:30:19] TIMING turn=3 speaker=Agent A generation=25.307289 synthesis=1.101081 audio=6.879 recognition=0.023803 understanding=None dialogue_management=None pipeline_wall=1.12542 turn_observed=32.186289
[10:30:19] MEMORY turn=3 reason=agent_a_reply changed=Agent A,Agent B
[10:30:19] STEP turn=None speaker=Agent A route_valid=- route_goal=- route=-
[10:34:49] PHASE turn=4 speaker=Agent B phase=NLG duration_sec=267.6448142528534
[10:34:49] PHASE turn=4 speaker=Agent B phase=TTS duration_sec=1.926074
[10:34:49] PHASE turn=4 speaker=Agent B phase=ASR duration_sec=0.035239
[10:34:49] SYSTEM telemetry.speech
[10:34:49] SYSTEM telemetry.timing
[10:34:49] MEMORY turn=4 reason=agent_b_reply changed=Agent A,Agent B
[10:34:49] STEP turn=None speaker=Agent B route_valid=- route_goal=- route=-
[10:34:49] PHASE turn=4 speaker=Agent B phase=NLU duration_sec=0.004047
[10:34:49] SYSTEM telemetry.nlu
[10:34:49] SYSTEM candidate
[10:34:49] PHASE turn=4 speaker=Agent B phase=DM duration_sec=0.004152101464569569
[10:34:49] TIMING turn=4 speaker=Agent B generation=267.644814 synthesis=1.926074 audio=12.055 recognition=0.035239 understanding=0.004047 dialogue_management=0.004152 pipeline_wall=1.961819 turn_observed=279.708014
[10:35:17] PHASE turn=5 speaker=Agent A phase=NLG duration_sec=27.436658143997192
[10:35:17] PHASE turn=5 speaker=Agent A phase=TTS duration_sec=0.931618
[10:35:17] PHASE turn=5 speaker=Agent A phase=ASR duration_sec=0.027505
[10:35:17] SYSTEM telemetry.speech
[10:35:17] SYSTEM telemetry.timing
[10:35:17] TIMING turn=5 speaker=Agent A generation=27.436658 synthesis=0.931618 audio=6.129 recognition=0.027505 understanding=None dialogue_management=None pipeline_wall=0.959702 turn_observed=33.565658
[10:35:17] MEMORY turn=5 reason=agent_a_reply changed=Agent A,Agent B
[10:35:17] STEP turn=None speaker=Agent A route_valid=- route_goal=- route=-
[10:39:57] PHASE turn=6 speaker=Agent B phase=NLG duration_sec=277.799507856369
[10:39:57] PHASE turn=6 speaker=Agent B phase=TTS duration_sec=2.572321
[10:39:57] PHASE turn=6 speaker=Agent B phase=ASR duration_sec=0.047139
[10:39:57] SYSTEM telemetry.speech
[10:39:57] SYSTEM telemetry.timing
[10:39:57] MEMORY turn=6 reason=agent_b_reply changed=Agent A,Agent B
[10:39:57] STEP turn=None speaker=Agent B route_valid=- route_goal=- route=-
[10:39:57] PHASE turn=6 speaker=Agent B phase=NLU duration_sec=0.005851
[10:39:57] SYSTEM telemetry.nlu
[10:39:57] SYSTEM candidate
[10:39:57] PHASE turn=6 speaker=Agent B phase=DM duration_sec=0.0069053685292601585
[10:39:57] TIMING turn=6 speaker=Agent B generation=277.799508 synthesis=2.572321 audio=12.957 recognition=0.047139 understanding=0.005851 dialogue_management=0.006905 pipeline_wall=2.620056 turn_observed=290.769265
[10:40:35] PHASE turn=7 speaker=Agent A phase=NLG duration_sec=36.52368688583374
[10:40:35] PHASE turn=7 speaker=Agent A phase=TTS duration_sec=1.35827
[10:40:35] PHASE turn=7 speaker=Agent A phase=ASR duration_sec=0.030174
[10:40:35] SYSTEM telemetry.speech
[10:40:35] SYSTEM telemetry.timing
[10:40:35] TIMING turn=7 speaker=Agent A generation=36.523687 synthesis=1.35827 audio=6.879 recognition=0.030174 understanding=None dialogue_management=None pipeline_wall=1.388985 turn_observed=43.402687
[10:40:35] MEMORY turn=7 reason=agent_a_reply changed=Agent A,Agent B
[10:40:35] STEP turn=None speaker=Agent A route_valid=- route_goal=- route=-
[10:46:47] PHASE turn=8 speaker=Agent B phase=NLG duration_sec=369.1464538574219
[10:46:47] PHASE turn=8 speaker=Agent B phase=TTS duration_sec=2.582324
[10:46:47] PHASE turn=8 speaker=Agent B phase=ASR duration_sec=0.046198
[10:46:47] SYSTEM telemetry.speech
[10:46:47] SYSTEM telemetry.timing
[10:46:47] MEMORY turn=8 reason=agent_b_reply changed=Agent A,Agent B
[10:46:47] STEP turn=None speaker=Agent B route_valid=- route_goal=- route=-
[10:46:47] PHASE turn=8 speaker=Agent B phase=NLU duration_sec=0.0054
[10:46:47] SYSTEM telemetry.nlu
[10:46:47] SYSTEM candidate
[10:46:47] PHASE turn=8 speaker=Agent B phase=DM duration_sec=0.010664830915629864
[10:46:47] TIMING turn=8 speaker=Agent B generation=369.146454 synthesis=2.582324 audio=13.209 recognition=0.046198 understanding=0.0054 dialogue_management=0.010665 pipeline_wall=2.629103 turn_observed=382.371519
[10:47:28] PHASE turn=9 speaker=Agent A phase=NLG duration_sec=39.82399654388428
[10:47:28] PHASE turn=9 speaker=Agent A phase=TTS duration_sec=1.068791
[10:47:28] PHASE turn=9 speaker=Agent A phase=ASR duration_sec=0.020257
[10:47:28] SYSTEM telemetry.speech
[10:47:28] SYSTEM telemetry.timing
[10:47:28] TIMING turn=9 speaker=Agent A generation=39.823997 synthesis=1.068791 audio=5.281 recognition=0.020257 understanding=None dialogue_management=None pipeline_wall=1.089593 turn_observed=45.104997
[10:47:28] MEMORY turn=9 reason=agent_a_reply changed=Agent A,Agent B
[10:47:28] STEP turn=None speaker=Agent A route_valid=- route_goal=- route=-
[10:47:28] SYSTEM metrics
[10:47:28] SYSTEM done
[10:47:28] SEGMENT batch.condition.end status=ok duration=1301.846764 seconds
[10:47:28] SESSION END batch-C-CEE-DST-HESIT-PIP-FWH-MP3M4-DEFAU-MED-I0-251542fce4-T
