=== batch-c-mt-ran-sc-pip-vos-tl1-defau-sml-i0-c8e89e2ef3-a-20260710-221722.log | sha256=3785596b395dc5204db455eb67739487a36b1242d197f2edb1e8e57c4aad9d5d ===
[22:17:22] SESSION START batch-C-MT-RAN-SC-PIP-VOS-TL1-DEFAU-SML-I0-c8e89e2ef3-A
[22:17:22] SEGMENT batch.condition.start status=ok duration=None seconds
[22:17:22] SYSTEM timer.start
[22:17:38] PHASE turn=1 speaker=Agent A phase=NLG duration_sec=0.0
[22:17:38] PHASE turn=1 speaker=Agent A phase=TTS duration_sec=7.489732
[22:17:38] PHASE turn=1 speaker=Agent A phase=ASR duration_sec=4.49783
[22:17:38] SYSTEM telemetry.speech
[22:17:38] MEMORY turn=1 reason=opening changed=Agent A,Agent B
[22:17:38] STEP turn=None speaker=Agent A route_valid=- route_goal=- route=-
[22:17:38] SYSTEM telemetry.timing
[22:17:38] TIMING turn=1 speaker=Agent A generation=0.0 synthesis=7.489732 audio=10.0 recognition=4.49783 understanding=None dialogue_management=None pipeline_wall=16.202105 turn_observed=16.202198
[22:17:44] PHASE turn=2 speaker=Agent B phase=NLG duration_sec=0.0004565715789794922
[22:17:44] PHASE turn=2 speaker=Agent B phase=TTS duration_sec=1.730631
[22:17:44] PHASE turn=2 speaker=Agent B phase=ASR duration_sec=1.65888
[22:17:44] SYSTEM telemetry.speech
[22:17:44] SYSTEM telemetry.timing
[22:17:44] MEMORY turn=2 reason=agent_b_reply changed=Agent A,Agent B
[22:17:44] STEP turn=None speaker=Agent B route_valid=- route_goal=- route=-
[22:17:44] PHASE turn=2 speaker=Agent B phase=NLU duration_sec=0.000504
[22:17:44] SYSTEM telemetry.nlu
[22:17:44] PHASE turn=2 speaker=Agent B phase=DM duration_sec=0.00014149199705570936
[22:17:44] TIMING turn=2 speaker=Agent B generation=0.000457 synthesis=1.730631 audio=4.723 recognition=1.65888 understanding=0.000504 dialogue_management=0.000141 pipeline_wall=5.544599 turn_observed=5.545784
[22:17:51] PHASE turn=3 speaker=Agent A phase=NLG duration_sec=0.017142534255981445
[22:17:51] PHASE turn=3 speaker=Agent A phase=TTS duration_sec=2.458884
[22:17:51] PHASE turn=3 speaker=Agent A phase=ASR duration_sec=2.122844
[22:17:51] SYSTEM telemetry.speech
[22:17:51] SYSTEM telemetry.timing
[22:17:51] TIMING turn=3 speaker=Agent A generation=0.017143 synthesis=2.458884 audio=5.381 recognition=2.122844 understanding=None dialogue_management=None pipeline_wall=7.116472 turn_observed=7.133682
[22:17:51] MEMORY turn=3 reason=agent_a_reply changed=Agent A,Agent B
[22:17:51] STEP turn=None speaker=Agent A route_valid=- route_goal=- route=-
[22:17:58] PHASE turn=4 speaker=Agent B phase=NLG duration_sec=0.0006129741668701172
[22:17:58] PHASE turn=4 speaker=Agent B phase=TTS duration_sec=1.720425
[22:17:58] PHASE turn=4 speaker=Agent B phase=ASR duration_sec=2.247986
[22:17:58] SYSTEM telemetry.speech
[22:17:58] SYSTEM telemetry.timing
[22:17:58] MEMORY turn=4 reason=agent_b_reply changed=Agent A
[22:17:58] STEP turn=None speaker=Agent B route_valid=- route_goal=- route=-
[22:17:58] PHASE turn=4 speaker=Agent B phase=NLU duration_sec=0.000521
[22:17:58] SYSTEM telemetry.nlu
[22:17:58] PHASE turn=4 speaker=Agent B phase=DM duration_sec=0.0001500529469922185
[22:17:58] TIMING turn=4 speaker=Agent B generation=0.000613 synthesis=1.720425 audio=5.214 recognition=2.247986 understanding=0.000521 dialogue_management=0.00015 pipeline_wall=6.41461 turn_observed=6.415972
[22:18:01] PHASE turn=5 speaker=Agent A phase=NLG duration_sec=0.016881227493286133
[22:18:01] PHASE turn=5 speaker=Agent A phase=TTS duration_sec=0.970479
[22:18:01] PHASE turn=5 speaker=Agent A phase=ASR duration_sec=1.16439
[22:18:01] SYSTEM telemetry.speech
[22:18:01] SYSTEM telemetry.timing
[22:18:01] TIMING turn=5 speaker=Agent A generation=0.016881 synthesis=0.970479 audio=2.984 recognition=1.16439 understanding=None dialogue_management=None pipeline_wall=3.325434 turn_observed=3.342394
[22:18:01] MEMORY turn=5 reason=agent_a_reply changed=Agent A,Agent B
[22:18:01] STEP turn=None speaker=Agent A route_valid=- route_goal=- route=-
[22:18:09] PHASE turn=6 speaker=Agent B phase=NLG duration_sec=0.0014185905456542969
[22:18:09] PHASE turn=6 speaker=Agent B phase=TTS duration_sec=2.753236
[22:18:09] PHASE turn=6 speaker=Agent B phase=ASR duration_sec=2.424284
[22:18:09] SYSTEM telemetry.speech
[22:18:09] SYSTEM telemetry.timing
[22:18:09] MEMORY turn=6 reason=agent_b_reply changed=Agent A,Agent B
[22:18:09] STEP turn=None speaker=Agent B route_valid=- route_goal=- route=-
[22:18:09] PHASE turn=6 speaker=Agent B phase=NLU duration_sec=0.000464
[22:18:09] SYSTEM telemetry.nlu
[22:18:09] PHASE turn=6 speaker=Agent B phase=DM duration_sec=0.00012107205111533403
[22:18:09] TIMING turn=6 speaker=Agent B generation=0.001419 synthesis=2.753236 audio=5.799 recognition=2.424284 understanding=0.000464 dialogue_management=0.000121 pipeline_wall=8.405218 turn_observed=8.40729
[22:18:16] PHASE turn=7 speaker=Agent A phase=NLG duration_sec=0.02764725685119629
[22:18:16] PHASE turn=7 speaker=Agent A phase=TTS duration_sec=1.784116
[22:18:16] PHASE turn=7 speaker=Agent A phase=ASR duration_sec=2.167732
[22:18:16] SYSTEM telemetry.speech
[22:18:16] SYSTEM telemetry.timing
[22:18:16] TIMING turn=7 speaker=Agent A generation=0.027647 synthesis=1.784116 audio=6.26 recognition=2.167732 understanding=None dialogue_management=None pipeline_wall=6.725834 turn_observed=6.753547
[22:18:16] MEMORY turn=7 reason=agent_a_reply changed=Agent A,Agent B
[22:18:16] STEP turn=None speaker=Agent A route_valid=- route_goal=- route=-
[22:18:26] PHASE turn=8 speaker=Agent B phase=NLG duration_sec=0.0008327960968017578
[22:18:26] PHASE turn=8 speaker=Agent B phase=TTS duration_sec=2.925289
[22:18:26] PHASE turn=8 speaker=Agent B phase=ASR duration_sec=3.538549
[22:18:26] SYSTEM telemetry.speech
[22:18:26] SYSTEM telemetry.timing
[22:18:26] MEMORY turn=8 reason=agent_b_reply changed=Agent A
[22:18:26] STEP turn=None speaker=Agent B route_valid=- route_goal=- route=-
[22:18:26] PHASE turn=8 speaker=Agent B phase=NLU duration_sec=0.000551
[22:18:26] SYSTEM telemetry.nlu
[22:18:26] PHASE turn=8 speaker=Agent B phase=DM duration_sec=0.00013650895562022924
[22:18:26] TIMING turn=8 speaker=Agent B generation=0.000833 synthesis=2.925289 audio=6.97 recognition=3.538549 understanding=0.000551 dialogue_management=0.000137 pipeline_wall=10.398367 turn_observed=10.399957
[22:18:30] PHASE turn=9 speaker=Agent A phase=NLG duration_sec=0.022949695587158203
[22:18:30] PHASE turn=9 speaker=Agent A phase=TTS duration_sec=0.867046
[22:18:30] PHASE turn=9 speaker=Agent A phase=ASR duration_sec=1.1299
[22:18:30] SYSTEM telemetry.speech
[22:18:30] SYSTEM telemetry.timing
[22:18:30] TIMING turn=9 speaker=Agent A generation=0.02295 synthesis=0.867046 audio=3.633 recognition=1.1299 understanding=None dialogue_management=None pipeline_wall=3.509673 turn_observed=3.65595
[22:18:30] MEMORY turn=9 reason=agent_a_reply changed=Agent A,Agent B
[22:18:30] STEP turn=None speaker=Agent A route_valid=- route_goal=- route=-
[22:18:40] PHASE turn=10 speaker=Agent B phase=NLG duration_sec=0.000885009765625
[22:18:40] PHASE turn=10 speaker=Agent B phase=TTS duration_sec=2.598012
[22:18:40] PHASE turn=10 speaker=Agent B phase=ASR duration_sec=3.346726
[22:18:40] SYSTEM telemetry.speech
[22:18:40] SYSTEM telemetry.timing
[22:18:40] MEMORY turn=10 reason=agent_b_reply changed=Agent A
[22:18:40] STEP turn=None speaker=Agent B route_valid=- route_goal=- route=-
[22:18:40] PHASE turn=10 speaker=Agent B phase=NLU duration_sec=0.000611
[22:18:40] SYSTEM telemetry.nlu
[22:18:40] PHASE turn=10 speaker=Agent B phase=DM duration_sec=0.00012915395200252533
[22:18:40] TIMING turn=10 speaker=Agent B generation=0.000885 synthesis=2.598012 audio=6.092 recognition=3.346726 understanding=0.000611 dialogue_management=0.000129 pipeline_wall=9.622141 turn_observed=9.623841
[22:18:43] PHASE turn=11 speaker=Agent A phase=NLG duration_sec=0.017145872116088867
[22:18:43] PHASE turn=11 speaker=Agent A phase=TTS duration_sec=0.910539
[22:18:43] PHASE turn=11 speaker=Agent A phase=ASR duration_sec=1.158987
[22:18:43] SYSTEM telemetry.speech
[22:18:43] SYSTEM telemetry.timing
[22:18:43] TIMING turn=11 speaker=Agent A generation=0.017146 synthesis=0.910539 audio=2.429 recognition=1.158987 understanding=None dialogue_management=None pipeline_wall=3.191398 turn_observed=3.208628
[22:18:43] MEMORY turn=11 reason=agent_a_reply changed=Agent A,Agent B
[22:18:43] STEP turn=None speaker=Agent A route_valid=- route_goal=- route=-
[22:18:50] PHASE turn=12 speaker=Agent B phase=NLG duration_sec=0.0010683536529541016
[22:18:50] PHASE turn=12 speaker=Agent B phase=TTS duration_sec=2.067437
[22:18:50] PHASE turn=12 speaker=Agent B phase=ASR duration_sec=2.277634
[22:18:50] SYSTEM telemetry.speech
[22:18:50] SYSTEM telemetry.timing
[22:18:50] MEMORY turn=12 reason=agent_b_reply changed=Agent A
[22:18:50] STEP turn=None speaker=Agent B route_valid=- route_goal=- route=-
[22:18:50] PHASE turn=12 speaker=Agent B phase=NLU duration_sec=0.000568
[22:18:50] SYSTEM telemetry.nlu
[22:18:50] PHASE turn=12 speaker=Agent B phase=DM duration_sec=0.00012889399658888578
[22:18:50] TIMING turn=12 speaker=Agent B generation=0.001068 synthesis=2.067437 audio=6.092 recognition=2.277634 understanding=0.000568 dialogue_management=0.000129 pipeline_wall=7.487076 turn_observed=7.488912
[22:18:57] PHASE turn=13 speaker=Agent A phase=NLG duration_sec=0.0018727779388427734
[22:18:57] PHASE turn=13 speaker=Agent A phase=TTS duration_sec=2.127622
[22:18:57] PHASE turn=13 speaker=Agent A phase=ASR duration_sec=2.272635
[22:18:57] SYSTEM telemetry.speech
[22:18:57] SYSTEM telemetry.timing
[22:18:57] TIMING turn=13 speaker=Agent A generation=0.001873 synthesis=2.127622 audio=5.936 recognition=2.272635 understanding=None dialogue_management=None pipeline_wall=7.054606 turn_observed=7.056559
[22:18:57] MEMORY turn=13 reason=agent_a_reply changed=Agent A,Agent B
[22:18:57] STEP turn=None speaker=Agent A route_valid=- route_goal=- route=-
[22:19:07] PHASE turn=14 speaker=Agent B phase=NLG duration_sec=0.0011506080627441406
[22:19:07] PHASE turn=14 speaker=Agent B phase=TTS duration_sec=2.816615
[22:19:07] PHASE turn=14 speaker=Agent B phase=ASR duration_sec=2.812006
[22:19:07] SYSTEM telemetry.speech
[22:19:07] SYSTEM telemetry.timing
[22:19:07] MEMORY turn=14 reason=agent_b_reply changed=Agent A
[22:19:07] STEP turn=None speaker=Agent B route_valid=- route_goal=- route=-
[22:19:07] PHASE turn=14 speaker=Agent B phase=NLU duration_sec=0.000633
[22:19:07] SYSTEM telemetry.nlu
[22:19:07] PHASE turn=14 speaker=Agent B phase=DM duration_sec=0.0009465520270168781
[22:19:07] TIMING turn=14 speaker=Agent B generation=0.001151 synthesis=2.816615 audio=6.582 recognition=2.812006 understanding=0.000633 dialogue_management=0.000947 pipeline_wall=9.484003 turn_observed=9.486805
[22:19:11] PHASE turn=15 speaker=Agent A phase=NLG duration_sec=0.022252559661865234
[22:19:11] PHASE turn=15 speaker=Agent A phase=TTS duration_sec=1.152428
[22:19:11] PHASE turn=15 speaker=Agent A phase=ASR duration_sec=1.426001
[22:19:11] SYSTEM telemetry.speech
[22:19:11] SYSTEM telemetry.timing
[22:19:11] TIMING turn=15 speaker=Agent A generation=0.022253 synthesis=1.152428 audio=3.633 recognition=1.426001 understanding=None dialogue_management=None pipeline_wall=4.105585 turn_observed=4.127908
[22:19:11] MEMORY turn=15 reason=agent_a_reply changed=Agent A,Agent B
[22:19:11] STEP turn=None speaker=Agent A route_valid=- route_goal=- route=-
[22:19:20] PHASE turn=16 speaker=Agent B phase=NLG duration_sec=0.0012462139129638672
[22:19:20] PHASE turn=16 speaker=Agent B phase=TTS duration_sec=2.212566
[22:19:20] PHASE turn=16 speaker=Agent B phase=ASR duration_sec=2.794848
[22:19:20] SYSTEM telemetry.speech
[22:19:20] SYSTEM telemetry.timing
[22:19:20] MEMORY turn=16 reason=agent_b_reply changed=Agent A
[22:19:20] STEP turn=None speaker=Agent B route_valid=- route_goal=- route=-
[22:19:20] PHASE turn=16 speaker=Agent B phase=NLU duration_sec=0.000546
[22:19:20] SYSTEM telemetry.nlu
[22:19:20] PHASE turn=16 speaker=Agent B phase=DM duration_sec=0.00013514200691133738
[22:19:20] TIMING turn=16 speaker=Agent B generation=0.001246 synthesis=2.212566 audio=6.092 recognition=2.794848 understanding=0.000546 dialogue_management=0.000135 pipeline_wall=8.556371 turn_observed=8.558379
[22:19:27] PHASE turn=17 speaker=Agent A phase=NLG duration_sec=0.0019130706787109375
[22:19:27] PHASE turn=17 speaker=Agent A phase=TTS duration_sec=2.066022
[22:19:27] PHASE turn=17 speaker=Agent A phase=ASR duration_sec=2.024635
[22:19:27] SYSTEM telemetry.speech
[22:19:27] SYSTEM telemetry.timing
[22:19:27] TIMING turn=17 speaker=Agent A generation=0.001913 synthesis=2.066022 audio=5.936 recognition=2.024635 understanding=None dialogue_management=None pipeline_wall=6.939436 turn_observed=6.941431
[22:19:27] MEMORY turn=17 reason=agent_a_reply changed=Agent A,Agent B
[22:19:27] STEP turn=None speaker=Agent A route_valid=- route_goal=- route=-
[22:19:36] PHASE turn=18 speaker=Agent B phase=NLG duration_sec=0.0014221668243408203
[22:19:36] PHASE turn=18 speaker=Agent B phase=TTS duration_sec=2.574286
[22:19:36] PHASE turn=18 speaker=Agent B phase=ASR duration_sec=3.055097
[22:19:36] SYSTEM telemetry.speech
[22:19:36] SYSTEM telemetry.timing
[22:19:36] MEMORY turn=18 reason=agent_b_reply changed=Agent A
[22:19:36] STEP turn=None speaker=Agent B route_valid=- route_goal=- route=-
[22:19:36] PHASE turn=18 speaker=Agent B phase=NLU duration_sec=0.000568
[22:19:36] SYSTEM telemetry.nlu
[22:19:36] PHASE turn=18 speaker=Agent B phase=DM duration_sec=0.00015037099365144968
[22:19:36] TIMING turn=18 speaker=Agent B generation=0.001422 synthesis=2.574286 audio=5.997 recognition=3.055097 understanding=0.000568 dialogue_management=0.00015 pipeline_wall=9.220996 turn_observed=9.223217
[22:19:40] PHASE turn=19 speaker=Agent A phase=NLG duration_sec=0.02014613151550293
[22:19:40] PHASE turn=19 speaker=Agent A phase=TTS duration_sec=1.267905
[22:19:40] PHASE turn=19 speaker=Agent A phase=ASR duration_sec=1.327189
[22:19:40] SYSTEM telemetry.speech
[22:19:40] SYSTEM telemetry.timing
[22:19:40] TIMING turn=19 speaker=Agent A generation=0.020146 synthesis=1.267905 audio=2.984 recognition=1.327189 understanding=None dialogue_management=None pipeline_wall=4.102028 turn_observed=4.122245
[22:19:40] MEMORY turn=19 reason=agent_a_reply changed=Agent A,Agent B
[22:19:40] STEP turn=None speaker=Agent A route_valid=- route_goal=- route=-
[22:19:49] PHASE turn=20 speaker=Agent B phase=NLG duration_sec=0.0030527114868164062
[22:19:49] PHASE turn=20 speaker=Agent B phase=TTS duration_sec=2.41544
[22:19:49] PHASE turn=20 speaker=Agent B phase=ASR duration_sec=3.10987
[22:19:49] SYSTEM telemetry.speech
[22:19:49] SYSTEM telemetry.timing
[22:19:49] MEMORY turn=20 reason=agent_b_reply changed=Agent A
[22:19:49] STEP turn=None speaker=Agent B route_valid=- route_goal=- route=-
[22:19:49] PHASE turn=20 speaker=Agent B phase=NLU duration_sec=0.000578
[22:19:49] SYSTEM telemetry.nlu
[22:19:49] PHASE turn=20 speaker=Agent B phase=DM duration_sec=0.00013733003288507462
[22:19:49] TIMING turn=20 speaker=Agent B generation=0.003053 synthesis=2.41544 audio=6.092 recognition=3.10987 understanding=0.000578 dialogue_management=0.000137 pipeline_wall=9.159519 turn_observed=9.163358
[22:19:49] SYSTEM metrics
[22:19:49] SYSTEM done
[22:19:49] SEGMENT batch.condition.end status=ok duration=147.073393 seconds
[22:19:49] SESSION END batch-C-MT-RAN-SC-PIP-VOS-TL1-DEFAU-SML-I0-c8e89e2ef3-A
