=== batch-c-mpcc-fc-clean-pip-vos-qq57i-defau-lrg-i0-7cde28dbf6-t-20260715-145814.log | sha256=eeff9e9ca2d5a1c7df8e58459be4c2fa06a2b80d06e058829ee85dd4b6386971 ===
[14:58:14] SESSION START batch-C-MPCC-FC-CLEAN-PIP-VOS-QQ57I-DEFAU-LRG-I0-7cde28dbf6-T
[14:58:14] SEGMENT batch.condition.start status=ok duration=None seconds
[14:58:14] SYSTEM timer.start
[14:58:15] PHASE turn=1 speaker=Agent A phase=NLG duration_sec=0.0
[14:58:15] PHASE turn=1 speaker=Agent A phase=TTS duration_sec=0.549864
[14:58:15] PHASE turn=1 speaker=Agent A phase=ASR duration_sec=0.028242
[14:58:15] SYSTEM telemetry.speech
[14:58:15] MEMORY turn=1 reason=opening changed=Agent A,Agent B
[14:58:15] STEP turn=None speaker=Agent A route_valid=- route_goal=- route=-
[14:58:15] SYSTEM telemetry.timing
[14:58:15] TIMING turn=1 speaker=Agent A generation=0.0 synthesis=0.549864 audio=11.463 recognition=0.028242 understanding=None dialogue_management=None pipeline_wall=0.578718 turn_observed=11.463
[15:03:06] PHASE turn=2 speaker=Agent B phase=NLG duration_sec=290.63895773887634
[15:03:06] PHASE turn=2 speaker=Agent B phase=TTS duration_sec=0.890627
[15:03:06] PHASE turn=2 speaker=Agent B phase=ASR duration_sec=0.016452
[15:03:06] SYSTEM telemetry.speech
[15:03:06] SYSTEM telemetry.timing
[15:03:06] MEMORY turn=2 reason=agent_b_reply changed=Agent A,Agent B
[15:03:06] STEP turn=None speaker=Agent B route_valid=- route_goal=- route=-
[15:03:06] PHASE turn=2 speaker=Agent B phase=NLU duration_sec=0.000925
[15:03:06] SYSTEM telemetry.nlu
[15:03:06] SYSTEM route
[15:03:06] SYSTEM candidate
[15:03:06] PHASE turn=2 speaker=Agent B phase=DM duration_sec=0.0028352001681923866
[15:03:06] TIMING turn=2 speaker=Agent B generation=290.638958 synthesis=0.890627 audio=9.03 recognition=0.016452 understanding=0.000925 dialogue_management=0.002835 pipeline_wall=0.90748 turn_observed=299.672718
[15:03:27] PHASE turn=3 speaker=Agent A phase=NLG duration_sec=20.04177451133728
[15:03:27] PHASE turn=3 speaker=Agent A phase=TTS duration_sec=0.590864
[15:03:27] PHASE turn=3 speaker=Agent A phase=ASR duration_sec=0.016025
[15:03:27] SYSTEM telemetry.speech
[15:03:27] SYSTEM telemetry.timing
[15:03:27] TIMING turn=3 speaker=Agent A generation=20.041775 synthesis=0.590864 audio=6.597 recognition=0.016025 understanding=None dialogue_management=None pipeline_wall=0.607311 turn_observed=26.638775
[15:03:27] MEMORY turn=3 reason=agent_a_reply changed=Agent A,Agent B
[15:03:27] STEP turn=None speaker=Agent A route_valid=- route_goal=- route=-
[15:08:48] PHASE turn=4 speaker=Agent B phase=NLG duration_sec=319.6604690551758
[15:08:48] PHASE turn=4 speaker=Agent B phase=TTS duration_sec=1.385152
[15:08:48] PHASE turn=4 speaker=Agent B phase=ASR duration_sec=0.022736
[15:08:48] SYSTEM telemetry.speech
[15:08:48] SYSTEM telemetry.timing
[15:08:48] MEMORY turn=4 reason=agent_b_reply changed=Agent A,Agent B
[15:08:48] STEP turn=None speaker=Agent B route_valid=- route_goal=- route=-
[15:08:48] PHASE turn=4 speaker=Agent B phase=NLU duration_sec=0.002385
[15:08:48] SYSTEM telemetry.nlu
[15:08:48] SYSTEM candidate
[15:08:48] PHASE turn=4 speaker=Agent B phase=DM duration_sec=0.0027820011600852013
[15:08:48] TIMING turn=4 speaker=Agent B generation=319.660469 synthesis=1.385152 audio=14.461 recognition=0.022736 understanding=0.002385 dialogue_management=0.002782 pipeline_wall=1.408356 turn_observed=334.126636
[15:09:11] PHASE turn=5 speaker=Agent A phase=NLG duration_sec=21.670878648757935
[15:09:11] PHASE turn=5 speaker=Agent A phase=TTS duration_sec=0.894959
[15:09:11] PHASE turn=5 speaker=Agent A phase=ASR duration_sec=0.024539
[15:09:11] SYSTEM telemetry.speech
[15:09:11] SYSTEM telemetry.timing
[15:09:11] TIMING turn=5 speaker=Agent A generation=21.670879 synthesis=0.894959 audio=10.019 recognition=0.024539 understanding=None dialogue_management=None pipeline_wall=0.920026 turn_observed=31.689879
[15:09:11] MEMORY turn=5 reason=agent_a_reply changed=Agent A,Agent B
[15:09:11] STEP turn=None speaker=Agent A route_valid=- route_goal=- route=-
[15:15:13] PHASE turn=6 speaker=Agent B phase=NLG duration_sec=361.30066990852356
[15:15:13] PHASE turn=6 speaker=Agent B phase=TTS duration_sec=1.132881
[15:15:13] PHASE turn=6 speaker=Agent B phase=ASR duration_sec=0.020371
[15:15:13] SYSTEM telemetry.speech
[15:15:13] SYSTEM telemetry.timing
[15:15:13] MEMORY turn=6 reason=agent_b_reply changed=Agent A,Agent B
[15:15:13] STEP turn=None speaker=Agent B route_valid=- route_goal=- route=-
[15:15:13] PHASE turn=6 speaker=Agent B phase=NLU duration_sec=0.001351
[15:15:13] SYSTEM telemetry.nlu
[15:15:13] SYSTEM candidate
[15:15:13] PHASE turn=6 speaker=Agent B phase=DM duration_sec=0.004964112304151058
[15:15:13] TIMING turn=6 speaker=Agent B generation=361.30067 synthesis=1.132881 audio=11.925 recognition=0.020371 understanding=0.001351 dialogue_management=0.004964 pipeline_wall=1.153645 turn_observed=373.231985
[15:15:38] PHASE turn=7 speaker=Agent A phase=NLG duration_sec=23.856908559799194
[15:15:38] PHASE turn=7 speaker=Agent A phase=TTS duration_sec=0.783127
[15:15:38] PHASE turn=7 speaker=Agent A phase=ASR duration_sec=0.019898
[15:15:38] SYSTEM telemetry.speech
[15:15:38] SYSTEM telemetry.timing
[15:15:38] TIMING turn=7 speaker=Agent A generation=23.856909 synthesis=0.783127 audio=8.415 recognition=0.019898 understanding=None dialogue_management=None pipeline_wall=0.80355 turn_observed=32.271909
[15:15:38] MEMORY turn=7 reason=agent_a_reply changed=Agent A,Agent B
[15:15:38] STEP turn=None speaker=Agent A route_valid=- route_goal=- route=-
[15:21:57] PHASE turn=8 speaker=Agent B phase=NLG duration_sec=378.1482307910919
[15:21:57] PHASE turn=8 speaker=Agent B phase=TTS duration_sec=0.879315
[15:21:57] PHASE turn=8 speaker=Agent B phase=ASR duration_sec=0.016909
[15:21:57] SYSTEM telemetry.speech
[15:21:57] SYSTEM telemetry.timing
[15:21:57] MEMORY turn=8 reason=agent_b_reply changed=Agent A,Agent B
[15:21:57] STEP turn=None speaker=Agent B route_valid=- route_goal=- route=-
[15:21:57] PHASE turn=8 speaker=Agent B phase=NLU duration_sec=0.001713
[15:21:57] SYSTEM telemetry.nlu
[15:21:57] SYSTEM candidate
[15:21:57] PHASE turn=8 speaker=Agent B phase=DM duration_sec=0.004980470985174179
[15:21:57] TIMING turn=8 speaker=Agent B generation=378.148231 synthesis=0.879315 audio=9.03 recognition=0.016909 understanding=0.001713 dialogue_management=0.00498 pipeline_wall=0.896683 turn_observed=387.184924
[15:22:22] PHASE turn=9 speaker=Agent A phase=NLG duration_sec=25.03872847557068
[15:22:22] PHASE turn=9 speaker=Agent A phase=TTS duration_sec=0.496416
[15:22:22] PHASE turn=9 speaker=Agent A phase=ASR duration_sec=0.013759
[15:22:22] SYSTEM telemetry.speech
[15:22:22] SYSTEM telemetry.timing
[15:22:22] TIMING turn=9 speaker=Agent A generation=25.038728 synthesis=0.496416 audio=5.361 recognition=0.013759 understanding=None dialogue_management=None pipeline_wall=0.510606 turn_observed=30.399728
[15:22:22] MEMORY turn=9 reason=agent_a_reply changed=Agent A,Agent B
[15:22:22] STEP turn=None speaker=Agent A route_valid=- route_goal=- route=-
[15:22:22] SYSTEM metrics
[15:22:22] SYSTEM done
[15:22:22] SEGMENT batch.condition.end status=ok duration=1448.311484 seconds
[15:22:22] SESSION END batch-C-MPCC-FC-CLEAN-PIP-VOS-QQ57I-DEFAU-LRG-I0-7cde28dbf6-T
