=== batch-c-cee-ran-sc-pip-vos-q05-defau-sml-i0-2aa0006b49-t-20260710-201157.log | sha256=d3092afc5535409e5d51325e486c6f91ed2da6896381f8881b456d85f1f38396 ===
[20:11:57] SESSION START batch-C-CEE-RAN-SC-PIP-VOS-Q05-DEFAU-SML-I0-2aa0006b49-T
[20:11:58] SEGMENT batch.condition.start status=ok duration=None seconds
[20:11:58] SYSTEM timer.start
[20:11:58] PHASE turn=1 speaker=Agent A phase=NLG duration_sec=0.0
[20:11:58] PHASE turn=1 speaker=Agent A phase=TTS duration_sec=0.801395
[20:11:58] PHASE turn=1 speaker=Agent A phase=ASR duration_sec=0.007661
[20:11:58] SYSTEM telemetry.speech
[20:11:58] MEMORY turn=1 reason=opening changed=Agent A,Agent B
[20:11:58] STEP turn=None speaker=Agent A route_valid=- route_goal=- route=-
[20:11:58] SYSTEM telemetry.timing
[20:11:58] TIMING turn=1 speaker=Agent A generation=0.0 synthesis=0.801395 audio=10.0 recognition=0.007661 understanding=None dialogue_management=None pipeline_wall=0.810131 turn_observed=10.0
[20:11:59] PHASE turn=2 speaker=Agent B phase=NLG duration_sec=0.0008058547973632812
[20:11:59] PHASE turn=2 speaker=Agent B phase=TTS duration_sec=0.323823
[20:11:59] PHASE turn=2 speaker=Agent B phase=ASR duration_sec=0.009037
[20:11:59] SYSTEM telemetry.speech
[20:11:59] SYSTEM telemetry.timing
[20:11:59] MEMORY turn=2 reason=agent_b_reply changed=Agent A,Agent B
[20:11:59] STEP turn=None speaker=Agent B route_valid=- route_goal=- route=-
[20:11:59] PHASE turn=2 speaker=Agent B phase=NLU duration_sec=0.000531
[20:11:59] SYSTEM telemetry.nlu
[20:11:59] PHASE turn=2 speaker=Agent B phase=DM duration_sec=0.00011396803893148899
[20:11:59] TIMING turn=2 speaker=Agent B generation=0.000806 synthesis=0.323823 audio=3.94 recognition=0.009037 understanding=0.000531 dialogue_management=0.000114 pipeline_wall=0.333146 turn_observed=3.941451
[20:11:59] PHASE turn=3 speaker=Agent A phase=NLG duration_sec=0.002040863037109375
[20:11:59] PHASE turn=3 speaker=Agent A phase=TTS duration_sec=0.257496
[20:11:59] PHASE turn=3 speaker=Agent A phase=ASR duration_sec=0.007289
[20:11:59] SYSTEM telemetry.speech
[20:11:59] SYSTEM telemetry.timing
[20:11:59] TIMING turn=3 speaker=Agent A generation=0.002041 synthesis=0.257496 audio=2.69 recognition=0.007289 understanding=None dialogue_management=None pipeline_wall=0.265087 turn_observed=2.692041
[20:11:59] MEMORY turn=3 reason=agent_a_reply changed=Agent A,Agent B
[20:11:59] STEP turn=None speaker=Agent A route_valid=- route_goal=- route=-
[20:11:59] PHASE turn=4 speaker=Agent B phase=NLG duration_sec=0.0008039474487304688
[20:11:59] PHASE turn=4 speaker=Agent B phase=TTS duration_sec=0.383472
[20:11:59] PHASE turn=4 speaker=Agent B phase=ASR duration_sec=0.005841
[20:11:59] SYSTEM telemetry.speech
[20:11:59] SYSTEM telemetry.timing
[20:11:59] MEMORY turn=4 reason=agent_b_reply changed=Agent A
[20:11:59] STEP turn=None speaker=Agent B route_valid=- route_goal=- route=-
[20:11:59] PHASE turn=4 speaker=Agent B phase=NLU duration_sec=0.000573
[20:11:59] SYSTEM telemetry.nlu
[20:11:59] PHASE turn=4 speaker=Agent B phase=DM duration_sec=0.0005925039295107126
[20:11:59] TIMING turn=4 speaker=Agent B generation=0.000804 synthesis=0.383472 audio=4.43 recognition=0.005841 understanding=0.000573 dialogue_management=0.000593 pipeline_wall=0.389632 turn_observed=4.43197
[20:12:00] PHASE turn=5 speaker=Agent A phase=NLG duration_sec=0.0012197494506835938
[20:12:00] PHASE turn=5 speaker=Agent A phase=TTS duration_sec=0.871372
[20:12:00] PHASE turn=5 speaker=Agent A phase=ASR duration_sec=0.00884
[20:12:00] SYSTEM telemetry.speech
[20:12:00] SYSTEM telemetry.timing
[20:12:00] TIMING turn=5 speaker=Agent A generation=0.00122 synthesis=0.871372 audio=6.356 recognition=0.00884 understanding=None dialogue_management=None pipeline_wall=0.880532 turn_observed=6.35722
[20:12:00] MEMORY turn=5 reason=agent_a_reply changed=Agent A,Agent B
[20:12:00] STEP turn=None speaker=Agent A route_valid=- route_goal=- route=-
[20:12:01] PHASE turn=6 speaker=Agent B phase=NLG duration_sec=0.0014531612396240234
[20:12:01] PHASE turn=6 speaker=Agent B phase=TTS duration_sec=0.634593
[20:12:01] PHASE turn=6 speaker=Agent B phase=ASR duration_sec=0.00954
[20:12:01] SYSTEM telemetry.speech
[20:12:01] SYSTEM telemetry.timing
[20:12:01] MEMORY turn=6 reason=agent_b_reply changed=Agent A,Agent B
[20:12:01] STEP turn=None speaker=Agent B route_valid=- route_goal=- route=-
[20:12:01] PHASE turn=6 speaker=Agent B phase=NLU duration_sec=0.000983
[20:12:01] SYSTEM telemetry.nlu
[20:12:01] PHASE turn=6 speaker=Agent B phase=DM duration_sec=0.0001208320027217269
[20:12:01] TIMING turn=6 speaker=Agent B generation=0.001453 synthesis=0.634593 audio=4.818 recognition=0.00954 understanding=0.000983 dialogue_management=0.000121 pipeline_wall=0.644712 turn_observed=4.820557
[20:12:02] PHASE turn=7 speaker=Agent A phase=NLG duration_sec=0.0014410018920898438
[20:12:02] PHASE turn=7 speaker=Agent A phase=TTS duration_sec=1.457579
[20:12:02] PHASE turn=7 speaker=Agent A phase=ASR duration_sec=0.011556
[20:12:02] SYSTEM telemetry.speech
[20:12:02] SYSTEM telemetry.timing
[20:12:02] TIMING turn=7 speaker=Agent A generation=0.001441 synthesis=1.457579 audio=8.115 recognition=0.011556 understanding=None dialogue_management=None pipeline_wall=1.469474 turn_observed=8.116441
[20:12:02] MEMORY turn=7 reason=agent_a_reply changed=Agent B
[20:12:02] STEP turn=None speaker=Agent A route_valid=- route_goal=- route=-
[20:12:29] PHASE turn=8 speaker=Agent B phase=NLG duration_sec=25.14477014541626
[20:12:29] PHASE turn=8 speaker=Agent B phase=TTS duration_sec=1.280556
[20:12:29] PHASE turn=8 speaker=Agent B phase=ASR duration_sec=0.007906
[20:12:29] SYSTEM telemetry.speech
[20:12:29] SYSTEM telemetry.timing
[20:12:29] MEMORY turn=8 reason=agent_b_reply changed=Agent A,Agent B
[20:12:29] STEP turn=None speaker=Agent B route_valid=- route_goal=- route=-
[20:12:29] PHASE turn=8 speaker=Agent B phase=NLU duration_sec=0.005627
[20:12:29] SYSTEM telemetry.nlu
[20:12:29] SYSTEM route
[20:12:29] SYSTEM candidate
[20:12:29] PHASE turn=8 speaker=Agent B phase=DM duration_sec=0.008706511929631233
[20:12:29] TIMING turn=8 speaker=Agent B generation=25.14477 synthesis=1.280556 audio=7.627 recognition=0.007906 understanding=0.005627 dialogue_management=0.008707 pipeline_wall=1.288869 turn_observed=32.786104
[20:13:46] PHASE turn=9 speaker=Agent A phase=NLG duration_sec=75.54840683937073
[20:13:46] PHASE turn=9 speaker=Agent A phase=TTS duration_sec=1.696668
[20:13:46] PHASE turn=9 speaker=Agent A phase=ASR duration_sec=0.007348
[20:13:46] SYSTEM telemetry.speech
[20:13:46] SYSTEM telemetry.timing
[20:13:46] TIMING turn=9 speaker=Agent A generation=75.548407 synthesis=1.696668 audio=8.5 recognition=0.007348 understanding=None dialogue_management=None pipeline_wall=1.704617 turn_observed=84.048407
[20:13:46] MEMORY turn=9 reason=agent_a_reply changed=Agent A,Agent B
[20:13:46] STEP turn=None speaker=Agent A route_valid=- route_goal=- route=-
[20:14:03] PHASE turn=10 speaker=Agent B phase=NLG duration_sec=15.316971778869629
[20:14:03] PHASE turn=10 speaker=Agent B phase=TTS duration_sec=1.655548
[20:14:03] PHASE turn=10 speaker=Agent B phase=ASR duration_sec=0.010433
[20:14:03] SYSTEM telemetry.speech
[20:14:03] SYSTEM telemetry.timing
[20:14:03] MEMORY turn=10 reason=agent_b_reply changed=Agent A,Agent B
[20:14:03] STEP turn=None speaker=Agent B route_valid=- route_goal=- route=-
[20:14:03] PHASE turn=10 speaker=Agent B phase=NLU duration_sec=0.016737
[20:14:03] SYSTEM telemetry.nlu
[20:14:03] SYSTEM candidate
[20:14:03] PHASE turn=10 speaker=Agent B phase=DM duration_sec=0.005651262938044965
[20:14:03] TIMING turn=10 speaker=Agent B generation=15.316972 synthesis=1.655548 audio=9.068 recognition=0.010433 understanding=0.016737 dialogue_management=0.005651 pipeline_wall=1.666492 turn_observed=24.40736
[20:15:40] PHASE turn=11 speaker=Agent A phase=NLG duration_sec=96.09339690208435
[20:15:40] PHASE turn=11 speaker=Agent A phase=TTS duration_sec=0.969858
[20:15:40] PHASE turn=11 speaker=Agent A phase=ASR duration_sec=0.007311
[20:15:40] SYSTEM telemetry.speech
[20:15:40] SYSTEM telemetry.timing
[20:15:40] TIMING turn=11 speaker=Agent A generation=96.093397 synthesis=0.969858 audio=6.092 recognition=0.007311 understanding=None dialogue_management=None pipeline_wall=0.977876 turn_observed=102.185397
[20:15:40] MEMORY turn=11 reason=agent_a_reply changed=Agent A,Agent B
[20:15:40] STEP turn=None speaker=Agent A route_valid=- route_goal=- route=-
[20:15:57] PHASE turn=12 speaker=Agent B phase=NLG duration_sec=15.159503698348999
[20:15:57] PHASE turn=12 speaker=Agent B phase=TTS duration_sec=1.731308
[20:15:57] PHASE turn=12 speaker=Agent B phase=ASR duration_sec=0.007672
[20:15:57] SYSTEM telemetry.speech
[20:15:57] SYSTEM telemetry.timing
[20:15:57] MEMORY turn=12 reason=agent_b_reply changed=Agent A,Agent B
[20:15:57] STEP turn=None speaker=Agent B route_valid=- route_goal=- route=-
[20:15:57] PHASE turn=12 speaker=Agent B phase=NLU duration_sec=0.0015
[20:15:57] SYSTEM telemetry.nlu
[20:15:57] SYSTEM warning
[20:15:57] SYSTEM candidate
[20:15:57] PHASE turn=12 speaker=Agent B phase=DM duration_sec=0.009958990034647286
[20:15:57] TIMING turn=12 speaker=Agent B generation=15.159504 synthesis=1.731308 audio=10.0 recognition=0.007672 understanding=0.0015 dialogue_management=0.009959 pipeline_wall=1.73961 turn_observed=25.170962
[20:17:20] PHASE turn=13 speaker=Agent A phase=NLG duration_sec=81.95940494537354
[20:17:20] PHASE turn=13 speaker=Agent A phase=TTS duration_sec=1.046057
[20:17:20] PHASE turn=13 speaker=Agent A phase=ASR duration_sec=0.008844
[20:17:20] SYSTEM telemetry.speech
[20:17:20] SYSTEM telemetry.timing
[20:17:20] TIMING turn=13 speaker=Agent A generation=81.959405 synthesis=1.046057 audio=6.323 recognition=0.008844 understanding=None dialogue_management=None pipeline_wall=1.055655 turn_observed=88.282405
[20:17:20] MEMORY turn=13 reason=agent_a_reply changed=Agent A,Agent B
[20:17:20] STEP turn=None speaker=Agent A route_valid=- route_goal=- route=-
[20:17:37] PHASE turn=14 speaker=Agent B phase=NLG duration_sec=15.228005409240723
[20:17:37] PHASE turn=14 speaker=Agent B phase=TTS duration_sec=1.635922
[20:17:37] PHASE turn=14 speaker=Agent B phase=ASR duration_sec=0.007242
[20:17:37] SYSTEM telemetry.speech
[20:17:37] SYSTEM telemetry.timing
[20:17:37] MEMORY turn=14 reason=agent_b_reply changed=Agent A,Agent B
[20:17:37] STEP turn=None speaker=Agent B route_valid=- route_goal=- route=-
[20:17:37] PHASE turn=14 speaker=Agent B phase=NLU duration_sec=0.019504
[20:17:37] SYSTEM telemetry.nlu
[20:17:37] SYSTEM warning
[20:17:37] SYSTEM candidate
[20:17:37] PHASE turn=14 speaker=Agent B phase=DM duration_sec=0.009120724047534168
[20:17:37] TIMING turn=14 speaker=Agent B generation=15.228005 synthesis=1.635922 audio=9.851 recognition=0.007242 understanding=0.019504 dialogue_management=0.009121 pipeline_wall=1.643653 turn_observed=25.10763
[20:17:39] PHASE turn=15 speaker=Agent A phase=NLG duration_sec=0.0007956027984619141
[20:17:39] PHASE turn=15 speaker=Agent A phase=TTS duration_sec=1.509106
[20:17:39] PHASE turn=15 speaker=Agent A phase=ASR duration_sec=0.00963
[20:17:39] SYSTEM telemetry.speech
[20:17:39] SYSTEM telemetry.timing
[20:17:39] TIMING turn=15 speaker=Agent A generation=0.000796 synthesis=1.509106 audio=8.425 recognition=0.00963 understanding=None dialogue_management=None pipeline_wall=1.519284 turn_observed=8.425796
[20:17:39] MEMORY turn=15 reason=agent_a_reply changed=Agent A,Agent B
[20:17:39] STEP turn=None speaker=Agent A route_valid=- route_goal=- route=-
[20:17:39] SYSTEM metrics
[20:17:39] SYSTEM done
[20:17:39] SEGMENT batch.condition.end status=ok duration=341.308911 seconds
[20:17:39] SESSION END batch-C-CEE-RAN-SC-PIP-VOS-Q05-DEFAU-SML-I0-2aa0006b49-T
