=== batch-c-mt-ran-sc-pip-vos-mp3m4-defau-med-i0-b74feba52b-a-20260714-082630.log | sha256=99f830695bc74f563dba5647151679d0f8ad1cdfd54dfe1faa6bfd0ca257c5f9 ===
[08:26:30] SESSION START batch-C-MT-RAN-SC-PIP-VOS-MP3M4-DEFAU-MED-I0-b74feba52b-A
[08:26:30] SEGMENT batch.condition.start status=ok duration=None seconds
[08:26:30] SYSTEM timer.start
[08:26:49] PHASE turn=1 speaker=Agent A phase=NLG duration_sec=0.0
[08:26:49] PHASE turn=1 speaker=Agent A phase=TTS duration_sec=8.783402
[08:26:49] PHASE turn=1 speaker=Agent A phase=ASR duration_sec=2.572105
[08:26:49] SYSTEM telemetry.speech
[08:26:49] MEMORY turn=1 reason=opening changed=Agent A,Agent B
[08:26:49] STEP turn=None speaker=Agent A route_valid=- route_goal=- route=-
[08:26:49] SYSTEM telemetry.timing
[08:26:49] TIMING turn=1 speaker=Agent A generation=0.0 synthesis=8.783402 audio=10.0 recognition=2.572105 understanding=None dialogue_management=None pipeline_wall=18.604254 turn_observed=18.604501
[08:26:57] PHASE turn=2 speaker=Agent B phase=NLG duration_sec=0.0013301372528076172
[08:26:57] PHASE turn=2 speaker=Agent B phase=TTS duration_sec=3.48681
[08:26:57] PHASE turn=2 speaker=Agent B phase=ASR duration_sec=0.967642
[08:26:57] SYSTEM telemetry.speech
[08:26:57] SYSTEM telemetry.timing
[08:26:57] MEMORY turn=2 reason=agent_b_reply changed=Agent A,Agent B
[08:26:57] STEP turn=None speaker=Agent B route_valid=- route_goal=- route=-
[08:26:57] PHASE turn=2 speaker=Agent B phase=NLU duration_sec=0.002508
[08:26:57] SYSTEM telemetry.nlu
[08:26:57] PHASE turn=2 speaker=Agent B phase=DM duration_sec=0.0003747669979929924
[08:26:57] TIMING turn=2 speaker=Agent B generation=0.00133 synthesis=3.48681 audio=4.723 recognition=0.967642 understanding=0.002508 dialogue_management=0.000375 pipeline_wall=8.384182 turn_observed=8.388541
[08:27:02] PHASE turn=3 speaker=Agent A phase=NLG duration_sec=0.04485034942626953
[08:27:02] PHASE turn=3 speaker=Agent A phase=TTS duration_sec=1.07163
[08:27:02] PHASE turn=3 speaker=Agent A phase=ASR duration_sec=0.760275
[08:27:02] SYSTEM telemetry.speech
[08:27:02] SYSTEM telemetry.timing
[08:27:02] TIMING turn=3 speaker=Agent A generation=0.04485 synthesis=1.07163 audio=3.633 recognition=0.760275 understanding=None dialogue_management=None pipeline_wall=4.603615 turn_observed=4.648604
[08:27:02] MEMORY turn=3 reason=agent_a_reply changed=Agent A,Agent B
[08:27:02] STEP turn=None speaker=Agent A route_valid=- route_goal=- route=-
[08:27:11] PHASE turn=4 speaker=Agent B phase=NLG duration_sec=0.001978635787963867
[08:27:11] PHASE turn=4 speaker=Agent B phase=TTS duration_sec=3.090728
[08:27:11] PHASE turn=4 speaker=Agent B phase=ASR duration_sec=1.082651
[08:27:11] SYSTEM telemetry.speech
[08:27:11] SYSTEM telemetry.timing
[08:27:11] MEMORY turn=4 reason=agent_b_reply changed=Agent A
[08:27:11] STEP turn=None speaker=Agent B route_valid=- route_goal=- route=-
[08:27:11] PHASE turn=4 speaker=Agent B phase=NLU duration_sec=0.002552
[08:27:11] SYSTEM telemetry.nlu
[08:27:11] PHASE turn=4 speaker=Agent B phase=DM duration_sec=0.00038468465209007263
[08:27:11] TIMING turn=4 speaker=Agent B generation=0.001979 synthesis=3.090728 audio=5.214 recognition=1.082651 understanding=0.002552 dialogue_management=0.000385 pipeline_wall=8.746531 turn_observed=8.751592
[08:27:20] PHASE turn=5 speaker=Agent A phase=NLG duration_sec=0.12756133079528809
[08:27:20] PHASE turn=5 speaker=Agent A phase=TTS duration_sec=3.87878
[08:27:20] PHASE turn=5 speaker=Agent A phase=ASR duration_sec=1.214257
[08:27:20] SYSTEM telemetry.speech
[08:27:20] SYSTEM telemetry.timing
[08:27:20] TIMING turn=5 speaker=Agent A generation=0.127561 synthesis=3.87878 audio=5.381 recognition=1.214257 understanding=None dialogue_management=None pipeline_wall=9.470452 turn_observed=9.598147
[08:27:20] MEMORY turn=5 reason=agent_a_reply changed=Agent A,Agent B
[08:27:20] STEP turn=None speaker=Agent A route_valid=- route_goal=- route=-
[08:27:32] PHASE turn=6 speaker=Agent B phase=NLG duration_sec=0.005285501480102539
[08:27:32] PHASE turn=6 speaker=Agent B phase=TTS duration_sec=4.307177
[08:27:32] PHASE turn=6 speaker=Agent B phase=ASR duration_sec=1.425722
[08:27:32] SYSTEM telemetry.speech
[08:27:32] SYSTEM telemetry.timing
[08:27:32] MEMORY turn=6 reason=agent_b_reply changed=Agent A,Agent B
[08:27:32] STEP turn=None speaker=Agent B route_valid=- route_goal=- route=-
[08:27:32] PHASE turn=6 speaker=Agent B phase=NLU duration_sec=0.002444
[08:27:32] SYSTEM telemetry.nlu
[08:27:32] PHASE turn=6 speaker=Agent B phase=DM duration_sec=0.0003580749034881592
[08:27:32] TIMING turn=6 speaker=Agent B generation=0.005286 synthesis=4.307177 audio=5.799 recognition=1.425722 understanding=0.002444 dialogue_management=0.000358 pipeline_wall=11.946587 turn_observed=11.954807
[08:27:41] PHASE turn=7 speaker=Agent A phase=NLG duration_sec=0.1572716236114502
[08:27:41] PHASE turn=7 speaker=Agent A phase=TTS duration_sec=2.427272
[08:27:41] PHASE turn=7 speaker=Agent A phase=ASR duration_sec=1.248555
[08:27:41] SYSTEM telemetry.speech
[08:27:41] SYSTEM telemetry.timing
[08:27:41] TIMING turn=7 speaker=Agent A generation=0.157272 synthesis=2.427272 audio=6.573 recognition=1.248555 understanding=None dialogue_management=None pipeline_wall=8.618379 turn_observed=8.775817
[08:27:41] MEMORY turn=7 reason=agent_a_reply changed=Agent A,Agent B
[08:27:41] STEP turn=None speaker=Agent A route_valid=- route_goal=- route=-
[08:27:41] SYSTEM metrics
[08:27:41] SYSTEM done
[08:27:41] SEGMENT batch.condition.end status=ok duration=71.219621 seconds
[08:27:41] SESSION END batch-C-MT-RAN-SC-PIP-VOS-MP3M4-DEFAU-MED-I0-b74feba52b-A
