=== batch-c-mpcc-fc-hesit-pip-vos-q05-defau-sml-i0-f9d7a3836b-t-20260714-041731.log | sha256=f5a875c7b7cf40b16f2f5e0ffb93abd87d5d668e7dc6de133875e38e3e86bc9f ===
[04:17:31] SESSION START batch-C-MPCC-FC-HESIT-PIP-VOS-Q05-DEFAU-SML-I0-f9d7a3836b-T
[04:17:31] SEGMENT batch.condition.start status=ok duration=None seconds
[04:17:31] SYSTEM timer.start
[04:17:32] PHASE turn=1 speaker=Agent A phase=NLG duration_sec=0.0
[04:17:32] PHASE turn=1 speaker=Agent A phase=TTS duration_sec=0.658634
[04:17:32] PHASE turn=1 speaker=Agent A phase=ASR duration_sec=0.031165
[04:17:32] SYSTEM telemetry.speech
[04:17:32] MEMORY turn=1 reason=opening changed=Agent A,Agent B
[04:17:32] STEP turn=None speaker=Agent A route_valid=- route_goal=- route=-
[04:17:32] SYSTEM telemetry.timing
[04:17:32] TIMING turn=1 speaker=Agent A generation=0.0 synthesis=0.658634 audio=12.423 recognition=0.031165 understanding=None dialogue_management=None pipeline_wall=0.690538 turn_observed=12.423
[04:17:59] PHASE turn=2 speaker=Agent B phase=NLG duration_sec=25.85515260696411
[04:17:59] PHASE turn=2 speaker=Agent B phase=TTS duration_sec=0.740369
[04:17:59] PHASE turn=2 speaker=Agent B phase=ASR duration_sec=0.01914
[04:17:59] SYSTEM telemetry.speech
[04:17:59] SYSTEM telemetry.timing
[04:17:59] MEMORY turn=2 reason=agent_b_reply changed=Agent A,Agent B
[04:17:59] STEP turn=None speaker=Agent B route_valid=- route_goal=- route=-
[04:17:59] PHASE turn=2 speaker=Agent B phase=NLU duration_sec=0.001103
[04:17:59] SYSTEM telemetry.nlu
[04:17:59] SYSTEM route
[04:17:59] SYSTEM candidate
[04:17:59] PHASE turn=2 speaker=Agent B phase=DM duration_sec=0.0035305458586663008
[04:17:59] TIMING turn=2 speaker=Agent B generation=25.855153 synthesis=0.740369 audio=6.924 recognition=0.01914 understanding=0.001103 dialogue_management=0.003531 pipeline_wall=0.759946 turn_observed=32.783786
[04:18:23] PHASE turn=3 speaker=Agent A phase=NLG duration_sec=23.299171924591064
[04:18:23] PHASE turn=3 speaker=Agent A phase=TTS duration_sec=0.653057
[04:18:23] PHASE turn=3 speaker=Agent A phase=ASR duration_sec=0.019437
[04:18:23] SYSTEM telemetry.speech
[04:18:23] SYSTEM telemetry.timing
[04:18:23] TIMING turn=3 speaker=Agent A generation=23.299172 synthesis=0.653057 audio=6.879 recognition=0.019437 understanding=None dialogue_management=None pipeline_wall=0.672922 turn_observed=30.178172
[04:18:23] MEMORY turn=3 reason=agent_a_reply changed=Agent A,Agent B
[04:18:23] STEP turn=None speaker=Agent A route_valid=- route_goal=- route=-
[04:18:47] PHASE turn=4 speaker=Agent B phase=NLG duration_sec=22.925020456314087
[04:18:47] PHASE turn=4 speaker=Agent B phase=TTS duration_sec=1.223538
[04:18:47] PHASE turn=4 speaker=Agent B phase=ASR duration_sec=0.025409
[04:18:47] SYSTEM telemetry.speech
[04:18:47] SYSTEM telemetry.timing
[04:18:47] MEMORY turn=4 reason=agent_b_reply changed=Agent A,Agent B
[04:18:47] STEP turn=None speaker=Agent B route_valid=- route_goal=- route=-
[04:18:47] PHASE turn=4 speaker=Agent B phase=NLU duration_sec=0.002757
[04:18:47] SYSTEM telemetry.nlu
[04:18:47] SYSTEM candidate
[04:18:47] PHASE turn=4 speaker=Agent B phase=DM duration_sec=0.002876821905374527
[04:18:47] TIMING turn=4 speaker=Agent B generation=22.92502 synthesis=1.223538 audio=11.568 recognition=0.025409 understanding=0.002757 dialogue_management=0.002877 pipeline_wall=1.249419 turn_observed=34.498654
[04:19:14] PHASE turn=5 speaker=Agent A phase=NLG duration_sec=25.602999925613403
[04:19:14] PHASE turn=5 speaker=Agent A phase=TTS duration_sec=0.941936
[04:19:14] PHASE turn=5 speaker=Agent A phase=ASR duration_sec=0.029082
[04:19:14] SYSTEM telemetry.speech
[04:19:14] SYSTEM telemetry.timing
[04:19:14] TIMING turn=5 speaker=Agent A generation=25.603 synthesis=0.941936 audio=8.699 recognition=0.029082 understanding=None dialogue_management=None pipeline_wall=0.971451 turn_observed=34.302
[04:19:14] MEMORY turn=5 reason=agent_a_reply changed=Agent A,Agent B
[04:19:14] STEP turn=None speaker=Agent A route_valid=- route_goal=- route=-
[04:19:45] PHASE turn=6 speaker=Agent B phase=NLG duration_sec=30.964790105819702
[04:19:45] PHASE turn=6 speaker=Agent B phase=TTS duration_sec=0.991395
[04:19:45] PHASE turn=6 speaker=Agent B phase=ASR duration_sec=0.022556
[04:19:45] SYSTEM telemetry.speech
[04:19:45] SYSTEM telemetry.timing
[04:19:45] MEMORY turn=6 reason=agent_b_reply changed=Agent A,Agent B
[04:19:45] STEP turn=None speaker=Agent B route_valid=- route_goal=- route=-
[04:19:45] PHASE turn=6 speaker=Agent B phase=NLU duration_sec=0.001534
[04:19:45] SYSTEM telemetry.nlu
[04:19:46] SYSTEM candidate
[04:19:46] PHASE turn=6 speaker=Agent B phase=DM duration_sec=0.0054387981072068214
[04:19:46] TIMING turn=6 speaker=Agent B generation=30.96479 synthesis=0.991395 audio=9.134 recognition=0.022556 understanding=0.001534 dialogue_management=0.005439 pipeline_wall=1.014368 turn_observed=40.105763
[04:20:14] PHASE turn=7 speaker=Agent A phase=NLG duration_sec=27.967342615127563
[04:20:14] PHASE turn=7 speaker=Agent A phase=TTS duration_sec=0.983439
[04:20:14] PHASE turn=7 speaker=Agent A phase=ASR duration_sec=0.023461
[04:20:14] SYSTEM telemetry.speech
[04:20:14] SYSTEM telemetry.timing
[04:20:14] TIMING turn=7 speaker=Agent A generation=27.967343 synthesis=0.983439 audio=8.996 recognition=0.023461 understanding=None dialogue_management=None pipeline_wall=1.007375 turn_observed=36.963343
[04:20:14] MEMORY turn=7 reason=agent_a_reply changed=Agent A,Agent B
[04:20:14] STEP turn=None speaker=Agent A route_valid=- route_goal=- route=-
[04:20:43] PHASE turn=8 speaker=Agent B phase=NLG duration_sec=27.655198335647583
[04:20:43] PHASE turn=8 speaker=Agent B phase=TTS duration_sec=0.97091
[04:20:43] PHASE turn=8 speaker=Agent B phase=ASR duration_sec=0.020029
[04:20:43] SYSTEM telemetry.speech
[04:20:43] SYSTEM telemetry.timing
[04:20:43] MEMORY turn=8 reason=agent_b_reply changed=Agent A,Agent B
[04:20:43] STEP turn=None speaker=Agent B route_valid=- route_goal=- route=-
[04:20:43] PHASE turn=8 speaker=Agent B phase=NLU duration_sec=0.001372
[04:20:43] SYSTEM telemetry.nlu
[04:20:43] SYSTEM candidate
[04:20:43] PHASE turn=8 speaker=Agent B phase=DM duration_sec=0.005203030072152615
[04:20:43] TIMING turn=8 speaker=Agent B generation=27.655198 synthesis=0.97091 audio=8.565 recognition=0.020029 understanding=0.001372 dialogue_management=0.005203 pipeline_wall=0.991374 turn_observed=36.226773
[04:21:13] PHASE turn=9 speaker=Agent A phase=NLG duration_sec=29.273755311965942
[04:21:13] PHASE turn=9 speaker=Agent A phase=TTS duration_sec=0.59961
[04:21:13] PHASE turn=9 speaker=Agent A phase=ASR duration_sec=0.014493
[04:21:13] SYSTEM telemetry.speech
[04:21:13] SYSTEM telemetry.timing
[04:21:13] TIMING turn=9 speaker=Agent A generation=29.273755 synthesis=0.59961 audio=5.281 recognition=0.014493 understanding=None dialogue_management=None pipeline_wall=0.614536 turn_observed=34.554755
[04:21:13] MEMORY turn=9 reason=agent_a_reply changed=Agent A,Agent B
[04:21:13] STEP turn=None speaker=Agent A route_valid=- route_goal=- route=-
[04:21:13] SYSTEM metrics
[04:21:13] SYSTEM done
[04:21:13] SEGMENT batch.condition.end status=ok duration=221.710194 seconds
[04:21:13] SESSION END batch-C-MPCC-FC-HESIT-PIP-VOS-Q05-DEFAU-SML-I0-f9d7a3836b-T
