=== batch-c-mt-ran-sc-pip-vos-mp3m4-defau-med-i0-b74feba52b-t-20260714-075625.log | sha256=a26bc41108be623a18e782c8a5dc27500efb50758c445f58656fabfe025bb706 ===
[07:56:25] SESSION START batch-C-MT-RAN-SC-PIP-VOS-MP3M4-DEFAU-MED-I0-b74feba52b-T
[07:56:25] SEGMENT batch.condition.start status=ok duration=None seconds
[07:56:25] SYSTEM timer.start
[07:56:28] PHASE turn=1 speaker=Agent A phase=NLG duration_sec=0.0
[07:56:28] PHASE turn=1 speaker=Agent A phase=TTS duration_sec=3.2614
[07:56:28] PHASE turn=1 speaker=Agent A phase=ASR duration_sec=0.006379
[07:56:28] SYSTEM telemetry.speech
[07:56:28] MEMORY turn=1 reason=opening changed=Agent A,Agent B
[07:56:28] STEP turn=None speaker=Agent A route_valid=- route_goal=- route=-
[07:56:28] SYSTEM telemetry.timing
[07:56:28] TIMING turn=1 speaker=Agent A generation=0.0 synthesis=3.2614 audio=10.0 recognition=0.006379 understanding=None dialogue_management=None pipeline_wall=3.270717 turn_observed=10.0
[08:01:46] PHASE turn=2 speaker=Agent B phase=NLG duration_sec=314.0289375782013
[08:01:46] PHASE turn=2 speaker=Agent B phase=TTS duration_sec=3.42777
[08:01:46] PHASE turn=2 speaker=Agent B phase=ASR duration_sec=0.005794
[08:01:46] SYSTEM telemetry.speech
[08:01:46] SYSTEM telemetry.timing
[08:01:46] MEMORY turn=2 reason=agent_b_reply changed=Agent A,Agent B
[08:01:46] STEP turn=None speaker=Agent B route_valid=- route_goal=- route=-
[08:01:46] PHASE turn=2 speaker=Agent B phase=NLU duration_sec=0.028582
[08:01:46] SYSTEM telemetry.nlu
[08:01:46] SYSTEM route
[08:01:46] SYSTEM candidate
[08:01:46] PHASE turn=2 speaker=Agent B phase=DM duration_sec=0.02430586889386177
[08:01:46] TIMING turn=2 speaker=Agent B generation=314.028938 synthesis=3.42777 audio=9.36 recognition=0.005794 understanding=0.028582 dialogue_management=0.024306 pipeline_wall=3.434836 turn_observed=323.441825
[08:02:12] PHASE turn=3 speaker=Agent A phase=NLG duration_sec=22.837378978729248
[08:02:12] PHASE turn=3 speaker=Agent A phase=TTS duration_sec=2.997418
[08:02:12] PHASE turn=3 speaker=Agent A phase=ASR duration_sec=0.005458
[08:02:12] SYSTEM telemetry.speech
[08:02:12] SYSTEM telemetry.timing
[08:02:12] TIMING turn=3 speaker=Agent A generation=22.837379 synthesis=2.997418 audio=8.176 recognition=0.005458 understanding=None dialogue_management=None pipeline_wall=3.004004 turn_observed=31.013379
[08:02:12] MEMORY turn=3 reason=agent_a_reply changed=Agent A,Agent B
[08:02:12] STEP turn=None speaker=Agent A route_valid=- route_goal=- route=-
[08:05:51] PHASE turn=4 speaker=Agent B phase=NLG duration_sec=215.98172855377197
[08:05:51] PHASE turn=4 speaker=Agent B phase=TTS duration_sec=3.166368
[08:05:51] PHASE turn=4 speaker=Agent B phase=ASR duration_sec=0.00731
[08:05:51] SYSTEM telemetry.speech
[08:05:51] SYSTEM telemetry.timing
[08:05:51] MEMORY turn=4 reason=agent_b_reply changed=Agent A,Agent B
[08:05:51] STEP turn=None speaker=Agent B route_valid=- route_goal=- route=-
[08:05:51] PHASE turn=4 speaker=Agent B phase=NLU duration_sec=0.059688
[08:05:51] SYSTEM telemetry.nlu
[08:05:51] SYSTEM candidate
[08:05:51] PHASE turn=4 speaker=Agent B phase=DM duration_sec=0.024925218895077705
[08:05:51] TIMING turn=4 speaker=Agent B generation=215.981729 synthesis=3.166368 audio=7.532 recognition=0.00731 understanding=0.059688 dialogue_management=0.024925 pipeline_wall=3.174901 turn_observed=223.598342
[08:06:16] PHASE turn=5 speaker=Agent A phase=NLG duration_sec=21.996634244918823
[08:06:16] PHASE turn=5 speaker=Agent A phase=TTS duration_sec=2.205791
[08:06:16] PHASE turn=5 speaker=Agent A phase=ASR duration_sec=0.005002
[08:06:16] SYSTEM telemetry.speech
[08:06:16] SYSTEM telemetry.timing
[08:06:16] TIMING turn=5 speaker=Agent A generation=21.996634 synthesis=2.205791 audio=5.999 recognition=0.005002 understanding=None dialogue_management=None pipeline_wall=2.211841 turn_observed=27.995634
[08:06:16] MEMORY turn=5 reason=agent_a_reply changed=Agent A,Agent B
[08:06:16] STEP turn=None speaker=Agent A route_valid=- route_goal=- route=-
[08:10:54] PHASE turn=6 speaker=Agent B phase=NLG duration_sec=274.30555415153503
[08:10:54] PHASE turn=6 speaker=Agent B phase=TTS duration_sec=4.035904
[08:10:54] PHASE turn=6 speaker=Agent B phase=ASR duration_sec=0.006075
[08:10:54] SYSTEM telemetry.speech
[08:10:54] SYSTEM telemetry.timing
[08:10:54] MEMORY turn=6 reason=agent_b_reply changed=Agent A,Agent B
[08:10:54] STEP turn=None speaker=Agent B route_valid=- route_goal=- route=-
[08:10:54] PHASE turn=6 speaker=Agent B phase=NLU duration_sec=0.070791
[08:10:54] SYSTEM telemetry.nlu
[08:10:54] SYSTEM warning
[08:10:54] SYSTEM candidate
[08:10:54] PHASE turn=6 speaker=Agent B phase=DM duration_sec=0.016410060226917267
[08:10:54] TIMING turn=6 speaker=Agent B generation=274.305554 synthesis=4.035904 audio=9.356 recognition=0.006075 understanding=0.070791 dialogue_management=0.01641 pipeline_wall=4.043272 turn_observed=283.748756
[08:11:26] PHASE turn=7 speaker=Agent A phase=NLG duration_sec=28.694507360458374
[08:11:26] PHASE turn=7 speaker=Agent A phase=TTS duration_sec=3.255809
[08:11:26] PHASE turn=7 speaker=Agent A phase=ASR duration_sec=0.00505
[08:11:26] SYSTEM telemetry.speech
[08:11:26] SYSTEM telemetry.timing
[08:11:26] TIMING turn=7 speaker=Agent A generation=28.694507 synthesis=3.255809 audio=7.758 recognition=0.00505 understanding=None dialogue_management=None pipeline_wall=3.262104 turn_observed=36.452507
[08:11:26] MEMORY turn=7 reason=agent_a_reply changed=Agent A,Agent B
[08:11:26] STEP turn=None speaker=Agent A route_valid=- route_goal=- route=-
[08:16:38] PHASE turn=8 speaker=Agent B phase=NLG duration_sec=307.6698157787323
[08:16:38] PHASE turn=8 speaker=Agent B phase=TTS duration_sec=3.74424
[08:16:38] PHASE turn=8 speaker=Agent B phase=ASR duration_sec=0.00567
[08:16:38] SYSTEM telemetry.speech
[08:16:38] SYSTEM telemetry.timing
[08:16:38] MEMORY turn=8 reason=agent_b_reply changed=Agent A,Agent B
[08:16:38] STEP turn=None speaker=Agent B route_valid=- route_goal=- route=-
[08:16:38] PHASE turn=8 speaker=Agent B phase=NLU duration_sec=0.034306
[08:16:38] SYSTEM telemetry.nlu
[08:16:38] SYSTEM warning
[08:16:38] SYSTEM candidate
[08:16:38] PHASE turn=8 speaker=Agent B phase=DM duration_sec=0.014241774566471577
[08:16:38] TIMING turn=8 speaker=Agent B generation=307.669816 synthesis=3.74424 audio=10.0 recognition=0.00567 understanding=0.034306 dialogue_management=0.014242 pipeline_wall=3.751131 turn_observed=317.718363
[08:17:12] PHASE turn=9 speaker=Agent A phase=NLG duration_sec=30.990213871002197
[08:17:12] PHASE turn=9 speaker=Agent A phase=TTS duration_sec=2.891316
[08:17:12] PHASE turn=9 speaker=Agent A phase=ASR duration_sec=0.005195
[08:17:12] SYSTEM telemetry.speech
[08:17:12] SYSTEM telemetry.timing
[08:17:12] TIMING turn=9 speaker=Agent A generation=30.990214 synthesis=2.891316 audio=7.788 recognition=0.005195 understanding=None dialogue_management=None pipeline_wall=2.897742 turn_observed=38.778214
[08:17:12] MEMORY turn=9 reason=agent_a_reply changed=Agent A,Agent B
[08:17:12] STEP turn=None speaker=Agent A route_valid=- route_goal=- route=-
[08:22:42] PHASE turn=10 speaker=Agent B phase=NLG duration_sec=327.40533113479614
[08:22:42] PHASE turn=10 speaker=Agent B phase=TTS duration_sec=2.061446
[08:22:42] PHASE turn=10 speaker=Agent B phase=ASR duration_sec=0.005025
[08:22:42] SYSTEM telemetry.speech
[08:22:42] SYSTEM telemetry.timing
[08:22:42] MEMORY turn=10 reason=agent_b_reply changed=Agent A,Agent B
[08:22:42] STEP turn=None speaker=Agent B route_valid=- route_goal=- route=-
[08:22:42] PHASE turn=10 speaker=Agent B phase=NLU duration_sec=0.002667
[08:22:42] SYSTEM telemetry.nlu
[08:22:42] PHASE turn=10 speaker=Agent B phase=DM duration_sec=0.0004115728661417961
[08:22:42] TIMING turn=10 speaker=Agent B generation=327.405331 synthesis=2.061446 audio=5.988 recognition=0.005025 understanding=0.002667 dialogue_management=0.000412 pipeline_wall=2.067483 turn_observed=333.39641
[08:22:44] PHASE turn=11 speaker=Agent A phase=NLG duration_sec=0.35951733589172363
[08:22:44] PHASE turn=11 speaker=Agent A phase=TTS duration_sec=2.073618
[08:22:44] PHASE turn=11 speaker=Agent A phase=ASR duration_sec=0.004584
[08:22:44] SYSTEM telemetry.speech
[08:22:44] SYSTEM telemetry.timing
[08:22:44] TIMING turn=11 speaker=Agent A generation=0.359517 synthesis=2.073618 audio=5.924 recognition=0.004584 understanding=None dialogue_management=None pipeline_wall=2.078981 turn_observed=6.283517
[08:22:44] MEMORY turn=11 reason=agent_a_reply changed=Agent A,Agent B
[08:22:44] STEP turn=None speaker=Agent A route_valid=- route_goal=- route=-
[08:22:44] SYSTEM metrics
[08:22:44] SYSTEM done
[08:22:44] SEGMENT batch.condition.end status=ok duration=1579.384619 seconds
[08:22:44] SESSION END batch-C-MT-RAN-SC-PIP-VOS-MP3M4-DEFAU-MED-I0-b74feba52b-T
