=== batch-c-mt-ran-sc-pip-vos-tl1-defau-sml-i0-31ffd1cf4f-t-20260714-035648.log | sha256=cd7fc47a024ed769d9ab0b19fb6f29bd5ccd59ee4bebc6a5f71da2315adbf579 ===
[03:56:48] SESSION START batch-C-MT-RAN-SC-PIP-VOS-TL1-DEFAU-SML-I0-31ffd1cf4f-T
[03:56:48] SEGMENT batch.condition.start status=ok duration=None seconds
[03:56:48] SYSTEM timer.start
[03:56:49] PHASE turn=1 speaker=Agent A phase=NLG duration_sec=0.0
[03:56:49] PHASE turn=1 speaker=Agent A phase=TTS duration_sec=0.540366
[03:56:49] PHASE turn=1 speaker=Agent A phase=ASR duration_sec=0.002746
[03:56:49] SYSTEM telemetry.speech
[03:56:49] MEMORY turn=1 reason=opening changed=Agent A,Agent B
[03:56:49] STEP turn=None speaker=Agent A route_valid=- route_goal=- route=-
[03:56:49] SYSTEM telemetry.timing
[03:56:49] TIMING turn=1 speaker=Agent A generation=0.0 synthesis=0.540366 audio=10.0 recognition=0.002746 understanding=None dialogue_management=None pipeline_wall=0.543834 turn_observed=10.0
[03:57:59] PHASE turn=2 speaker=Agent B phase=NLG duration_sec=69.37698316574097
[03:57:59] PHASE turn=2 speaker=Agent B phase=TTS duration_sec=0.9707
[03:57:59] PHASE turn=2 speaker=Agent B phase=ASR duration_sec=0.002354
[03:57:59] SYSTEM telemetry.speech
[03:57:59] SYSTEM telemetry.timing
[03:57:59] MEMORY turn=2 reason=agent_b_reply changed=Agent A,Agent B
[03:57:59] STEP turn=None speaker=Agent B route_valid=- route_goal=- route=-
[03:57:59] PHASE turn=2 speaker=Agent B phase=NLU duration_sec=0.002401
[03:57:59] SYSTEM telemetry.nlu
[03:57:59] SYSTEM route
[03:57:59] SYSTEM candidate
[03:57:59] PHASE turn=2 speaker=Agent B phase=DM duration_sec=0.003859623335301876
[03:57:59] TIMING turn=2 speaker=Agent B generation=69.376983 synthesis=0.9707 audio=9.36 recognition=0.002354 understanding=0.002401 dialogue_management=0.00386 pipeline_wall=0.973507 turn_observed=78.743244
[03:58:24] PHASE turn=3 speaker=Agent A phase=NLG duration_sec=24.06235909461975
[03:58:24] PHASE turn=3 speaker=Agent A phase=TTS duration_sec=0.96822
[03:58:24] PHASE turn=3 speaker=Agent A phase=ASR duration_sec=0.002497
[03:58:24] SYSTEM telemetry.speech
[03:58:24] SYSTEM telemetry.timing
[03:58:24] TIMING turn=3 speaker=Agent A generation=24.062359 synthesis=0.96822 audio=8.176 recognition=0.002497 understanding=None dialogue_management=None pipeline_wall=0.971167 turn_observed=32.238359
[03:58:24] MEMORY turn=3 reason=agent_a_reply changed=Agent A,Agent B
[03:58:24] STEP turn=None speaker=Agent A route_valid=- route_goal=- route=-
[03:59:34] PHASE turn=4 speaker=Agent B phase=NLG duration_sec=69.2185378074646
[03:59:34] PHASE turn=4 speaker=Agent B phase=TTS duration_sec=0.907841
[03:59:34] PHASE turn=4 speaker=Agent B phase=ASR duration_sec=0.002833
[03:59:34] SYSTEM telemetry.speech
[03:59:34] SYSTEM telemetry.timing
[03:59:34] MEMORY turn=4 reason=agent_b_reply changed=Agent A,Agent B
[03:59:34] STEP turn=None speaker=Agent B route_valid=- route_goal=- route=-
[03:59:34] PHASE turn=4 speaker=Agent B phase=NLU duration_sec=0.004868
[03:59:34] SYSTEM telemetry.nlu
[03:59:34] SYSTEM candidate
[03:59:34] PHASE turn=4 speaker=Agent B phase=DM duration_sec=0.0033538006246089935
[03:59:34] TIMING turn=4 speaker=Agent B generation=69.218538 synthesis=0.907841 audio=7.532 recognition=0.002833 understanding=0.004868 dialogue_management=0.003354 pipeline_wall=0.911072 turn_observed=76.75876
[04:00:00] PHASE turn=5 speaker=Agent A phase=NLG duration_sec=24.906713008880615
[04:00:00] PHASE turn=5 speaker=Agent A phase=TTS duration_sec=0.731183
[04:00:00] PHASE turn=5 speaker=Agent A phase=ASR duration_sec=0.002377
[04:00:00] SYSTEM telemetry.speech
[04:00:00] SYSTEM telemetry.timing
[04:00:00] TIMING turn=5 speaker=Agent A generation=24.906713 synthesis=0.731183 audio=5.999 recognition=0.002377 understanding=None dialogue_management=None pipeline_wall=0.733996 turn_observed=30.905713
[04:00:00] MEMORY turn=5 reason=agent_a_reply changed=Agent A,Agent B
[04:00:00] STEP turn=None speaker=Agent A route_valid=- route_goal=- route=-
[04:01:15] PHASE turn=6 speaker=Agent B phase=NLG duration_sec=74.38619565963745
[04:01:15] PHASE turn=6 speaker=Agent B phase=TTS duration_sec=1.051215
[04:01:15] PHASE turn=6 speaker=Agent B phase=ASR duration_sec=0.002614
[04:01:15] SYSTEM telemetry.speech
[04:01:15] SYSTEM telemetry.timing
[04:01:15] MEMORY turn=6 reason=agent_b_reply changed=Agent A,Agent B
[04:01:15] STEP turn=None speaker=Agent B route_valid=- route_goal=- route=-
[04:01:15] PHASE turn=6 speaker=Agent B phase=NLU duration_sec=0.00764
[04:01:15] SYSTEM telemetry.nlu
[04:01:15] SYSTEM warning
[04:01:15] SYSTEM candidate
[04:01:15] PHASE turn=6 speaker=Agent B phase=DM duration_sec=0.001780157908797264
[04:01:15] TIMING turn=6 speaker=Agent B generation=74.386196 synthesis=1.051215 audio=9.356 recognition=0.002614 understanding=0.00764 dialogue_management=0.00178 pipeline_wall=1.05428 turn_observed=83.751616
[04:01:44] PHASE turn=7 speaker=Agent A phase=NLG duration_sec=27.74707317352295
[04:01:44] PHASE turn=7 speaker=Agent A phase=TTS duration_sec=0.850781
[04:01:44] PHASE turn=7 speaker=Agent A phase=ASR duration_sec=0.002176
[04:01:44] SYSTEM telemetry.speech
[04:01:44] SYSTEM telemetry.timing
[04:01:44] TIMING turn=7 speaker=Agent A generation=27.747073 synthesis=0.850781 audio=7.758 recognition=0.002176 understanding=None dialogue_management=None pipeline_wall=0.853315 turn_observed=35.505073
[04:01:44] MEMORY turn=7 reason=agent_a_reply changed=Agent A,Agent B
[04:01:44] STEP turn=None speaker=Agent A route_valid=- route_goal=- route=-
[04:03:06] PHASE turn=8 speaker=Agent B phase=NLG duration_sec=80.98773455619812
[04:03:06] PHASE turn=8 speaker=Agent B phase=TTS duration_sec=0.993616
[04:03:06] PHASE turn=8 speaker=Agent B phase=ASR duration_sec=0.002394
[04:03:06] SYSTEM telemetry.speech
[04:03:06] SYSTEM telemetry.timing
[04:03:06] MEMORY turn=8 reason=agent_b_reply changed=Agent A,Agent B
[04:03:06] STEP turn=None speaker=Agent B route_valid=- route_goal=- route=-
[04:03:06] PHASE turn=8 speaker=Agent B phase=NLU duration_sec=0.004054
[04:03:06] SYSTEM telemetry.nlu
[04:03:06] SYSTEM warning
[04:03:06] SYSTEM candidate
[04:03:06] PHASE turn=8 speaker=Agent B phase=DM duration_sec=0.0026917019858956337
[04:03:06] TIMING turn=8 speaker=Agent B generation=80.987735 synthesis=0.993616 audio=10.0 recognition=0.002394 understanding=0.004054 dialogue_management=0.002692 pipeline_wall=0.996443 turn_observed=90.99448
[04:03:37] PHASE turn=9 speaker=Agent A phase=NLG duration_sec=29.846081495285034
[04:03:37] PHASE turn=9 speaker=Agent A phase=TTS duration_sec=0.820907
[04:03:37] PHASE turn=9 speaker=Agent A phase=ASR duration_sec=0.002425
[04:03:37] SYSTEM telemetry.speech
[04:03:37] SYSTEM telemetry.timing
[04:03:37] TIMING turn=9 speaker=Agent A generation=29.846081 synthesis=0.820907 audio=7.788 recognition=0.002425 understanding=None dialogue_management=None pipeline_wall=0.823756 turn_observed=37.634081
[04:03:37] MEMORY turn=9 reason=agent_a_reply changed=Agent A,Agent B
[04:03:37] STEP turn=None speaker=Agent A route_valid=- route_goal=- route=-
[04:05:06] PHASE turn=10 speaker=Agent B phase=NLG duration_sec=88.28930330276489
[04:05:06] PHASE turn=10 speaker=Agent B phase=TTS duration_sec=0.605478
[04:05:06] PHASE turn=10 speaker=Agent B phase=ASR duration_sec=0.00201
[04:05:06] SYSTEM telemetry.speech
[04:05:06] SYSTEM telemetry.timing
[04:05:06] MEMORY turn=10 reason=agent_b_reply changed=Agent A,Agent B
[04:05:06] STEP turn=None speaker=Agent B route_valid=- route_goal=- route=-
[04:05:06] PHASE turn=10 speaker=Agent B phase=NLU duration_sec=0.000374
[04:05:06] SYSTEM telemetry.nlu
[04:05:06] PHASE turn=10 speaker=Agent B phase=DM duration_sec=9.899958968162537e-05
[04:05:06] TIMING turn=10 speaker=Agent B generation=88.289303 synthesis=0.605478 audio=5.988 recognition=0.00201 understanding=0.000374 dialogue_management=9.9e-05 pipeline_wall=0.607895 turn_observed=94.277776
[04:05:06] PHASE turn=11 speaker=Agent A phase=NLG duration_sec=0.04390883445739746
[04:05:06] PHASE turn=11 speaker=Agent A phase=TTS duration_sec=0.635383
[04:05:06] PHASE turn=11 speaker=Agent A phase=ASR duration_sec=0.002309
[04:05:06] SYSTEM telemetry.speech
[04:05:06] SYSTEM telemetry.timing
[04:05:06] TIMING turn=11 speaker=Agent A generation=0.043909 synthesis=0.635383 audio=5.924 recognition=0.002309 understanding=None dialogue_management=None pipeline_wall=0.637936 turn_observed=5.967909
[04:05:06] MEMORY turn=11 reason=agent_a_reply changed=Agent A,Agent B
[04:05:06] STEP turn=None speaker=Agent A route_valid=- route_goal=- route=-
[04:05:06] SYSTEM metrics
[04:05:06] SYSTEM done
[04:05:06] SEGMENT batch.condition.end status=ok duration=498.263712 seconds
[04:05:06] SESSION END batch-C-MT-RAN-SC-PIP-VOS-TL1-DEFAU-SML-I0-31ffd1cf4f-T
