=== batch-c-le-mser-clean-pip-fwh-qq515-pad-med-i0-d7b5ea0bcf-a-20260713-115404.log | sha256=6996ee38ff0574aa7c0c461ce2e1e2248c3510b0b73bba2c41fd4b6c39a8efe7 ===
[11:54:04] SESSION START batch-C-LE-MSER-CLEAN-PIP-FWH-QQ515-PAD-MED-I0-d7b5ea0bcf-A
[11:54:04] SEGMENT batch.condition.start status=ok duration=None seconds
[11:54:04] SYSTEM timer.start
[11:54:25] PHASE turn=1 speaker=Agent A phase=NLG duration_sec=0.0
[11:54:25] PHASE turn=1 speaker=Agent A phase=TTS duration_sec=12.927613
[11:54:25] PHASE turn=1 speaker=Agent A phase=ASR duration_sec=7.443258
[11:54:25] SYSTEM telemetry.speech
[11:54:25] MEMORY turn=1 reason=opening changed=Agent A,Agent B
[11:54:25] STEP turn=None speaker=Agent A route_valid=- route_goal=- route=-
[11:54:25] SYSTEM telemetry.timing
[11:54:25] TIMING turn=1 speaker=Agent A generation=0.0 synthesis=12.927613 audio=11.917 recognition=7.443258 understanding=None dialogue_management=None pipeline_wall=20.372048 turn_observed=20.372165
[11:55:10] PHASE turn=2 speaker=Agent B phase=NLG duration_sec=31.6957528591156
[11:55:10] PHASE turn=2 speaker=Agent B phase=TTS duration_sec=7.774718
[11:55:10] PHASE turn=2 speaker=Agent B phase=ASR duration_sec=5.720132
[11:55:10] SYSTEM telemetry.speech
[11:55:10] SYSTEM telemetry.timing
[11:55:10] MEMORY turn=2 reason=agent_b_reply changed=Agent A,Agent B
[11:55:10] STEP turn=None speaker=Agent B route_valid=- route_goal=- route=-
[11:55:10] PHASE turn=2 speaker=Agent B phase=NLU duration_sec=0.002717
[11:55:10] SYSTEM telemetry.nlu
[11:55:10] SYSTEM route
[11:55:10] SYSTEM candidate
[11:55:10] PHASE turn=2 speaker=Agent B phase=DM duration_sec=0.00413011503405869
[11:55:10] TIMING turn=2 speaker=Agent B generation=31.695753 synthesis=7.774718 audio=9.03 recognition=5.720132 understanding=0.002717 dialogue_management=0.00413 pipeline_wall=13.495293 turn_observed=45.197973
[11:57:00] PHASE turn=3 speaker=Agent A phase=NLG duration_sec=100.3593418598175
[11:57:00] PHASE turn=3 speaker=Agent A phase=TTS duration_sec=5.658043
[11:57:00] PHASE turn=3 speaker=Agent A phase=ASR duration_sec=3.939107
[11:57:00] SYSTEM telemetry.speech
[11:57:00] SYSTEM telemetry.timing
[11:57:00] TIMING turn=3 speaker=Agent A generation=100.359342 synthesis=5.658043 audio=6.143 recognition=3.939107 understanding=None dialogue_management=None pipeline_wall=9.597573 turn_observed=109.956988
[11:57:00] MEMORY turn=3 reason=agent_a_reply changed=Agent A,Agent B
[11:57:00] STEP turn=None speaker=Agent A route_valid=- route_goal=- route=-
[11:57:46] PHASE turn=4 speaker=Agent B phase=NLG duration_sec=29.20953917503357
[11:57:46] PHASE turn=4 speaker=Agent B phase=TTS duration_sec=10.809045
[11:57:46] PHASE turn=4 speaker=Agent B phase=ASR duration_sec=5.703759
[11:57:46] SYSTEM telemetry.speech
[11:57:46] SYSTEM telemetry.timing
[11:57:46] MEMORY turn=4 reason=agent_b_reply changed=Agent A,Agent B
[11:57:46] STEP turn=None speaker=Agent B route_valid=- route_goal=- route=-
[11:57:46] PHASE turn=4 speaker=Agent B phase=NLU duration_sec=0.002355
[11:57:46] SYSTEM telemetry.nlu
[11:57:46] SYSTEM candidate
[11:57:46] PHASE turn=4 speaker=Agent B phase=DM duration_sec=0.0039008487947285175
[11:57:46] TIMING turn=4 speaker=Agent B generation=29.209539 synthesis=10.809045 audio=11.566 recognition=5.703759 understanding=0.002355 dialogue_management=0.003901 pipeline_wall=16.513223 turn_observed=45.729089
[11:58:52] PHASE turn=5 speaker=Agent A phase=NLG duration_sec=57.76285481452942
[11:58:52] PHASE turn=5 speaker=Agent A phase=TTS duration_sec=4.962737
[11:58:52] PHASE turn=5 speaker=Agent A phase=ASR duration_sec=3.797268
[11:58:52] SYSTEM telemetry.speech
[11:58:52] SYSTEM telemetry.timing
[11:58:52] TIMING turn=5 speaker=Agent A generation=57.762855 synthesis=4.962737 audio=6.597 recognition=3.797268 understanding=None dialogue_management=None pipeline_wall=8.760473 turn_observed=66.5234
[11:58:52] MEMORY turn=5 reason=agent_a_reply changed=Agent A,Agent B
[11:58:52] STEP turn=None speaker=Agent A route_valid=- route_goal=- route=-
[11:59:42] PHASE turn=6 speaker=Agent B phase=NLG duration_sec=32.03785300254822
[11:59:42] PHASE turn=6 speaker=Agent B phase=TTS duration_sec=11.163189
[11:59:42] PHASE turn=6 speaker=Agent B phase=ASR duration_sec=6.396512
[11:59:42] SYSTEM telemetry.speech
[11:59:42] SYSTEM telemetry.timing
[11:59:42] MEMORY turn=6 reason=agent_b_reply changed=Agent A,Agent B
[11:59:42] STEP turn=None speaker=Agent B route_valid=- route_goal=- route=-
[11:59:42] PHASE turn=6 speaker=Agent B phase=NLU duration_sec=0.004889
[11:59:42] SYSTEM telemetry.nlu
[11:59:42] SYSTEM candidate
[11:59:42] PHASE turn=6 speaker=Agent B phase=DM duration_sec=0.0043647210113704205
[11:59:42] TIMING turn=6 speaker=Agent B generation=32.037853 synthesis=11.163189 audio=14.461 recognition=6.396512 understanding=0.004889 dialogue_management=0.004365 pipeline_wall=17.560156 turn_observed=49.607354
[11:59:49] PHASE turn=7 speaker=Agent A phase=NLG duration_sec=0.004872798919677734
[11:59:49] PHASE turn=7 speaker=Agent A phase=TTS duration_sec=4.123419
[11:59:49] PHASE turn=7 speaker=Agent A phase=ASR duration_sec=3.353278
[11:59:49] SYSTEM telemetry.speech
[11:59:49] SYSTEM telemetry.timing
[11:59:49] TIMING turn=7 speaker=Agent A generation=0.004873 synthesis=4.123419 audio=3.87 recognition=3.353278 understanding=None dialogue_management=None pipeline_wall=7.477071 turn_observed=7.482041
[11:59:49] MEMORY turn=7 reason=agent_a_reply changed=Agent A,Agent B
[11:59:49] STEP turn=None speaker=Agent A route_valid=- route_goal=- route=-
[11:59:55] PHASE turn=8 speaker=Agent B phase=NLG duration_sec=0.1968705654144287
[11:59:55] PHASE turn=8 speaker=Agent B phase=TTS duration_sec=2.312871
[11:59:55] PHASE turn=8 speaker=Agent B phase=ASR duration_sec=2.850572
[11:59:55] SYSTEM telemetry.speech
[11:59:55] SYSTEM telemetry.timing
[11:59:55] MEMORY turn=8 reason=agent_b_reply changed=Agent A,Agent B
[11:59:55] STEP turn=None speaker=Agent B route_valid=- route_goal=- route=-
[11:59:55] PHASE turn=8 speaker=Agent B phase=NLU duration_sec=1.3e-05
[11:59:55] PHASE turn=8 speaker=Agent B phase=DM duration_sec=8.667795918881893e-05
[11:59:55] TIMING turn=8 speaker=Agent B generation=0.196871 synthesis=2.312871 audio=2.276 recognition=2.850572 understanding=1.3e-05 dialogue_management=8.7e-05 pipeline_wall=5.1638 turn_observed=5.360836
[12:01:09] PHASE turn=9 speaker=Agent A phase=NLG duration_sec=62.4901967048645
[12:01:09] PHASE turn=9 speaker=Agent A phase=TTS duration_sec=6.952901
[12:01:09] PHASE turn=9 speaker=Agent A phase=ASR duration_sec=4.242939
[12:01:09] SYSTEM telemetry.speech
[12:01:09] SYSTEM telemetry.timing
[12:01:09] TIMING turn=9 speaker=Agent A generation=62.490197 synthesis=6.952901 audio=6.597 recognition=4.242939 understanding=None dialogue_management=None pipeline_wall=11.196541 turn_observed=73.686833
[12:01:09] MEMORY turn=9 reason=agent_a_reply changed=Agent A,Agent B
[12:01:09] STEP turn=None speaker=Agent A route_valid=- route_goal=- route=-
[12:02:00] PHASE turn=10 speaker=Agent B phase=NLG duration_sec=33.11546087265015
[12:02:00] PHASE turn=10 speaker=Agent B phase=TTS duration_sec=10.338983
[12:02:00] PHASE turn=10 speaker=Agent B phase=ASR duration_sec=8.291675
[12:02:00] SYSTEM telemetry.speech
[12:02:00] SYSTEM telemetry.timing
[12:02:00] MEMORY turn=10 reason=agent_b_reply changed=Agent A,Agent B
[12:02:00] STEP turn=None speaker=Agent B route_valid=- route_goal=- route=-
[12:02:00] PHASE turn=10 speaker=Agent B phase=NLU duration_sec=0.002655
[12:02:00] SYSTEM telemetry.nlu
[12:02:00] SYSTEM candidate
[12:02:00] PHASE turn=10 speaker=Agent B phase=DM duration_sec=0.007719358894973993
[12:02:00] TIMING turn=10 speaker=Agent B generation=33.115461 synthesis=10.338983 audio=14.461 recognition=8.291675 understanding=0.002655 dialogue_management=0.007719 pipeline_wall=18.631074 turn_observed=51.756979
[12:02:08] PHASE turn=11 speaker=Agent A phase=NLG duration_sec=0.0010502338409423828
[12:02:08] PHASE turn=11 speaker=Agent A phase=TTS duration_sec=4.694253
[12:02:08] PHASE turn=11 speaker=Agent A phase=ASR duration_sec=3.347131
[12:02:08] SYSTEM telemetry.speech
[12:02:08] SYSTEM telemetry.timing
[12:02:08] TIMING turn=11 speaker=Agent A generation=0.00105 synthesis=4.694253 audio=3.87 recognition=3.347131 understanding=None dialogue_management=None pipeline_wall=8.041711 turn_observed=8.042825
[12:02:08] MEMORY turn=11 reason=agent_a_reply changed=Agent A,Agent B
[12:02:08] STEP turn=None speaker=Agent A route_valid=- route_goal=- route=-
[12:02:14] PHASE turn=12 speaker=Agent B phase=NLG duration_sec=0.001035928726196289
[12:02:14] PHASE turn=12 speaker=Agent B phase=TTS duration_sec=2.517049
[12:02:14] PHASE turn=12 speaker=Agent B phase=ASR duration_sec=2.609908
[12:02:14] SYSTEM telemetry.speech
[12:02:14] SYSTEM telemetry.timing
[12:02:14] MEMORY turn=12 reason=agent_b_reply changed=Agent A,Agent B
[12:02:14] STEP turn=None speaker=Agent B route_valid=- route_goal=- route=-
[12:02:14] PHASE turn=12 speaker=Agent B phase=NLU duration_sec=7e-06
[12:02:14] PHASE turn=12 speaker=Agent B phase=DM duration_sec=6.804894655942917e-05
[12:02:14] TIMING turn=12 speaker=Agent B generation=0.001036 synthesis=2.517049 audio=2.276 recognition=2.609908 understanding=7e-06 dialogue_management=6.8e-05 pipeline_wall=5.127282 turn_observed=5.128448
[12:02:14] SYSTEM metrics
[12:02:14] SYSTEM done
[12:02:14] SEGMENT batch.condition.end status=ok duration=489.076039 seconds
[12:02:14] SESSION END batch-C-LE-MSER-CLEAN-PIP-FWH-QQ515-PAD-MED-I0-d7b5ea0bcf-A
