=== batch-c-mpcc-car-sc-pip-vos-mp3m4-defau-med-i0-05cb43dab4-t-20260714-155552.log | sha256=488597ac0a8d2a1747084489b1f7f695c11169b13a234abd86cde115adb1a5c7 ===
[15:55:52] SESSION START batch-C-MPCC-CAR-SC-PIP-VOS-MP3M4-DEFAU-MED-I0-05cb43dab4-T
[15:55:52] SEGMENT batch.condition.start status=ok duration=None seconds
[15:55:52] SYSTEM timer.start
[15:55:53] PHASE turn=1 speaker=Agent A phase=NLG duration_sec=0.0
[15:55:53] PHASE turn=1 speaker=Agent A phase=TTS duration_sec=0.449263
[15:55:53] PHASE turn=1 speaker=Agent A phase=ASR duration_sec=0.00307
[15:55:53] SYSTEM telemetry.speech
[15:55:53] MEMORY turn=1 reason=opening changed=Agent A,Agent B
[15:55:53] STEP turn=None speaker=Agent A route_valid=- route_goal=- route=-
[15:55:53] SYSTEM telemetry.timing
[15:55:53] TIMING turn=1 speaker=Agent A generation=0.0 synthesis=0.449263 audio=10.0 recognition=0.00307 understanding=None dialogue_management=None pipeline_wall=0.453057 turn_observed=10.0
[15:55:53] PHASE turn=2 speaker=Agent B phase=NLG duration_sec=0.0005888938903808594
[15:55:53] PHASE turn=2 speaker=Agent B phase=TTS duration_sec=0.222439
[15:55:53] PHASE turn=2 speaker=Agent B phase=ASR duration_sec=0.002803
[15:55:53] SYSTEM telemetry.speech
[15:55:53] SYSTEM telemetry.timing
[15:55:53] MEMORY turn=2 reason=agent_b_reply changed=Agent A,Agent B
[15:55:53] STEP turn=None speaker=Agent B route_valid=- route_goal=- route=-
[15:55:53] PHASE turn=2 speaker=Agent B phase=NLU duration_sec=0.000312
[15:55:53] SYSTEM telemetry.nlu
[15:55:53] PHASE turn=2 speaker=Agent B phase=DM duration_sec=6.373878568410873e-05
[15:55:53] TIMING turn=2 speaker=Agent B generation=0.000589 synthesis=0.222439 audio=4.723 recognition=0.002803 understanding=0.000312 dialogue_management=6.4e-05 pipeline_wall=0.225548 turn_observed=4.723965
[15:55:53] PHASE turn=3 speaker=Agent A phase=NLG duration_sec=0.0012166500091552734
[15:55:53] PHASE turn=3 speaker=Agent A phase=TTS duration_sec=0.041501
[15:55:53] PHASE turn=3 speaker=Agent A phase=ASR duration_sec=0.002645
[15:55:53] SYSTEM telemetry.speech
[15:55:53] SYSTEM telemetry.timing
[15:55:53] TIMING turn=3 speaker=Agent A generation=0.001217 synthesis=0.041501 audio=0.744 recognition=0.002645 understanding=None dialogue_management=None pipeline_wall=0.044285 turn_observed=0.745217
[15:55:53] MEMORY turn=3 reason=agent_a_reply changed=Agent A,Agent B
[15:55:53] STEP turn=None speaker=Agent A route_valid=- route_goal=- route=-
[15:59:08] PHASE turn=4 speaker=Agent B phase=NLG duration_sec=194.2543272972107
[15:59:08] PHASE turn=4 speaker=Agent B phase=TTS duration_sec=0.834092
[15:59:08] PHASE turn=4 speaker=Agent B phase=ASR duration_sec=0.00232
[15:59:08] SYSTEM telemetry.speech
[15:59:08] SYSTEM telemetry.timing
[15:59:08] MEMORY turn=4 reason=agent_b_reply changed=Agent A,Agent B
[15:59:08] STEP turn=None speaker=Agent B route_valid=- route_goal=- route=-
[15:59:08] PHASE turn=4 speaker=Agent B phase=NLU duration_sec=0.002931
[15:59:08] SYSTEM telemetry.nlu
[15:59:08] SYSTEM route
[15:59:08] SYSTEM candidate
[15:59:08] PHASE turn=4 speaker=Agent B phase=DM duration_sec=0.004770007915794849
[15:59:08] TIMING turn=4 speaker=Agent B generation=194.254327 synthesis=0.834092 audio=8.316 recognition=0.00232 understanding=0.002931 dialogue_management=0.00477 pipeline_wall=0.836774 turn_observed=202.578028
[15:59:30] PHASE turn=5 speaker=Agent A phase=NLG duration_sec=21.14961338043213
[15:59:30] PHASE turn=5 speaker=Agent A phase=TTS duration_sec=0.658266
[15:59:30] PHASE turn=5 speaker=Agent A phase=ASR duration_sec=0.002848
[15:59:30] SYSTEM telemetry.speech
[15:59:30] SYSTEM telemetry.timing
[15:59:30] TIMING turn=5 speaker=Agent A generation=21.149613 synthesis=0.658266 audio=8.176 recognition=0.002848 understanding=None dialogue_management=None pipeline_wall=0.661457 turn_observed=29.325613
[15:59:30] MEMORY turn=5 reason=agent_a_reply changed=Agent A,Agent B
[15:59:30] STEP turn=None speaker=Agent A route_valid=- route_goal=- route=-
[16:03:16] PHASE turn=6 speaker=Agent B phase=NLG duration_sec=224.83748364448547
[16:03:16] PHASE turn=6 speaker=Agent B phase=TTS duration_sec=0.928933
[16:03:16] PHASE turn=6 speaker=Agent B phase=ASR duration_sec=0.002462
[16:03:16] SYSTEM telemetry.speech
[16:03:16] SYSTEM telemetry.timing
[16:03:16] MEMORY turn=6 reason=agent_b_reply changed=Agent A,Agent B
[16:03:16] STEP turn=None speaker=Agent B route_valid=- route_goal=- route=-
[16:03:16] PHASE turn=6 speaker=Agent B phase=NLU duration_sec=0.004505
[16:03:16] SYSTEM telemetry.nlu
[16:03:16] SYSTEM candidate
[16:03:16] PHASE turn=6 speaker=Agent B phase=DM duration_sec=0.0031828144565224648
[16:03:16] TIMING turn=6 speaker=Agent B generation=224.837484 synthesis=0.928933 audio=9.266 recognition=0.002462 understanding=0.004505 dialogue_management=0.003183 pipeline_wall=0.931834 turn_observed=234.111171
[16:03:16] PHASE turn=7 speaker=Agent A phase=NLG duration_sec=0.010785102844238281
[16:03:16] PHASE turn=7 speaker=Agent A phase=TTS duration_sec=0.634946
[16:03:16] PHASE turn=7 speaker=Agent A phase=ASR duration_sec=0.002413
[16:03:16] SYSTEM telemetry.speech
[16:03:16] SYSTEM telemetry.timing
[16:03:16] TIMING turn=7 speaker=Agent A generation=0.010785 synthesis=0.634946 audio=6.648 recognition=0.002413 understanding=None dialogue_management=None pipeline_wall=0.637685 turn_observed=6.658785
[16:03:16] MEMORY turn=7 reason=agent_a_reply changed=Agent A,Agent B
[16:03:16] STEP turn=None speaker=Agent A route_valid=- route_goal=- route=-
[16:07:23] PHASE turn=8 speaker=Agent B phase=NLG duration_sec=245.1827688217163
[16:07:23] PHASE turn=8 speaker=Agent B phase=TTS duration_sec=0.949202
[16:07:23] PHASE turn=8 speaker=Agent B phase=ASR duration_sec=0.002642
[16:07:23] SYSTEM telemetry.speech
[16:07:23] SYSTEM telemetry.timing
[16:07:23] MEMORY turn=8 reason=agent_b_reply changed=Agent A,Agent B
[16:07:23] STEP turn=None speaker=Agent B route_valid=- route_goal=- route=-
[16:07:23] PHASE turn=8 speaker=Agent B phase=NLU duration_sec=0.008946
[16:07:23] SYSTEM telemetry.nlu
[16:07:23] SYSTEM candidate
[16:07:23] PHASE turn=8 speaker=Agent B phase=DM duration_sec=0.004553698934614658
[16:07:23] TIMING turn=8 speaker=Agent B generation=245.182769 synthesis=0.949202 audio=9.946 recognition=0.002642 understanding=0.008946 dialogue_management=0.004554 pipeline_wall=0.952254 turn_observed=255.142269
[16:07:49] PHASE turn=9 speaker=Agent A phase=NLG duration_sec=25.366883516311646
[16:07:49] PHASE turn=9 speaker=Agent A phase=TTS duration_sec=0.604267
[16:07:49] PHASE turn=9 speaker=Agent A phase=ASR duration_sec=0.003292
[16:07:49] SYSTEM telemetry.speech
[16:07:49] SYSTEM telemetry.timing
[16:07:49] TIMING turn=9 speaker=Agent A generation=25.366884 synthesis=0.604267 audio=6.648 recognition=0.003292 understanding=None dialogue_management=None pipeline_wall=0.607949 turn_observed=32.014884
[16:07:49] MEMORY turn=9 reason=agent_a_reply changed=Agent A,Agent B
[16:07:49] STEP turn=None speaker=Agent A route_valid=- route_goal=- route=-
[16:12:07] PHASE turn=10 speaker=Agent B phase=NLG duration_sec=257.39678740501404
[16:12:07] PHASE turn=10 speaker=Agent B phase=TTS duration_sec=0.916481
[16:12:07] PHASE turn=10 speaker=Agent B phase=ASR duration_sec=0.002438
[16:12:07] SYSTEM telemetry.speech
[16:12:07] SYSTEM telemetry.timing
[16:12:07] MEMORY turn=10 reason=agent_b_reply changed=Agent A,Agent B
[16:12:07] STEP turn=None speaker=Agent B route_valid=- route_goal=- route=-
[16:12:07] PHASE turn=10 speaker=Agent B phase=NLU duration_sec=0.004957
[16:12:07] SYSTEM telemetry.nlu
[16:12:07] SYSTEM warning
[16:12:07] SYSTEM candidate
[16:12:07] PHASE turn=10 speaker=Agent B phase=DM duration_sec=0.0016336217522621155
[16:12:07] TIMING turn=10 speaker=Agent B generation=257.396787 synthesis=0.916481 audio=9.356 recognition=0.002438 understanding=0.004957 dialogue_management=0.001634 pipeline_wall=0.919329 turn_observed=266.759378
[16:12:34] PHASE turn=11 speaker=Agent A phase=NLG duration_sec=26.66676092147827
[16:12:34] PHASE turn=11 speaker=Agent A phase=TTS duration_sec=0.569059
[16:12:34] PHASE turn=11 speaker=Agent A phase=ASR duration_sec=0.002515
[16:12:34] SYSTEM telemetry.speech
[16:12:34] SYSTEM telemetry.timing
[16:12:34] TIMING turn=11 speaker=Agent A generation=26.666761 synthesis=0.569059 audio=6.092 recognition=0.002515 understanding=None dialogue_management=None pipeline_wall=0.572001 turn_observed=32.758761
[16:12:34] MEMORY turn=11 reason=agent_a_reply changed=Agent A,Agent B
[16:12:34] STEP turn=None speaker=Agent A route_valid=- route_goal=- route=-
[16:16:55] PHASE turn=12 speaker=Agent B phase=NLG duration_sec=260.356853723526
[16:16:55] PHASE turn=12 speaker=Agent B phase=TTS duration_sec=0.939169
[16:16:55] PHASE turn=12 speaker=Agent B phase=ASR duration_sec=0.002815
[16:16:55] SYSTEM telemetry.speech
[16:16:55] SYSTEM telemetry.timing
[16:16:56] MEMORY turn=12 reason=agent_b_reply changed=Agent A,Agent B
[16:16:56] STEP turn=None speaker=Agent B route_valid=- route_goal=- route=-
[16:16:56] PHASE turn=12 speaker=Agent B phase=NLU duration_sec=0.01532
[16:16:56] SYSTEM telemetry.nlu
[16:16:56] SYSTEM candidate
[16:16:56] PHASE turn=12 speaker=Agent B phase=DM duration_sec=0.00466217752546072
[16:16:56] TIMING turn=12 speaker=Agent B generation=260.356854 synthesis=0.939169 audio=10.0 recognition=0.002815 understanding=0.01532 dialogue_management=0.004662 pipeline_wall=0.942437 turn_observed=270.376836
[16:17:25] PHASE turn=13 speaker=Agent A phase=NLG duration_sec=28.373046398162842
[16:17:25] PHASE turn=13 speaker=Agent A phase=TTS duration_sec=0.669391
[16:17:25] PHASE turn=13 speaker=Agent A phase=ASR duration_sec=0.002841
[16:17:25] SYSTEM telemetry.speech
[16:17:25] SYSTEM telemetry.timing
[16:17:25] TIMING turn=13 speaker=Agent A generation=28.373046 synthesis=0.669391 audio=7.14 recognition=0.002841 understanding=None dialogue_management=None pipeline_wall=0.672651 turn_observed=35.513046
[16:17:25] MEMORY turn=13 reason=agent_a_reply changed=Agent A,Agent B
[16:17:25] STEP turn=None speaker=Agent A route_valid=- route_goal=- route=-
[16:22:11] PHASE turn=14 speaker=Agent B phase=NLG duration_sec=285.6500132083893
[16:22:11] PHASE turn=14 speaker=Agent B phase=TTS duration_sec=0.777109
[16:22:11] PHASE turn=14 speaker=Agent B phase=ASR duration_sec=0.002473
[16:22:11] SYSTEM telemetry.speech
[16:22:11] SYSTEM telemetry.timing
[16:22:11] MEMORY turn=14 reason=agent_b_reply changed=Agent A,Agent B
[16:22:11] STEP turn=None speaker=Agent B route_valid=- route_goal=- route=-
[16:22:11] PHASE turn=14 speaker=Agent B phase=NLU duration_sec=0.001184
[16:22:11] SYSTEM telemetry.nlu
[16:22:11] SYSTEM candidate
[16:22:11] PHASE turn=14 speaker=Agent B phase=DM duration_sec=0.003683418035507202
[16:22:11] TIMING turn=14 speaker=Agent B generation=285.650013 synthesis=0.777109 audio=7.73 recognition=0.002473 understanding=0.001184 dialogue_management=0.003683 pipeline_wall=0.78 turn_observed=293.38488
[16:22:12] PHASE turn=15 speaker=Agent A phase=NLG duration_sec=0.0033910274505615234
[16:22:12] PHASE turn=15 speaker=Agent A phase=TTS duration_sec=0.577784
[16:22:12] PHASE turn=15 speaker=Agent A phase=ASR duration_sec=0.00301
[16:22:12] SYSTEM telemetry.speech
[16:22:12] SYSTEM telemetry.timing
[16:22:12] TIMING turn=15 speaker=Agent A generation=0.003391 synthesis=0.577784 audio=6.323 recognition=0.00301 understanding=None dialogue_management=None pipeline_wall=0.581091 turn_observed=6.326391
[16:22:12] MEMORY turn=15 reason=agent_a_reply changed=Agent A,Agent B
[16:22:12] STEP turn=None speaker=Agent A route_valid=- route_goal=- route=-
[16:26:47] PHASE turn=16 speaker=Agent B phase=NLG duration_sec=274.51691150665283
[16:26:47] PHASE turn=16 speaker=Agent B phase=TTS duration_sec=0.566289
[16:26:47] PHASE turn=16 speaker=Agent B phase=ASR duration_sec=0.002277
[16:26:47] SYSTEM telemetry.speech
[16:26:47] SYSTEM telemetry.timing
[16:26:47] MEMORY turn=16 reason=agent_b_reply changed=Agent A,Agent B
[16:26:47] STEP turn=None speaker=Agent B route_valid=- route_goal=- route=-
[16:26:47] PHASE turn=16 speaker=Agent B phase=NLU duration_sec=0.000355
[16:26:47] SYSTEM telemetry.nlu
[16:26:47] PHASE turn=16 speaker=Agent B phase=DM duration_sec=8.267909288406372e-05
[16:26:47] TIMING turn=16 speaker=Agent B generation=274.516912 synthesis=0.566289 audio=5.988 recognition=0.002277 understanding=0.000355 dialogue_management=8.3e-05 pipeline_wall=0.568952 turn_observed=280.505349
[16:26:48] PHASE turn=17 speaker=Agent A phase=NLG duration_sec=0.08878445625305176
[16:26:48] PHASE turn=17 speaker=Agent A phase=TTS duration_sec=0.708908
[16:26:48] PHASE turn=17 speaker=Agent A phase=ASR duration_sec=0.002441
[16:26:48] SYSTEM telemetry.speech
[16:26:48] SYSTEM telemetry.timing
[16:26:48] TIMING turn=17 speaker=Agent A generation=0.088784 synthesis=0.708908 audio=7.14 recognition=0.002441 understanding=None dialogue_management=None pipeline_wall=0.711547 turn_observed=7.228784
[16:26:48] MEMORY turn=17 reason=agent_a_reply changed=Agent A,Agent B
[16:26:48] STEP turn=None speaker=Agent A route_valid=- route_goal=- route=-
[16:31:16] PHASE turn=18 speaker=Agent B phase=NLG duration_sec=268.0015399456024
[16:31:16] PHASE turn=18 speaker=Agent B phase=TTS duration_sec=0.556052
[16:31:16] PHASE turn=18 speaker=Agent B phase=ASR duration_sec=0.002485
[16:31:16] SYSTEM telemetry.speech
[16:31:16] SYSTEM telemetry.timing
[16:31:16] MEMORY turn=18 reason=agent_b_reply changed=Agent A
[16:31:16] STEP turn=None speaker=Agent B route_valid=- route_goal=- route=-
[16:31:16] PHASE turn=18 speaker=Agent B phase=NLU duration_sec=0.000337
[16:31:16] SYSTEM telemetry.nlu
[16:31:16] PHASE turn=18 speaker=Agent B phase=DM duration_sec=8.264835923910141e-05
[16:31:16] TIMING turn=18 speaker=Agent B generation=268.00154 synthesis=0.556052 audio=5.894 recognition=0.002485 understanding=0.000337 dialogue_management=8.3e-05 pipeline_wall=0.558989 turn_observed=273.89596
[16:31:17] PHASE turn=19 speaker=Agent A phase=NLG duration_sec=0.0837242603302002
[16:31:17] PHASE turn=19 speaker=Agent A phase=TTS duration_sec=0.537096
[16:31:17] PHASE turn=19 speaker=Agent A phase=ASR duration_sec=0.002284
[16:31:17] SYSTEM telemetry.speech
[16:31:17] SYSTEM telemetry.timing
[16:31:17] TIMING turn=19 speaker=Agent A generation=0.083724 synthesis=0.537096 audio=5.924 recognition=0.002284 understanding=None dialogue_management=None pipeline_wall=0.539561 turn_observed=6.007724
[16:31:17] MEMORY turn=19 reason=agent_a_reply changed=Agent A,Agent B
[16:31:17] STEP turn=None speaker=Agent A route_valid=- route_goal=- route=-
[16:31:17] SYSTEM metrics
[16:31:17] SYSTEM done
[16:31:17] SEGMENT batch.condition.end status=ok duration=2124.595862 seconds
[16:31:17] SESSION END batch-C-MPCC-CAR-SC-PIP-VOS-MP3M4-DEFAU-MED-I0-05cb43dab4-T
