=== batch-c-mpcc-fc-hesit-pip-vos-mp3m4-defau-med-i0-c8cdc3a140-t-20260714-124253.log | sha256=87845fd83710701ec805e1bd1888b67462bf29a527e2fb1e128d5242067cf70c ===
[12:42:53] SESSION START batch-C-MPCC-FC-HESIT-PIP-VOS-MP3M4-DEFAU-MED-I0-c8cdc3a140-T
[12:42:53] SEGMENT batch.condition.start status=ok duration=None seconds
[12:42:53] SYSTEM timer.start
[12:42:55] PHASE turn=1 speaker=Agent A phase=NLG duration_sec=0.0
[12:42:55] PHASE turn=1 speaker=Agent A phase=TTS duration_sec=1.098531
[12:42:55] PHASE turn=1 speaker=Agent A phase=ASR duration_sec=0.046748
[12:42:55] SYSTEM telemetry.speech
[12:42:55] MEMORY turn=1 reason=opening changed=Agent A,Agent B
[12:42:55] STEP turn=None speaker=Agent A route_valid=- route_goal=- route=-
[12:42:55] SYSTEM telemetry.timing
[12:42:55] TIMING turn=1 speaker=Agent A generation=0.0 synthesis=1.098531 audio=12.423 recognition=0.046748 understanding=None dialogue_management=None pipeline_wall=1.146409 turn_observed=12.423
[12:47:19] PHASE turn=2 speaker=Agent B phase=NLG duration_sec=263.37750720977783
[12:47:19] PHASE turn=2 speaker=Agent B phase=TTS duration_sec=1.225518
[12:47:19] PHASE turn=2 speaker=Agent B phase=ASR duration_sec=0.026941
[12:47:19] SYSTEM telemetry.speech
[12:47:19] SYSTEM telemetry.timing
[12:47:19] MEMORY turn=2 reason=agent_b_reply changed=Agent A,Agent B
[12:47:19] STEP turn=None speaker=Agent B route_valid=- route_goal=- route=-
[12:47:19] PHASE turn=2 speaker=Agent B phase=NLU duration_sec=0.001602
[12:47:19] SYSTEM telemetry.nlu
[12:47:19] SYSTEM route
[12:47:19] SYSTEM candidate
[12:47:19] PHASE turn=2 speaker=Agent B phase=DM duration_sec=0.006125679239630699
[12:47:19] TIMING turn=2 speaker=Agent B generation=263.377507 synthesis=1.225518 audio=6.924 recognition=0.026941 understanding=0.001602 dialogue_management=0.006126 pipeline_wall=1.252995 turn_observed=270.309235
[12:47:48] PHASE turn=3 speaker=Agent A phase=NLG duration_sec=27.94147825241089
[12:47:48] PHASE turn=3 speaker=Agent A phase=TTS duration_sec=1.122343
[12:47:48] PHASE turn=3 speaker=Agent A phase=ASR duration_sec=0.028507
[12:47:48] SYSTEM telemetry.speech
[12:47:48] SYSTEM telemetry.timing
[12:47:48] TIMING turn=3 speaker=Agent A generation=27.941478 synthesis=1.122343 audio=6.879 recognition=0.028507 understanding=None dialogue_management=None pipeline_wall=1.151401 turn_observed=34.820478
[12:47:48] MEMORY turn=3 reason=agent_a_reply changed=Agent A,Agent B
[12:47:48] STEP turn=None speaker=Agent A route_valid=- route_goal=- route=-
[12:52:34] PHASE turn=4 speaker=Agent B phase=NLG duration_sec=283.77991366386414
[12:52:34] PHASE turn=4 speaker=Agent B phase=TTS duration_sec=2.05185
[12:52:34] PHASE turn=4 speaker=Agent B phase=ASR duration_sec=0.038141
[12:52:34] SYSTEM telemetry.speech
[12:52:34] SYSTEM telemetry.timing
[12:52:34] MEMORY turn=4 reason=agent_b_reply changed=Agent A,Agent B
[12:52:34] STEP turn=None speaker=Agent B route_valid=- route_goal=- route=-
[12:52:34] PHASE turn=4 speaker=Agent B phase=NLU duration_sec=0.004055
[12:52:34] SYSTEM telemetry.nlu
[12:52:34] SYSTEM candidate
[12:52:34] PHASE turn=4 speaker=Agent B phase=DM duration_sec=0.004152803681790829
[12:52:34] TIMING turn=4 speaker=Agent B generation=283.779914 synthesis=2.05185 audio=11.568 recognition=0.038141 understanding=0.004055 dialogue_management=0.004153 pipeline_wall=2.090576 turn_observed=295.356122
[12:53:06] PHASE turn=5 speaker=Agent A phase=NLG duration_sec=30.378988027572632
[12:53:06] PHASE turn=5 speaker=Agent A phase=TTS duration_sec=1.510908
[12:53:06] PHASE turn=5 speaker=Agent A phase=ASR duration_sec=0.040753
[12:53:06] SYSTEM telemetry.speech
[12:53:06] SYSTEM telemetry.timing
[12:53:06] TIMING turn=5 speaker=Agent A generation=30.378988 synthesis=1.510908 audio=8.699 recognition=0.040753 understanding=None dialogue_management=None pipeline_wall=1.552223 turn_observed=39.077988
[12:53:06] MEMORY turn=5 reason=agent_a_reply changed=Agent A,Agent B
[12:53:06] STEP turn=None speaker=Agent A route_valid=- route_goal=- route=-
[12:58:27] PHASE turn=6 speaker=Agent B phase=NLG duration_sec=319.1963224411011
[12:58:27] PHASE turn=6 speaker=Agent B phase=TTS duration_sec=1.624334
[12:58:27] PHASE turn=6 speaker=Agent B phase=ASR duration_sec=0.031952
[12:58:27] SYSTEM telemetry.speech
[12:58:27] SYSTEM telemetry.timing
[12:58:27] MEMORY turn=6 reason=agent_b_reply changed=Agent A,Agent B
[12:58:27] STEP turn=None speaker=Agent B route_valid=- route_goal=- route=-
[12:58:27] PHASE turn=6 speaker=Agent B phase=NLU duration_sec=0.002446
[12:58:27] SYSTEM telemetry.nlu
[12:58:27] SYSTEM candidate
[12:58:27] PHASE turn=6 speaker=Agent B phase=DM duration_sec=0.014247113838791847
[12:58:27] TIMING turn=6 speaker=Agent B generation=319.196322 synthesis=1.624334 audio=9.134 recognition=0.031952 understanding=0.002446 dialogue_management=0.014247 pipeline_wall=1.656832 turn_observed=328.347015
[12:59:02] PHASE turn=7 speaker=Agent A phase=NLG duration_sec=32.976536989212036
[12:59:02] PHASE turn=7 speaker=Agent A phase=TTS duration_sec=1.616762
[12:59:02] PHASE turn=7 speaker=Agent A phase=ASR duration_sec=0.033996
[12:59:02] SYSTEM telemetry.speech
[12:59:02] SYSTEM telemetry.timing
[12:59:02] TIMING turn=7 speaker=Agent A generation=32.976537 synthesis=1.616762 audio=8.996 recognition=0.033996 understanding=None dialogue_management=None pipeline_wall=1.651294 turn_observed=41.972537
[12:59:02] MEMORY turn=7 reason=agent_a_reply changed=Agent A,Agent B
[12:59:02] STEP turn=None speaker=Agent A route_valid=- route_goal=- route=-
[13:04:38] PHASE turn=8 speaker=Agent B phase=NLG duration_sec=334.64784836769104
[13:04:38] PHASE turn=8 speaker=Agent B phase=TTS duration_sec=1.55672
[13:04:38] PHASE turn=8 speaker=Agent B phase=ASR duration_sec=0.029465
[13:04:38] SYSTEM telemetry.speech
[13:04:38] SYSTEM telemetry.timing
[13:04:38] MEMORY turn=8 reason=agent_b_reply changed=Agent A,Agent B
[13:04:38] STEP turn=None speaker=Agent B route_valid=- route_goal=- route=-
[13:04:38] PHASE turn=8 speaker=Agent B phase=NLU duration_sec=0.001913
[13:04:38] SYSTEM telemetry.nlu
[13:04:38] SYSTEM candidate
[13:04:38] PHASE turn=8 speaker=Agent B phase=DM duration_sec=0.009080561809241772
[13:04:38] TIMING turn=8 speaker=Agent B generation=334.647848 synthesis=1.55672 audio=8.565 recognition=0.029465 understanding=0.001913 dialogue_management=0.009081 pipeline_wall=1.586744 turn_observed=343.223842
[13:05:14] PHASE turn=9 speaker=Agent A phase=NLG duration_sec=35.22826671600342
[13:05:14] PHASE turn=9 speaker=Agent A phase=TTS duration_sec=0.962065
[13:05:14] PHASE turn=9 speaker=Agent A phase=ASR duration_sec=0.020116
[13:05:14] SYSTEM telemetry.speech
[13:05:14] SYSTEM telemetry.timing
[13:05:14] TIMING turn=9 speaker=Agent A generation=35.228267 synthesis=0.962065 audio=5.281 recognition=0.020116 understanding=None dialogue_management=None pipeline_wall=0.982695 turn_observed=40.509267
[13:05:14] MEMORY turn=9 reason=agent_a_reply changed=Agent A,Agent B
[13:05:14] STEP turn=None speaker=Agent A route_valid=- route_goal=- route=-
[13:05:14] SYSTEM metrics
[13:05:14] SYSTEM done
[13:05:14] SEGMENT batch.condition.end status=ok duration=1340.907946 seconds
[13:05:14] SESSION END batch-C-MPCC-FC-HESIT-PIP-VOS-MP3M4-DEFAU-MED-I0-c8cdc3a140-T
