=== batch-c-cee-ar-sc-pip-fwh-qq515-pss-med-i0-b65764cd8c-t-20260713-063827.log | sha256=8135a3db997ef26e30dec0d575e8342ddc2441d0dead356a441144c51bdc18bf ===
[06:38:27] SESSION START batch-C-CEE-AR-SC-PIP-FWH-QQ515-PSS-MED-I0-b65764cd8c-T
[06:38:27] SEGMENT batch.condition.start status=ok duration=None seconds
[06:38:27] SYSTEM timer.start
[06:38:27] PHASE turn=1 speaker=Agent A phase=NLG duration_sec=0.0
[06:38:27] PHASE turn=1 speaker=Agent A phase=TTS duration_sec=0.751366
[06:38:27] PHASE turn=1 speaker=Agent A phase=ASR duration_sec=0.002962
[06:38:27] SYSTEM telemetry.speech
[06:38:27] MEMORY turn=1 reason=opening changed=Agent A,Agent B
[06:38:27] STEP turn=None speaker=Agent A route_valid=- route_goal=- route=-
[06:38:27] SYSTEM telemetry.timing
[06:38:27] TIMING turn=1 speaker=Agent A generation=0.0 synthesis=0.751366 audio=10.0 recognition=0.002962 understanding=None dialogue_management=None pipeline_wall=0.755276 turn_observed=10.0
[06:38:28] PHASE turn=2 speaker=Agent B phase=NLG duration_sec=0.0008029937744140625
[06:38:28] PHASE turn=2 speaker=Agent B phase=TTS duration_sec=0.305649
[06:38:28] PHASE turn=2 speaker=Agent B phase=ASR duration_sec=0.002206
[06:38:28] SYSTEM telemetry.speech
[06:38:28] SYSTEM telemetry.timing
[06:38:28] MEMORY turn=2 reason=agent_b_reply changed=Agent A,Agent B
[06:38:28] STEP turn=None speaker=Agent B route_valid=- route_goal=- route=-
[06:38:28] PHASE turn=2 speaker=Agent B phase=NLU duration_sec=0.000472
[06:38:28] SYSTEM telemetry.nlu
[06:38:28] PHASE turn=2 speaker=Agent B phase=DM duration_sec=0.00010137702338397503
[06:38:28] TIMING turn=2 speaker=Agent B generation=0.000803 synthesis=0.305649 audio=3.94 recognition=0.002206 understanding=0.000472 dialogue_management=0.000101 pipeline_wall=0.308111 turn_observed=3.941376
[06:38:28] PHASE turn=3 speaker=Agent A phase=NLG duration_sec=0.0018012523651123047
[06:38:28] PHASE turn=3 speaker=Agent A phase=TTS duration_sec=0.238574
[06:38:28] PHASE turn=3 speaker=Agent A phase=ASR duration_sec=0.00227
[06:38:28] SYSTEM telemetry.speech
[06:38:28] SYSTEM telemetry.timing
[06:38:28] TIMING turn=3 speaker=Agent A generation=0.001801 synthesis=0.238574 audio=2.69 recognition=0.00227 understanding=None dialogue_management=None pipeline_wall=0.241082 turn_observed=2.691801
[06:38:28] MEMORY turn=3 reason=agent_a_reply changed=Agent A,Agent B
[06:38:28] STEP turn=None speaker=Agent A route_valid=- route_goal=- route=-
[06:38:28] PHASE turn=4 speaker=Agent B phase=NLG duration_sec=0.0006985664367675781
[06:38:28] PHASE turn=4 speaker=Agent B phase=TTS duration_sec=0.348864
[06:38:28] PHASE turn=4 speaker=Agent B phase=ASR duration_sec=0.002083
[06:38:28] SYSTEM telemetry.speech
[06:38:28] SYSTEM telemetry.timing
[06:38:28] MEMORY turn=4 reason=agent_b_reply changed=Agent A
[06:38:28] STEP turn=None speaker=Agent B route_valid=- route_goal=- route=-
[06:38:28] PHASE turn=4 speaker=Agent B phase=NLU duration_sec=0.000469
[06:38:28] SYSTEM telemetry.nlu
[06:38:28] PHASE turn=4 speaker=Agent B phase=DM duration_sec=0.0001001991331577301
[06:38:28] TIMING turn=4 speaker=Agent B generation=0.000699 synthesis=0.348864 audio=4.43 recognition=0.002083 understanding=0.000469 dialogue_management=0.0001 pipeline_wall=0.351186 turn_observed=4.431268
[06:38:29] PHASE turn=5 speaker=Agent A phase=NLG duration_sec=0.0013551712036132812
[06:38:29] PHASE turn=5 speaker=Agent A phase=TTS duration_sec=0.83092
[06:38:29] PHASE turn=5 speaker=Agent A phase=ASR duration_sec=0.002363
[06:38:29] SYSTEM telemetry.speech
[06:38:29] SYSTEM telemetry.timing
[06:38:29] TIMING turn=5 speaker=Agent A generation=0.001355 synthesis=0.83092 audio=6.356 recognition=0.002363 understanding=None dialogue_management=None pipeline_wall=0.833752 turn_observed=6.357355
[06:38:29] MEMORY turn=5 reason=agent_a_reply changed=Agent A,Agent B
[06:38:29] STEP turn=None speaker=Agent A route_valid=- route_goal=- route=-
[06:38:30] PHASE turn=6 speaker=Agent B phase=NLG duration_sec=0.0015723705291748047
[06:38:30] PHASE turn=6 speaker=Agent B phase=TTS duration_sec=0.453767
[06:38:30] PHASE turn=6 speaker=Agent B phase=ASR duration_sec=0.00263
[06:38:30] SYSTEM telemetry.speech
[06:38:30] SYSTEM telemetry.timing
[06:38:30] MEMORY turn=6 reason=agent_b_reply changed=Agent A,Agent B
[06:38:30] STEP turn=None speaker=Agent B route_valid=- route_goal=- route=-
[06:38:30] PHASE turn=6 speaker=Agent B phase=NLU duration_sec=0.000529
[06:38:30] SYSTEM telemetry.nlu
[06:38:30] PHASE turn=6 speaker=Agent B phase=DM duration_sec=9.561819024384022e-05
[06:38:30] TIMING turn=6 speaker=Agent B generation=0.001572 synthesis=0.453767 audio=4.818 recognition=0.00263 understanding=0.000529 dialogue_management=9.6e-05 pipeline_wall=0.456942 turn_observed=4.820197
[06:38:31] PHASE turn=7 speaker=Agent A phase=NLG duration_sec=0.0015239715576171875
[06:38:31] PHASE turn=7 speaker=Agent A phase=TTS duration_sec=1.194773
[06:38:31] PHASE turn=7 speaker=Agent A phase=ASR duration_sec=0.002221
[06:38:31] SYSTEM telemetry.speech
[06:38:31] SYSTEM telemetry.timing
[06:38:31] TIMING turn=7 speaker=Agent A generation=0.001524 synthesis=1.194773 audio=8.115 recognition=0.002221 understanding=None dialogue_management=None pipeline_wall=1.19745 turn_observed=8.116524
[06:38:31] MEMORY turn=7 reason=agent_a_reply changed=Agent B
[06:38:31] STEP turn=None speaker=Agent A route_valid=- route_goal=- route=-
[06:39:06] PHASE turn=8 speaker=Agent B phase=NLG duration_sec=33.643439292907715
[06:39:06] PHASE turn=8 speaker=Agent B phase=TTS duration_sec=1.505507
[06:39:06] PHASE turn=8 speaker=Agent B phase=ASR duration_sec=0.002929
[06:39:06] SYSTEM telemetry.speech
[06:39:06] SYSTEM telemetry.timing
[06:39:06] MEMORY turn=8 reason=agent_b_reply changed=Agent A,Agent B
[06:39:06] STEP turn=None speaker=Agent B route_valid=- route_goal=- route=-
[06:39:06] PHASE turn=8 speaker=Agent B phase=NLU duration_sec=0.006463
[06:39:06] SYSTEM telemetry.nlu
[06:39:06] SYSTEM route
[06:39:06] SYSTEM candidate
[06:39:06] PHASE turn=8 speaker=Agent B phase=DM duration_sec=0.00655921408906579
[06:39:06] TIMING turn=8 speaker=Agent B generation=33.643439 synthesis=1.505507 audio=10.0 recognition=0.002929 understanding=0.006463 dialogue_management=0.006559 pipeline_wall=1.509075 turn_observed=43.656462
[06:39:59] PHASE turn=9 speaker=Agent A phase=NLG duration_sec=51.8036425113678
[06:39:59] PHASE turn=9 speaker=Agent A phase=TTS duration_sec=1.32248
[06:39:59] PHASE turn=9 speaker=Agent A phase=ASR duration_sec=0.002723
[06:39:59] SYSTEM telemetry.speech
[06:39:59] SYSTEM telemetry.timing
[06:39:59] TIMING turn=9 speaker=Agent A generation=51.803643 synthesis=1.32248 audio=8.5 recognition=0.002723 understanding=None dialogue_management=None pipeline_wall=1.325677 turn_observed=60.303643
[06:39:59] MEMORY turn=9 reason=agent_a_reply changed=Agent A,Agent B
[06:39:59] STEP turn=None speaker=Agent A route_valid=- route_goal=- route=-
[06:40:30] PHASE turn=10 speaker=Agent B phase=NLG duration_sec=29.577781438827515
[06:40:30] PHASE turn=10 speaker=Agent B phase=TTS duration_sec=1.225396
[06:40:30] PHASE turn=10 speaker=Agent B phase=ASR duration_sec=0.004052
[06:40:30] SYSTEM telemetry.speech
[06:40:30] SYSTEM telemetry.timing
[06:40:30] MEMORY turn=10 reason=agent_b_reply changed=Agent A,Agent B
[06:40:30] STEP turn=None speaker=Agent B route_valid=- route_goal=- route=-
[06:40:30] PHASE turn=10 speaker=Agent B phase=NLU duration_sec=0.011761
[06:40:30] SYSTEM telemetry.nlu
[06:40:30] SYSTEM warning
[06:40:30] SYSTEM candidate
[06:40:30] PHASE turn=10 speaker=Agent B phase=DM duration_sec=0.008725143037736416
[06:40:30] TIMING turn=10 speaker=Agent B generation=29.577781 synthesis=1.225396 audio=7.042 recognition=0.004052 understanding=0.011761 dialogue_management=0.008725 pipeline_wall=1.230066 turn_observed=36.640267
[06:41:27] PHASE turn=11 speaker=Agent A phase=NLG duration_sec=55.32215166091919
[06:41:27] PHASE turn=11 speaker=Agent A phase=TTS duration_sec=1.126559
[06:41:27] PHASE turn=11 speaker=Agent A phase=ASR duration_sec=0.00226
[06:41:27] SYSTEM telemetry.speech
[06:41:27] SYSTEM telemetry.timing
[06:41:27] TIMING turn=11 speaker=Agent A generation=55.322152 synthesis=1.126559 audio=7.203 recognition=0.00226 understanding=None dialogue_management=None pipeline_wall=1.129426 turn_observed=62.525152
[06:41:27] MEMORY turn=11 reason=agent_a_reply changed=Agent A,Agent B
[06:41:27] STEP turn=None speaker=Agent A route_valid=- route_goal=- route=-
[06:41:59] PHASE turn=12 speaker=Agent B phase=NLG duration_sec=30.855143547058105
[06:41:59] PHASE turn=12 speaker=Agent B phase=TTS duration_sec=1.589445
[06:41:59] PHASE turn=12 speaker=Agent B phase=ASR duration_sec=0.002793
[06:41:59] SYSTEM telemetry.speech
[06:41:59] SYSTEM telemetry.timing
[06:41:59] MEMORY turn=12 reason=agent_b_reply changed=Agent A,Agent B
[06:41:59] STEP turn=None speaker=Agent B route_valid=- route_goal=- route=-
[06:41:59] PHASE turn=12 speaker=Agent B phase=NLU duration_sec=0.015769
[06:41:59] SYSTEM telemetry.nlu
[06:41:59] SYSTEM candidate
[06:41:59] PHASE turn=12 speaker=Agent B phase=DM duration_sec=0.00977360992692411
[06:41:59] TIMING turn=12 speaker=Agent B generation=30.855144 synthesis=1.589445 audio=9.068 recognition=0.002793 understanding=0.015769 dialogue_management=0.009774 pipeline_wall=1.592812 turn_observed=39.948686
[06:42:57] PHASE turn=13 speaker=Agent A phase=NLG duration_sec=57.35218143463135
[06:42:57] PHASE turn=13 speaker=Agent A phase=TTS duration_sec=0.854456
[06:42:57] PHASE turn=13 speaker=Agent A phase=ASR duration_sec=0.002824
[06:42:57] SYSTEM telemetry.speech
[06:42:57] SYSTEM telemetry.timing
[06:42:57] TIMING turn=13 speaker=Agent A generation=57.352181 synthesis=0.854456 audio=5.768 recognition=0.002824 understanding=None dialogue_management=None pipeline_wall=0.857891 turn_observed=63.120181
[06:42:57] MEMORY turn=13 reason=agent_a_reply changed=Agent A,Agent B
[06:42:57] STEP turn=None speaker=Agent A route_valid=- route_goal=- route=-
[06:43:31] PHASE turn=14 speaker=Agent B phase=NLG duration_sec=32.275981426239014
[06:43:31] PHASE turn=14 speaker=Agent B phase=TTS duration_sec=1.715937
[06:43:31] PHASE turn=14 speaker=Agent B phase=ASR duration_sec=0.003391
[06:43:31] SYSTEM telemetry.speech
[06:43:31] SYSTEM telemetry.timing
[06:43:31] MEMORY turn=14 reason=agent_b_reply changed=Agent A,Agent B
[06:43:31] STEP turn=None speaker=Agent B route_valid=- route_goal=- route=-
[06:43:31] PHASE turn=14 speaker=Agent B phase=NLU duration_sec=0.020127
[06:43:31] SYSTEM telemetry.nlu
[06:43:31] SYSTEM warning
[06:43:31] SYSTEM candidate
[06:43:31] PHASE turn=14 speaker=Agent B phase=DM duration_sec=0.00422135996632278
[06:43:31] TIMING turn=14 speaker=Agent B generation=32.275981 synthesis=1.715937 audio=10.0 recognition=0.003391 understanding=0.020127 dialogue_management=0.004221 pipeline_wall=1.719979 turn_observed=42.30033
[06:44:30] PHASE turn=15 speaker=Agent A phase=NLG duration_sec=57.20428276062012
[06:44:30] PHASE turn=15 speaker=Agent A phase=TTS duration_sec=1.487236
[06:44:30] PHASE turn=15 speaker=Agent A phase=ASR duration_sec=0.002482
[06:44:30] SYSTEM telemetry.speech
[06:44:30] SYSTEM telemetry.timing
[06:44:30] TIMING turn=15 speaker=Agent A generation=57.204283 synthesis=1.487236 audio=10.0 recognition=0.002482 understanding=None dialogue_management=None pipeline_wall=1.490309 turn_observed=67.204283
[06:44:30] MEMORY turn=15 reason=agent_a_reply changed=Agent A,Agent B
[06:44:30] STEP turn=None speaker=Agent A route_valid=- route_goal=- route=-
[06:44:30] SYSTEM route
[06:45:07] PHASE turn=16 speaker=Agent B phase=NLG duration_sec=34.921489238739014
[06:45:07] PHASE turn=16 speaker=Agent B phase=TTS duration_sec=1.592773
[06:45:07] PHASE turn=16 speaker=Agent B phase=ASR duration_sec=0.002628
[06:45:07] SYSTEM telemetry.speech
[06:45:07] SYSTEM telemetry.timing
[06:45:07] MEMORY turn=16 reason=agent_b_reply changed=Agent A,Agent B
[06:45:07] STEP turn=None speaker=Agent B route_valid=- route_goal=- route=-
[06:45:07] PHASE turn=16 speaker=Agent B phase=NLU duration_sec=0.015605
[06:45:07] SYSTEM telemetry.nlu
[06:45:07] SYSTEM warning
[06:45:07] SYSTEM candidate
[06:45:07] PHASE turn=16 speaker=Agent B phase=DM duration_sec=0.011581370839849114
[06:45:07] TIMING turn=16 speaker=Agent B generation=34.921489 synthesis=1.592773 audio=9.068 recognition=0.002628 understanding=0.015605 dialogue_management=0.011581 pipeline_wall=1.595944 turn_observed=44.016676
[06:45:07] SYSTEM metrics
[06:45:07] SYSTEM done
[06:45:07] SEGMENT batch.condition.end status=ok duration=400.078201 seconds
[06:45:07] SESSION END batch-C-CEE-AR-SC-PIP-FWH-QQ515-PSS-MED-I0-b65764cd8c-T
