=== batch-c-mt-dst-hesit-pip-vos-qq57i-defau-lrg-i0-df6dd8aa9b-t-20260714-075739.log | sha256=89ee0a8a502c00ee68046ef7106666ca1cb9793b11388221bb66a6af692c897c ===
[07:57:39] SESSION START batch-C-MT-DST-HESIT-PIP-VOS-QQ57I-DEFAU-LRG-I0-df6dd8aa9b-T
[07:57:39] SEGMENT batch.condition.start status=ok duration=None seconds
[07:57:39] SYSTEM timer.start
[07:57:40] PHASE turn=1 speaker=Agent A phase=NLG duration_sec=0.0
[07:57:40] PHASE turn=1 speaker=Agent A phase=TTS duration_sec=0.535762
[07:57:40] PHASE turn=1 speaker=Agent A phase=ASR duration_sec=0.027777
[07:57:40] SYSTEM telemetry.speech
[07:57:40] MEMORY turn=1 reason=opening changed=Agent A,Agent B
[07:57:40] STEP turn=None speaker=Agent A route_valid=- route_goal=- route=-
[07:57:40] SYSTEM telemetry.timing
[07:57:40] TIMING turn=1 speaker=Agent A generation=0.0 synthesis=0.535762 audio=11.467 recognition=0.027777 understanding=None dialogue_management=None pipeline_wall=0.564161 turn_observed=11.467
[08:02:29] PHASE turn=2 speaker=Agent B phase=NLG duration_sec=288.40699338912964
[08:02:29] PHASE turn=2 speaker=Agent B phase=TTS duration_sec=0.83187
[08:02:29] PHASE turn=2 speaker=Agent B phase=ASR duration_sec=0.019761
[08:02:29] SYSTEM telemetry.speech
[08:02:29] SYSTEM telemetry.timing
[08:02:29] MEMORY turn=2 reason=agent_b_reply changed=Agent A,Agent B
[08:02:29] STEP turn=None speaker=Agent B route_valid=- route_goal=- route=-
[08:02:29] PHASE turn=2 speaker=Agent B phase=NLU duration_sec=0.002148
[08:02:29] SYSTEM telemetry.nlu
[08:02:29] SYSTEM route
[08:02:29] SYSTEM candidate
[08:02:29] PHASE turn=2 speaker=Agent B phase=DM duration_sec=0.0027623074129223824
[08:02:29] TIMING turn=2 speaker=Agent B generation=288.406993 synthesis=0.83187 audio=9.134 recognition=0.019761 understanding=0.002148 dialogue_management=0.002762 pipeline_wall=0.852076 turn_observed=297.545903
[08:02:50] PHASE turn=3 speaker=Agent A phase=NLG duration_sec=19.676626682281494
[08:02:50] PHASE turn=3 speaker=Agent A phase=TTS duration_sec=0.675932
[08:02:50] PHASE turn=3 speaker=Agent A phase=ASR duration_sec=0.015811
[08:02:50] SYSTEM telemetry.speech
[08:02:50] SYSTEM telemetry.timing
[08:02:50] TIMING turn=3 speaker=Agent A generation=19.676627 synthesis=0.675932 audio=6.879 recognition=0.015811 understanding=None dialogue_management=None pipeline_wall=0.692565 turn_observed=26.555627
[08:02:50] MEMORY turn=3 reason=agent_a_reply changed=Agent A,Agent B
[08:02:50] STEP turn=None speaker=Agent A route_valid=- route_goal=- route=-
[08:08:08] PHASE turn=4 speaker=Agent B phase=NLG duration_sec=317.1758267879486
[08:08:08] PHASE turn=4 speaker=Agent B phase=TTS duration_sec=0.869627
[08:08:08] PHASE turn=4 speaker=Agent B phase=ASR duration_sec=0.018951
[08:08:08] SYSTEM telemetry.speech
[08:08:08] SYSTEM telemetry.timing
[08:08:08] MEMORY turn=4 reason=agent_b_reply changed=Agent A,Agent B
[08:08:08] STEP turn=None speaker=Agent B route_valid=- route_goal=- route=-
[08:08:08] PHASE turn=4 speaker=Agent B phase=NLU duration_sec=0.007154
[08:08:08] SYSTEM telemetry.nlu
[08:08:08] SYSTEM candidate
[08:08:08] PHASE turn=4 speaker=Agent B phase=DM duration_sec=0.003058479167521
[08:08:08] TIMING turn=4 speaker=Agent B generation=317.175827 synthesis=0.869627 audio=9.512 recognition=0.018951 understanding=0.007154 dialogue_management=0.003058 pipeline_wall=0.888945 turn_observed=326.698039
[08:08:29] PHASE turn=5 speaker=Agent A phase=NLG duration_sec=20.8983051776886
[08:08:29] PHASE turn=5 speaker=Agent A phase=TTS duration_sec=0.469131
[08:08:29] PHASE turn=5 speaker=Agent A phase=ASR duration_sec=0.01419
[08:08:29] SYSTEM telemetry.speech
[08:08:29] SYSTEM telemetry.timing
[08:08:29] TIMING turn=5 speaker=Agent A generation=20.898305 synthesis=0.469131 audio=5.355 recognition=0.01419 understanding=None dialogue_management=None pipeline_wall=0.483681 turn_observed=26.253305
[08:08:29] MEMORY turn=5 reason=agent_a_reply changed=Agent A,Agent B
[08:08:29] STEP turn=None speaker=Agent A route_valid=- route_goal=- route=-
[08:14:14] PHASE turn=6 speaker=Agent B phase=NLG duration_sec=343.893043756485
[08:14:14] PHASE turn=6 speaker=Agent B phase=TTS duration_sec=0.743228
[08:14:14] PHASE turn=6 speaker=Agent B phase=ASR duration_sec=0.019546
[08:14:14] SYSTEM telemetry.speech
[08:14:14] SYSTEM telemetry.timing
[08:14:14] MEMORY turn=6 reason=agent_b_reply changed=Agent A,Agent B
[08:14:14] STEP turn=None speaker=Agent B route_valid=- route_goal=- route=-
[08:14:14] PHASE turn=6 speaker=Agent B phase=NLU duration_sec=0.006104
[08:14:14] SYSTEM telemetry.nlu
[08:14:14] SYSTEM warning
[08:14:14] SYSTEM candidate
[08:14:14] PHASE turn=6 speaker=Agent B phase=DM duration_sec=0.0014644814655184746
[08:14:14] TIMING turn=6 speaker=Agent B generation=343.893044 synthesis=0.743228 audio=8.204 recognition=0.019546 understanding=0.006104 dialogue_management=0.001464 pipeline_wall=0.763123 turn_observed=352.104612
[08:14:37] PHASE turn=7 speaker=Agent A phase=NLG duration_sec=22.237289667129517
[08:14:37] PHASE turn=7 speaker=Agent A phase=TTS duration_sec=0.592927
[08:14:37] PHASE turn=7 speaker=Agent A phase=ASR duration_sec=0.012866
[08:14:37] SYSTEM telemetry.speech
[08:14:37] SYSTEM telemetry.timing
[08:14:37] TIMING turn=7 speaker=Agent A generation=22.23729 synthesis=0.592927 audio=6.492 recognition=0.012866 understanding=None dialogue_management=None pipeline_wall=0.606156 turn_observed=28.72929
[08:14:37] MEMORY turn=7 reason=agent_a_reply changed=Agent A,Agent B
[08:14:37] STEP turn=None speaker=Agent A route_valid=- route_goal=- route=-
[08:20:41] PHASE turn=8 speaker=Agent B phase=NLG duration_sec=363.32700538635254
[08:20:41] PHASE turn=8 speaker=Agent B phase=TTS duration_sec=1.015691
[08:20:41] PHASE turn=8 speaker=Agent B phase=ASR duration_sec=0.020481
[08:20:41] SYSTEM telemetry.speech
[08:20:41] SYSTEM telemetry.timing
[08:20:41] MEMORY turn=8 reason=agent_b_reply changed=Agent A,Agent B
[08:20:41] STEP turn=None speaker=Agent B route_valid=- route_goal=- route=-
[08:20:41] PHASE turn=8 speaker=Agent B phase=NLU duration_sec=0.006142
[08:20:41] SYSTEM telemetry.nlu
[08:20:41] SYSTEM warning
[08:20:41] SYSTEM candidate
[08:20:41] PHASE turn=8 speaker=Agent B phase=DM duration_sec=0.0015178509056568146
[08:20:41] TIMING turn=8 speaker=Agent B generation=363.327005 synthesis=1.015691 audio=10.999 recognition=0.020481 understanding=0.006142 dialogue_management=0.001518 pipeline_wall=1.036565 turn_observed=374.333665
[08:21:06] PHASE turn=9 speaker=Agent A phase=NLG duration_sec=24.392600536346436
[08:21:06] PHASE turn=9 speaker=Agent A phase=TTS duration_sec=0.726252
[08:21:06] PHASE turn=9 speaker=Agent A phase=ASR duration_sec=0.011436
[08:21:06] SYSTEM telemetry.speech
[08:21:06] SYSTEM telemetry.timing
[08:21:06] TIMING turn=9 speaker=Agent A generation=24.392601 synthesis=0.726252 audio=7.785 recognition=0.011436 understanding=None dialogue_management=None pipeline_wall=0.738059 turn_observed=32.177601
[08:21:06] MEMORY turn=9 reason=agent_a_reply changed=Agent A,Agent B
[08:21:06] STEP turn=None speaker=Agent A route_valid=- route_goal=- route=-
[08:21:06] SYSTEM metrics
[08:21:06] SYSTEM done
[08:21:06] SEGMENT batch.condition.end status=ok duration=1406.861099 seconds
[08:21:06] SESSION END batch-C-MT-DST-HESIT-PIP-VOS-QQ57I-DEFAU-LRG-I0-df6dd8aa9b-T
