=== batch-c-mde-dst-hesit-pip-fwh-qq515-pap-med-i0-76c81b8025-a-20260713-131201.log | sha256=4a75dbb1998580255ab9f1aad9631f91ac75a1b6665dbd9131a3e056f8ab74c8 ===
[13:12:01] SESSION START batch-C-MDE-DST-HESIT-PIP-FWH-QQ515-PAP-MED-I0-76c81b8025-A
[13:12:01] SEGMENT batch.condition.start status=ok duration=None seconds
[13:12:01] SYSTEM timer.start
[13:12:21] PHASE turn=1 speaker=Agent A phase=NLG duration_sec=0.0
[13:12:21] PHASE turn=1 speaker=Agent A phase=TTS duration_sec=10.324218
[13:12:21] PHASE turn=1 speaker=Agent A phase=ASR duration_sec=6.895086
[13:12:21] SYSTEM telemetry.speech
[13:12:21] MEMORY turn=1 reason=opening changed=Agent A,Agent B
[13:12:21] STEP turn=None speaker=Agent A route_valid=- route_goal=- route=-
[13:12:21] SYSTEM telemetry.timing
[13:12:21] TIMING turn=1 speaker=Agent A generation=0.0 synthesis=10.324218 audio=12.786 recognition=6.895086 understanding=None dialogue_management=None pipeline_wall=19.803612 turn_observed=19.803722
[13:13:03] PHASE turn=2 speaker=Agent B phase=NLG duration_sec=28.05873417854309
[13:13:03] PHASE turn=2 speaker=Agent B phase=TTS duration_sec=7.795692
[13:13:03] PHASE turn=2 speaker=Agent B phase=ASR duration_sec=3.966976
[13:13:03] SYSTEM telemetry.speech
[13:13:03] SYSTEM telemetry.timing
[13:13:03] MEMORY turn=2 reason=agent_b_reply changed=Agent A,Agent B
[13:13:03] STEP turn=None speaker=Agent B route_valid=- route_goal=- route=-
[13:13:03] PHASE turn=2 speaker=Agent B phase=NLU duration_sec=0.00297
[13:13:03] SYSTEM telemetry.nlu
[13:13:03] SYSTEM route
[13:13:03] SYSTEM candidate
[13:13:03] PHASE turn=2 speaker=Agent B phase=DM duration_sec=0.004845733987167478
[13:13:03] TIMING turn=2 speaker=Agent B generation=28.058734 synthesis=7.795692 audio=7.257 recognition=3.966976 understanding=0.00297 dialogue_management=0.004846 pipeline_wall=13.761306 turn_observed=41.82794
[13:13:12] PHASE turn=3 speaker=Agent A phase=NLG duration_sec=0.008252382278442383
[13:13:12] PHASE turn=3 speaker=Agent A phase=TTS duration_sec=4.558968
[13:13:12] PHASE turn=3 speaker=Agent A phase=ASR duration_sec=2.959049
[13:13:12] SYSTEM telemetry.speech
[13:13:12] SYSTEM telemetry.timing
[13:13:12] TIMING turn=3 speaker=Agent A generation=0.008252 synthesis=4.558968 audio=6.492 recognition=2.959049 understanding=None dialogue_management=None pipeline_wall=9.242699 turn_observed=9.251014
[13:13:12] MEMORY turn=3 reason=agent_a_reply changed=Agent A,Agent B
[13:13:12] STEP turn=None speaker=Agent A route_valid=- route_goal=- route=-
[13:13:50] PHASE turn=4 speaker=Agent B phase=NLG duration_sec=25.261829376220703
[13:13:50] PHASE turn=4 speaker=Agent B phase=TTS duration_sec=7.508909
[13:13:50] PHASE turn=4 speaker=Agent B phase=ASR duration_sec=3.253962
[13:13:50] SYSTEM telemetry.speech
[13:13:50] SYSTEM telemetry.timing
[13:13:50] MEMORY turn=4 reason=agent_b_reply changed=Agent A,Agent B
[13:13:50] STEP turn=None speaker=Agent B route_valid=- route_goal=- route=-
[13:13:50] PHASE turn=4 speaker=Agent B phase=NLU duration_sec=0.000394
[13:13:50] SYSTEM telemetry.nlu
[13:13:50] PHASE turn=4 speaker=Agent B phase=DM duration_sec=0.00010653887875378132
[13:13:50] TIMING turn=4 speaker=Agent B generation=25.261829 synthesis=7.508909 audio=6.381 recognition=3.253962 understanding=0.000394 dialogue_management=0.000107 pipeline_wall=12.554737 turn_observed=37.817128
[13:13:56] PHASE turn=5 speaker=Agent A phase=NLG duration_sec=0.03180217742919922
[13:13:56] PHASE turn=5 speaker=Agent A phase=TTS duration_sec=2.759971
[13:13:56] PHASE turn=5 speaker=Agent A phase=ASR duration_sec=2.536808
[13:13:56] SYSTEM telemetry.speech
[13:13:56] SYSTEM telemetry.timing
[13:13:56] TIMING turn=5 speaker=Agent A generation=0.031802 synthesis=2.759971 audio=2.702 recognition=2.536808 understanding=None dialogue_management=None pipeline_wall=5.833745 turn_observed=5.865617
[13:13:56] MEMORY turn=5 reason=agent_a_reply changed=Agent A,Agent B
[13:13:56] STEP turn=None speaker=Agent A route_valid=- route_goal=- route=-
[13:14:02] PHASE turn=6 speaker=Agent B phase=NLG duration_sec=0.19478797912597656
[13:14:02] PHASE turn=6 speaker=Agent B phase=TTS duration_sec=2.600083
[13:14:02] PHASE turn=6 speaker=Agent B phase=ASR duration_sec=2.548869
[13:14:02] SYSTEM telemetry.speech
[13:14:02] SYSTEM telemetry.timing
[13:14:02] MEMORY turn=6 reason=agent_b_reply changed=Agent A,Agent B
[13:14:02] STEP turn=None speaker=Agent B route_valid=- route_goal=- route=-
[13:14:02] PHASE turn=6 speaker=Agent B phase=NLU duration_sec=8e-06
[13:14:02] PHASE turn=6 speaker=Agent B phase=DM duration_sec=0.00010194815695285797
[13:14:02] TIMING turn=6 speaker=Agent B generation=0.194788 synthesis=2.600083 audio=2.434 recognition=2.548869 understanding=8e-06 dialogue_management=0.000102 pipeline_wall=5.785745 turn_observed=5.980712
[13:14:13] PHASE turn=7 speaker=Agent A phase=NLG duration_sec=0.011891365051269531
[13:14:13] PHASE turn=7 speaker=Agent A phase=TTS duration_sec=5.254255
[13:14:13] PHASE turn=7 speaker=Agent A phase=ASR duration_sec=3.511086
[13:14:13] SYSTEM telemetry.speech
[13:14:13] SYSTEM telemetry.timing
[13:14:13] TIMING turn=7 speaker=Agent A generation=0.011891 synthesis=5.254255 audio=8.378 recognition=3.511086 understanding=None dialogue_management=None pipeline_wall=10.578444 turn_observed=10.590398
[13:14:13] MEMORY turn=7 reason=agent_a_reply changed=Agent A,Agent B
[13:14:13] STEP turn=None speaker=Agent A route_valid=- route_goal=- route=-
[13:14:50] PHASE turn=8 speaker=Agent B phase=NLG duration_sec=27.3253173828125
[13:14:50] PHASE turn=8 speaker=Agent B phase=TTS duration_sec=4.323633
[13:14:50] PHASE turn=8 speaker=Agent B phase=ASR duration_sec=3.66717
[13:14:50] SYSTEM telemetry.speech
[13:14:50] SYSTEM telemetry.timing
[13:14:50] MEMORY turn=8 reason=agent_b_reply changed=Agent A,Agent B
[13:14:50] STEP turn=None speaker=Agent B route_valid=- route_goal=- route=-
[13:14:50] PHASE turn=8 speaker=Agent B phase=NLU duration_sec=0.00041
[13:14:50] SYSTEM telemetry.nlu
[13:14:50] PHASE turn=8 speaker=Agent B phase=DM duration_sec=0.00010388810187578201
[13:14:50] TIMING turn=8 speaker=Agent B generation=27.325317 synthesis=4.323633 audio=7.535 recognition=3.66717 understanding=0.00041 dialogue_management=0.000104 pipeline_wall=10.120511 turn_observed=37.446411
[13:14:59] PHASE turn=9 speaker=Agent A phase=NLG duration_sec=0.029540300369262695
[13:14:59] PHASE turn=9 speaker=Agent A phase=TTS duration_sec=4.747293
[13:14:59] PHASE turn=9 speaker=Agent A phase=ASR duration_sec=2.916454
[13:14:59] SYSTEM telemetry.speech
[13:14:59] SYSTEM telemetry.timing
[13:14:59] TIMING turn=9 speaker=Agent A generation=0.02954 synthesis=4.747293 audio=7.422 recognition=2.916454 understanding=None dialogue_management=None pipeline_wall=9.295465 turn_observed=9.325063
[13:14:59] MEMORY turn=9 reason=agent_a_reply changed=Agent A,Agent B
[13:14:59] STEP turn=None speaker=Agent A route_valid=- route_goal=- route=-
[13:15:38] PHASE turn=10 speaker=Agent B phase=NLG duration_sec=28.806567907333374
[13:15:38] PHASE turn=10 speaker=Agent B phase=TTS duration_sec=4.812369
[13:15:38] PHASE turn=10 speaker=Agent B phase=ASR duration_sec=3.433206
[13:15:38] SYSTEM telemetry.speech
[13:15:38] SYSTEM telemetry.timing
[13:15:38] MEMORY turn=10 reason=agent_b_reply changed=Agent A
[13:15:38] STEP turn=None speaker=Agent B route_valid=- route_goal=- route=-
[13:15:38] PHASE turn=10 speaker=Agent B phase=NLU duration_sec=0.000395
[13:15:38] SYSTEM telemetry.nlu
[13:15:38] PHASE turn=10 speaker=Agent B phase=DM duration_sec=0.00010231812484562397
[13:15:38] TIMING turn=10 speaker=Agent B generation=28.806568 synthesis=4.812369 audio=6.381 recognition=3.433206 understanding=0.000395 dialogue_management=0.000102 pipeline_wall=10.086322 turn_observed=38.893455
[13:15:48] PHASE turn=11 speaker=Agent A phase=NLG duration_sec=0.028098106384277344
[13:15:48] PHASE turn=11 speaker=Agent A phase=TTS duration_sec=4.653003
[13:15:48] PHASE turn=11 speaker=Agent A phase=ASR duration_sec=2.934993
[13:15:48] SYSTEM telemetry.speech
[13:15:48] SYSTEM telemetry.timing
[13:15:48] TIMING turn=11 speaker=Agent A generation=0.028098 synthesis=4.653003 audio=5.997 recognition=2.934993 understanding=None dialogue_management=None pipeline_wall=9.205475 turn_observed=9.233638
[13:15:48] MEMORY turn=11 reason=agent_a_reply changed=Agent A,Agent B
[13:15:48] STEP turn=None speaker=Agent A route_valid=- route_goal=- route=-
[13:15:48] SYSTEM metrics
[13:15:48] SYSTEM done
[13:15:48] SEGMENT batch.condition.end status=ok duration=226.256171 seconds
[13:15:48] SESSION END batch-C-MDE-DST-HESIT-PIP-FWH-QQ515-PAP-MED-I0-76c81b8025-A
