=== batch-c-mpcc-car-hesit-pip-vos-q05-defau-sml-i0-a8ae7ee0bb-t-20260710-214216.log | sha256=d54b7f8ee89d8ab7b27b472928211caa0eca65553da31af2be9592fd798594ce ===
[21:42:16] SESSION START batch-C-MPCC-CAR-HESIT-PIP-VOS-Q05-DEFAU-SML-I0-a8ae7ee0bb-T
[21:42:16] SEGMENT batch.condition.start status=ok duration=None seconds
[21:42:16] SYSTEM timer.start
[21:42:17] PHASE turn=1 speaker=Agent A phase=NLG duration_sec=0.0
[21:42:17] PHASE turn=1 speaker=Agent A phase=TTS duration_sec=1.186721
[21:42:17] PHASE turn=1 speaker=Agent A phase=ASR duration_sec=0.055342
[21:42:17] SYSTEM telemetry.speech
[21:42:17] MEMORY turn=1 reason=opening changed=Agent A,Agent B
[21:42:17] STEP turn=None speaker=Agent A route_valid=- route_goal=- route=-
[21:42:17] SYSTEM telemetry.timing
[21:42:17] TIMING turn=1 speaker=Agent A generation=0.0 synthesis=1.186721 audio=12.423 recognition=0.055342 understanding=None dialogue_management=None pipeline_wall=1.243437 turn_observed=12.423
[21:42:43] PHASE turn=2 speaker=Agent B phase=NLG duration_sec=24.409555673599243
[21:42:43] PHASE turn=2 speaker=Agent B phase=TTS duration_sec=1.41622
[21:42:43] PHASE turn=2 speaker=Agent B phase=ASR duration_sec=0.03086
[21:42:43] SYSTEM telemetry.speech
[21:42:43] SYSTEM telemetry.timing
[21:42:43] MEMORY turn=2 reason=agent_b_reply changed=Agent A,Agent B
[21:42:43] STEP turn=None speaker=Agent B route_valid=- route_goal=- route=-
[21:42:43] PHASE turn=2 speaker=Agent B phase=NLU duration_sec=0.001788
[21:42:43] SYSTEM telemetry.nlu
[21:42:43] SYSTEM route
[21:42:43] SYSTEM candidate
[21:42:43] PHASE turn=2 speaker=Agent B phase=DM duration_sec=0.006712820031680167
[21:42:43] TIMING turn=2 speaker=Agent B generation=24.409556 synthesis=1.41622 audio=6.924 recognition=0.03086 understanding=0.001788 dialogue_management=0.006713 pipeline_wall=1.447678 turn_observed=31.342057
[21:43:54] PHASE turn=3 speaker=Agent A phase=NLG duration_sec=69.52201271057129
[21:43:54] PHASE turn=3 speaker=Agent A phase=TTS duration_sec=1.21933
[21:43:54] PHASE turn=3 speaker=Agent A phase=ASR duration_sec=0.041065
[21:43:54] SYSTEM telemetry.speech
[21:43:54] SYSTEM telemetry.timing
[21:43:54] TIMING turn=3 speaker=Agent A generation=69.522013 synthesis=1.21933 audio=8.609 recognition=0.041065 understanding=None dialogue_management=None pipeline_wall=1.260867 turn_observed=78.131013
[21:43:54] MEMORY turn=3 reason=agent_a_reply changed=Agent A,Agent B
[21:43:54] STEP turn=None speaker=Agent A route_valid=- route_goal=- route=-
[21:44:11] PHASE turn=4 speaker=Agent B phase=NLG duration_sec=15.12794542312622
[21:44:11] PHASE turn=4 speaker=Agent B phase=TTS duration_sec=1.86832
[21:44:11] PHASE turn=4 speaker=Agent B phase=ASR duration_sec=0.039991
[21:44:11] SYSTEM telemetry.speech
[21:44:11] SYSTEM telemetry.timing
[21:44:11] MEMORY turn=4 reason=agent_b_reply changed=Agent A,Agent B
[21:44:11] STEP turn=None speaker=Agent B route_valid=- route_goal=- route=-
[21:44:11] PHASE turn=4 speaker=Agent B phase=NLU duration_sec=0.003253
[21:44:11] SYSTEM telemetry.nlu
[21:44:11] SYSTEM candidate
[21:44:11] PHASE turn=4 speaker=Agent B phase=DM duration_sec=0.00652910303324461
[21:44:11] TIMING turn=4 speaker=Agent B generation=15.127945 synthesis=1.86832 audio=9.955 recognition=0.039991 understanding=0.003253 dialogue_management=0.006529 pipeline_wall=1.909778 turn_observed=25.092727
[21:45:24] PHASE turn=5 speaker=Agent A phase=NLG duration_sec=71.94225025177002
[21:45:24] PHASE turn=5 speaker=Agent A phase=TTS duration_sec=1.090525
[21:45:24] PHASE turn=5 speaker=Agent A phase=ASR duration_sec=0.031126
[21:45:24] SYSTEM telemetry.speech
[21:45:24] SYSTEM telemetry.timing
[21:45:24] TIMING turn=5 speaker=Agent A generation=71.94225 synthesis=1.090525 audio=5.923 recognition=0.031126 understanding=None dialogue_management=None pipeline_wall=1.122336 turn_observed=77.86525
[21:45:24] MEMORY turn=5 reason=agent_a_reply changed=Agent A,Agent B
[21:45:24] STEP turn=None speaker=Agent A route_valid=- route_goal=- route=-
[21:45:41] PHASE turn=6 speaker=Agent B phase=NLG duration_sec=15.33311653137207
[21:45:41] PHASE turn=6 speaker=Agent B phase=TTS duration_sec=2.040204
[21:45:41] PHASE turn=6 speaker=Agent B phase=ASR duration_sec=0.04749
[21:45:41] SYSTEM telemetry.speech
[21:45:41] SYSTEM telemetry.timing
[21:45:41] MEMORY turn=6 reason=agent_b_reply changed=Agent A,Agent B
[21:45:41] STEP turn=None speaker=Agent B route_valid=- route_goal=- route=-
[21:45:41] PHASE turn=6 speaker=Agent B phase=NLU duration_sec=0.002767
[21:45:41] SYSTEM telemetry.nlu
[21:45:41] SYSTEM candidate
[21:45:41] PHASE turn=6 speaker=Agent B phase=DM duration_sec=0.011293987976387143
[21:45:41] TIMING turn=6 speaker=Agent B generation=15.333117 synthesis=2.040204 audio=11.081 recognition=0.04749 understanding=0.002767 dialogue_management=0.011294 pipeline_wall=2.088511 turn_observed=26.428178
[21:47:00] PHASE turn=7 speaker=Agent A phase=NLG duration_sec=76.96250748634338
[21:47:00] PHASE turn=7 speaker=Agent A phase=TTS duration_sec=1.342207
[21:47:00] PHASE turn=7 speaker=Agent A phase=ASR duration_sec=0.038481
[21:47:00] SYSTEM telemetry.speech
[21:47:00] SYSTEM telemetry.timing
[21:47:00] TIMING turn=7 speaker=Agent A generation=76.962507 synthesis=1.342207 audio=7.266 recognition=0.038481 understanding=None dialogue_management=None pipeline_wall=1.38153 turn_observed=84.228507
[21:47:00] MEMORY turn=7 reason=agent_a_reply changed=Agent A,Agent B
[21:47:00] STEP turn=None speaker=Agent A route_valid=- route_goal=- route=-
[21:47:17] PHASE turn=8 speaker=Agent B phase=NLG duration_sec=15.21298861503601
[21:47:17] PHASE turn=8 speaker=Agent B phase=TTS duration_sec=1.776507
[21:47:17] PHASE turn=8 speaker=Agent B phase=ASR duration_sec=0.044713
[21:47:17] SYSTEM telemetry.speech
[21:47:17] SYSTEM telemetry.timing
[21:47:17] MEMORY turn=8 reason=agent_b_reply changed=Agent A,Agent B
[21:47:17] STEP turn=None speaker=Agent B route_valid=- route_goal=- route=-
[21:47:17] PHASE turn=8 speaker=Agent B phase=NLU duration_sec=0.003713
[21:47:17] SYSTEM telemetry.nlu
[21:47:17] SYSTEM candidate
[21:47:17] PHASE turn=8 speaker=Agent B phase=DM duration_sec=0.008877297979779541
[21:47:17] TIMING turn=8 speaker=Agent B generation=15.212989 synthesis=1.776507 audio=10.666 recognition=0.044713 understanding=0.003713 dialogue_management=0.008877 pipeline_wall=1.822117 turn_observed=25.891579
[21:48:39] PHASE turn=9 speaker=Agent A phase=NLG duration_sec=80.87296199798584
[21:48:39] PHASE turn=9 speaker=Agent A phase=TTS duration_sec=0.962594
[21:48:39] PHASE turn=9 speaker=Agent A phase=ASR duration_sec=0.027238
[21:48:39] SYSTEM telemetry.speech
[21:48:39] SYSTEM telemetry.timing
[21:48:39] TIMING turn=9 speaker=Agent A generation=80.872962 synthesis=0.962594 audio=5.281 recognition=0.027238 understanding=None dialogue_management=None pipeline_wall=0.990622 turn_observed=86.153962
[21:48:39] MEMORY turn=9 reason=agent_a_reply changed=Agent A,Agent B
[21:48:39] STEP turn=None speaker=Agent A route_valid=- route_goal=- route=-
[21:48:39] SYSTEM metrics
[21:48:39] SYSTEM done
[21:48:39] SEGMENT batch.condition.end status=ok duration=382.867085 seconds
[21:48:39] SESSION END batch-C-MPCC-CAR-HESIT-PIP-VOS-Q05-DEFAU-SML-I0-a8ae7ee0bb-T
