=== batch-c-ac-ran-clean-pip-fwh-mp3m4-pap-med-i0-f76088615d-a-20260713-214832.log | sha256=1e6f65c2eb346bc89c93e649bd40c918b7a5870c0eb77df8d00d4bcdf22c0411 ===
[21:48:32] SESSION START batch-C-AC-RAN-CLEAN-PIP-FWH-MP3M4-PAP-MED-I0-f76088615d-A
[21:48:32] SEGMENT batch.condition.start status=ok duration=None seconds
[21:48:32] SYSTEM timer.start
[21:48:56] PHASE turn=1 speaker=Agent A phase=NLG duration_sec=0.0
[21:48:56] PHASE turn=1 speaker=Agent A phase=TTS duration_sec=5.641215
[21:48:56] PHASE turn=1 speaker=Agent A phase=ASR duration_sec=18.138487
[21:48:56] SYSTEM telemetry.speech
[21:48:56] MEMORY turn=1 reason=opening changed=Agent A,Agent B
[21:48:56] STEP turn=None speaker=Agent A route_valid=- route_goal=- route=-
[21:48:56] SYSTEM telemetry.timing
[21:48:56] TIMING turn=1 speaker=Agent A generation=0.0 synthesis=5.641215 audio=11.463 recognition=18.138487 understanding=None dialogue_management=None pipeline_wall=23.78214 turn_observed=23.78225
[21:53:45] PHASE turn=2 speaker=Agent B phase=NLG duration_sec=269.6028141975403
[21:53:45] PHASE turn=2 speaker=Agent B phase=TTS duration_sec=3.237501
[21:53:45] PHASE turn=2 speaker=Agent B phase=ASR duration_sec=16.63483
[21:53:45] SYSTEM telemetry.speech
[21:53:45] SYSTEM telemetry.timing
[21:53:45] MEMORY turn=2 reason=agent_b_reply changed=Agent A,Agent B
[21:53:45] STEP turn=None speaker=Agent B route_valid=- route_goal=- route=-
[21:53:46] PHASE turn=2 speaker=Agent B phase=NLU duration_sec=0.002387
[21:53:46] SYSTEM telemetry.nlu
[21:53:46] SYSTEM route
[21:53:46] SYSTEM candidate
[21:53:46] PHASE turn=2 speaker=Agent B phase=DM duration_sec=0.009551960043609142
[21:53:46] TIMING turn=2 speaker=Agent B generation=269.602814 synthesis=3.237501 audio=11.925 recognition=16.63483 understanding=0.002387 dialogue_management=0.009552 pipeline_wall=19.873075 turn_observed=289.487955
[21:58:34] PHASE turn=3 speaker=Agent A phase=NLG duration_sec=274.85419845581055
[21:58:34] PHASE turn=3 speaker=Agent A phase=TTS duration_sec=1.597615
[21:58:34] PHASE turn=3 speaker=Agent A phase=ASR duration_sec=12.012209
[21:58:34] SYSTEM telemetry.speech
[21:58:34] SYSTEM telemetry.timing
[21:58:34] TIMING turn=3 speaker=Agent A generation=274.854198 synthesis=1.597615 audio=7.961 recognition=12.012209 understanding=None dialogue_management=None pipeline_wall=13.61064 turn_observed=288.464935
[21:58:34] MEMORY turn=3 reason=agent_a_reply changed=Agent A,Agent B
[21:58:34] STEP turn=None speaker=Agent A route_valid=- route_goal=- route=-
[22:03:55] PHASE turn=4 speaker=Agent B phase=NLG duration_sec=304.0383265018463
[22:03:55] PHASE turn=4 speaker=Agent B phase=TTS duration_sec=2.836247
[22:03:55] PHASE turn=4 speaker=Agent B phase=ASR duration_sec=13.814291
[22:03:55] SYSTEM telemetry.speech
[22:03:55] SYSTEM telemetry.timing
[22:03:55] MEMORY turn=4 reason=agent_b_reply changed=Agent A,Agent B
[22:03:55] STEP turn=None speaker=Agent B route_valid=- route_goal=- route=-
[22:03:55] PHASE turn=4 speaker=Agent B phase=NLU duration_sec=0.001896
[22:03:55] SYSTEM telemetry.nlu
[22:03:55] SYSTEM candidate
[22:03:55] PHASE turn=4 speaker=Agent B phase=DM duration_sec=0.01103550661355257
[22:03:55] TIMING turn=4 speaker=Agent B generation=304.038327 synthesis=2.836247 audio=9.03 recognition=13.814291 understanding=0.001896 dialogue_management=0.011036 pipeline_wall=16.651275 turn_observed=320.702647
[22:07:27] PHASE turn=5 speaker=Agent A phase=NLG duration_sec=198.7966411113739
[22:07:27] PHASE turn=5 speaker=Agent A phase=TTS duration_sec=1.983377
[22:07:27] PHASE turn=5 speaker=Agent A phase=ASR duration_sec=11.822128
[22:07:27] SYSTEM telemetry.speech
[22:07:27] SYSTEM telemetry.timing
[22:07:27] TIMING turn=5 speaker=Agent A generation=198.796641 synthesis=1.983377 audio=6.597 recognition=11.822128 understanding=None dialogue_management=None pipeline_wall=13.806223 turn_observed=212.602987
[22:07:27] MEMORY turn=5 reason=agent_a_reply changed=Agent A,Agent B
[22:07:27] STEP turn=None speaker=Agent A route_valid=- route_goal=- route=-
[22:13:08] PHASE turn=6 speaker=Agent B phase=NLG duration_sec=318.61030983924866
[22:13:08] PHASE turn=6 speaker=Agent B phase=TTS duration_sec=4.025308
[22:13:08] PHASE turn=6 speaker=Agent B phase=ASR duration_sec=17.973749
[22:13:08] SYSTEM telemetry.speech
[22:13:08] SYSTEM telemetry.timing
[22:13:08] MEMORY turn=6 reason=agent_b_reply changed=Agent A,Agent B
[22:13:08] STEP turn=None speaker=Agent B route_valid=- route_goal=- route=-
[22:13:08] PHASE turn=6 speaker=Agent B phase=NLU duration_sec=0.004424
[22:13:08] SYSTEM telemetry.nlu
[22:13:08] SYSTEM candidate
[22:13:08] PHASE turn=6 speaker=Agent B phase=DM duration_sec=0.01025427971035242
[22:13:08] TIMING turn=6 speaker=Agent B generation=318.61031 synthesis=4.025308 audio=14.019 recognition=17.973749 understanding=0.004424 dialogue_management=0.010254 pipeline_wall=21.999782 turn_observed=340.624884
[22:13:20] PHASE turn=7 speaker=Agent A phase=NLG duration_sec=0.003707408905029297
[22:13:20] PHASE turn=7 speaker=Agent A phase=TTS duration_sec=1.448859
[22:13:20] PHASE turn=7 speaker=Agent A phase=ASR duration_sec=10.437497
[22:13:20] SYSTEM telemetry.speech
[22:13:20] SYSTEM telemetry.timing
[22:13:20] TIMING turn=7 speaker=Agent A generation=0.003707 synthesis=1.448859 audio=3.87 recognition=10.437497 understanding=None dialogue_management=None pipeline_wall=11.886889 turn_observed=11.890681
[22:13:20] MEMORY turn=7 reason=agent_a_reply changed=Agent A,Agent B
[22:13:20] STEP turn=None speaker=Agent A route_valid=- route_goal=- route=-
[22:13:31] PHASE turn=8 speaker=Agent B phase=NLG duration_sec=0.37638354301452637
[22:13:31] PHASE turn=8 speaker=Agent B phase=TTS duration_sec=1.176956
[22:13:31] PHASE turn=8 speaker=Agent B phase=ASR duration_sec=9.463237
[22:13:31] SYSTEM telemetry.speech
[22:13:31] SYSTEM telemetry.timing
[22:13:31] MEMORY turn=8 reason=agent_b_reply changed=Agent A,Agent B
[22:13:31] STEP turn=None speaker=Agent B route_valid=- route_goal=- route=-
[22:13:31] PHASE turn=8 speaker=Agent B phase=NLU duration_sec=1.6e-05
[22:13:31] PHASE turn=8 speaker=Agent B phase=DM duration_sec=0.00011835992336273193
[22:13:31] TIMING turn=8 speaker=Agent B generation=0.376384 synthesis=1.176956 audio=2.276 recognition=9.463237 understanding=1.6e-05 dialogue_management=0.000118 pipeline_wall=10.640686 turn_observed=11.017273
[22:17:17] PHASE turn=9 speaker=Agent A phase=NLG duration_sec=212.09797835350037
[22:17:17] PHASE turn=9 speaker=Agent A phase=TTS duration_sec=2.006589
[22:17:17] PHASE turn=9 speaker=Agent A phase=ASR duration_sec=11.996761
[22:17:17] SYSTEM telemetry.speech
[22:17:17] SYSTEM telemetry.timing
[22:17:17] TIMING turn=9 speaker=Agent A generation=212.097978 synthesis=2.006589 audio=6.597 recognition=11.996761 understanding=None dialogue_management=None pipeline_wall=14.004079 turn_observed=226.102145
[22:17:17] MEMORY turn=9 reason=agent_a_reply changed=Agent A,Agent B
[22:17:17] STEP turn=None speaker=Agent A route_valid=- route_goal=- route=-
[22:23:11] PHASE turn=10 speaker=Agent B phase=NLG duration_sec=332.0467052459717
[22:23:11] PHASE turn=10 speaker=Agent B phase=TTS duration_sec=3.948702
[22:23:11] PHASE turn=10 speaker=Agent B phase=ASR duration_sec=17.637551
[22:23:11] SYSTEM telemetry.speech
[22:23:11] SYSTEM telemetry.timing
[22:23:11] MEMORY turn=10 reason=agent_b_reply changed=Agent A,Agent B
[22:23:11] STEP turn=None speaker=Agent B route_valid=- route_goal=- route=-
[22:23:11] PHASE turn=10 speaker=Agent B phase=NLU duration_sec=0.004628
[22:23:11] SYSTEM telemetry.nlu
[22:23:11] SYSTEM candidate
[22:23:11] PHASE turn=10 speaker=Agent B phase=DM duration_sec=0.012792707420885563
[22:23:11] TIMING turn=10 speaker=Agent B generation=332.046705 synthesis=3.948702 audio=14.461 recognition=17.637551 understanding=0.004628 dialogue_management=0.012793 pipeline_wall=21.587074 turn_observed=353.651285
[22:27:14] PHASE turn=11 speaker=Agent A phase=NLG duration_sec=230.1025722026825
[22:27:14] PHASE turn=11 speaker=Agent A phase=TTS duration_sec=1.49302
[22:27:14] PHASE turn=11 speaker=Agent A phase=ASR duration_sec=11.375413
[22:27:14] SYSTEM telemetry.speech
[22:27:14] SYSTEM telemetry.timing
[22:27:14] TIMING turn=11 speaker=Agent A generation=230.102572 synthesis=1.49302 audio=5.361 recognition=11.375413 understanding=None dialogue_management=None pipeline_wall=12.869111 turn_observed=242.971767
[22:27:14] MEMORY turn=11 reason=agent_a_reply changed=Agent A,Agent B
[22:27:14] STEP turn=None speaker=Agent A route_valid=- route_goal=- route=-
[22:27:14] SYSTEM metrics
[22:27:14] SYSTEM done
[22:27:14] SEGMENT batch.condition.end status=ok duration=2321.647039 seconds
[22:27:14] SESSION END batch-C-AC-RAN-CLEAN-PIP-FWH-MP3M4-PAP-MED-I0-f76088615d-A
