=== batch-c-mpcc-dst-clean-pip-vos-qq515-defau-med-i0-b415c86f28-t-20260713-072535.log | sha256=cfcc782b4f4fdd0076ecf372a687ec5dd44d2ea477af7bd032d563ff89b779dd ===
[07:25:35] SESSION START batch-C-MPCC-DST-CLEAN-PIP-VOS-QQ515-DEFAU-MED-I0-b415c86f28-T
[07:25:35] SEGMENT batch.condition.start status=ok duration=None seconds
[07:25:35] SYSTEM timer.start
[07:25:36] PHASE turn=1 speaker=Agent A phase=NLG duration_sec=0.0
[07:25:36] PHASE turn=1 speaker=Agent A phase=TTS duration_sec=1.01399
[07:25:36] PHASE turn=1 speaker=Agent A phase=ASR duration_sec=0.048756
[07:25:36] SYSTEM telemetry.speech
[07:25:36] MEMORY turn=1 reason=opening changed=Agent A,Agent B
[07:25:36] STEP turn=None speaker=Agent A route_valid=- route_goal=- route=-
[07:25:36] SYSTEM telemetry.timing
[07:25:36] TIMING turn=1 speaker=Agent A generation=0.0 synthesis=1.01399 audio=11.463 recognition=0.048756 understanding=None dialogue_management=None pipeline_wall=1.063929 turn_observed=11.463
[07:26:10] PHASE turn=2 speaker=Agent B phase=NLG duration_sec=32.993709087371826
[07:26:10] PHASE turn=2 speaker=Agent B phase=TTS duration_sec=1.641096
[07:26:10] PHASE turn=2 speaker=Agent B phase=ASR duration_sec=0.027779
[07:26:10] SYSTEM telemetry.speech
[07:26:10] SYSTEM telemetry.timing
[07:26:10] MEMORY turn=2 reason=agent_b_reply changed=Agent A,Agent B
[07:26:10] STEP turn=None speaker=Agent B route_valid=- route_goal=- route=-
[07:26:10] PHASE turn=2 speaker=Agent B phase=NLU duration_sec=0.001643
[07:26:10] SYSTEM telemetry.nlu
[07:26:10] SYSTEM route
[07:26:10] SYSTEM candidate
[07:26:10] PHASE turn=2 speaker=Agent B phase=DM duration_sec=0.0064629181288182735
[07:26:10] TIMING turn=2 speaker=Agent B generation=32.993709 synthesis=1.641096 audio=9.03 recognition=0.027779 understanding=0.001643 dialogue_management=0.006463 pipeline_wall=1.669463 turn_observed=42.031815
[07:27:03] PHASE turn=3 speaker=Agent A phase=NLG duration_sec=51.003745794296265
[07:27:03] PHASE turn=3 speaker=Agent A phase=TTS duration_sec=1.077853
[07:27:03] PHASE turn=3 speaker=Agent A phase=ASR duration_sec=0.025346
[07:27:03] SYSTEM telemetry.speech
[07:27:03] SYSTEM telemetry.timing
[07:27:03] TIMING turn=3 speaker=Agent A generation=51.003746 synthesis=1.077853 audio=6.143 recognition=0.025346 understanding=None dialogue_management=None pipeline_wall=1.103689 turn_observed=57.146746
[07:27:03] MEMORY turn=3 reason=agent_a_reply changed=Agent A,Agent B
[07:27:03] STEP turn=None speaker=Agent A route_valid=- route_goal=- route=-
[07:27:34] PHASE turn=4 speaker=Agent B phase=NLG duration_sec=28.4568989276886
[07:27:34] PHASE turn=4 speaker=Agent B phase=TTS duration_sec=2.613115
[07:27:34] PHASE turn=4 speaker=Agent B phase=ASR duration_sec=0.044491
[07:27:34] SYSTEM telemetry.speech
[07:27:34] SYSTEM telemetry.timing
[07:27:34] MEMORY turn=4 reason=agent_b_reply changed=Agent A,Agent B
[07:27:34] STEP turn=None speaker=Agent B route_valid=- route_goal=- route=-
[07:27:34] PHASE turn=4 speaker=Agent B phase=NLU duration_sec=0.00292
[07:27:34] SYSTEM telemetry.nlu
[07:27:34] SYSTEM candidate
[07:27:34] PHASE turn=4 speaker=Agent B phase=DM duration_sec=0.009997447021305561
[07:27:34] TIMING turn=4 speaker=Agent B generation=28.456899 synthesis=2.613115 audio=14.461 recognition=0.044491 understanding=0.00292 dialogue_management=0.009997 pipeline_wall=2.65833 turn_observed=42.930816
[07:28:30] PHASE turn=5 speaker=Agent A phase=NLG duration_sec=55.514097452163696
[07:28:30] PHASE turn=5 speaker=Agent A phase=TTS duration_sec=1.16421
[07:28:30] PHASE turn=5 speaker=Agent A phase=ASR duration_sec=0.035795
[07:28:30] SYSTEM telemetry.speech
[07:28:30] SYSTEM telemetry.timing
[07:28:30] TIMING turn=5 speaker=Agent A generation=55.514097 synthesis=1.16421 audio=6.597 recognition=0.035795 understanding=None dialogue_management=None pipeline_wall=1.200718 turn_observed=62.111097
[07:28:30] MEMORY turn=5 reason=agent_a_reply changed=Agent A,Agent B
[07:28:30] STEP turn=None speaker=Agent A route_valid=- route_goal=- route=-
[07:29:04] PHASE turn=6 speaker=Agent B phase=NLG duration_sec=31.551411867141724
[07:29:04] PHASE turn=6 speaker=Agent B phase=TTS duration_sec=2.009681
[07:29:04] PHASE turn=6 speaker=Agent B phase=ASR duration_sec=0.038736
[07:29:04] SYSTEM telemetry.speech
[07:29:04] SYSTEM telemetry.timing
[07:29:04] MEMORY turn=6 reason=agent_b_reply changed=Agent A,Agent B
[07:29:04] STEP turn=None speaker=Agent B route_valid=- route_goal=- route=-
[07:29:04] PHASE turn=6 speaker=Agent B phase=NLU duration_sec=0.002874
[07:29:04] SYSTEM telemetry.nlu
[07:29:04] SYSTEM candidate
[07:29:04] PHASE turn=6 speaker=Agent B phase=DM duration_sec=0.008832543855533004
[07:29:04] TIMING turn=6 speaker=Agent B generation=31.551412 synthesis=2.009681 audio=11.125 recognition=0.038736 understanding=0.002874 dialogue_management=0.008833 pipeline_wall=2.049146 turn_observed=42.688119
[07:29:05] PHASE turn=7 speaker=Agent A phase=NLG duration_sec=0.004682064056396484
[07:29:05] PHASE turn=7 speaker=Agent A phase=TTS duration_sec=0.678164
[07:29:05] PHASE turn=7 speaker=Agent A phase=ASR duration_sec=0.013448
[07:29:05] SYSTEM telemetry.speech
[07:29:05] SYSTEM telemetry.timing
[07:29:05] TIMING turn=7 speaker=Agent A generation=0.004682 synthesis=0.678164 audio=3.87 recognition=0.013448 understanding=None dialogue_management=None pipeline_wall=0.692031 turn_observed=3.874682
[07:29:05] MEMORY turn=7 reason=agent_a_reply changed=Agent A,Agent B
[07:29:05] STEP turn=None speaker=Agent A route_valid=- route_goal=- route=-
[07:29:06] PHASE turn=8 speaker=Agent B phase=NLG duration_sec=0.3724327087402344
[07:29:06] PHASE turn=8 speaker=Agent B phase=TTS duration_sec=0.436262
[07:29:06] PHASE turn=8 speaker=Agent B phase=ASR duration_sec=0.006539
[07:29:06] SYSTEM telemetry.speech
[07:29:06] SYSTEM telemetry.timing
[07:29:06] MEMORY turn=8 reason=agent_b_reply changed=Agent A,Agent B
[07:29:06] STEP turn=None speaker=Agent B route_valid=- route_goal=- route=-
[07:29:06] PHASE turn=8 speaker=Agent B phase=NLU duration_sec=1.2e-05
[07:29:06] PHASE turn=8 speaker=Agent B phase=DM duration_sec=0.00012512411922216415
[07:29:06] TIMING turn=8 speaker=Agent B generation=0.372433 synthesis=0.436262 audio=2.276 recognition=0.006539 understanding=1.2e-05 dialogue_management=0.000125 pipeline_wall=0.443188 turn_observed=2.64857
[07:30:05] PHASE turn=9 speaker=Agent A phase=NLG duration_sec=57.80249381065369
[07:30:05] PHASE turn=9 speaker=Agent A phase=TTS duration_sec=1.160553
[07:30:05] PHASE turn=9 speaker=Agent A phase=ASR duration_sec=0.032606
[07:30:05] SYSTEM telemetry.speech
[07:30:05] SYSTEM telemetry.timing
[07:30:05] TIMING turn=9 speaker=Agent A generation=57.802494 synthesis=1.160553 audio=6.597 recognition=0.032606 understanding=None dialogue_management=None pipeline_wall=1.19379 turn_observed=64.399494
[07:30:05] MEMORY turn=9 reason=agent_a_reply changed=Agent A,Agent B
[07:30:05] STEP turn=None speaker=Agent A route_valid=- route_goal=- route=-
[07:30:41] PHASE turn=10 speaker=Agent B phase=NLG duration_sec=33.121376037597656
[07:30:41] PHASE turn=10 speaker=Agent B phase=TTS duration_sec=3.197983
[07:30:41] PHASE turn=10 speaker=Agent B phase=ASR duration_sec=0.051499
[07:30:41] SYSTEM telemetry.speech
[07:30:41] SYSTEM telemetry.timing
[07:30:41] MEMORY turn=10 reason=agent_b_reply changed=Agent A,Agent B
[07:30:41] STEP turn=None speaker=Agent B route_valid=- route_goal=- route=-
[07:30:41] PHASE turn=10 speaker=Agent B phase=NLU duration_sec=0.008512
[07:30:41] SYSTEM telemetry.nlu
[07:30:41] SYSTEM candidate
[07:30:41] PHASE turn=10 speaker=Agent B phase=DM duration_sec=0.012749607907608151
[07:30:41] TIMING turn=10 speaker=Agent B generation=33.121376 synthesis=3.197983 audio=17.796 recognition=0.051499 understanding=0.008512 dialogue_management=0.01275 pipeline_wall=3.250192 turn_observed=50.938638
[07:31:49] PHASE turn=11 speaker=Agent A phase=NLG duration_sec=66.05011248588562
[07:31:49] PHASE turn=11 speaker=Agent A phase=TTS duration_sec=1.6864
[07:31:49] PHASE turn=11 speaker=Agent A phase=ASR duration_sec=0.023009
[07:31:49] SYSTEM telemetry.speech
[07:31:49] SYSTEM telemetry.timing
[07:31:49] TIMING turn=11 speaker=Agent A generation=66.050112 synthesis=1.6864 audio=9.452 recognition=0.023009 understanding=None dialogue_management=None pipeline_wall=1.710167 turn_observed=75.502112
[07:31:49] MEMORY turn=11 reason=agent_a_reply changed=Agent A,Agent B
[07:31:49] STEP turn=None speaker=Agent A route_valid=- route_goal=- route=-
[07:31:49] SYSTEM metrics
[07:31:49] SYSTEM done
[07:31:49] SEGMENT batch.condition.end status=ok duration=374.295251 seconds
[07:31:49] SESSION END batch-C-MPCC-DST-CLEAN-PIP-VOS-QQ515-DEFAU-MED-I0-b415c86f28-T
