=== batch-c-mde-dst-hesit-pip-fwh-qq57i-pap-lrg-i0-83294e7e15-t-20260713-132351.log | sha256=ff83f3402e638847bd4781cea4e627e3ecc4c77e6be5728777b61e12a28b7a2f ===
[13:23:51] SESSION START batch-C-MDE-DST-HESIT-PIP-FWH-QQ57I-PAP-LRG-I0-83294e7e15-T
[13:23:51] SEGMENT batch.condition.start status=ok duration=None seconds
[13:23:51] SYSTEM timer.start
[13:23:51] PHASE turn=1 speaker=Agent A phase=NLG duration_sec=0.0
[13:23:51] PHASE turn=1 speaker=Agent A phase=TTS duration_sec=0.634116
[13:23:51] PHASE turn=1 speaker=Agent A phase=ASR duration_sec=0.02681
[13:23:51] SYSTEM telemetry.speech
[13:23:51] MEMORY turn=1 reason=opening changed=Agent A,Agent B
[13:23:51] STEP turn=None speaker=Agent A route_valid=- route_goal=- route=-
[13:23:51] SYSTEM telemetry.timing
[13:23:51] TIMING turn=1 speaker=Agent A generation=0.0 synthesis=0.634116 audio=12.786 recognition=0.02681 understanding=None dialogue_management=None pipeline_wall=0.661529 turn_observed=12.786
[13:24:50] PHASE turn=2 speaker=Agent B phase=NLG duration_sec=57.54311275482178
[13:24:50] PHASE turn=2 speaker=Agent B phase=TTS duration_sec=0.671788
[13:24:50] PHASE turn=2 speaker=Agent B phase=ASR duration_sec=0.018438
[13:24:50] SYSTEM telemetry.speech
[13:24:50] SYSTEM telemetry.timing
[13:24:50] MEMORY turn=2 reason=agent_b_reply changed=Agent A,Agent B
[13:24:50] STEP turn=None speaker=Agent B route_valid=- route_goal=- route=-
[13:24:50] PHASE turn=2 speaker=Agent B phase=NLU duration_sec=0.003918
[13:24:50] SYSTEM telemetry.nlu
[13:24:50] SYSTEM route
[13:24:50] SYSTEM candidate
[13:24:50] PHASE turn=2 speaker=Agent B phase=DM duration_sec=0.0038122041150927544
[13:24:50] TIMING turn=2 speaker=Agent B generation=57.543113 synthesis=0.671788 audio=7.257 recognition=0.018438 understanding=0.003918 dialogue_management=0.003812 pipeline_wall=0.690581 turn_observed=64.807843
[13:24:50] PHASE turn=3 speaker=Agent A phase=NLG duration_sec=0.010803937911987305
[13:24:50] PHASE turn=3 speaker=Agent A phase=TTS duration_sec=0.606266
[13:24:50] PHASE turn=3 speaker=Agent A phase=ASR duration_sec=0.01935
[13:24:50] SYSTEM telemetry.speech
[13:24:50] SYSTEM telemetry.timing
[13:24:50] TIMING turn=3 speaker=Agent A generation=0.010804 synthesis=0.606266 audio=6.492 recognition=0.01935 understanding=None dialogue_management=None pipeline_wall=0.625863 turn_observed=6.502804
[13:24:50] MEMORY turn=3 reason=agent_a_reply changed=Agent A,Agent B
[13:24:50] STEP turn=None speaker=Agent A route_valid=- route_goal=- route=-
[13:25:46] PHASE turn=4 speaker=Agent B phase=NLG duration_sec=55.558350563049316
[13:25:46] PHASE turn=4 speaker=Agent B phase=TTS duration_sec=0.595548
[13:25:46] PHASE turn=4 speaker=Agent B phase=ASR duration_sec=0.020688
[13:25:46] SYSTEM telemetry.speech
[13:25:46] SYSTEM telemetry.timing
[13:25:47] MEMORY turn=4 reason=agent_b_reply changed=Agent A,Agent B
[13:25:47] STEP turn=None speaker=Agent B route_valid=- route_goal=- route=-
[13:25:47] PHASE turn=4 speaker=Agent B phase=NLU duration_sec=0.000405
[13:25:47] SYSTEM telemetry.nlu
[13:25:47] PHASE turn=4 speaker=Agent B phase=DM duration_sec=8.427002467215061e-05
[13:25:47] TIMING turn=4 speaker=Agent B generation=55.558351 synthesis=0.595548 audio=6.381 recognition=0.020688 understanding=0.000405 dialogue_management=8.4e-05 pipeline_wall=0.616611 turn_observed=61.93984
[13:25:47] PHASE turn=5 speaker=Agent A phase=NLG duration_sec=0.02612161636352539
[13:25:47] PHASE turn=5 speaker=Agent A phase=TTS duration_sec=0.239664
[13:25:47] PHASE turn=5 speaker=Agent A phase=ASR duration_sec=0.006018
[13:25:47] SYSTEM telemetry.speech
[13:25:47] SYSTEM telemetry.timing
[13:25:47] TIMING turn=5 speaker=Agent A generation=0.026122 synthesis=0.239664 audio=2.702 recognition=0.006018 understanding=None dialogue_management=None pipeline_wall=0.245858 turn_observed=2.728122
[13:25:47] MEMORY turn=5 reason=agent_a_reply changed=Agent A,Agent B
[13:25:47] STEP turn=None speaker=Agent A route_valid=- route_goal=- route=-
[13:25:47] PHASE turn=6 speaker=Agent B phase=NLG duration_sec=0.18280696868896484
[13:25:47] PHASE turn=6 speaker=Agent B phase=TTS duration_sec=0.257459
[13:25:47] PHASE turn=6 speaker=Agent B phase=ASR duration_sec=0.004218
[13:25:47] SYSTEM telemetry.speech
[13:25:47] SYSTEM telemetry.timing
[13:25:47] MEMORY turn=6 reason=agent_b_reply changed=Agent A,Agent B
[13:25:47] STEP turn=None speaker=Agent B route_valid=- route_goal=- route=-
[13:25:47] PHASE turn=6 speaker=Agent B phase=NLU duration_sec=8e-06
[13:25:47] PHASE turn=6 speaker=Agent B phase=DM duration_sec=6.20188657194376e-05
[13:25:47] TIMING turn=6 speaker=Agent B generation=0.182807 synthesis=0.257459 audio=2.588 recognition=0.004218 understanding=8e-06 dialogue_management=6.2e-05 pipeline_wall=0.261847 turn_observed=2.770877
[13:25:48] PHASE turn=7 speaker=Agent A phase=NLG duration_sec=0.005908012390136719
[13:25:48] PHASE turn=7 speaker=Agent A phase=TTS duration_sec=0.570719
[13:25:48] PHASE turn=7 speaker=Agent A phase=ASR duration_sec=0.017853
[13:25:48] SYSTEM telemetry.speech
[13:25:48] SYSTEM telemetry.timing
[13:25:48] TIMING turn=7 speaker=Agent A generation=0.005908 synthesis=0.570719 audio=6.055 recognition=0.017853 understanding=None dialogue_management=None pipeline_wall=0.588797 turn_observed=6.060908
[13:25:48] MEMORY turn=7 reason=agent_a_reply changed=Agent A,Agent B
[13:25:48] STEP turn=None speaker=Agent A route_valid=- route_goal=- route=-
[13:25:48] PHASE turn=8 speaker=Agent B phase=NLG duration_sec=0.00043201446533203125
[13:25:48] PHASE turn=8 speaker=Agent B phase=TTS duration_sec=0.319725
[13:25:48] PHASE turn=8 speaker=Agent B phase=ASR duration_sec=0.007899
[13:25:48] SYSTEM telemetry.speech
[13:25:48] SYSTEM telemetry.timing
[13:25:48] MEMORY turn=8 reason=agent_b_reply changed=Agent A,Agent B
[13:25:48] STEP turn=None speaker=Agent B route_valid=- route_goal=- route=-
[13:25:48] PHASE turn=8 speaker=Agent B phase=NLU duration_sec=8e-06
[13:25:48] PHASE turn=8 speaker=Agent B phase=DM duration_sec=5.24190254509449e-05
[13:25:48] TIMING turn=8 speaker=Agent B generation=0.000432 synthesis=0.319725 audio=3.255 recognition=0.007899 understanding=8e-06 dialogue_management=5.2e-05 pipeline_wall=0.327783 turn_observed=3.255493
[13:25:49] PHASE turn=9 speaker=Agent A phase=NLG duration_sec=0.011622905731201172
[13:25:49] PHASE turn=9 speaker=Agent A phase=TTS duration_sec=0.502467
[13:25:49] PHASE turn=9 speaker=Agent A phase=ASR duration_sec=0.014648
[13:25:49] SYSTEM telemetry.speech
[13:25:49] SYSTEM telemetry.timing
[13:25:49] TIMING turn=9 speaker=Agent A generation=0.011623 synthesis=0.502467 audio=5.487 recognition=0.014648 understanding=None dialogue_management=None pipeline_wall=0.5173 turn_observed=5.498623
[13:25:49] MEMORY turn=9 reason=agent_a_reply changed=Agent A,Agent B
[13:25:49] STEP turn=None speaker=Agent A route_valid=- route_goal=- route=-
[13:26:50] PHASE turn=10 speaker=Agent B phase=NLG duration_sec=60.31462788581848
[13:26:50] PHASE turn=10 speaker=Agent B phase=TTS duration_sec=0.596303
[13:26:50] PHASE turn=10 speaker=Agent B phase=ASR duration_sec=0.022419
[13:26:50] SYSTEM telemetry.speech
[13:26:50] SYSTEM telemetry.timing
[13:26:50] MEMORY turn=10 reason=agent_b_reply changed=Agent A,Agent B
[13:26:50] STEP turn=None speaker=Agent B route_valid=- route_goal=- route=-
[13:26:50] PHASE turn=10 speaker=Agent B phase=NLU duration_sec=0.000411
[13:26:50] SYSTEM telemetry.nlu
[13:26:50] PHASE turn=10 speaker=Agent B phase=DM duration_sec=8.678901940584183e-05
[13:26:50] TIMING turn=10 speaker=Agent B generation=60.314628 synthesis=0.596303 audio=6.381 recognition=0.022419 understanding=0.000411 dialogue_management=8.7e-05 pipeline_wall=0.619056 turn_observed=66.696126
[13:26:50] PHASE turn=11 speaker=Agent A phase=NLG duration_sec=0.02830982208251953
[13:26:50] PHASE turn=11 speaker=Agent A phase=TTS duration_sec=0.61953
[13:26:50] PHASE turn=11 speaker=Agent A phase=ASR duration_sec=0.018422
[13:26:50] SYSTEM telemetry.speech
[13:26:50] SYSTEM telemetry.timing
[13:26:50] TIMING turn=11 speaker=Agent A generation=0.02831 synthesis=0.61953 audio=6.854 recognition=0.018422 understanding=None dialogue_management=None pipeline_wall=0.638153 turn_observed=6.88231
[13:26:50] MEMORY turn=11 reason=agent_a_reply changed=Agent A,Agent B
[13:26:50] STEP turn=None speaker=Agent A route_valid=- route_goal=- route=-
[13:27:53] PHASE turn=12 speaker=Agent B phase=NLG duration_sec=62.27119994163513
[13:27:53] PHASE turn=12 speaker=Agent B phase=TTS duration_sec=0.542882
[13:27:53] PHASE turn=12 speaker=Agent B phase=ASR duration_sec=0.019957
[13:27:53] SYSTEM telemetry.speech
[13:27:53] SYSTEM telemetry.timing
[13:27:53] MEMORY turn=12 reason=agent_b_reply changed=Agent A
[13:27:53] STEP turn=None speaker=Agent B route_valid=- route_goal=- route=-
[13:27:53] PHASE turn=12 speaker=Agent B phase=NLU duration_sec=0.000412
[13:27:53] SYSTEM telemetry.nlu
[13:27:53] PHASE turn=12 speaker=Agent B phase=DM duration_sec=8.048908784985542e-05
[13:27:53] TIMING turn=12 speaker=Agent B generation=62.2712 synthesis=0.542882 audio=5.893 recognition=0.019957 understanding=0.000412 dialogue_management=8e-05 pipeline_wall=0.563176 turn_observed=68.164693
[13:27:54] PHASE turn=13 speaker=Agent A phase=NLG duration_sec=0.025309324264526367
[13:27:54] PHASE turn=13 speaker=Agent A phase=TTS duration_sec=0.611934
[13:27:54] PHASE turn=13 speaker=Agent A phase=ASR duration_sec=0.018868
[13:27:54] SYSTEM telemetry.speech
[13:27:54] SYSTEM telemetry.timing
[13:27:54] TIMING turn=13 speaker=Agent A generation=0.025309 synthesis=0.611934 audio=6.565 recognition=0.018868 understanding=None dialogue_management=None pipeline_wall=0.631002 turn_observed=6.590309
[13:27:54] MEMORY turn=13 reason=agent_a_reply changed=Agent A,Agent B
[13:27:54] STEP turn=None speaker=Agent A route_valid=- route_goal=- route=-
[13:27:54] SYSTEM metrics
[13:27:54] SYSTEM done
[13:27:54] SEGMENT batch.condition.end status=ok duration=243.21499 seconds
[13:27:54] SESSION END batch-C-MDE-DST-HESIT-PIP-FWH-QQ57I-PAP-LRG-I0-83294e7e15-T
